Parent process ID: 12244 node: 172.31.28.236
2 per stage
16 servers!
Config:
ranks: range(12, 13)
train batch size: 1024
partitions: 8
chunk_size: 8
data depth: 2
stage to rank map: 0,8;1,9;2,10;3,11;4,12;5,13;6,14;7,15;
World size is 16
/opt/conda/envs/varuna/bin/python -u /home/ubuntu/varuna_examples/DeepLearningExamples/PyTorch/LanguageModeling/BERT/run_pretraining.py --rank=12 --chunk_size=8 --local_rank=0 --stage_to_rank_map=0,8;1,9;2,10;3,11;4,12;5,13;6,14;7,15; --batch-size=512 --input_dir=/hdf5_lower_case_1_seq_len_128_max_pred_20_masked_lm_prob_0.15_random_seed_12345_dupe_factor_5/wikicorpus_en/ --output_dir=s3://spot-checkpoints/bert --config_file=bert_config.json --bert_model=bert-large-uncased --train_batch_size=1024 --max_seq_length=128 --max_predictions_per_seq=20 --max_steps=7038 --warmup_proportion=0.2843 --num_steps_per_checkpoint=200 --learning_rate=6e-3 --seed=12439 --fp16 --gradient_accumulation_steps=128 --allreduce_post_accumulation --allreduce_post_accumulation_fp16 --do_train --json-summary /home/ubuntu/varuna_examples/DeepLearningExamples/PyTorch/LanguageModeling/BERT/results/dllogger.json --varuna
device: cuda:0 n_gpu: 1, distributed training: True, 16-bits training: True
dry run time 0.12202930450439453
SHARED WEIGHTS ARE
[(0, 7)]
this rank  12 is part of pipeline replica  1
64 chunks
Finished iteration 0, CKPT_AND_STOP: False, flag: tensor([0], dtype=torch.int32), speed: 10680.928
Finished iteration 1, CKPT_AND_STOP: False, flag: tensor([0], dtype=torch.int32), speed: 5486.814
Finished iteration 2, CKPT_AND_STOP: False, flag: tensor([0], dtype=torch.int32), speed: 5495.647
Finished iteration 3, CKPT_AND_STOP: False, flag: tensor([0], dtype=torch.int32), speed: 5625.709
Finished iteration 4, CKPT_AND_STOP: False, flag: tensor([0], dtype=torch.int32), speed: 5426.664
Finished iteration 5, CKPT_AND_STOP: False, flag: tensor([0], dtype=torch.int32), speed: 4378.659
Finished iteration 6, CKPT_AND_STOP: False, flag: tensor([0], dtype=torch.int32), speed: 4498.463
Finished iteration 7, CKPT_AND_STOP: False, flag: tensor([0], dtype=torch.int32), speed: 4508.077
Finished iteration 8, CKPT_AND_STOP: False, flag: tensor([0], dtype=torch.int32), speed: 4371.499
Finished iteration 9, CKPT_AND_STOP: False, flag: tensor([0], dtype=torch.int32), speed: 4524.853
Finished iteration 10, CKPT_AND_STOP: False, flag: tensor([0], dtype=torch.int32), speed: 4216.477
Finished iteration 11, CKPT_AND_STOP: False, flag: tensor([0], dtype=torch.int32), speed: 4438.283
12 : update_scale(): _has_overflow, dynamic. _loss_scale =  524288.0
Finished iteration 12, CKPT_AND_STOP: False, flag: tensor([0], dtype=torch.int32), speed: 4258.881
12 Overflow !!
12 : update_scale(): _has_overflow, dynamic. _loss_scale =  262144.0
Finished iteration 13, CKPT_AND_STOP: False, flag: tensor([0], dtype=torch.int32), speed: 4248.141
12 Overflow !!
12 : update_scale(): _has_overflow, dynamic. _loss_scale =  131072.0
Finished iteration 14, CKPT_AND_STOP: False, flag: tensor([0], dtype=torch.int32), speed: 4456.774
12 Overflow !!
12 : update_scale(): _has_overflow, dynamic. _loss_scale =  65536.0
Finished iteration 15, CKPT_AND_STOP: False, flag: tensor([0], dtype=torch.int32), speed: 4478.705
12 Overflow !!
12 : update_scale(): _has_overflow, dynamic. _loss_scale =  32768.0
Finished iteration 16, CKPT_AND_STOP: False, flag: tensor([0], dtype=torch.int32), speed: 4324.471
12 Overflow !!
12 : update_scale(): _has_overflow, dynamic. _loss_scale =  16384.0
Finished iteration 17, CKPT_AND_STOP: False, flag: tensor([0], dtype=torch.int32), speed: 4292.556
12 Overflow !!
12 : update_scale(): _has_overflow, dynamic. _loss_scale =  8192.0
Finished iteration 18, CKPT_AND_STOP: False, flag: tensor([0], dtype=torch.int32), speed: 4559.605
12 Overflow !!
12 : update_scale(): _has_overflow, dynamic. _loss_scale =  4096.0
Finished iteration 19, CKPT_AND_STOP: False, flag: tensor([0], dtype=torch.int32), speed: 5295.008
12 Overflow !!
12 : update_scale(): _has_overflow, dynamic. _loss_scale =  2048.0
Finished iteration 20, CKPT_AND_STOP: False, flag: tensor([0], dtype=torch.int32), speed: 4367.000
12 Overflow !!
12 : update_scale(): _has_overflow, dynamic. _loss_scale =  1024.0
Finished iteration 21, CKPT_AND_STOP: False, flag: tensor([0], dtype=torch.int32), speed: 4214.312
12 Overflow !!
12 : update_scale(): _has_overflow, dynamic. _loss_scale =  512.0
Finished iteration 22, CKPT_AND_STOP: False, flag: tensor([0], dtype=torch.int32), speed: 4415.948
12 Overflow !!
12 : update_scale(): _has_overflow, dynamic. _loss_scale =  256.0
Finished iteration 23, CKPT_AND_STOP: False, flag: tensor([0], dtype=torch.int32), speed: 4277.215
12 Overflow !!
12 : update_scale(): _has_overflow, dynamic. _loss_scale =  128.0
Finished iteration 24, CKPT_AND_STOP: False, flag: tensor([0], dtype=torch.int32), speed: 4388.831
12 Overflow !!
12 : update_scale(): _has_overflow, dynamic. _loss_scale =  64.0
Finished iteration 25, CKPT_AND_STOP: False, flag: tensor([0], dtype=torch.int32), speed: 4455.947
12 Overflow !!
12 : update_scale(): _has_overflow, dynamic. _loss_scale =  32.0
Finished iteration 26, CKPT_AND_STOP: False, flag: tensor([0], dtype=torch.int32), speed: 4322.637
12 Overflow !!
12 : update_scale(): _has_overflow, dynamic. _loss_scale =  16.0
Finished iteration 27, CKPT_AND_STOP: False, flag: tensor([0], dtype=torch.int32), speed: 4410.733
12 Overflow !!
12 : update_scale(): _has_overflow, dynamic. _loss_scale =  8.0
Finished iteration 28, CKPT_AND_STOP: False, flag: tensor([0], dtype=torch.int32), speed: 4561.689
12 Overflow !!
12 : update_scale(): _has_overflow, dynamic. _loss_scale =  4.0
Finished iteration 29, CKPT_AND_STOP: False, flag: tensor([0], dtype=torch.int32), speed: 4366.118
12 Overflow !!
12 : update_scale(): _has_overflow, dynamic. _loss_scale =  2.0
Finished iteration 30, CKPT_AND_STOP: False, flag: tensor([0], dtype=torch.int32), speed: 4358.478
12 Overflow !!
12 : update_scale(): _has_overflow, dynamic. _loss_scale =  1.0
Finished iteration 31, CKPT_AND_STOP: False, flag: tensor([0], dtype=torch.int32), speed: 4638.810
12 Overflow !!
12 : update_scale(): _has_overflow, dynamic. _loss_scale =  1.0
Finished iteration 32, CKPT_AND_STOP: False, flag: tensor([0], dtype=torch.int32), speed: 4257.974
12 Overflow !!
12 : update_scale(): _has_overflow, dynamic. _loss_scale =  1.0
Finished iteration 33, CKPT_AND_STOP: False, flag: tensor([0], dtype=torch.int32), speed: 4369.301
12 Overflow !!
12 : update_scale(): _has_overflow, dynamic. _loss_scale =  1.0
Finished iteration 34, CKPT_AND_STOP: False, flag: tensor([0], dtype=torch.int32), speed: 4832.195
12 Overflow !!
12 : update_scale(): _has_overflow, dynamic. _loss_scale =  1.0
Finished iteration 35, CKPT_AND_STOP: False, flag: tensor([0], dtype=torch.int32), speed: 4511.135
12 Overflow !!
12 : update_scale(): _has_overflow, dynamic. _loss_scale =  1.0
Finished iteration 36, CKPT_AND_STOP: False, flag: tensor([0], dtype=torch.int32), speed: 4521.161
12 Overflow !!
12 : update_scale(): _has_overflow, dynamic. _loss_scale =  1.0
Finished iteration 37, CKPT_AND_STOP: False, flag: tensor([0], dtype=torch.int32), speed: 4467.526
12 Overflow !!
12 : update_scale(): _has_overflow, dynamic. _loss_scale =  1.0
Finished iteration 38, CKPT_AND_STOP: False, flag: tensor([0], dtype=torch.int32), speed: 4348.950
12 Overflow !!
12 : update_scale(): _has_overflow, dynamic. _loss_scale =  1.0
Finished iteration 39, CKPT_AND_STOP: False, flag: tensor([0], dtype=torch.int32), speed: 4297.942
12 Overflow !!
12 : update_scale(): _has_overflow, dynamic. _loss_scale =  1.0
Finished iteration 40, CKPT_AND_STOP: False, flag: tensor([0], dtype=torch.int32), speed: 4337.171
12 Overflow !!
12 : update_scale(): _has_overflow, dynamic. _loss_scale =  1.0
Finished iteration 41, CKPT_AND_STOP: False, flag: tensor([0], dtype=torch.int32), speed: 4422.230
12 Overflow !!
12 : update_scale(): _has_overflow, dynamic. _loss_scale =  1.0
Finished iteration 42, CKPT_AND_STOP: False, flag: tensor([0], dtype=torch.int32), speed: 4362.656
12 Overflow !!
12 : update_scale(): _has_overflow, dynamic. _loss_scale =  1.0
Finished iteration 43, CKPT_AND_STOP: False, flag: tensor([0], dtype=torch.int32), speed: 4478.681
12 Overflow !!
12 : update_scale(): _has_overflow, dynamic. _loss_scale =  1.0
Finished iteration 44, CKPT_AND_STOP: False, flag: tensor([0], dtype=torch.int32), speed: 4374.718
12 Overflow !!
12 : update_scale(): _has_overflow, dynamic. _loss_scale =  1.0
Finished iteration 45, CKPT_AND_STOP: False, flag: tensor([0], dtype=torch.int32), speed: 4662.571
12 Overflow !!
12 : update_scale(): _has_overflow, dynamic. _loss_scale =  1.0
Finished iteration 46, CKPT_AND_STOP: False, flag: tensor([0], dtype=torch.int32), speed: 4395.832
12 Overflow !!
12 : update_scale(): _has_overflow, dynamic. _loss_scale =  1.0
Finished iteration 47, CKPT_AND_STOP: False, flag: tensor([3], dtype=torch.int32), speed: 4263.729
2022-11-23 14:43:19.361969 Begin to save checkpont to s3://spot-checkpoints/bert and exit
Opt ckpt time 3.5650827884674072
Signal handler called with signal 10


 STOPPING VARUNA !!



Rank 12 signal handler called with signal 10
Process done with return code 0
Parent process ID: 12835 node: 172.31.28.236
2 per stage
16 servers!
Config:
ranks: range(12, 13)
train batch size: 1024
partitions: 8
chunk_size: 8
data depth: 2
stage to rank map: 0,8;1,9;2,10;3,11;4,12;5,13;6,14;7,15;
World size is 16
/opt/conda/envs/varuna/bin/python -u /home/ubuntu/varuna_examples/DeepLearningExamples/PyTorch/LanguageModeling/BERT/run_pretraining.py --rank=12 --chunk_size=8 --local_rank=0 --stage_to_rank_map=0,8;1,9;2,10;3,11;4,12;5,13;6,14;7,15; --batch-size=512 --input_dir=/hdf5_lower_case_1_seq_len_128_max_pred_20_masked_lm_prob_0.15_random_seed_12345_dupe_factor_5/wikicorpus_en/ --output_dir=s3://spot-checkpoints/bert --config_file=bert_config.json --bert_model=bert-large-uncased --train_batch_size=1024 --max_seq_length=128 --max_predictions_per_seq=20 --max_steps=7038 --warmup_proportion=0.2843 --num_steps_per_checkpoint=200 --learning_rate=6e-3 --seed=12439 --fp16 --gradient_accumulation_steps=128 --allreduce_post_accumulation --allreduce_post_accumulation_fp16 --do_train --json-summary /home/ubuntu/varuna_examples/DeepLearningExamples/PyTorch/LanguageModeling/BERT/results/dllogger.json --varuna --resume_step 48
device: cuda:0 n_gpu: 1, distributed training: True, 16-bits training: True
dry run time 0.6184241771697998
SHARED WEIGHTS ARE
[(0, 7)]
this rank  12 is part of pipeline replica  1
64 chunks
Begin to load checkpint from s3://spot-checkpoints/bert/ckpt_48.pt
2022-11-23 14:43:47.749612 resume step from  48
2022-11-23 14:43:54.774769 - Finished loading checkpoint, takes 7013.808 secs
12 Overflow !!
12 : update_scale(): _has_overflow, dynamic. _loss_scale =  524288.0
Finished iteration 48, CKPT_AND_STOP: False, flag: tensor([0], dtype=torch.int32), speed: 15886.729
12 Overflow !!
12 : update_scale(): _has_overflow, dynamic. _loss_scale =  262144.0
Finished iteration 49, CKPT_AND_STOP: False, flag: tensor([0], dtype=torch.int32), speed: 5290.338
12 Overflow !!
12 : update_scale(): _has_overflow, dynamic. _loss_scale =  131072.0
Finished iteration 50, CKPT_AND_STOP: False, flag: tensor([0], dtype=torch.int32), speed: 5417.133
12 Overflow !!
12 : update_scale(): _has_overflow, dynamic. _loss_scale =  65536.0
Finished iteration 51, CKPT_AND_STOP: False, flag: tensor([0], dtype=torch.int32), speed: 5334.911
12 Overflow !!
12 : update_scale(): _has_overflow, dynamic. _loss_scale =  32768.0
Finished iteration 52, CKPT_AND_STOP: False, flag: tensor([0], dtype=torch.int32), speed: 5550.952
12 Overflow !!
12 : update_scale(): _has_overflow, dynamic. _loss_scale =  16384.0
Finished iteration 53, CKPT_AND_STOP: False, flag: tensor([0], dtype=torch.int32), speed: 4425.458
12 Overflow !!
12 : update_scale(): _has_overflow, dynamic. _loss_scale =  8192.0
Finished iteration 54, CKPT_AND_STOP: False, flag: tensor([0], dtype=torch.int32), speed: 5012.074
12 Overflow !!
12 : update_scale(): _has_overflow, dynamic. _loss_scale =  4096.0
Finished iteration 55, CKPT_AND_STOP: False, flag: tensor([0], dtype=torch.int32), speed: 4371.287
12 Overflow !!
12 : update_scale(): _has_overflow, dynamic. _loss_scale =  2048.0
Finished iteration 56, CKPT_AND_STOP: False, flag: tensor([0], dtype=torch.int32), speed: 4263.088
12 Overflow !!
12 : update_scale(): _has_overflow, dynamic. _loss_scale =  1024.0
Finished iteration 57, CKPT_AND_STOP: False, flag: tensor([0], dtype=torch.int32), speed: 4197.660
12 Overflow !!
12 : update_scale(): _has_overflow, dynamic. _loss_scale =  512.0
Finished iteration 58, CKPT_AND_STOP: False, flag: tensor([0], dtype=torch.int32), speed: 4202.538
12 Overflow !!
12 : update_scale(): _has_overflow, dynamic. _loss_scale =  256.0
Finished iteration 59, CKPT_AND_STOP: False, flag: tensor([0], dtype=torch.int32), speed: 4489.642
12 Overflow !!
12 : update_scale(): _has_overflow, dynamic. _loss_scale =  128.0
Finished iteration 60, CKPT_AND_STOP: False, flag: tensor([0], dtype=torch.int32), speed: 4358.315
12 Overflow !!
12 : update_scale(): _has_overflow, dynamic. _loss_scale =  64.0
Finished iteration 61, CKPT_AND_STOP: False, flag: tensor([0], dtype=torch.int32), speed: 4389.151
12 Overflow !!
12 : update_scale(): _has_overflow, dynamic. _loss_scale =  32.0
Finished iteration 62, CKPT_AND_STOP: False, flag: tensor([0], dtype=torch.int32), speed: 4735.187
12 Overflow !!
12 : update_scale(): _has_overflow, dynamic. _loss_scale =  16.0
Finished iteration 63, CKPT_AND_STOP: False, flag: tensor([5], dtype=torch.int32), speed: 4347.440
2022-11-23 14:45:21.083325 Begin to save checkpont to s3://spot-checkpoints/bert and exit
Opt ckpt time 3.796196937561035
Signal handler called with signal 10


 STOPPING VARUNA !!



Rank 12 signal handler called with signal 10
Process done with return code 0
Parent process ID: 13396 node: 172.31.28.236
2 per stage
16 servers!
Config:
ranks: range(12, 13)
train batch size: 1024
partitions: 8
chunk_size: 8
data depth: 2
stage to rank map: 0,8;1,9;2,10;3,11;4,12;5,13;6,14;7,15;
World size is 16
/opt/conda/envs/varuna/bin/python -u /home/ubuntu/varuna_examples/DeepLearningExamples/PyTorch/LanguageModeling/BERT/run_pretraining.py --rank=12 --chunk_size=8 --local_rank=0 --stage_to_rank_map=0,8;1,9;2,10;3,11;4,12;5,13;6,14;7,15; --batch-size=512 --input_dir=/hdf5_lower_case_1_seq_len_128_max_pred_20_masked_lm_prob_0.15_random_seed_12345_dupe_factor_5/wikicorpus_en/ --output_dir=s3://spot-checkpoints/bert --config_file=bert_config.json --bert_model=bert-large-uncased --train_batch_size=1024 --max_seq_length=128 --max_predictions_per_seq=20 --max_steps=7038 --warmup_proportion=0.2843 --num_steps_per_checkpoint=200 --learning_rate=6e-3 --seed=12439 --fp16 --gradient_accumulation_steps=128 --allreduce_post_accumulation --allreduce_post_accumulation_fp16 --do_train --json-summary /home/ubuntu/varuna_examples/DeepLearningExamples/PyTorch/LanguageModeling/BERT/results/dllogger.json --varuna --resume_step 64
device: cuda:0 n_gpu: 1, distributed training: True, 16-bits training: True
dry run time 0.23317646980285645
SHARED WEIGHTS ARE
[(0, 7)]
this rank  12 is part of pipeline replica  1
64 chunks
Begin to load checkpint from s3://spot-checkpoints/bert/ckpt_64.pt
2022-11-23 14:45:49.227023 resume step from  64
2022-11-23 14:45:56.154514 - Finished loading checkpoint, takes 6916.484 secs
12 Overflow !!
12 : update_scale(): _has_overflow, dynamic. _loss_scale =  524288.0
Finished iteration 64, CKPT_AND_STOP: False, flag: tensor([0], dtype=torch.int32), speed: 20633.473
12 Overflow !!
12 : update_scale(): _has_overflow, dynamic. _loss_scale =  262144.0
Finished iteration 65, CKPT_AND_STOP: False, flag: tensor([5], dtype=torch.int32), speed: 5802.495
2022-11-23 14:46:22.627178 Begin to save checkpont to s3://spot-checkpoints/bert and exit
Opt ckpt time 3.1062440872192383
Signal handler called with signal 10


 STOPPING VARUNA !!



Rank 12 signal handler called with signal 10
Process done with return code 0
Parent process ID: 13897 node: 172.31.28.236
2 per stage
16 servers!
Config:
ranks: range(12, 13)
train batch size: 1024
partitions: 8
chunk_size: 8
data depth: 2
stage to rank map: 0,8;1,9;2,10;3,11;4,12;5,13;6,14;7,15;
World size is 16
/opt/conda/envs/varuna/bin/python -u /home/ubuntu/varuna_examples/DeepLearningExamples/PyTorch/LanguageModeling/BERT/run_pretraining.py --rank=12 --chunk_size=8 --local_rank=0 --stage_to_rank_map=0,8;1,9;2,10;3,11;4,12;5,13;6,14;7,15; --batch-size=512 --input_dir=/hdf5_lower_case_1_seq_len_128_max_pred_20_masked_lm_prob_0.15_random_seed_12345_dupe_factor_5/wikicorpus_en/ --output_dir=s3://spot-checkpoints/bert --config_file=bert_config.json --bert_model=bert-large-uncased --train_batch_size=1024 --max_seq_length=128 --max_predictions_per_seq=20 --max_steps=7038 --warmup_proportion=0.2843 --num_steps_per_checkpoint=200 --learning_rate=6e-3 --seed=12439 --fp16 --gradient_accumulation_steps=128 --allreduce_post_accumulation --allreduce_post_accumulation_fp16 --do_train --json-summary /home/ubuntu/varuna_examples/DeepLearningExamples/PyTorch/LanguageModeling/BERT/results/dllogger.json --varuna --resume_step 66
device: cuda:0 n_gpu: 1, distributed training: True, 16-bits training: True
dry run time 0.1501319408416748
SHARED WEIGHTS ARE
[(0, 7)]
this rank  12 is part of pipeline replica  1
64 chunks
Begin to load checkpint from s3://spot-checkpoints/bert/ckpt_66.pt
2022-11-23 14:46:50.632561 resume step from  66
2022-11-23 14:46:57.594252 - Finished loading checkpoint, takes 6950.213 secs
12 Overflow !!
12 : update_scale(): _has_overflow, dynamic. _loss_scale =  524288.0
Finished iteration 66, CKPT_AND_STOP: False, flag: tensor([0], dtype=torch.int32), speed: 21263.598
12 Overflow !!
12 : update_scale(): _has_overflow, dynamic. _loss_scale =  262144.0
Finished iteration 67, CKPT_AND_STOP: False, flag: tensor([0], dtype=torch.int32), speed: 5467.547
12 Overflow !!
12 : update_scale(): _has_overflow, dynamic. _loss_scale =  131072.0
Finished iteration 68, CKPT_AND_STOP: False, flag: tensor([0], dtype=torch.int32), speed: 5709.052
12 Overflow !!
12 : update_scale(): _has_overflow, dynamic. _loss_scale =  65536.0
Finished iteration 69, CKPT_AND_STOP: False, flag: tensor([0], dtype=torch.int32), speed: 5755.672
12 Overflow !!
12 : update_scale(): _has_overflow, dynamic. _loss_scale =  32768.0
Finished iteration 70, CKPT_AND_STOP: False, flag: tensor([0], dtype=torch.int32), speed: 5467.724
12 Overflow !!
12 : update_scale(): _has_overflow, dynamic. _loss_scale =  16384.0
Finished iteration 71, CKPT_AND_STOP: False, flag: tensor([0], dtype=torch.int32), speed: 4322.593
12 Overflow !!
12 : update_scale(): _has_overflow, dynamic. _loss_scale =  8192.0
Finished iteration 72, CKPT_AND_STOP: False, flag: tensor([0], dtype=torch.int32), speed: 4308.377
12 Overflow !!
12 : update_scale(): _has_overflow, dynamic. _loss_scale =  4096.0
Finished iteration 73, CKPT_AND_STOP: False, flag: tensor([0], dtype=torch.int32), speed: 4279.834
12 Overflow !!
12 : update_scale(): _has_overflow, dynamic. _loss_scale =  2048.0
Finished iteration 74, CKPT_AND_STOP: False, flag: tensor([0], dtype=torch.int32), speed: 4458.595
12 Overflow !!
12 : update_scale(): _has_overflow, dynamic. _loss_scale =  1024.0
Finished iteration 75, CKPT_AND_STOP: False, flag: tensor([0], dtype=torch.int32), speed: 4304.480
12 Overflow !!
12 : update_scale(): _has_overflow, dynamic. _loss_scale =  512.0
Finished iteration 76, CKPT_AND_STOP: False, flag: tensor([0], dtype=torch.int32), speed: 4330.624
12 Overflow !!
12 : update_scale(): _has_overflow, dynamic. _loss_scale =  256.0
Finished iteration 77, CKPT_AND_STOP: False, flag: tensor([0], dtype=torch.int32), speed: 4257.303
12 Overflow !!
12 : update_scale(): _has_overflow, dynamic. _loss_scale =  128.0
Finished iteration 78, CKPT_AND_STOP: False, flag: tensor([0], dtype=torch.int32), speed: 4307.546
12 Overflow !!
12 : update_scale(): _has_overflow, dynamic. _loss_scale =  64.0
Finished iteration 79, CKPT_AND_STOP: False, flag: tensor([0], dtype=torch.int32), speed: 4239.861
12 Overflow !!
12 : update_scale(): _has_overflow, dynamic. _loss_scale =  32.0
Finished iteration 80, CKPT_AND_STOP: False, flag: tensor([0], dtype=torch.int32), speed: 4337.114
12 Overflow !!
12 : update_scale(): _has_overflow, dynamic. _loss_scale =  16.0
Finished iteration 81, CKPT_AND_STOP: False, flag: tensor([0], dtype=torch.int32), speed: 4384.834
12 Overflow !!
12 : update_scale(): _has_overflow, dynamic. _loss_scale =  8.0
Finished iteration 82, CKPT_AND_STOP: False, flag: tensor([0], dtype=torch.int32), speed: 4352.764
12 Overflow !!
12 : update_scale(): _has_overflow, dynamic. _loss_scale =  4.0
Finished iteration 83, CKPT_AND_STOP: False, flag: tensor([0], dtype=torch.int32), speed: 4165.073
12 Overflow !!
12 : update_scale(): _has_overflow, dynamic. _loss_scale =  2.0
Finished iteration 84, CKPT_AND_STOP: False, flag: tensor([0], dtype=torch.int32), speed: 4387.359
12 Overflow !!
12 : update_scale(): _has_overflow, dynamic. _loss_scale =  1.0
Finished iteration 85, CKPT_AND_STOP: False, flag: tensor([0], dtype=torch.int32), speed: 4289.420
12 Overflow !!
12 : update_scale(): _has_overflow, dynamic. _loss_scale =  1.0
Finished iteration 86, CKPT_AND_STOP: False, flag: tensor([0], dtype=torch.int32), speed: 4403.755
12 Overflow !!
12 : update_scale(): _has_overflow, dynamic. _loss_scale =  1.0
Finished iteration 87, CKPT_AND_STOP: False, flag: tensor([0], dtype=torch.int32), speed: 4337.535
12 Overflow !!
12 : update_scale(): _has_overflow, dynamic. _loss_scale =  1.0
Finished iteration 88, CKPT_AND_STOP: False, flag: tensor([0], dtype=torch.int32), speed: 4501.259
12 Overflow !!
12 : update_scale(): _has_overflow, dynamic. _loss_scale =  1.0
Finished iteration 89, CKPT_AND_STOP: False, flag: tensor([0], dtype=torch.int32), speed: 4357.297
12 Overflow !!
12 : update_scale(): _has_overflow, dynamic. _loss_scale =  1.0
Finished iteration 90, CKPT_AND_STOP: False, flag: tensor([0], dtype=torch.int32), speed: 4361.749
12 Overflow !!
12 : update_scale(): _has_overflow, dynamic. _loss_scale =  1.0
Finished iteration 91, CKPT_AND_STOP: False, flag: tensor([0], dtype=torch.int32), speed: 4574.441
12 Overflow !!
12 : update_scale(): _has_overflow, dynamic. _loss_scale =  1.0
Finished iteration 92, CKPT_AND_STOP: False, flag: tensor([0], dtype=torch.int32), speed: 4419.241
12 Overflow !!
12 : update_scale(): _has_overflow, dynamic. _loss_scale =  1.0
Finished iteration 93, CKPT_AND_STOP: False, flag: tensor([4], dtype=torch.int32), speed: 4340.350
2022-11-23 14:49:21.325356 Begin to save checkpont to s3://spot-checkpoints/bert and exit
Opt ckpt time 3.603978157043457
Signal handler called with signal 10


 STOPPING VARUNA !!



Rank 12 signal handler called with signal 10
Process done with return code 0
Parent process ID: 14505 node: 172.31.28.236
2 per stage
16 servers!
Config:
ranks: range(12, 13)
train batch size: 1024
partitions: 8
chunk_size: 8
data depth: 2
stage to rank map: 0,8;1,9;2,10;3,11;4,12;5,13;6,14;7,15;
World size is 16
/opt/conda/envs/varuna/bin/python -u /home/ubuntu/varuna_examples/DeepLearningExamples/PyTorch/LanguageModeling/BERT/run_pretraining.py --rank=12 --chunk_size=8 --local_rank=0 --stage_to_rank_map=0,8;1,9;2,10;3,11;4,12;5,13;6,14;7,15; --batch-size=512 --input_dir=/hdf5_lower_case_1_seq_len_128_max_pred_20_masked_lm_prob_0.15_random_seed_12345_dupe_factor_5/wikicorpus_en/ --output_dir=s3://spot-checkpoints/bert --config_file=bert_config.json --bert_model=bert-large-uncased --train_batch_size=1024 --max_seq_length=128 --max_predictions_per_seq=20 --max_steps=7038 --warmup_proportion=0.2843 --num_steps_per_checkpoint=200 --learning_rate=6e-3 --seed=12439 --fp16 --gradient_accumulation_steps=128 --allreduce_post_accumulation --allreduce_post_accumulation_fp16 --do_train --json-summary /home/ubuntu/varuna_examples/DeepLearningExamples/PyTorch/LanguageModeling/BERT/results/dllogger.json --varuna --resume_step 94
device: cuda:0 n_gpu: 1, distributed training: True, 16-bits training: True
dry run time 0.11826539039611816
SHARED WEIGHTS ARE
[(0, 7)]
this rank  12 is part of pipeline replica  1
64 chunks
Begin to load checkpint from s3://spot-checkpoints/bert/ckpt_94.pt
2022-11-23 14:49:50.960871 resume step from  94
2022-11-23 14:49:57.968587 - Finished loading checkpoint, takes 6996.827 secs
12 Overflow !!
12 : update_scale(): _has_overflow, dynamic. _loss_scale =  524288.0
Finished iteration 94, CKPT_AND_STOP: False, flag: tensor([2], dtype=torch.int32), speed: 21086.135
2022-11-23 14:50:19.093104 Begin to save checkpont to s3://spot-checkpoints/bert and exit
Opt ckpt time 3.337759494781494
Signal handler called with signal 10


 STOPPING VARUNA !!



Rank 12 signal handler called with signal 10
Process done with return code 0
Parent process ID: 15006 node: 172.31.28.236
3 per stage
24 servers!
Config:
ranks: range(12, 13)
train batch size: 1024
partitions: 8
chunk_size: 8
data depth: 3
stage to rank map: 0,8,16;1,9,17;2,10,18;3,11,19;4,12,20;5,13,21;6,14,22;7,15,23;
World size is 24
/opt/conda/envs/varuna/bin/python -u /home/ubuntu/varuna_examples/DeepLearningExamples/PyTorch/LanguageModeling/BERT/run_pretraining.py --rank=12 --chunk_size=8 --local_rank=0 --stage_to_rank_map=0,8,16;1,9,17;2,10,18;3,11,19;4,12,20;5,13,21;6,14,22;7,15,23; --batch-size=341 --input_dir=/hdf5_lower_case_1_seq_len_128_max_pred_20_masked_lm_prob_0.15_random_seed_12345_dupe_factor_5/wikicorpus_en/ --output_dir=s3://spot-checkpoints/bert --config_file=bert_config.json --bert_model=bert-large-uncased --train_batch_size=1024 --max_seq_length=128 --max_predictions_per_seq=20 --max_steps=7038 --warmup_proportion=0.2843 --num_steps_per_checkpoint=200 --learning_rate=6e-3 --seed=12439 --fp16 --gradient_accumulation_steps=128 --allreduce_post_accumulation --allreduce_post_accumulation_fp16 --do_train --json-summary /home/ubuntu/varuna_examples/DeepLearningExamples/PyTorch/LanguageModeling/BERT/results/dllogger.json --varuna --resume_step 95
device: cuda:0 n_gpu: 1, distributed training: True, 16-bits training: True
dry run time 0.2023482322692871
SHARED WEIGHTS ARE
[(0, 7)]
this rank  12 is part of pipeline replica  1
43 chunks
Begin to load checkpint from s3://spot-checkpoints/bert/ckpt_95.pt
2022-11-23 14:50:51.105996 resume step from  95
2022-11-23 14:51:02.906351 - Finished loading checkpoint, takes 11788.806 secs
12 Overflow !!
12 : update_scale(): _has_overflow, dynamic. _loss_scale =  524288.0
Finished iteration 95, CKPT_AND_STOP: False, flag: tensor([0], dtype=torch.int32), speed: 11774.835
12 Overflow !!
12 : update_scale(): _has_overflow, dynamic. _loss_scale =  262144.0
Finished iteration 96, CKPT_AND_STOP: False, flag: tensor([0], dtype=torch.int32), speed: 4192.220
12 Overflow !!
12 : update_scale(): _has_overflow, dynamic. _loss_scale =  131072.0
Finished iteration 97, CKPT_AND_STOP: False, flag: tensor([0], dtype=torch.int32), speed: 4192.348
12 Overflow !!
12 : update_scale(): _has_overflow, dynamic. _loss_scale =  65536.0
Finished iteration 98, CKPT_AND_STOP: False, flag: tensor([0], dtype=torch.int32), speed: 4249.310
12 Overflow !!
12 : update_scale(): _has_overflow, dynamic. _loss_scale =  32768.0
Finished iteration 99, CKPT_AND_STOP: False, flag: tensor([0], dtype=torch.int32), speed: 4179.367
12 Overflow !!
12 : update_scale(): _has_overflow, dynamic. _loss_scale =  16384.0
Finished iteration 100, CKPT_AND_STOP: False, flag: tensor([0], dtype=torch.int32), speed: 3265.000
12 Overflow !!
12 : update_scale(): _has_overflow, dynamic. _loss_scale =  8192.0
Finished iteration 101, CKPT_AND_STOP: False, flag: tensor([0], dtype=torch.int32), speed: 3237.683
12 Overflow !!
12 : update_scale(): _has_overflow, dynamic. _loss_scale =  4096.0
Finished iteration 102, CKPT_AND_STOP: False, flag: tensor([0], dtype=torch.int32), speed: 3427.735
12 Overflow !!
12 : update_scale(): _has_overflow, dynamic. _loss_scale =  2048.0
Finished iteration 103, CKPT_AND_STOP: False, flag: tensor([0], dtype=torch.int32), speed: 3263.684
12 Overflow !!
12 : update_scale(): _has_overflow, dynamic. _loss_scale =  1024.0
Finished iteration 104, CKPT_AND_STOP: False, flag: tensor([0], dtype=torch.int32), speed: 3128.032
12 Overflow !!
12 : update_scale(): _has_overflow, dynamic. _loss_scale =  512.0
Finished iteration 105, CKPT_AND_STOP: False, flag: tensor([0], dtype=torch.int32), speed: 3098.855
12 Overflow !!
12 : update_scale(): _has_overflow, dynamic. _loss_scale =  256.0
Finished iteration 106, CKPT_AND_STOP: False, flag: tensor([0], dtype=torch.int32), speed: 3205.109
12 Overflow !!
12 : update_scale(): _has_overflow, dynamic. _loss_scale =  128.0
Finished iteration 107, CKPT_AND_STOP: False, flag: tensor([0], dtype=torch.int32), speed: 3134.081
12 Overflow !!
12 : update_scale(): _has_overflow, dynamic. _loss_scale =  64.0
Finished iteration 108, CKPT_AND_STOP: False, flag: tensor([0], dtype=torch.int32), speed: 3167.026
12 Overflow !!
12 : update_scale(): _has_overflow, dynamic. _loss_scale =  32.0
Finished iteration 109, CKPT_AND_STOP: False, flag: tensor([0], dtype=torch.int32), speed: 3380.178
12 Overflow !!
12 : update_scale(): _has_overflow, dynamic. _loss_scale =  16.0
Finished iteration 110, CKPT_AND_STOP: False, flag: tensor([0], dtype=torch.int32), speed: 3088.556
12 Overflow !!
12 : update_scale(): _has_overflow, dynamic. _loss_scale =  8.0
Finished iteration 111, CKPT_AND_STOP: False, flag: tensor([0], dtype=torch.int32), speed: 3181.259
12 Overflow !!
12 : update_scale(): _has_overflow, dynamic. _loss_scale =  4.0
Finished iteration 112, CKPT_AND_STOP: False, flag: tensor([0], dtype=torch.int32), speed: 3336.260
12 Overflow !!
12 : update_scale(): _has_overflow, dynamic. _loss_scale =  2.0
Finished iteration 113, CKPT_AND_STOP: False, flag: tensor([0], dtype=torch.int32), speed: 3154.084
12 Overflow !!
12 : update_scale(): _has_overflow, dynamic. _loss_scale =  1.0
Finished iteration 114, CKPT_AND_STOP: False, flag: tensor([0], dtype=torch.int32), speed: 3212.134
12 Overflow !!
12 : update_scale(): _has_overflow, dynamic. _loss_scale =  1.0
Finished iteration 115, CKPT_AND_STOP: False, flag: tensor([0], dtype=torch.int32), speed: 3153.311
12 Overflow !!
12 : update_scale(): _has_overflow, dynamic. _loss_scale =  1.0
Finished iteration 116, CKPT_AND_STOP: False, flag: tensor([0], dtype=torch.int32), speed: 3224.573
12 Overflow !!
12 : update_scale(): _has_overflow, dynamic. _loss_scale =  1.0
Finished iteration 117, CKPT_AND_STOP: False, flag: tensor([0], dtype=torch.int32), speed: 3179.680
12 Overflow !!
12 : update_scale(): _has_overflow, dynamic. _loss_scale =  1.0
Finished iteration 118, CKPT_AND_STOP: False, flag: tensor([0], dtype=torch.int32), speed: 3122.651
12 Overflow !!
12 : update_scale(): _has_overflow, dynamic. _loss_scale =  1.0
Finished iteration 119, CKPT_AND_STOP: False, flag: tensor([0], dtype=torch.int32), speed: 3121.888
12 Overflow !!
12 : update_scale(): _has_overflow, dynamic. _loss_scale =  1.0
Finished iteration 120, CKPT_AND_STOP: False, flag: tensor([0], dtype=torch.int32), speed: 3175.348
12 Overflow !!
12 : update_scale(): _has_overflow, dynamic. _loss_scale =  1.0
Finished iteration 121, CKPT_AND_STOP: False, flag: tensor([0], dtype=torch.int32), speed: 3162.811
12 Overflow !!
12 : update_scale(): _has_overflow, dynamic. _loss_scale =  1.0
Finished iteration 122, CKPT_AND_STOP: False, flag: tensor([0], dtype=torch.int32), speed: 3089.165
12 Overflow !!
12 : update_scale(): _has_overflow, dynamic. _loss_scale =  1.0
Finished iteration 123, CKPT_AND_STOP: False, flag: tensor([0], dtype=torch.int32), speed: 3170.315
12 Overflow !!
12 : update_scale(): _has_overflow, dynamic. _loss_scale =  1.0
Finished iteration 124, CKPT_AND_STOP: False, flag: tensor([0], dtype=torch.int32), speed: 3176.152
12 Overflow !!
12 : update_scale(): _has_overflow, dynamic. _loss_scale =  1.0
Finished iteration 125, CKPT_AND_STOP: False, flag: tensor([0], dtype=torch.int32), speed: 4008.123
12 Overflow !!
12 : update_scale(): _has_overflow, dynamic. _loss_scale =  1.0
Finished iteration 126, CKPT_AND_STOP: False, flag: tensor([0], dtype=torch.int32), speed: 3130.050
12 Overflow !!
12 : update_scale(): _has_overflow, dynamic. _loss_scale =  1.0
Finished iteration 127, CKPT_AND_STOP: False, flag: tensor([0], dtype=torch.int32), speed: 3395.270
12 Overflow !!
12 : update_scale(): _has_overflow, dynamic. _loss_scale =  1.0
Finished iteration 128, CKPT_AND_STOP: False, flag: tensor([0], dtype=torch.int32), speed: 3254.202
12 Overflow !!
12 : update_scale(): _has_overflow, dynamic. _loss_scale =  1.0
Finished iteration 129, CKPT_AND_STOP: False, flag: tensor([0], dtype=torch.int32), speed: 3289.183
12 Overflow !!
12 : update_scale(): _has_overflow, dynamic. _loss_scale =  1.0
Finished iteration 130, CKPT_AND_STOP: False, flag: tensor([0], dtype=torch.int32), speed: 3093.073
12 Overflow !!
12 : update_scale(): _has_overflow, dynamic. _loss_scale =  1.0
Finished iteration 131, CKPT_AND_STOP: False, flag: tensor([0], dtype=torch.int32), speed: 3171.829
12 Overflow !!
12 : update_scale(): _has_overflow, dynamic. _loss_scale =  1.0
Finished iteration 132, CKPT_AND_STOP: False, flag: tensor([0], dtype=torch.int32), speed: 3171.185
12 Overflow !!
12 : update_scale(): _has_overflow, dynamic. _loss_scale =  1.0
Finished iteration 133, CKPT_AND_STOP: False, flag: tensor([0], dtype=torch.int32), speed: 3284.687
12 Overflow !!
12 : update_scale(): _has_overflow, dynamic. _loss_scale =  1.0
Finished iteration 134, CKPT_AND_STOP: False, flag: tensor([0], dtype=torch.int32), speed: 3315.700
12 Overflow !!
12 : update_scale(): _has_overflow, dynamic. _loss_scale =  1.0
Finished iteration 135, CKPT_AND_STOP: False, flag: tensor([0], dtype=torch.int32), speed: 3368.449
12 Overflow !!
12 : update_scale(): _has_overflow, dynamic. _loss_scale =  1.0
Finished iteration 136, CKPT_AND_STOP: False, flag: tensor([0], dtype=torch.int32), speed: 3158.045
12 Overflow !!
12 : update_scale(): _has_overflow, dynamic. _loss_scale =  1.0
Finished iteration 137, CKPT_AND_STOP: False, flag: tensor([0], dtype=torch.int32), speed: 3173.791
12 Overflow !!
12 : update_scale(): _has_overflow, dynamic. _loss_scale =  1.0
Finished iteration 138, CKPT_AND_STOP: False, flag: tensor([0], dtype=torch.int32), speed: 3230.419
12 Overflow !!
12 : update_scale(): _has_overflow, dynamic. _loss_scale =  1.0
Finished iteration 139, CKPT_AND_STOP: False, flag: tensor([0], dtype=torch.int32), speed: 3947.717
12 Overflow !!
12 : update_scale(): _has_overflow, dynamic. _loss_scale =  1.0
Finished iteration 140, CKPT_AND_STOP: False, flag: tensor([0], dtype=torch.int32), speed: 3201.042
12 Overflow !!
12 : update_scale(): _has_overflow, dynamic. _loss_scale =  1.0
Finished iteration 141, CKPT_AND_STOP: False, flag: tensor([1], dtype=torch.int32), speed: 3197.874
2022-11-23 14:53:47.780355 Begin to save checkpont to s3://spot-checkpoints/bert and exit
Opt ckpt time 2.697176933288574
Process done with return code 0
Parent process ID: 12940 node: 172.31.21.254
2 per stage
16 servers!
Config:
ranks: range(12, 13)
train batch size: 1024
partitions: 8
chunk_size: 8
data depth: 2
stage to rank map: 0,8;1,9;2,10;3,11;4,12;5,13;6,14;7,15;
World size is 16
/opt/conda/envs/varuna/bin/python -u /home/ubuntu/varuna_examples/DeepLearningExamples/PyTorch/LanguageModeling/BERT/run_pretraining.py --rank=12 --chunk_size=8 --local_rank=0 --stage_to_rank_map=0,8;1,9;2,10;3,11;4,12;5,13;6,14;7,15; --batch-size=512 --input_dir=/hdf5_lower_case_1_seq_len_128_max_pred_20_masked_lm_prob_0.15_random_seed_12345_dupe_factor_5/wikicorpus_en/ --output_dir=s3://spot-checkpoints/bert --config_file=bert_config.json --bert_model=bert-large-uncased --train_batch_size=1024 --max_seq_length=128 --max_predictions_per_seq=20 --max_steps=7038 --warmup_proportion=0.2843 --num_steps_per_checkpoint=200 --learning_rate=6e-3 --seed=12439 --fp16 --gradient_accumulation_steps=128 --allreduce_post_accumulation --allreduce_post_accumulation_fp16 --do_train --json-summary /home/ubuntu/varuna_examples/DeepLearningExamples/PyTorch/LanguageModeling/BERT/results/dllogger.json --varuna --resume_step 142
device: cuda:0 n_gpu: 1, distributed training: True, 16-bits training: True
dry run time 0.16871237754821777
SHARED WEIGHTS ARE
[(0, 7)]
this rank  12 is part of pipeline replica  1
64 chunks
Begin to load checkpint from s3://spot-checkpoints/bert/ckpt_142.pt
2022-11-23 14:54:21.997539 resume step from  142
2022-11-23 14:54:29.892326 - Finished loading checkpoint, takes 7883.690 secs
12 Overflow !!
12 : update_scale(): _has_overflow, dynamic. _loss_scale =  524288.0
Finished iteration 142, CKPT_AND_STOP: False, flag: tensor([0], dtype=torch.int32), speed: 20740.618
12 Overflow !!
12 : update_scale(): _has_overflow, dynamic. _loss_scale =  262144.0
Finished iteration 143, CKPT_AND_STOP: False, flag: tensor([0], dtype=torch.int32), speed: 5308.253
12 Overflow !!
12 : update_scale(): _has_overflow, dynamic. _loss_scale =  131072.0
Finished iteration 144, CKPT_AND_STOP: False, flag: tensor([0], dtype=torch.int32), speed: 5364.795
12 Overflow !!
12 : update_scale(): _has_overflow, dynamic. _loss_scale =  65536.0
Finished iteration 145, CKPT_AND_STOP: False, flag: tensor([0], dtype=torch.int32), speed: 5468.269
12 Overflow !!
12 : update_scale(): _has_overflow, dynamic. _loss_scale =  32768.0
Finished iteration 146, CKPT_AND_STOP: False, flag: tensor([0], dtype=torch.int32), speed: 5312.124
12 Overflow !!
12 : update_scale(): _has_overflow, dynamic. _loss_scale =  16384.0
Finished iteration 147, CKPT_AND_STOP: False, flag: tensor([0], dtype=torch.int32), speed: 4520.265
12 Overflow !!
12 : update_scale(): _has_overflow, dynamic. _loss_scale =  8192.0
Finished iteration 148, CKPT_AND_STOP: False, flag: tensor([0], dtype=torch.int32), speed: 4417.026
12 Overflow !!
12 : update_scale(): _has_overflow, dynamic. _loss_scale =  4096.0
Finished iteration 149, CKPT_AND_STOP: False, flag: tensor([0], dtype=torch.int32), speed: 4490.119
12 Overflow !!
12 : update_scale(): _has_overflow, dynamic. _loss_scale =  2048.0
Finished iteration 150, CKPT_AND_STOP: False, flag: tensor([0], dtype=torch.int32), speed: 4447.269
12 Overflow !!
12 : update_scale(): _has_overflow, dynamic. _loss_scale =  1024.0
Finished iteration 151, CKPT_AND_STOP: False, flag: tensor([0], dtype=torch.int32), speed: 4419.869
12 Overflow !!
12 : update_scale(): _has_overflow, dynamic. _loss_scale =  512.0
Finished iteration 152, CKPT_AND_STOP: False, flag: tensor([0], dtype=torch.int32), speed: 4532.335
12 Overflow !!
12 : update_scale(): _has_overflow, dynamic. _loss_scale =  256.0
Finished iteration 153, CKPT_AND_STOP: False, flag: tensor([0], dtype=torch.int32), speed: 4300.943
12 Overflow !!
12 : update_scale(): _has_overflow, dynamic. _loss_scale =  128.0
Finished iteration 154, CKPT_AND_STOP: False, flag: tensor([1], dtype=torch.int32), speed: 4217.169
2022-11-23 14:55:47.468194 Begin to save checkpont to s3://spot-checkpoints/bert and exit
Opt ckpt time 2.853616237640381
Signal handler called with signal 10


 STOPPING VARUNA !!



Rank 12 signal handler called with signal 10
Process done with return code 0
Parent process ID: 9490 node: 172.31.23.137
2 per stage
16 servers!
Config:
ranks: range(12, 13)
train batch size: 1024
partitions: 8
chunk_size: 8
data depth: 2
stage to rank map: 0,8;1,9;2,10;3,11;4,12;5,13;6,14;7,15;
World size is 16
/opt/conda/envs/varuna/bin/python -u /home/ubuntu/varuna_examples/DeepLearningExamples/PyTorch/LanguageModeling/BERT/run_pretraining.py --rank=12 --chunk_size=8 --local_rank=0 --stage_to_rank_map=0,8;1,9;2,10;3,11;4,12;5,13;6,14;7,15; --batch-size=512 --input_dir=/hdf5_lower_case_1_seq_len_128_max_pred_20_masked_lm_prob_0.15_random_seed_12345_dupe_factor_5/wikicorpus_en/ --output_dir=s3://spot-checkpoints/bert --config_file=bert_config.json --bert_model=bert-large-uncased --train_batch_size=1024 --max_seq_length=128 --max_predictions_per_seq=20 --max_steps=7038 --warmup_proportion=0.2843 --num_steps_per_checkpoint=200 --learning_rate=6e-3 --seed=12439 --fp16 --gradient_accumulation_steps=128 --allreduce_post_accumulation --allreduce_post_accumulation_fp16 --do_train --json-summary /home/ubuntu/varuna_examples/DeepLearningExamples/PyTorch/LanguageModeling/BERT/results/dllogger.json --varuna --resume_step 155
device: cuda:0 n_gpu: 1, distributed training: True, 16-bits training: True
dry run time 0.1648085117340088
SHARED WEIGHTS ARE
[(0, 7)]
this rank  12 is part of pipeline replica  1
64 chunks
Begin to load checkpint from s3://spot-checkpoints/bert/ckpt_155.pt
2022-11-23 14:56:18.476896 resume step from  155
2022-11-23 14:56:25.205373 - Finished loading checkpoint, takes 6717.336 secs
12 Overflow !!
12 : update_scale(): _has_overflow, dynamic. _loss_scale =  524288.0
Finished iteration 155, CKPT_AND_STOP: False, flag: tensor([0], dtype=torch.int32), speed: 16600.377
12 Overflow !!
12 : update_scale(): _has_overflow, dynamic. _loss_scale =  262144.0
Finished iteration 156, CKPT_AND_STOP: False, flag: tensor([0], dtype=torch.int32), speed: 6396.281
12 Overflow !!
12 : update_scale(): _has_overflow, dynamic. _loss_scale =  131072.0
Finished iteration 157, CKPT_AND_STOP: False, flag: tensor([0], dtype=torch.int32), speed: 5540.538
12 Overflow !!
12 : update_scale(): _has_overflow, dynamic. _loss_scale =  65536.0
Finished iteration 158, CKPT_AND_STOP: False, flag: tensor([0], dtype=torch.int32), speed: 5612.987
12 Overflow !!
12 : update_scale(): _has_overflow, dynamic. _loss_scale =  32768.0
Finished iteration 159, CKPT_AND_STOP: False, flag: tensor([0], dtype=torch.int32), speed: 5541.507
12 Overflow !!
12 : update_scale(): _has_overflow, dynamic. _loss_scale =  16384.0
Finished iteration 160, CKPT_AND_STOP: False, flag: tensor([0], dtype=torch.int32), speed: 4417.623
12 Overflow !!
12 : update_scale(): _has_overflow, dynamic. _loss_scale =  8192.0
Finished iteration 161, CKPT_AND_STOP: False, flag: tensor([0], dtype=torch.int32), speed: 4159.691
12 Overflow !!
12 : update_scale(): _has_overflow, dynamic. _loss_scale =  4096.0
Finished iteration 162, CKPT_AND_STOP: False, flag: tensor([0], dtype=torch.int32), speed: 4444.445
12 Overflow !!
12 : update_scale(): _has_overflow, dynamic. _loss_scale =  2048.0
Finished iteration 163, CKPT_AND_STOP: False, flag: tensor([0], dtype=torch.int32), speed: 4356.443
12 Overflow !!
12 : update_scale(): _has_overflow, dynamic. _loss_scale =  1024.0
Finished iteration 164, CKPT_AND_STOP: False, flag: tensor([0], dtype=torch.int32), speed: 4492.246
12 Overflow !!
12 : update_scale(): _has_overflow, dynamic. _loss_scale =  512.0
Finished iteration 165, CKPT_AND_STOP: False, flag: tensor([0], dtype=torch.int32), speed: 4434.655
12 Overflow !!
12 : update_scale(): _has_overflow, dynamic. _loss_scale =  256.0
Finished iteration 166, CKPT_AND_STOP: False, flag: tensor([0], dtype=torch.int32), speed: 4468.056
12 Overflow !!
12 : update_scale(): _has_overflow, dynamic. _loss_scale =  128.0
Finished iteration 167, CKPT_AND_STOP: False, flag: tensor([0], dtype=torch.int32), speed: 5416.383
12 Overflow !!
12 : update_scale(): _has_overflow, dynamic. _loss_scale =  64.0
Finished iteration 168, CKPT_AND_STOP: False, flag: tensor([0], dtype=torch.int32), speed: 4521.187
12 Overflow !!
12 : update_scale(): _has_overflow, dynamic. _loss_scale =  32.0
Finished iteration 169, CKPT_AND_STOP: False, flag: tensor([0], dtype=torch.int32), speed: 4489.114
12 Overflow !!
12 : update_scale(): _has_overflow, dynamic. _loss_scale =  16.0
Finished iteration 170, CKPT_AND_STOP: False, flag: tensor([0], dtype=torch.int32), speed: 4175.937
12 Overflow !!
12 : update_scale(): _has_overflow, dynamic. _loss_scale =  8.0
Finished iteration 171, CKPT_AND_STOP: False, flag: tensor([0], dtype=torch.int32), speed: 4528.763
12 Overflow !!
12 : update_scale(): _has_overflow, dynamic. _loss_scale =  4.0
Finished iteration 172, CKPT_AND_STOP: False, flag: tensor([0], dtype=torch.int32), speed: 4408.162
12 Overflow !!
12 : update_scale(): _has_overflow, dynamic. _loss_scale =  2.0
Finished iteration 173, CKPT_AND_STOP: False, flag: tensor([0], dtype=torch.int32), speed: 4426.535
12 Overflow !!
12 : update_scale(): _has_overflow, dynamic. _loss_scale =  1.0
Finished iteration 174, CKPT_AND_STOP: False, flag: tensor([0], dtype=torch.int32), speed: 4473.146
12 Overflow !!
12 : update_scale(): _has_overflow, dynamic. _loss_scale =  1.0
Finished iteration 175, CKPT_AND_STOP: False, flag: tensor([0], dtype=torch.int32), speed: 4418.889
12 Overflow !!
12 : update_scale(): _has_overflow, dynamic. _loss_scale =  1.0
Finished iteration 176, CKPT_AND_STOP: False, flag: tensor([0], dtype=torch.int32), speed: 4482.655
12 Overflow !!
12 : update_scale(): _has_overflow, dynamic. _loss_scale =  1.0
Finished iteration 177, CKPT_AND_STOP: False, flag: tensor([0], dtype=torch.int32), speed: 4497.960
12 Overflow !!
12 : update_scale(): _has_overflow, dynamic. _loss_scale =  1.0
Finished iteration 178, CKPT_AND_STOP: False, flag: tensor([0], dtype=torch.int32), speed: 4490.325
12 Overflow !!
12 : update_scale(): _has_overflow, dynamic. _loss_scale =  1.0
Finished iteration 179, CKPT_AND_STOP: False, flag: tensor([0], dtype=torch.int32), speed: 4577.571
12 Overflow !!
12 : update_scale(): _has_overflow, dynamic. _loss_scale =  1.0
Finished iteration 180, CKPT_AND_STOP: False, flag: tensor([0], dtype=torch.int32), speed: 4436.358
12 Overflow !!
12 : update_scale(): _has_overflow, dynamic. _loss_scale =  1.0
Finished iteration 181, CKPT_AND_STOP: False, flag: tensor([0], dtype=torch.int32), speed: 4788.338
12 Overflow !!
12 : update_scale(): _has_overflow, dynamic. _loss_scale =  1.0
Finished iteration 182, CKPT_AND_STOP: False, flag: tensor([0], dtype=torch.int32), speed: 4440.738
12 Overflow !!
12 : update_scale(): _has_overflow, dynamic. _loss_scale =  1.0
Finished iteration 183, CKPT_AND_STOP: False, flag: tensor([0], dtype=torch.int32), speed: 4354.541
12 Overflow !!
12 : update_scale(): _has_overflow, dynamic. _loss_scale =  1.0
Finished iteration 184, CKPT_AND_STOP: False, flag: tensor([0], dtype=torch.int32), speed: 4745.723
12 Overflow !!
12 : update_scale(): _has_overflow, dynamic. _loss_scale =  1.0
Finished iteration 185, CKPT_AND_STOP: False, flag: tensor([0], dtype=torch.int32), speed: 4556.722
12 Overflow !!
12 : update_scale(): _has_overflow, dynamic. _loss_scale =  1.0
Finished iteration 186, CKPT_AND_STOP: False, flag: tensor([0], dtype=torch.int32), speed: 4326.743
12 Overflow !!
12 : update_scale(): _has_overflow, dynamic. _loss_scale =  1.0
Finished iteration 187, CKPT_AND_STOP: False, flag: tensor([0], dtype=torch.int32), speed: 4426.487
12 Overflow !!
12 : update_scale(): _has_overflow, dynamic. _loss_scale =  1.0
Finished iteration 188, CKPT_AND_STOP: False, flag: tensor([0], dtype=torch.int32), speed: 4442.586
12 Overflow !!
12 : update_scale(): _has_overflow, dynamic. _loss_scale =  1.0
Finished iteration 189, CKPT_AND_STOP: False, flag: tensor([0], dtype=torch.int32), speed: 4740.029
12 Overflow !!
12 : update_scale(): _has_overflow, dynamic. _loss_scale =  1.0
Finished iteration 190, CKPT_AND_STOP: False, flag: tensor([0], dtype=torch.int32), speed: 4304.178
12 Overflow !!
12 : update_scale(): _has_overflow, dynamic. _loss_scale =  1.0
Finished iteration 191, CKPT_AND_STOP: False, flag: tensor([0], dtype=torch.int32), speed: 4178.931
12 Overflow !!
12 : update_scale(): _has_overflow, dynamic. _loss_scale =  1.0
Finished iteration 192, CKPT_AND_STOP: False, flag: tensor([0], dtype=torch.int32), speed: 4235.640
12 Overflow !!
12 : update_scale(): _has_overflow, dynamic. _loss_scale =  1.0
Finished iteration 193, CKPT_AND_STOP: False, flag: tensor([0], dtype=torch.int32), speed: 4292.664
12 Overflow !!
12 : update_scale(): _has_overflow, dynamic. _loss_scale =  1.0
Finished iteration 194, CKPT_AND_STOP: False, flag: tensor([0], dtype=torch.int32), speed: 4401.239
12 Overflow !!
12 : update_scale(): _has_overflow, dynamic. _loss_scale =  1.0
Finished iteration 195, CKPT_AND_STOP: False, flag: tensor([0], dtype=torch.int32), speed: 4260.326
12 Overflow !!
12 : update_scale(): _has_overflow, dynamic. _loss_scale =  1.0
Finished iteration 196, CKPT_AND_STOP: False, flag: tensor([0], dtype=torch.int32), speed: 4641.315
12 Overflow !!
12 : update_scale(): _has_overflow, dynamic. _loss_scale =  1.0
Finished iteration 197, CKPT_AND_STOP: False, flag: tensor([0], dtype=torch.int32), speed: 4344.028
12 Overflow !!
12 : update_scale(): _has_overflow, dynamic. _loss_scale =  1.0
Finished iteration 198, CKPT_AND_STOP: False, flag: tensor([0], dtype=torch.int32), speed: 4251.475
12 Overflow !!
12 : update_scale(): _has_overflow, dynamic. _loss_scale =  1.0
Finished iteration 199, CKPT_AND_STOP: False, flag: tensor([0], dtype=torch.int32), speed: 4325.723
12 Overflow !!
12 : update_scale(): _has_overflow, dynamic. _loss_scale =  1.0
Finished iteration 200, CKPT_AND_STOP: False, flag: tensor([0], dtype=torch.int32), speed: 4227.303
12 Overflow !!
12 : update_scale(): _has_overflow, dynamic. _loss_scale =  1.0
Finished iteration 201, CKPT_AND_STOP: False, flag: tensor([0], dtype=torch.int32), speed: 4226.175
12 Overflow !!
12 : update_scale(): _has_overflow, dynamic. _loss_scale =  1.0
Finished iteration 202, CKPT_AND_STOP: False, flag: tensor([0], dtype=torch.int32), speed: 4279.403
12 Overflow !!
12 : update_scale(): _has_overflow, dynamic. _loss_scale =  1.0
Finished iteration 203, CKPT_AND_STOP: False, flag: tensor([0], dtype=torch.int32), speed: 4453.584
12 Overflow !!
12 : update_scale(): _has_overflow, dynamic. _loss_scale =  1.0
Finished iteration 204, CKPT_AND_STOP: False, flag: tensor([0], dtype=torch.int32), speed: 4417.446
12 Overflow !!
12 : update_scale(): _has_overflow, dynamic. _loss_scale =  1.0
Finished iteration 205, CKPT_AND_STOP: False, flag: tensor([0], dtype=torch.int32), speed: 4747.292
12 Overflow !!
12 : update_scale(): _has_overflow, dynamic. _loss_scale =  1.0
Finished iteration 206, CKPT_AND_STOP: False, flag: tensor([0], dtype=torch.int32), speed: 5259.665
12 Overflow !!
12 : update_scale(): _has_overflow, dynamic. _loss_scale =  1.0
Finished iteration 207, CKPT_AND_STOP: False, flag: tensor([0], dtype=torch.int32), speed: 4377.330
12 Overflow !!
12 : update_scale(): _has_overflow, dynamic. _loss_scale =  1.0
Finished iteration 208, CKPT_AND_STOP: False, flag: tensor([0], dtype=torch.int32), speed: 4293.970
12 Overflow !!
12 : update_scale(): _has_overflow, dynamic. _loss_scale =  1.0
Finished iteration 209, CKPT_AND_STOP: False, flag: tensor([0], dtype=torch.int32), speed: 4287.531
12 Overflow !!
12 : update_scale(): _has_overflow, dynamic. _loss_scale =  1.0
Finished iteration 210, CKPT_AND_STOP: False, flag: tensor([0], dtype=torch.int32), speed: 4209.513
12 Overflow !!
12 : update_scale(): _has_overflow, dynamic. _loss_scale =  1.0
Finished iteration 211, CKPT_AND_STOP: False, flag: tensor([0], dtype=torch.int32), speed: 4606.525
12 Overflow !!
12 : update_scale(): _has_overflow, dynamic. _loss_scale =  1.0
Finished iteration 212, CKPT_AND_STOP: False, flag: tensor([0], dtype=torch.int32), speed: 4402.113
12 Overflow !!
12 : update_scale(): _has_overflow, dynamic. _loss_scale =  1.0
Finished iteration 213, CKPT_AND_STOP: False, flag: tensor([0], dtype=torch.int32), speed: 4524.133
12 Overflow !!
12 : update_scale(): _has_overflow, dynamic. _loss_scale =  1.0
Finished iteration 214, CKPT_AND_STOP: False, flag: tensor([0], dtype=torch.int32), speed: 5036.107
12 Overflow !!
12 : update_scale(): _has_overflow, dynamic. _loss_scale =  1.0
Finished iteration 215, CKPT_AND_STOP: False, flag: tensor([0], dtype=torch.int32), speed: 4543.588
12 Overflow !!
12 : update_scale(): _has_overflow, dynamic. _loss_scale =  1.0
Finished iteration 216, CKPT_AND_STOP: False, flag: tensor([0], dtype=torch.int32), speed: 4708.709
12 Overflow !!
12 : update_scale(): _has_overflow, dynamic. _loss_scale =  1.0
Finished iteration 217, CKPT_AND_STOP: False, flag: tensor([0], dtype=torch.int32), speed: 4250.893
12 Overflow !!
12 : update_scale(): _has_overflow, dynamic. _loss_scale =  1.0
Finished iteration 218, CKPT_AND_STOP: False, flag: tensor([0], dtype=torch.int32), speed: 4240.144
12 Overflow !!
12 : update_scale(): _has_overflow, dynamic. _loss_scale =  1.0
Finished iteration 219, CKPT_AND_STOP: False, flag: tensor([0], dtype=torch.int32), speed: 4424.294
12 Overflow !!
12 : update_scale(): _has_overflow, dynamic. _loss_scale =  1.0
Finished iteration 220, CKPT_AND_STOP: False, flag: tensor([0], dtype=torch.int32), speed: 4582.441
12 Overflow !!
12 : update_scale(): _has_overflow, dynamic. _loss_scale =  1.0
Finished iteration 221, CKPT_AND_STOP: False, flag: tensor([0], dtype=torch.int32), speed: 4335.959
12 Overflow !!
12 : update_scale(): _has_overflow, dynamic. _loss_scale =  1.0
Finished iteration 222, CKPT_AND_STOP: False, flag: tensor([0], dtype=torch.int32), speed: 4826.531
12 Overflow !!
12 : update_scale(): _has_overflow, dynamic. _loss_scale =  1.0
Finished iteration 223, CKPT_AND_STOP: False, flag: tensor([0], dtype=torch.int32), speed: 4489.180
12 Overflow !!
12 : update_scale(): _has_overflow, dynamic. _loss_scale =  1.0
Finished iteration 224, CKPT_AND_STOP: False, flag: tensor([0], dtype=torch.int32), speed: 4449.521
12 Overflow !!
12 : update_scale(): _has_overflow, dynamic. _loss_scale =  1.0
Finished iteration 225, CKPT_AND_STOP: False, flag: tensor([0], dtype=torch.int32), speed: 4487.842
12 Overflow !!
12 : update_scale(): _has_overflow, dynamic. _loss_scale =  1.0
Finished iteration 226, CKPT_AND_STOP: False, flag: tensor([0], dtype=torch.int32), speed: 4261.574
12 Overflow !!
12 : update_scale(): _has_overflow, dynamic. _loss_scale =  1.0
Finished iteration 227, CKPT_AND_STOP: False, flag: tensor([0], dtype=torch.int32), speed: 4402.404
12 Overflow !!
12 : update_scale(): _has_overflow, dynamic. _loss_scale =  1.0
Finished iteration 228, CKPT_AND_STOP: False, flag: tensor([0], dtype=torch.int32), speed: 4486.012
12 Overflow !!
12 : update_scale(): _has_overflow, dynamic. _loss_scale =  1.0
Finished iteration 229, CKPT_AND_STOP: False, flag: tensor([0], dtype=torch.int32), speed: 4547.596
12 Overflow !!
12 : update_scale(): _has_overflow, dynamic. _loss_scale =  1.0
Finished iteration 230, CKPT_AND_STOP: False, flag: tensor([0], dtype=torch.int32), speed: 4302.738
12 Overflow !!
12 : update_scale(): _has_overflow, dynamic. _loss_scale =  1.0
Finished iteration 231, CKPT_AND_STOP: False, flag: tensor([0], dtype=torch.int32), speed: 4148.138
12 Overflow !!
12 : update_scale(): _has_overflow, dynamic. _loss_scale =  1.0
Finished iteration 232, CKPT_AND_STOP: False, flag: tensor([0], dtype=torch.int32), speed: 4322.034
12 Overflow !!
12 : update_scale(): _has_overflow, dynamic. _loss_scale =  1.0
Finished iteration 233, CKPT_AND_STOP: False, flag: tensor([0], dtype=torch.int32), speed: 4368.011
12 Overflow !!
12 : update_scale(): _has_overflow, dynamic. _loss_scale =  1.0
Finished iteration 234, CKPT_AND_STOP: False, flag: tensor([0], dtype=torch.int32), speed: 4445.699
12 Overflow !!
12 : update_scale(): _has_overflow, dynamic. _loss_scale =  1.0
Finished iteration 235, CKPT_AND_STOP: False, flag: tensor([0], dtype=torch.int32), speed: 4196.512
12 Overflow !!
12 : update_scale(): _has_overflow, dynamic. _loss_scale =  1.0
Finished iteration 236, CKPT_AND_STOP: False, flag: tensor([0], dtype=torch.int32), speed: 4270.839
12 Overflow !!
12 : update_scale(): _has_overflow, dynamic. _loss_scale =  1.0
Finished iteration 237, CKPT_AND_STOP: False, flag: tensor([0], dtype=torch.int32), speed: 4323.695
12 Overflow !!
12 : update_scale(): _has_overflow, dynamic. _loss_scale =  1.0
Finished iteration 238, CKPT_AND_STOP: False, flag: tensor([0], dtype=torch.int32), speed: 4297.400
12 Overflow !!
12 : update_scale(): _has_overflow, dynamic. _loss_scale =  1.0
Finished iteration 239, CKPT_AND_STOP: False, flag: tensor([0], dtype=torch.int32), speed: 4445.402
12 Overflow !!
12 : update_scale(): _has_overflow, dynamic. _loss_scale =  1.0
Finished iteration 240, CKPT_AND_STOP: False, flag: tensor([0], dtype=torch.int32), speed: 4368.130
12 Overflow !!
12 : update_scale(): _has_overflow, dynamic. _loss_scale =  1.0
Finished iteration 241, CKPT_AND_STOP: False, flag: tensor([0], dtype=torch.int32), speed: 4534.213
12 Overflow !!
12 : update_scale(): _has_overflow, dynamic. _loss_scale =  1.0
Finished iteration 242, CKPT_AND_STOP: False, flag: tensor([0], dtype=torch.int32), speed: 4451.631
12 Overflow !!
12 : update_scale(): _has_overflow, dynamic. _loss_scale =  1.0
Finished iteration 243, CKPT_AND_STOP: False, flag: tensor([0], dtype=torch.int32), speed: 4721.465
12 Overflow !!
12 : update_scale(): _has_overflow, dynamic. _loss_scale =  1.0
Finished iteration 244, CKPT_AND_STOP: False, flag: tensor([0], dtype=torch.int32), speed: 4448.124
12 Overflow !!
12 : update_scale(): _has_overflow, dynamic. _loss_scale =  1.0
Finished iteration 245, CKPT_AND_STOP: False, flag: tensor([0], dtype=torch.int32), speed: 4396.501
12 Overflow !!
12 : update_scale(): _has_overflow, dynamic. _loss_scale =  1.0
Finished iteration 246, CKPT_AND_STOP: False, flag: tensor([0], dtype=torch.int32), speed: 4451.474
12 Overflow !!
12 : update_scale(): _has_overflow, dynamic. _loss_scale =  1.0
Finished iteration 247, CKPT_AND_STOP: False, flag: tensor([0], dtype=torch.int32), speed: 4360.858
12 Overflow !!
12 : update_scale(): _has_overflow, dynamic. _loss_scale =  1.0
Finished iteration 248, CKPT_AND_STOP: False, flag: tensor([0], dtype=torch.int32), speed: 4483.500
12 Overflow !!
12 : update_scale(): _has_overflow, dynamic. _loss_scale =  1.0
Finished iteration 249, CKPT_AND_STOP: False, flag: tensor([0], dtype=torch.int32), speed: 4182.756
12 Overflow !!
12 : update_scale(): _has_overflow, dynamic. _loss_scale =  1.0
Finished iteration 250, CKPT_AND_STOP: False, flag: tensor([0], dtype=torch.int32), speed: 4162.180
12 Overflow !!
12 : update_scale(): _has_overflow, dynamic. _loss_scale =  1.0
Finished iteration 251, CKPT_AND_STOP: False, flag: tensor([0], dtype=torch.int32), speed: 5038.611
Process done with return code -6
Parent process ID: 15139 node: 172.31.19.171
1 per stage
8 servers!
12 8 I am of no use!
Parent process ID: 15463 node: 172.31.19.171
1 per stage
8 servers!
12 8 I am of no use!
Parent process ID: 15787 node: 172.31.19.171
2 per stage
16 servers!
Config:
ranks: range(12, 13)
train batch size: 1024
partitions: 8
chunk_size: 8
data depth: 2
stage to rank map: 0,8;1,9;2,10;3,11;4,12;5,13;6,14;7,15;
World size is 16
/opt/conda/envs/varuna/bin/python -u /home/ubuntu/varuna_examples/DeepLearningExamples/PyTorch/LanguageModeling/BERT/run_pretraining.py --rank=12 --chunk_size=8 --local_rank=0 --stage_to_rank_map=0,8;1,9;2,10;3,11;4,12;5,13;6,14;7,15; --batch-size=512 --input_dir=/hdf5_lower_case_1_seq_len_128_max_pred_20_masked_lm_prob_0.15_random_seed_12345_dupe_factor_5/wikicorpus_en/ --output_dir=s3://spot-checkpoints/bert --config_file=bert_config.json --bert_model=bert-large-uncased --train_batch_size=1024 --max_seq_length=128 --max_predictions_per_seq=20 --max_steps=7038 --warmup_proportion=0.2843 --num_steps_per_checkpoint=200 --learning_rate=6e-3 --seed=12439 --fp16 --gradient_accumulation_steps=128 --allreduce_post_accumulation --allreduce_post_accumulation_fp16 --do_train --json-summary /home/ubuntu/varuna_examples/DeepLearningExamples/PyTorch/LanguageModeling/BERT/results/dllogger.json --varuna --resume_step 193
device: cuda:0 n_gpu: 1, distributed training: True, 16-bits training: True
dry run time 0.78517746925354
SHARED WEIGHTS ARE
[(0, 7)]
this rank  12 is part of pipeline replica  1
64 chunks
Begin to load checkpint from s3://spot-checkpoints/bert/ckpt_193.pt
2022-11-23 15:15:53.814052 resume step from  193
2022-11-23 15:15:59.496974 - Finished loading checkpoint, takes 5671.560 secs
12 Overflow !!
12 : update_scale(): _has_overflow, dynamic. _loss_scale =  524288.0
Finished iteration 193, CKPT_AND_STOP: False, flag: tensor([0], dtype=torch.int32), speed: 11601.469
12 Overflow !!
12 : update_scale(): _has_overflow, dynamic. _loss_scale =  262144.0
Finished iteration 194, CKPT_AND_STOP: False, flag: tensor([0], dtype=torch.int32), speed: 5454.071
12 Overflow !!
12 : update_scale(): _has_overflow, dynamic. _loss_scale =  131072.0
Finished iteration 195, CKPT_AND_STOP: False, flag: tensor([0], dtype=torch.int32), speed: 5179.460
12 Overflow !!
12 : update_scale(): _has_overflow, dynamic. _loss_scale =  65536.0
Finished iteration 196, CKPT_AND_STOP: False, flag: tensor([0], dtype=torch.int32), speed: 5350.300
12 Overflow !!
12 : update_scale(): _has_overflow, dynamic. _loss_scale =  32768.0
Finished iteration 197, CKPT_AND_STOP: False, flag: tensor([0], dtype=torch.int32), speed: 5423.871
12 Overflow !!
12 : update_scale(): _has_overflow, dynamic. _loss_scale =  16384.0
Finished iteration 198, CKPT_AND_STOP: False, flag: tensor([0], dtype=torch.int32), speed: 4096.886
12 Overflow !!
12 : update_scale(): _has_overflow, dynamic. _loss_scale =  8192.0
Finished iteration 199, CKPT_AND_STOP: False, flag: tensor([0], dtype=torch.int32), speed: 4213.185
12 Overflow !!
12 : update_scale(): _has_overflow, dynamic. _loss_scale =  4096.0
Finished iteration 200, CKPT_AND_STOP: False, flag: tensor([0], dtype=torch.int32), speed: 4345.644
12 Overflow !!
12 : update_scale(): _has_overflow, dynamic. _loss_scale =  2048.0
Finished iteration 201, CKPT_AND_STOP: False, flag: tensor([0], dtype=torch.int32), speed: 4333.103
12 Overflow !!
12 : update_scale(): _has_overflow, dynamic. _loss_scale =  1024.0
Finished iteration 202, CKPT_AND_STOP: False, flag: tensor([0], dtype=torch.int32), speed: 4285.125
12 Overflow !!
12 : update_scale(): _has_overflow, dynamic. _loss_scale =  512.0
Finished iteration 203, CKPT_AND_STOP: False, flag: tensor([0], dtype=torch.int32), speed: 4343.006
12 Overflow !!
12 : update_scale(): _has_overflow, dynamic. _loss_scale =  256.0
Finished iteration 204, CKPT_AND_STOP: False, flag: tensor([0], dtype=torch.int32), speed: 4092.429
12 Overflow !!
12 : update_scale(): _has_overflow, dynamic. _loss_scale =  128.0
Finished iteration 205, CKPT_AND_STOP: False, flag: tensor([0], dtype=torch.int32), speed: 4243.609
12 Overflow !!
12 : update_scale(): _has_overflow, dynamic. _loss_scale =  64.0
Finished iteration 206, CKPT_AND_STOP: False, flag: tensor([0], dtype=torch.int32), speed: 4083.734
12 Overflow !!
12 : update_scale(): _has_overflow, dynamic. _loss_scale =  32.0
Finished iteration 207, CKPT_AND_STOP: False, flag: tensor([0], dtype=torch.int32), speed: 4277.261
12 Overflow !!
12 : update_scale(): _has_overflow, dynamic. _loss_scale =  16.0
Finished iteration 208, CKPT_AND_STOP: False, flag: tensor([0], dtype=torch.int32), speed: 4171.751
12 Overflow !!
12 : update_scale(): _has_overflow, dynamic. _loss_scale =  8.0
Finished iteration 209, CKPT_AND_STOP: False, flag: tensor([0], dtype=torch.int32), speed: 4514.990
12 Overflow !!
12 : update_scale(): _has_overflow, dynamic. _loss_scale =  4.0
Finished iteration 210, CKPT_AND_STOP: False, flag: tensor([0], dtype=torch.int32), speed: 4278.493
12 Overflow !!
12 : update_scale(): _has_overflow, dynamic. _loss_scale =  2.0
Finished iteration 211, CKPT_AND_STOP: False, flag: tensor([0], dtype=torch.int32), speed: 4187.804
12 Overflow !!
12 : update_scale(): _has_overflow, dynamic. _loss_scale =  1.0
Finished iteration 212, CKPT_AND_STOP: False, flag: tensor([0], dtype=torch.int32), speed: 4287.372
12 Overflow !!
12 : update_scale(): _has_overflow, dynamic. _loss_scale =  1.0
Finished iteration 213, CKPT_AND_STOP: False, flag: tensor([0], dtype=torch.int32), speed: 4111.391
12 Overflow !!
12 : update_scale(): _has_overflow, dynamic. _loss_scale =  1.0
Finished iteration 214, CKPT_AND_STOP: False, flag: tensor([0], dtype=torch.int32), speed: 4099.627
12 Overflow !!
12 : update_scale(): _has_overflow, dynamic. _loss_scale =  1.0
Finished iteration 215, CKPT_AND_STOP: False, flag: tensor([0], dtype=torch.int32), speed: 4262.890
12 Overflow !!
12 : update_scale(): _has_overflow, dynamic. _loss_scale =  1.0
Finished iteration 216, CKPT_AND_STOP: False, flag: tensor([0], dtype=torch.int32), speed: 4108.556
12 Overflow !!
12 : update_scale(): _has_overflow, dynamic. _loss_scale =  1.0
Finished iteration 217, CKPT_AND_STOP: False, flag: tensor([0], dtype=torch.int32), speed: 4234.416
12 Overflow !!
12 : update_scale(): _has_overflow, dynamic. _loss_scale =  1.0
Finished iteration 218, CKPT_AND_STOP: False, flag: tensor([0], dtype=torch.int32), speed: 4261.935
12 Overflow !!
12 : update_scale(): _has_overflow, dynamic. _loss_scale =  1.0
Finished iteration 219, CKPT_AND_STOP: False, flag: tensor([0], dtype=torch.int32), speed: 4113.994
12 Overflow !!
12 : update_scale(): _has_overflow, dynamic. _loss_scale =  1.0
Finished iteration 220, CKPT_AND_STOP: False, flag: tensor([0], dtype=torch.int32), speed: 4239.278
12 Overflow !!
12 : update_scale(): _has_overflow, dynamic. _loss_scale =  1.0
Finished iteration 221, CKPT_AND_STOP: False, flag: tensor([0], dtype=torch.int32), speed: 4463.774
12 Overflow !!
12 : update_scale(): _has_overflow, dynamic. _loss_scale =  1.0
Finished iteration 222, CKPT_AND_STOP: False, flag: tensor([2], dtype=torch.int32), speed: 4176.393
2022-11-23 15:18:18.378610 Begin to save checkpont to s3://spot-checkpoints/bert and exit
Opt ckpt time 3.26841402053833
Signal handler called with signal 10


 STOPPING VARUNA !!



Process done with return code -10
Parent process ID: 16380 node: 172.31.19.171
2 per stage
16 servers!
Config:
ranks: range(12, 13)
train batch size: 1024
partitions: 8
chunk_size: 8
data depth: 2
stage to rank map: 0,8;1,9;2,10;3,11;4,12;5,13;6,14;7,15;
World size is 16
/opt/conda/envs/varuna/bin/python -u /home/ubuntu/varuna_examples/DeepLearningExamples/PyTorch/LanguageModeling/BERT/run_pretraining.py --rank=12 --chunk_size=8 --local_rank=0 --stage_to_rank_map=0,8;1,9;2,10;3,11;4,12;5,13;6,14;7,15; --batch-size=512 --input_dir=/hdf5_lower_case_1_seq_len_128_max_pred_20_masked_lm_prob_0.15_random_seed_12345_dupe_factor_5/wikicorpus_en/ --output_dir=s3://spot-checkpoints/bert --config_file=bert_config.json --bert_model=bert-large-uncased --train_batch_size=1024 --max_seq_length=128 --max_predictions_per_seq=20 --max_steps=7038 --warmup_proportion=0.2843 --num_steps_per_checkpoint=200 --learning_rate=6e-3 --seed=12439 --fp16 --gradient_accumulation_steps=128 --allreduce_post_accumulation --allreduce_post_accumulation_fp16 --do_train --json-summary /home/ubuntu/varuna_examples/DeepLearningExamples/PyTorch/LanguageModeling/BERT/results/dllogger.json --varuna --resume_step 223
device: cuda:0 n_gpu: 1, distributed training: True, 16-bits training: True
dry run time 0.06253719329833984
SHARED WEIGHTS ARE
[(0, 7)]
this rank  12 is part of pipeline replica  1
64 chunks
Begin to load checkpint from s3://spot-checkpoints/bert/ckpt_223.pt
2022-11-23 15:18:46.869205 resume step from  223
2022-11-23 15:18:58.847660 - Finished loading checkpoint, takes 11967.236 secs
12 Overflow !!
12 : update_scale(): _has_overflow, dynamic. _loss_scale =  524288.0
Finished iteration 223, CKPT_AND_STOP: False, flag: tensor([0], dtype=torch.int32), speed: 15751.918
12 Overflow !!
12 : update_scale(): _has_overflow, dynamic. _loss_scale =  262144.0
Finished iteration 224, CKPT_AND_STOP: False, flag: tensor([0], dtype=torch.int32), speed: 5328.001
12 Overflow !!
12 : update_scale(): _has_overflow, dynamic. _loss_scale =  131072.0
Finished iteration 225, CKPT_AND_STOP: False, flag: tensor([0], dtype=torch.int32), speed: 5298.818
12 Overflow !!
12 : update_scale(): _has_overflow, dynamic. _loss_scale =  65536.0
Finished iteration 226, CKPT_AND_STOP: False, flag: tensor([0], dtype=torch.int32), speed: 5192.513
12 Overflow !!
12 : update_scale(): _has_overflow, dynamic. _loss_scale =  32768.0
Finished iteration 227, CKPT_AND_STOP: False, flag: tensor([0], dtype=torch.int32), speed: 5258.938
12 Overflow !!
12 : update_scale(): _has_overflow, dynamic. _loss_scale =  16384.0
Finished iteration 228, CKPT_AND_STOP: False, flag: tensor([0], dtype=torch.int32), speed: 4405.859
12 Overflow !!
12 : update_scale(): _has_overflow, dynamic. _loss_scale =  8192.0
Finished iteration 229, CKPT_AND_STOP: False, flag: tensor([0], dtype=torch.int32), speed: 4337.867
12 Overflow !!
12 : update_scale(): _has_overflow, dynamic. _loss_scale =  4096.0
Finished iteration 230, CKPT_AND_STOP: False, flag: tensor([0], dtype=torch.int32), speed: 4175.006
12 Overflow !!
12 : update_scale(): _has_overflow, dynamic. _loss_scale =  2048.0
Finished iteration 231, CKPT_AND_STOP: False, flag: tensor([0], dtype=torch.int32), speed: 4236.973
12 Overflow !!
12 : update_scale(): _has_overflow, dynamic. _loss_scale =  1024.0
Finished iteration 232, CKPT_AND_STOP: False, flag: tensor([0], dtype=torch.int32), speed: 4241.755
12 Overflow !!
12 : update_scale(): _has_overflow, dynamic. _loss_scale =  512.0
Finished iteration 233, CKPT_AND_STOP: False, flag: tensor([0], dtype=torch.int32), speed: 4237.963
12 Overflow !!
12 : update_scale(): _has_overflow, dynamic. _loss_scale =  256.0
Finished iteration 234, CKPT_AND_STOP: False, flag: tensor([0], dtype=torch.int32), speed: 4259.478
12 Overflow !!
12 : update_scale(): _has_overflow, dynamic. _loss_scale =  128.0
Finished iteration 235, CKPT_AND_STOP: False, flag: tensor([0], dtype=torch.int32), speed: 4114.034
12 Overflow !!
12 : update_scale(): _has_overflow, dynamic. _loss_scale =  64.0
Finished iteration 236, CKPT_AND_STOP: False, flag: tensor([0], dtype=torch.int32), speed: 4348.384
12 Overflow !!
12 : update_scale(): _has_overflow, dynamic. _loss_scale =  32.0
Finished iteration 237, CKPT_AND_STOP: False, flag: tensor([0], dtype=torch.int32), speed: 4166.977
12 Overflow !!
12 : update_scale(): _has_overflow, dynamic. _loss_scale =  16.0
Finished iteration 238, CKPT_AND_STOP: False, flag: tensor([0], dtype=torch.int32), speed: 4235.005
12 Overflow !!
12 : update_scale(): _has_overflow, dynamic. _loss_scale =  8.0
Finished iteration 239, CKPT_AND_STOP: False, flag: tensor([0], dtype=torch.int32), speed: 4216.254
12 Overflow !!
12 : update_scale(): _has_overflow, dynamic. _loss_scale =  4.0
Finished iteration 240, CKPT_AND_STOP: False, flag: tensor([0], dtype=torch.int32), speed: 4249.043
12 Overflow !!
12 : update_scale(): _has_overflow, dynamic. _loss_scale =  2.0
Finished iteration 241, CKPT_AND_STOP: False, flag: tensor([0], dtype=torch.int32), speed: 4055.913
12 Overflow !!
12 : update_scale(): _has_overflow, dynamic. _loss_scale =  1.0
Finished iteration 242, CKPT_AND_STOP: False, flag: tensor([0], dtype=torch.int32), speed: 4242.879
12 Overflow !!
12 : update_scale(): _has_overflow, dynamic. _loss_scale =  1.0
Finished iteration 243, CKPT_AND_STOP: False, flag: tensor([0], dtype=torch.int32), speed: 4368.803
12 Overflow !!
12 : update_scale(): _has_overflow, dynamic. _loss_scale =  1.0
Finished iteration 244, CKPT_AND_STOP: False, flag: tensor([0], dtype=torch.int32), speed: 4183.435
12 Overflow !!
12 : update_scale(): _has_overflow, dynamic. _loss_scale =  1.0
Finished iteration 245, CKPT_AND_STOP: False, flag: tensor([0], dtype=torch.int32), speed: 4188.405
12 Overflow !!
12 : update_scale(): _has_overflow, dynamic. _loss_scale =  1.0
Finished iteration 246, CKPT_AND_STOP: False, flag: tensor([0], dtype=torch.int32), speed: 4344.794
12 Overflow !!
12 : update_scale(): _has_overflow, dynamic. _loss_scale =  1.0
Finished iteration 247, CKPT_AND_STOP: False, flag: tensor([0], dtype=torch.int32), speed: 4196.532
12 Overflow !!
12 : update_scale(): _has_overflow, dynamic. _loss_scale =  1.0
Finished iteration 248, CKPT_AND_STOP: False, flag: tensor([0], dtype=torch.int32), speed: 4311.709
12 Overflow !!
12 : update_scale(): _has_overflow, dynamic. _loss_scale =  1.0
Finished iteration 249, CKPT_AND_STOP: False, flag: tensor([0], dtype=torch.int32), speed: 4207.821
12 Overflow !!
12 : update_scale(): _has_overflow, dynamic. _loss_scale =  1.0
Finished iteration 250, CKPT_AND_STOP: False, flag: tensor([0], dtype=torch.int32), speed: 4192.751
12 Overflow !!
12 : update_scale(): _has_overflow, dynamic. _loss_scale =  1.0
Finished iteration 251, CKPT_AND_STOP: False, flag: tensor([0], dtype=torch.int32), speed: 4251.329
12 Overflow !!
12 : update_scale(): _has_overflow, dynamic. _loss_scale =  1.0
Finished iteration 252, CKPT_AND_STOP: False, flag: tensor([0], dtype=torch.int32), speed: 4205.647
12 Overflow !!
12 : update_scale(): _has_overflow, dynamic. _loss_scale =  1.0
Finished iteration 253, CKPT_AND_STOP: False, flag: tensor([0], dtype=torch.int32), speed: 4278.135
12 Overflow !!
12 : update_scale(): _has_overflow, dynamic. _loss_scale =  1.0
Finished iteration 254, CKPT_AND_STOP: False, flag: tensor([0], dtype=torch.int32), speed: 4095.651
12 Overflow !!
12 : update_scale(): _has_overflow, dynamic. _loss_scale =  1.0
Finished iteration 255, CKPT_AND_STOP: False, flag: tensor([0], dtype=torch.int32), speed: 4134.530
12 Overflow !!
12 : update_scale(): _has_overflow, dynamic. _loss_scale =  1.0
Finished iteration 256, CKPT_AND_STOP: False, flag: tensor([0], dtype=torch.int32), speed: 4100.592
12 Overflow !!
12 : update_scale(): _has_overflow, dynamic. _loss_scale =  1.0
Finished iteration 257, CKPT_AND_STOP: False, flag: tensor([0], dtype=torch.int32), speed: 4120.733
12 Overflow !!
12 : update_scale(): _has_overflow, dynamic. _loss_scale =  1.0
Finished iteration 258, CKPT_AND_STOP: False, flag: tensor([0], dtype=torch.int32), speed: 4332.278
12 Overflow !!
12 : update_scale(): _has_overflow, dynamic. _loss_scale =  1.0
Finished iteration 259, CKPT_AND_STOP: False, flag: tensor([0], dtype=torch.int32), speed: 4347.452
12 Overflow !!
12 : update_scale(): _has_overflow, dynamic. _loss_scale =  1.0
Finished iteration 260, CKPT_AND_STOP: False, flag: tensor([0], dtype=torch.int32), speed: 4188.234
12 Overflow !!
12 : update_scale(): _has_overflow, dynamic. _loss_scale =  1.0
Finished iteration 261, CKPT_AND_STOP: False, flag: tensor([0], dtype=torch.int32), speed: 4383.993
12 Overflow !!
12 : update_scale(): _has_overflow, dynamic. _loss_scale =  1.0
Finished iteration 262, CKPT_AND_STOP: False, flag: tensor([0], dtype=torch.int32), speed: 4245.058
12 Overflow !!
12 : update_scale(): _has_overflow, dynamic. _loss_scale =  1.0
Finished iteration 263, CKPT_AND_STOP: False, flag: tensor([0], dtype=torch.int32), speed: 4308.531
12 Overflow !!
12 : update_scale(): _has_overflow, dynamic. _loss_scale =  1.0
Finished iteration 264, CKPT_AND_STOP: False, flag: tensor([0], dtype=torch.int32), speed: 4283.638
12 Overflow !!
12 : update_scale(): _has_overflow, dynamic. _loss_scale =  1.0
Finished iteration 265, CKPT_AND_STOP: False, flag: tensor([0], dtype=torch.int32), speed: 4126.132
12 Overflow !!
12 : update_scale(): _has_overflow, dynamic. _loss_scale =  1.0
Finished iteration 266, CKPT_AND_STOP: False, flag: tensor([0], dtype=torch.int32), speed: 4343.340
12 Overflow !!
12 : update_scale(): _has_overflow, dynamic. _loss_scale =  1.0
Finished iteration 267, CKPT_AND_STOP: False, flag: tensor([0], dtype=torch.int32), speed: 4179.493
12 Overflow !!
12 : update_scale(): _has_overflow, dynamic. _loss_scale =  1.0
Finished iteration 268, CKPT_AND_STOP: False, flag: tensor([0], dtype=torch.int32), speed: 4345.914
12 Overflow !!
12 : update_scale(): _has_overflow, dynamic. _loss_scale =  1.0
Finished iteration 269, CKPT_AND_STOP: False, flag: tensor([0], dtype=torch.int32), speed: 4262.183
12 Overflow !!
12 : update_scale(): _has_overflow, dynamic. _loss_scale =  1.0
Finished iteration 270, CKPT_AND_STOP: False, flag: tensor([0], dtype=torch.int32), speed: 4274.834
12 Overflow !!
12 : update_scale(): _has_overflow, dynamic. _loss_scale =  1.0
Finished iteration 271, CKPT_AND_STOP: False, flag: tensor([0], dtype=torch.int32), speed: 4369.892
12 Overflow !!
12 : update_scale(): _has_overflow, dynamic. _loss_scale =  1.0
Finished iteration 272, CKPT_AND_STOP: False, flag: tensor([0], dtype=torch.int32), speed: 4221.385
12 Overflow !!
12 : update_scale(): _has_overflow, dynamic. _loss_scale =  1.0
Finished iteration 273, CKPT_AND_STOP: False, flag: tensor([0], dtype=torch.int32), speed: 4205.201
12 Overflow !!
12 : update_scale(): _has_overflow, dynamic. _loss_scale =  1.0
Finished iteration 274, CKPT_AND_STOP: False, flag: tensor([0], dtype=torch.int32), speed: 4270.760
12 Overflow !!
12 : update_scale(): _has_overflow, dynamic. _loss_scale =  1.0
Finished iteration 275, CKPT_AND_STOP: False, flag: tensor([0], dtype=torch.int32), speed: 4193.744
12 Overflow !!
12 : update_scale(): _has_overflow, dynamic. _loss_scale =  1.0
Finished iteration 276, CKPT_AND_STOP: False, flag: tensor([0], dtype=torch.int32), speed: 4221.941
12 Overflow !!
12 : update_scale(): _has_overflow, dynamic. _loss_scale =  1.0
Finished iteration 277, CKPT_AND_STOP: False, flag: tensor([0], dtype=torch.int32), speed: 4142.750
12 Overflow !!
12 : update_scale(): _has_overflow, dynamic. _loss_scale =  1.0
Finished iteration 278, CKPT_AND_STOP: False, flag: tensor([0], dtype=torch.int32), speed: 4085.698
12 Overflow !!
12 : update_scale(): _has_overflow, dynamic. _loss_scale =  1.0
Finished iteration 279, CKPT_AND_STOP: False, flag: tensor([0], dtype=torch.int32), speed: 4244.378
12 Overflow !!
12 : update_scale(): _has_overflow, dynamic. _loss_scale =  1.0
Finished iteration 280, CKPT_AND_STOP: False, flag: tensor([0], dtype=torch.int32), speed: 4147.834
12 Overflow !!
12 : update_scale(): _has_overflow, dynamic. _loss_scale =  1.0
Finished iteration 281, CKPT_AND_STOP: False, flag: tensor([0], dtype=torch.int32), speed: 4250.140
12 Overflow !!
12 : update_scale(): _has_overflow, dynamic. _loss_scale =  1.0
Finished iteration 282, CKPT_AND_STOP: False, flag: tensor([0], dtype=torch.int32), speed: 4384.781
12 Overflow !!
12 : update_scale(): _has_overflow, dynamic. _loss_scale =  1.0
Finished iteration 283, CKPT_AND_STOP: False, flag: tensor([0], dtype=torch.int32), speed: 4166.910
12 Overflow !!
12 : update_scale(): _has_overflow, dynamic. _loss_scale =  1.0
Finished iteration 284, CKPT_AND_STOP: False, flag: tensor([0], dtype=torch.int32), speed: 4171.274
12 Overflow !!
12 : update_scale(): _has_overflow, dynamic. _loss_scale =  1.0
Finished iteration 285, CKPT_AND_STOP: False, flag: tensor([0], dtype=torch.int32), speed: 5243.740
12 Overflow !!
12 : update_scale(): _has_overflow, dynamic. _loss_scale =  1.0
Finished iteration 286, CKPT_AND_STOP: False, flag: tensor([0], dtype=torch.int32), speed: 4374.372
12 Overflow !!
12 : update_scale(): _has_overflow, dynamic. _loss_scale =  1.0
Finished iteration 287, CKPT_AND_STOP: False, flag: tensor([0], dtype=torch.int32), speed: 4255.862
12 Overflow !!
12 : update_scale(): _has_overflow, dynamic. _loss_scale =  1.0
Finished iteration 288, CKPT_AND_STOP: False, flag: tensor([0], dtype=torch.int32), speed: 4330.269
12 Overflow !!
12 : update_scale(): _has_overflow, dynamic. _loss_scale =  1.0
Finished iteration 289, CKPT_AND_STOP: False, flag: tensor([0], dtype=torch.int32), speed: 4147.783
12 Overflow !!
12 : update_scale(): _has_overflow, dynamic. _loss_scale =  1.0
Finished iteration 290, CKPT_AND_STOP: False, flag: tensor([0], dtype=torch.int32), speed: 4301.261
12 Overflow !!
12 : update_scale(): _has_overflow, dynamic. _loss_scale =  1.0
Finished iteration 291, CKPT_AND_STOP: False, flag: tensor([0], dtype=torch.int32), speed: 4249.043
12 Overflow !!
12 : update_scale(): _has_overflow, dynamic. _loss_scale =  1.0
Finished iteration 292, CKPT_AND_STOP: False, flag: tensor([0], dtype=torch.int32), speed: 4123.969
12 Overflow !!
12 : update_scale(): _has_overflow, dynamic. _loss_scale =  1.0
Finished iteration 293, CKPT_AND_STOP: False, flag: tensor([0], dtype=torch.int32), speed: 4357.312
12 Overflow !!
12 : update_scale(): _has_overflow, dynamic. _loss_scale =  1.0
Finished iteration 294, CKPT_AND_STOP: False, flag: tensor([0], dtype=torch.int32), speed: 4157.120
12 Overflow !!
12 : update_scale(): _has_overflow, dynamic. _loss_scale =  1.0
Finished iteration 295, CKPT_AND_STOP: False, flag: tensor([0], dtype=torch.int32), speed: 4343.621
12 Overflow !!
12 : update_scale(): _has_overflow, dynamic. _loss_scale =  1.0
Finished iteration 296, CKPT_AND_STOP: False, flag: tensor([0], dtype=torch.int32), speed: 4134.187
12 Overflow !!
12 : update_scale(): _has_overflow, dynamic. _loss_scale =  1.0
Finished iteration 297, CKPT_AND_STOP: False, flag: tensor([0], dtype=torch.int32), speed: 4328.112
12 Overflow !!
12 : update_scale(): _has_overflow, dynamic. _loss_scale =  1.0
Finished iteration 298, CKPT_AND_STOP: False, flag: tensor([0], dtype=torch.int32), speed: 4153.188
12 Overflow !!
12 : update_scale(): _has_overflow, dynamic. _loss_scale =  1.0
Finished iteration 299, CKPT_AND_STOP: False, flag: tensor([0], dtype=torch.int32), speed: 4266.881
12 Overflow !!
12 : update_scale(): _has_overflow, dynamic. _loss_scale =  1.0
Finished iteration 300, CKPT_AND_STOP: False, flag: tensor([0], dtype=torch.int32), speed: 4239.574
12 Overflow !!
12 : update_scale(): _has_overflow, dynamic. _loss_scale =  1.0
Finished iteration 301, CKPT_AND_STOP: False, flag: tensor([0], dtype=torch.int32), speed: 4372.738
12 Overflow !!
12 : update_scale(): _has_overflow, dynamic. _loss_scale =  1.0
Finished iteration 302, CKPT_AND_STOP: False, flag: tensor([0], dtype=torch.int32), speed: 4460.377
12 Overflow !!
12 : update_scale(): _has_overflow, dynamic. _loss_scale =  1.0
Finished iteration 303, CKPT_AND_STOP: False, flag: tensor([0], dtype=torch.int32), speed: 4602.213
12 Overflow !!
12 : update_scale(): _has_overflow, dynamic. _loss_scale =  1.0
Finished iteration 304, CKPT_AND_STOP: False, flag: tensor([0], dtype=torch.int32), speed: 4630.640
12 Overflow !!
12 : update_scale(): _has_overflow, dynamic. _loss_scale =  1.0
Finished iteration 305, CKPT_AND_STOP: False, flag: tensor([0], dtype=torch.int32), speed: 4160.716
12 Overflow !!
12 : update_scale(): _has_overflow, dynamic. _loss_scale =  1.0
Finished iteration 306, CKPT_AND_STOP: False, flag: tensor([0], dtype=torch.int32), speed: 4254.508
12 Overflow !!
12 : update_scale(): _has_overflow, dynamic. _loss_scale =  1.0
Finished iteration 307, CKPT_AND_STOP: False, flag: tensor([0], dtype=torch.int32), speed: 4266.906
12 Overflow !!
12 : update_scale(): _has_overflow, dynamic. _loss_scale =  1.0
Finished iteration 308, CKPT_AND_STOP: False, flag: tensor([0], dtype=torch.int32), speed: 4191.613
12 Overflow !!
12 : update_scale(): _has_overflow, dynamic. _loss_scale =  1.0
Finished iteration 309, CKPT_AND_STOP: False, flag: tensor([0], dtype=torch.int32), speed: 4176.897
12 Overflow !!
12 : update_scale(): _has_overflow, dynamic. _loss_scale =  1.0
Finished iteration 310, CKPT_AND_STOP: False, flag: tensor([0], dtype=torch.int32), speed: 4127.964
12 Overflow !!
12 : update_scale(): _has_overflow, dynamic. _loss_scale =  1.0
Finished iteration 311, CKPT_AND_STOP: False, flag: tensor([0], dtype=torch.int32), speed: 4168.570
12 Overflow !!
12 : update_scale(): _has_overflow, dynamic. _loss_scale =  1.0
Finished iteration 312, CKPT_AND_STOP: False, flag: tensor([0], dtype=torch.int32), speed: 4260.172
12 Overflow !!
12 : update_scale(): _has_overflow, dynamic. _loss_scale =  1.0
Finished iteration 313, CKPT_AND_STOP: False, flag: tensor([0], dtype=torch.int32), speed: 4082.097
12 Overflow !!
12 : update_scale(): _has_overflow, dynamic. _loss_scale =  1.0
Finished iteration 314, CKPT_AND_STOP: False, flag: tensor([0], dtype=torch.int32), speed: 4467.781
12 Overflow !!
12 : update_scale(): _has_overflow, dynamic. _loss_scale =  1.0
Finished iteration 315, CKPT_AND_STOP: False, flag: tensor([0], dtype=torch.int32), speed: 4243.706
12 Overflow !!
12 : update_scale(): _has_overflow, dynamic. _loss_scale =  1.0
Finished iteration 316, CKPT_AND_STOP: False, flag: tensor([0], dtype=torch.int32), speed: 4202.574
12 Overflow !!
12 : update_scale(): _has_overflow, dynamic. _loss_scale =  1.0
Finished iteration 317, CKPT_AND_STOP: False, flag: tensor([0], dtype=torch.int32), speed: 4159.698
12 Overflow !!
12 : update_scale(): _has_overflow, dynamic. _loss_scale =  1.0
Finished iteration 318, CKPT_AND_STOP: False, flag: tensor([0], dtype=torch.int32), speed: 4160.496
12 Overflow !!
12 : update_scale(): _has_overflow, dynamic. _loss_scale =  1.0
Finished iteration 319, CKPT_AND_STOP: False, flag: tensor([0], dtype=torch.int32), speed: 4157.381
Process done with return code -6
Parent process ID: 14781 node: 172.31.24.191
1 per stage
8 servers!
12 8 I am of no use!
Parent process ID: 15092 node: 172.31.24.191
2 per stage
16 servers!
Config:
ranks: range(12, 13)
train batch size: 1024
partitions: 8
chunk_size: 8
data depth: 2
stage to rank map: 0,8;1,9;2,10;3,11;4,12;5,13;6,14;7,15;
World size is 16
/opt/conda/envs/varuna/bin/python -u /home/ubuntu/varuna_examples/DeepLearningExamples/PyTorch/LanguageModeling/BERT/run_pretraining.py --rank=12 --chunk_size=8 --local_rank=0 --stage_to_rank_map=0,8;1,9;2,10;3,11;4,12;5,13;6,14;7,15; --batch-size=512 --input_dir=/hdf5_lower_case_1_seq_len_128_max_pred_20_masked_lm_prob_0.15_random_seed_12345_dupe_factor_5/wikicorpus_en/ --output_dir=s3://spot-checkpoints/bert --config_file=bert_config.json --bert_model=bert-large-uncased --train_batch_size=1024 --max_seq_length=128 --max_predictions_per_seq=20 --max_steps=7038 --warmup_proportion=0.2843 --num_steps_per_checkpoint=200 --learning_rate=6e-3 --seed=12439 --fp16 --gradient_accumulation_steps=128 --allreduce_post_accumulation --allreduce_post_accumulation_fp16 --do_train --json-summary /home/ubuntu/varuna_examples/DeepLearningExamples/PyTorch/LanguageModeling/BERT/results/dllogger.json --varuna --resume_step 223
device: cuda:0 n_gpu: 1, distributed training: True, 16-bits training: True
dry run time 0.2375199794769287
SHARED WEIGHTS ARE
[(0, 7)]
this rank  12 is part of pipeline replica  1
64 chunks
Begin to load checkpint from s3://spot-checkpoints/bert/ckpt_223.pt
2022-11-23 15:26:44.288606 resume step from  223
2022-11-23 15:26:52.261083 - Finished loading checkpoint, takes 7961.203 secs
12 Overflow !!
12 : update_scale(): _has_overflow, dynamic. _loss_scale =  524288.0
Finished iteration 223, CKPT_AND_STOP: False, flag: tensor([0], dtype=torch.int32), speed: 20972.928
12 Overflow !!
12 : update_scale(): _has_overflow, dynamic. _loss_scale =  262144.0
Finished iteration 224, CKPT_AND_STOP: False, flag: tensor([0], dtype=torch.int32), speed: 5307.740
12 Overflow !!
12 : update_scale(): _has_overflow, dynamic. _loss_scale =  131072.0
Finished iteration 225, CKPT_AND_STOP: False, flag: tensor([0], dtype=torch.int32), speed: 5295.303
12 Overflow !!
12 : update_scale(): _has_overflow, dynamic. _loss_scale =  65536.0
Finished iteration 226, CKPT_AND_STOP: False, flag: tensor([0], dtype=torch.int32), speed: 5232.457
12 Overflow !!
12 : update_scale(): _has_overflow, dynamic. _loss_scale =  32768.0
Finished iteration 227, CKPT_AND_STOP: False, flag: tensor([0], dtype=torch.int32), speed: 5248.700
12 Overflow !!
12 : update_scale(): _has_overflow, dynamic. _loss_scale =  16384.0
Finished iteration 228, CKPT_AND_STOP: False, flag: tensor([0], dtype=torch.int32), speed: 4204.255
12 Overflow !!
12 : update_scale(): _has_overflow, dynamic. _loss_scale =  8192.0
Finished iteration 229, CKPT_AND_STOP: False, flag: tensor([0], dtype=torch.int32), speed: 4267.262
12 Overflow !!
12 : update_scale(): _has_overflow, dynamic. _loss_scale =  4096.0
Finished iteration 230, CKPT_AND_STOP: False, flag: tensor([0], dtype=torch.int32), speed: 4335.216
12 Overflow !!
12 : update_scale(): _has_overflow, dynamic. _loss_scale =  2048.0
Finished iteration 231, CKPT_AND_STOP: False, flag: tensor([0], dtype=torch.int32), speed: 4194.318
12 Overflow !!
12 : update_scale(): _has_overflow, dynamic. _loss_scale =  1024.0
Finished iteration 232, CKPT_AND_STOP: False, flag: tensor([0], dtype=torch.int32), speed: 4416.836
12 Overflow !!
12 : update_scale(): _has_overflow, dynamic. _loss_scale =  512.0
Finished iteration 233, CKPT_AND_STOP: False, flag: tensor([0], dtype=torch.int32), speed: 4281.482
12 Overflow !!
12 : update_scale(): _has_overflow, dynamic. _loss_scale =  256.0
Finished iteration 234, CKPT_AND_STOP: False, flag: tensor([0], dtype=torch.int32), speed: 4484.607
12 Overflow !!
12 : update_scale(): _has_overflow, dynamic. _loss_scale =  128.0
Finished iteration 235, CKPT_AND_STOP: False, flag: tensor([0], dtype=torch.int32), speed: 4308.046
12 Overflow !!
12 : update_scale(): _has_overflow, dynamic. _loss_scale =  64.0
Finished iteration 236, CKPT_AND_STOP: False, flag: tensor([0], dtype=torch.int32), speed: 4184.460
12 Overflow !!
12 : update_scale(): _has_overflow, dynamic. _loss_scale =  32.0
Finished iteration 237, CKPT_AND_STOP: False, flag: tensor([0], dtype=torch.int32), speed: 4227.868
12 Overflow !!
12 : update_scale(): _has_overflow, dynamic. _loss_scale =  16.0
Finished iteration 238, CKPT_AND_STOP: False, flag: tensor([0], dtype=torch.int32), speed: 4193.349
12 Overflow !!
12 : update_scale(): _has_overflow, dynamic. _loss_scale =  8.0
Finished iteration 239, CKPT_AND_STOP: False, flag: tensor([0], dtype=torch.int32), speed: 4277.405
12 Overflow !!
12 : update_scale(): _has_overflow, dynamic. _loss_scale =  4.0
Finished iteration 240, CKPT_AND_STOP: False, flag: tensor([0], dtype=torch.int32), speed: 4162.505
12 Overflow !!
12 : update_scale(): _has_overflow, dynamic. _loss_scale =  2.0
Finished iteration 241, CKPT_AND_STOP: False, flag: tensor([0], dtype=torch.int32), speed: 4248.454
12 Overflow !!
12 : update_scale(): _has_overflow, dynamic. _loss_scale =  1.0
Finished iteration 242, CKPT_AND_STOP: False, flag: tensor([0], dtype=torch.int32), speed: 4257.390
12 Overflow !!
12 : update_scale(): _has_overflow, dynamic. _loss_scale =  1.0
Finished iteration 243, CKPT_AND_STOP: False, flag: tensor([0], dtype=torch.int32), speed: 4242.064
12 Overflow !!
12 : update_scale(): _has_overflow, dynamic. _loss_scale =  1.0
Finished iteration 244, CKPT_AND_STOP: False, flag: tensor([0], dtype=torch.int32), speed: 4158.651
12 Overflow !!
12 : update_scale(): _has_overflow, dynamic. _loss_scale =  1.0
Finished iteration 245, CKPT_AND_STOP: False, flag: tensor([0], dtype=torch.int32), speed: 4165.728
12 Overflow !!
12 : update_scale(): _has_overflow, dynamic. _loss_scale =  1.0
Finished iteration 246, CKPT_AND_STOP: False, flag: tensor([0], dtype=torch.int32), speed: 4037.622
12 Overflow !!
12 : update_scale(): _has_overflow, dynamic. _loss_scale =  1.0
Finished iteration 247, CKPT_AND_STOP: False, flag: tensor([0], dtype=torch.int32), speed: 4312.535
12 Overflow !!
12 : update_scale(): _has_overflow, dynamic. _loss_scale =  1.0
Finished iteration 248, CKPT_AND_STOP: False, flag: tensor([0], dtype=torch.int32), speed: 4285.516
12 Overflow !!
12 : update_scale(): _has_overflow, dynamic. _loss_scale =  1.0
Finished iteration 249, CKPT_AND_STOP: False, flag: tensor([0], dtype=torch.int32), speed: 4303.010
12 Overflow !!
12 : update_scale(): _has_overflow, dynamic. _loss_scale =  1.0
Finished iteration 250, CKPT_AND_STOP: False, flag: tensor([0], dtype=torch.int32), speed: 4138.339
12 Overflow !!
12 : update_scale(): _has_overflow, dynamic. _loss_scale =  1.0
Finished iteration 251, CKPT_AND_STOP: False, flag: tensor([0], dtype=torch.int32), speed: 4137.619
12 Overflow !!
12 : update_scale(): _has_overflow, dynamic. _loss_scale =  1.0
Finished iteration 252, CKPT_AND_STOP: False, flag: tensor([0], dtype=torch.int32), speed: 4069.209
