Parent process ID: 5953 node: 172.31.28.143
3 per stage
24 servers!
Config:
ranks: range(23, 24)
train batch size: 1024
partitions: 8
chunk_size: 8
data depth: 3
stage to rank map: 0,8,16;1,9,17;2,10,18;3,11,19;4,12,20;5,13,21;6,14,22;7,15,23;
World size is 24
/opt/conda/envs/varuna/bin/python -u /home/ubuntu/varuna_examples/DeepLearningExamples/PyTorch/LanguageModeling/BERT/run_pretraining.py --rank=23 --chunk_size=8 --local_rank=0 --stage_to_rank_map=0,8,16;1,9,17;2,10,18;3,11,19;4,12,20;5,13,21;6,14,22;7,15,23; --batch-size=341 --input_dir=/hdf5_lower_case_1_seq_len_128_max_pred_20_masked_lm_prob_0.15_random_seed_12345_dupe_factor_5/wikicorpus_en/ --output_dir=s3://spot-checkpoints/bert --config_file=bert_config.json --bert_model=bert-large-uncased --train_batch_size=1024 --max_seq_length=128 --max_predictions_per_seq=20 --max_steps=7038 --warmup_proportion=0.2843 --num_steps_per_checkpoint=200 --learning_rate=6e-3 --seed=12439 --fp16 --gradient_accumulation_steps=128 --allreduce_post_accumulation --allreduce_post_accumulation_fp16 --do_train --json-summary /home/ubuntu/varuna_examples/DeepLearningExamples/PyTorch/LanguageModeling/BERT/results/dllogger.json --varuna --resume_step 95
device: cuda:0 n_gpu: 1, distributed training: True, 16-bits training: True
dry run time 0.21884989738464355
SHARED WEIGHTS ARE
[(0, 7)]
this rank  23 is part of pipeline replica  2
43 chunks
Begin to load checkpint from s3://spot-checkpoints/bert/ckpt_95.pt
2022-11-23 14:50:50.890737 resume step from  95
2022-11-23 14:51:00.413714 - Finished loading checkpoint, takes 9510.861 secs
23 Overflow !!
23 : update_scale(): _has_overflow, dynamic. _loss_scale =  524288.0
Finished iteration 95, CKPT_AND_STOP: False, flag: tensor([0], dtype=torch.int32), speed: 14268.195
23 Overflow !!
23 : update_scale(): _has_overflow, dynamic. _loss_scale =  262144.0
Finished iteration 96, CKPT_AND_STOP: False, flag: tensor([0], dtype=torch.int32), speed: 4192.574
23 Overflow !!
23 : update_scale(): _has_overflow, dynamic. _loss_scale =  131072.0
Finished iteration 97, CKPT_AND_STOP: False, flag: tensor([0], dtype=torch.int32), speed: 4192.160
23 Overflow !!
23 : update_scale(): _has_overflow, dynamic. _loss_scale =  65536.0
Finished iteration 98, CKPT_AND_STOP: False, flag: tensor([0], dtype=torch.int32), speed: 4249.235
23 Overflow !!
23 : update_scale(): _has_overflow, dynamic. _loss_scale =  32768.0
Finished iteration 99, CKPT_AND_STOP: False, flag: tensor([0], dtype=torch.int32), speed: 4179.721
23 Overflow !!
23 : update_scale(): _has_overflow, dynamic. _loss_scale =  16384.0
Finished iteration 100, CKPT_AND_STOP: False, flag: tensor([0], dtype=torch.int32), speed: 3264.634
23 Overflow !!
23 : update_scale(): _has_overflow, dynamic. _loss_scale =  8192.0
Finished iteration 101, CKPT_AND_STOP: False, flag: tensor([0], dtype=torch.int32), speed: 3237.873
23 Overflow !!
23 : update_scale(): _has_overflow, dynamic. _loss_scale =  4096.0
Finished iteration 102, CKPT_AND_STOP: False, flag: tensor([0], dtype=torch.int32), speed: 3427.999
23 Overflow !!
23 : update_scale(): _has_overflow, dynamic. _loss_scale =  2048.0
Finished iteration 103, CKPT_AND_STOP: False, flag: tensor([0], dtype=torch.int32), speed: 3263.833
23 Overflow !!
23 : update_scale(): _has_overflow, dynamic. _loss_scale =  1024.0
Finished iteration 104, CKPT_AND_STOP: False, flag: tensor([0], dtype=torch.int32), speed: 3127.661
23 Overflow !!
23 : update_scale(): _has_overflow, dynamic. _loss_scale =  512.0
Finished iteration 105, CKPT_AND_STOP: False, flag: tensor([0], dtype=torch.int32), speed: 3099.169
23 Overflow !!
23 : update_scale(): _has_overflow, dynamic. _loss_scale =  256.0
Finished iteration 106, CKPT_AND_STOP: False, flag: tensor([0], dtype=torch.int32), speed: 3204.928
23 Overflow !!
23 : update_scale(): _has_overflow, dynamic. _loss_scale =  128.0
Finished iteration 107, CKPT_AND_STOP: False, flag: tensor([0], dtype=torch.int32), speed: 3134.005
23 Overflow !!
23 : update_scale(): _has_overflow, dynamic. _loss_scale =  64.0
Finished iteration 108, CKPT_AND_STOP: False, flag: tensor([0], dtype=torch.int32), speed: 3167.372
23 Overflow !!
23 : update_scale(): _has_overflow, dynamic. _loss_scale =  32.0
Finished iteration 109, CKPT_AND_STOP: False, flag: tensor([0], dtype=torch.int32), speed: 3380.093
23 Overflow !!
23 : update_scale(): _has_overflow, dynamic. _loss_scale =  16.0
Finished iteration 110, CKPT_AND_STOP: False, flag: tensor([0], dtype=torch.int32), speed: 3088.597
23 Overflow !!
23 : update_scale(): _has_overflow, dynamic. _loss_scale =  8.0
Finished iteration 111, CKPT_AND_STOP: False, flag: tensor([0], dtype=torch.int32), speed: 3181.110
23 Overflow !!
23 : update_scale(): _has_overflow, dynamic. _loss_scale =  4.0
Finished iteration 112, CKPT_AND_STOP: False, flag: tensor([0], dtype=torch.int32), speed: 3336.318
23 Overflow !!
23 : update_scale(): _has_overflow, dynamic. _loss_scale =  2.0
Finished iteration 113, CKPT_AND_STOP: False, flag: tensor([0], dtype=torch.int32), speed: 3153.792
23 Overflow !!
23 : update_scale(): _has_overflow, dynamic. _loss_scale =  1.0
Finished iteration 114, CKPT_AND_STOP: False, flag: tensor([0], dtype=torch.int32), speed: 3212.437
23 Overflow !!
23 : update_scale(): _has_overflow, dynamic. _loss_scale =  1.0
Finished iteration 115, CKPT_AND_STOP: False, flag: tensor([0], dtype=torch.int32), speed: 3153.131
23 Overflow !!
23 : update_scale(): _has_overflow, dynamic. _loss_scale =  1.0
Finished iteration 116, CKPT_AND_STOP: False, flag: tensor([0], dtype=torch.int32), speed: 3224.606
23 Overflow !!
23 : update_scale(): _has_overflow, dynamic. _loss_scale =  1.0
Finished iteration 117, CKPT_AND_STOP: False, flag: tensor([0], dtype=torch.int32), speed: 3179.431
23 Overflow !!
23 : update_scale(): _has_overflow, dynamic. _loss_scale =  1.0
Finished iteration 118, CKPT_AND_STOP: False, flag: tensor([0], dtype=torch.int32), speed: 3122.896
23 Overflow !!
23 : update_scale(): _has_overflow, dynamic. _loss_scale =  1.0
Finished iteration 119, CKPT_AND_STOP: False, flag: tensor([0], dtype=torch.int32), speed: 3121.988
23 Overflow !!
23 : update_scale(): _has_overflow, dynamic. _loss_scale =  1.0
Finished iteration 120, CKPT_AND_STOP: False, flag: tensor([0], dtype=torch.int32), speed: 3175.150
23 Overflow !!
23 : update_scale(): _has_overflow, dynamic. _loss_scale =  1.0
Finished iteration 121, CKPT_AND_STOP: False, flag: tensor([0], dtype=torch.int32), speed: 3163.066
23 Overflow !!
23 : update_scale(): _has_overflow, dynamic. _loss_scale =  1.0
Finished iteration 122, CKPT_AND_STOP: False, flag: tensor([0], dtype=torch.int32), speed: 3088.814
23 Overflow !!
23 : update_scale(): _has_overflow, dynamic. _loss_scale =  1.0
Finished iteration 123, CKPT_AND_STOP: False, flag: tensor([0], dtype=torch.int32), speed: 3170.774
23 Overflow !!
23 : update_scale(): _has_overflow, dynamic. _loss_scale =  1.0
Finished iteration 124, CKPT_AND_STOP: False, flag: tensor([0], dtype=torch.int32), speed: 3175.925
23 Overflow !!
23 : update_scale(): _has_overflow, dynamic. _loss_scale =  1.0
Finished iteration 125, CKPT_AND_STOP: False, flag: tensor([0], dtype=torch.int32), speed: 4008.176
23 Overflow !!
23 : update_scale(): _has_overflow, dynamic. _loss_scale =  1.0
Finished iteration 126, CKPT_AND_STOP: False, flag: tensor([0], dtype=torch.int32), speed: 3129.911
23 Overflow !!
23 : update_scale(): _has_overflow, dynamic. _loss_scale =  1.0
Finished iteration 127, CKPT_AND_STOP: False, flag: tensor([0], dtype=torch.int32), speed: 3395.449
23 Overflow !!
23 : update_scale(): _has_overflow, dynamic. _loss_scale =  1.0
Finished iteration 128, CKPT_AND_STOP: False, flag: tensor([0], dtype=torch.int32), speed: 3254.352
23 Overflow !!
23 : update_scale(): _has_overflow, dynamic. _loss_scale =  1.0
Finished iteration 129, CKPT_AND_STOP: False, flag: tensor([0], dtype=torch.int32), speed: 3288.828
23 Overflow !!
23 : update_scale(): _has_overflow, dynamic. _loss_scale =  1.0
Finished iteration 130, CKPT_AND_STOP: False, flag: tensor([0], dtype=torch.int32), speed: 3093.114
23 Overflow !!
23 : update_scale(): _has_overflow, dynamic. _loss_scale =  1.0
Finished iteration 131, CKPT_AND_STOP: False, flag: tensor([0], dtype=torch.int32), speed: 3171.684
23 Overflow !!
23 : update_scale(): _has_overflow, dynamic. _loss_scale =  1.0
Finished iteration 132, CKPT_AND_STOP: False, flag: tensor([0], dtype=torch.int32), speed: 3171.250
23 Overflow !!
23 : update_scale(): _has_overflow, dynamic. _loss_scale =  1.0
Finished iteration 133, CKPT_AND_STOP: False, flag: tensor([0], dtype=torch.int32), speed: 3284.963
23 Overflow !!
23 : update_scale(): _has_overflow, dynamic. _loss_scale =  1.0
Finished iteration 134, CKPT_AND_STOP: False, flag: tensor([0], dtype=torch.int32), speed: 3315.439
23 Overflow !!
23 : update_scale(): _has_overflow, dynamic. _loss_scale =  1.0
Finished iteration 135, CKPT_AND_STOP: False, flag: tensor([0], dtype=torch.int32), speed: 3368.618
23 Overflow !!
23 : update_scale(): _has_overflow, dynamic. _loss_scale =  1.0
Finished iteration 136, CKPT_AND_STOP: False, flag: tensor([0], dtype=torch.int32), speed: 3157.913
23 Overflow !!
23 : update_scale(): _has_overflow, dynamic. _loss_scale =  1.0
Finished iteration 137, CKPT_AND_STOP: False, flag: tensor([0], dtype=torch.int32), speed: 3174.021
23 Overflow !!
23 : update_scale(): _has_overflow, dynamic. _loss_scale =  1.0
Finished iteration 138, CKPT_AND_STOP: False, flag: tensor([0], dtype=torch.int32), speed: 3230.099
23 Overflow !!
23 : update_scale(): _has_overflow, dynamic. _loss_scale =  1.0
Finished iteration 139, CKPT_AND_STOP: False, flag: tensor([0], dtype=torch.int32), speed: 3947.997
23 Overflow !!
23 : update_scale(): _has_overflow, dynamic. _loss_scale =  1.0
Finished iteration 140, CKPT_AND_STOP: False, flag: tensor([0], dtype=torch.int32), speed: 3200.911
23 Overflow !!
23 : update_scale(): _has_overflow, dynamic. _loss_scale =  1.0
Finished iteration 141, CKPT_AND_STOP: False, flag: tensor([1], dtype=torch.int32), speed: 3198.029
2022-11-23 14:53:47.780396 Begin to save checkpont to s3://spot-checkpoints/bert and exit
Opt ckpt time 7.5350282192230225
Process done with return code 0
