Parent process ID: 12144 node: 172.31.19.112
2 per stage
16 servers!
Config:
ranks: range(15, 16)
train batch size: 1024
partitions: 8
chunk_size: 8
data depth: 2
stage to rank map: 0,8;1,9;2,10;3,11;4,12;5,13;6,14;7,15;
World size is 16
/opt/conda/envs/varuna/bin/python -u /home/ubuntu/varuna_examples/DeepLearningExamples/PyTorch/LanguageModeling/BERT/run_pretraining.py --rank=15 --chunk_size=8 --local_rank=0 --stage_to_rank_map=0,8;1,9;2,10;3,11;4,12;5,13;6,14;7,15; --batch-size=512 --input_dir=/hdf5_lower_case_1_seq_len_128_max_pred_20_masked_lm_prob_0.15_random_seed_12345_dupe_factor_5/wikicorpus_en/ --output_dir=s3://spot-checkpoints/bert --config_file=bert_config.json --bert_model=bert-large-uncased --train_batch_size=1024 --max_seq_length=128 --max_predictions_per_seq=20 --max_steps=7038 --warmup_proportion=0.2843 --num_steps_per_checkpoint=200 --learning_rate=6e-3 --seed=12439 --fp16 --gradient_accumulation_steps=128 --allreduce_post_accumulation --allreduce_post_accumulation_fp16 --do_train --json-summary /home/ubuntu/varuna_examples/DeepLearningExamples/PyTorch/LanguageModeling/BERT/results/dllogger.json --varuna
device: cuda:0 n_gpu: 1, distributed training: True, 16-bits training: True
dry run time 0.12045884132385254
SHARED WEIGHTS ARE
[(0, 7)]
this rank  15 is part of pipeline replica  1
64 chunks
Finished iteration 0, CKPT_AND_STOP: False, flag: tensor([0], dtype=torch.int32), speed: 10683.986
Finished iteration 1, CKPT_AND_STOP: False, flag: tensor([0], dtype=torch.int32), speed: 5486.452
Finished iteration 2, CKPT_AND_STOP: False, flag: tensor([0], dtype=torch.int32), speed: 5495.716
Finished iteration 3, CKPT_AND_STOP: False, flag: tensor([0], dtype=torch.int32), speed: 5625.482
Finished iteration 4, CKPT_AND_STOP: False, flag: tensor([0], dtype=torch.int32), speed: 5426.954
Finished iteration 5, CKPT_AND_STOP: False, flag: tensor([0], dtype=torch.int32), speed: 4378.809
Finished iteration 6, CKPT_AND_STOP: False, flag: tensor([0], dtype=torch.int32), speed: 4498.450
Finished iteration 7, CKPT_AND_STOP: False, flag: tensor([0], dtype=torch.int32), speed: 4508.168
Finished iteration 8, CKPT_AND_STOP: False, flag: tensor([0], dtype=torch.int32), speed: 4371.366
Finished iteration 9, CKPT_AND_STOP: False, flag: tensor([0], dtype=torch.int32), speed: 4524.931
Finished iteration 10, CKPT_AND_STOP: False, flag: tensor([0], dtype=torch.int32), speed: 4216.255
Finished iteration 11, CKPT_AND_STOP: False, flag: tensor([0], dtype=torch.int32), speed: 4438.500
15 Overflow !!
15 : update_scale(): _has_overflow, dynamic. _loss_scale =  524288.0
Finished iteration 12, CKPT_AND_STOP: False, flag: tensor([0], dtype=torch.int32), speed: 4258.895
15 Overflow !!
15 : update_scale(): _has_overflow, dynamic. _loss_scale =  262144.0
Finished iteration 13, CKPT_AND_STOP: False, flag: tensor([0], dtype=torch.int32), speed: 4248.167
15 Overflow !!
15 : update_scale(): _has_overflow, dynamic. _loss_scale =  131072.0
Finished iteration 14, CKPT_AND_STOP: False, flag: tensor([0], dtype=torch.int32), speed: 4452.723
15 Overflow !!
15 : update_scale(): _has_overflow, dynamic. _loss_scale =  65536.0
Finished iteration 15, CKPT_AND_STOP: False, flag: tensor([0], dtype=torch.int32), speed: 4482.675
15 Overflow !!
15 : update_scale(): _has_overflow, dynamic. _loss_scale =  32768.0
Finished iteration 16, CKPT_AND_STOP: False, flag: tensor([0], dtype=torch.int32), speed: 4324.615
15 Overflow !!
15 : update_scale(): _has_overflow, dynamic. _loss_scale =  16384.0
Finished iteration 17, CKPT_AND_STOP: False, flag: tensor([0], dtype=torch.int32), speed: 4292.511
15 Overflow !!
15 : update_scale(): _has_overflow, dynamic. _loss_scale =  8192.0
Finished iteration 18, CKPT_AND_STOP: False, flag: tensor([0], dtype=torch.int32), speed: 4559.659
15 Overflow !!
15 : update_scale(): _has_overflow, dynamic. _loss_scale =  4096.0
Finished iteration 19, CKPT_AND_STOP: False, flag: tensor([0], dtype=torch.int32), speed: 5294.815
15 Overflow !!
15 : update_scale(): _has_overflow, dynamic. _loss_scale =  2048.0
Finished iteration 20, CKPT_AND_STOP: False, flag: tensor([0], dtype=torch.int32), speed: 4367.126
15 Overflow !!
15 : update_scale(): _has_overflow, dynamic. _loss_scale =  1024.0
Finished iteration 21, CKPT_AND_STOP: False, flag: tensor([0], dtype=torch.int32), speed: 4214.308
15 Overflow !!
15 : update_scale(): _has_overflow, dynamic. _loss_scale =  512.0
Finished iteration 22, CKPT_AND_STOP: False, flag: tensor([0], dtype=torch.int32), speed: 4415.745
15 Overflow !!
15 : update_scale(): _has_overflow, dynamic. _loss_scale =  256.0
Finished iteration 23, CKPT_AND_STOP: False, flag: tensor([0], dtype=torch.int32), speed: 4277.271
15 Overflow !!
15 : update_scale(): _has_overflow, dynamic. _loss_scale =  128.0
Finished iteration 24, CKPT_AND_STOP: False, flag: tensor([0], dtype=torch.int32), speed: 4388.915
15 Overflow !!
15 : update_scale(): _has_overflow, dynamic. _loss_scale =  64.0
Finished iteration 25, CKPT_AND_STOP: False, flag: tensor([0], dtype=torch.int32), speed: 4455.893
15 Overflow !!
15 : update_scale(): _has_overflow, dynamic. _loss_scale =  32.0
Finished iteration 26, CKPT_AND_STOP: False, flag: tensor([0], dtype=torch.int32), speed: 4322.523
15 Overflow !!
15 : update_scale(): _has_overflow, dynamic. _loss_scale =  16.0
Finished iteration 27, CKPT_AND_STOP: False, flag: tensor([0], dtype=torch.int32), speed: 4410.813
15 Overflow !!
15 : update_scale(): _has_overflow, dynamic. _loss_scale =  8.0
Finished iteration 28, CKPT_AND_STOP: False, flag: tensor([0], dtype=torch.int32), speed: 4561.661
15 Overflow !!
15 : update_scale(): _has_overflow, dynamic. _loss_scale =  4.0
Finished iteration 29, CKPT_AND_STOP: False, flag: tensor([0], dtype=torch.int32), speed: 4366.097
15 Overflow !!
15 : update_scale(): _has_overflow, dynamic. _loss_scale =  2.0
Finished iteration 30, CKPT_AND_STOP: False, flag: tensor([0], dtype=torch.int32), speed: 4358.588
15 Overflow !!
15 : update_scale(): _has_overflow, dynamic. _loss_scale =  1.0
Finished iteration 31, CKPT_AND_STOP: False, flag: tensor([0], dtype=torch.int32), speed: 4638.470
15 Overflow !!
15 : update_scale(): _has_overflow, dynamic. _loss_scale =  1.0
Finished iteration 32, CKPT_AND_STOP: False, flag: tensor([0], dtype=torch.int32), speed: 4257.987
15 Overflow !!
15 : update_scale(): _has_overflow, dynamic. _loss_scale =  1.0
Finished iteration 33, CKPT_AND_STOP: False, flag: tensor([0], dtype=torch.int32), speed: 4369.473
15 Overflow !!
15 : update_scale(): _has_overflow, dynamic. _loss_scale =  1.0
Finished iteration 34, CKPT_AND_STOP: False, flag: tensor([0], dtype=torch.int32), speed: 4832.204
15 Overflow !!
15 : update_scale(): _has_overflow, dynamic. _loss_scale =  1.0
Finished iteration 35, CKPT_AND_STOP: False, flag: tensor([0], dtype=torch.int32), speed: 4511.120
15 Overflow !!
15 : update_scale(): _has_overflow, dynamic. _loss_scale =  1.0
Finished iteration 36, CKPT_AND_STOP: False, flag: tensor([0], dtype=torch.int32), speed: 4521.251
15 Overflow !!
15 : update_scale(): _has_overflow, dynamic. _loss_scale =  1.0
Finished iteration 37, CKPT_AND_STOP: False, flag: tensor([0], dtype=torch.int32), speed: 4467.359
15 Overflow !!
15 : update_scale(): _has_overflow, dynamic. _loss_scale =  1.0
Finished iteration 38, CKPT_AND_STOP: False, flag: tensor([0], dtype=torch.int32), speed: 4349.045
15 Overflow !!
15 : update_scale(): _has_overflow, dynamic. _loss_scale =  1.0
Finished iteration 39, CKPT_AND_STOP: False, flag: tensor([0], dtype=torch.int32), speed: 4297.957
15 Overflow !!
15 : update_scale(): _has_overflow, dynamic. _loss_scale =  1.0
Finished iteration 40, CKPT_AND_STOP: False, flag: tensor([0], dtype=torch.int32), speed: 4337.096
15 Overflow !!
15 : update_scale(): _has_overflow, dynamic. _loss_scale =  1.0
Finished iteration 41, CKPT_AND_STOP: False, flag: tensor([0], dtype=torch.int32), speed: 4422.357
15 Overflow !!
15 : update_scale(): _has_overflow, dynamic. _loss_scale =  1.0
Finished iteration 42, CKPT_AND_STOP: False, flag: tensor([0], dtype=torch.int32), speed: 4362.355
15 Overflow !!
15 : update_scale(): _has_overflow, dynamic. _loss_scale =  1.0
Finished iteration 43, CKPT_AND_STOP: False, flag: tensor([0], dtype=torch.int32), speed: 4478.855
15 Overflow !!
15 : update_scale(): _has_overflow, dynamic. _loss_scale =  1.0
Finished iteration 44, CKPT_AND_STOP: False, flag: tensor([0], dtype=torch.int32), speed: 4374.829
15 Overflow !!
15 : update_scale(): _has_overflow, dynamic. _loss_scale =  1.0
Finished iteration 45, CKPT_AND_STOP: False, flag: tensor([0], dtype=torch.int32), speed: 4662.538
15 Overflow !!
15 : update_scale(): _has_overflow, dynamic. _loss_scale =  1.0
Finished iteration 46, CKPT_AND_STOP: False, flag: tensor([0], dtype=torch.int32), speed: 4395.883
15 Overflow !!
15 : update_scale(): _has_overflow, dynamic. _loss_scale =  1.0
Finished iteration 47, CKPT_AND_STOP: False, flag: tensor([3], dtype=torch.int32), speed: 4263.755
2022-11-23 14:43:19.362654 Begin to save checkpont to s3://spot-checkpoints/bert and exit
Opt ckpt time 3.8095409870147705
Signal handler called with signal 10


 STOPPING VARUNA !!



Process done with return code -10
Parent process ID: 12642 node: 172.31.19.112
2 per stage
16 servers!
Config:
ranks: range(15, 16)
train batch size: 1024
partitions: 8
chunk_size: 8
data depth: 2
stage to rank map: 0,8;1,9;2,10;3,11;4,12;5,13;6,14;7,15;
World size is 16
/opt/conda/envs/varuna/bin/python -u /home/ubuntu/varuna_examples/DeepLearningExamples/PyTorch/LanguageModeling/BERT/run_pretraining.py --rank=15 --chunk_size=8 --local_rank=0 --stage_to_rank_map=0,8;1,9;2,10;3,11;4,12;5,13;6,14;7,15; --batch-size=512 --input_dir=/hdf5_lower_case_1_seq_len_128_max_pred_20_masked_lm_prob_0.15_random_seed_12345_dupe_factor_5/wikicorpus_en/ --output_dir=s3://spot-checkpoints/bert --config_file=bert_config.json --bert_model=bert-large-uncased --train_batch_size=1024 --max_seq_length=128 --max_predictions_per_seq=20 --max_steps=7038 --warmup_proportion=0.2843 --num_steps_per_checkpoint=200 --learning_rate=6e-3 --seed=12439 --fp16 --gradient_accumulation_steps=128 --allreduce_post_accumulation --allreduce_post_accumulation_fp16 --do_train --json-summary /home/ubuntu/varuna_examples/DeepLearningExamples/PyTorch/LanguageModeling/BERT/results/dllogger.json --varuna --resume_step 48
device: cuda:0 n_gpu: 1, distributed training: True, 16-bits training: True
dry run time 0.6015274524688721
SHARED WEIGHTS ARE
[(0, 7)]
this rank  15 is part of pipeline replica  1
64 chunks
Begin to load checkpint from s3://spot-checkpoints/bert/ckpt_48.pt
2022-11-23 14:43:47.794538 resume step from  48
2022-11-23 14:43:57.988836 - Finished loading checkpoint, takes 10181.880 secs
15 Overflow !!
15 : update_scale(): _has_overflow, dynamic. _loss_scale =  524288.0
Finished iteration 48, CKPT_AND_STOP: False, flag: tensor([0], dtype=torch.int32), speed: 12673.225
15 Overflow !!
15 : update_scale(): _has_overflow, dynamic. _loss_scale =  262144.0
Finished iteration 49, CKPT_AND_STOP: False, flag: tensor([0], dtype=torch.int32), speed: 5290.254
15 Overflow !!
15 : update_scale(): _has_overflow, dynamic. _loss_scale =  131072.0
Finished iteration 50, CKPT_AND_STOP: False, flag: tensor([0], dtype=torch.int32), speed: 5416.832
15 Overflow !!
15 : update_scale(): _has_overflow, dynamic. _loss_scale =  65536.0
Finished iteration 51, CKPT_AND_STOP: False, flag: tensor([0], dtype=torch.int32), speed: 5335.078
15 Overflow !!
15 : update_scale(): _has_overflow, dynamic. _loss_scale =  32768.0
Finished iteration 52, CKPT_AND_STOP: False, flag: tensor([0], dtype=torch.int32), speed: 5550.940
15 Overflow !!
15 : update_scale(): _has_overflow, dynamic. _loss_scale =  16384.0
Finished iteration 53, CKPT_AND_STOP: False, flag: tensor([0], dtype=torch.int32), speed: 4425.761
15 Overflow !!
15 : update_scale(): _has_overflow, dynamic. _loss_scale =  8192.0
Finished iteration 54, CKPT_AND_STOP: False, flag: tensor([0], dtype=torch.int32), speed: 5011.899
15 Overflow !!
15 : update_scale(): _has_overflow, dynamic. _loss_scale =  4096.0
Finished iteration 55, CKPT_AND_STOP: False, flag: tensor([0], dtype=torch.int32), speed: 4371.349
15 Overflow !!
15 : update_scale(): _has_overflow, dynamic. _loss_scale =  2048.0
Finished iteration 56, CKPT_AND_STOP: False, flag: tensor([0], dtype=torch.int32), speed: 4263.101
15 Overflow !!
15 : update_scale(): _has_overflow, dynamic. _loss_scale =  1024.0
Finished iteration 57, CKPT_AND_STOP: False, flag: tensor([0], dtype=torch.int32), speed: 4197.509
15 Overflow !!
15 : update_scale(): _has_overflow, dynamic. _loss_scale =  512.0
Finished iteration 58, CKPT_AND_STOP: False, flag: tensor([0], dtype=torch.int32), speed: 4202.719
15 Overflow !!
15 : update_scale(): _has_overflow, dynamic. _loss_scale =  256.0
Finished iteration 59, CKPT_AND_STOP: False, flag: tensor([0], dtype=torch.int32), speed: 4489.519
15 Overflow !!
15 : update_scale(): _has_overflow, dynamic. _loss_scale =  128.0
Finished iteration 60, CKPT_AND_STOP: False, flag: tensor([0], dtype=torch.int32), speed: 4358.329
15 Overflow !!
15 : update_scale(): _has_overflow, dynamic. _loss_scale =  64.0
Finished iteration 61, CKPT_AND_STOP: False, flag: tensor([0], dtype=torch.int32), speed: 4389.122
15 Overflow !!
15 : update_scale(): _has_overflow, dynamic. _loss_scale =  32.0
Finished iteration 62, CKPT_AND_STOP: False, flag: tensor([0], dtype=torch.int32), speed: 4735.275
15 Overflow !!
15 : update_scale(): _has_overflow, dynamic. _loss_scale =  16.0
Finished iteration 63, CKPT_AND_STOP: False, flag: tensor([5], dtype=torch.int32), speed: 4347.307
2022-11-23 14:45:21.084051 Begin to save checkpont to s3://spot-checkpoints/bert and exit
Opt ckpt time 3.6182408332824707
Signal handler called with signal 10


 STOPPING VARUNA !!



Rank 15 signal handler called with signal 10
Process done with return code 0
Parent process ID: 13181 node: 172.31.19.112
2 per stage
16 servers!
Config:
ranks: range(15, 16)
train batch size: 1024
partitions: 8
chunk_size: 8
data depth: 2
stage to rank map: 0,8;1,9;2,10;3,11;4,12;5,13;6,14;7,15;
World size is 16
/opt/conda/envs/varuna/bin/python -u /home/ubuntu/varuna_examples/DeepLearningExamples/PyTorch/LanguageModeling/BERT/run_pretraining.py --rank=15 --chunk_size=8 --local_rank=0 --stage_to_rank_map=0,8;1,9;2,10;3,11;4,12;5,13;6,14;7,15; --batch-size=512 --input_dir=/hdf5_lower_case_1_seq_len_128_max_pred_20_masked_lm_prob_0.15_random_seed_12345_dupe_factor_5/wikicorpus_en/ --output_dir=s3://spot-checkpoints/bert --config_file=bert_config.json --bert_model=bert-large-uncased --train_batch_size=1024 --max_seq_length=128 --max_predictions_per_seq=20 --max_steps=7038 --warmup_proportion=0.2843 --num_steps_per_checkpoint=200 --learning_rate=6e-3 --seed=12439 --fp16 --gradient_accumulation_steps=128 --allreduce_post_accumulation --allreduce_post_accumulation_fp16 --do_train --json-summary /home/ubuntu/varuna_examples/DeepLearningExamples/PyTorch/LanguageModeling/BERT/results/dllogger.json --varuna --resume_step 64
device: cuda:0 n_gpu: 1, distributed training: True, 16-bits training: True
dry run time 0.17157840728759766
SHARED WEIGHTS ARE
[(0, 7)]
this rank  15 is part of pipeline replica  1
64 chunks
Begin to load checkpint from s3://spot-checkpoints/bert/ckpt_64.pt
2022-11-23 14:45:49.285342 resume step from  64
2022-11-23 14:45:59.279429 - Finished loading checkpoint, takes 9981.769 secs
15 Overflow !!
15 : update_scale(): _has_overflow, dynamic. _loss_scale =  524288.0
Finished iteration 64, CKPT_AND_STOP: False, flag: tensor([0], dtype=torch.int32), speed: 17508.762
15 Overflow !!
15 : update_scale(): _has_overflow, dynamic. _loss_scale =  262144.0
Finished iteration 65, CKPT_AND_STOP: False, flag: tensor([5], dtype=torch.int32), speed: 5802.263
2022-11-23 14:46:22.627781 Begin to save checkpont to s3://spot-checkpoints/bert and exit
Opt ckpt time 3.6088755130767822
Signal handler called with signal 10


 STOPPING VARUNA !!



Rank 15 signal handler called with signal 10
Process done with return code 0
Parent process ID: 13691 node: 172.31.19.112
2 per stage
16 servers!
Config:
ranks: range(15, 16)
train batch size: 1024
partitions: 8
chunk_size: 8
data depth: 2
stage to rank map: 0,8;1,9;2,10;3,11;4,12;5,13;6,14;7,15;
World size is 16
/opt/conda/envs/varuna/bin/python -u /home/ubuntu/varuna_examples/DeepLearningExamples/PyTorch/LanguageModeling/BERT/run_pretraining.py --rank=15 --chunk_size=8 --local_rank=0 --stage_to_rank_map=0,8;1,9;2,10;3,11;4,12;5,13;6,14;7,15; --batch-size=512 --input_dir=/hdf5_lower_case_1_seq_len_128_max_pred_20_masked_lm_prob_0.15_random_seed_12345_dupe_factor_5/wikicorpus_en/ --output_dir=s3://spot-checkpoints/bert --config_file=bert_config.json --bert_model=bert-large-uncased --train_batch_size=1024 --max_seq_length=128 --max_predictions_per_seq=20 --max_steps=7038 --warmup_proportion=0.2843 --num_steps_per_checkpoint=200 --learning_rate=6e-3 --seed=12439 --fp16 --gradient_accumulation_steps=128 --allreduce_post_accumulation --allreduce_post_accumulation_fp16 --do_train --json-summary /home/ubuntu/varuna_examples/DeepLearningExamples/PyTorch/LanguageModeling/BERT/results/dllogger.json --varuna --resume_step 66
device: cuda:0 n_gpu: 1, distributed training: True, 16-bits training: True
dry run time 0.1400899887084961
SHARED WEIGHTS ARE
[(0, 7)]
this rank  15 is part of pipeline replica  1
64 chunks
Begin to load checkpint from s3://spot-checkpoints/bert/ckpt_66.pt
2022-11-23 14:46:50.670519 resume step from  66
2022-11-23 14:47:00.909577 - Finished loading checkpoint, takes 10226.183 secs
15 Overflow !!
15 : update_scale(): _has_overflow, dynamic. _loss_scale =  524288.0
Finished iteration 66, CKPT_AND_STOP: False, flag: tensor([0], dtype=torch.int32), speed: 17950.074
15 Overflow !!
15 : update_scale(): _has_overflow, dynamic. _loss_scale =  262144.0
Finished iteration 67, CKPT_AND_STOP: False, flag: tensor([0], dtype=torch.int32), speed: 5467.467
15 Overflow !!
15 : update_scale(): _has_overflow, dynamic. _loss_scale =  131072.0
Finished iteration 68, CKPT_AND_STOP: False, flag: tensor([0], dtype=torch.int32), speed: 5708.954
15 Overflow !!
15 : update_scale(): _has_overflow, dynamic. _loss_scale =  65536.0
Finished iteration 69, CKPT_AND_STOP: False, flag: tensor([0], dtype=torch.int32), speed: 5755.376
15 Overflow !!
15 : update_scale(): _has_overflow, dynamic. _loss_scale =  32768.0
Finished iteration 70, CKPT_AND_STOP: False, flag: tensor([0], dtype=torch.int32), speed: 5467.940
15 Overflow !!
15 : update_scale(): _has_overflow, dynamic. _loss_scale =  16384.0
Finished iteration 71, CKPT_AND_STOP: False, flag: tensor([0], dtype=torch.int32), speed: 4322.592
15 Overflow !!
15 : update_scale(): _has_overflow, dynamic. _loss_scale =  8192.0
Finished iteration 72, CKPT_AND_STOP: False, flag: tensor([0], dtype=torch.int32), speed: 4308.431
15 Overflow !!
15 : update_scale(): _has_overflow, dynamic. _loss_scale =  4096.0
Finished iteration 73, CKPT_AND_STOP: False, flag: tensor([0], dtype=torch.int32), speed: 4279.831
15 Overflow !!
15 : update_scale(): _has_overflow, dynamic. _loss_scale =  2048.0
Finished iteration 74, CKPT_AND_STOP: False, flag: tensor([0], dtype=torch.int32), speed: 4458.656
15 Overflow !!
15 : update_scale(): _has_overflow, dynamic. _loss_scale =  1024.0
Finished iteration 75, CKPT_AND_STOP: False, flag: tensor([0], dtype=torch.int32), speed: 4304.614
15 Overflow !!
15 : update_scale(): _has_overflow, dynamic. _loss_scale =  512.0
Finished iteration 76, CKPT_AND_STOP: False, flag: tensor([0], dtype=torch.int32), speed: 4330.424
15 Overflow !!
15 : update_scale(): _has_overflow, dynamic. _loss_scale =  256.0
Finished iteration 77, CKPT_AND_STOP: False, flag: tensor([0], dtype=torch.int32), speed: 4257.372
15 Overflow !!
15 : update_scale(): _has_overflow, dynamic. _loss_scale =  128.0
Finished iteration 78, CKPT_AND_STOP: False, flag: tensor([0], dtype=torch.int32), speed: 4307.588
15 Overflow !!
15 : update_scale(): _has_overflow, dynamic. _loss_scale =  64.0
Finished iteration 79, CKPT_AND_STOP: False, flag: tensor([0], dtype=torch.int32), speed: 4239.806
15 Overflow !!
15 : update_scale(): _has_overflow, dynamic. _loss_scale =  32.0
Finished iteration 80, CKPT_AND_STOP: False, flag: tensor([0], dtype=torch.int32), speed: 4337.147
15 Overflow !!
15 : update_scale(): _has_overflow, dynamic. _loss_scale =  16.0
Finished iteration 81, CKPT_AND_STOP: False, flag: tensor([0], dtype=torch.int32), speed: 4384.894
15 Overflow !!
15 : update_scale(): _has_overflow, dynamic. _loss_scale =  8.0
Finished iteration 82, CKPT_AND_STOP: False, flag: tensor([0], dtype=torch.int32), speed: 4352.488
15 Overflow !!
15 : update_scale(): _has_overflow, dynamic. _loss_scale =  4.0
Finished iteration 83, CKPT_AND_STOP: False, flag: tensor([0], dtype=torch.int32), speed: 4165.225
15 Overflow !!
15 : update_scale(): _has_overflow, dynamic. _loss_scale =  2.0
Finished iteration 84, CKPT_AND_STOP: False, flag: tensor([0], dtype=torch.int32), speed: 4387.360
15 Overflow !!
15 : update_scale(): _has_overflow, dynamic. _loss_scale =  1.0
Finished iteration 85, CKPT_AND_STOP: False, flag: tensor([0], dtype=torch.int32), speed: 4289.355
15 Overflow !!
15 : update_scale(): _has_overflow, dynamic. _loss_scale =  1.0
Finished iteration 86, CKPT_AND_STOP: False, flag: tensor([0], dtype=torch.int32), speed: 4403.966
15 Overflow !!
15 : update_scale(): _has_overflow, dynamic. _loss_scale =  1.0
Finished iteration 87, CKPT_AND_STOP: False, flag: tensor([0], dtype=torch.int32), speed: 4337.298
15 Overflow !!
15 : update_scale(): _has_overflow, dynamic. _loss_scale =  1.0
Finished iteration 88, CKPT_AND_STOP: False, flag: tensor([0], dtype=torch.int32), speed: 4501.175
15 Overflow !!
15 : update_scale(): _has_overflow, dynamic. _loss_scale =  1.0
Finished iteration 89, CKPT_AND_STOP: False, flag: tensor([0], dtype=torch.int32), speed: 4357.322
15 Overflow !!
15 : update_scale(): _has_overflow, dynamic. _loss_scale =  1.0
Finished iteration 90, CKPT_AND_STOP: False, flag: tensor([0], dtype=torch.int32), speed: 4361.876
15 Overflow !!
15 : update_scale(): _has_overflow, dynamic. _loss_scale =  1.0
Finished iteration 91, CKPT_AND_STOP: False, flag: tensor([0], dtype=torch.int32), speed: 4574.524
15 Overflow !!
15 : update_scale(): _has_overflow, dynamic. _loss_scale =  1.0
Finished iteration 92, CKPT_AND_STOP: False, flag: tensor([0], dtype=torch.int32), speed: 4419.173
15 Overflow !!
15 : update_scale(): _has_overflow, dynamic. _loss_scale =  1.0
Finished iteration 93, CKPT_AND_STOP: False, flag: tensor([4], dtype=torch.int32), speed: 4340.478
2022-11-23 14:49:21.319156 Begin to save checkpont to s3://spot-checkpoints/bert and exit
Opt ckpt time 3.4102799892425537
Signal handler called with signal 10


 STOPPING VARUNA !!



Rank 15 signal handler called with signal 10
Process done with return code 0
Parent process ID: 14266 node: 172.31.19.112
2 per stage
16 servers!
Config:
ranks: range(15, 16)
train batch size: 1024
partitions: 8
chunk_size: 8
data depth: 2
stage to rank map: 0,8;1,9;2,10;3,11;4,12;5,13;6,14;7,15;
World size is 16
/opt/conda/envs/varuna/bin/python -u /home/ubuntu/varuna_examples/DeepLearningExamples/PyTorch/LanguageModeling/BERT/run_pretraining.py --rank=15 --chunk_size=8 --local_rank=0 --stage_to_rank_map=0,8;1,9;2,10;3,11;4,12;5,13;6,14;7,15; --batch-size=512 --input_dir=/hdf5_lower_case_1_seq_len_128_max_pred_20_masked_lm_prob_0.15_random_seed_12345_dupe_factor_5/wikicorpus_en/ --output_dir=s3://spot-checkpoints/bert --config_file=bert_config.json --bert_model=bert-large-uncased --train_batch_size=1024 --max_seq_length=128 --max_predictions_per_seq=20 --max_steps=7038 --warmup_proportion=0.2843 --num_steps_per_checkpoint=200 --learning_rate=6e-3 --seed=12439 --fp16 --gradient_accumulation_steps=128 --allreduce_post_accumulation --allreduce_post_accumulation_fp16 --do_train --json-summary /home/ubuntu/varuna_examples/DeepLearningExamples/PyTorch/LanguageModeling/BERT/results/dllogger.json --varuna --resume_step 94
device: cuda:0 n_gpu: 1, distributed training: True, 16-bits training: True
dry run time 0.12441563606262207
SHARED WEIGHTS ARE
[(0, 7)]
this rank  15 is part of pipeline replica  1
64 chunks
Begin to load checkpint from s3://spot-checkpoints/bert/ckpt_94.pt
2022-11-23 14:49:50.999694 resume step from  94
2022-11-23 14:50:01.125245 - Finished loading checkpoint, takes 10113.726 secs
15 Overflow !!
15 : update_scale(): _has_overflow, dynamic. _loss_scale =  524288.0
Finished iteration 94, CKPT_AND_STOP: False, flag: tensor([2], dtype=torch.int32), speed: 17931.006
2022-11-23 14:50:19.093899 Begin to save checkpont to s3://spot-checkpoints/bert and exit
Opt ckpt time 3.471712112426758
Signal handler called with signal 10


 STOPPING VARUNA !!



Rank 15 signal handler called with signal 10
Process done with return code 0
Parent process ID: 14773 node: 172.31.19.112
3 per stage
24 servers!
Config:
ranks: range(15, 16)
train batch size: 1024
partitions: 8
chunk_size: 8
data depth: 3
stage to rank map: 0,8,16;1,9,17;2,10,18;3,11,19;4,12,20;5,13,21;6,14,22;7,15,23;
World size is 24
/opt/conda/envs/varuna/bin/python -u /home/ubuntu/varuna_examples/DeepLearningExamples/PyTorch/LanguageModeling/BERT/run_pretraining.py --rank=15 --chunk_size=8 --local_rank=0 --stage_to_rank_map=0,8,16;1,9,17;2,10,18;3,11,19;4,12,20;5,13,21;6,14,22;7,15,23; --batch-size=341 --input_dir=/hdf5_lower_case_1_seq_len_128_max_pred_20_masked_lm_prob_0.15_random_seed_12345_dupe_factor_5/wikicorpus_en/ --output_dir=s3://spot-checkpoints/bert --config_file=bert_config.json --bert_model=bert-large-uncased --train_batch_size=1024 --max_seq_length=128 --max_predictions_per_seq=20 --max_steps=7038 --warmup_proportion=0.2843 --num_steps_per_checkpoint=200 --learning_rate=6e-3 --seed=12439 --fp16 --gradient_accumulation_steps=128 --allreduce_post_accumulation --allreduce_post_accumulation_fp16 --do_train --json-summary /home/ubuntu/varuna_examples/DeepLearningExamples/PyTorch/LanguageModeling/BERT/results/dllogger.json --varuna --resume_step 95
device: cuda:0 n_gpu: 1, distributed training: True, 16-bits training: True
dry run time 0.18688273429870605
SHARED WEIGHTS ARE
[(0, 7)]
this rank  15 is part of pipeline replica  1
43 chunks
Begin to load checkpint from s3://spot-checkpoints/bert/ckpt_95.pt
2022-11-23 14:50:50.868251 resume step from  95
2022-11-23 14:51:00.902437 - Finished loading checkpoint, takes 10021.956 secs
15 Overflow !!
15 : update_scale(): _has_overflow, dynamic. _loss_scale =  524288.0
Finished iteration 95, CKPT_AND_STOP: False, flag: tensor([0], dtype=torch.int32), speed: 13780.641
15 Overflow !!
15 : update_scale(): _has_overflow, dynamic. _loss_scale =  262144.0
Finished iteration 96, CKPT_AND_STOP: False, flag: tensor([0], dtype=torch.int32), speed: 4192.592
15 Overflow !!
15 : update_scale(): _has_overflow, dynamic. _loss_scale =  131072.0
Finished iteration 97, CKPT_AND_STOP: False, flag: tensor([0], dtype=torch.int32), speed: 4192.008
15 Overflow !!
15 : update_scale(): _has_overflow, dynamic. _loss_scale =  65536.0
Finished iteration 98, CKPT_AND_STOP: False, flag: tensor([0], dtype=torch.int32), speed: 4249.429
15 Overflow !!
15 : update_scale(): _has_overflow, dynamic. _loss_scale =  32768.0
Finished iteration 99, CKPT_AND_STOP: False, flag: tensor([0], dtype=torch.int32), speed: 4179.451
15 Overflow !!
15 : update_scale(): _has_overflow, dynamic. _loss_scale =  16384.0
Finished iteration 100, CKPT_AND_STOP: False, flag: tensor([0], dtype=torch.int32), speed: 3264.757
15 Overflow !!
15 : update_scale(): _has_overflow, dynamic. _loss_scale =  8192.0
Finished iteration 101, CKPT_AND_STOP: False, flag: tensor([0], dtype=torch.int32), speed: 3237.751
15 Overflow !!
15 : update_scale(): _has_overflow, dynamic. _loss_scale =  4096.0
Finished iteration 102, CKPT_AND_STOP: False, flag: tensor([0], dtype=torch.int32), speed: 3428.012
15 Overflow !!
15 : update_scale(): _has_overflow, dynamic. _loss_scale =  2048.0
Finished iteration 103, CKPT_AND_STOP: False, flag: tensor([0], dtype=torch.int32), speed: 3263.583
15 Overflow !!
15 : update_scale(): _has_overflow, dynamic. _loss_scale =  1024.0
Finished iteration 104, CKPT_AND_STOP: False, flag: tensor([0], dtype=torch.int32), speed: 3127.730
15 Overflow !!
15 : update_scale(): _has_overflow, dynamic. _loss_scale =  512.0
Finished iteration 105, CKPT_AND_STOP: False, flag: tensor([0], dtype=torch.int32), speed: 3099.165
15 Overflow !!
15 : update_scale(): _has_overflow, dynamic. _loss_scale =  256.0
Finished iteration 106, CKPT_AND_STOP: False, flag: tensor([0], dtype=torch.int32), speed: 3205.148
15 Overflow !!
15 : update_scale(): _has_overflow, dynamic. _loss_scale =  128.0
Finished iteration 107, CKPT_AND_STOP: False, flag: tensor([0], dtype=torch.int32), speed: 3133.851
15 Overflow !!
15 : update_scale(): _has_overflow, dynamic. _loss_scale =  64.0
Finished iteration 108, CKPT_AND_STOP: False, flag: tensor([0], dtype=torch.int32), speed: 3167.210
15 Overflow !!
15 : update_scale(): _has_overflow, dynamic. _loss_scale =  32.0
Finished iteration 109, CKPT_AND_STOP: False, flag: tensor([0], dtype=torch.int32), speed: 3380.063
15 Overflow !!
15 : update_scale(): _has_overflow, dynamic. _loss_scale =  16.0
Finished iteration 110, CKPT_AND_STOP: False, flag: tensor([0], dtype=torch.int32), speed: 3088.562
15 Overflow !!
15 : update_scale(): _has_overflow, dynamic. _loss_scale =  8.0
Finished iteration 111, CKPT_AND_STOP: False, flag: tensor([0], dtype=torch.int32), speed: 3181.287
15 Overflow !!
15 : update_scale(): _has_overflow, dynamic. _loss_scale =  4.0
Finished iteration 112, CKPT_AND_STOP: False, flag: tensor([0], dtype=torch.int32), speed: 3336.258
15 Overflow !!
15 : update_scale(): _has_overflow, dynamic. _loss_scale =  2.0
Finished iteration 113, CKPT_AND_STOP: False, flag: tensor([0], dtype=torch.int32), speed: 3154.043
15 Overflow !!
15 : update_scale(): _has_overflow, dynamic. _loss_scale =  1.0
Finished iteration 114, CKPT_AND_STOP: False, flag: tensor([0], dtype=torch.int32), speed: 3212.243
15 Overflow !!
15 : update_scale(): _has_overflow, dynamic. _loss_scale =  1.0
Finished iteration 115, CKPT_AND_STOP: False, flag: tensor([0], dtype=torch.int32), speed: 3153.249
15 Overflow !!
15 : update_scale(): _has_overflow, dynamic. _loss_scale =  1.0
Finished iteration 116, CKPT_AND_STOP: False, flag: tensor([0], dtype=torch.int32), speed: 3224.491
15 Overflow !!
15 : update_scale(): _has_overflow, dynamic. _loss_scale =  1.0
Finished iteration 117, CKPT_AND_STOP: False, flag: tensor([0], dtype=torch.int32), speed: 3179.733
15 Overflow !!
15 : update_scale(): _has_overflow, dynamic. _loss_scale =  1.0
Finished iteration 118, CKPT_AND_STOP: False, flag: tensor([0], dtype=torch.int32), speed: 3122.671
15 Overflow !!
15 : update_scale(): _has_overflow, dynamic. _loss_scale =  1.0
Finished iteration 119, CKPT_AND_STOP: False, flag: tensor([0], dtype=torch.int32), speed: 3121.790
15 Overflow !!
15 : update_scale(): _has_overflow, dynamic. _loss_scale =  1.0
Finished iteration 120, CKPT_AND_STOP: False, flag: tensor([0], dtype=torch.int32), speed: 3175.333
15 Overflow !!
15 : update_scale(): _has_overflow, dynamic. _loss_scale =  1.0
Finished iteration 121, CKPT_AND_STOP: False, flag: tensor([0], dtype=torch.int32), speed: 3163.188
15 Overflow !!
15 : update_scale(): _has_overflow, dynamic. _loss_scale =  1.0
Finished iteration 122, CKPT_AND_STOP: False, flag: tensor([0], dtype=torch.int32), speed: 3088.829
15 Overflow !!
15 : update_scale(): _has_overflow, dynamic. _loss_scale =  1.0
Finished iteration 123, CKPT_AND_STOP: False, flag: tensor([0], dtype=torch.int32), speed: 3170.374
15 Overflow !!
15 : update_scale(): _has_overflow, dynamic. _loss_scale =  1.0
Finished iteration 124, CKPT_AND_STOP: False, flag: tensor([0], dtype=torch.int32), speed: 3176.039
15 Overflow !!
15 : update_scale(): _has_overflow, dynamic. _loss_scale =  1.0
Finished iteration 125, CKPT_AND_STOP: False, flag: tensor([0], dtype=torch.int32), speed: 4008.188
15 Overflow !!
15 : update_scale(): _has_overflow, dynamic. _loss_scale =  1.0
Finished iteration 126, CKPT_AND_STOP: False, flag: tensor([0], dtype=torch.int32), speed: 3129.900
15 Overflow !!
15 : update_scale(): _has_overflow, dynamic. _loss_scale =  1.0
Finished iteration 127, CKPT_AND_STOP: False, flag: tensor([0], dtype=torch.int32), speed: 3395.608
15 Overflow !!
15 : update_scale(): _has_overflow, dynamic. _loss_scale =  1.0
Finished iteration 128, CKPT_AND_STOP: False, flag: tensor([0], dtype=torch.int32), speed: 3254.148
15 Overflow !!
15 : update_scale(): _has_overflow, dynamic. _loss_scale =  1.0
Finished iteration 129, CKPT_AND_STOP: False, flag: tensor([0], dtype=torch.int32), speed: 3288.946
15 Overflow !!
15 : update_scale(): _has_overflow, dynamic. _loss_scale =  1.0
Finished iteration 130, CKPT_AND_STOP: False, flag: tensor([0], dtype=torch.int32), speed: 3093.005
15 Overflow !!
15 : update_scale(): _has_overflow, dynamic. _loss_scale =  1.0
Finished iteration 131, CKPT_AND_STOP: False, flag: tensor([0], dtype=torch.int32), speed: 3171.693
15 Overflow !!
15 : update_scale(): _has_overflow, dynamic. _loss_scale =  1.0
Finished iteration 132, CKPT_AND_STOP: False, flag: tensor([0], dtype=torch.int32), speed: 3171.297
15 Overflow !!
15 : update_scale(): _has_overflow, dynamic. _loss_scale =  1.0
Finished iteration 133, CKPT_AND_STOP: False, flag: tensor([0], dtype=torch.int32), speed: 3284.860
15 Overflow !!
15 : update_scale(): _has_overflow, dynamic. _loss_scale =  1.0
Finished iteration 134, CKPT_AND_STOP: False, flag: tensor([0], dtype=torch.int32), speed: 3315.781
15 Overflow !!
15 : update_scale(): _has_overflow, dynamic. _loss_scale =  1.0
Finished iteration 135, CKPT_AND_STOP: False, flag: tensor([0], dtype=torch.int32), speed: 3368.290
15 Overflow !!
15 : update_scale(): _has_overflow, dynamic. _loss_scale =  1.0
Finished iteration 136, CKPT_AND_STOP: False, flag: tensor([0], dtype=torch.int32), speed: 3158.057
15 Overflow !!
15 : update_scale(): _has_overflow, dynamic. _loss_scale =  1.0
Finished iteration 137, CKPT_AND_STOP: False, flag: tensor([0], dtype=torch.int32), speed: 3173.897
15 Overflow !!
15 : update_scale(): _has_overflow, dynamic. _loss_scale =  1.0
Finished iteration 138, CKPT_AND_STOP: False, flag: tensor([0], dtype=torch.int32), speed: 3230.361
15 Overflow !!
15 : update_scale(): _has_overflow, dynamic. _loss_scale =  1.0
Finished iteration 139, CKPT_AND_STOP: False, flag: tensor([0], dtype=torch.int32), speed: 3947.717
15 Overflow !!
15 : update_scale(): _has_overflow, dynamic. _loss_scale =  1.0
Finished iteration 140, CKPT_AND_STOP: False, flag: tensor([0], dtype=torch.int32), speed: 3200.984
15 Overflow !!
15 : update_scale(): _has_overflow, dynamic. _loss_scale =  1.0
Finished iteration 141, CKPT_AND_STOP: False, flag: tensor([1], dtype=torch.int32), speed: 3198.212
2022-11-23 14:53:47.781278 Begin to save checkpont to s3://spot-checkpoints/bert and exit
Opt ckpt time 2.7229483127593994
Process done with return code 0
Parent process ID: 9611 node: 172.31.30.133
2 per stage
16 servers!
Config:
ranks: range(15, 16)
train batch size: 1024
partitions: 8
chunk_size: 8
data depth: 2
stage to rank map: 0,8;1,9;2,10;3,11;4,12;5,13;6,14;7,15;
World size is 16
/opt/conda/envs/varuna/bin/python -u /home/ubuntu/varuna_examples/DeepLearningExamples/PyTorch/LanguageModeling/BERT/run_pretraining.py --rank=15 --chunk_size=8 --local_rank=0 --stage_to_rank_map=0,8;1,9;2,10;3,11;4,12;5,13;6,14;7,15; --batch-size=512 --input_dir=/hdf5_lower_case_1_seq_len_128_max_pred_20_masked_lm_prob_0.15_random_seed_12345_dupe_factor_5/wikicorpus_en/ --output_dir=s3://spot-checkpoints/bert --config_file=bert_config.json --bert_model=bert-large-uncased --train_batch_size=1024 --max_seq_length=128 --max_predictions_per_seq=20 --max_steps=7038 --warmup_proportion=0.2843 --num_steps_per_checkpoint=200 --learning_rate=6e-3 --seed=12439 --fp16 --gradient_accumulation_steps=128 --allreduce_post_accumulation --allreduce_post_accumulation_fp16 --do_train --json-summary /home/ubuntu/varuna_examples/DeepLearningExamples/PyTorch/LanguageModeling/BERT/results/dllogger.json --varuna --resume_step 142
device: cuda:0 n_gpu: 1, distributed training: True, 16-bits training: True
dry run time 0.09002065658569336
SHARED WEIGHTS ARE
[(0, 7)]
this rank  15 is part of pipeline replica  1
64 chunks
Begin to load checkpint from s3://spot-checkpoints/bert/ckpt_142.pt
2022-11-23 14:54:21.979917 resume step from  142
2022-11-23 14:54:38.230742 - Finished loading checkpoint, takes 16238.782 secs
15 Overflow !!
15 : update_scale(): _has_overflow, dynamic. _loss_scale =  524288.0
Finished iteration 142, CKPT_AND_STOP: False, flag: tensor([0], dtype=torch.int32), speed: 12402.835
15 Overflow !!
15 : update_scale(): _has_overflow, dynamic. _loss_scale =  262144.0
Finished iteration 143, CKPT_AND_STOP: False, flag: tensor([0], dtype=torch.int32), speed: 5308.282
15 Overflow !!
15 : update_scale(): _has_overflow, dynamic. _loss_scale =  131072.0
Finished iteration 144, CKPT_AND_STOP: False, flag: tensor([0], dtype=torch.int32), speed: 5364.909
15 Overflow !!
15 : update_scale(): _has_overflow, dynamic. _loss_scale =  65536.0
Finished iteration 145, CKPT_AND_STOP: False, flag: tensor([0], dtype=torch.int32), speed: 5468.286
15 Overflow !!
15 : update_scale(): _has_overflow, dynamic. _loss_scale =  32768.0
Finished iteration 146, CKPT_AND_STOP: False, flag: tensor([0], dtype=torch.int32), speed: 5312.126
15 Overflow !!
15 : update_scale(): _has_overflow, dynamic. _loss_scale =  16384.0
Finished iteration 147, CKPT_AND_STOP: False, flag: tensor([0], dtype=torch.int32), speed: 4520.053
15 Overflow !!
15 : update_scale(): _has_overflow, dynamic. _loss_scale =  8192.0
Finished iteration 148, CKPT_AND_STOP: False, flag: tensor([0], dtype=torch.int32), speed: 4417.232
15 Overflow !!
15 : update_scale(): _has_overflow, dynamic. _loss_scale =  4096.0
Finished iteration 149, CKPT_AND_STOP: False, flag: tensor([0], dtype=torch.int32), speed: 4490.032
15 Overflow !!
15 : update_scale(): _has_overflow, dynamic. _loss_scale =  2048.0
Finished iteration 150, CKPT_AND_STOP: False, flag: tensor([0], dtype=torch.int32), speed: 4447.322
15 Overflow !!
15 : update_scale(): _has_overflow, dynamic. _loss_scale =  1024.0
Finished iteration 151, CKPT_AND_STOP: False, flag: tensor([0], dtype=torch.int32), speed: 4419.847
15 Overflow !!
15 : update_scale(): _has_overflow, dynamic. _loss_scale =  512.0
Finished iteration 152, CKPT_AND_STOP: False, flag: tensor([0], dtype=torch.int32), speed: 4532.102
15 Overflow !!
15 : update_scale(): _has_overflow, dynamic. _loss_scale =  256.0
Finished iteration 153, CKPT_AND_STOP: False, flag: tensor([0], dtype=torch.int32), speed: 4301.216
15 Overflow !!
15 : update_scale(): _has_overflow, dynamic. _loss_scale =  128.0
Finished iteration 154, CKPT_AND_STOP: False, flag: tensor([1], dtype=torch.int32), speed: 4217.145
2022-11-23 14:55:47.468880 Begin to save checkpont to s3://spot-checkpoints/bert and exit
Opt ckpt time 3.16013240814209
Process done with return code 0
Parent process ID: 6881 node: 172.31.28.143
2 per stage
16 servers!
Config:
ranks: range(15, 16)
train batch size: 1024
partitions: 8
chunk_size: 8
data depth: 2
stage to rank map: 0,8;1,9;2,10;3,11;4,12;5,13;6,14;7,15;
World size is 16
/opt/conda/envs/varuna/bin/python -u /home/ubuntu/varuna_examples/DeepLearningExamples/PyTorch/LanguageModeling/BERT/run_pretraining.py --rank=15 --chunk_size=8 --local_rank=0 --stage_to_rank_map=0,8;1,9;2,10;3,11;4,12;5,13;6,14;7,15; --batch-size=512 --input_dir=/hdf5_lower_case_1_seq_len_128_max_pred_20_masked_lm_prob_0.15_random_seed_12345_dupe_factor_5/wikicorpus_en/ --output_dir=s3://spot-checkpoints/bert --config_file=bert_config.json --bert_model=bert-large-uncased --train_batch_size=1024 --max_seq_length=128 --max_predictions_per_seq=20 --max_steps=7038 --warmup_proportion=0.2843 --num_steps_per_checkpoint=200 --learning_rate=6e-3 --seed=12439 --fp16 --gradient_accumulation_steps=128 --allreduce_post_accumulation --allreduce_post_accumulation_fp16 --do_train --json-summary /home/ubuntu/varuna_examples/DeepLearningExamples/PyTorch/LanguageModeling/BERT/results/dllogger.json --varuna --resume_step 155
device: cuda:0 n_gpu: 1, distributed training: True, 16-bits training: True
dry run time 0.14698076248168945
SHARED WEIGHTS ARE
[(0, 7)]
this rank  15 is part of pipeline replica  1
64 chunks
Begin to load checkpint from s3://spot-checkpoints/bert/ckpt_155.pt
2022-11-23 14:56:18.412344 resume step from  155
2022-11-23 14:56:28.320233 - Finished loading checkpoint, takes 9895.580 secs
15 Overflow !!
15 : update_scale(): _has_overflow, dynamic. _loss_scale =  524288.0
Finished iteration 155, CKPT_AND_STOP: False, flag: tensor([0], dtype=torch.int32), speed: 13497.228
15 Overflow !!
15 : update_scale(): _has_overflow, dynamic. _loss_scale =  262144.0
Finished iteration 156, CKPT_AND_STOP: False, flag: tensor([0], dtype=torch.int32), speed: 6396.251
15 Overflow !!
15 : update_scale(): _has_overflow, dynamic. _loss_scale =  131072.0
Finished iteration 157, CKPT_AND_STOP: False, flag: tensor([0], dtype=torch.int32), speed: 5540.770
15 Overflow !!
15 : update_scale(): _has_overflow, dynamic. _loss_scale =  65536.0
Finished iteration 158, CKPT_AND_STOP: False, flag: tensor([0], dtype=torch.int32), speed: 5612.906
15 Overflow !!
15 : update_scale(): _has_overflow, dynamic. _loss_scale =  32768.0
Finished iteration 159, CKPT_AND_STOP: False, flag: tensor([0], dtype=torch.int32), speed: 5541.374
15 Overflow !!
15 : update_scale(): _has_overflow, dynamic. _loss_scale =  16384.0
Finished iteration 160, CKPT_AND_STOP: False, flag: tensor([0], dtype=torch.int32), speed: 4417.865
15 Overflow !!
15 : update_scale(): _has_overflow, dynamic. _loss_scale =  8192.0
Finished iteration 161, CKPT_AND_STOP: False, flag: tensor([0], dtype=torch.int32), speed: 4159.531
15 Overflow !!
15 : update_scale(): _has_overflow, dynamic. _loss_scale =  4096.0
Finished iteration 162, CKPT_AND_STOP: False, flag: tensor([0], dtype=torch.int32), speed: 4444.513
15 Overflow !!
15 : update_scale(): _has_overflow, dynamic. _loss_scale =  2048.0
Finished iteration 163, CKPT_AND_STOP: False, flag: tensor([0], dtype=torch.int32), speed: 4356.300
15 Overflow !!
15 : update_scale(): _has_overflow, dynamic. _loss_scale =  1024.0
Finished iteration 164, CKPT_AND_STOP: False, flag: tensor([0], dtype=torch.int32), speed: 4492.246
15 Overflow !!
15 : update_scale(): _has_overflow, dynamic. _loss_scale =  512.0
Finished iteration 165, CKPT_AND_STOP: False, flag: tensor([0], dtype=torch.int32), speed: 4434.731
15 Overflow !!
15 : update_scale(): _has_overflow, dynamic. _loss_scale =  256.0
Finished iteration 166, CKPT_AND_STOP: False, flag: tensor([0], dtype=torch.int32), speed: 4467.989
15 Overflow !!
15 : update_scale(): _has_overflow, dynamic. _loss_scale =  128.0
Finished iteration 167, CKPT_AND_STOP: False, flag: tensor([0], dtype=torch.int32), speed: 5416.486
15 Overflow !!
15 : update_scale(): _has_overflow, dynamic. _loss_scale =  64.0
Finished iteration 168, CKPT_AND_STOP: False, flag: tensor([0], dtype=torch.int32), speed: 4521.214
15 Overflow !!
15 : update_scale(): _has_overflow, dynamic. _loss_scale =  32.0
Finished iteration 169, CKPT_AND_STOP: False, flag: tensor([0], dtype=torch.int32), speed: 4489.072
15 Overflow !!
15 : update_scale(): _has_overflow, dynamic. _loss_scale =  16.0
Finished iteration 170, CKPT_AND_STOP: False, flag: tensor([0], dtype=torch.int32), speed: 4175.938
15 Overflow !!
15 : update_scale(): _has_overflow, dynamic. _loss_scale =  8.0
Finished iteration 171, CKPT_AND_STOP: False, flag: tensor([0], dtype=torch.int32), speed: 4528.707
15 Overflow !!
15 : update_scale(): _has_overflow, dynamic. _loss_scale =  4.0
Finished iteration 172, CKPT_AND_STOP: False, flag: tensor([0], dtype=torch.int32), speed: 4408.159
15 Overflow !!
15 : update_scale(): _has_overflow, dynamic. _loss_scale =  2.0
Finished iteration 173, CKPT_AND_STOP: False, flag: tensor([0], dtype=torch.int32), speed: 4426.551
15 Overflow !!
15 : update_scale(): _has_overflow, dynamic. _loss_scale =  1.0
Finished iteration 174, CKPT_AND_STOP: False, flag: tensor([0], dtype=torch.int32), speed: 4473.152
15 Overflow !!
15 : update_scale(): _has_overflow, dynamic. _loss_scale =  1.0
Finished iteration 175, CKPT_AND_STOP: False, flag: tensor([0], dtype=torch.int32), speed: 4418.912
15 Overflow !!
15 : update_scale(): _has_overflow, dynamic. _loss_scale =  1.0
Finished iteration 176, CKPT_AND_STOP: False, flag: tensor([0], dtype=torch.int32), speed: 4482.505
15 Overflow !!
15 : update_scale(): _has_overflow, dynamic. _loss_scale =  1.0
Finished iteration 177, CKPT_AND_STOP: False, flag: tensor([0], dtype=torch.int32), speed: 4498.084
15 Overflow !!
15 : update_scale(): _has_overflow, dynamic. _loss_scale =  1.0
Finished iteration 178, CKPT_AND_STOP: False, flag: tensor([0], dtype=torch.int32), speed: 4490.342
15 Overflow !!
15 : update_scale(): _has_overflow, dynamic. _loss_scale =  1.0
Finished iteration 179, CKPT_AND_STOP: False, flag: tensor([0], dtype=torch.int32), speed: 4577.476
15 Overflow !!
15 : update_scale(): _has_overflow, dynamic. _loss_scale =  1.0
Finished iteration 180, CKPT_AND_STOP: False, flag: tensor([0], dtype=torch.int32), speed: 4436.426
15 Overflow !!
15 : update_scale(): _has_overflow, dynamic. _loss_scale =  1.0
Finished iteration 181, CKPT_AND_STOP: False, flag: tensor([0], dtype=torch.int32), speed: 4788.286
15 Overflow !!
15 : update_scale(): _has_overflow, dynamic. _loss_scale =  1.0
Finished iteration 182, CKPT_AND_STOP: False, flag: tensor([0], dtype=torch.int32), speed: 4440.879
15 Overflow !!
15 : update_scale(): _has_overflow, dynamic. _loss_scale =  1.0
Finished iteration 183, CKPT_AND_STOP: False, flag: tensor([0], dtype=torch.int32), speed: 4354.534
15 Overflow !!
15 : update_scale(): _has_overflow, dynamic. _loss_scale =  1.0
Finished iteration 184, CKPT_AND_STOP: False, flag: tensor([0], dtype=torch.int32), speed: 4745.653
15 Overflow !!
15 : update_scale(): _has_overflow, dynamic. _loss_scale =  1.0
Finished iteration 185, CKPT_AND_STOP: False, flag: tensor([0], dtype=torch.int32), speed: 4556.712
15 Overflow !!
15 : update_scale(): _has_overflow, dynamic. _loss_scale =  1.0
Finished iteration 186, CKPT_AND_STOP: False, flag: tensor([0], dtype=torch.int32), speed: 4326.725
15 Overflow !!
15 : update_scale(): _has_overflow, dynamic. _loss_scale =  1.0
Finished iteration 187, CKPT_AND_STOP: False, flag: tensor([0], dtype=torch.int32), speed: 4426.561
15 Overflow !!
15 : update_scale(): _has_overflow, dynamic. _loss_scale =  1.0
Finished iteration 188, CKPT_AND_STOP: False, flag: tensor([0], dtype=torch.int32), speed: 4442.534
15 Overflow !!
15 : update_scale(): _has_overflow, dynamic. _loss_scale =  1.0
Finished iteration 189, CKPT_AND_STOP: False, flag: tensor([0], dtype=torch.int32), speed: 4740.004
15 Overflow !!
15 : update_scale(): _has_overflow, dynamic. _loss_scale =  1.0
Finished iteration 190, CKPT_AND_STOP: False, flag: tensor([0], dtype=torch.int32), speed: 4304.202
15 Overflow !!
15 : update_scale(): _has_overflow, dynamic. _loss_scale =  1.0
Finished iteration 191, CKPT_AND_STOP: False, flag: tensor([0], dtype=torch.int32), speed: 4178.903
15 Overflow !!
15 : update_scale(): _has_overflow, dynamic. _loss_scale =  1.0
Finished iteration 192, CKPT_AND_STOP: False, flag: tensor([0], dtype=torch.int32), speed: 4235.656
15 Overflow !!
15 : update_scale(): _has_overflow, dynamic. _loss_scale =  1.0
Finished iteration 193, CKPT_AND_STOP: False, flag: tensor([0], dtype=torch.int32), speed: 4292.752
15 Overflow !!
15 : update_scale(): _has_overflow, dynamic. _loss_scale =  1.0
Finished iteration 194, CKPT_AND_STOP: False, flag: tensor([0], dtype=torch.int32), speed: 4401.179
15 Overflow !!
15 : update_scale(): _has_overflow, dynamic. _loss_scale =  1.0
Finished iteration 195, CKPT_AND_STOP: False, flag: tensor([0], dtype=torch.int32), speed: 4260.295
15 Overflow !!
15 : update_scale(): _has_overflow, dynamic. _loss_scale =  1.0
Finished iteration 196, CKPT_AND_STOP: False, flag: tensor([0], dtype=torch.int32), speed: 4641.153
15 Overflow !!
15 : update_scale(): _has_overflow, dynamic. _loss_scale =  1.0
Finished iteration 197, CKPT_AND_STOP: False, flag: tensor([0], dtype=torch.int32), speed: 4344.275
15 Overflow !!
15 : update_scale(): _has_overflow, dynamic. _loss_scale =  1.0
Finished iteration 198, CKPT_AND_STOP: False, flag: tensor([0], dtype=torch.int32), speed: 4251.313
15 Overflow !!
15 : update_scale(): _has_overflow, dynamic. _loss_scale =  1.0
Finished iteration 199, CKPT_AND_STOP: False, flag: tensor([0], dtype=torch.int32), speed: 4325.830
15 Overflow !!
15 : update_scale(): _has_overflow, dynamic. _loss_scale =  1.0
Finished iteration 200, CKPT_AND_STOP: False, flag: tensor([0], dtype=torch.int32), speed: 4227.313
15 Overflow !!
15 : update_scale(): _has_overflow, dynamic. _loss_scale =  1.0
Finished iteration 201, CKPT_AND_STOP: False, flag: tensor([0], dtype=torch.int32), speed: 4226.046
15 Overflow !!
15 : update_scale(): _has_overflow, dynamic. _loss_scale =  1.0
Finished iteration 202, CKPT_AND_STOP: False, flag: tensor([0], dtype=torch.int32), speed: 4279.457
15 Overflow !!
15 : update_scale(): _has_overflow, dynamic. _loss_scale =  1.0
Finished iteration 203, CKPT_AND_STOP: False, flag: tensor([0], dtype=torch.int32), speed: 4453.566
15 Overflow !!
15 : update_scale(): _has_overflow, dynamic. _loss_scale =  1.0
Finished iteration 204, CKPT_AND_STOP: False, flag: tensor([0], dtype=torch.int32), speed: 4417.514
15 Overflow !!
15 : update_scale(): _has_overflow, dynamic. _loss_scale =  1.0
Finished iteration 205, CKPT_AND_STOP: False, flag: tensor([0], dtype=torch.int32), speed: 4747.283
15 Overflow !!
15 : update_scale(): _has_overflow, dynamic. _loss_scale =  1.0
Finished iteration 206, CKPT_AND_STOP: False, flag: tensor([0], dtype=torch.int32), speed: 5259.640
15 Overflow !!
15 : update_scale(): _has_overflow, dynamic. _loss_scale =  1.0
Finished iteration 207, CKPT_AND_STOP: False, flag: tensor([0], dtype=torch.int32), speed: 4377.292
15 Overflow !!
15 : update_scale(): _has_overflow, dynamic. _loss_scale =  1.0
Finished iteration 208, CKPT_AND_STOP: False, flag: tensor([0], dtype=torch.int32), speed: 4294.020
15 Overflow !!
15 : update_scale(): _has_overflow, dynamic. _loss_scale =  1.0
Finished iteration 209, CKPT_AND_STOP: False, flag: tensor([0], dtype=torch.int32), speed: 4287.699
15 Overflow !!
15 : update_scale(): _has_overflow, dynamic. _loss_scale =  1.0
Finished iteration 210, CKPT_AND_STOP: False, flag: tensor([0], dtype=torch.int32), speed: 4209.377
15 Overflow !!
15 : update_scale(): _has_overflow, dynamic. _loss_scale =  1.0
Finished iteration 211, CKPT_AND_STOP: False, flag: tensor([0], dtype=torch.int32), speed: 4606.482
15 Overflow !!
15 : update_scale(): _has_overflow, dynamic. _loss_scale =  1.0
Finished iteration 212, CKPT_AND_STOP: False, flag: tensor([0], dtype=torch.int32), speed: 4401.999
15 Overflow !!
15 : update_scale(): _has_overflow, dynamic. _loss_scale =  1.0
Finished iteration 213, CKPT_AND_STOP: False, flag: tensor([0], dtype=torch.int32), speed: 4524.279
15 Overflow !!
15 : update_scale(): _has_overflow, dynamic. _loss_scale =  1.0
Finished iteration 214, CKPT_AND_STOP: False, flag: tensor([0], dtype=torch.int32), speed: 5035.906
15 Overflow !!
15 : update_scale(): _has_overflow, dynamic. _loss_scale =  1.0
Finished iteration 215, CKPT_AND_STOP: False, flag: tensor([0], dtype=torch.int32), speed: 4543.767
15 Overflow !!
15 : update_scale(): _has_overflow, dynamic. _loss_scale =  1.0
Finished iteration 216, CKPT_AND_STOP: False, flag: tensor([0], dtype=torch.int32), speed: 4708.644
15 Overflow !!
15 : update_scale(): _has_overflow, dynamic. _loss_scale =  1.0
Finished iteration 217, CKPT_AND_STOP: False, flag: tensor([0], dtype=torch.int32), speed: 4250.991
15 Overflow !!
15 : update_scale(): _has_overflow, dynamic. _loss_scale =  1.0
Finished iteration 218, CKPT_AND_STOP: False, flag: tensor([0], dtype=torch.int32), speed: 4239.928
15 Overflow !!
15 : update_scale(): _has_overflow, dynamic. _loss_scale =  1.0
Finished iteration 219, CKPT_AND_STOP: False, flag: tensor([0], dtype=torch.int32), speed: 4424.272
15 Overflow !!
15 : update_scale(): _has_overflow, dynamic. _loss_scale =  1.0
Finished iteration 220, CKPT_AND_STOP: False, flag: tensor([0], dtype=torch.int32), speed: 4582.674
15 Overflow !!
15 : update_scale(): _has_overflow, dynamic. _loss_scale =  1.0
Finished iteration 221, CKPT_AND_STOP: False, flag: tensor([0], dtype=torch.int32), speed: 4335.852
15 Overflow !!
15 : update_scale(): _has_overflow, dynamic. _loss_scale =  1.0
Finished iteration 222, CKPT_AND_STOP: False, flag: tensor([0], dtype=torch.int32), speed: 4826.749
15 Overflow !!
15 : update_scale(): _has_overflow, dynamic. _loss_scale =  1.0
Finished iteration 223, CKPT_AND_STOP: False, flag: tensor([0], dtype=torch.int32), speed: 4489.035
15 Overflow !!
15 : update_scale(): _has_overflow, dynamic. _loss_scale =  1.0
Finished iteration 224, CKPT_AND_STOP: False, flag: tensor([0], dtype=torch.int32), speed: 4449.466
15 Overflow !!
15 : update_scale(): _has_overflow, dynamic. _loss_scale =  1.0
Finished iteration 225, CKPT_AND_STOP: False, flag: tensor([0], dtype=torch.int32), speed: 4487.933
15 Overflow !!
15 : update_scale(): _has_overflow, dynamic. _loss_scale =  1.0
Finished iteration 226, CKPT_AND_STOP: False, flag: tensor([0], dtype=torch.int32), speed: 4261.529
15 Overflow !!
15 : update_scale(): _has_overflow, dynamic. _loss_scale =  1.0
Finished iteration 227, CKPT_AND_STOP: False, flag: tensor([0], dtype=torch.int32), speed: 4402.485
15 Overflow !!
15 : update_scale(): _has_overflow, dynamic. _loss_scale =  1.0
Finished iteration 228, CKPT_AND_STOP: False, flag: tensor([0], dtype=torch.int32), speed: 4485.960
15 Overflow !!
15 : update_scale(): _has_overflow, dynamic. _loss_scale =  1.0
Finished iteration 229, CKPT_AND_STOP: False, flag: tensor([0], dtype=torch.int32), speed: 4547.576
15 Overflow !!
15 : update_scale(): _has_overflow, dynamic. _loss_scale =  1.0
Finished iteration 230, CKPT_AND_STOP: False, flag: tensor([0], dtype=torch.int32), speed: 4302.753
15 Overflow !!
15 : update_scale(): _has_overflow, dynamic. _loss_scale =  1.0
Finished iteration 231, CKPT_AND_STOP: False, flag: tensor([0], dtype=torch.int32), speed: 4148.147
15 Overflow !!
15 : update_scale(): _has_overflow, dynamic. _loss_scale =  1.0
Finished iteration 232, CKPT_AND_STOP: False, flag: tensor([0], dtype=torch.int32), speed: 4322.013
15 Overflow !!
15 : update_scale(): _has_overflow, dynamic. _loss_scale =  1.0
Finished iteration 233, CKPT_AND_STOP: False, flag: tensor([0], dtype=torch.int32), speed: 4368.107
15 Overflow !!
15 : update_scale(): _has_overflow, dynamic. _loss_scale =  1.0
Finished iteration 234, CKPT_AND_STOP: False, flag: tensor([0], dtype=torch.int32), speed: 4445.580
15 Overflow !!
15 : update_scale(): _has_overflow, dynamic. _loss_scale =  1.0
Finished iteration 235, CKPT_AND_STOP: False, flag: tensor([0], dtype=torch.int32), speed: 4196.271
15 Overflow !!
15 : update_scale(): _has_overflow, dynamic. _loss_scale =  1.0
Finished iteration 236, CKPT_AND_STOP: False, flag: tensor([0], dtype=torch.int32), speed: 4271.092
15 Overflow !!
15 : update_scale(): _has_overflow, dynamic. _loss_scale =  1.0
Finished iteration 237, CKPT_AND_STOP: False, flag: tensor([0], dtype=torch.int32), speed: 4323.725
15 Overflow !!
15 : update_scale(): _has_overflow, dynamic. _loss_scale =  1.0
Finished iteration 238, CKPT_AND_STOP: False, flag: tensor([0], dtype=torch.int32), speed: 4297.374
15 Overflow !!
15 : update_scale(): _has_overflow, dynamic. _loss_scale =  1.0
Finished iteration 239, CKPT_AND_STOP: False, flag: tensor([0], dtype=torch.int32), speed: 4445.395
15 Overflow !!
15 : update_scale(): _has_overflow, dynamic. _loss_scale =  1.0
Finished iteration 240, CKPT_AND_STOP: False, flag: tensor([0], dtype=torch.int32), speed: 4368.124
15 Overflow !!
15 : update_scale(): _has_overflow, dynamic. _loss_scale =  1.0
Finished iteration 241, CKPT_AND_STOP: False, flag: tensor([0], dtype=torch.int32), speed: 4534.339
15 Overflow !!
15 : update_scale(): _has_overflow, dynamic. _loss_scale =  1.0
Finished iteration 242, CKPT_AND_STOP: False, flag: tensor([0], dtype=torch.int32), speed: 4451.519
15 Overflow !!
15 : update_scale(): _has_overflow, dynamic. _loss_scale =  1.0
Finished iteration 243, CKPT_AND_STOP: False, flag: tensor([0], dtype=torch.int32), speed: 4721.441
15 Overflow !!
15 : update_scale(): _has_overflow, dynamic. _loss_scale =  1.0
Finished iteration 244, CKPT_AND_STOP: False, flag: tensor([0], dtype=torch.int32), speed: 4448.020
15 Overflow !!
15 : update_scale(): _has_overflow, dynamic. _loss_scale =  1.0
Finished iteration 245, CKPT_AND_STOP: False, flag: tensor([0], dtype=torch.int32), speed: 4396.580
15 Overflow !!
15 : update_scale(): _has_overflow, dynamic. _loss_scale =  1.0
Finished iteration 246, CKPT_AND_STOP: False, flag: tensor([0], dtype=torch.int32), speed: 4451.500
15 Overflow !!
15 : update_scale(): _has_overflow, dynamic. _loss_scale =  1.0
Finished iteration 247, CKPT_AND_STOP: False, flag: tensor([0], dtype=torch.int32), speed: 4360.706
15 Overflow !!
15 : update_scale(): _has_overflow, dynamic. _loss_scale =  1.0
Finished iteration 248, CKPT_AND_STOP: False, flag: tensor([0], dtype=torch.int32), speed: 4483.671
15 Overflow !!
15 : update_scale(): _has_overflow, dynamic. _loss_scale =  1.0
Finished iteration 249, CKPT_AND_STOP: False, flag: tensor([0], dtype=torch.int32), speed: 4182.785
15 Overflow !!
15 : update_scale(): _has_overflow, dynamic. _loss_scale =  1.0
Finished iteration 250, CKPT_AND_STOP: False, flag: tensor([0], dtype=torch.int32), speed: 4162.161
15 Overflow !!
15 : update_scale(): _has_overflow, dynamic. _loss_scale =  1.0
Finished iteration 251, CKPT_AND_STOP: False, flag: tensor([0], dtype=torch.int32), speed: 5038.449
Process done with return code 1
Parent process ID: 13607 node: 172.31.24.191
2 per stage
16 servers!
Config:
ranks: range(15, 16)
train batch size: 1024
partitions: 8
chunk_size: 8
data depth: 2
stage to rank map: 0,8;1,9;2,10;3,11;4,12;5,13;6,14;7,15;
World size is 16
/opt/conda/envs/varuna/bin/python -u /home/ubuntu/varuna_examples/DeepLearningExamples/PyTorch/LanguageModeling/BERT/run_pretraining.py --rank=15 --chunk_size=8 --local_rank=0 --stage_to_rank_map=0,8;1,9;2,10;3,11;4,12;5,13;6,14;7,15; --batch-size=512 --input_dir=/hdf5_lower_case_1_seq_len_128_max_pred_20_masked_lm_prob_0.15_random_seed_12345_dupe_factor_5/wikicorpus_en/ --output_dir=s3://spot-checkpoints/bert --config_file=bert_config.json --bert_model=bert-large-uncased --train_batch_size=1024 --max_seq_length=128 --max_predictions_per_seq=20 --max_steps=7038 --warmup_proportion=0.2843 --num_steps_per_checkpoint=200 --learning_rate=6e-3 --seed=12439 --fp16 --gradient_accumulation_steps=128 --allreduce_post_accumulation --allreduce_post_accumulation_fp16 --do_train --json-summary /home/ubuntu/varuna_examples/DeepLearningExamples/PyTorch/LanguageModeling/BERT/results/dllogger.json --varuna --resume_step 193
device: cuda:0 n_gpu: 1, distributed training: True, 16-bits training: True
dry run time 0.821739912033081
SHARED WEIGHTS ARE
[(0, 7)]
this rank  15 is part of pipeline replica  1
64 chunks
Begin to load checkpint from s3://spot-checkpoints/bert/ckpt_193.pt
2022-11-23 15:15:48.788266 resume step from  193
2022-11-23 15:15:56.905387 - Finished loading checkpoint, takes 8105.019 secs
15 Overflow !!
15 : update_scale(): _has_overflow, dynamic. _loss_scale =  524288.0
Finished iteration 193, CKPT_AND_STOP: False, flag: tensor([0], dtype=torch.int32), speed: 14193.581
15 Overflow !!
15 : update_scale(): _has_overflow, dynamic. _loss_scale =  262144.0
Finished iteration 194, CKPT_AND_STOP: False, flag: tensor([0], dtype=torch.int32), speed: 5454.047
15 Overflow !!
15 : update_scale(): _has_overflow, dynamic. _loss_scale =  131072.0
Finished iteration 195, CKPT_AND_STOP: False, flag: tensor([0], dtype=torch.int32), speed: 5179.466
15 Overflow !!
15 : update_scale(): _has_overflow, dynamic. _loss_scale =  65536.0
Finished iteration 196, CKPT_AND_STOP: False, flag: tensor([0], dtype=torch.int32), speed: 5350.350
15 Overflow !!
15 : update_scale(): _has_overflow, dynamic. _loss_scale =  32768.0
Finished iteration 197, CKPT_AND_STOP: False, flag: tensor([0], dtype=torch.int32), speed: 5424.020
15 Overflow !!
15 : update_scale(): _has_overflow, dynamic. _loss_scale =  16384.0
Finished iteration 198, CKPT_AND_STOP: False, flag: tensor([0], dtype=torch.int32), speed: 4096.880
15 Overflow !!
15 : update_scale(): _has_overflow, dynamic. _loss_scale =  8192.0
Finished iteration 199, CKPT_AND_STOP: False, flag: tensor([0], dtype=torch.int32), speed: 4213.066
15 Overflow !!
15 : update_scale(): _has_overflow, dynamic. _loss_scale =  4096.0
Finished iteration 200, CKPT_AND_STOP: False, flag: tensor([0], dtype=torch.int32), speed: 4345.832
15 Overflow !!
15 : update_scale(): _has_overflow, dynamic. _loss_scale =  2048.0
Finished iteration 201, CKPT_AND_STOP: False, flag: tensor([0], dtype=torch.int32), speed: 4333.056
15 Overflow !!
15 : update_scale(): _has_overflow, dynamic. _loss_scale =  1024.0
Finished iteration 202, CKPT_AND_STOP: False, flag: tensor([0], dtype=torch.int32), speed: 4285.176
15 Overflow !!
15 : update_scale(): _has_overflow, dynamic. _loss_scale =  512.0
Finished iteration 203, CKPT_AND_STOP: False, flag: tensor([0], dtype=torch.int32), speed: 4342.904
15 Overflow !!
15 : update_scale(): _has_overflow, dynamic. _loss_scale =  256.0
Finished iteration 204, CKPT_AND_STOP: False, flag: tensor([0], dtype=torch.int32), speed: 4092.427
15 Overflow !!
15 : update_scale(): _has_overflow, dynamic. _loss_scale =  128.0
Finished iteration 205, CKPT_AND_STOP: False, flag: tensor([0], dtype=torch.int32), speed: 4243.706
15 Overflow !!
15 : update_scale(): _has_overflow, dynamic. _loss_scale =  64.0
Finished iteration 206, CKPT_AND_STOP: False, flag: tensor([0], dtype=torch.int32), speed: 4083.683
15 Overflow !!
15 : update_scale(): _has_overflow, dynamic. _loss_scale =  32.0
Finished iteration 207, CKPT_AND_STOP: False, flag: tensor([0], dtype=torch.int32), speed: 4277.333
15 Overflow !!
15 : update_scale(): _has_overflow, dynamic. _loss_scale =  16.0
Finished iteration 208, CKPT_AND_STOP: False, flag: tensor([0], dtype=torch.int32), speed: 4171.775
15 Overflow !!
15 : update_scale(): _has_overflow, dynamic. _loss_scale =  8.0
Finished iteration 209, CKPT_AND_STOP: False, flag: tensor([0], dtype=torch.int32), speed: 4514.991
15 Overflow !!
15 : update_scale(): _has_overflow, dynamic. _loss_scale =  4.0
Finished iteration 210, CKPT_AND_STOP: False, flag: tensor([0], dtype=torch.int32), speed: 4278.429
15 Overflow !!
15 : update_scale(): _has_overflow, dynamic. _loss_scale =  2.0
Finished iteration 211, CKPT_AND_STOP: False, flag: tensor([0], dtype=torch.int32), speed: 4187.935
15 Overflow !!
15 : update_scale(): _has_overflow, dynamic. _loss_scale =  1.0
Finished iteration 212, CKPT_AND_STOP: False, flag: tensor([0], dtype=torch.int32), speed: 4287.405
15 Overflow !!
15 : update_scale(): _has_overflow, dynamic. _loss_scale =  1.0
Finished iteration 213, CKPT_AND_STOP: False, flag: tensor([0], dtype=torch.int32), speed: 4111.410
15 Overflow !!
15 : update_scale(): _has_overflow, dynamic. _loss_scale =  1.0
Finished iteration 214, CKPT_AND_STOP: False, flag: tensor([0], dtype=torch.int32), speed: 4099.615
15 Overflow !!
15 : update_scale(): _has_overflow, dynamic. _loss_scale =  1.0
Finished iteration 215, CKPT_AND_STOP: False, flag: tensor([0], dtype=torch.int32), speed: 4262.851
15 Overflow !!
15 : update_scale(): _has_overflow, dynamic. _loss_scale =  1.0
Finished iteration 216, CKPT_AND_STOP: False, flag: tensor([0], dtype=torch.int32), speed: 4108.444
15 Overflow !!
15 : update_scale(): _has_overflow, dynamic. _loss_scale =  1.0
Finished iteration 217, CKPT_AND_STOP: False, flag: tensor([0], dtype=torch.int32), speed: 4234.464
15 Overflow !!
15 : update_scale(): _has_overflow, dynamic. _loss_scale =  1.0
Finished iteration 218, CKPT_AND_STOP: False, flag: tensor([0], dtype=torch.int32), speed: 4262.010
15 Overflow !!
15 : update_scale(): _has_overflow, dynamic. _loss_scale =  1.0
Finished iteration 219, CKPT_AND_STOP: False, flag: tensor([0], dtype=torch.int32), speed: 4113.968
15 Overflow !!
15 : update_scale(): _has_overflow, dynamic. _loss_scale =  1.0
Finished iteration 220, CKPT_AND_STOP: False, flag: tensor([0], dtype=torch.int32), speed: 4239.346
15 Overflow !!
15 : update_scale(): _has_overflow, dynamic. _loss_scale =  1.0
Finished iteration 221, CKPT_AND_STOP: False, flag: tensor([0], dtype=torch.int32), speed: 4463.740
15 Overflow !!
15 : update_scale(): _has_overflow, dynamic. _loss_scale =  1.0
Finished iteration 222, CKPT_AND_STOP: False, flag: tensor([2], dtype=torch.int32), speed: 4176.388
2022-11-23 15:18:18.370969 Begin to save checkpont to s3://spot-checkpoints/bert and exit
Opt ckpt time 3.6132991313934326
Process done with return code 0
Parent process ID: 14144 node: 172.31.24.191
2 per stage
16 servers!
Config:
ranks: range(15, 16)
train batch size: 1024
partitions: 8
chunk_size: 8
data depth: 2
stage to rank map: 0,8;1,9;2,10;3,11;4,12;5,13;6,14;7,15;
World size is 16
/opt/conda/envs/varuna/bin/python -u /home/ubuntu/varuna_examples/DeepLearningExamples/PyTorch/LanguageModeling/BERT/run_pretraining.py --rank=15 --chunk_size=8 --local_rank=0 --stage_to_rank_map=0,8;1,9;2,10;3,11;4,12;5,13;6,14;7,15; --batch-size=512 --input_dir=/hdf5_lower_case_1_seq_len_128_max_pred_20_masked_lm_prob_0.15_random_seed_12345_dupe_factor_5/wikicorpus_en/ --output_dir=s3://spot-checkpoints/bert --config_file=bert_config.json --bert_model=bert-large-uncased --train_batch_size=1024 --max_seq_length=128 --max_predictions_per_seq=20 --max_steps=7038 --warmup_proportion=0.2843 --num_steps_per_checkpoint=200 --learning_rate=6e-3 --seed=12439 --fp16 --gradient_accumulation_steps=128 --allreduce_post_accumulation --allreduce_post_accumulation_fp16 --do_train --json-summary /home/ubuntu/varuna_examples/DeepLearningExamples/PyTorch/LanguageModeling/BERT/results/dllogger.json --varuna --resume_step 223
device: cuda:0 n_gpu: 1, distributed training: True, 16-bits training: True
dry run time 0.0637352466583252
SHARED WEIGHTS ARE
[(0, 7)]
this rank  15 is part of pipeline replica  1
64 chunks
Begin to load checkpint from s3://spot-checkpoints/bert/ckpt_223.pt
2022-11-23 15:18:46.861737 resume step from  223
2022-11-23 15:18:56.986476 - Finished loading checkpoint, takes 10112.777 secs
15 Overflow !!
15 : update_scale(): _has_overflow, dynamic. _loss_scale =  524288.0
Finished iteration 223, CKPT_AND_STOP: False, flag: tensor([0], dtype=torch.int32), speed: 17615.654
15 Overflow !!
15 : update_scale(): _has_overflow, dynamic. _loss_scale =  262144.0
Finished iteration 224, CKPT_AND_STOP: False, flag: tensor([0], dtype=torch.int32), speed: 5328.013
15 Overflow !!
15 : update_scale(): _has_overflow, dynamic. _loss_scale =  131072.0
Finished iteration 225, CKPT_AND_STOP: False, flag: tensor([0], dtype=torch.int32), speed: 5298.689
15 Overflow !!
15 : update_scale(): _has_overflow, dynamic. _loss_scale =  65536.0
Finished iteration 226, CKPT_AND_STOP: False, flag: tensor([0], dtype=torch.int32), speed: 5192.671
15 Overflow !!
15 : update_scale(): _has_overflow, dynamic. _loss_scale =  32768.0
Finished iteration 227, CKPT_AND_STOP: False, flag: tensor([0], dtype=torch.int32), speed: 5258.960
15 Overflow !!
15 : update_scale(): _has_overflow, dynamic. _loss_scale =  16384.0
Finished iteration 228, CKPT_AND_STOP: False, flag: tensor([0], dtype=torch.int32), speed: 4405.856
15 Overflow !!
15 : update_scale(): _has_overflow, dynamic. _loss_scale =  8192.0
Finished iteration 229, CKPT_AND_STOP: False, flag: tensor([0], dtype=torch.int32), speed: 4337.857
15 Overflow !!
15 : update_scale(): _has_overflow, dynamic. _loss_scale =  4096.0
Finished iteration 230, CKPT_AND_STOP: False, flag: tensor([0], dtype=torch.int32), speed: 4174.952
15 Overflow !!
15 : update_scale(): _has_overflow, dynamic. _loss_scale =  2048.0
Finished iteration 231, CKPT_AND_STOP: False, flag: tensor([0], dtype=torch.int32), speed: 4237.063
15 Overflow !!
15 : update_scale(): _has_overflow, dynamic. _loss_scale =  1024.0
Finished iteration 232, CKPT_AND_STOP: False, flag: tensor([0], dtype=torch.int32), speed: 4241.717
15 Overflow !!
15 : update_scale(): _has_overflow, dynamic. _loss_scale =  512.0
Finished iteration 233, CKPT_AND_STOP: False, flag: tensor([0], dtype=torch.int32), speed: 4238.028
15 Overflow !!
15 : update_scale(): _has_overflow, dynamic. _loss_scale =  256.0
Finished iteration 234, CKPT_AND_STOP: False, flag: tensor([0], dtype=torch.int32), speed: 4259.438
15 Overflow !!
15 : update_scale(): _has_overflow, dynamic. _loss_scale =  128.0
Finished iteration 235, CKPT_AND_STOP: False, flag: tensor([0], dtype=torch.int32), speed: 4114.057
15 Overflow !!
15 : update_scale(): _has_overflow, dynamic. _loss_scale =  64.0
Finished iteration 236, CKPT_AND_STOP: False, flag: tensor([0], dtype=torch.int32), speed: 4348.409
15 Overflow !!
15 : update_scale(): _has_overflow, dynamic. _loss_scale =  32.0
Finished iteration 237, CKPT_AND_STOP: False, flag: tensor([0], dtype=torch.int32), speed: 4166.964
15 Overflow !!
15 : update_scale(): _has_overflow, dynamic. _loss_scale =  16.0
Finished iteration 238, CKPT_AND_STOP: False, flag: tensor([0], dtype=torch.int32), speed: 4235.074
15 Overflow !!
15 : update_scale(): _has_overflow, dynamic. _loss_scale =  8.0
Finished iteration 239, CKPT_AND_STOP: False, flag: tensor([0], dtype=torch.int32), speed: 4216.265
15 Overflow !!
15 : update_scale(): _has_overflow, dynamic. _loss_scale =  4.0
Finished iteration 240, CKPT_AND_STOP: False, flag: tensor([0], dtype=torch.int32), speed: 4248.939
15 Overflow !!
15 : update_scale(): _has_overflow, dynamic. _loss_scale =  2.0
Finished iteration 241, CKPT_AND_STOP: False, flag: tensor([0], dtype=torch.int32), speed: 4055.936
15 Overflow !!
15 : update_scale(): _has_overflow, dynamic. _loss_scale =  1.0
Finished iteration 242, CKPT_AND_STOP: False, flag: tensor([0], dtype=torch.int32), speed: 4242.939
15 Overflow !!
15 : update_scale(): _has_overflow, dynamic. _loss_scale =  1.0
Finished iteration 243, CKPT_AND_STOP: False, flag: tensor([0], dtype=torch.int32), speed: 4368.795
15 Overflow !!
15 : update_scale(): _has_overflow, dynamic. _loss_scale =  1.0
Finished iteration 244, CKPT_AND_STOP: False, flag: tensor([0], dtype=torch.int32), speed: 4183.410
15 Overflow !!
15 : update_scale(): _has_overflow, dynamic. _loss_scale =  1.0
Finished iteration 245, CKPT_AND_STOP: False, flag: tensor([0], dtype=torch.int32), speed: 4188.388
15 Overflow !!
15 : update_scale(): _has_overflow, dynamic. _loss_scale =  1.0
Finished iteration 246, CKPT_AND_STOP: False, flag: tensor([0], dtype=torch.int32), speed: 4344.785
15 Overflow !!
15 : update_scale(): _has_overflow, dynamic. _loss_scale =  1.0
Finished iteration 247, CKPT_AND_STOP: False, flag: tensor([0], dtype=torch.int32), speed: 4196.555
15 Overflow !!
15 : update_scale(): _has_overflow, dynamic. _loss_scale =  1.0
Finished iteration 248, CKPT_AND_STOP: False, flag: tensor([0], dtype=torch.int32), speed: 4311.612
15 Overflow !!
15 : update_scale(): _has_overflow, dynamic. _loss_scale =  1.0
Finished iteration 249, CKPT_AND_STOP: False, flag: tensor([0], dtype=torch.int32), speed: 4207.935
15 Overflow !!
15 : update_scale(): _has_overflow, dynamic. _loss_scale =  1.0
Finished iteration 250, CKPT_AND_STOP: False, flag: tensor([0], dtype=torch.int32), speed: 4192.744
15 Overflow !!
15 : update_scale(): _has_overflow, dynamic. _loss_scale =  1.0
Finished iteration 251, CKPT_AND_STOP: False, flag: tensor([0], dtype=torch.int32), speed: 4251.319
15 Overflow !!
15 : update_scale(): _has_overflow, dynamic. _loss_scale =  1.0
Finished iteration 252, CKPT_AND_STOP: False, flag: tensor([0], dtype=torch.int32), speed: 4205.602
15 Overflow !!
15 : update_scale(): _has_overflow, dynamic. _loss_scale =  1.0
Finished iteration 253, CKPT_AND_STOP: False, flag: tensor([0], dtype=torch.int32), speed: 4278.229
15 Overflow !!
15 : update_scale(): _has_overflow, dynamic. _loss_scale =  1.0
Finished iteration 254, CKPT_AND_STOP: False, flag: tensor([0], dtype=torch.int32), speed: 4095.548
15 Overflow !!
15 : update_scale(): _has_overflow, dynamic. _loss_scale =  1.0
Finished iteration 255, CKPT_AND_STOP: False, flag: tensor([0], dtype=torch.int32), speed: 4134.582
15 Overflow !!
15 : update_scale(): _has_overflow, dynamic. _loss_scale =  1.0
Finished iteration 256, CKPT_AND_STOP: False, flag: tensor([0], dtype=torch.int32), speed: 4100.635
15 Overflow !!
15 : update_scale(): _has_overflow, dynamic. _loss_scale =  1.0
Finished iteration 257, CKPT_AND_STOP: False, flag: tensor([0], dtype=torch.int32), speed: 4120.574
15 Overflow !!
15 : update_scale(): _has_overflow, dynamic. _loss_scale =  1.0
Finished iteration 258, CKPT_AND_STOP: False, flag: tensor([0], dtype=torch.int32), speed: 4332.266
15 Overflow !!
15 : update_scale(): _has_overflow, dynamic. _loss_scale =  1.0
Finished iteration 259, CKPT_AND_STOP: False, flag: tensor([0], dtype=torch.int32), speed: 4347.528
15 Overflow !!
15 : update_scale(): _has_overflow, dynamic. _loss_scale =  1.0
Finished iteration 260, CKPT_AND_STOP: False, flag: tensor([0], dtype=torch.int32), speed: 4188.339
15 Overflow !!
15 : update_scale(): _has_overflow, dynamic. _loss_scale =  1.0
Finished iteration 261, CKPT_AND_STOP: False, flag: tensor([0], dtype=torch.int32), speed: 4383.869
15 Overflow !!
15 : update_scale(): _has_overflow, dynamic. _loss_scale =  1.0
Finished iteration 262, CKPT_AND_STOP: False, flag: tensor([0], dtype=torch.int32), speed: 4245.156
15 Overflow !!
15 : update_scale(): _has_overflow, dynamic. _loss_scale =  1.0
Finished iteration 263, CKPT_AND_STOP: False, flag: tensor([0], dtype=torch.int32), speed: 4308.574
15 Overflow !!
15 : update_scale(): _has_overflow, dynamic. _loss_scale =  1.0
Finished iteration 264, CKPT_AND_STOP: False, flag: tensor([0], dtype=torch.int32), speed: 4283.569
15 Overflow !!
15 : update_scale(): _has_overflow, dynamic. _loss_scale =  1.0
Finished iteration 265, CKPT_AND_STOP: False, flag: tensor([0], dtype=torch.int32), speed: 4126.161
15 Overflow !!
15 : update_scale(): _has_overflow, dynamic. _loss_scale =  1.0
Finished iteration 266, CKPT_AND_STOP: False, flag: tensor([0], dtype=torch.int32), speed: 4343.338
15 Overflow !!
15 : update_scale(): _has_overflow, dynamic. _loss_scale =  1.0
Finished iteration 267, CKPT_AND_STOP: False, flag: tensor([0], dtype=torch.int32), speed: 4179.456
15 Overflow !!
15 : update_scale(): _has_overflow, dynamic. _loss_scale =  1.0
Finished iteration 268, CKPT_AND_STOP: False, flag: tensor([0], dtype=torch.int32), speed: 4345.874
15 Overflow !!
15 : update_scale(): _has_overflow, dynamic. _loss_scale =  1.0
Finished iteration 269, CKPT_AND_STOP: False, flag: tensor([0], dtype=torch.int32), speed: 4262.145
15 Overflow !!
15 : update_scale(): _has_overflow, dynamic. _loss_scale =  1.0
Finished iteration 270, CKPT_AND_STOP: False, flag: tensor([0], dtype=torch.int32), speed: 4274.849
15 Overflow !!
15 : update_scale(): _has_overflow, dynamic. _loss_scale =  1.0
Finished iteration 271, CKPT_AND_STOP: False, flag: tensor([0], dtype=torch.int32), speed: 4369.926
15 Overflow !!
15 : update_scale(): _has_overflow, dynamic. _loss_scale =  1.0
Finished iteration 272, CKPT_AND_STOP: False, flag: tensor([0], dtype=torch.int32), speed: 4221.361
15 Overflow !!
15 : update_scale(): _has_overflow, dynamic. _loss_scale =  1.0
Finished iteration 273, CKPT_AND_STOP: False, flag: tensor([0], dtype=torch.int32), speed: 4205.215
15 Overflow !!
15 : update_scale(): _has_overflow, dynamic. _loss_scale =  1.0
Finished iteration 274, CKPT_AND_STOP: False, flag: tensor([0], dtype=torch.int32), speed: 4270.823
15 Overflow !!
15 : update_scale(): _has_overflow, dynamic. _loss_scale =  1.0
Finished iteration 275, CKPT_AND_STOP: False, flag: tensor([0], dtype=torch.int32), speed: 4193.724
15 Overflow !!
15 : update_scale(): _has_overflow, dynamic. _loss_scale =  1.0
Finished iteration 276, CKPT_AND_STOP: False, flag: tensor([0], dtype=torch.int32), speed: 4221.910
15 Overflow !!
15 : update_scale(): _has_overflow, dynamic. _loss_scale =  1.0
Finished iteration 277, CKPT_AND_STOP: False, flag: tensor([0], dtype=torch.int32), speed: 4142.771
15 Overflow !!
15 : update_scale(): _has_overflow, dynamic. _loss_scale =  1.0
Finished iteration 278, CKPT_AND_STOP: False, flag: tensor([0], dtype=torch.int32), speed: 4085.492
15 Overflow !!
15 : update_scale(): _has_overflow, dynamic. _loss_scale =  1.0
Finished iteration 279, CKPT_AND_STOP: False, flag: tensor([0], dtype=torch.int32), speed: 4244.425
15 Overflow !!
15 : update_scale(): _has_overflow, dynamic. _loss_scale =  1.0
Finished iteration 280, CKPT_AND_STOP: False, flag: tensor([0], dtype=torch.int32), speed: 4147.902
15 Overflow !!
15 : update_scale(): _has_overflow, dynamic. _loss_scale =  1.0
Finished iteration 281, CKPT_AND_STOP: False, flag: tensor([0], dtype=torch.int32), speed: 4250.260
15 Overflow !!
15 : update_scale(): _has_overflow, dynamic. _loss_scale =  1.0
Finished iteration 282, CKPT_AND_STOP: False, flag: tensor([0], dtype=torch.int32), speed: 4384.692
15 Overflow !!
15 : update_scale(): _has_overflow, dynamic. _loss_scale =  1.0
Finished iteration 283, CKPT_AND_STOP: False, flag: tensor([0], dtype=torch.int32), speed: 4166.915
15 Overflow !!
15 : update_scale(): _has_overflow, dynamic. _loss_scale =  1.0
Finished iteration 284, CKPT_AND_STOP: False, flag: tensor([0], dtype=torch.int32), speed: 4171.251
15 Overflow !!
15 : update_scale(): _has_overflow, dynamic. _loss_scale =  1.0
Finished iteration 285, CKPT_AND_STOP: False, flag: tensor([0], dtype=torch.int32), speed: 5243.855
15 Overflow !!
15 : update_scale(): _has_overflow, dynamic. _loss_scale =  1.0
Finished iteration 286, CKPT_AND_STOP: False, flag: tensor([0], dtype=torch.int32), speed: 4374.341
15 Overflow !!
15 : update_scale(): _has_overflow, dynamic. _loss_scale =  1.0
Finished iteration 287, CKPT_AND_STOP: False, flag: tensor([0], dtype=torch.int32), speed: 4255.878
15 Overflow !!
15 : update_scale(): _has_overflow, dynamic. _loss_scale =  1.0
Finished iteration 288, CKPT_AND_STOP: False, flag: tensor([0], dtype=torch.int32), speed: 4330.236
15 Overflow !!
15 : update_scale(): _has_overflow, dynamic. _loss_scale =  1.0
Finished iteration 289, CKPT_AND_STOP: False, flag: tensor([0], dtype=torch.int32), speed: 4147.865
15 Overflow !!
15 : update_scale(): _has_overflow, dynamic. _loss_scale =  1.0
Finished iteration 290, CKPT_AND_STOP: False, flag: tensor([0], dtype=torch.int32), speed: 4301.201
15 Overflow !!
15 : update_scale(): _has_overflow, dynamic. _loss_scale =  1.0
Finished iteration 291, CKPT_AND_STOP: False, flag: tensor([0], dtype=torch.int32), speed: 4249.048
15 Overflow !!
15 : update_scale(): _has_overflow, dynamic. _loss_scale =  1.0
Finished iteration 292, CKPT_AND_STOP: False, flag: tensor([0], dtype=torch.int32), speed: 4123.980
15 Overflow !!
15 : update_scale(): _has_overflow, dynamic. _loss_scale =  1.0
Finished iteration 293, CKPT_AND_STOP: False, flag: tensor([0], dtype=torch.int32), speed: 4357.215
15 Overflow !!
15 : update_scale(): _has_overflow, dynamic. _loss_scale =  1.0
Finished iteration 294, CKPT_AND_STOP: False, flag: tensor([0], dtype=torch.int32), speed: 4157.226
15 Overflow !!
15 : update_scale(): _has_overflow, dynamic. _loss_scale =  1.0
Finished iteration 295, CKPT_AND_STOP: False, flag: tensor([0], dtype=torch.int32), speed: 4343.639
15 Overflow !!
15 : update_scale(): _has_overflow, dynamic. _loss_scale =  1.0
Finished iteration 296, CKPT_AND_STOP: False, flag: tensor([0], dtype=torch.int32), speed: 4134.056
15 Overflow !!
15 : update_scale(): _has_overflow, dynamic. _loss_scale =  1.0
Finished iteration 297, CKPT_AND_STOP: False, flag: tensor([0], dtype=torch.int32), speed: 4328.107
15 Overflow !!
15 : update_scale(): _has_overflow, dynamic. _loss_scale =  1.0
Finished iteration 298, CKPT_AND_STOP: False, flag: tensor([0], dtype=torch.int32), speed: 4153.277
15 Overflow !!
15 : update_scale(): _has_overflow, dynamic. _loss_scale =  1.0
Finished iteration 299, CKPT_AND_STOP: False, flag: tensor([0], dtype=torch.int32), speed: 4266.878
15 Overflow !!
15 : update_scale(): _has_overflow, dynamic. _loss_scale =  1.0
Finished iteration 300, CKPT_AND_STOP: False, flag: tensor([0], dtype=torch.int32), speed: 4239.561
15 Overflow !!
15 : update_scale(): _has_overflow, dynamic. _loss_scale =  1.0
Finished iteration 301, CKPT_AND_STOP: False, flag: tensor([0], dtype=torch.int32), speed: 4372.821
15 Overflow !!
15 : update_scale(): _has_overflow, dynamic. _loss_scale =  1.0
Finished iteration 302, CKPT_AND_STOP: False, flag: tensor([0], dtype=torch.int32), speed: 4460.262
15 Overflow !!
15 : update_scale(): _has_overflow, dynamic. _loss_scale =  1.0
Finished iteration 303, CKPT_AND_STOP: False, flag: tensor([0], dtype=torch.int32), speed: 4602.216
15 Overflow !!
15 : update_scale(): _has_overflow, dynamic. _loss_scale =  1.0
Finished iteration 304, CKPT_AND_STOP: False, flag: tensor([0], dtype=torch.int32), speed: 4630.677
15 Overflow !!
15 : update_scale(): _has_overflow, dynamic. _loss_scale =  1.0
Finished iteration 305, CKPT_AND_STOP: False, flag: tensor([0], dtype=torch.int32), speed: 4160.763
15 Overflow !!
15 : update_scale(): _has_overflow, dynamic. _loss_scale =  1.0
Finished iteration 306, CKPT_AND_STOP: False, flag: tensor([0], dtype=torch.int32), speed: 4254.506
15 Overflow !!
15 : update_scale(): _has_overflow, dynamic. _loss_scale =  1.0
Finished iteration 307, CKPT_AND_STOP: False, flag: tensor([0], dtype=torch.int32), speed: 4266.877
15 Overflow !!
15 : update_scale(): _has_overflow, dynamic. _loss_scale =  1.0
Finished iteration 308, CKPT_AND_STOP: False, flag: tensor([0], dtype=torch.int32), speed: 4191.638
15 Overflow !!
15 : update_scale(): _has_overflow, dynamic. _loss_scale =  1.0
Finished iteration 309, CKPT_AND_STOP: False, flag: tensor([0], dtype=torch.int32), speed: 4176.929
15 Overflow !!
15 : update_scale(): _has_overflow, dynamic. _loss_scale =  1.0
Finished iteration 310, CKPT_AND_STOP: False, flag: tensor([0], dtype=torch.int32), speed: 4127.997
15 Overflow !!
15 : update_scale(): _has_overflow, dynamic. _loss_scale =  1.0
Finished iteration 311, CKPT_AND_STOP: False, flag: tensor([0], dtype=torch.int32), speed: 4168.488
15 Overflow !!
15 : update_scale(): _has_overflow, dynamic. _loss_scale =  1.0
Finished iteration 312, CKPT_AND_STOP: False, flag: tensor([0], dtype=torch.int32), speed: 4260.184
15 Overflow !!
15 : update_scale(): _has_overflow, dynamic. _loss_scale =  1.0
Finished iteration 313, CKPT_AND_STOP: False, flag: tensor([0], dtype=torch.int32), speed: 4082.124
15 Overflow !!
15 : update_scale(): _has_overflow, dynamic. _loss_scale =  1.0
Finished iteration 314, CKPT_AND_STOP: False, flag: tensor([0], dtype=torch.int32), speed: 4467.721
15 Overflow !!
15 : update_scale(): _has_overflow, dynamic. _loss_scale =  1.0
Finished iteration 315, CKPT_AND_STOP: False, flag: tensor([0], dtype=torch.int32), speed: 4243.750
15 Overflow !!
15 : update_scale(): _has_overflow, dynamic. _loss_scale =  1.0
Finished iteration 316, CKPT_AND_STOP: False, flag: tensor([0], dtype=torch.int32), speed: 4202.615
15 Overflow !!
15 : update_scale(): _has_overflow, dynamic. _loss_scale =  1.0
Finished iteration 317, CKPT_AND_STOP: False, flag: tensor([0], dtype=torch.int32), speed: 4159.614
15 Overflow !!
15 : update_scale(): _has_overflow, dynamic. _loss_scale =  1.0
Finished iteration 318, CKPT_AND_STOP: False, flag: tensor([0], dtype=torch.int32), speed: 4160.497
15 Overflow !!
15 : update_scale(): _has_overflow, dynamic. _loss_scale =  1.0
Finished iteration 319, CKPT_AND_STOP: False, flag: tensor([0], dtype=torch.int32), speed: 4157.392
Process done with return code 1
Parent process ID: 9482 node: 172.31.21.137
2 per stage
16 servers!
Config:
ranks: range(15, 16)
train batch size: 1024
partitions: 8
chunk_size: 8
data depth: 2
stage to rank map: 0,8;1,9;2,10;3,11;4,12;5,13;6,14;7,15;
World size is 16
/opt/conda/envs/varuna/bin/python -u /home/ubuntu/varuna_examples/DeepLearningExamples/PyTorch/LanguageModeling/BERT/run_pretraining.py --rank=15 --chunk_size=8 --local_rank=0 --stage_to_rank_map=0,8;1,9;2,10;3,11;4,12;5,13;6,14;7,15; --batch-size=512 --input_dir=/hdf5_lower_case_1_seq_len_128_max_pred_20_masked_lm_prob_0.15_random_seed_12345_dupe_factor_5/wikicorpus_en/ --output_dir=s3://spot-checkpoints/bert --config_file=bert_config.json --bert_model=bert-large-uncased --train_batch_size=1024 --max_seq_length=128 --max_predictions_per_seq=20 --max_steps=7038 --warmup_proportion=0.2843 --num_steps_per_checkpoint=200 --learning_rate=6e-3 --seed=12439 --fp16 --gradient_accumulation_steps=128 --allreduce_post_accumulation --allreduce_post_accumulation_fp16 --do_train --json-summary /home/ubuntu/varuna_examples/DeepLearningExamples/PyTorch/LanguageModeling/BERT/results/dllogger.json --varuna --resume_step 223
device: cuda:0 n_gpu: 1, distributed training: True, 16-bits training: True
dry run time 0.22504401206970215
SHARED WEIGHTS ARE
[(0, 7)]
this rank  15 is part of pipeline replica  1
64 chunks
Begin to load checkpint from s3://spot-checkpoints/bert/ckpt_223.pt
2022-11-23 15:26:44.315340 resume step from  223
2022-11-23 15:26:55.250659 - Finished loading checkpoint, takes 10923.543 secs
15 Overflow !!
15 : update_scale(): _has_overflow, dynamic. _loss_scale =  524288.0
Finished iteration 223, CKPT_AND_STOP: False, flag: tensor([0], dtype=torch.int32), speed: 17993.579
15 Overflow !!
15 : update_scale(): _has_overflow, dynamic. _loss_scale =  262144.0
Finished iteration 224, CKPT_AND_STOP: False, flag: tensor([0], dtype=torch.int32), speed: 5307.587
15 Overflow !!
15 : update_scale(): _has_overflow, dynamic. _loss_scale =  131072.0
Finished iteration 225, CKPT_AND_STOP: False, flag: tensor([0], dtype=torch.int32), speed: 5295.120
15 Overflow !!
15 : update_scale(): _has_overflow, dynamic. _loss_scale =  65536.0
Finished iteration 226, CKPT_AND_STOP: False, flag: tensor([0], dtype=torch.int32), speed: 5232.723
15 Overflow !!
15 : update_scale(): _has_overflow, dynamic. _loss_scale =  32768.0
Finished iteration 227, CKPT_AND_STOP: False, flag: tensor([0], dtype=torch.int32), speed: 5248.525
15 Overflow !!
15 : update_scale(): _has_overflow, dynamic. _loss_scale =  16384.0
Finished iteration 228, CKPT_AND_STOP: False, flag: tensor([0], dtype=torch.int32), speed: 4204.379
15 Overflow !!
15 : update_scale(): _has_overflow, dynamic. _loss_scale =  8192.0
Finished iteration 229, CKPT_AND_STOP: False, flag: tensor([0], dtype=torch.int32), speed: 4267.281
15 Overflow !!
15 : update_scale(): _has_overflow, dynamic. _loss_scale =  4096.0
Finished iteration 230, CKPT_AND_STOP: False, flag: tensor([0], dtype=torch.int32), speed: 4335.181
15 Overflow !!
15 : update_scale(): _has_overflow, dynamic. _loss_scale =  2048.0
Finished iteration 231, CKPT_AND_STOP: False, flag: tensor([0], dtype=torch.int32), speed: 4194.322
15 Overflow !!
15 : update_scale(): _has_overflow, dynamic. _loss_scale =  1024.0
Finished iteration 232, CKPT_AND_STOP: False, flag: tensor([0], dtype=torch.int32), speed: 4416.667
15 Overflow !!
15 : update_scale(): _has_overflow, dynamic. _loss_scale =  512.0
Finished iteration 233, CKPT_AND_STOP: False, flag: tensor([0], dtype=torch.int32), speed: 4281.651
15 Overflow !!
15 : update_scale(): _has_overflow, dynamic. _loss_scale =  256.0
Finished iteration 234, CKPT_AND_STOP: False, flag: tensor([0], dtype=torch.int32), speed: 4484.583
15 Overflow !!
15 : update_scale(): _has_overflow, dynamic. _loss_scale =  128.0
Finished iteration 235, CKPT_AND_STOP: False, flag: tensor([0], dtype=torch.int32), speed: 4308.107
15 Overflow !!
15 : update_scale(): _has_overflow, dynamic. _loss_scale =  64.0
Finished iteration 236, CKPT_AND_STOP: False, flag: tensor([0], dtype=torch.int32), speed: 4184.458
15 Overflow !!
15 : update_scale(): _has_overflow, dynamic. _loss_scale =  32.0
Finished iteration 237, CKPT_AND_STOP: False, flag: tensor([0], dtype=torch.int32), speed: 4227.836
15 Overflow !!
15 : update_scale(): _has_overflow, dynamic. _loss_scale =  16.0
Finished iteration 238, CKPT_AND_STOP: False, flag: tensor([0], dtype=torch.int32), speed: 4193.324
15 Overflow !!
15 : update_scale(): _has_overflow, dynamic. _loss_scale =  8.0
Finished iteration 239, CKPT_AND_STOP: False, flag: tensor([0], dtype=torch.int32), speed: 4277.521
15 Overflow !!
15 : update_scale(): _has_overflow, dynamic. _loss_scale =  4.0
Finished iteration 240, CKPT_AND_STOP: False, flag: tensor([0], dtype=torch.int32), speed: 4162.305
15 Overflow !!
15 : update_scale(): _has_overflow, dynamic. _loss_scale =  2.0
Finished iteration 241, CKPT_AND_STOP: False, flag: tensor([0], dtype=torch.int32), speed: 4248.552
15 Overflow !!
15 : update_scale(): _has_overflow, dynamic. _loss_scale =  1.0
Finished iteration 242, CKPT_AND_STOP: False, flag: tensor([0], dtype=torch.int32), speed: 4257.407
15 Overflow !!
15 : update_scale(): _has_overflow, dynamic. _loss_scale =  1.0
Finished iteration 243, CKPT_AND_STOP: False, flag: tensor([0], dtype=torch.int32), speed: 4241.888
15 Overflow !!
15 : update_scale(): _has_overflow, dynamic. _loss_scale =  1.0
Finished iteration 244, CKPT_AND_STOP: False, flag: tensor([0], dtype=torch.int32), speed: 4158.805
15 Overflow !!
15 : update_scale(): _has_overflow, dynamic. _loss_scale =  1.0
Finished iteration 245, CKPT_AND_STOP: False, flag: tensor([0], dtype=torch.int32), speed: 4165.630
15 Overflow !!
15 : update_scale(): _has_overflow, dynamic. _loss_scale =  1.0
Finished iteration 246, CKPT_AND_STOP: False, flag: tensor([0], dtype=torch.int32), speed: 4037.652
15 Overflow !!
15 : update_scale(): _has_overflow, dynamic. _loss_scale =  1.0
Finished iteration 247, CKPT_AND_STOP: False, flag: tensor([0], dtype=torch.int32), speed: 4312.575
15 Overflow !!
15 : update_scale(): _has_overflow, dynamic. _loss_scale =  1.0
Finished iteration 248, CKPT_AND_STOP: False, flag: tensor([0], dtype=torch.int32), speed: 4285.399
15 Overflow !!
15 : update_scale(): _has_overflow, dynamic. _loss_scale =  1.0
Finished iteration 249, CKPT_AND_STOP: False, flag: tensor([0], dtype=torch.int32), speed: 4303.135
15 Overflow !!
15 : update_scale(): _has_overflow, dynamic. _loss_scale =  1.0
Finished iteration 250, CKPT_AND_STOP: False, flag: tensor([0], dtype=torch.int32), speed: 4138.354
15 Overflow !!
15 : update_scale(): _has_overflow, dynamic. _loss_scale =  1.0
Finished iteration 251, CKPT_AND_STOP: False, flag: tensor([0], dtype=torch.int32), speed: 4137.597
15 Overflow !!
15 : update_scale(): _has_overflow, dynamic. _loss_scale =  1.0
Finished iteration 252, CKPT_AND_STOP: False, flag: tensor([0], dtype=torch.int32), speed: 4069.190
