Parent process ID: 12488 node: 172.31.22.165
2 per stage
16 servers!
Config:
ranks: range(8, 9)
train batch size: 1024
partitions: 8
chunk_size: 8
data depth: 2
stage to rank map: 0,8;1,9;2,10;3,11;4,12;5,13;6,14;7,15;
World size is 16
/opt/conda/envs/varuna/bin/python -u /home/ubuntu/varuna_examples/DeepLearningExamples/PyTorch/LanguageModeling/BERT/run_pretraining.py --rank=8 --chunk_size=8 --local_rank=0 --stage_to_rank_map=0,8;1,9;2,10;3,11;4,12;5,13;6,14;7,15; --batch-size=512 --input_dir=/hdf5_lower_case_1_seq_len_128_max_pred_20_masked_lm_prob_0.15_random_seed_12345_dupe_factor_5/wikicorpus_en/ --output_dir=s3://spot-checkpoints/bert --config_file=bert_config.json --bert_model=bert-large-uncased --train_batch_size=1024 --max_seq_length=128 --max_predictions_per_seq=20 --max_steps=7038 --warmup_proportion=0.2843 --num_steps_per_checkpoint=200 --learning_rate=6e-3 --seed=12439 --fp16 --gradient_accumulation_steps=128 --allreduce_post_accumulation --allreduce_post_accumulation_fp16 --do_train --json-summary /home/ubuntu/varuna_examples/DeepLearningExamples/PyTorch/LanguageModeling/BERT/results/dllogger.json --varuna
device: cuda:0 n_gpu: 1, distributed training: True, 16-bits training: True
dry run time 0.1300673484802246
SHARED WEIGHTS ARE
[(0, 7)]
this rank  8 is part of pipeline replica  1
64 chunks
Finished iteration 0, CKPT_AND_STOP: False, flag: tensor([0], dtype=torch.int32), speed: 10692.594
Finished iteration 1, CKPT_AND_STOP: False, flag: tensor([0], dtype=torch.int32), speed: 5486.890
Finished iteration 2, CKPT_AND_STOP: False, flag: tensor([0], dtype=torch.int32), speed: 5495.492
Finished iteration 3, CKPT_AND_STOP: False, flag: tensor([0], dtype=torch.int32), speed: 5625.928
Finished iteration 4, CKPT_AND_STOP: False, flag: tensor([0], dtype=torch.int32), speed: 5426.512
Finished iteration 5, CKPT_AND_STOP: False, flag: tensor([0], dtype=torch.int32), speed: 4378.531
Finished iteration 6, CKPT_AND_STOP: False, flag: tensor([0], dtype=torch.int32), speed: 4498.533
Finished iteration 7, CKPT_AND_STOP: False, flag: tensor([0], dtype=torch.int32), speed: 4508.033
Finished iteration 8, CKPT_AND_STOP: False, flag: tensor([0], dtype=torch.int32), speed: 4371.430
Finished iteration 9, CKPT_AND_STOP: False, flag: tensor([0], dtype=torch.int32), speed: 4525.002
Finished iteration 10, CKPT_AND_STOP: False, flag: tensor([0], dtype=torch.int32), speed: 4216.372
Finished iteration 11, CKPT_AND_STOP: False, flag: tensor([0], dtype=torch.int32), speed: 4438.310
8 : update_scale(): _has_overflow, dynamic. _loss_scale =  524288.0
Finished iteration 12, CKPT_AND_STOP: False, flag: tensor([0], dtype=torch.int32), speed: 4259.065
8 Overflow !!
8 : update_scale(): _has_overflow, dynamic. _loss_scale =  262144.0
Finished iteration 13, CKPT_AND_STOP: False, flag: tensor([0], dtype=torch.int32), speed: 4248.033
8 Overflow !!
8 : update_scale(): _has_overflow, dynamic. _loss_scale =  131072.0
Finished iteration 14, CKPT_AND_STOP: False, flag: tensor([0], dtype=torch.int32), speed: 4456.722
8 Overflow !!
8 : update_scale(): _has_overflow, dynamic. _loss_scale =  65536.0
Finished iteration 15, CKPT_AND_STOP: False, flag: tensor([0], dtype=torch.int32), speed: 4478.698
8 Overflow !!
8 : update_scale(): _has_overflow, dynamic. _loss_scale =  32768.0
Finished iteration 16, CKPT_AND_STOP: False, flag: tensor([0], dtype=torch.int32), speed: 4324.497
8 Overflow !!
8 : update_scale(): _has_overflow, dynamic. _loss_scale =  16384.0
Finished iteration 17, CKPT_AND_STOP: False, flag: tensor([0], dtype=torch.int32), speed: 4292.566
8 Overflow !!
8 : update_scale(): _has_overflow, dynamic. _loss_scale =  8192.0
Finished iteration 18, CKPT_AND_STOP: False, flag: tensor([0], dtype=torch.int32), speed: 4559.567
8 Overflow !!
8 : update_scale(): _has_overflow, dynamic. _loss_scale =  4096.0
Finished iteration 19, CKPT_AND_STOP: False, flag: tensor([0], dtype=torch.int32), speed: 5294.985
8 Overflow !!
8 : update_scale(): _has_overflow, dynamic. _loss_scale =  2048.0
Finished iteration 20, CKPT_AND_STOP: False, flag: tensor([0], dtype=torch.int32), speed: 4367.230
8 Overflow !!
8 : update_scale(): _has_overflow, dynamic. _loss_scale =  1024.0
Finished iteration 21, CKPT_AND_STOP: False, flag: tensor([0], dtype=torch.int32), speed: 4214.249
8 Overflow !!
8 : update_scale(): _has_overflow, dynamic. _loss_scale =  512.0
Finished iteration 22, CKPT_AND_STOP: False, flag: tensor([0], dtype=torch.int32), speed: 4415.615
8 Overflow !!
8 : update_scale(): _has_overflow, dynamic. _loss_scale =  256.0
Finished iteration 23, CKPT_AND_STOP: False, flag: tensor([0], dtype=torch.int32), speed: 4277.402
8 Overflow !!
8 : update_scale(): _has_overflow, dynamic. _loss_scale =  128.0
Finished iteration 24, CKPT_AND_STOP: False, flag: tensor([0], dtype=torch.int32), speed: 4388.816
8 Overflow !!
8 : update_scale(): _has_overflow, dynamic. _loss_scale =  64.0
Finished iteration 25, CKPT_AND_STOP: False, flag: tensor([0], dtype=torch.int32), speed: 4456.027
8 Overflow !!
8 : update_scale(): _has_overflow, dynamic. _loss_scale =  32.0
Finished iteration 26, CKPT_AND_STOP: False, flag: tensor([0], dtype=torch.int32), speed: 4322.474
8 Overflow !!
8 : update_scale(): _has_overflow, dynamic. _loss_scale =  16.0
Finished iteration 27, CKPT_AND_STOP: False, flag: tensor([0], dtype=torch.int32), speed: 4410.732
8 Overflow !!
8 : update_scale(): _has_overflow, dynamic. _loss_scale =  8.0
Finished iteration 28, CKPT_AND_STOP: False, flag: tensor([0], dtype=torch.int32), speed: 4561.711
8 Overflow !!
8 : update_scale(): _has_overflow, dynamic. _loss_scale =  4.0
Finished iteration 29, CKPT_AND_STOP: False, flag: tensor([0], dtype=torch.int32), speed: 4366.169
8 Overflow !!
8 : update_scale(): _has_overflow, dynamic. _loss_scale =  2.0
Finished iteration 30, CKPT_AND_STOP: False, flag: tensor([0], dtype=torch.int32), speed: 4358.359
8 Overflow !!
8 : update_scale(): _has_overflow, dynamic. _loss_scale =  1.0
Finished iteration 31, CKPT_AND_STOP: False, flag: tensor([0], dtype=torch.int32), speed: 4638.705
8 Overflow !!
8 : update_scale(): _has_overflow, dynamic. _loss_scale =  1.0
Finished iteration 32, CKPT_AND_STOP: False, flag: tensor([0], dtype=torch.int32), speed: 4258.027
8 Overflow !!
8 : update_scale(): _has_overflow, dynamic. _loss_scale =  1.0
Finished iteration 33, CKPT_AND_STOP: False, flag: tensor([0], dtype=torch.int32), speed: 4369.440
8 Overflow !!
8 : update_scale(): _has_overflow, dynamic. _loss_scale =  1.0
Finished iteration 34, CKPT_AND_STOP: False, flag: tensor([0], dtype=torch.int32), speed: 4832.263
8 Overflow !!
8 : update_scale(): _has_overflow, dynamic. _loss_scale =  1.0
Finished iteration 35, CKPT_AND_STOP: False, flag: tensor([0], dtype=torch.int32), speed: 4510.899
8 Overflow !!
8 : update_scale(): _has_overflow, dynamic. _loss_scale =  1.0
Finished iteration 36, CKPT_AND_STOP: False, flag: tensor([0], dtype=torch.int32), speed: 4521.217
8 Overflow !!
8 : update_scale(): _has_overflow, dynamic. _loss_scale =  1.0
Finished iteration 37, CKPT_AND_STOP: False, flag: tensor([0], dtype=torch.int32), speed: 4467.518
8 Overflow !!
8 : update_scale(): _has_overflow, dynamic. _loss_scale =  1.0
Finished iteration 38, CKPT_AND_STOP: False, flag: tensor([0], dtype=torch.int32), speed: 4348.934
8 Overflow !!
8 : update_scale(): _has_overflow, dynamic. _loss_scale =  1.0
Finished iteration 39, CKPT_AND_STOP: False, flag: tensor([0], dtype=torch.int32), speed: 4297.912
8 Overflow !!
8 : update_scale(): _has_overflow, dynamic. _loss_scale =  1.0
Finished iteration 40, CKPT_AND_STOP: False, flag: tensor([0], dtype=torch.int32), speed: 4337.212
8 Overflow !!
8 : update_scale(): _has_overflow, dynamic. _loss_scale =  1.0
Finished iteration 41, CKPT_AND_STOP: False, flag: tensor([0], dtype=torch.int32), speed: 4422.386
8 Overflow !!
8 : update_scale(): _has_overflow, dynamic. _loss_scale =  1.0
Finished iteration 42, CKPT_AND_STOP: False, flag: tensor([0], dtype=torch.int32), speed: 4362.431
8 Overflow !!
8 : update_scale(): _has_overflow, dynamic. _loss_scale =  1.0
Finished iteration 43, CKPT_AND_STOP: False, flag: tensor([0], dtype=torch.int32), speed: 4478.643
8 Overflow !!
8 : update_scale(): _has_overflow, dynamic. _loss_scale =  1.0
Finished iteration 44, CKPT_AND_STOP: False, flag: tensor([0], dtype=torch.int32), speed: 4374.983
8 Overflow !!
8 : update_scale(): _has_overflow, dynamic. _loss_scale =  1.0
Finished iteration 45, CKPT_AND_STOP: False, flag: tensor([0], dtype=torch.int32), speed: 4662.516
8 Overflow !!
8 : update_scale(): _has_overflow, dynamic. _loss_scale =  1.0
Finished iteration 46, CKPT_AND_STOP: False, flag: tensor([0], dtype=torch.int32), speed: 4395.904
8 Overflow !!
8 : update_scale(): _has_overflow, dynamic. _loss_scale =  1.0
Finished iteration 47, CKPT_AND_STOP: False, flag: tensor([3], dtype=torch.int32), speed: 4263.611
2022-11-23 14:43:19.365336 Begin to save checkpont to s3://spot-checkpoints/bert and exit
Opt ckpt time 3.4496266841888428
Signal handler called with signal 10


 STOPPING VARUNA !!



Rank 8 signal handler called with signal 10
Process done with return code 0
Parent process ID: 12989 node: 172.31.22.165
2 per stage
16 servers!
Config:
ranks: range(8, 9)
train batch size: 1024
partitions: 8
chunk_size: 8
data depth: 2
stage to rank map: 0,8;1,9;2,10;3,11;4,12;5,13;6,14;7,15;
World size is 16
/opt/conda/envs/varuna/bin/python -u /home/ubuntu/varuna_examples/DeepLearningExamples/PyTorch/LanguageModeling/BERT/run_pretraining.py --rank=8 --chunk_size=8 --local_rank=0 --stage_to_rank_map=0,8;1,9;2,10;3,11;4,12;5,13;6,14;7,15; --batch-size=512 --input_dir=/hdf5_lower_case_1_seq_len_128_max_pred_20_masked_lm_prob_0.15_random_seed_12345_dupe_factor_5/wikicorpus_en/ --output_dir=s3://spot-checkpoints/bert --config_file=bert_config.json --bert_model=bert-large-uncased --train_batch_size=1024 --max_seq_length=128 --max_predictions_per_seq=20 --max_steps=7038 --warmup_proportion=0.2843 --num_steps_per_checkpoint=200 --learning_rate=6e-3 --seed=12439 --fp16 --gradient_accumulation_steps=128 --allreduce_post_accumulation --allreduce_post_accumulation_fp16 --do_train --json-summary /home/ubuntu/varuna_examples/DeepLearningExamples/PyTorch/LanguageModeling/BERT/results/dllogger.json --varuna --resume_step 48
device: cuda:0 n_gpu: 1, distributed training: True, 16-bits training: True
dry run time 0.6062798500061035
SHARED WEIGHTS ARE
[(0, 7)]
this rank  8 is part of pipeline replica  1
64 chunks
Begin to load checkpint from s3://spot-checkpoints/bert/ckpt_48.pt
2022-11-23 14:43:47.726802 resume step from  48
2022-11-23 14:43:57.229510 - Finished loading checkpoint, takes 9491.438 secs
8 Overflow !!
8 : update_scale(): _has_overflow, dynamic. _loss_scale =  524288.0
Finished iteration 48, CKPT_AND_STOP: False, flag: tensor([0], dtype=torch.int32), speed: 13435.112
8 Overflow !!
8 : update_scale(): _has_overflow, dynamic. _loss_scale =  262144.0
Finished iteration 49, CKPT_AND_STOP: False, flag: tensor([0], dtype=torch.int32), speed: 5290.316
8 Overflow !!
8 : update_scale(): _has_overflow, dynamic. _loss_scale =  131072.0
Finished iteration 50, CKPT_AND_STOP: False, flag: tensor([0], dtype=torch.int32), speed: 5417.074
8 Overflow !!
8 : update_scale(): _has_overflow, dynamic. _loss_scale =  65536.0
Finished iteration 51, CKPT_AND_STOP: False, flag: tensor([0], dtype=torch.int32), speed: 5334.836
8 Overflow !!
8 : update_scale(): _has_overflow, dynamic. _loss_scale =  32768.0
Finished iteration 52, CKPT_AND_STOP: False, flag: tensor([0], dtype=torch.int32), speed: 5550.988
8 Overflow !!
8 : update_scale(): _has_overflow, dynamic. _loss_scale =  16384.0
Finished iteration 53, CKPT_AND_STOP: False, flag: tensor([0], dtype=torch.int32), speed: 4425.376
8 Overflow !!
8 : update_scale(): _has_overflow, dynamic. _loss_scale =  8192.0
Finished iteration 54, CKPT_AND_STOP: False, flag: tensor([0], dtype=torch.int32), speed: 5012.123
8 Overflow !!
8 : update_scale(): _has_overflow, dynamic. _loss_scale =  4096.0
Finished iteration 55, CKPT_AND_STOP: False, flag: tensor([0], dtype=torch.int32), speed: 4371.326
8 Overflow !!
8 : update_scale(): _has_overflow, dynamic. _loss_scale =  2048.0
Finished iteration 56, CKPT_AND_STOP: False, flag: tensor([0], dtype=torch.int32), speed: 4263.011
8 Overflow !!
8 : update_scale(): _has_overflow, dynamic. _loss_scale =  1024.0
Finished iteration 57, CKPT_AND_STOP: False, flag: tensor([0], dtype=torch.int32), speed: 4197.672
8 Overflow !!
8 : update_scale(): _has_overflow, dynamic. _loss_scale =  512.0
Finished iteration 58, CKPT_AND_STOP: False, flag: tensor([0], dtype=torch.int32), speed: 4202.508
8 Overflow !!
8 : update_scale(): _has_overflow, dynamic. _loss_scale =  256.0
Finished iteration 59, CKPT_AND_STOP: False, flag: tensor([0], dtype=torch.int32), speed: 4489.652
8 Overflow !!
8 : update_scale(): _has_overflow, dynamic. _loss_scale =  128.0
Finished iteration 60, CKPT_AND_STOP: False, flag: tensor([0], dtype=torch.int32), speed: 4358.398
8 Overflow !!
8 : update_scale(): _has_overflow, dynamic. _loss_scale =  64.0
Finished iteration 61, CKPT_AND_STOP: False, flag: tensor([0], dtype=torch.int32), speed: 4389.056
8 Overflow !!
8 : update_scale(): _has_overflow, dynamic. _loss_scale =  32.0
Finished iteration 62, CKPT_AND_STOP: False, flag: tensor([0], dtype=torch.int32), speed: 4738.431
8 Overflow !!
8 : update_scale(): _has_overflow, dynamic. _loss_scale =  16.0
Finished iteration 63, CKPT_AND_STOP: False, flag: tensor([5], dtype=torch.int32), speed: 4344.181
2022-11-23 14:45:21.086664 Begin to save checkpont to s3://spot-checkpoints/bert and exit
Signal handler called with signal 10


 STOPPING VARUNA !!



Rank 8 signal handler called with signal 10
Opt ckpt time 3.638284206390381
Process done with return code 0
Parent process ID: 13528 node: 172.31.22.165
2 per stage
16 servers!
Config:
ranks: range(8, 9)
train batch size: 1024
partitions: 8
chunk_size: 8
data depth: 2
stage to rank map: 0,8;1,9;2,10;3,11;4,12;5,13;6,14;7,15;
World size is 16
/opt/conda/envs/varuna/bin/python -u /home/ubuntu/varuna_examples/DeepLearningExamples/PyTorch/LanguageModeling/BERT/run_pretraining.py --rank=8 --chunk_size=8 --local_rank=0 --stage_to_rank_map=0,8;1,9;2,10;3,11;4,12;5,13;6,14;7,15; --batch-size=512 --input_dir=/hdf5_lower_case_1_seq_len_128_max_pred_20_masked_lm_prob_0.15_random_seed_12345_dupe_factor_5/wikicorpus_en/ --output_dir=s3://spot-checkpoints/bert --config_file=bert_config.json --bert_model=bert-large-uncased --train_batch_size=1024 --max_seq_length=128 --max_predictions_per_seq=20 --max_steps=7038 --warmup_proportion=0.2843 --num_steps_per_checkpoint=200 --learning_rate=6e-3 --seed=12439 --fp16 --gradient_accumulation_steps=128 --allreduce_post_accumulation --allreduce_post_accumulation_fp16 --do_train --json-summary /home/ubuntu/varuna_examples/DeepLearningExamples/PyTorch/LanguageModeling/BERT/results/dllogger.json --varuna --resume_step 64
device: cuda:0 n_gpu: 1, distributed training: True, 16-bits training: True
dry run time 0.22525763511657715
SHARED WEIGHTS ARE
[(0, 7)]
this rank  8 is part of pipeline replica  1
64 chunks
Begin to load checkpint from s3://spot-checkpoints/bert/ckpt_64.pt
2022-11-23 14:45:49.272949 resume step from  64
2022-11-23 14:45:58.927310 - Finished loading checkpoint, takes 9642.519 secs
8 Overflow !!
8 : update_scale(): _has_overflow, dynamic. _loss_scale =  524288.0
Finished iteration 64, CKPT_AND_STOP: False, flag: tensor([0], dtype=torch.int32), speed: 17863.453
8 Overflow !!
8 : update_scale(): _has_overflow, dynamic. _loss_scale =  262144.0
Finished iteration 65, CKPT_AND_STOP: False, flag: tensor([5], dtype=torch.int32), speed: 5802.348
2022-11-23 14:46:22.630591 Begin to save checkpont to s3://spot-checkpoints/bert and exit
Signal handler called with signal 10


 STOPPING VARUNA !!



Rank 8 signal handler called with signal 10
Opt ckpt time 3.0144236087799072
Process done with return code 0
Parent process ID: 14039 node: 172.31.22.165
2 per stage
16 servers!
Config:
ranks: range(8, 9)
train batch size: 1024
partitions: 8
chunk_size: 8
data depth: 2
stage to rank map: 0,8;1,9;2,10;3,11;4,12;5,13;6,14;7,15;
World size is 16
/opt/conda/envs/varuna/bin/python -u /home/ubuntu/varuna_examples/DeepLearningExamples/PyTorch/LanguageModeling/BERT/run_pretraining.py --rank=8 --chunk_size=8 --local_rank=0 --stage_to_rank_map=0,8;1,9;2,10;3,11;4,12;5,13;6,14;7,15; --batch-size=512 --input_dir=/hdf5_lower_case_1_seq_len_128_max_pred_20_masked_lm_prob_0.15_random_seed_12345_dupe_factor_5/wikicorpus_en/ --output_dir=s3://spot-checkpoints/bert --config_file=bert_config.json --bert_model=bert-large-uncased --train_batch_size=1024 --max_seq_length=128 --max_predictions_per_seq=20 --max_steps=7038 --warmup_proportion=0.2843 --num_steps_per_checkpoint=200 --learning_rate=6e-3 --seed=12439 --fp16 --gradient_accumulation_steps=128 --allreduce_post_accumulation --allreduce_post_accumulation_fp16 --do_train --json-summary /home/ubuntu/varuna_examples/DeepLearningExamples/PyTorch/LanguageModeling/BERT/results/dllogger.json --varuna --resume_step 66
device: cuda:0 n_gpu: 1, distributed training: True, 16-bits training: True
dry run time 0.14249229431152344
SHARED WEIGHTS ARE
[(0, 7)]
this rank  8 is part of pipeline replica  1
64 chunks
Begin to load checkpint from s3://spot-checkpoints/bert/ckpt_66.pt
2022-11-23 14:46:50.637280 resume step from  66
2022-11-23 14:47:00.432222 - Finished loading checkpoint, takes 9783.146 secs
8 Overflow !!
8 : update_scale(): _has_overflow, dynamic. _loss_scale =  524288.0
Finished iteration 66, CKPT_AND_STOP: False, flag: tensor([0], dtype=torch.int32), speed: 18430.491
8 Overflow !!
8 : update_scale(): _has_overflow, dynamic. _loss_scale =  262144.0
Finished iteration 67, CKPT_AND_STOP: False, flag: tensor([0], dtype=torch.int32), speed: 5467.506
8 Overflow !!
8 : update_scale(): _has_overflow, dynamic. _loss_scale =  131072.0
Finished iteration 68, CKPT_AND_STOP: False, flag: tensor([0], dtype=torch.int32), speed: 5709.075
8 Overflow !!
8 : update_scale(): _has_overflow, dynamic. _loss_scale =  65536.0
Finished iteration 69, CKPT_AND_STOP: False, flag: tensor([0], dtype=torch.int32), speed: 5755.533
8 Overflow !!
8 : update_scale(): _has_overflow, dynamic. _loss_scale =  32768.0
Finished iteration 70, CKPT_AND_STOP: False, flag: tensor([0], dtype=torch.int32), speed: 5467.722
8 Overflow !!
8 : update_scale(): _has_overflow, dynamic. _loss_scale =  16384.0
Finished iteration 71, CKPT_AND_STOP: False, flag: tensor([0], dtype=torch.int32), speed: 4322.418
8 Overflow !!
8 : update_scale(): _has_overflow, dynamic. _loss_scale =  8192.0
Finished iteration 72, CKPT_AND_STOP: False, flag: tensor([0], dtype=torch.int32), speed: 4308.504
8 Overflow !!
8 : update_scale(): _has_overflow, dynamic. _loss_scale =  4096.0
Finished iteration 73, CKPT_AND_STOP: False, flag: tensor([0], dtype=torch.int32), speed: 4279.743
8 Overflow !!
8 : update_scale(): _has_overflow, dynamic. _loss_scale =  2048.0
Finished iteration 74, CKPT_AND_STOP: False, flag: tensor([0], dtype=torch.int32), speed: 4458.667
8 Overflow !!
8 : update_scale(): _has_overflow, dynamic. _loss_scale =  1024.0
Finished iteration 75, CKPT_AND_STOP: False, flag: tensor([0], dtype=torch.int32), speed: 4304.546
8 Overflow !!
8 : update_scale(): _has_overflow, dynamic. _loss_scale =  512.0
Finished iteration 76, CKPT_AND_STOP: False, flag: tensor([0], dtype=torch.int32), speed: 4330.677
8 Overflow !!
8 : update_scale(): _has_overflow, dynamic. _loss_scale =  256.0
Finished iteration 77, CKPT_AND_STOP: False, flag: tensor([0], dtype=torch.int32), speed: 4257.276
8 Overflow !!
8 : update_scale(): _has_overflow, dynamic. _loss_scale =  128.0
Finished iteration 78, CKPT_AND_STOP: False, flag: tensor([0], dtype=torch.int32), speed: 4307.469
8 Overflow !!
8 : update_scale(): _has_overflow, dynamic. _loss_scale =  64.0
Finished iteration 79, CKPT_AND_STOP: False, flag: tensor([0], dtype=torch.int32), speed: 4239.916
8 Overflow !!
8 : update_scale(): _has_overflow, dynamic. _loss_scale =  32.0
Finished iteration 80, CKPT_AND_STOP: False, flag: tensor([0], dtype=torch.int32), speed: 4337.189
8 Overflow !!
8 : update_scale(): _has_overflow, dynamic. _loss_scale =  16.0
Finished iteration 81, CKPT_AND_STOP: False, flag: tensor([0], dtype=torch.int32), speed: 4384.727
8 Overflow !!
8 : update_scale(): _has_overflow, dynamic. _loss_scale =  8.0
Finished iteration 82, CKPT_AND_STOP: False, flag: tensor([0], dtype=torch.int32), speed: 4352.974
8 Overflow !!
8 : update_scale(): _has_overflow, dynamic. _loss_scale =  4.0
Finished iteration 83, CKPT_AND_STOP: False, flag: tensor([0], dtype=torch.int32), speed: 4164.904
8 Overflow !!
8 : update_scale(): _has_overflow, dynamic. _loss_scale =  2.0
Finished iteration 84, CKPT_AND_STOP: False, flag: tensor([0], dtype=torch.int32), speed: 4387.582
8 Overflow !!
8 : update_scale(): _has_overflow, dynamic. _loss_scale =  1.0
Finished iteration 85, CKPT_AND_STOP: False, flag: tensor([0], dtype=torch.int32), speed: 4289.136
8 Overflow !!
8 : update_scale(): _has_overflow, dynamic. _loss_scale =  1.0
Finished iteration 86, CKPT_AND_STOP: False, flag: tensor([0], dtype=torch.int32), speed: 4403.816
8 Overflow !!
8 : update_scale(): _has_overflow, dynamic. _loss_scale =  1.0
Finished iteration 87, CKPT_AND_STOP: False, flag: tensor([0], dtype=torch.int32), speed: 4337.541
8 Overflow !!
8 : update_scale(): _has_overflow, dynamic. _loss_scale =  1.0
Finished iteration 88, CKPT_AND_STOP: False, flag: tensor([0], dtype=torch.int32), speed: 4501.110
8 Overflow !!
8 : update_scale(): _has_overflow, dynamic. _loss_scale =  1.0
Finished iteration 89, CKPT_AND_STOP: False, flag: tensor([0], dtype=torch.int32), speed: 4357.346
8 Overflow !!
8 : update_scale(): _has_overflow, dynamic. _loss_scale =  1.0
Finished iteration 90, CKPT_AND_STOP: False, flag: tensor([0], dtype=torch.int32), speed: 4361.797
8 Overflow !!
8 : update_scale(): _has_overflow, dynamic. _loss_scale =  1.0
Finished iteration 91, CKPT_AND_STOP: False, flag: tensor([0], dtype=torch.int32), speed: 4574.560
8 Overflow !!
8 : update_scale(): _has_overflow, dynamic. _loss_scale =  1.0
Finished iteration 92, CKPT_AND_STOP: False, flag: tensor([0], dtype=torch.int32), speed: 4419.298
8 Overflow !!
8 : update_scale(): _has_overflow, dynamic. _loss_scale =  1.0
Finished iteration 93, CKPT_AND_STOP: False, flag: tensor([4], dtype=torch.int32), speed: 4340.262
2022-11-23 14:49:21.321821 Begin to save checkpont to s3://spot-checkpoints/bert and exit
Signal handler called with signal 10


 STOPPING VARUNA !!



Rank 8 signal handler called with signal 10
Opt ckpt time 4.029909133911133
Process done with return code 0
Parent process ID: 14612 node: 172.31.22.165
2 per stage
16 servers!
Config:
ranks: range(8, 9)
train batch size: 1024
partitions: 8
chunk_size: 8
data depth: 2
stage to rank map: 0,8;1,9;2,10;3,11;4,12;5,13;6,14;7,15;
World size is 16
/opt/conda/envs/varuna/bin/python -u /home/ubuntu/varuna_examples/DeepLearningExamples/PyTorch/LanguageModeling/BERT/run_pretraining.py --rank=8 --chunk_size=8 --local_rank=0 --stage_to_rank_map=0,8;1,9;2,10;3,11;4,12;5,13;6,14;7,15; --batch-size=512 --input_dir=/hdf5_lower_case_1_seq_len_128_max_pred_20_masked_lm_prob_0.15_random_seed_12345_dupe_factor_5/wikicorpus_en/ --output_dir=s3://spot-checkpoints/bert --config_file=bert_config.json --bert_model=bert-large-uncased --train_batch_size=1024 --max_seq_length=128 --max_predictions_per_seq=20 --max_steps=7038 --warmup_proportion=0.2843 --num_steps_per_checkpoint=200 --learning_rate=6e-3 --seed=12439 --fp16 --gradient_accumulation_steps=128 --allreduce_post_accumulation --allreduce_post_accumulation_fp16 --do_train --json-summary /home/ubuntu/varuna_examples/DeepLearningExamples/PyTorch/LanguageModeling/BERT/results/dllogger.json --varuna --resume_step 94
device: cuda:0 n_gpu: 1, distributed training: True, 16-bits training: True
dry run time 0.10636520385742188
SHARED WEIGHTS ARE
[(0, 7)]
this rank  8 is part of pipeline replica  1
64 chunks
Begin to load checkpint from s3://spot-checkpoints/bert/ckpt_94.pt
2022-11-23 14:49:50.992704 resume step from  94
2022-11-23 14:50:00.930427 - Finished loading checkpoint, takes 9926.178 secs
8 Overflow !!
8 : update_scale(): _has_overflow, dynamic. _loss_scale =  524288.0
Finished iteration 94, CKPT_AND_STOP: False, flag: tensor([2], dtype=torch.int32), speed: 18129.288
2022-11-23 14:50:19.096799 Begin to save checkpont to s3://spot-checkpoints/bert and exit
Opt ckpt time 3.056096076965332
Signal handler called with signal 10


 STOPPING VARUNA !!



Rank 8 signal handler called with signal 10
Process done with return code 0
Parent process ID: 15121 node: 172.31.22.165
3 per stage
24 servers!
Config:
ranks: range(8, 9)
train batch size: 1024
partitions: 8
chunk_size: 8
data depth: 3
stage to rank map: 0,8,16;1,9,17;2,10,18;3,11,19;4,12,20;5,13,21;6,14,22;7,15,23;
World size is 24
/opt/conda/envs/varuna/bin/python -u /home/ubuntu/varuna_examples/DeepLearningExamples/PyTorch/LanguageModeling/BERT/run_pretraining.py --rank=8 --chunk_size=8 --local_rank=0 --stage_to_rank_map=0,8,16;1,9,17;2,10,18;3,11,19;4,12,20;5,13,21;6,14,22;7,15,23; --batch-size=341 --input_dir=/hdf5_lower_case_1_seq_len_128_max_pred_20_masked_lm_prob_0.15_random_seed_12345_dupe_factor_5/wikicorpus_en/ --output_dir=s3://spot-checkpoints/bert --config_file=bert_config.json --bert_model=bert-large-uncased --train_batch_size=1024 --max_seq_length=128 --max_predictions_per_seq=20 --max_steps=7038 --warmup_proportion=0.2843 --num_steps_per_checkpoint=200 --learning_rate=6e-3 --seed=12439 --fp16 --gradient_accumulation_steps=128 --allreduce_post_accumulation --allreduce_post_accumulation_fp16 --do_train --json-summary /home/ubuntu/varuna_examples/DeepLearningExamples/PyTorch/LanguageModeling/BERT/results/dllogger.json --varuna --resume_step 95
device: cuda:0 n_gpu: 1, distributed training: True, 16-bits training: True
dry run time 0.1911170482635498
SHARED WEIGHTS ARE
[(0, 7)]
this rank  8 is part of pipeline replica  1
43 chunks
Begin to load checkpint from s3://spot-checkpoints/bert/ckpt_95.pt
2022-11-23 14:50:50.882866 resume step from  95
2022-11-23 14:51:00.672719 - Finished loading checkpoint, takes 9778.228 secs
8 Overflow !!
8 : update_scale(): _has_overflow, dynamic. _loss_scale =  524288.0
Finished iteration 95, CKPT_AND_STOP: False, flag: tensor([0], dtype=torch.int32), speed: 14013.764
8 Overflow !!
8 : update_scale(): _has_overflow, dynamic. _loss_scale =  262144.0
Finished iteration 96, CKPT_AND_STOP: False, flag: tensor([0], dtype=torch.int32), speed: 4192.359
8 Overflow !!
8 : update_scale(): _has_overflow, dynamic. _loss_scale =  131072.0
Finished iteration 97, CKPT_AND_STOP: False, flag: tensor([0], dtype=torch.int32), speed: 4192.547
8 Overflow !!
8 : update_scale(): _has_overflow, dynamic. _loss_scale =  65536.0
Finished iteration 98, CKPT_AND_STOP: False, flag: tensor([0], dtype=torch.int32), speed: 4248.976
8 Overflow !!
8 : update_scale(): _has_overflow, dynamic. _loss_scale =  32768.0
Finished iteration 99, CKPT_AND_STOP: False, flag: tensor([0], dtype=torch.int32), speed: 4179.413
8 Overflow !!
8 : update_scale(): _has_overflow, dynamic. _loss_scale =  16384.0
Finished iteration 100, CKPT_AND_STOP: False, flag: tensor([0], dtype=torch.int32), speed: 3264.719
8 Overflow !!
8 : update_scale(): _has_overflow, dynamic. _loss_scale =  8192.0
Finished iteration 101, CKPT_AND_STOP: False, flag: tensor([0], dtype=torch.int32), speed: 3237.921
8 Overflow !!
8 : update_scale(): _has_overflow, dynamic. _loss_scale =  4096.0
Finished iteration 102, CKPT_AND_STOP: False, flag: tensor([0], dtype=torch.int32), speed: 3427.754
8 Overflow !!
8 : update_scale(): _has_overflow, dynamic. _loss_scale =  2048.0
Finished iteration 103, CKPT_AND_STOP: False, flag: tensor([0], dtype=torch.int32), speed: 3263.631
8 Overflow !!
8 : update_scale(): _has_overflow, dynamic. _loss_scale =  1024.0
Finished iteration 104, CKPT_AND_STOP: False, flag: tensor([0], dtype=torch.int32), speed: 3127.991
8 Overflow !!
8 : update_scale(): _has_overflow, dynamic. _loss_scale =  512.0
Finished iteration 105, CKPT_AND_STOP: False, flag: tensor([0], dtype=torch.int32), speed: 3098.995
8 Overflow !!
8 : update_scale(): _has_overflow, dynamic. _loss_scale =  256.0
Finished iteration 106, CKPT_AND_STOP: False, flag: tensor([0], dtype=torch.int32), speed: 3205.036
8 Overflow !!
8 : update_scale(): _has_overflow, dynamic. _loss_scale =  128.0
Finished iteration 107, CKPT_AND_STOP: False, flag: tensor([0], dtype=torch.int32), speed: 3134.094
8 Overflow !!
8 : update_scale(): _has_overflow, dynamic. _loss_scale =  64.0
Finished iteration 108, CKPT_AND_STOP: False, flag: tensor([0], dtype=torch.int32), speed: 3166.977
8 Overflow !!
8 : update_scale(): _has_overflow, dynamic. _loss_scale =  32.0
Finished iteration 109, CKPT_AND_STOP: False, flag: tensor([0], dtype=torch.int32), speed: 3380.175
8 Overflow !!
8 : update_scale(): _has_overflow, dynamic. _loss_scale =  16.0
Finished iteration 110, CKPT_AND_STOP: False, flag: tensor([0], dtype=torch.int32), speed: 3088.567
8 Overflow !!
8 : update_scale(): _has_overflow, dynamic. _loss_scale =  8.0
Finished iteration 111, CKPT_AND_STOP: False, flag: tensor([0], dtype=torch.int32), speed: 3181.289
8 Overflow !!
8 : update_scale(): _has_overflow, dynamic. _loss_scale =  4.0
Finished iteration 112, CKPT_AND_STOP: False, flag: tensor([0], dtype=torch.int32), speed: 3336.291
8 Overflow !!
8 : update_scale(): _has_overflow, dynamic. _loss_scale =  2.0
Finished iteration 113, CKPT_AND_STOP: False, flag: tensor([0], dtype=torch.int32), speed: 3154.042
8 Overflow !!
8 : update_scale(): _has_overflow, dynamic. _loss_scale =  1.0
Finished iteration 114, CKPT_AND_STOP: False, flag: tensor([0], dtype=torch.int32), speed: 3212.145
8 Overflow !!
8 : update_scale(): _has_overflow, dynamic. _loss_scale =  1.0
Finished iteration 115, CKPT_AND_STOP: False, flag: tensor([0], dtype=torch.int32), speed: 3153.279
8 Overflow !!
8 : update_scale(): _has_overflow, dynamic. _loss_scale =  1.0
Finished iteration 116, CKPT_AND_STOP: False, flag: tensor([0], dtype=torch.int32), speed: 3224.725
8 Overflow !!
8 : update_scale(): _has_overflow, dynamic. _loss_scale =  1.0
Finished iteration 117, CKPT_AND_STOP: False, flag: tensor([0], dtype=torch.int32), speed: 3179.560
8 Overflow !!
8 : update_scale(): _has_overflow, dynamic. _loss_scale =  1.0
Finished iteration 118, CKPT_AND_STOP: False, flag: tensor([0], dtype=torch.int32), speed: 3122.780
8 Overflow !!
8 : update_scale(): _has_overflow, dynamic. _loss_scale =  1.0
Finished iteration 119, CKPT_AND_STOP: False, flag: tensor([0], dtype=torch.int32), speed: 3121.783
8 Overflow !!
8 : update_scale(): _has_overflow, dynamic. _loss_scale =  1.0
Finished iteration 120, CKPT_AND_STOP: False, flag: tensor([0], dtype=torch.int32), speed: 3175.406
8 Overflow !!
8 : update_scale(): _has_overflow, dynamic. _loss_scale =  1.0
Finished iteration 121, CKPT_AND_STOP: False, flag: tensor([0], dtype=torch.int32), speed: 3162.738
8 Overflow !!
8 : update_scale(): _has_overflow, dynamic. _loss_scale =  1.0
Finished iteration 122, CKPT_AND_STOP: False, flag: tensor([0], dtype=torch.int32), speed: 3089.332
8 Overflow !!
8 : update_scale(): _has_overflow, dynamic. _loss_scale =  1.0
Finished iteration 123, CKPT_AND_STOP: False, flag: tensor([0], dtype=torch.int32), speed: 3170.197
8 Overflow !!
8 : update_scale(): _has_overflow, dynamic. _loss_scale =  1.0
Finished iteration 124, CKPT_AND_STOP: False, flag: tensor([0], dtype=torch.int32), speed: 3176.047
8 Overflow !!
8 : update_scale(): _has_overflow, dynamic. _loss_scale =  1.0
Finished iteration 125, CKPT_AND_STOP: False, flag: tensor([0], dtype=torch.int32), speed: 4008.255
8 Overflow !!
8 : update_scale(): _has_overflow, dynamic. _loss_scale =  1.0
Finished iteration 126, CKPT_AND_STOP: False, flag: tensor([0], dtype=torch.int32), speed: 3130.033
8 Overflow !!
8 : update_scale(): _has_overflow, dynamic. _loss_scale =  1.0
Finished iteration 127, CKPT_AND_STOP: False, flag: tensor([0], dtype=torch.int32), speed: 3395.221
8 Overflow !!
8 : update_scale(): _has_overflow, dynamic. _loss_scale =  1.0
Finished iteration 128, CKPT_AND_STOP: False, flag: tensor([0], dtype=torch.int32), speed: 3254.210
8 Overflow !!
8 : update_scale(): _has_overflow, dynamic. _loss_scale =  1.0
Finished iteration 129, CKPT_AND_STOP: False, flag: tensor([0], dtype=torch.int32), speed: 3289.138
8 Overflow !!
8 : update_scale(): _has_overflow, dynamic. _loss_scale =  1.0
Finished iteration 130, CKPT_AND_STOP: False, flag: tensor([0], dtype=torch.int32), speed: 3093.098
8 Overflow !!
8 : update_scale(): _has_overflow, dynamic. _loss_scale =  1.0
Finished iteration 131, CKPT_AND_STOP: False, flag: tensor([0], dtype=torch.int32), speed: 3171.766
8 Overflow !!
8 : update_scale(): _has_overflow, dynamic. _loss_scale =  1.0
Finished iteration 132, CKPT_AND_STOP: False, flag: tensor([0], dtype=torch.int32), speed: 3171.305
8 Overflow !!
8 : update_scale(): _has_overflow, dynamic. _loss_scale =  1.0
Finished iteration 133, CKPT_AND_STOP: False, flag: tensor([0], dtype=torch.int32), speed: 3284.744
8 Overflow !!
8 : update_scale(): _has_overflow, dynamic. _loss_scale =  1.0
Finished iteration 134, CKPT_AND_STOP: False, flag: tensor([0], dtype=torch.int32), speed: 3315.674
8 Overflow !!
8 : update_scale(): _has_overflow, dynamic. _loss_scale =  1.0
Finished iteration 135, CKPT_AND_STOP: False, flag: tensor([0], dtype=torch.int32), speed: 3368.504
8 Overflow !!
8 : update_scale(): _has_overflow, dynamic. _loss_scale =  1.0
Finished iteration 136, CKPT_AND_STOP: False, flag: tensor([0], dtype=torch.int32), speed: 3157.881
8 Overflow !!
8 : update_scale(): _has_overflow, dynamic. _loss_scale =  1.0
Finished iteration 137, CKPT_AND_STOP: False, flag: tensor([0], dtype=torch.int32), speed: 3173.808
8 Overflow !!
8 : update_scale(): _has_overflow, dynamic. _loss_scale =  1.0
Finished iteration 138, CKPT_AND_STOP: False, flag: tensor([0], dtype=torch.int32), speed: 3230.475
8 Overflow !!
8 : update_scale(): _has_overflow, dynamic. _loss_scale =  1.0
Finished iteration 139, CKPT_AND_STOP: False, flag: tensor([0], dtype=torch.int32), speed: 3947.771
8 Overflow !!
8 : update_scale(): _has_overflow, dynamic. _loss_scale =  1.0
Finished iteration 140, CKPT_AND_STOP: False, flag: tensor([0], dtype=torch.int32), speed: 3201.040
8 Overflow !!
8 : update_scale(): _has_overflow, dynamic. _loss_scale =  1.0
Finished iteration 141, CKPT_AND_STOP: False, flag: tensor([1], dtype=torch.int32), speed: 3197.954
2022-11-23 14:53:47.784000 Begin to save checkpont to s3://spot-checkpoints/bert and exit
Opt ckpt time 3.013206958770752
Signal handler called with signal 10


 STOPPING VARUNA !!



Rank 8 signal handler called with signal 10
Process done with return code 0
Parent process ID: 15690 node: 172.31.28.236
2 per stage
16 servers!
Config:
ranks: range(8, 9)
train batch size: 1024
partitions: 8
chunk_size: 8
data depth: 2
stage to rank map: 0,8;1,9;2,10;3,11;4,12;5,13;6,14;7,15;
World size is 16
/opt/conda/envs/varuna/bin/python -u /home/ubuntu/varuna_examples/DeepLearningExamples/PyTorch/LanguageModeling/BERT/run_pretraining.py --rank=8 --chunk_size=8 --local_rank=0 --stage_to_rank_map=0,8;1,9;2,10;3,11;4,12;5,13;6,14;7,15; --batch-size=512 --input_dir=/hdf5_lower_case_1_seq_len_128_max_pred_20_masked_lm_prob_0.15_random_seed_12345_dupe_factor_5/wikicorpus_en/ --output_dir=s3://spot-checkpoints/bert --config_file=bert_config.json --bert_model=bert-large-uncased --train_batch_size=1024 --max_seq_length=128 --max_predictions_per_seq=20 --max_steps=7038 --warmup_proportion=0.2843 --num_steps_per_checkpoint=200 --learning_rate=6e-3 --seed=12439 --fp16 --gradient_accumulation_steps=128 --allreduce_post_accumulation --allreduce_post_accumulation_fp16 --do_train --json-summary /home/ubuntu/varuna_examples/DeepLearningExamples/PyTorch/LanguageModeling/BERT/results/dllogger.json --varuna --resume_step 142
device: cuda:0 n_gpu: 1, distributed training: True, 16-bits training: True
dry run time 0.13233280181884766
SHARED WEIGHTS ARE
[(0, 7)]
this rank  8 is part of pipeline replica  1
64 chunks
Begin to load checkpint from s3://spot-checkpoints/bert/ckpt_142.pt
2022-11-23 14:54:21.938160 resume step from  142
2022-11-23 14:54:32.830548 - Finished loading checkpoint, takes 10880.664 secs
8 Overflow !!
8 : update_scale(): _has_overflow, dynamic. _loss_scale =  524288.0
Finished iteration 142, CKPT_AND_STOP: False, flag: tensor([0], dtype=torch.int32), speed: 17801.389
8 Overflow !!
8 : update_scale(): _has_overflow, dynamic. _loss_scale =  262144.0
Finished iteration 143, CKPT_AND_STOP: False, flag: tensor([0], dtype=torch.int32), speed: 5308.159
8 Overflow !!
8 : update_scale(): _has_overflow, dynamic. _loss_scale =  131072.0
Finished iteration 144, CKPT_AND_STOP: False, flag: tensor([0], dtype=torch.int32), speed: 5364.560
8 Overflow !!
8 : update_scale(): _has_overflow, dynamic. _loss_scale =  65536.0
Finished iteration 145, CKPT_AND_STOP: False, flag: tensor([0], dtype=torch.int32), speed: 5468.555
8 Overflow !!
8 : update_scale(): _has_overflow, dynamic. _loss_scale =  32768.0
Finished iteration 146, CKPT_AND_STOP: False, flag: tensor([0], dtype=torch.int32), speed: 5312.184
8 Overflow !!
8 : update_scale(): _has_overflow, dynamic. _loss_scale =  16384.0
Finished iteration 147, CKPT_AND_STOP: False, flag: tensor([0], dtype=torch.int32), speed: 4519.834
8 Overflow !!
8 : update_scale(): _has_overflow, dynamic. _loss_scale =  8192.0
Finished iteration 148, CKPT_AND_STOP: False, flag: tensor([0], dtype=torch.int32), speed: 4417.081
8 Overflow !!
8 : update_scale(): _has_overflow, dynamic. _loss_scale =  4096.0
Finished iteration 149, CKPT_AND_STOP: False, flag: tensor([0], dtype=torch.int32), speed: 4490.132
8 Overflow !!
8 : update_scale(): _has_overflow, dynamic. _loss_scale =  2048.0
Finished iteration 150, CKPT_AND_STOP: False, flag: tensor([0], dtype=torch.int32), speed: 4447.339
8 Overflow !!
8 : update_scale(): _has_overflow, dynamic. _loss_scale =  1024.0
Finished iteration 151, CKPT_AND_STOP: False, flag: tensor([0], dtype=torch.int32), speed: 4419.881
8 Overflow !!
8 : update_scale(): _has_overflow, dynamic. _loss_scale =  512.0
Finished iteration 152, CKPT_AND_STOP: False, flag: tensor([0], dtype=torch.int32), speed: 4532.323
8 Overflow !!
8 : update_scale(): _has_overflow, dynamic. _loss_scale =  256.0
Finished iteration 153, CKPT_AND_STOP: False, flag: tensor([0], dtype=torch.int32), speed: 4300.879
8 Overflow !!
8 : update_scale(): _has_overflow, dynamic. _loss_scale =  128.0
Finished iteration 154, CKPT_AND_STOP: False, flag: tensor([1], dtype=torch.int32), speed: 4217.103
2022-11-23 14:55:47.466920 Begin to save checkpont to s3://spot-checkpoints/bert and exit
Opt ckpt time 2.901348352432251
Signal handler called with signal 10


 STOPPING VARUNA !!



Rank 8 signal handler called with signal 10
Process done with return code 0
Parent process ID: 16250 node: 172.31.28.236
2 per stage
16 servers!
Config:
ranks: range(8, 9)
train batch size: 1024
partitions: 8
chunk_size: 8
data depth: 2
stage to rank map: 0,8;1,9;2,10;3,11;4,12;5,13;6,14;7,15;
World size is 16
/opt/conda/envs/varuna/bin/python -u /home/ubuntu/varuna_examples/DeepLearningExamples/PyTorch/LanguageModeling/BERT/run_pretraining.py --rank=8 --chunk_size=8 --local_rank=0 --stage_to_rank_map=0,8;1,9;2,10;3,11;4,12;5,13;6,14;7,15; --batch-size=512 --input_dir=/hdf5_lower_case_1_seq_len_128_max_pred_20_masked_lm_prob_0.15_random_seed_12345_dupe_factor_5/wikicorpus_en/ --output_dir=s3://spot-checkpoints/bert --config_file=bert_config.json --bert_model=bert-large-uncased --train_batch_size=1024 --max_seq_length=128 --max_predictions_per_seq=20 --max_steps=7038 --warmup_proportion=0.2843 --num_steps_per_checkpoint=200 --learning_rate=6e-3 --seed=12439 --fp16 --gradient_accumulation_steps=128 --allreduce_post_accumulation --allreduce_post_accumulation_fp16 --do_train --json-summary /home/ubuntu/varuna_examples/DeepLearningExamples/PyTorch/LanguageModeling/BERT/results/dllogger.json --varuna --resume_step 155
device: cuda:0 n_gpu: 1, distributed training: True, 16-bits training: True
dry run time 0.17209291458129883
SHARED WEIGHTS ARE
[(0, 7)]
this rank  8 is part of pipeline replica  1
64 chunks
Begin to load checkpint from s3://spot-checkpoints/bert/ckpt_155.pt
2022-11-23 14:56:18.406694 resume step from  155
2022-11-23 14:56:27.954560 - Finished loading checkpoint, takes 9535.935 secs
8 Overflow !!
8 : update_scale(): _has_overflow, dynamic. _loss_scale =  524288.0
Finished iteration 155, CKPT_AND_STOP: False, flag: tensor([0], dtype=torch.int32), speed: 13862.325
8 Overflow !!
8 : update_scale(): _has_overflow, dynamic. _loss_scale =  262144.0
Finished iteration 156, CKPT_AND_STOP: False, flag: tensor([0], dtype=torch.int32), speed: 6396.185
8 Overflow !!
8 : update_scale(): _has_overflow, dynamic. _loss_scale =  131072.0
Finished iteration 157, CKPT_AND_STOP: False, flag: tensor([0], dtype=torch.int32), speed: 5540.494
8 Overflow !!
8 : update_scale(): _has_overflow, dynamic. _loss_scale =  65536.0
Finished iteration 158, CKPT_AND_STOP: False, flag: tensor([0], dtype=torch.int32), speed: 5613.199
8 Overflow !!
8 : update_scale(): _has_overflow, dynamic. _loss_scale =  32768.0
Finished iteration 159, CKPT_AND_STOP: False, flag: tensor([0], dtype=torch.int32), speed: 5541.330
8 Overflow !!
8 : update_scale(): _has_overflow, dynamic. _loss_scale =  16384.0
Finished iteration 160, CKPT_AND_STOP: False, flag: tensor([0], dtype=torch.int32), speed: 4417.327
8 Overflow !!
8 : update_scale(): _has_overflow, dynamic. _loss_scale =  8192.0
Finished iteration 161, CKPT_AND_STOP: False, flag: tensor([0], dtype=torch.int32), speed: 4159.820
8 Overflow !!
8 : update_scale(): _has_overflow, dynamic. _loss_scale =  4096.0
Finished iteration 162, CKPT_AND_STOP: False, flag: tensor([0], dtype=torch.int32), speed: 4444.449
8 Overflow !!
8 : update_scale(): _has_overflow, dynamic. _loss_scale =  2048.0
Finished iteration 163, CKPT_AND_STOP: False, flag: tensor([0], dtype=torch.int32), speed: 4356.452
8 Overflow !!
8 : update_scale(): _has_overflow, dynamic. _loss_scale =  1024.0
Finished iteration 164, CKPT_AND_STOP: False, flag: tensor([0], dtype=torch.int32), speed: 4492.286
8 Overflow !!
8 : update_scale(): _has_overflow, dynamic. _loss_scale =  512.0
Finished iteration 165, CKPT_AND_STOP: False, flag: tensor([0], dtype=torch.int32), speed: 4434.607
8 Overflow !!
8 : update_scale(): _has_overflow, dynamic. _loss_scale =  256.0
Finished iteration 166, CKPT_AND_STOP: False, flag: tensor([0], dtype=torch.int32), speed: 4468.145
8 Overflow !!
8 : update_scale(): _has_overflow, dynamic. _loss_scale =  128.0
Finished iteration 167, CKPT_AND_STOP: False, flag: tensor([0], dtype=torch.int32), speed: 5416.234
8 Overflow !!
8 : update_scale(): _has_overflow, dynamic. _loss_scale =  64.0
Finished iteration 168, CKPT_AND_STOP: False, flag: tensor([0], dtype=torch.int32), speed: 4521.261
8 Overflow !!
8 : update_scale(): _has_overflow, dynamic. _loss_scale =  32.0
Finished iteration 169, CKPT_AND_STOP: False, flag: tensor([0], dtype=torch.int32), speed: 4489.045
8 Overflow !!
8 : update_scale(): _has_overflow, dynamic. _loss_scale =  16.0
Finished iteration 170, CKPT_AND_STOP: False, flag: tensor([0], dtype=torch.int32), speed: 4176.133
8 Overflow !!
8 : update_scale(): _has_overflow, dynamic. _loss_scale =  8.0
Finished iteration 171, CKPT_AND_STOP: False, flag: tensor([0], dtype=torch.int32), speed: 4528.601
8 Overflow !!
8 : update_scale(): _has_overflow, dynamic. _loss_scale =  4.0
Finished iteration 172, CKPT_AND_STOP: False, flag: tensor([0], dtype=torch.int32), speed: 4408.258
8 Overflow !!
8 : update_scale(): _has_overflow, dynamic. _loss_scale =  2.0
Finished iteration 173, CKPT_AND_STOP: False, flag: tensor([0], dtype=torch.int32), speed: 4426.479
8 Overflow !!
8 : update_scale(): _has_overflow, dynamic. _loss_scale =  1.0
Finished iteration 174, CKPT_AND_STOP: False, flag: tensor([0], dtype=torch.int32), speed: 4473.158
8 Overflow !!
8 : update_scale(): _has_overflow, dynamic. _loss_scale =  1.0
Finished iteration 175, CKPT_AND_STOP: False, flag: tensor([0], dtype=torch.int32), speed: 4418.737
8 Overflow !!
8 : update_scale(): _has_overflow, dynamic. _loss_scale =  1.0
Finished iteration 176, CKPT_AND_STOP: False, flag: tensor([0], dtype=torch.int32), speed: 4482.829
8 Overflow !!
8 : update_scale(): _has_overflow, dynamic. _loss_scale =  1.0
Finished iteration 177, CKPT_AND_STOP: False, flag: tensor([0], dtype=torch.int32), speed: 4497.933
8 Overflow !!
8 : update_scale(): _has_overflow, dynamic. _loss_scale =  1.0
Finished iteration 178, CKPT_AND_STOP: False, flag: tensor([0], dtype=torch.int32), speed: 4490.437
8 Overflow !!
8 : update_scale(): _has_overflow, dynamic. _loss_scale =  1.0
Finished iteration 179, CKPT_AND_STOP: False, flag: tensor([0], dtype=torch.int32), speed: 4577.330
8 Overflow !!
8 : update_scale(): _has_overflow, dynamic. _loss_scale =  1.0
Finished iteration 180, CKPT_AND_STOP: False, flag: tensor([0], dtype=torch.int32), speed: 4436.388
8 Overflow !!
8 : update_scale(): _has_overflow, dynamic. _loss_scale =  1.0
Finished iteration 181, CKPT_AND_STOP: False, flag: tensor([0], dtype=torch.int32), speed: 4788.548
8 Overflow !!
8 : update_scale(): _has_overflow, dynamic. _loss_scale =  1.0
Finished iteration 182, CKPT_AND_STOP: False, flag: tensor([0], dtype=torch.int32), speed: 4440.725
8 Overflow !!
8 : update_scale(): _has_overflow, dynamic. _loss_scale =  1.0
Finished iteration 183, CKPT_AND_STOP: False, flag: tensor([0], dtype=torch.int32), speed: 4354.433
8 Overflow !!
8 : update_scale(): _has_overflow, dynamic. _loss_scale =  1.0
Finished iteration 184, CKPT_AND_STOP: False, flag: tensor([0], dtype=torch.int32), speed: 4745.734
8 Overflow !!
8 : update_scale(): _has_overflow, dynamic. _loss_scale =  1.0
Finished iteration 185, CKPT_AND_STOP: False, flag: tensor([0], dtype=torch.int32), speed: 4556.613
8 Overflow !!
8 : update_scale(): _has_overflow, dynamic. _loss_scale =  1.0
Finished iteration 186, CKPT_AND_STOP: False, flag: tensor([0], dtype=torch.int32), speed: 4326.876
8 Overflow !!
8 : update_scale(): _has_overflow, dynamic. _loss_scale =  1.0
Finished iteration 187, CKPT_AND_STOP: False, flag: tensor([0], dtype=torch.int32), speed: 4426.330
8 Overflow !!
8 : update_scale(): _has_overflow, dynamic. _loss_scale =  1.0
Finished iteration 188, CKPT_AND_STOP: False, flag: tensor([0], dtype=torch.int32), speed: 4442.601
8 Overflow !!
8 : update_scale(): _has_overflow, dynamic. _loss_scale =  1.0
Finished iteration 189, CKPT_AND_STOP: False, flag: tensor([0], dtype=torch.int32), speed: 4740.083
8 Overflow !!
8 : update_scale(): _has_overflow, dynamic. _loss_scale =  1.0
Finished iteration 190, CKPT_AND_STOP: False, flag: tensor([0], dtype=torch.int32), speed: 4304.307
8 Overflow !!
8 : update_scale(): _has_overflow, dynamic. _loss_scale =  1.0
Finished iteration 191, CKPT_AND_STOP: False, flag: tensor([0], dtype=torch.int32), speed: 4178.974
8 Overflow !!
8 : update_scale(): _has_overflow, dynamic. _loss_scale =  1.0
Finished iteration 192, CKPT_AND_STOP: False, flag: tensor([0], dtype=torch.int32), speed: 4235.599
8 Overflow !!
8 : update_scale(): _has_overflow, dynamic. _loss_scale =  1.0
Finished iteration 193, CKPT_AND_STOP: False, flag: tensor([0], dtype=torch.int32), speed: 4292.711
8 Overflow !!
8 : update_scale(): _has_overflow, dynamic. _loss_scale =  1.0
Finished iteration 194, CKPT_AND_STOP: False, flag: tensor([0], dtype=torch.int32), speed: 4401.212
8 Overflow !!
8 : update_scale(): _has_overflow, dynamic. _loss_scale =  1.0
Finished iteration 195, CKPT_AND_STOP: False, flag: tensor([0], dtype=torch.int32), speed: 4260.121
8 Overflow !!
8 : update_scale(): _has_overflow, dynamic. _loss_scale =  1.0
Finished iteration 196, CKPT_AND_STOP: False, flag: tensor([0], dtype=torch.int32), speed: 4641.356
8 Overflow !!
8 : update_scale(): _has_overflow, dynamic. _loss_scale =  1.0
Finished iteration 197, CKPT_AND_STOP: False, flag: tensor([0], dtype=torch.int32), speed: 4343.982
8 Overflow !!
8 : update_scale(): _has_overflow, dynamic. _loss_scale =  1.0
Finished iteration 198, CKPT_AND_STOP: False, flag: tensor([0], dtype=torch.int32), speed: 4251.701
8 Overflow !!
8 : update_scale(): _has_overflow, dynamic. _loss_scale =  1.0
Finished iteration 199, CKPT_AND_STOP: False, flag: tensor([0], dtype=torch.int32), speed: 4325.453
8 Overflow !!
8 : update_scale(): _has_overflow, dynamic. _loss_scale =  1.0
Finished iteration 200, CKPT_AND_STOP: False, flag: tensor([0], dtype=torch.int32), speed: 4227.346
8 Overflow !!
8 : update_scale(): _has_overflow, dynamic. _loss_scale =  1.0
Finished iteration 201, CKPT_AND_STOP: False, flag: tensor([0], dtype=torch.int32), speed: 4226.219
8 Overflow !!
8 : update_scale(): _has_overflow, dynamic. _loss_scale =  1.0
Finished iteration 202, CKPT_AND_STOP: False, flag: tensor([0], dtype=torch.int32), speed: 4279.434
8 Overflow !!
8 : update_scale(): _has_overflow, dynamic. _loss_scale =  1.0
Finished iteration 203, CKPT_AND_STOP: False, flag: tensor([0], dtype=torch.int32), speed: 4453.798
8 Overflow !!
8 : update_scale(): _has_overflow, dynamic. _loss_scale =  1.0
Finished iteration 204, CKPT_AND_STOP: False, flag: tensor([0], dtype=torch.int32), speed: 4417.429
8 Overflow !!
8 : update_scale(): _has_overflow, dynamic. _loss_scale =  1.0
Finished iteration 205, CKPT_AND_STOP: False, flag: tensor([0], dtype=torch.int32), speed: 4747.045
8 Overflow !!
8 : update_scale(): _has_overflow, dynamic. _loss_scale =  1.0
Finished iteration 206, CKPT_AND_STOP: False, flag: tensor([0], dtype=torch.int32), speed: 5259.841
8 Overflow !!
8 : update_scale(): _has_overflow, dynamic. _loss_scale =  1.0
Finished iteration 207, CKPT_AND_STOP: False, flag: tensor([0], dtype=torch.int32), speed: 4377.255
8 Overflow !!
8 : update_scale(): _has_overflow, dynamic. _loss_scale =  1.0
Finished iteration 208, CKPT_AND_STOP: False, flag: tensor([0], dtype=torch.int32), speed: 4294.080
8 Overflow !!
8 : update_scale(): _has_overflow, dynamic. _loss_scale =  1.0
Finished iteration 209, CKPT_AND_STOP: False, flag: tensor([0], dtype=torch.int32), speed: 4287.773
8 Overflow !!
8 : update_scale(): _has_overflow, dynamic. _loss_scale =  1.0
Finished iteration 210, CKPT_AND_STOP: False, flag: tensor([0], dtype=torch.int32), speed: 4209.192
8 Overflow !!
8 : update_scale(): _has_overflow, dynamic. _loss_scale =  1.0
Finished iteration 211, CKPT_AND_STOP: False, flag: tensor([0], dtype=torch.int32), speed: 4606.545
8 Overflow !!
8 : update_scale(): _has_overflow, dynamic. _loss_scale =  1.0
Finished iteration 212, CKPT_AND_STOP: False, flag: tensor([0], dtype=torch.int32), speed: 4402.014
8 Overflow !!
8 : update_scale(): _has_overflow, dynamic. _loss_scale =  1.0
Finished iteration 213, CKPT_AND_STOP: False, flag: tensor([0], dtype=torch.int32), speed: 4524.254
8 Overflow !!
8 : update_scale(): _has_overflow, dynamic. _loss_scale =  1.0
Finished iteration 214, CKPT_AND_STOP: False, flag: tensor([0], dtype=torch.int32), speed: 5035.776
8 Overflow !!
8 : update_scale(): _has_overflow, dynamic. _loss_scale =  1.0
Finished iteration 215, CKPT_AND_STOP: False, flag: tensor([0], dtype=torch.int32), speed: 4543.812
8 Overflow !!
8 : update_scale(): _has_overflow, dynamic. _loss_scale =  1.0
Finished iteration 216, CKPT_AND_STOP: False, flag: tensor([0], dtype=torch.int32), speed: 4708.582
8 Overflow !!
8 : update_scale(): _has_overflow, dynamic. _loss_scale =  1.0
Finished iteration 217, CKPT_AND_STOP: False, flag: tensor([0], dtype=torch.int32), speed: 4251.119
8 Overflow !!
8 : update_scale(): _has_overflow, dynamic. _loss_scale =  1.0
Finished iteration 218, CKPT_AND_STOP: False, flag: tensor([0], dtype=torch.int32), speed: 4240.034
8 Overflow !!
8 : update_scale(): _has_overflow, dynamic. _loss_scale =  1.0
Finished iteration 219, CKPT_AND_STOP: False, flag: tensor([0], dtype=torch.int32), speed: 4424.159
8 Overflow !!
8 : update_scale(): _has_overflow, dynamic. _loss_scale =  1.0
Finished iteration 220, CKPT_AND_STOP: False, flag: tensor([0], dtype=torch.int32), speed: 4582.721
8 Overflow !!
8 : update_scale(): _has_overflow, dynamic. _loss_scale =  1.0
Finished iteration 221, CKPT_AND_STOP: False, flag: tensor([0], dtype=torch.int32), speed: 4335.714
8 Overflow !!
8 : update_scale(): _has_overflow, dynamic. _loss_scale =  1.0
Finished iteration 222, CKPT_AND_STOP: False, flag: tensor([0], dtype=torch.int32), speed: 4826.794
8 Overflow !!
8 : update_scale(): _has_overflow, dynamic. _loss_scale =  1.0
Finished iteration 223, CKPT_AND_STOP: False, flag: tensor([0], dtype=torch.int32), speed: 4489.068
8 Overflow !!
8 : update_scale(): _has_overflow, dynamic. _loss_scale =  1.0
Finished iteration 224, CKPT_AND_STOP: False, flag: tensor([0], dtype=torch.int32), speed: 4449.526
8 Overflow !!
8 : update_scale(): _has_overflow, dynamic. _loss_scale =  1.0
Finished iteration 225, CKPT_AND_STOP: False, flag: tensor([0], dtype=torch.int32), speed: 4487.888
8 Overflow !!
8 : update_scale(): _has_overflow, dynamic. _loss_scale =  1.0
Finished iteration 226, CKPT_AND_STOP: False, flag: tensor([0], dtype=torch.int32), speed: 4261.733
8 Overflow !!
8 : update_scale(): _has_overflow, dynamic. _loss_scale =  1.0
Finished iteration 227, CKPT_AND_STOP: False, flag: tensor([0], dtype=torch.int32), speed: 4402.416
8 Overflow !!
8 : update_scale(): _has_overflow, dynamic. _loss_scale =  1.0
Finished iteration 228, CKPT_AND_STOP: False, flag: tensor([0], dtype=torch.int32), speed: 4486.074
8 Overflow !!
8 : update_scale(): _has_overflow, dynamic. _loss_scale =  1.0
Finished iteration 229, CKPT_AND_STOP: False, flag: tensor([0], dtype=torch.int32), speed: 4547.486
8 Overflow !!
8 : update_scale(): _has_overflow, dynamic. _loss_scale =  1.0
Finished iteration 230, CKPT_AND_STOP: False, flag: tensor([0], dtype=torch.int32), speed: 4302.690
8 Overflow !!
8 : update_scale(): _has_overflow, dynamic. _loss_scale =  1.0
Finished iteration 231, CKPT_AND_STOP: False, flag: tensor([0], dtype=torch.int32), speed: 4148.079
8 Overflow !!
8 : update_scale(): _has_overflow, dynamic. _loss_scale =  1.0
Finished iteration 232, CKPT_AND_STOP: False, flag: tensor([0], dtype=torch.int32), speed: 4322.106
8 Overflow !!
8 : update_scale(): _has_overflow, dynamic. _loss_scale =  1.0
Finished iteration 233, CKPT_AND_STOP: False, flag: tensor([0], dtype=torch.int32), speed: 4367.993
8 Overflow !!
8 : update_scale(): _has_overflow, dynamic. _loss_scale =  1.0
Finished iteration 234, CKPT_AND_STOP: False, flag: tensor([0], dtype=torch.int32), speed: 4445.616
8 Overflow !!
8 : update_scale(): _has_overflow, dynamic. _loss_scale =  1.0
Finished iteration 235, CKPT_AND_STOP: False, flag: tensor([0], dtype=torch.int32), speed: 4196.440
8 Overflow !!
8 : update_scale(): _has_overflow, dynamic. _loss_scale =  1.0
Finished iteration 236, CKPT_AND_STOP: False, flag: tensor([0], dtype=torch.int32), speed: 4270.860
8 Overflow !!
8 : update_scale(): _has_overflow, dynamic. _loss_scale =  1.0
Finished iteration 237, CKPT_AND_STOP: False, flag: tensor([0], dtype=torch.int32), speed: 4323.663
8 Overflow !!
8 : update_scale(): _has_overflow, dynamic. _loss_scale =  1.0
Finished iteration 238, CKPT_AND_STOP: False, flag: tensor([0], dtype=torch.int32), speed: 4297.467
8 Overflow !!
8 : update_scale(): _has_overflow, dynamic. _loss_scale =  1.0
Finished iteration 239, CKPT_AND_STOP: False, flag: tensor([0], dtype=torch.int32), speed: 4445.421
8 Overflow !!
8 : update_scale(): _has_overflow, dynamic. _loss_scale =  1.0
Finished iteration 240, CKPT_AND_STOP: False, flag: tensor([0], dtype=torch.int32), speed: 4368.107
8 Overflow !!
8 : update_scale(): _has_overflow, dynamic. _loss_scale =  1.0
Finished iteration 241, CKPT_AND_STOP: False, flag: tensor([0], dtype=torch.int32), speed: 4534.229
8 Overflow !!
8 : update_scale(): _has_overflow, dynamic. _loss_scale =  1.0
Finished iteration 242, CKPT_AND_STOP: False, flag: tensor([0], dtype=torch.int32), speed: 4451.615
8 Overflow !!
8 : update_scale(): _has_overflow, dynamic. _loss_scale =  1.0
Finished iteration 243, CKPT_AND_STOP: False, flag: tensor([0], dtype=torch.int32), speed: 4721.525
8 Overflow !!
8 : update_scale(): _has_overflow, dynamic. _loss_scale =  1.0
Finished iteration 244, CKPT_AND_STOP: False, flag: tensor([0], dtype=torch.int32), speed: 4448.155
8 Overflow !!
8 : update_scale(): _has_overflow, dynamic. _loss_scale =  1.0
Finished iteration 245, CKPT_AND_STOP: False, flag: tensor([0], dtype=torch.int32), speed: 4396.553
8 Overflow !!
8 : update_scale(): _has_overflow, dynamic. _loss_scale =  1.0
Finished iteration 246, CKPT_AND_STOP: False, flag: tensor([0], dtype=torch.int32), speed: 4451.357
8 Overflow !!
8 : update_scale(): _has_overflow, dynamic. _loss_scale =  1.0
Finished iteration 247, CKPT_AND_STOP: False, flag: tensor([0], dtype=torch.int32), speed: 4360.873
8 Overflow !!
8 : update_scale(): _has_overflow, dynamic. _loss_scale =  1.0
Finished iteration 248, CKPT_AND_STOP: False, flag: tensor([0], dtype=torch.int32), speed: 4483.527
8 Overflow !!
8 : update_scale(): _has_overflow, dynamic. _loss_scale =  1.0
Finished iteration 249, CKPT_AND_STOP: False, flag: tensor([0], dtype=torch.int32), speed: 4182.824
8 Overflow !!
8 : update_scale(): _has_overflow, dynamic. _loss_scale =  1.0
Finished iteration 250, CKPT_AND_STOP: False, flag: tensor([0], dtype=torch.int32), speed: 4162.046
8 Overflow !!
8 : update_scale(): _has_overflow, dynamic. _loss_scale =  1.0
Finished iteration 251, CKPT_AND_STOP: False, flag: tensor([0], dtype=torch.int32), speed: 5038.739
Process done with return code -6
Parent process ID: 10437 node: 172.31.23.137
1 per stage
8 servers!
8 8 I am of no use!
Parent process ID: 10770 node: 172.31.23.137
1 per stage
8 servers!
8 8 I am of no use!
Parent process ID: 11092 node: 172.31.23.137
2 per stage
16 servers!
Config:
ranks: range(8, 9)
train batch size: 1024
partitions: 8
chunk_size: 8
data depth: 2
stage to rank map: 0,8;1,9;2,10;3,11;4,12;5,13;6,14;7,15;
World size is 16
/opt/conda/envs/varuna/bin/python -u /home/ubuntu/varuna_examples/DeepLearningExamples/PyTorch/LanguageModeling/BERT/run_pretraining.py --rank=8 --chunk_size=8 --local_rank=0 --stage_to_rank_map=0,8;1,9;2,10;3,11;4,12;5,13;6,14;7,15; --batch-size=512 --input_dir=/hdf5_lower_case_1_seq_len_128_max_pred_20_masked_lm_prob_0.15_random_seed_12345_dupe_factor_5/wikicorpus_en/ --output_dir=s3://spot-checkpoints/bert --config_file=bert_config.json --bert_model=bert-large-uncased --train_batch_size=1024 --max_seq_length=128 --max_predictions_per_seq=20 --max_steps=7038 --warmup_proportion=0.2843 --num_steps_per_checkpoint=200 --learning_rate=6e-3 --seed=12439 --fp16 --gradient_accumulation_steps=128 --allreduce_post_accumulation --allreduce_post_accumulation_fp16 --do_train --json-summary /home/ubuntu/varuna_examples/DeepLearningExamples/PyTorch/LanguageModeling/BERT/results/dllogger.json --varuna --resume_step 193
device: cuda:0 n_gpu: 1, distributed training: True, 16-bits training: True
dry run time 0.8177971839904785
SHARED WEIGHTS ARE
[(0, 7)]
this rank  8 is part of pipeline replica  1
64 chunks
Begin to load checkpint from s3://spot-checkpoints/bert/ckpt_193.pt
2022-11-23 15:15:48.800714 resume step from  193
2022-11-23 15:15:56.868509 - Finished loading checkpoint, takes 8056.014 secs
8 Overflow !!
8 : update_scale(): _has_overflow, dynamic. _loss_scale =  524288.0
Finished iteration 193, CKPT_AND_STOP: False, flag: tensor([0], dtype=torch.int32), speed: 14230.009
8 Overflow !!
8 : update_scale(): _has_overflow, dynamic. _loss_scale =  262144.0
Finished iteration 194, CKPT_AND_STOP: False, flag: tensor([0], dtype=torch.int32), speed: 5453.967
8 Overflow !!
8 : update_scale(): _has_overflow, dynamic. _loss_scale =  131072.0
Finished iteration 195, CKPT_AND_STOP: False, flag: tensor([0], dtype=torch.int32), speed: 5179.358
8 Overflow !!
8 : update_scale(): _has_overflow, dynamic. _loss_scale =  65536.0
Finished iteration 196, CKPT_AND_STOP: False, flag: tensor([0], dtype=torch.int32), speed: 5350.489
8 Overflow !!
8 : update_scale(): _has_overflow, dynamic. _loss_scale =  32768.0
Finished iteration 197, CKPT_AND_STOP: False, flag: tensor([0], dtype=torch.int32), speed: 5423.942
8 Overflow !!
8 : update_scale(): _has_overflow, dynamic. _loss_scale =  16384.0
Finished iteration 198, CKPT_AND_STOP: False, flag: tensor([0], dtype=torch.int32), speed: 4096.566
8 Overflow !!
8 : update_scale(): _has_overflow, dynamic. _loss_scale =  8192.0
Finished iteration 199, CKPT_AND_STOP: False, flag: tensor([0], dtype=torch.int32), speed: 4213.166
8 Overflow !!
8 : update_scale(): _has_overflow, dynamic. _loss_scale =  4096.0
Finished iteration 200, CKPT_AND_STOP: False, flag: tensor([0], dtype=torch.int32), speed: 4345.827
8 Overflow !!
8 : update_scale(): _has_overflow, dynamic. _loss_scale =  2048.0
Finished iteration 201, CKPT_AND_STOP: False, flag: tensor([0], dtype=torch.int32), speed: 4332.947
8 Overflow !!
8 : update_scale(): _has_overflow, dynamic. _loss_scale =  1024.0
Finished iteration 202, CKPT_AND_STOP: False, flag: tensor([0], dtype=torch.int32), speed: 4285.142
8 Overflow !!
8 : update_scale(): _has_overflow, dynamic. _loss_scale =  512.0
Finished iteration 203, CKPT_AND_STOP: False, flag: tensor([0], dtype=torch.int32), speed: 4343.060
8 Overflow !!
8 : update_scale(): _has_overflow, dynamic. _loss_scale =  256.0
Finished iteration 204, CKPT_AND_STOP: False, flag: tensor([0], dtype=torch.int32), speed: 4092.371
8 Overflow !!
8 : update_scale(): _has_overflow, dynamic. _loss_scale =  128.0
Finished iteration 205, CKPT_AND_STOP: False, flag: tensor([0], dtype=torch.int32), speed: 4243.644
8 Overflow !!
8 : update_scale(): _has_overflow, dynamic. _loss_scale =  64.0
Finished iteration 206, CKPT_AND_STOP: False, flag: tensor([0], dtype=torch.int32), speed: 4083.771
8 Overflow !!
8 : update_scale(): _has_overflow, dynamic. _loss_scale =  32.0
Finished iteration 207, CKPT_AND_STOP: False, flag: tensor([0], dtype=torch.int32), speed: 4277.498
8 Overflow !!
8 : update_scale(): _has_overflow, dynamic. _loss_scale =  16.0
Finished iteration 208, CKPT_AND_STOP: False, flag: tensor([0], dtype=torch.int32), speed: 4171.443
8 Overflow !!
8 : update_scale(): _has_overflow, dynamic. _loss_scale =  8.0
Finished iteration 209, CKPT_AND_STOP: False, flag: tensor([0], dtype=torch.int32), speed: 4515.030
8 Overflow !!
8 : update_scale(): _has_overflow, dynamic. _loss_scale =  4.0
Finished iteration 210, CKPT_AND_STOP: False, flag: tensor([0], dtype=torch.int32), speed: 4278.625
8 Overflow !!
8 : update_scale(): _has_overflow, dynamic. _loss_scale =  2.0
Finished iteration 211, CKPT_AND_STOP: False, flag: tensor([0], dtype=torch.int32), speed: 4187.633
8 Overflow !!
8 : update_scale(): _has_overflow, dynamic. _loss_scale =  1.0
Finished iteration 212, CKPT_AND_STOP: False, flag: tensor([0], dtype=torch.int32), speed: 4287.657
8 Overflow !!
8 : update_scale(): _has_overflow, dynamic. _loss_scale =  1.0
Finished iteration 213, CKPT_AND_STOP: False, flag: tensor([0], dtype=torch.int32), speed: 4111.258
8 Overflow !!
8 : update_scale(): _has_overflow, dynamic. _loss_scale =  1.0
Finished iteration 214, CKPT_AND_STOP: False, flag: tensor([0], dtype=torch.int32), speed: 4099.572
8 Overflow !!
8 : update_scale(): _has_overflow, dynamic. _loss_scale =  1.0
Finished iteration 215, CKPT_AND_STOP: False, flag: tensor([0], dtype=torch.int32), speed: 4262.947
8 Overflow !!
8 : update_scale(): _has_overflow, dynamic. _loss_scale =  1.0
Finished iteration 216, CKPT_AND_STOP: False, flag: tensor([0], dtype=torch.int32), speed: 4108.528
8 Overflow !!
8 : update_scale(): _has_overflow, dynamic. _loss_scale =  1.0
Finished iteration 217, CKPT_AND_STOP: False, flag: tensor([0], dtype=torch.int32), speed: 4234.414
8 Overflow !!
8 : update_scale(): _has_overflow, dynamic. _loss_scale =  1.0
Finished iteration 218, CKPT_AND_STOP: False, flag: tensor([0], dtype=torch.int32), speed: 4261.841
8 Overflow !!
8 : update_scale(): _has_overflow, dynamic. _loss_scale =  1.0
Finished iteration 219, CKPT_AND_STOP: False, flag: tensor([0], dtype=torch.int32), speed: 4114.093
8 Overflow !!
8 : update_scale(): _has_overflow, dynamic. _loss_scale =  1.0
Finished iteration 220, CKPT_AND_STOP: False, flag: tensor([0], dtype=torch.int32), speed: 4239.255
8 Overflow !!
8 : update_scale(): _has_overflow, dynamic. _loss_scale =  1.0
Finished iteration 221, CKPT_AND_STOP: False, flag: tensor([0], dtype=torch.int32), speed: 4463.756
8 Overflow !!
8 : update_scale(): _has_overflow, dynamic. _loss_scale =  1.0
Finished iteration 222, CKPT_AND_STOP: False, flag: tensor([2], dtype=torch.int32), speed: 4176.394
2022-11-23 15:18:18.369948 Begin to save checkpont to s3://spot-checkpoints/bert and exit
Opt ckpt time 3.616550922393799
Signal handler called with signal 10


 STOPPING VARUNA !!



Rank 8 signal handler called with signal 10
Process done with return code 0
Parent process ID: 11631 node: 172.31.23.137
2 per stage
16 servers!
Config:
ranks: range(8, 9)
train batch size: 1024
partitions: 8
chunk_size: 8
data depth: 2
stage to rank map: 0,8;1,9;2,10;3,11;4,12;5,13;6,14;7,15;
World size is 16
/opt/conda/envs/varuna/bin/python -u /home/ubuntu/varuna_examples/DeepLearningExamples/PyTorch/LanguageModeling/BERT/run_pretraining.py --rank=8 --chunk_size=8 --local_rank=0 --stage_to_rank_map=0,8;1,9;2,10;3,11;4,12;5,13;6,14;7,15; --batch-size=512 --input_dir=/hdf5_lower_case_1_seq_len_128_max_pred_20_masked_lm_prob_0.15_random_seed_12345_dupe_factor_5/wikicorpus_en/ --output_dir=s3://spot-checkpoints/bert --config_file=bert_config.json --bert_model=bert-large-uncased --train_batch_size=1024 --max_seq_length=128 --max_predictions_per_seq=20 --max_steps=7038 --warmup_proportion=0.2843 --num_steps_per_checkpoint=200 --learning_rate=6e-3 --seed=12439 --fp16 --gradient_accumulation_steps=128 --allreduce_post_accumulation --allreduce_post_accumulation_fp16 --do_train --json-summary /home/ubuntu/varuna_examples/DeepLearningExamples/PyTorch/LanguageModeling/BERT/results/dllogger.json --varuna --resume_step 223
device: cuda:0 n_gpu: 1, distributed training: True, 16-bits training: True
dry run time 0.08944582939147949
SHARED WEIGHTS ARE
[(0, 7)]
this rank  8 is part of pipeline replica  1
64 chunks
Begin to load checkpint from s3://spot-checkpoints/bert/ckpt_223.pt
2022-11-23 15:18:46.869860 resume step from  223
2022-11-23 15:18:56.662594 - Finished loading checkpoint, takes 9781.416 secs
8 Overflow !!
8 : update_scale(): _has_overflow, dynamic. _loss_scale =  524288.0
Finished iteration 223, CKPT_AND_STOP: False, flag: tensor([0], dtype=torch.int32), speed: 17939.760
8 Overflow !!
8 : update_scale(): _has_overflow, dynamic. _loss_scale =  262144.0
Finished iteration 224, CKPT_AND_STOP: False, flag: tensor([0], dtype=torch.int32), speed: 5328.022
8 Overflow !!
8 : update_scale(): _has_overflow, dynamic. _loss_scale =  131072.0
Finished iteration 225, CKPT_AND_STOP: False, flag: tensor([0], dtype=torch.int32), speed: 5299.122
8 Overflow !!
8 : update_scale(): _has_overflow, dynamic. _loss_scale =  65536.0
Finished iteration 226, CKPT_AND_STOP: False, flag: tensor([0], dtype=torch.int32), speed: 5192.230
8 Overflow !!
8 : update_scale(): _has_overflow, dynamic. _loss_scale =  32768.0
Finished iteration 227, CKPT_AND_STOP: False, flag: tensor([0], dtype=torch.int32), speed: 5259.063
8 Overflow !!
8 : update_scale(): _has_overflow, dynamic. _loss_scale =  16384.0
Finished iteration 228, CKPT_AND_STOP: False, flag: tensor([0], dtype=torch.int32), speed: 4405.779
8 Overflow !!
8 : update_scale(): _has_overflow, dynamic. _loss_scale =  8192.0
Finished iteration 229, CKPT_AND_STOP: False, flag: tensor([0], dtype=torch.int32), speed: 4337.673
8 Overflow !!
8 : update_scale(): _has_overflow, dynamic. _loss_scale =  4096.0
Finished iteration 230, CKPT_AND_STOP: False, flag: tensor([0], dtype=torch.int32), speed: 4174.985
8 Overflow !!
8 : update_scale(): _has_overflow, dynamic. _loss_scale =  2048.0
Finished iteration 231, CKPT_AND_STOP: False, flag: tensor([0], dtype=torch.int32), speed: 4236.947
8 Overflow !!
8 : update_scale(): _has_overflow, dynamic. _loss_scale =  1024.0
Finished iteration 232, CKPT_AND_STOP: False, flag: tensor([0], dtype=torch.int32), speed: 4241.885
8 Overflow !!
8 : update_scale(): _has_overflow, dynamic. _loss_scale =  512.0
Finished iteration 233, CKPT_AND_STOP: False, flag: tensor([0], dtype=torch.int32), speed: 4237.843
8 Overflow !!
8 : update_scale(): _has_overflow, dynamic. _loss_scale =  256.0
Finished iteration 234, CKPT_AND_STOP: False, flag: tensor([0], dtype=torch.int32), speed: 4259.562
8 Overflow !!
8 : update_scale(): _has_overflow, dynamic. _loss_scale =  128.0
Finished iteration 235, CKPT_AND_STOP: False, flag: tensor([0], dtype=torch.int32), speed: 4114.009
8 Overflow !!
8 : update_scale(): _has_overflow, dynamic. _loss_scale =  64.0
Finished iteration 236, CKPT_AND_STOP: False, flag: tensor([0], dtype=torch.int32), speed: 4348.317
8 Overflow !!
8 : update_scale(): _has_overflow, dynamic. _loss_scale =  32.0
Finished iteration 237, CKPT_AND_STOP: False, flag: tensor([0], dtype=torch.int32), speed: 4167.091
8 Overflow !!
8 : update_scale(): _has_overflow, dynamic. _loss_scale =  16.0
Finished iteration 238, CKPT_AND_STOP: False, flag: tensor([0], dtype=torch.int32), speed: 4235.063
8 Overflow !!
8 : update_scale(): _has_overflow, dynamic. _loss_scale =  8.0
Finished iteration 239, CKPT_AND_STOP: False, flag: tensor([0], dtype=torch.int32), speed: 4216.170
8 Overflow !!
8 : update_scale(): _has_overflow, dynamic. _loss_scale =  4.0
Finished iteration 240, CKPT_AND_STOP: False, flag: tensor([0], dtype=torch.int32), speed: 4248.955
8 Overflow !!
8 : update_scale(): _has_overflow, dynamic. _loss_scale =  2.0
Finished iteration 241, CKPT_AND_STOP: False, flag: tensor([0], dtype=torch.int32), speed: 4056.053
8 Overflow !!
8 : update_scale(): _has_overflow, dynamic. _loss_scale =  1.0
Finished iteration 242, CKPT_AND_STOP: False, flag: tensor([0], dtype=torch.int32), speed: 4242.891
8 Overflow !!
8 : update_scale(): _has_overflow, dynamic. _loss_scale =  1.0
Finished iteration 243, CKPT_AND_STOP: False, flag: tensor([0], dtype=torch.int32), speed: 4368.866
8 Overflow !!
8 : update_scale(): _has_overflow, dynamic. _loss_scale =  1.0
Finished iteration 244, CKPT_AND_STOP: False, flag: tensor([0], dtype=torch.int32), speed: 4183.388
8 Overflow !!
8 : update_scale(): _has_overflow, dynamic. _loss_scale =  1.0
Finished iteration 245, CKPT_AND_STOP: False, flag: tensor([0], dtype=torch.int32), speed: 4188.601
8 Overflow !!
8 : update_scale(): _has_overflow, dynamic. _loss_scale =  1.0
Finished iteration 246, CKPT_AND_STOP: False, flag: tensor([0], dtype=torch.int32), speed: 4344.533
8 Overflow !!
8 : update_scale(): _has_overflow, dynamic. _loss_scale =  1.0
Finished iteration 247, CKPT_AND_STOP: False, flag: tensor([0], dtype=torch.int32), speed: 4196.479
8 Overflow !!
8 : update_scale(): _has_overflow, dynamic. _loss_scale =  1.0
Finished iteration 248, CKPT_AND_STOP: False, flag: tensor([0], dtype=torch.int32), speed: 4311.804
8 Overflow !!
8 : update_scale(): _has_overflow, dynamic. _loss_scale =  1.0
Finished iteration 249, CKPT_AND_STOP: False, flag: tensor([0], dtype=torch.int32), speed: 4207.722
8 Overflow !!
8 : update_scale(): _has_overflow, dynamic. _loss_scale =  1.0
Finished iteration 250, CKPT_AND_STOP: False, flag: tensor([0], dtype=torch.int32), speed: 4192.737
8 Overflow !!
8 : update_scale(): _has_overflow, dynamic. _loss_scale =  1.0
Finished iteration 251, CKPT_AND_STOP: False, flag: tensor([0], dtype=torch.int32), speed: 4251.301
8 Overflow !!
8 : update_scale(): _has_overflow, dynamic. _loss_scale =  1.0
Finished iteration 252, CKPT_AND_STOP: False, flag: tensor([0], dtype=torch.int32), speed: 4205.799
8 Overflow !!
8 : update_scale(): _has_overflow, dynamic. _loss_scale =  1.0
Finished iteration 253, CKPT_AND_STOP: False, flag: tensor([0], dtype=torch.int32), speed: 4278.144
8 Overflow !!
8 : update_scale(): _has_overflow, dynamic. _loss_scale =  1.0
Finished iteration 254, CKPT_AND_STOP: False, flag: tensor([0], dtype=torch.int32), speed: 4095.631
8 Overflow !!
8 : update_scale(): _has_overflow, dynamic. _loss_scale =  1.0
Finished iteration 255, CKPT_AND_STOP: False, flag: tensor([0], dtype=torch.int32), speed: 4134.431
8 Overflow !!
8 : update_scale(): _has_overflow, dynamic. _loss_scale =  1.0
Finished iteration 256, CKPT_AND_STOP: False, flag: tensor([0], dtype=torch.int32), speed: 4100.635
8 Overflow !!
8 : update_scale(): _has_overflow, dynamic. _loss_scale =  1.0
Finished iteration 257, CKPT_AND_STOP: False, flag: tensor([0], dtype=torch.int32), speed: 4121.065
8 Overflow !!
8 : update_scale(): _has_overflow, dynamic. _loss_scale =  1.0
Finished iteration 258, CKPT_AND_STOP: False, flag: tensor([0], dtype=torch.int32), speed: 4332.015
8 Overflow !!
8 : update_scale(): _has_overflow, dynamic. _loss_scale =  1.0
Finished iteration 259, CKPT_AND_STOP: False, flag: tensor([0], dtype=torch.int32), speed: 4347.417
8 Overflow !!
8 : update_scale(): _has_overflow, dynamic. _loss_scale =  1.0
Finished iteration 260, CKPT_AND_STOP: False, flag: tensor([0], dtype=torch.int32), speed: 4188.321
8 Overflow !!
8 : update_scale(): _has_overflow, dynamic. _loss_scale =  1.0
Finished iteration 261, CKPT_AND_STOP: False, flag: tensor([0], dtype=torch.int32), speed: 4383.940
8 Overflow !!
8 : update_scale(): _has_overflow, dynamic. _loss_scale =  1.0
Finished iteration 262, CKPT_AND_STOP: False, flag: tensor([0], dtype=torch.int32), speed: 4245.113
8 Overflow !!
8 : update_scale(): _has_overflow, dynamic. _loss_scale =  1.0
Finished iteration 263, CKPT_AND_STOP: False, flag: tensor([0], dtype=torch.int32), speed: 4308.530
8 Overflow !!
8 : update_scale(): _has_overflow, dynamic. _loss_scale =  1.0
Finished iteration 264, CKPT_AND_STOP: False, flag: tensor([0], dtype=torch.int32), speed: 4283.757
8 Overflow !!
8 : update_scale(): _has_overflow, dynamic. _loss_scale =  1.0
Finished iteration 265, CKPT_AND_STOP: False, flag: tensor([0], dtype=torch.int32), speed: 4125.824
8 Overflow !!
8 : update_scale(): _has_overflow, dynamic. _loss_scale =  1.0
Finished iteration 266, CKPT_AND_STOP: False, flag: tensor([0], dtype=torch.int32), speed: 4343.415
8 Overflow !!
8 : update_scale(): _has_overflow, dynamic. _loss_scale =  1.0
Finished iteration 267, CKPT_AND_STOP: False, flag: tensor([0], dtype=torch.int32), speed: 4179.500
8 Overflow !!
8 : update_scale(): _has_overflow, dynamic. _loss_scale =  1.0
Finished iteration 268, CKPT_AND_STOP: False, flag: tensor([0], dtype=torch.int32), speed: 4345.910
8 Overflow !!
8 : update_scale(): _has_overflow, dynamic. _loss_scale =  1.0
Finished iteration 269, CKPT_AND_STOP: False, flag: tensor([0], dtype=torch.int32), speed: 4262.215
8 Overflow !!
8 : update_scale(): _has_overflow, dynamic. _loss_scale =  1.0
Finished iteration 270, CKPT_AND_STOP: False, flag: tensor([0], dtype=torch.int32), speed: 4274.814
8 Overflow !!
8 : update_scale(): _has_overflow, dynamic. _loss_scale =  1.0
Finished iteration 271, CKPT_AND_STOP: False, flag: tensor([0], dtype=torch.int32), speed: 4370.032
8 Overflow !!
8 : update_scale(): _has_overflow, dynamic. _loss_scale =  1.0
Finished iteration 272, CKPT_AND_STOP: False, flag: tensor([0], dtype=torch.int32), speed: 4221.457
8 Overflow !!
8 : update_scale(): _has_overflow, dynamic. _loss_scale =  1.0
Finished iteration 273, CKPT_AND_STOP: False, flag: tensor([0], dtype=torch.int32), speed: 4205.156
8 Overflow !!
8 : update_scale(): _has_overflow, dynamic. _loss_scale =  1.0
Finished iteration 274, CKPT_AND_STOP: False, flag: tensor([0], dtype=torch.int32), speed: 4270.826
8 Overflow !!
8 : update_scale(): _has_overflow, dynamic. _loss_scale =  1.0
Finished iteration 275, CKPT_AND_STOP: False, flag: tensor([0], dtype=torch.int32), speed: 4193.814
8 Overflow !!
8 : update_scale(): _has_overflow, dynamic. _loss_scale =  1.0
Finished iteration 276, CKPT_AND_STOP: False, flag: tensor([0], dtype=torch.int32), speed: 4221.745
8 Overflow !!
8 : update_scale(): _has_overflow, dynamic. _loss_scale =  1.0
Finished iteration 277, CKPT_AND_STOP: False, flag: tensor([0], dtype=torch.int32), speed: 4142.680
8 Overflow !!
8 : update_scale(): _has_overflow, dynamic. _loss_scale =  1.0
Finished iteration 278, CKPT_AND_STOP: False, flag: tensor([0], dtype=torch.int32), speed: 4085.715
8 Overflow !!
8 : update_scale(): _has_overflow, dynamic. _loss_scale =  1.0
Finished iteration 279, CKPT_AND_STOP: False, flag: tensor([0], dtype=torch.int32), speed: 4244.342
8 Overflow !!
8 : update_scale(): _has_overflow, dynamic. _loss_scale =  1.0
Finished iteration 280, CKPT_AND_STOP: False, flag: tensor([0], dtype=torch.int32), speed: 4147.873
8 Overflow !!
8 : update_scale(): _has_overflow, dynamic. _loss_scale =  1.0
Finished iteration 281, CKPT_AND_STOP: False, flag: tensor([0], dtype=torch.int32), speed: 4250.136
8 Overflow !!
8 : update_scale(): _has_overflow, dynamic. _loss_scale =  1.0
Finished iteration 282, CKPT_AND_STOP: False, flag: tensor([0], dtype=torch.int32), speed: 4384.672
8 Overflow !!
8 : update_scale(): _has_overflow, dynamic. _loss_scale =  1.0
Finished iteration 283, CKPT_AND_STOP: False, flag: tensor([0], dtype=torch.int32), speed: 4167.049
8 Overflow !!
8 : update_scale(): _has_overflow, dynamic. _loss_scale =  1.0
Finished iteration 284, CKPT_AND_STOP: False, flag: tensor([0], dtype=torch.int32), speed: 4171.202
8 Overflow !!
8 : update_scale(): _has_overflow, dynamic. _loss_scale =  1.0
Finished iteration 285, CKPT_AND_STOP: False, flag: tensor([0], dtype=torch.int32), speed: 5243.800
8 Overflow !!
8 : update_scale(): _has_overflow, dynamic. _loss_scale =  1.0
Finished iteration 286, CKPT_AND_STOP: False, flag: tensor([0], dtype=torch.int32), speed: 4374.342
8 Overflow !!
8 : update_scale(): _has_overflow, dynamic. _loss_scale =  1.0
Finished iteration 287, CKPT_AND_STOP: False, flag: tensor([0], dtype=torch.int32), speed: 4255.795
8 Overflow !!
8 : update_scale(): _has_overflow, dynamic. _loss_scale =  1.0
Finished iteration 288, CKPT_AND_STOP: False, flag: tensor([0], dtype=torch.int32), speed: 4330.528
8 Overflow !!
8 : update_scale(): _has_overflow, dynamic. _loss_scale =  1.0
Finished iteration 289, CKPT_AND_STOP: False, flag: tensor([0], dtype=torch.int32), speed: 4147.682
8 Overflow !!
8 : update_scale(): _has_overflow, dynamic. _loss_scale =  1.0
Finished iteration 290, CKPT_AND_STOP: False, flag: tensor([0], dtype=torch.int32), speed: 4301.104
8 Overflow !!
8 : update_scale(): _has_overflow, dynamic. _loss_scale =  1.0
Finished iteration 291, CKPT_AND_STOP: False, flag: tensor([0], dtype=torch.int32), speed: 4249.183
8 Overflow !!
8 : update_scale(): _has_overflow, dynamic. _loss_scale =  1.0
Finished iteration 292, CKPT_AND_STOP: False, flag: tensor([0], dtype=torch.int32), speed: 4123.810
8 Overflow !!
8 : update_scale(): _has_overflow, dynamic. _loss_scale =  1.0
Finished iteration 293, CKPT_AND_STOP: False, flag: tensor([0], dtype=torch.int32), speed: 4357.387
8 Overflow !!
8 : update_scale(): _has_overflow, dynamic. _loss_scale =  1.0
Finished iteration 294, CKPT_AND_STOP: False, flag: tensor([0], dtype=torch.int32), speed: 4157.030
8 Overflow !!
8 : update_scale(): _has_overflow, dynamic. _loss_scale =  1.0
Finished iteration 295, CKPT_AND_STOP: False, flag: tensor([0], dtype=torch.int32), speed: 4343.627
8 Overflow !!
8 : update_scale(): _has_overflow, dynamic. _loss_scale =  1.0
Finished iteration 296, CKPT_AND_STOP: False, flag: tensor([0], dtype=torch.int32), speed: 4134.298
8 Overflow !!
8 : update_scale(): _has_overflow, dynamic. _loss_scale =  1.0
Finished iteration 297, CKPT_AND_STOP: False, flag: tensor([0], dtype=torch.int32), speed: 4328.184
8 Overflow !!
8 : update_scale(): _has_overflow, dynamic. _loss_scale =  1.0
Finished iteration 298, CKPT_AND_STOP: False, flag: tensor([0], dtype=torch.int32), speed: 4153.074
8 Overflow !!
8 : update_scale(): _has_overflow, dynamic. _loss_scale =  1.0
Finished iteration 299, CKPT_AND_STOP: False, flag: tensor([0], dtype=torch.int32), speed: 4267.010
8 Overflow !!
8 : update_scale(): _has_overflow, dynamic. _loss_scale =  1.0
Finished iteration 300, CKPT_AND_STOP: False, flag: tensor([0], dtype=torch.int32), speed: 4239.595
8 Overflow !!
8 : update_scale(): _has_overflow, dynamic. _loss_scale =  1.0
Finished iteration 301, CKPT_AND_STOP: False, flag: tensor([0], dtype=torch.int32), speed: 4372.660
8 Overflow !!
8 : update_scale(): _has_overflow, dynamic. _loss_scale =  1.0
Finished iteration 302, CKPT_AND_STOP: False, flag: tensor([0], dtype=torch.int32), speed: 4460.570
8 Overflow !!
8 : update_scale(): _has_overflow, dynamic. _loss_scale =  1.0
Finished iteration 303, CKPT_AND_STOP: False, flag: tensor([0], dtype=torch.int32), speed: 4602.103
8 Overflow !!
8 : update_scale(): _has_overflow, dynamic. _loss_scale =  1.0
Finished iteration 304, CKPT_AND_STOP: False, flag: tensor([0], dtype=torch.int32), speed: 4630.522
8 Overflow !!
8 : update_scale(): _has_overflow, dynamic. _loss_scale =  1.0
Finished iteration 305, CKPT_AND_STOP: False, flag: tensor([0], dtype=torch.int32), speed: 4160.675
8 Overflow !!
8 : update_scale(): _has_overflow, dynamic. _loss_scale =  1.0
Finished iteration 306, CKPT_AND_STOP: False, flag: tensor([0], dtype=torch.int32), speed: 4254.587
8 Overflow !!
8 : update_scale(): _has_overflow, dynamic. _loss_scale =  1.0
Finished iteration 307, CKPT_AND_STOP: False, flag: tensor([0], dtype=torch.int32), speed: 4266.958
8 Overflow !!
8 : update_scale(): _has_overflow, dynamic. _loss_scale =  1.0
Finished iteration 308, CKPT_AND_STOP: False, flag: tensor([0], dtype=torch.int32), speed: 4191.588
8 Overflow !!
8 : update_scale(): _has_overflow, dynamic. _loss_scale =  1.0
Finished iteration 309, CKPT_AND_STOP: False, flag: tensor([0], dtype=torch.int32), speed: 4176.903
8 Overflow !!
8 : update_scale(): _has_overflow, dynamic. _loss_scale =  1.0
Finished iteration 310, CKPT_AND_STOP: False, flag: tensor([0], dtype=torch.int32), speed: 4128.026
8 Overflow !!
8 : update_scale(): _has_overflow, dynamic. _loss_scale =  1.0
Finished iteration 311, CKPT_AND_STOP: False, flag: tensor([0], dtype=torch.int32), speed: 4168.458
8 Overflow !!
8 : update_scale(): _has_overflow, dynamic. _loss_scale =  1.0
Finished iteration 312, CKPT_AND_STOP: False, flag: tensor([0], dtype=torch.int32), speed: 4260.181
8 Overflow !!
8 : update_scale(): _has_overflow, dynamic. _loss_scale =  1.0
Finished iteration 313, CKPT_AND_STOP: False, flag: tensor([0], dtype=torch.int32), speed: 4082.204
8 Overflow !!
8 : update_scale(): _has_overflow, dynamic. _loss_scale =  1.0
Finished iteration 314, CKPT_AND_STOP: False, flag: tensor([0], dtype=torch.int32), speed: 4467.808
8 Overflow !!
8 : update_scale(): _has_overflow, dynamic. _loss_scale =  1.0
Finished iteration 315, CKPT_AND_STOP: False, flag: tensor([0], dtype=torch.int32), speed: 4243.540
8 Overflow !!
8 : update_scale(): _has_overflow, dynamic. _loss_scale =  1.0
Finished iteration 316, CKPT_AND_STOP: False, flag: tensor([0], dtype=torch.int32), speed: 4202.629
8 Overflow !!
8 : update_scale(): _has_overflow, dynamic. _loss_scale =  1.0
Finished iteration 317, CKPT_AND_STOP: False, flag: tensor([0], dtype=torch.int32), speed: 4159.625
8 Overflow !!
8 : update_scale(): _has_overflow, dynamic. _loss_scale =  1.0
Finished iteration 318, CKPT_AND_STOP: False, flag: tensor([0], dtype=torch.int32), speed: 4160.491
8 Overflow !!
8 : update_scale(): _has_overflow, dynamic. _loss_scale =  1.0
Finished iteration 319, CKPT_AND_STOP: False, flag: tensor([0], dtype=torch.int32), speed: 4157.496
Process done with return code -6
Parent process ID: 18205 node: 172.31.16.100
1 per stage
8 servers!
8 8 I am of no use!
Parent process ID: 18514 node: 172.31.16.100
2 per stage
16 servers!
Config:
ranks: range(8, 9)
train batch size: 1024
partitions: 8
chunk_size: 8
data depth: 2
stage to rank map: 0,8;1,9;2,10;3,11;4,12;5,13;6,14;7,15;
World size is 16
/opt/conda/envs/varuna/bin/python -u /home/ubuntu/varuna_examples/DeepLearningExamples/PyTorch/LanguageModeling/BERT/run_pretraining.py --rank=8 --chunk_size=8 --local_rank=0 --stage_to_rank_map=0,8;1,9;2,10;3,11;4,12;5,13;6,14;7,15; --batch-size=512 --input_dir=/hdf5_lower_case_1_seq_len_128_max_pred_20_masked_lm_prob_0.15_random_seed_12345_dupe_factor_5/wikicorpus_en/ --output_dir=s3://spot-checkpoints/bert --config_file=bert_config.json --bert_model=bert-large-uncased --train_batch_size=1024 --max_seq_length=128 --max_predictions_per_seq=20 --max_steps=7038 --warmup_proportion=0.2843 --num_steps_per_checkpoint=200 --learning_rate=6e-3 --seed=12439 --fp16 --gradient_accumulation_steps=128 --allreduce_post_accumulation --allreduce_post_accumulation_fp16 --do_train --json-summary /home/ubuntu/varuna_examples/DeepLearningExamples/PyTorch/LanguageModeling/BERT/results/dllogger.json --varuna --resume_step 223
device: cuda:0 n_gpu: 1, distributed training: True, 16-bits training: True
dry run time 0.174591064453125
SHARED WEIGHTS ARE
[(0, 7)]
this rank  8 is part of pipeline replica  1
64 chunks
Begin to load checkpint from s3://spot-checkpoints/bert/ckpt_223.pt
2022-11-23 15:26:44.292775 resume step from  223
2022-11-23 15:26:55.382322 - Finished loading checkpoint, takes 11077.367 secs
8 Overflow !!
8 : update_scale(): _has_overflow, dynamic. _loss_scale =  524288.0
Finished iteration 223, CKPT_AND_STOP: False, flag: tensor([0], dtype=torch.int32), speed: 17868.394
8 Overflow !!
8 : update_scale(): _has_overflow, dynamic. _loss_scale =  262144.0
Finished iteration 224, CKPT_AND_STOP: False, flag: tensor([0], dtype=torch.int32), speed: 5303.742
8 Overflow !!
8 : update_scale(): _has_overflow, dynamic. _loss_scale =  131072.0
Finished iteration 225, CKPT_AND_STOP: False, flag: tensor([0], dtype=torch.int32), speed: 5295.257
8 Overflow !!
8 : update_scale(): _has_overflow, dynamic. _loss_scale =  65536.0
Finished iteration 226, CKPT_AND_STOP: False, flag: tensor([0], dtype=torch.int32), speed: 5232.577
8 Overflow !!
8 : update_scale(): _has_overflow, dynamic. _loss_scale =  32768.0
Finished iteration 227, CKPT_AND_STOP: False, flag: tensor([0], dtype=torch.int32), speed: 5248.559
8 Overflow !!
8 : update_scale(): _has_overflow, dynamic. _loss_scale =  16384.0
Finished iteration 228, CKPT_AND_STOP: False, flag: tensor([0], dtype=torch.int32), speed: 4204.129
8 Overflow !!
8 : update_scale(): _has_overflow, dynamic. _loss_scale =  8192.0
Finished iteration 229, CKPT_AND_STOP: False, flag: tensor([0], dtype=torch.int32), speed: 4267.338
8 Overflow !!
8 : update_scale(): _has_overflow, dynamic. _loss_scale =  4096.0
Finished iteration 230, CKPT_AND_STOP: False, flag: tensor([0], dtype=torch.int32), speed: 4335.149
8 Overflow !!
8 : update_scale(): _has_overflow, dynamic. _loss_scale =  2048.0
Finished iteration 231, CKPT_AND_STOP: False, flag: tensor([0], dtype=torch.int32), speed: 4194.315
8 Overflow !!
8 : update_scale(): _has_overflow, dynamic. _loss_scale =  1024.0
Finished iteration 232, CKPT_AND_STOP: False, flag: tensor([0], dtype=torch.int32), speed: 4416.849
8 Overflow !!
8 : update_scale(): _has_overflow, dynamic. _loss_scale =  512.0
Finished iteration 233, CKPT_AND_STOP: False, flag: tensor([0], dtype=torch.int32), speed: 4281.496
8 Overflow !!
8 : update_scale(): _has_overflow, dynamic. _loss_scale =  256.0
Finished iteration 234, CKPT_AND_STOP: False, flag: tensor([0], dtype=torch.int32), speed: 4484.595
8 Overflow !!
8 : update_scale(): _has_overflow, dynamic. _loss_scale =  128.0
Finished iteration 235, CKPT_AND_STOP: False, flag: tensor([0], dtype=torch.int32), speed: 4308.087
8 Overflow !!
8 : update_scale(): _has_overflow, dynamic. _loss_scale =  64.0
Finished iteration 236, CKPT_AND_STOP: False, flag: tensor([0], dtype=torch.int32), speed: 4184.441
8 Overflow !!
8 : update_scale(): _has_overflow, dynamic. _loss_scale =  32.0
Finished iteration 237, CKPT_AND_STOP: False, flag: tensor([0], dtype=torch.int32), speed: 4227.825
8 Overflow !!
8 : update_scale(): _has_overflow, dynamic. _loss_scale =  16.0
Finished iteration 238, CKPT_AND_STOP: False, flag: tensor([0], dtype=torch.int32), speed: 4193.270
8 Overflow !!
8 : update_scale(): _has_overflow, dynamic. _loss_scale =  8.0
Finished iteration 239, CKPT_AND_STOP: False, flag: tensor([0], dtype=torch.int32), speed: 4277.615
8 Overflow !!
8 : update_scale(): _has_overflow, dynamic. _loss_scale =  4.0
Finished iteration 240, CKPT_AND_STOP: False, flag: tensor([0], dtype=torch.int32), speed: 4162.455
8 Overflow !!
8 : update_scale(): _has_overflow, dynamic. _loss_scale =  2.0
Finished iteration 241, CKPT_AND_STOP: False, flag: tensor([0], dtype=torch.int32), speed: 4248.330
8 Overflow !!
8 : update_scale(): _has_overflow, dynamic. _loss_scale =  1.0
Finished iteration 242, CKPT_AND_STOP: False, flag: tensor([0], dtype=torch.int32), speed: 4257.383
8 Overflow !!
8 : update_scale(): _has_overflow, dynamic. _loss_scale =  1.0
Finished iteration 243, CKPT_AND_STOP: False, flag: tensor([0], dtype=torch.int32), speed: 4242.103
8 Overflow !!
8 : update_scale(): _has_overflow, dynamic. _loss_scale =  1.0
Finished iteration 244, CKPT_AND_STOP: False, flag: tensor([0], dtype=torch.int32), speed: 4158.861
8 Overflow !!
8 : update_scale(): _has_overflow, dynamic. _loss_scale =  1.0
Finished iteration 245, CKPT_AND_STOP: False, flag: tensor([0], dtype=torch.int32), speed: 4165.505
8 Overflow !!
8 : update_scale(): _has_overflow, dynamic. _loss_scale =  1.0
Finished iteration 246, CKPT_AND_STOP: False, flag: tensor([0], dtype=torch.int32), speed: 4037.697
8 Overflow !!
8 : update_scale(): _has_overflow, dynamic. _loss_scale =  1.0
Finished iteration 247, CKPT_AND_STOP: False, flag: tensor([0], dtype=torch.int32), speed: 4312.695
8 Overflow !!
8 : update_scale(): _has_overflow, dynamic. _loss_scale =  1.0
Finished iteration 248, CKPT_AND_STOP: False, flag: tensor([0], dtype=torch.int32), speed: 4285.267
8 Overflow !!
8 : update_scale(): _has_overflow, dynamic. _loss_scale =  1.0
Finished iteration 249, CKPT_AND_STOP: False, flag: tensor([0], dtype=torch.int32), speed: 4302.999
8 Overflow !!
8 : update_scale(): _has_overflow, dynamic. _loss_scale =  1.0
Finished iteration 250, CKPT_AND_STOP: False, flag: tensor([0], dtype=torch.int32), speed: 4138.442
8 Overflow !!
8 : update_scale(): _has_overflow, dynamic. _loss_scale =  1.0
Finished iteration 251, CKPT_AND_STOP: False, flag: tensor([0], dtype=torch.int32), speed: 4137.504
8 Overflow !!
8 : update_scale(): _has_overflow, dynamic. _loss_scale =  1.0
Finished iteration 252, CKPT_AND_STOP: False, flag: tensor([0], dtype=torch.int32), speed: 4069.221
