Parent process ID: 12127 node: 172.31.21.109
2 per stage
16 servers!
Config:
ranks: range(14, 15)
train batch size: 1024
partitions: 8
chunk_size: 8
data depth: 2
stage to rank map: 0,8;1,9;2,10;3,11;4,12;5,13;6,14;7,15;
World size is 16
/opt/conda/envs/varuna/bin/python -u /home/ubuntu/varuna_examples/DeepLearningExamples/PyTorch/LanguageModeling/BERT/run_pretraining.py --rank=14 --chunk_size=8 --local_rank=0 --stage_to_rank_map=0,8;1,9;2,10;3,11;4,12;5,13;6,14;7,15; --batch-size=512 --input_dir=/hdf5_lower_case_1_seq_len_128_max_pred_20_masked_lm_prob_0.15_random_seed_12345_dupe_factor_5/wikicorpus_en/ --output_dir=s3://spot-checkpoints/bert --config_file=bert_config.json --bert_model=bert-large-uncased --train_batch_size=1024 --max_seq_length=128 --max_predictions_per_seq=20 --max_steps=7038 --warmup_proportion=0.2843 --num_steps_per_checkpoint=200 --learning_rate=6e-3 --seed=12439 --fp16 --gradient_accumulation_steps=128 --allreduce_post_accumulation --allreduce_post_accumulation_fp16 --do_train --json-summary /home/ubuntu/varuna_examples/DeepLearningExamples/PyTorch/LanguageModeling/BERT/results/dllogger.json --varuna
device: cuda:0 n_gpu: 1, distributed training: True, 16-bits training: True
dry run time 0.11886167526245117
SHARED WEIGHTS ARE
[(0, 7)]
this rank  14 is part of pipeline replica  1
64 chunks
Finished iteration 0, CKPT_AND_STOP: False, flag: tensor([0], dtype=torch.int32), speed: 10677.926
Finished iteration 1, CKPT_AND_STOP: False, flag: tensor([0], dtype=torch.int32), speed: 5486.586
Finished iteration 2, CKPT_AND_STOP: False, flag: tensor([0], dtype=torch.int32), speed: 5495.654
Finished iteration 3, CKPT_AND_STOP: False, flag: tensor([0], dtype=torch.int32), speed: 5625.492
Finished iteration 4, CKPT_AND_STOP: False, flag: tensor([0], dtype=torch.int32), speed: 5426.950
Finished iteration 5, CKPT_AND_STOP: False, flag: tensor([0], dtype=torch.int32), speed: 4378.738
Finished iteration 6, CKPT_AND_STOP: False, flag: tensor([0], dtype=torch.int32), speed: 4498.457
Finished iteration 7, CKPT_AND_STOP: False, flag: tensor([0], dtype=torch.int32), speed: 4508.177
Finished iteration 8, CKPT_AND_STOP: False, flag: tensor([0], dtype=torch.int32), speed: 4371.364
Finished iteration 9, CKPT_AND_STOP: False, flag: tensor([0], dtype=torch.int32), speed: 4524.930
Finished iteration 10, CKPT_AND_STOP: False, flag: tensor([0], dtype=torch.int32), speed: 4216.264
Finished iteration 11, CKPT_AND_STOP: False, flag: tensor([0], dtype=torch.int32), speed: 4438.550
14 : update_scale(): _has_overflow, dynamic. _loss_scale =  524288.0
Finished iteration 12, CKPT_AND_STOP: False, flag: tensor([0], dtype=torch.int32), speed: 4259.058
14 Overflow !!
14 : update_scale(): _has_overflow, dynamic. _loss_scale =  262144.0
Finished iteration 13, CKPT_AND_STOP: False, flag: tensor([0], dtype=torch.int32), speed: 4247.994
14 Overflow !!
14 : update_scale(): _has_overflow, dynamic. _loss_scale =  131072.0
Finished iteration 14, CKPT_AND_STOP: False, flag: tensor([0], dtype=torch.int32), speed: 4452.726
14 Overflow !!
14 : update_scale(): _has_overflow, dynamic. _loss_scale =  65536.0
Finished iteration 15, CKPT_AND_STOP: False, flag: tensor([0], dtype=torch.int32), speed: 4482.687
14 Overflow !!
14 : update_scale(): _has_overflow, dynamic. _loss_scale =  32768.0
Finished iteration 16, CKPT_AND_STOP: False, flag: tensor([0], dtype=torch.int32), speed: 4324.565
14 Overflow !!
14 : update_scale(): _has_overflow, dynamic. _loss_scale =  16384.0
Finished iteration 17, CKPT_AND_STOP: False, flag: tensor([0], dtype=torch.int32), speed: 4292.544
14 Overflow !!
14 : update_scale(): _has_overflow, dynamic. _loss_scale =  8192.0
Finished iteration 18, CKPT_AND_STOP: False, flag: tensor([0], dtype=torch.int32), speed: 4559.608
14 Overflow !!
14 : update_scale(): _has_overflow, dynamic. _loss_scale =  4096.0
Finished iteration 19, CKPT_AND_STOP: False, flag: tensor([0], dtype=torch.int32), speed: 5294.883
14 Overflow !!
14 : update_scale(): _has_overflow, dynamic. _loss_scale =  2048.0
Finished iteration 20, CKPT_AND_STOP: False, flag: tensor([0], dtype=torch.int32), speed: 4367.145
14 Overflow !!
14 : update_scale(): _has_overflow, dynamic. _loss_scale =  1024.0
Finished iteration 21, CKPT_AND_STOP: False, flag: tensor([0], dtype=torch.int32), speed: 4214.300
14 Overflow !!
14 : update_scale(): _has_overflow, dynamic. _loss_scale =  512.0
Finished iteration 22, CKPT_AND_STOP: False, flag: tensor([0], dtype=torch.int32), speed: 4415.753
14 Overflow !!
14 : update_scale(): _has_overflow, dynamic. _loss_scale =  256.0
Finished iteration 23, CKPT_AND_STOP: False, flag: tensor([0], dtype=torch.int32), speed: 4277.231
14 Overflow !!
14 : update_scale(): _has_overflow, dynamic. _loss_scale =  128.0
Finished iteration 24, CKPT_AND_STOP: False, flag: tensor([0], dtype=torch.int32), speed: 4388.936
14 Overflow !!
14 : update_scale(): _has_overflow, dynamic. _loss_scale =  64.0
Finished iteration 25, CKPT_AND_STOP: False, flag: tensor([0], dtype=torch.int32), speed: 4455.884
14 Overflow !!
14 : update_scale(): _has_overflow, dynamic. _loss_scale =  32.0
Finished iteration 26, CKPT_AND_STOP: False, flag: tensor([0], dtype=torch.int32), speed: 4322.698
14 Overflow !!
14 : update_scale(): _has_overflow, dynamic. _loss_scale =  16.0
Finished iteration 27, CKPT_AND_STOP: False, flag: tensor([0], dtype=torch.int32), speed: 4410.775
14 Overflow !!
14 : update_scale(): _has_overflow, dynamic. _loss_scale =  8.0
Finished iteration 28, CKPT_AND_STOP: False, flag: tensor([0], dtype=torch.int32), speed: 4561.785
14 Overflow !!
14 : update_scale(): _has_overflow, dynamic. _loss_scale =  4.0
Finished iteration 29, CKPT_AND_STOP: False, flag: tensor([0], dtype=torch.int32), speed: 4365.864
14 Overflow !!
14 : update_scale(): _has_overflow, dynamic. _loss_scale =  2.0
Finished iteration 30, CKPT_AND_STOP: False, flag: tensor([0], dtype=torch.int32), speed: 4358.567
14 Overflow !!
14 : update_scale(): _has_overflow, dynamic. _loss_scale =  1.0
Finished iteration 31, CKPT_AND_STOP: False, flag: tensor([0], dtype=torch.int32), speed: 4638.491
14 Overflow !!
14 : update_scale(): _has_overflow, dynamic. _loss_scale =  1.0
Finished iteration 32, CKPT_AND_STOP: False, flag: tensor([0], dtype=torch.int32), speed: 4257.973
14 Overflow !!
14 : update_scale(): _has_overflow, dynamic. _loss_scale =  1.0
Finished iteration 33, CKPT_AND_STOP: False, flag: tensor([0], dtype=torch.int32), speed: 4369.652
14 Overflow !!
14 : update_scale(): _has_overflow, dynamic. _loss_scale =  1.0
Finished iteration 34, CKPT_AND_STOP: False, flag: tensor([0], dtype=torch.int32), speed: 4832.096
14 Overflow !!
14 : update_scale(): _has_overflow, dynamic. _loss_scale =  1.0
Finished iteration 35, CKPT_AND_STOP: False, flag: tensor([0], dtype=torch.int32), speed: 4511.058
14 Overflow !!
14 : update_scale(): _has_overflow, dynamic. _loss_scale =  1.0
Finished iteration 36, CKPT_AND_STOP: False, flag: tensor([0], dtype=torch.int32), speed: 4521.222
14 Overflow !!
14 : update_scale(): _has_overflow, dynamic. _loss_scale =  1.0
Finished iteration 37, CKPT_AND_STOP: False, flag: tensor([0], dtype=torch.int32), speed: 4467.400
14 Overflow !!
14 : update_scale(): _has_overflow, dynamic. _loss_scale =  1.0
Finished iteration 38, CKPT_AND_STOP: False, flag: tensor([0], dtype=torch.int32), speed: 4349.109
14 Overflow !!
14 : update_scale(): _has_overflow, dynamic. _loss_scale =  1.0
Finished iteration 39, CKPT_AND_STOP: False, flag: tensor([0], dtype=torch.int32), speed: 4297.888
14 Overflow !!
14 : update_scale(): _has_overflow, dynamic. _loss_scale =  1.0
Finished iteration 40, CKPT_AND_STOP: False, flag: tensor([0], dtype=torch.int32), speed: 4337.197
14 Overflow !!
14 : update_scale(): _has_overflow, dynamic. _loss_scale =  1.0
Finished iteration 41, CKPT_AND_STOP: False, flag: tensor([0], dtype=torch.int32), speed: 4422.293
14 Overflow !!
14 : update_scale(): _has_overflow, dynamic. _loss_scale =  1.0
Finished iteration 42, CKPT_AND_STOP: False, flag: tensor([0], dtype=torch.int32), speed: 4362.582
14 Overflow !!
14 : update_scale(): _has_overflow, dynamic. _loss_scale =  1.0
Finished iteration 43, CKPT_AND_STOP: False, flag: tensor([0], dtype=torch.int32), speed: 4478.592
14 Overflow !!
14 : update_scale(): _has_overflow, dynamic. _loss_scale =  1.0
Finished iteration 44, CKPT_AND_STOP: False, flag: tensor([0], dtype=torch.int32), speed: 4374.792
14 Overflow !!
14 : update_scale(): _has_overflow, dynamic. _loss_scale =  1.0
Finished iteration 45, CKPT_AND_STOP: False, flag: tensor([0], dtype=torch.int32), speed: 4662.746
14 Overflow !!
14 : update_scale(): _has_overflow, dynamic. _loss_scale =  1.0
Finished iteration 46, CKPT_AND_STOP: False, flag: tensor([0], dtype=torch.int32), speed: 4395.699
14 Overflow !!
14 : update_scale(): _has_overflow, dynamic. _loss_scale =  1.0
Finished iteration 47, CKPT_AND_STOP: False, flag: tensor([3], dtype=torch.int32), speed: 4263.935
2022-11-23 14:43:19.367778 Begin to save checkpont to s3://spot-checkpoints/bert and exit
Signal handler called with signal 10


 STOPPING VARUNA !!



Rank 14 signal handler called with signal 10
Opt ckpt time 8.288714170455933
Process done with return code 0
Parent process ID: 12725 node: 172.31.21.109
2 per stage
16 servers!
Config:
ranks: range(14, 15)
train batch size: 1024
partitions: 8
chunk_size: 8
data depth: 2
stage to rank map: 0,8;1,9;2,10;3,11;4,12;5,13;6,14;7,15;
World size is 16
/opt/conda/envs/varuna/bin/python -u /home/ubuntu/varuna_examples/DeepLearningExamples/PyTorch/LanguageModeling/BERT/run_pretraining.py --rank=14 --chunk_size=8 --local_rank=0 --stage_to_rank_map=0,8;1,9;2,10;3,11;4,12;5,13;6,14;7,15; --batch-size=512 --input_dir=/hdf5_lower_case_1_seq_len_128_max_pred_20_masked_lm_prob_0.15_random_seed_12345_dupe_factor_5/wikicorpus_en/ --output_dir=s3://spot-checkpoints/bert --config_file=bert_config.json --bert_model=bert-large-uncased --train_batch_size=1024 --max_seq_length=128 --max_predictions_per_seq=20 --max_steps=7038 --warmup_proportion=0.2843 --num_steps_per_checkpoint=200 --learning_rate=6e-3 --seed=12439 --fp16 --gradient_accumulation_steps=128 --allreduce_post_accumulation --allreduce_post_accumulation_fp16 --do_train --json-summary /home/ubuntu/varuna_examples/DeepLearningExamples/PyTorch/LanguageModeling/BERT/results/dllogger.json --varuna --resume_step 48
device: cuda:0 n_gpu: 1, distributed training: True, 16-bits training: True
dry run time 0.5720868110656738
SHARED WEIGHTS ARE
[(0, 7)]
this rank  14 is part of pipeline replica  1
64 chunks
Begin to load checkpint from s3://spot-checkpoints/bert/ckpt_48.pt
2022-11-23 14:43:47.755026 resume step from  48
2022-11-23 14:43:54.786474 - Finished loading checkpoint, takes 7019.793 secs
14 Overflow !!
14 : update_scale(): _has_overflow, dynamic. _loss_scale =  524288.0
Finished iteration 48, CKPT_AND_STOP: False, flag: tensor([0], dtype=torch.int32), speed: 15873.597
14 Overflow !!
14 : update_scale(): _has_overflow, dynamic. _loss_scale =  262144.0
Finished iteration 49, CKPT_AND_STOP: False, flag: tensor([0], dtype=torch.int32), speed: 5290.277
14 Overflow !!
14 : update_scale(): _has_overflow, dynamic. _loss_scale =  131072.0
Finished iteration 50, CKPT_AND_STOP: False, flag: tensor([0], dtype=torch.int32), speed: 5417.094
14 Overflow !!
14 : update_scale(): _has_overflow, dynamic. _loss_scale =  65536.0
Finished iteration 51, CKPT_AND_STOP: False, flag: tensor([0], dtype=torch.int32), speed: 5335.069
14 Overflow !!
14 : update_scale(): _has_overflow, dynamic. _loss_scale =  32768.0
Finished iteration 52, CKPT_AND_STOP: False, flag: tensor([0], dtype=torch.int32), speed: 5550.791
14 Overflow !!
14 : update_scale(): _has_overflow, dynamic. _loss_scale =  16384.0
Finished iteration 53, CKPT_AND_STOP: False, flag: tensor([0], dtype=torch.int32), speed: 4425.561
14 Overflow !!
14 : update_scale(): _has_overflow, dynamic. _loss_scale =  8192.0
Finished iteration 54, CKPT_AND_STOP: False, flag: tensor([0], dtype=torch.int32), speed: 5012.002
14 Overflow !!
14 : update_scale(): _has_overflow, dynamic. _loss_scale =  4096.0
Finished iteration 55, CKPT_AND_STOP: False, flag: tensor([0], dtype=torch.int32), speed: 4371.355
14 Overflow !!
14 : update_scale(): _has_overflow, dynamic. _loss_scale =  2048.0
Finished iteration 56, CKPT_AND_STOP: False, flag: tensor([0], dtype=torch.int32), speed: 4263.104
14 Overflow !!
14 : update_scale(): _has_overflow, dynamic. _loss_scale =  1024.0
Finished iteration 57, CKPT_AND_STOP: False, flag: tensor([0], dtype=torch.int32), speed: 4197.673
14 Overflow !!
14 : update_scale(): _has_overflow, dynamic. _loss_scale =  512.0
Finished iteration 58, CKPT_AND_STOP: False, flag: tensor([0], dtype=torch.int32), speed: 4202.442
14 Overflow !!
14 : update_scale(): _has_overflow, dynamic. _loss_scale =  256.0
Finished iteration 59, CKPT_AND_STOP: False, flag: tensor([0], dtype=torch.int32), speed: 4489.629
14 Overflow !!
14 : update_scale(): _has_overflow, dynamic. _loss_scale =  128.0
Finished iteration 60, CKPT_AND_STOP: False, flag: tensor([0], dtype=torch.int32), speed: 4358.326
14 Overflow !!
14 : update_scale(): _has_overflow, dynamic. _loss_scale =  64.0
Finished iteration 61, CKPT_AND_STOP: False, flag: tensor([0], dtype=torch.int32), speed: 4389.274
14 Overflow !!
14 : update_scale(): _has_overflow, dynamic. _loss_scale =  32.0
Finished iteration 62, CKPT_AND_STOP: False, flag: tensor([0], dtype=torch.int32), speed: 4735.147
14 Overflow !!
14 : update_scale(): _has_overflow, dynamic. _loss_scale =  16.0
Finished iteration 63, CKPT_AND_STOP: False, flag: tensor([5], dtype=torch.int32), speed: 4347.293
2022-11-23 14:45:21.088791 Begin to save checkpont to s3://spot-checkpoints/bert and exit
Opt ckpt time 3.408182144165039
Signal handler called with signal 10


 STOPPING VARUNA !!



Rank 14 signal handler called with signal 10
Process done with return code 0
Parent process ID: 13288 node: 172.31.21.109
2 per stage
16 servers!
Config:
ranks: range(14, 15)
train batch size: 1024
partitions: 8
chunk_size: 8
data depth: 2
stage to rank map: 0,8;1,9;2,10;3,11;4,12;5,13;6,14;7,15;
World size is 16
/opt/conda/envs/varuna/bin/python -u /home/ubuntu/varuna_examples/DeepLearningExamples/PyTorch/LanguageModeling/BERT/run_pretraining.py --rank=14 --chunk_size=8 --local_rank=0 --stage_to_rank_map=0,8;1,9;2,10;3,11;4,12;5,13;6,14;7,15; --batch-size=512 --input_dir=/hdf5_lower_case_1_seq_len_128_max_pred_20_masked_lm_prob_0.15_random_seed_12345_dupe_factor_5/wikicorpus_en/ --output_dir=s3://spot-checkpoints/bert --config_file=bert_config.json --bert_model=bert-large-uncased --train_batch_size=1024 --max_seq_length=128 --max_predictions_per_seq=20 --max_steps=7038 --warmup_proportion=0.2843 --num_steps_per_checkpoint=200 --learning_rate=6e-3 --seed=12439 --fp16 --gradient_accumulation_steps=128 --allreduce_post_accumulation --allreduce_post_accumulation_fp16 --do_train --json-summary /home/ubuntu/varuna_examples/DeepLearningExamples/PyTorch/LanguageModeling/BERT/results/dllogger.json --varuna --resume_step 64
device: cuda:0 n_gpu: 1, distributed training: True, 16-bits training: True
dry run time 0.2033863067626953
SHARED WEIGHTS ARE
[(0, 7)]
this rank  14 is part of pipeline replica  1
64 chunks
Begin to load checkpint from s3://spot-checkpoints/bert/ckpt_64.pt
2022-11-23 14:45:49.236851 resume step from  64
2022-11-23 14:45:56.202546 - Finished loading checkpoint, takes 6954.078 secs
14 Overflow !!
14 : update_scale(): _has_overflow, dynamic. _loss_scale =  524288.0
Finished iteration 64, CKPT_AND_STOP: False, flag: tensor([0], dtype=torch.int32), speed: 20585.959
14 Overflow !!
14 : update_scale(): _has_overflow, dynamic. _loss_scale =  262144.0
Finished iteration 65, CKPT_AND_STOP: False, flag: tensor([5], dtype=torch.int32), speed: 5802.252
2022-11-23 14:46:22.627392 Begin to save checkpont to s3://spot-checkpoints/bert and exit
Opt ckpt time 2.9854629039764404
Signal handler called with signal 10


 STOPPING VARUNA !!



Rank 14 signal handler called with signal 10
Process done with return code 0
Parent process ID: 13788 node: 172.31.21.109
2 per stage
16 servers!
Config:
ranks: range(14, 15)
train batch size: 1024
partitions: 8
chunk_size: 8
data depth: 2
stage to rank map: 0,8;1,9;2,10;3,11;4,12;5,13;6,14;7,15;
World size is 16
/opt/conda/envs/varuna/bin/python -u /home/ubuntu/varuna_examples/DeepLearningExamples/PyTorch/LanguageModeling/BERT/run_pretraining.py --rank=14 --chunk_size=8 --local_rank=0 --stage_to_rank_map=0,8;1,9;2,10;3,11;4,12;5,13;6,14;7,15; --batch-size=512 --input_dir=/hdf5_lower_case_1_seq_len_128_max_pred_20_masked_lm_prob_0.15_random_seed_12345_dupe_factor_5/wikicorpus_en/ --output_dir=s3://spot-checkpoints/bert --config_file=bert_config.json --bert_model=bert-large-uncased --train_batch_size=1024 --max_seq_length=128 --max_predictions_per_seq=20 --max_steps=7038 --warmup_proportion=0.2843 --num_steps_per_checkpoint=200 --learning_rate=6e-3 --seed=12439 --fp16 --gradient_accumulation_steps=128 --allreduce_post_accumulation --allreduce_post_accumulation_fp16 --do_train --json-summary /home/ubuntu/varuna_examples/DeepLearningExamples/PyTorch/LanguageModeling/BERT/results/dllogger.json --varuna --resume_step 66
device: cuda:0 n_gpu: 1, distributed training: True, 16-bits training: True
dry run time 0.1504659652709961
SHARED WEIGHTS ARE
[(0, 7)]
this rank  14 is part of pipeline replica  1
64 chunks
Begin to load checkpint from s3://spot-checkpoints/bert/ckpt_66.pt
2022-11-23 14:46:50.669595 resume step from  66
2022-11-23 14:46:57.707449 - Finished loading checkpoint, takes 7026.380 secs
14 Overflow !!
14 : update_scale(): _has_overflow, dynamic. _loss_scale =  524288.0
Finished iteration 66, CKPT_AND_STOP: False, flag: tensor([0], dtype=torch.int32), speed: 21152.591
14 Overflow !!
14 : update_scale(): _has_overflow, dynamic. _loss_scale =  262144.0
Finished iteration 67, CKPT_AND_STOP: False, flag: tensor([0], dtype=torch.int32), speed: 5467.454
14 Overflow !!
14 : update_scale(): _has_overflow, dynamic. _loss_scale =  131072.0
Finished iteration 68, CKPT_AND_STOP: False, flag: tensor([0], dtype=torch.int32), speed: 5708.917
14 Overflow !!
14 : update_scale(): _has_overflow, dynamic. _loss_scale =  65536.0
Finished iteration 69, CKPT_AND_STOP: False, flag: tensor([0], dtype=torch.int32), speed: 5755.612
14 Overflow !!
14 : update_scale(): _has_overflow, dynamic. _loss_scale =  32768.0
Finished iteration 70, CKPT_AND_STOP: False, flag: tensor([0], dtype=torch.int32), speed: 5467.827
14 Overflow !!
14 : update_scale(): _has_overflow, dynamic. _loss_scale =  16384.0
Finished iteration 71, CKPT_AND_STOP: False, flag: tensor([0], dtype=torch.int32), speed: 4322.416
14 Overflow !!
14 : update_scale(): _has_overflow, dynamic. _loss_scale =  8192.0
Finished iteration 72, CKPT_AND_STOP: False, flag: tensor([0], dtype=torch.int32), speed: 4308.673
14 Overflow !!
14 : update_scale(): _has_overflow, dynamic. _loss_scale =  4096.0
Finished iteration 73, CKPT_AND_STOP: False, flag: tensor([0], dtype=torch.int32), speed: 4279.545
14 Overflow !!
14 : update_scale(): _has_overflow, dynamic. _loss_scale =  2048.0
Finished iteration 74, CKPT_AND_STOP: False, flag: tensor([0], dtype=torch.int32), speed: 4458.797
14 Overflow !!
14 : update_scale(): _has_overflow, dynamic. _loss_scale =  1024.0
Finished iteration 75, CKPT_AND_STOP: False, flag: tensor([0], dtype=torch.int32), speed: 4304.637
14 Overflow !!
14 : update_scale(): _has_overflow, dynamic. _loss_scale =  512.0
Finished iteration 76, CKPT_AND_STOP: False, flag: tensor([0], dtype=torch.int32), speed: 4330.599
14 Overflow !!
14 : update_scale(): _has_overflow, dynamic. _loss_scale =  256.0
Finished iteration 77, CKPT_AND_STOP: False, flag: tensor([0], dtype=torch.int32), speed: 4257.203
14 Overflow !!
14 : update_scale(): _has_overflow, dynamic. _loss_scale =  128.0
Finished iteration 78, CKPT_AND_STOP: False, flag: tensor([0], dtype=torch.int32), speed: 4307.582
14 Overflow !!
14 : update_scale(): _has_overflow, dynamic. _loss_scale =  64.0
Finished iteration 79, CKPT_AND_STOP: False, flag: tensor([0], dtype=torch.int32), speed: 4240.018
14 Overflow !!
14 : update_scale(): _has_overflow, dynamic. _loss_scale =  32.0
Finished iteration 80, CKPT_AND_STOP: False, flag: tensor([0], dtype=torch.int32), speed: 4337.132
14 Overflow !!
14 : update_scale(): _has_overflow, dynamic. _loss_scale =  16.0
Finished iteration 81, CKPT_AND_STOP: False, flag: tensor([0], dtype=torch.int32), speed: 4384.718
14 Overflow !!
14 : update_scale(): _has_overflow, dynamic. _loss_scale =  8.0
Finished iteration 82, CKPT_AND_STOP: False, flag: tensor([0], dtype=torch.int32), speed: 4352.550
14 Overflow !!
14 : update_scale(): _has_overflow, dynamic. _loss_scale =  4.0
Finished iteration 83, CKPT_AND_STOP: False, flag: tensor([0], dtype=torch.int32), speed: 4165.169
14 Overflow !!
14 : update_scale(): _has_overflow, dynamic. _loss_scale =  2.0
Finished iteration 84, CKPT_AND_STOP: False, flag: tensor([0], dtype=torch.int32), speed: 4387.592
14 Overflow !!
14 : update_scale(): _has_overflow, dynamic. _loss_scale =  1.0
Finished iteration 85, CKPT_AND_STOP: False, flag: tensor([0], dtype=torch.int32), speed: 4289.124
14 Overflow !!
14 : update_scale(): _has_overflow, dynamic. _loss_scale =  1.0
Finished iteration 86, CKPT_AND_STOP: False, flag: tensor([0], dtype=torch.int32), speed: 4403.857
14 Overflow !!
14 : update_scale(): _has_overflow, dynamic. _loss_scale =  1.0
Finished iteration 87, CKPT_AND_STOP: False, flag: tensor([0], dtype=torch.int32), speed: 4337.458
14 Overflow !!
14 : update_scale(): _has_overflow, dynamic. _loss_scale =  1.0
Finished iteration 88, CKPT_AND_STOP: False, flag: tensor([0], dtype=torch.int32), speed: 4501.363
14 Overflow !!
14 : update_scale(): _has_overflow, dynamic. _loss_scale =  1.0
Finished iteration 89, CKPT_AND_STOP: False, flag: tensor([0], dtype=torch.int32), speed: 4357.165
14 Overflow !!
14 : update_scale(): _has_overflow, dynamic. _loss_scale =  1.0
Finished iteration 90, CKPT_AND_STOP: False, flag: tensor([0], dtype=torch.int32), speed: 4361.836
14 Overflow !!
14 : update_scale(): _has_overflow, dynamic. _loss_scale =  1.0
Finished iteration 91, CKPT_AND_STOP: False, flag: tensor([0], dtype=torch.int32), speed: 4574.512
14 Overflow !!
14 : update_scale(): _has_overflow, dynamic. _loss_scale =  1.0
Finished iteration 92, CKPT_AND_STOP: False, flag: tensor([0], dtype=torch.int32), speed: 4419.255
14 Overflow !!
14 : update_scale(): _has_overflow, dynamic. _loss_scale =  1.0
Finished iteration 93, CKPT_AND_STOP: False, flag: tensor([4], dtype=torch.int32), speed: 4340.348
2022-11-23 14:49:21.326771 Begin to save checkpont to s3://spot-checkpoints/bert and exit
Opt ckpt time 3.2047932147979736
Signal handler called with signal 10


 STOPPING VARUNA !!



Rank 14 signal handler called with signal 10
Process done with return code 0
Parent process ID: 14394 node: 172.31.21.109
2 per stage
16 servers!
Config:
ranks: range(14, 15)
train batch size: 1024
partitions: 8
chunk_size: 8
data depth: 2
stage to rank map: 0,8;1,9;2,10;3,11;4,12;5,13;6,14;7,15;
World size is 16
/opt/conda/envs/varuna/bin/python -u /home/ubuntu/varuna_examples/DeepLearningExamples/PyTorch/LanguageModeling/BERT/run_pretraining.py --rank=14 --chunk_size=8 --local_rank=0 --stage_to_rank_map=0,8;1,9;2,10;3,11;4,12;5,13;6,14;7,15; --batch-size=512 --input_dir=/hdf5_lower_case_1_seq_len_128_max_pred_20_masked_lm_prob_0.15_random_seed_12345_dupe_factor_5/wikicorpus_en/ --output_dir=s3://spot-checkpoints/bert --config_file=bert_config.json --bert_model=bert-large-uncased --train_batch_size=1024 --max_seq_length=128 --max_predictions_per_seq=20 --max_steps=7038 --warmup_proportion=0.2843 --num_steps_per_checkpoint=200 --learning_rate=6e-3 --seed=12439 --fp16 --gradient_accumulation_steps=128 --allreduce_post_accumulation --allreduce_post_accumulation_fp16 --do_train --json-summary /home/ubuntu/varuna_examples/DeepLearningExamples/PyTorch/LanguageModeling/BERT/results/dllogger.json --varuna --resume_step 94
device: cuda:0 n_gpu: 1, distributed training: True, 16-bits training: True
dry run time 0.07700061798095703
SHARED WEIGHTS ARE
[(0, 7)]
this rank  14 is part of pipeline replica  1
64 chunks
Begin to load checkpint from s3://spot-checkpoints/bert/ckpt_94.pt
2022-11-23 14:49:51.024754 resume step from  94
2022-11-23 14:50:03.354849 - Finished loading checkpoint, takes 12318.956 secs
14 Overflow !!
14 : update_scale(): _has_overflow, dynamic. _loss_scale =  524288.0
Finished iteration 94, CKPT_AND_STOP: False, flag: tensor([2], dtype=torch.int32), speed: 15701.152
2022-11-23 14:50:19.093335 Begin to save checkpont to s3://spot-checkpoints/bert and exit
Opt ckpt time 4.20491623878479
Signal handler called with signal 10


 STOPPING VARUNA !!



Rank 14 signal handler called with signal 10
Process done with return code 0
Parent process ID: 14896 node: 172.31.21.109
3 per stage
24 servers!
Config:
ranks: range(14, 15)
train batch size: 1024
partitions: 8
chunk_size: 8
data depth: 3
stage to rank map: 0,8,16;1,9,17;2,10,18;3,11,19;4,12,20;5,13,21;6,14,22;7,15,23;
World size is 24
/opt/conda/envs/varuna/bin/python -u /home/ubuntu/varuna_examples/DeepLearningExamples/PyTorch/LanguageModeling/BERT/run_pretraining.py --rank=14 --chunk_size=8 --local_rank=0 --stage_to_rank_map=0,8,16;1,9,17;2,10,18;3,11,19;4,12,20;5,13,21;6,14,22;7,15,23; --batch-size=341 --input_dir=/hdf5_lower_case_1_seq_len_128_max_pred_20_masked_lm_prob_0.15_random_seed_12345_dupe_factor_5/wikicorpus_en/ --output_dir=s3://spot-checkpoints/bert --config_file=bert_config.json --bert_model=bert-large-uncased --train_batch_size=1024 --max_seq_length=128 --max_predictions_per_seq=20 --max_steps=7038 --warmup_proportion=0.2843 --num_steps_per_checkpoint=200 --learning_rate=6e-3 --seed=12439 --fp16 --gradient_accumulation_steps=128 --allreduce_post_accumulation --allreduce_post_accumulation_fp16 --do_train --json-summary /home/ubuntu/varuna_examples/DeepLearningExamples/PyTorch/LanguageModeling/BERT/results/dllogger.json --varuna --resume_step 95
device: cuda:0 n_gpu: 1, distributed training: True, 16-bits training: True
dry run time 0.15987539291381836
SHARED WEIGHTS ARE
[(0, 7)]
this rank  14 is part of pipeline replica  1
43 chunks
Begin to load checkpint from s3://spot-checkpoints/bert/ckpt_95.pt
2022-11-23 14:50:50.814339 resume step from  95
2022-11-23 14:50:57.619035 - Finished loading checkpoint, takes 6793.555 secs
14 Overflow !!
14 : update_scale(): _has_overflow, dynamic. _loss_scale =  524288.0
Finished iteration 95, CKPT_AND_STOP: False, flag: tensor([0], dtype=torch.int32), speed: 17061.490
14 Overflow !!
14 : update_scale(): _has_overflow, dynamic. _loss_scale =  262144.0
Finished iteration 96, CKPT_AND_STOP: False, flag: tensor([0], dtype=torch.int32), speed: 4192.560
14 Overflow !!
14 : update_scale(): _has_overflow, dynamic. _loss_scale =  131072.0
Finished iteration 97, CKPT_AND_STOP: False, flag: tensor([0], dtype=torch.int32), speed: 4191.988
14 Overflow !!
14 : update_scale(): _has_overflow, dynamic. _loss_scale =  65536.0
Finished iteration 98, CKPT_AND_STOP: False, flag: tensor([0], dtype=torch.int32), speed: 4249.425
14 Overflow !!
14 : update_scale(): _has_overflow, dynamic. _loss_scale =  32768.0
Finished iteration 99, CKPT_AND_STOP: False, flag: tensor([0], dtype=torch.int32), speed: 4179.607
14 Overflow !!
14 : update_scale(): _has_overflow, dynamic. _loss_scale =  16384.0
Finished iteration 100, CKPT_AND_STOP: False, flag: tensor([0], dtype=torch.int32), speed: 3264.697
14 Overflow !!
14 : update_scale(): _has_overflow, dynamic. _loss_scale =  8192.0
Finished iteration 101, CKPT_AND_STOP: False, flag: tensor([0], dtype=torch.int32), speed: 3237.920
14 Overflow !!
14 : update_scale(): _has_overflow, dynamic. _loss_scale =  4096.0
Finished iteration 102, CKPT_AND_STOP: False, flag: tensor([0], dtype=torch.int32), speed: 3427.776
14 Overflow !!
14 : update_scale(): _has_overflow, dynamic. _loss_scale =  2048.0
Finished iteration 103, CKPT_AND_STOP: False, flag: tensor([0], dtype=torch.int32), speed: 3263.710
14 Overflow !!
14 : update_scale(): _has_overflow, dynamic. _loss_scale =  1024.0
Finished iteration 104, CKPT_AND_STOP: False, flag: tensor([0], dtype=torch.int32), speed: 3127.898
14 Overflow !!
14 : update_scale(): _has_overflow, dynamic. _loss_scale =  512.0
Finished iteration 105, CKPT_AND_STOP: False, flag: tensor([0], dtype=torch.int32), speed: 3098.948
14 Overflow !!
14 : update_scale(): _has_overflow, dynamic. _loss_scale =  256.0
Finished iteration 106, CKPT_AND_STOP: False, flag: tensor([0], dtype=torch.int32), speed: 3205.024
14 Overflow !!
14 : update_scale(): _has_overflow, dynamic. _loss_scale =  128.0
Finished iteration 107, CKPT_AND_STOP: False, flag: tensor([0], dtype=torch.int32), speed: 3134.196
14 Overflow !!
14 : update_scale(): _has_overflow, dynamic. _loss_scale =  64.0
Finished iteration 108, CKPT_AND_STOP: False, flag: tensor([0], dtype=torch.int32), speed: 3167.020
14 Overflow !!
14 : update_scale(): _has_overflow, dynamic. _loss_scale =  32.0
Finished iteration 109, CKPT_AND_STOP: False, flag: tensor([0], dtype=torch.int32), speed: 3380.093
14 Overflow !!
14 : update_scale(): _has_overflow, dynamic. _loss_scale =  16.0
Finished iteration 110, CKPT_AND_STOP: False, flag: tensor([0], dtype=torch.int32), speed: 3088.627
14 Overflow !!
14 : update_scale(): _has_overflow, dynamic. _loss_scale =  8.0
Finished iteration 111, CKPT_AND_STOP: False, flag: tensor([0], dtype=torch.int32), speed: 3181.273
14 Overflow !!
14 : update_scale(): _has_overflow, dynamic. _loss_scale =  4.0
Finished iteration 112, CKPT_AND_STOP: False, flag: tensor([0], dtype=torch.int32), speed: 3336.196
14 Overflow !!
14 : update_scale(): _has_overflow, dynamic. _loss_scale =  2.0
Finished iteration 113, CKPT_AND_STOP: False, flag: tensor([0], dtype=torch.int32), speed: 3153.948
14 Overflow !!
14 : update_scale(): _has_overflow, dynamic. _loss_scale =  1.0
Finished iteration 114, CKPT_AND_STOP: False, flag: tensor([0], dtype=torch.int32), speed: 3212.311
14 Overflow !!
14 : update_scale(): _has_overflow, dynamic. _loss_scale =  1.0
Finished iteration 115, CKPT_AND_STOP: False, flag: tensor([0], dtype=torch.int32), speed: 3153.266
14 Overflow !!
14 : update_scale(): _has_overflow, dynamic. _loss_scale =  1.0
Finished iteration 116, CKPT_AND_STOP: False, flag: tensor([0], dtype=torch.int32), speed: 3224.502
14 Overflow !!
14 : update_scale(): _has_overflow, dynamic. _loss_scale =  1.0
Finished iteration 117, CKPT_AND_STOP: False, flag: tensor([0], dtype=torch.int32), speed: 3179.686
14 Overflow !!
14 : update_scale(): _has_overflow, dynamic. _loss_scale =  1.0
Finished iteration 118, CKPT_AND_STOP: False, flag: tensor([0], dtype=torch.int32), speed: 3122.762
14 Overflow !!
14 : update_scale(): _has_overflow, dynamic. _loss_scale =  1.0
Finished iteration 119, CKPT_AND_STOP: False, flag: tensor([0], dtype=torch.int32), speed: 3121.770
14 Overflow !!
14 : update_scale(): _has_overflow, dynamic. _loss_scale =  1.0
Finished iteration 120, CKPT_AND_STOP: False, flag: tensor([0], dtype=torch.int32), speed: 3175.445
14 Overflow !!
14 : update_scale(): _has_overflow, dynamic. _loss_scale =  1.0
Finished iteration 121, CKPT_AND_STOP: False, flag: tensor([0], dtype=torch.int32), speed: 3163.038
14 Overflow !!
14 : update_scale(): _has_overflow, dynamic. _loss_scale =  1.0
Finished iteration 122, CKPT_AND_STOP: False, flag: tensor([0], dtype=torch.int32), speed: 3088.923
14 Overflow !!
14 : update_scale(): _has_overflow, dynamic. _loss_scale =  1.0
Finished iteration 123, CKPT_AND_STOP: False, flag: tensor([0], dtype=torch.int32), speed: 3170.525
14 Overflow !!
14 : update_scale(): _has_overflow, dynamic. _loss_scale =  1.0
Finished iteration 124, CKPT_AND_STOP: False, flag: tensor([0], dtype=torch.int32), speed: 3175.857
14 Overflow !!
14 : update_scale(): _has_overflow, dynamic. _loss_scale =  1.0
Finished iteration 125, CKPT_AND_STOP: False, flag: tensor([0], dtype=torch.int32), speed: 4008.165
14 Overflow !!
14 : update_scale(): _has_overflow, dynamic. _loss_scale =  1.0
Finished iteration 126, CKPT_AND_STOP: False, flag: tensor([0], dtype=torch.int32), speed: 3129.881
14 Overflow !!
14 : update_scale(): _has_overflow, dynamic. _loss_scale =  1.0
Finished iteration 127, CKPT_AND_STOP: False, flag: tensor([0], dtype=torch.int32), speed: 3395.613
14 Overflow !!
14 : update_scale(): _has_overflow, dynamic. _loss_scale =  1.0
Finished iteration 128, CKPT_AND_STOP: False, flag: tensor([0], dtype=torch.int32), speed: 3254.227
14 Overflow !!
14 : update_scale(): _has_overflow, dynamic. _loss_scale =  1.0
Finished iteration 129, CKPT_AND_STOP: False, flag: tensor([0], dtype=torch.int32), speed: 3288.872
14 Overflow !!
14 : update_scale(): _has_overflow, dynamic. _loss_scale =  1.0
Finished iteration 130, CKPT_AND_STOP: False, flag: tensor([0], dtype=torch.int32), speed: 3093.226
14 Overflow !!
14 : update_scale(): _has_overflow, dynamic. _loss_scale =  1.0
Finished iteration 131, CKPT_AND_STOP: False, flag: tensor([0], dtype=torch.int32), speed: 3171.598
14 Overflow !!
14 : update_scale(): _has_overflow, dynamic. _loss_scale =  1.0
Finished iteration 132, CKPT_AND_STOP: False, flag: tensor([0], dtype=torch.int32), speed: 3171.412
14 Overflow !!
14 : update_scale(): _has_overflow, dynamic. _loss_scale =  1.0
Finished iteration 133, CKPT_AND_STOP: False, flag: tensor([0], dtype=torch.int32), speed: 3284.651
14 Overflow !!
14 : update_scale(): _has_overflow, dynamic. _loss_scale =  1.0
Finished iteration 134, CKPT_AND_STOP: False, flag: tensor([0], dtype=torch.int32), speed: 3315.725
14 Overflow !!
14 : update_scale(): _has_overflow, dynamic. _loss_scale =  1.0
Finished iteration 135, CKPT_AND_STOP: False, flag: tensor([0], dtype=torch.int32), speed: 3368.344
14 Overflow !!
14 : update_scale(): _has_overflow, dynamic. _loss_scale =  1.0
Finished iteration 136, CKPT_AND_STOP: False, flag: tensor([0], dtype=torch.int32), speed: 3158.247
14 Overflow !!
14 : update_scale(): _has_overflow, dynamic. _loss_scale =  1.0
Finished iteration 137, CKPT_AND_STOP: False, flag: tensor([0], dtype=torch.int32), speed: 3173.642
14 Overflow !!
14 : update_scale(): _has_overflow, dynamic. _loss_scale =  1.0
Finished iteration 138, CKPT_AND_STOP: False, flag: tensor([0], dtype=torch.int32), speed: 3230.608
14 Overflow !!
14 : update_scale(): _has_overflow, dynamic. _loss_scale =  1.0
Finished iteration 139, CKPT_AND_STOP: False, flag: tensor([0], dtype=torch.int32), speed: 3947.765
14 Overflow !!
14 : update_scale(): _has_overflow, dynamic. _loss_scale =  1.0
Finished iteration 140, CKPT_AND_STOP: False, flag: tensor([0], dtype=torch.int32), speed: 3200.749
14 Overflow !!
14 : update_scale(): _has_overflow, dynamic. _loss_scale =  1.0
Finished iteration 141, CKPT_AND_STOP: False, flag: tensor([1], dtype=torch.int32), speed: 3198.284
2022-11-23 14:53:47.781202 Begin to save checkpont to s3://spot-checkpoints/bert and exit
Opt ckpt time 2.7495455741882324
Process done with return code 0
Parent process ID: 9678 node: 172.31.16.5
2 per stage
16 servers!
Config:
ranks: range(14, 15)
train batch size: 1024
partitions: 8
chunk_size: 8
data depth: 2
stage to rank map: 0,8;1,9;2,10;3,11;4,12;5,13;6,14;7,15;
World size is 16
/opt/conda/envs/varuna/bin/python -u /home/ubuntu/varuna_examples/DeepLearningExamples/PyTorch/LanguageModeling/BERT/run_pretraining.py --rank=14 --chunk_size=8 --local_rank=0 --stage_to_rank_map=0,8;1,9;2,10;3,11;4,12;5,13;6,14;7,15; --batch-size=512 --input_dir=/hdf5_lower_case_1_seq_len_128_max_pred_20_masked_lm_prob_0.15_random_seed_12345_dupe_factor_5/wikicorpus_en/ --output_dir=s3://spot-checkpoints/bert --config_file=bert_config.json --bert_model=bert-large-uncased --train_batch_size=1024 --max_seq_length=128 --max_predictions_per_seq=20 --max_steps=7038 --warmup_proportion=0.2843 --num_steps_per_checkpoint=200 --learning_rate=6e-3 --seed=12439 --fp16 --gradient_accumulation_steps=128 --allreduce_post_accumulation --allreduce_post_accumulation_fp16 --do_train --json-summary /home/ubuntu/varuna_examples/DeepLearningExamples/PyTorch/LanguageModeling/BERT/results/dllogger.json --varuna --resume_step 142
device: cuda:0 n_gpu: 1, distributed training: True, 16-bits training: True
dry run time 0.14770913124084473
SHARED WEIGHTS ARE
[(0, 7)]
this rank  14 is part of pipeline replica  1
64 chunks
Begin to load checkpint from s3://spot-checkpoints/bert/ckpt_142.pt
2022-11-23 14:54:21.994722 resume step from  142
2022-11-23 14:54:30.268995 - Finished loading checkpoint, takes 8263.055 secs
14 Overflow !!
14 : update_scale(): _has_overflow, dynamic. _loss_scale =  524288.0
Finished iteration 142, CKPT_AND_STOP: False, flag: tensor([0], dtype=torch.int32), speed: 20349.229
14 Overflow !!
14 : update_scale(): _has_overflow, dynamic. _loss_scale =  262144.0
Finished iteration 143, CKPT_AND_STOP: False, flag: tensor([0], dtype=torch.int32), speed: 5308.378
14 Overflow !!
14 : update_scale(): _has_overflow, dynamic. _loss_scale =  131072.0
Finished iteration 144, CKPT_AND_STOP: False, flag: tensor([0], dtype=torch.int32), speed: 5364.776
14 Overflow !!
14 : update_scale(): _has_overflow, dynamic. _loss_scale =  65536.0
Finished iteration 145, CKPT_AND_STOP: False, flag: tensor([0], dtype=torch.int32), speed: 5468.404
14 Overflow !!
14 : update_scale(): _has_overflow, dynamic. _loss_scale =  32768.0
Finished iteration 146, CKPT_AND_STOP: False, flag: tensor([0], dtype=torch.int32), speed: 5312.131
14 Overflow !!
14 : update_scale(): _has_overflow, dynamic. _loss_scale =  16384.0
Finished iteration 147, CKPT_AND_STOP: False, flag: tensor([0], dtype=torch.int32), speed: 4520.029
14 Overflow !!
14 : update_scale(): _has_overflow, dynamic. _loss_scale =  8192.0
Finished iteration 148, CKPT_AND_STOP: False, flag: tensor([0], dtype=torch.int32), speed: 4417.219
14 Overflow !!
14 : update_scale(): _has_overflow, dynamic. _loss_scale =  4096.0
Finished iteration 149, CKPT_AND_STOP: False, flag: tensor([0], dtype=torch.int32), speed: 4490.081
14 Overflow !!
14 : update_scale(): _has_overflow, dynamic. _loss_scale =  2048.0
Finished iteration 150, CKPT_AND_STOP: False, flag: tensor([0], dtype=torch.int32), speed: 4447.311
14 Overflow !!
14 : update_scale(): _has_overflow, dynamic. _loss_scale =  1024.0
Finished iteration 151, CKPT_AND_STOP: False, flag: tensor([0], dtype=torch.int32), speed: 4419.840
14 Overflow !!
14 : update_scale(): _has_overflow, dynamic. _loss_scale =  512.0
Finished iteration 152, CKPT_AND_STOP: False, flag: tensor([0], dtype=torch.int32), speed: 4532.109
14 Overflow !!
14 : update_scale(): _has_overflow, dynamic. _loss_scale =  256.0
Finished iteration 153, CKPT_AND_STOP: False, flag: tensor([0], dtype=torch.int32), speed: 4301.162
14 Overflow !!
14 : update_scale(): _has_overflow, dynamic. _loss_scale =  128.0
Finished iteration 154, CKPT_AND_STOP: False, flag: tensor([1], dtype=torch.int32), speed: 4217.152
2022-11-23 14:55:47.467163 Begin to save checkpont to s3://spot-checkpoints/bert and exit
Opt ckpt time 3.3064918518066406
Process done with return code 0
Parent process ID: 8786 node: 172.31.26.140
2 per stage
16 servers!
Config:
ranks: range(14, 15)
train batch size: 1024
partitions: 8
chunk_size: 8
data depth: 2
stage to rank map: 0,8;1,9;2,10;3,11;4,12;5,13;6,14;7,15;
World size is 16
/opt/conda/envs/varuna/bin/python -u /home/ubuntu/varuna_examples/DeepLearningExamples/PyTorch/LanguageModeling/BERT/run_pretraining.py --rank=14 --chunk_size=8 --local_rank=0 --stage_to_rank_map=0,8;1,9;2,10;3,11;4,12;5,13;6,14;7,15; --batch-size=512 --input_dir=/hdf5_lower_case_1_seq_len_128_max_pred_20_masked_lm_prob_0.15_random_seed_12345_dupe_factor_5/wikicorpus_en/ --output_dir=s3://spot-checkpoints/bert --config_file=bert_config.json --bert_model=bert-large-uncased --train_batch_size=1024 --max_seq_length=128 --max_predictions_per_seq=20 --max_steps=7038 --warmup_proportion=0.2843 --num_steps_per_checkpoint=200 --learning_rate=6e-3 --seed=12439 --fp16 --gradient_accumulation_steps=128 --allreduce_post_accumulation --allreduce_post_accumulation_fp16 --do_train --json-summary /home/ubuntu/varuna_examples/DeepLearningExamples/PyTorch/LanguageModeling/BERT/results/dllogger.json --varuna --resume_step 155
device: cuda:0 n_gpu: 1, distributed training: True, 16-bits training: True
dry run time 0.15688467025756836
SHARED WEIGHTS ARE
[(0, 7)]
this rank  14 is part of pipeline replica  1
64 chunks
Begin to load checkpint from s3://spot-checkpoints/bert/ckpt_155.pt
2022-11-23 14:56:18.439435 resume step from  155
2022-11-23 14:56:25.484265 - Finished loading checkpoint, takes 7033.644 secs
14 Overflow !!
14 : update_scale(): _has_overflow, dynamic. _loss_scale =  524288.0
Finished iteration 155, CKPT_AND_STOP: False, flag: tensor([0], dtype=torch.int32), speed: 16332.216
14 Overflow !!
14 : update_scale(): _has_overflow, dynamic. _loss_scale =  262144.0
Finished iteration 156, CKPT_AND_STOP: False, flag: tensor([0], dtype=torch.int32), speed: 6396.346
14 Overflow !!
14 : update_scale(): _has_overflow, dynamic. _loss_scale =  131072.0
Finished iteration 157, CKPT_AND_STOP: False, flag: tensor([0], dtype=torch.int32), speed: 5540.632
14 Overflow !!
14 : update_scale(): _has_overflow, dynamic. _loss_scale =  65536.0
Finished iteration 158, CKPT_AND_STOP: False, flag: tensor([0], dtype=torch.int32), speed: 5612.813
14 Overflow !!
14 : update_scale(): _has_overflow, dynamic. _loss_scale =  32768.0
Finished iteration 159, CKPT_AND_STOP: False, flag: tensor([0], dtype=torch.int32), speed: 5541.610
14 Overflow !!
14 : update_scale(): _has_overflow, dynamic. _loss_scale =  16384.0
Finished iteration 160, CKPT_AND_STOP: False, flag: tensor([0], dtype=torch.int32), speed: 4417.522
14 Overflow !!
14 : update_scale(): _has_overflow, dynamic. _loss_scale =  8192.0
Finished iteration 161, CKPT_AND_STOP: False, flag: tensor([0], dtype=torch.int32), speed: 4159.753
14 Overflow !!
14 : update_scale(): _has_overflow, dynamic. _loss_scale =  4096.0
Finished iteration 162, CKPT_AND_STOP: False, flag: tensor([0], dtype=torch.int32), speed: 4444.428
14 Overflow !!
14 : update_scale(): _has_overflow, dynamic. _loss_scale =  2048.0
Finished iteration 163, CKPT_AND_STOP: False, flag: tensor([0], dtype=torch.int32), speed: 4356.346
14 Overflow !!
14 : update_scale(): _has_overflow, dynamic. _loss_scale =  1024.0
Finished iteration 164, CKPT_AND_STOP: False, flag: tensor([0], dtype=torch.int32), speed: 4492.298
14 Overflow !!
14 : update_scale(): _has_overflow, dynamic. _loss_scale =  512.0
Finished iteration 165, CKPT_AND_STOP: False, flag: tensor([0], dtype=torch.int32), speed: 4434.684
14 Overflow !!
14 : update_scale(): _has_overflow, dynamic. _loss_scale =  256.0
Finished iteration 166, CKPT_AND_STOP: False, flag: tensor([0], dtype=torch.int32), speed: 4468.025
14 Overflow !!
14 : update_scale(): _has_overflow, dynamic. _loss_scale =  128.0
Finished iteration 167, CKPT_AND_STOP: False, flag: tensor([0], dtype=torch.int32), speed: 5416.429
14 Overflow !!
14 : update_scale(): _has_overflow, dynamic. _loss_scale =  64.0
Finished iteration 168, CKPT_AND_STOP: False, flag: tensor([0], dtype=torch.int32), speed: 4521.257
14 Overflow !!
14 : update_scale(): _has_overflow, dynamic. _loss_scale =  32.0
Finished iteration 169, CKPT_AND_STOP: False, flag: tensor([0], dtype=torch.int32), speed: 4489.074
14 Overflow !!
14 : update_scale(): _has_overflow, dynamic. _loss_scale =  16.0
Finished iteration 170, CKPT_AND_STOP: False, flag: tensor([0], dtype=torch.int32), speed: 4175.962
14 Overflow !!
14 : update_scale(): _has_overflow, dynamic. _loss_scale =  8.0
Finished iteration 171, CKPT_AND_STOP: False, flag: tensor([0], dtype=torch.int32), speed: 4528.759
14 Overflow !!
14 : update_scale(): _has_overflow, dynamic. _loss_scale =  4.0
Finished iteration 172, CKPT_AND_STOP: False, flag: tensor([0], dtype=torch.int32), speed: 4408.096
14 Overflow !!
14 : update_scale(): _has_overflow, dynamic. _loss_scale =  2.0
Finished iteration 173, CKPT_AND_STOP: False, flag: tensor([0], dtype=torch.int32), speed: 4426.483
14 Overflow !!
14 : update_scale(): _has_overflow, dynamic. _loss_scale =  1.0
Finished iteration 174, CKPT_AND_STOP: False, flag: tensor([0], dtype=torch.int32), speed: 4473.192
14 Overflow !!
14 : update_scale(): _has_overflow, dynamic. _loss_scale =  1.0
Finished iteration 175, CKPT_AND_STOP: False, flag: tensor([0], dtype=torch.int32), speed: 4418.919
14 Overflow !!
14 : update_scale(): _has_overflow, dynamic. _loss_scale =  1.0
Finished iteration 176, CKPT_AND_STOP: False, flag: tensor([0], dtype=torch.int32), speed: 4482.553
14 Overflow !!
14 : update_scale(): _has_overflow, dynamic. _loss_scale =  1.0
Finished iteration 177, CKPT_AND_STOP: False, flag: tensor([0], dtype=torch.int32), speed: 4498.023
14 Overflow !!
14 : update_scale(): _has_overflow, dynamic. _loss_scale =  1.0
Finished iteration 178, CKPT_AND_STOP: False, flag: tensor([0], dtype=torch.int32), speed: 4490.362
14 Overflow !!
14 : update_scale(): _has_overflow, dynamic. _loss_scale =  1.0
Finished iteration 179, CKPT_AND_STOP: False, flag: tensor([0], dtype=torch.int32), speed: 4577.501
14 Overflow !!
14 : update_scale(): _has_overflow, dynamic. _loss_scale =  1.0
Finished iteration 180, CKPT_AND_STOP: False, flag: tensor([0], dtype=torch.int32), speed: 4436.410
14 Overflow !!
14 : update_scale(): _has_overflow, dynamic. _loss_scale =  1.0
Finished iteration 181, CKPT_AND_STOP: False, flag: tensor([0], dtype=torch.int32), speed: 4788.259
14 Overflow !!
14 : update_scale(): _has_overflow, dynamic. _loss_scale =  1.0
Finished iteration 182, CKPT_AND_STOP: False, flag: tensor([0], dtype=torch.int32), speed: 4440.806
14 Overflow !!
14 : update_scale(): _has_overflow, dynamic. _loss_scale =  1.0
Finished iteration 183, CKPT_AND_STOP: False, flag: tensor([0], dtype=torch.int32), speed: 4354.586
14 Overflow !!
14 : update_scale(): _has_overflow, dynamic. _loss_scale =  1.0
Finished iteration 184, CKPT_AND_STOP: False, flag: tensor([0], dtype=torch.int32), speed: 4745.724
14 Overflow !!
14 : update_scale(): _has_overflow, dynamic. _loss_scale =  1.0
Finished iteration 185, CKPT_AND_STOP: False, flag: tensor([0], dtype=torch.int32), speed: 4556.685
14 Overflow !!
14 : update_scale(): _has_overflow, dynamic. _loss_scale =  1.0
Finished iteration 186, CKPT_AND_STOP: False, flag: tensor([0], dtype=torch.int32), speed: 4326.715
14 Overflow !!
14 : update_scale(): _has_overflow, dynamic. _loss_scale =  1.0
Finished iteration 187, CKPT_AND_STOP: False, flag: tensor([0], dtype=torch.int32), speed: 4426.490
14 Overflow !!
14 : update_scale(): _has_overflow, dynamic. _loss_scale =  1.0
Finished iteration 188, CKPT_AND_STOP: False, flag: tensor([0], dtype=torch.int32), speed: 4442.591
14 Overflow !!
14 : update_scale(): _has_overflow, dynamic. _loss_scale =  1.0
Finished iteration 189, CKPT_AND_STOP: False, flag: tensor([0], dtype=torch.int32), speed: 4740.021
14 Overflow !!
14 : update_scale(): _has_overflow, dynamic. _loss_scale =  1.0
Finished iteration 190, CKPT_AND_STOP: False, flag: tensor([0], dtype=torch.int32), speed: 4304.224
14 Overflow !!
14 : update_scale(): _has_overflow, dynamic. _loss_scale =  1.0
Finished iteration 191, CKPT_AND_STOP: False, flag: tensor([0], dtype=torch.int32), speed: 4178.835
14 Overflow !!
14 : update_scale(): _has_overflow, dynamic. _loss_scale =  1.0
Finished iteration 192, CKPT_AND_STOP: False, flag: tensor([0], dtype=torch.int32), speed: 4235.659
14 Overflow !!
14 : update_scale(): _has_overflow, dynamic. _loss_scale =  1.0
Finished iteration 193, CKPT_AND_STOP: False, flag: tensor([0], dtype=torch.int32), speed: 4292.725
14 Overflow !!
14 : update_scale(): _has_overflow, dynamic. _loss_scale =  1.0
Finished iteration 194, CKPT_AND_STOP: False, flag: tensor([0], dtype=torch.int32), speed: 4401.258
14 Overflow !!
14 : update_scale(): _has_overflow, dynamic. _loss_scale =  1.0
Finished iteration 195, CKPT_AND_STOP: False, flag: tensor([0], dtype=torch.int32), speed: 4260.159
14 Overflow !!
14 : update_scale(): _has_overflow, dynamic. _loss_scale =  1.0
Finished iteration 196, CKPT_AND_STOP: False, flag: tensor([0], dtype=torch.int32), speed: 4641.262
14 Overflow !!
14 : update_scale(): _has_overflow, dynamic. _loss_scale =  1.0
Finished iteration 197, CKPT_AND_STOP: False, flag: tensor([0], dtype=torch.int32), speed: 4344.211
14 Overflow !!
14 : update_scale(): _has_overflow, dynamic. _loss_scale =  1.0
Finished iteration 198, CKPT_AND_STOP: False, flag: tensor([0], dtype=torch.int32), speed: 4251.364
14 Overflow !!
14 : update_scale(): _has_overflow, dynamic. _loss_scale =  1.0
Finished iteration 199, CKPT_AND_STOP: False, flag: tensor([0], dtype=torch.int32), speed: 4325.806
14 Overflow !!
14 : update_scale(): _has_overflow, dynamic. _loss_scale =  1.0
Finished iteration 200, CKPT_AND_STOP: False, flag: tensor([0], dtype=torch.int32), speed: 4227.334
14 Overflow !!
14 : update_scale(): _has_overflow, dynamic. _loss_scale =  1.0
Finished iteration 201, CKPT_AND_STOP: False, flag: tensor([0], dtype=torch.int32), speed: 4226.047
14 Overflow !!
14 : update_scale(): _has_overflow, dynamic. _loss_scale =  1.0
Finished iteration 202, CKPT_AND_STOP: False, flag: tensor([0], dtype=torch.int32), speed: 4279.518
14 Overflow !!
14 : update_scale(): _has_overflow, dynamic. _loss_scale =  1.0
Finished iteration 203, CKPT_AND_STOP: False, flag: tensor([0], dtype=torch.int32), speed: 4453.615
14 Overflow !!
14 : update_scale(): _has_overflow, dynamic. _loss_scale =  1.0
Finished iteration 204, CKPT_AND_STOP: False, flag: tensor([0], dtype=torch.int32), speed: 4417.430
14 Overflow !!
14 : update_scale(): _has_overflow, dynamic. _loss_scale =  1.0
Finished iteration 205, CKPT_AND_STOP: False, flag: tensor([0], dtype=torch.int32), speed: 4747.250
14 Overflow !!
14 : update_scale(): _has_overflow, dynamic. _loss_scale =  1.0
Finished iteration 206, CKPT_AND_STOP: False, flag: tensor([0], dtype=torch.int32), speed: 5259.650
14 Overflow !!
14 : update_scale(): _has_overflow, dynamic. _loss_scale =  1.0
Finished iteration 207, CKPT_AND_STOP: False, flag: tensor([0], dtype=torch.int32), speed: 4377.362
14 Overflow !!
14 : update_scale(): _has_overflow, dynamic. _loss_scale =  1.0
Finished iteration 208, CKPT_AND_STOP: False, flag: tensor([0], dtype=torch.int32), speed: 4293.970
14 Overflow !!
14 : update_scale(): _has_overflow, dynamic. _loss_scale =  1.0
Finished iteration 209, CKPT_AND_STOP: False, flag: tensor([0], dtype=torch.int32), speed: 4287.548
14 Overflow !!
14 : update_scale(): _has_overflow, dynamic. _loss_scale =  1.0
Finished iteration 210, CKPT_AND_STOP: False, flag: tensor([0], dtype=torch.int32), speed: 4209.572
14 Overflow !!
14 : update_scale(): _has_overflow, dynamic. _loss_scale =  1.0
Finished iteration 211, CKPT_AND_STOP: False, flag: tensor([0], dtype=torch.int32), speed: 4606.442
14 Overflow !!
14 : update_scale(): _has_overflow, dynamic. _loss_scale =  1.0
Finished iteration 212, CKPT_AND_STOP: False, flag: tensor([0], dtype=torch.int32), speed: 4402.008
14 Overflow !!
14 : update_scale(): _has_overflow, dynamic. _loss_scale =  1.0
Finished iteration 213, CKPT_AND_STOP: False, flag: tensor([0], dtype=torch.int32), speed: 4524.242
14 Overflow !!
14 : update_scale(): _has_overflow, dynamic. _loss_scale =  1.0
Finished iteration 214, CKPT_AND_STOP: False, flag: tensor([0], dtype=torch.int32), speed: 5035.924
14 Overflow !!
14 : update_scale(): _has_overflow, dynamic. _loss_scale =  1.0
Finished iteration 215, CKPT_AND_STOP: False, flag: tensor([0], dtype=torch.int32), speed: 4543.800
14 Overflow !!
14 : update_scale(): _has_overflow, dynamic. _loss_scale =  1.0
Finished iteration 216, CKPT_AND_STOP: False, flag: tensor([0], dtype=torch.int32), speed: 4708.530
14 Overflow !!
14 : update_scale(): _has_overflow, dynamic. _loss_scale =  1.0
Finished iteration 217, CKPT_AND_STOP: False, flag: tensor([0], dtype=torch.int32), speed: 4251.081
14 Overflow !!
14 : update_scale(): _has_overflow, dynamic. _loss_scale =  1.0
Finished iteration 218, CKPT_AND_STOP: False, flag: tensor([0], dtype=torch.int32), speed: 4239.930
14 Overflow !!
14 : update_scale(): _has_overflow, dynamic. _loss_scale =  1.0
Finished iteration 219, CKPT_AND_STOP: False, flag: tensor([0], dtype=torch.int32), speed: 4424.334
14 Overflow !!
14 : update_scale(): _has_overflow, dynamic. _loss_scale =  1.0
Finished iteration 220, CKPT_AND_STOP: False, flag: tensor([0], dtype=torch.int32), speed: 4582.633
14 Overflow !!
14 : update_scale(): _has_overflow, dynamic. _loss_scale =  1.0
Finished iteration 221, CKPT_AND_STOP: False, flag: tensor([0], dtype=torch.int32), speed: 4335.800
14 Overflow !!
14 : update_scale(): _has_overflow, dynamic. _loss_scale =  1.0
Finished iteration 222, CKPT_AND_STOP: False, flag: tensor([0], dtype=torch.int32), speed: 4826.645
14 Overflow !!
14 : update_scale(): _has_overflow, dynamic. _loss_scale =  1.0
Finished iteration 223, CKPT_AND_STOP: False, flag: tensor([0], dtype=torch.int32), speed: 4489.168
14 Overflow !!
14 : update_scale(): _has_overflow, dynamic. _loss_scale =  1.0
Finished iteration 224, CKPT_AND_STOP: False, flag: tensor([0], dtype=torch.int32), speed: 4449.497
14 Overflow !!
14 : update_scale(): _has_overflow, dynamic. _loss_scale =  1.0
Finished iteration 225, CKPT_AND_STOP: False, flag: tensor([0], dtype=torch.int32), speed: 4487.870
14 Overflow !!
14 : update_scale(): _has_overflow, dynamic. _loss_scale =  1.0
Finished iteration 226, CKPT_AND_STOP: False, flag: tensor([0], dtype=torch.int32), speed: 4261.611
14 Overflow !!
14 : update_scale(): _has_overflow, dynamic. _loss_scale =  1.0
Finished iteration 227, CKPT_AND_STOP: False, flag: tensor([0], dtype=torch.int32), speed: 4402.397
14 Overflow !!
14 : update_scale(): _has_overflow, dynamic. _loss_scale =  1.0
Finished iteration 228, CKPT_AND_STOP: False, flag: tensor([0], dtype=torch.int32), speed: 4485.996
14 Overflow !!
14 : update_scale(): _has_overflow, dynamic. _loss_scale =  1.0
Finished iteration 229, CKPT_AND_STOP: False, flag: tensor([0], dtype=torch.int32), speed: 4547.585
14 Overflow !!
14 : update_scale(): _has_overflow, dynamic. _loss_scale =  1.0
Finished iteration 230, CKPT_AND_STOP: False, flag: tensor([0], dtype=torch.int32), speed: 4302.742
14 Overflow !!
14 : update_scale(): _has_overflow, dynamic. _loss_scale =  1.0
Finished iteration 231, CKPT_AND_STOP: False, flag: tensor([0], dtype=torch.int32), speed: 4148.172
14 Overflow !!
14 : update_scale(): _has_overflow, dynamic. _loss_scale =  1.0
Finished iteration 232, CKPT_AND_STOP: False, flag: tensor([0], dtype=torch.int32), speed: 4321.975
14 Overflow !!
14 : update_scale(): _has_overflow, dynamic. _loss_scale =  1.0
Finished iteration 233, CKPT_AND_STOP: False, flag: tensor([0], dtype=torch.int32), speed: 4368.072
14 Overflow !!
14 : update_scale(): _has_overflow, dynamic. _loss_scale =  1.0
Finished iteration 234, CKPT_AND_STOP: False, flag: tensor([0], dtype=torch.int32), speed: 4445.660
14 Overflow !!
14 : update_scale(): _has_overflow, dynamic. _loss_scale =  1.0
Finished iteration 235, CKPT_AND_STOP: False, flag: tensor([0], dtype=torch.int32), speed: 4196.228
14 Overflow !!
14 : update_scale(): _has_overflow, dynamic. _loss_scale =  1.0
Finished iteration 236, CKPT_AND_STOP: False, flag: tensor([0], dtype=torch.int32), speed: 4271.103
14 Overflow !!
14 : update_scale(): _has_overflow, dynamic. _loss_scale =  1.0
Finished iteration 237, CKPT_AND_STOP: False, flag: tensor([0], dtype=torch.int32), speed: 4323.703
14 Overflow !!
14 : update_scale(): _has_overflow, dynamic. _loss_scale =  1.0
Finished iteration 238, CKPT_AND_STOP: False, flag: tensor([0], dtype=torch.int32), speed: 4297.430
14 Overflow !!
14 : update_scale(): _has_overflow, dynamic. _loss_scale =  1.0
Finished iteration 239, CKPT_AND_STOP: False, flag: tensor([0], dtype=torch.int32), speed: 4445.390
14 Overflow !!
14 : update_scale(): _has_overflow, dynamic. _loss_scale =  1.0
Finished iteration 240, CKPT_AND_STOP: False, flag: tensor([0], dtype=torch.int32), speed: 4368.100
14 Overflow !!
14 : update_scale(): _has_overflow, dynamic. _loss_scale =  1.0
Finished iteration 241, CKPT_AND_STOP: False, flag: tensor([0], dtype=torch.int32), speed: 4534.189
14 Overflow !!
14 : update_scale(): _has_overflow, dynamic. _loss_scale =  1.0
Finished iteration 242, CKPT_AND_STOP: False, flag: tensor([0], dtype=torch.int32), speed: 4451.628
14 Overflow !!
14 : update_scale(): _has_overflow, dynamic. _loss_scale =  1.0
Finished iteration 243, CKPT_AND_STOP: False, flag: tensor([0], dtype=torch.int32), speed: 4721.450
14 Overflow !!
14 : update_scale(): _has_overflow, dynamic. _loss_scale =  1.0
Finished iteration 244, CKPT_AND_STOP: False, flag: tensor([0], dtype=torch.int32), speed: 4448.173
14 Overflow !!
14 : update_scale(): _has_overflow, dynamic. _loss_scale =  1.0
Finished iteration 245, CKPT_AND_STOP: False, flag: tensor([0], dtype=torch.int32), speed: 4396.421
14 Overflow !!
14 : update_scale(): _has_overflow, dynamic. _loss_scale =  1.0
Finished iteration 246, CKPT_AND_STOP: False, flag: tensor([0], dtype=torch.int32), speed: 4451.529
14 Overflow !!
14 : update_scale(): _has_overflow, dynamic. _loss_scale =  1.0
Finished iteration 247, CKPT_AND_STOP: False, flag: tensor([0], dtype=torch.int32), speed: 4360.729
14 Overflow !!
14 : update_scale(): _has_overflow, dynamic. _loss_scale =  1.0
Finished iteration 248, CKPT_AND_STOP: False, flag: tensor([0], dtype=torch.int32), speed: 4483.618
14 Overflow !!
14 : update_scale(): _has_overflow, dynamic. _loss_scale =  1.0
Finished iteration 249, CKPT_AND_STOP: False, flag: tensor([0], dtype=torch.int32), speed: 4182.795
14 Overflow !!
14 : update_scale(): _has_overflow, dynamic. _loss_scale =  1.0
Finished iteration 250, CKPT_AND_STOP: False, flag: tensor([0], dtype=torch.int32), speed: 4162.154
14 Overflow !!
14 : update_scale(): _has_overflow, dynamic. _loss_scale =  1.0
Finished iteration 251, CKPT_AND_STOP: False, flag: tensor([0], dtype=torch.int32), speed: 5038.570
Process done with return code 1
Parent process ID: 16005 node: 172.31.19.112
2 per stage
16 servers!
Config:
ranks: range(14, 15)
train batch size: 1024
partitions: 8
chunk_size: 8
data depth: 2
stage to rank map: 0,8;1,9;2,10;3,11;4,12;5,13;6,14;7,15;
World size is 16
/opt/conda/envs/varuna/bin/python -u /home/ubuntu/varuna_examples/DeepLearningExamples/PyTorch/LanguageModeling/BERT/run_pretraining.py --rank=14 --chunk_size=8 --local_rank=0 --stage_to_rank_map=0,8;1,9;2,10;3,11;4,12;5,13;6,14;7,15; --batch-size=512 --input_dir=/hdf5_lower_case_1_seq_len_128_max_pred_20_masked_lm_prob_0.15_random_seed_12345_dupe_factor_5/wikicorpus_en/ --output_dir=s3://spot-checkpoints/bert --config_file=bert_config.json --bert_model=bert-large-uncased --train_batch_size=1024 --max_seq_length=128 --max_predictions_per_seq=20 --max_steps=7038 --warmup_proportion=0.2843 --num_steps_per_checkpoint=200 --learning_rate=6e-3 --seed=12439 --fp16 --gradient_accumulation_steps=128 --allreduce_post_accumulation --allreduce_post_accumulation_fp16 --do_train --json-summary /home/ubuntu/varuna_examples/DeepLearningExamples/PyTorch/LanguageModeling/BERT/results/dllogger.json --varuna --resume_step 193
device: cuda:0 n_gpu: 1, distributed training: True, 16-bits training: True
dry run time 0.7848491668701172
SHARED WEIGHTS ARE
[(0, 7)]
this rank  14 is part of pipeline replica  1
64 chunks
Begin to load checkpint from s3://spot-checkpoints/bert/ckpt_193.pt
2022-11-23 15:15:48.863838 resume step from  193
2022-11-23 15:15:54.716133 - Finished loading checkpoint, takes 5840.631 secs
14 Overflow !!
14 : update_scale(): _has_overflow, dynamic. _loss_scale =  524288.0
Finished iteration 193, CKPT_AND_STOP: False, flag: tensor([0], dtype=torch.int32), speed: 16381.563
14 Overflow !!
14 : update_scale(): _has_overflow, dynamic. _loss_scale =  262144.0
Finished iteration 194, CKPT_AND_STOP: False, flag: tensor([0], dtype=torch.int32), speed: 5453.989
14 Overflow !!
14 : update_scale(): _has_overflow, dynamic. _loss_scale =  131072.0
Finished iteration 195, CKPT_AND_STOP: False, flag: tensor([0], dtype=torch.int32), speed: 5179.578
14 Overflow !!
14 : update_scale(): _has_overflow, dynamic. _loss_scale =  65536.0
Finished iteration 196, CKPT_AND_STOP: False, flag: tensor([0], dtype=torch.int32), speed: 5350.330
14 Overflow !!
14 : update_scale(): _has_overflow, dynamic. _loss_scale =  32768.0
Finished iteration 197, CKPT_AND_STOP: False, flag: tensor([0], dtype=torch.int32), speed: 5423.795
14 Overflow !!
14 : update_scale(): _has_overflow, dynamic. _loss_scale =  16384.0
Finished iteration 198, CKPT_AND_STOP: False, flag: tensor([0], dtype=torch.int32), speed: 4096.945
14 Overflow !!
14 : update_scale(): _has_overflow, dynamic. _loss_scale =  8192.0
Finished iteration 199, CKPT_AND_STOP: False, flag: tensor([0], dtype=torch.int32), speed: 4213.172
14 Overflow !!
14 : update_scale(): _has_overflow, dynamic. _loss_scale =  4096.0
Finished iteration 200, CKPT_AND_STOP: False, flag: tensor([0], dtype=torch.int32), speed: 4345.666
14 Overflow !!
14 : update_scale(): _has_overflow, dynamic. _loss_scale =  2048.0
Finished iteration 201, CKPT_AND_STOP: False, flag: tensor([0], dtype=torch.int32), speed: 4333.059
14 Overflow !!
14 : update_scale(): _has_overflow, dynamic. _loss_scale =  1024.0
Finished iteration 202, CKPT_AND_STOP: False, flag: tensor([0], dtype=torch.int32), speed: 4285.174
14 Overflow !!
14 : update_scale(): _has_overflow, dynamic. _loss_scale =  512.0
Finished iteration 203, CKPT_AND_STOP: False, flag: tensor([0], dtype=torch.int32), speed: 4343.103
14 Overflow !!
14 : update_scale(): _has_overflow, dynamic. _loss_scale =  256.0
Finished iteration 204, CKPT_AND_STOP: False, flag: tensor([0], dtype=torch.int32), speed: 4092.358
14 Overflow !!
14 : update_scale(): _has_overflow, dynamic. _loss_scale =  128.0
Finished iteration 205, CKPT_AND_STOP: False, flag: tensor([0], dtype=torch.int32), speed: 4243.582
14 Overflow !!
14 : update_scale(): _has_overflow, dynamic. _loss_scale =  64.0
Finished iteration 206, CKPT_AND_STOP: False, flag: tensor([0], dtype=torch.int32), speed: 4083.776
14 Overflow !!
14 : update_scale(): _has_overflow, dynamic. _loss_scale =  32.0
Finished iteration 207, CKPT_AND_STOP: False, flag: tensor([0], dtype=torch.int32), speed: 4277.357
14 Overflow !!
14 : update_scale(): _has_overflow, dynamic. _loss_scale =  16.0
Finished iteration 208, CKPT_AND_STOP: False, flag: tensor([0], dtype=torch.int32), speed: 4171.591
14 Overflow !!
14 : update_scale(): _has_overflow, dynamic. _loss_scale =  8.0
Finished iteration 209, CKPT_AND_STOP: False, flag: tensor([0], dtype=torch.int32), speed: 4515.012
14 Overflow !!
14 : update_scale(): _has_overflow, dynamic. _loss_scale =  4.0
Finished iteration 210, CKPT_AND_STOP: False, flag: tensor([0], dtype=torch.int32), speed: 4278.550
14 Overflow !!
14 : update_scale(): _has_overflow, dynamic. _loss_scale =  2.0
Finished iteration 211, CKPT_AND_STOP: False, flag: tensor([0], dtype=torch.int32), speed: 4187.780
14 Overflow !!
14 : update_scale(): _has_overflow, dynamic. _loss_scale =  1.0
Finished iteration 212, CKPT_AND_STOP: False, flag: tensor([0], dtype=torch.int32), speed: 4287.407
14 Overflow !!
14 : update_scale(): _has_overflow, dynamic. _loss_scale =  1.0
Finished iteration 213, CKPT_AND_STOP: False, flag: tensor([0], dtype=torch.int32), speed: 4111.344
14 Overflow !!
14 : update_scale(): _has_overflow, dynamic. _loss_scale =  1.0
Finished iteration 214, CKPT_AND_STOP: False, flag: tensor([0], dtype=torch.int32), speed: 4099.635
14 Overflow !!
14 : update_scale(): _has_overflow, dynamic. _loss_scale =  1.0
Finished iteration 215, CKPT_AND_STOP: False, flag: tensor([0], dtype=torch.int32), speed: 4262.891
14 Overflow !!
14 : update_scale(): _has_overflow, dynamic. _loss_scale =  1.0
Finished iteration 216, CKPT_AND_STOP: False, flag: tensor([0], dtype=torch.int32), speed: 4108.548
14 Overflow !!
14 : update_scale(): _has_overflow, dynamic. _loss_scale =  1.0
Finished iteration 217, CKPT_AND_STOP: False, flag: tensor([0], dtype=torch.int32), speed: 4234.514
14 Overflow !!
14 : update_scale(): _has_overflow, dynamic. _loss_scale =  1.0
Finished iteration 218, CKPT_AND_STOP: False, flag: tensor([0], dtype=torch.int32), speed: 4261.832
14 Overflow !!
14 : update_scale(): _has_overflow, dynamic. _loss_scale =  1.0
Finished iteration 219, CKPT_AND_STOP: False, flag: tensor([0], dtype=torch.int32), speed: 4113.973
14 Overflow !!
14 : update_scale(): _has_overflow, dynamic. _loss_scale =  1.0
Finished iteration 220, CKPT_AND_STOP: False, flag: tensor([0], dtype=torch.int32), speed: 4239.322
14 Overflow !!
14 : update_scale(): _has_overflow, dynamic. _loss_scale =  1.0
Finished iteration 221, CKPT_AND_STOP: False, flag: tensor([0], dtype=torch.int32), speed: 4463.915
14 Overflow !!
14 : update_scale(): _has_overflow, dynamic. _loss_scale =  1.0
Finished iteration 222, CKPT_AND_STOP: False, flag: tensor([2], dtype=torch.int32), speed: 4176.182
2022-11-23 15:18:18.369946 Begin to save checkpont to s3://spot-checkpoints/bert and exit
Opt ckpt time 3.063720464706421
Process done with return code 0
Parent process ID: 16597 node: 172.31.19.112
2 per stage
16 servers!
Config:
ranks: range(14, 15)
train batch size: 1024
partitions: 8
chunk_size: 8
data depth: 2
stage to rank map: 0,8;1,9;2,10;3,11;4,12;5,13;6,14;7,15;
World size is 16
/opt/conda/envs/varuna/bin/python -u /home/ubuntu/varuna_examples/DeepLearningExamples/PyTorch/LanguageModeling/BERT/run_pretraining.py --rank=14 --chunk_size=8 --local_rank=0 --stage_to_rank_map=0,8;1,9;2,10;3,11;4,12;5,13;6,14;7,15; --batch-size=512 --input_dir=/hdf5_lower_case_1_seq_len_128_max_pred_20_masked_lm_prob_0.15_random_seed_12345_dupe_factor_5/wikicorpus_en/ --output_dir=s3://spot-checkpoints/bert --config_file=bert_config.json --bert_model=bert-large-uncased --train_batch_size=1024 --max_seq_length=128 --max_predictions_per_seq=20 --max_steps=7038 --warmup_proportion=0.2843 --num_steps_per_checkpoint=200 --learning_rate=6e-3 --seed=12439 --fp16 --gradient_accumulation_steps=128 --allreduce_post_accumulation --allreduce_post_accumulation_fp16 --do_train --json-summary /home/ubuntu/varuna_examples/DeepLearningExamples/PyTorch/LanguageModeling/BERT/results/dllogger.json --varuna --resume_step 223
device: cuda:0 n_gpu: 1, distributed training: True, 16-bits training: True
dry run time 0.026888370513916016
SHARED WEIGHTS ARE
[(0, 7)]
this rank  14 is part of pipeline replica  1
64 chunks
Begin to load checkpint from s3://spot-checkpoints/bert/ckpt_223.pt
2022-11-23 15:18:46.860023 resume step from  223
2022-11-23 15:18:54.225380 - Finished loading checkpoint, takes 7353.720 secs
14 Overflow !!
14 : update_scale(): _has_overflow, dynamic. _loss_scale =  524288.0
Finished iteration 223, CKPT_AND_STOP: False, flag: tensor([0], dtype=torch.int32), speed: 20376.499
14 Overflow !!
14 : update_scale(): _has_overflow, dynamic. _loss_scale =  262144.0
Finished iteration 224, CKPT_AND_STOP: False, flag: tensor([0], dtype=torch.int32), speed: 5328.065
14 Overflow !!
14 : update_scale(): _has_overflow, dynamic. _loss_scale =  131072.0
Finished iteration 225, CKPT_AND_STOP: False, flag: tensor([0], dtype=torch.int32), speed: 5298.753
14 Overflow !!
14 : update_scale(): _has_overflow, dynamic. _loss_scale =  65536.0
Finished iteration 226, CKPT_AND_STOP: False, flag: tensor([0], dtype=torch.int32), speed: 5192.670
14 Overflow !!
14 : update_scale(): _has_overflow, dynamic. _loss_scale =  32768.0
Finished iteration 227, CKPT_AND_STOP: False, flag: tensor([0], dtype=torch.int32), speed: 5258.832
14 Overflow !!
14 : update_scale(): _has_overflow, dynamic. _loss_scale =  16384.0
Finished iteration 228, CKPT_AND_STOP: False, flag: tensor([0], dtype=torch.int32), speed: 4405.849
14 Overflow !!
14 : update_scale(): _has_overflow, dynamic. _loss_scale =  8192.0
Finished iteration 229, CKPT_AND_STOP: False, flag: tensor([0], dtype=torch.int32), speed: 4337.922
14 Overflow !!
14 : update_scale(): _has_overflow, dynamic. _loss_scale =  4096.0
Finished iteration 230, CKPT_AND_STOP: False, flag: tensor([0], dtype=torch.int32), speed: 4175.085
14 Overflow !!
14 : update_scale(): _has_overflow, dynamic. _loss_scale =  2048.0
Finished iteration 231, CKPT_AND_STOP: False, flag: tensor([0], dtype=torch.int32), speed: 4236.881
14 Overflow !!
14 : update_scale(): _has_overflow, dynamic. _loss_scale =  1024.0
Finished iteration 232, CKPT_AND_STOP: False, flag: tensor([0], dtype=torch.int32), speed: 4241.755
14 Overflow !!
14 : update_scale(): _has_overflow, dynamic. _loss_scale =  512.0
Finished iteration 233, CKPT_AND_STOP: False, flag: tensor([0], dtype=torch.int32), speed: 4237.992
14 Overflow !!
14 : update_scale(): _has_overflow, dynamic. _loss_scale =  256.0
Finished iteration 234, CKPT_AND_STOP: False, flag: tensor([0], dtype=torch.int32), speed: 4259.493
14 Overflow !!
14 : update_scale(): _has_overflow, dynamic. _loss_scale =  128.0
Finished iteration 235, CKPT_AND_STOP: False, flag: tensor([0], dtype=torch.int32), speed: 4114.007
14 Overflow !!
14 : update_scale(): _has_overflow, dynamic. _loss_scale =  64.0
Finished iteration 236, CKPT_AND_STOP: False, flag: tensor([0], dtype=torch.int32), speed: 4348.406
14 Overflow !!
14 : update_scale(): _has_overflow, dynamic. _loss_scale =  32.0
Finished iteration 237, CKPT_AND_STOP: False, flag: tensor([0], dtype=torch.int32), speed: 4166.991
14 Overflow !!
14 : update_scale(): _has_overflow, dynamic. _loss_scale =  16.0
Finished iteration 238, CKPT_AND_STOP: False, flag: tensor([0], dtype=torch.int32), speed: 4235.044
14 Overflow !!
14 : update_scale(): _has_overflow, dynamic. _loss_scale =  8.0
Finished iteration 239, CKPT_AND_STOP: False, flag: tensor([0], dtype=torch.int32), speed: 4216.270
14 Overflow !!
14 : update_scale(): _has_overflow, dynamic. _loss_scale =  4.0
Finished iteration 240, CKPT_AND_STOP: False, flag: tensor([0], dtype=torch.int32), speed: 4249.170
14 Overflow !!
14 : update_scale(): _has_overflow, dynamic. _loss_scale =  2.0
Finished iteration 241, CKPT_AND_STOP: False, flag: tensor([0], dtype=torch.int32), speed: 4055.895
14 Overflow !!
14 : update_scale(): _has_overflow, dynamic. _loss_scale =  1.0
Finished iteration 242, CKPT_AND_STOP: False, flag: tensor([0], dtype=torch.int32), speed: 4242.728
14 Overflow !!
14 : update_scale(): _has_overflow, dynamic. _loss_scale =  1.0
Finished iteration 243, CKPT_AND_STOP: False, flag: tensor([0], dtype=torch.int32), speed: 4368.804
14 Overflow !!
14 : update_scale(): _has_overflow, dynamic. _loss_scale =  1.0
Finished iteration 244, CKPT_AND_STOP: False, flag: tensor([0], dtype=torch.int32), speed: 4183.403
14 Overflow !!
14 : update_scale(): _has_overflow, dynamic. _loss_scale =  1.0
Finished iteration 245, CKPT_AND_STOP: False, flag: tensor([0], dtype=torch.int32), speed: 4188.590
14 Overflow !!
14 : update_scale(): _has_overflow, dynamic. _loss_scale =  1.0
Finished iteration 246, CKPT_AND_STOP: False, flag: tensor([0], dtype=torch.int32), speed: 4344.671
14 Overflow !!
14 : update_scale(): _has_overflow, dynamic. _loss_scale =  1.0
Finished iteration 247, CKPT_AND_STOP: False, flag: tensor([0], dtype=torch.int32), speed: 4196.488
14 Overflow !!
14 : update_scale(): _has_overflow, dynamic. _loss_scale =  1.0
Finished iteration 248, CKPT_AND_STOP: False, flag: tensor([0], dtype=torch.int32), speed: 4311.817
14 Overflow !!
14 : update_scale(): _has_overflow, dynamic. _loss_scale =  1.0
Finished iteration 249, CKPT_AND_STOP: False, flag: tensor([0], dtype=torch.int32), speed: 4207.699
14 Overflow !!
14 : update_scale(): _has_overflow, dynamic. _loss_scale =  1.0
Finished iteration 250, CKPT_AND_STOP: False, flag: tensor([0], dtype=torch.int32), speed: 4192.756
14 Overflow !!
14 : update_scale(): _has_overflow, dynamic. _loss_scale =  1.0
Finished iteration 251, CKPT_AND_STOP: False, flag: tensor([0], dtype=torch.int32), speed: 4251.388
14 Overflow !!
14 : update_scale(): _has_overflow, dynamic. _loss_scale =  1.0
Finished iteration 252, CKPT_AND_STOP: False, flag: tensor([0], dtype=torch.int32), speed: 4205.699
14 Overflow !!
14 : update_scale(): _has_overflow, dynamic. _loss_scale =  1.0
Finished iteration 253, CKPT_AND_STOP: False, flag: tensor([0], dtype=torch.int32), speed: 4278.028
14 Overflow !!
14 : update_scale(): _has_overflow, dynamic. _loss_scale =  1.0
Finished iteration 254, CKPT_AND_STOP: False, flag: tensor([0], dtype=torch.int32), speed: 4095.631
14 Overflow !!
14 : update_scale(): _has_overflow, dynamic. _loss_scale =  1.0
Finished iteration 255, CKPT_AND_STOP: False, flag: tensor([0], dtype=torch.int32), speed: 4134.533
14 Overflow !!
14 : update_scale(): _has_overflow, dynamic. _loss_scale =  1.0
Finished iteration 256, CKPT_AND_STOP: False, flag: tensor([0], dtype=torch.int32), speed: 4100.584
14 Overflow !!
14 : update_scale(): _has_overflow, dynamic. _loss_scale =  1.0
Finished iteration 257, CKPT_AND_STOP: False, flag: tensor([0], dtype=torch.int32), speed: 4120.728
14 Overflow !!
14 : update_scale(): _has_overflow, dynamic. _loss_scale =  1.0
Finished iteration 258, CKPT_AND_STOP: False, flag: tensor([0], dtype=torch.int32), speed: 4332.282
14 Overflow !!
14 : update_scale(): _has_overflow, dynamic. _loss_scale =  1.0
Finished iteration 259, CKPT_AND_STOP: False, flag: tensor([0], dtype=torch.int32), speed: 4347.497
14 Overflow !!
14 : update_scale(): _has_overflow, dynamic. _loss_scale =  1.0
Finished iteration 260, CKPT_AND_STOP: False, flag: tensor([0], dtype=torch.int32), speed: 4188.173
14 Overflow !!
14 : update_scale(): _has_overflow, dynamic. _loss_scale =  1.0
Finished iteration 261, CKPT_AND_STOP: False, flag: tensor([0], dtype=torch.int32), speed: 4384.145
14 Overflow !!
14 : update_scale(): _has_overflow, dynamic. _loss_scale =  1.0
Finished iteration 262, CKPT_AND_STOP: False, flag: tensor([0], dtype=torch.int32), speed: 4244.907
14 Overflow !!
14 : update_scale(): _has_overflow, dynamic. _loss_scale =  1.0
Finished iteration 263, CKPT_AND_STOP: False, flag: tensor([0], dtype=torch.int32), speed: 4308.523
14 Overflow !!
14 : update_scale(): _has_overflow, dynamic. _loss_scale =  1.0
Finished iteration 264, CKPT_AND_STOP: False, flag: tensor([0], dtype=torch.int32), speed: 4283.650
14 Overflow !!
14 : update_scale(): _has_overflow, dynamic. _loss_scale =  1.0
Finished iteration 265, CKPT_AND_STOP: False, flag: tensor([0], dtype=torch.int32), speed: 4126.125
14 Overflow !!
14 : update_scale(): _has_overflow, dynamic. _loss_scale =  1.0
Finished iteration 266, CKPT_AND_STOP: False, flag: tensor([0], dtype=torch.int32), speed: 4343.307
14 Overflow !!
14 : update_scale(): _has_overflow, dynamic. _loss_scale =  1.0
Finished iteration 267, CKPT_AND_STOP: False, flag: tensor([0], dtype=torch.int32), speed: 4179.625
14 Overflow !!
14 : update_scale(): _has_overflow, dynamic. _loss_scale =  1.0
Finished iteration 268, CKPT_AND_STOP: False, flag: tensor([0], dtype=torch.int32), speed: 4345.948
14 Overflow !!
14 : update_scale(): _has_overflow, dynamic. _loss_scale =  1.0
Finished iteration 269, CKPT_AND_STOP: False, flag: tensor([0], dtype=torch.int32), speed: 4262.136
14 Overflow !!
14 : update_scale(): _has_overflow, dynamic. _loss_scale =  1.0
Finished iteration 270, CKPT_AND_STOP: False, flag: tensor([0], dtype=torch.int32), speed: 4274.890
14 Overflow !!
14 : update_scale(): _has_overflow, dynamic. _loss_scale =  1.0
Finished iteration 271, CKPT_AND_STOP: False, flag: tensor([0], dtype=torch.int32), speed: 4369.868
14 Overflow !!
14 : update_scale(): _has_overflow, dynamic. _loss_scale =  1.0
Finished iteration 272, CKPT_AND_STOP: False, flag: tensor([0], dtype=torch.int32), speed: 4221.256
14 Overflow !!
14 : update_scale(): _has_overflow, dynamic. _loss_scale =  1.0
Finished iteration 273, CKPT_AND_STOP: False, flag: tensor([0], dtype=torch.int32), speed: 4205.312
14 Overflow !!
14 : update_scale(): _has_overflow, dynamic. _loss_scale =  1.0
Finished iteration 274, CKPT_AND_STOP: False, flag: tensor([0], dtype=torch.int32), speed: 4270.664
14 Overflow !!
14 : update_scale(): _has_overflow, dynamic. _loss_scale =  1.0
Finished iteration 275, CKPT_AND_STOP: False, flag: tensor([0], dtype=torch.int32), speed: 4193.776
14 Overflow !!
14 : update_scale(): _has_overflow, dynamic. _loss_scale =  1.0
Finished iteration 276, CKPT_AND_STOP: False, flag: tensor([0], dtype=torch.int32), speed: 4221.870
14 Overflow !!
14 : update_scale(): _has_overflow, dynamic. _loss_scale =  1.0
Finished iteration 277, CKPT_AND_STOP: False, flag: tensor([0], dtype=torch.int32), speed: 4142.786
14 Overflow !!
14 : update_scale(): _has_overflow, dynamic. _loss_scale =  1.0
Finished iteration 278, CKPT_AND_STOP: False, flag: tensor([0], dtype=torch.int32), speed: 4085.682
14 Overflow !!
14 : update_scale(): _has_overflow, dynamic. _loss_scale =  1.0
Finished iteration 279, CKPT_AND_STOP: False, flag: tensor([0], dtype=torch.int32), speed: 4244.454
14 Overflow !!
14 : update_scale(): _has_overflow, dynamic. _loss_scale =  1.0
Finished iteration 280, CKPT_AND_STOP: False, flag: tensor([0], dtype=torch.int32), speed: 4147.838
14 Overflow !!
14 : update_scale(): _has_overflow, dynamic. _loss_scale =  1.0
Finished iteration 281, CKPT_AND_STOP: False, flag: tensor([0], dtype=torch.int32), speed: 4250.075
14 Overflow !!
14 : update_scale(): _has_overflow, dynamic. _loss_scale =  1.0
Finished iteration 282, CKPT_AND_STOP: False, flag: tensor([0], dtype=torch.int32), speed: 4384.904
14 Overflow !!
14 : update_scale(): _has_overflow, dynamic. _loss_scale =  1.0
Finished iteration 283, CKPT_AND_STOP: False, flag: tensor([0], dtype=torch.int32), speed: 4166.911
14 Overflow !!
14 : update_scale(): _has_overflow, dynamic. _loss_scale =  1.0
Finished iteration 284, CKPT_AND_STOP: False, flag: tensor([0], dtype=torch.int32), speed: 4171.234
14 Overflow !!
14 : update_scale(): _has_overflow, dynamic. _loss_scale =  1.0
Finished iteration 285, CKPT_AND_STOP: False, flag: tensor([0], dtype=torch.int32), speed: 5243.629
14 Overflow !!
14 : update_scale(): _has_overflow, dynamic. _loss_scale =  1.0
Finished iteration 286, CKPT_AND_STOP: False, flag: tensor([0], dtype=torch.int32), speed: 4374.361
14 Overflow !!
14 : update_scale(): _has_overflow, dynamic. _loss_scale =  1.0
Finished iteration 287, CKPT_AND_STOP: False, flag: tensor([0], dtype=torch.int32), speed: 4256.050
14 Overflow !!
14 : update_scale(): _has_overflow, dynamic. _loss_scale =  1.0
Finished iteration 288, CKPT_AND_STOP: False, flag: tensor([0], dtype=torch.int32), speed: 4330.200
14 Overflow !!
14 : update_scale(): _has_overflow, dynamic. _loss_scale =  1.0
Finished iteration 289, CKPT_AND_STOP: False, flag: tensor([0], dtype=torch.int32), speed: 4147.678
14 Overflow !!
14 : update_scale(): _has_overflow, dynamic. _loss_scale =  1.0
Finished iteration 290, CKPT_AND_STOP: False, flag: tensor([0], dtype=torch.int32), speed: 4301.227
14 Overflow !!
14 : update_scale(): _has_overflow, dynamic. _loss_scale =  1.0
Finished iteration 291, CKPT_AND_STOP: False, flag: tensor([0], dtype=torch.int32), speed: 4249.023
14 Overflow !!
14 : update_scale(): _has_overflow, dynamic. _loss_scale =  1.0
Finished iteration 292, CKPT_AND_STOP: False, flag: tensor([0], dtype=torch.int32), speed: 4123.963
14 Overflow !!
14 : update_scale(): _has_overflow, dynamic. _loss_scale =  1.0
Finished iteration 293, CKPT_AND_STOP: False, flag: tensor([0], dtype=torch.int32), speed: 4357.358
14 Overflow !!
14 : update_scale(): _has_overflow, dynamic. _loss_scale =  1.0
Finished iteration 294, CKPT_AND_STOP: False, flag: tensor([0], dtype=torch.int32), speed: 4157.078
14 Overflow !!
14 : update_scale(): _has_overflow, dynamic. _loss_scale =  1.0
Finished iteration 295, CKPT_AND_STOP: False, flag: tensor([0], dtype=torch.int32), speed: 4343.646
14 Overflow !!
14 : update_scale(): _has_overflow, dynamic. _loss_scale =  1.0
Finished iteration 296, CKPT_AND_STOP: False, flag: tensor([0], dtype=torch.int32), speed: 4134.203
14 Overflow !!
14 : update_scale(): _has_overflow, dynamic. _loss_scale =  1.0
Finished iteration 297, CKPT_AND_STOP: False, flag: tensor([0], dtype=torch.int32), speed: 4328.183
14 Overflow !!
14 : update_scale(): _has_overflow, dynamic. _loss_scale =  1.0
Finished iteration 298, CKPT_AND_STOP: False, flag: tensor([0], dtype=torch.int32), speed: 4153.113
14 Overflow !!
14 : update_scale(): _has_overflow, dynamic. _loss_scale =  1.0
Finished iteration 299, CKPT_AND_STOP: False, flag: tensor([0], dtype=torch.int32), speed: 4266.842
14 Overflow !!
14 : update_scale(): _has_overflow, dynamic. _loss_scale =  1.0
Finished iteration 300, CKPT_AND_STOP: False, flag: tensor([0], dtype=torch.int32), speed: 4239.657
14 Overflow !!
14 : update_scale(): _has_overflow, dynamic. _loss_scale =  1.0
Finished iteration 301, CKPT_AND_STOP: False, flag: tensor([0], dtype=torch.int32), speed: 4372.692
14 Overflow !!
14 : update_scale(): _has_overflow, dynamic. _loss_scale =  1.0
Finished iteration 302, CKPT_AND_STOP: False, flag: tensor([0], dtype=torch.int32), speed: 4460.453
14 Overflow !!
14 : update_scale(): _has_overflow, dynamic. _loss_scale =  1.0
Finished iteration 303, CKPT_AND_STOP: False, flag: tensor([0], dtype=torch.int32), speed: 4602.184
14 Overflow !!
14 : update_scale(): _has_overflow, dynamic. _loss_scale =  1.0
Finished iteration 304, CKPT_AND_STOP: False, flag: tensor([0], dtype=torch.int32), speed: 4630.538
14 Overflow !!
14 : update_scale(): _has_overflow, dynamic. _loss_scale =  1.0
Finished iteration 305, CKPT_AND_STOP: False, flag: tensor([0], dtype=torch.int32), speed: 4160.721
14 Overflow !!
14 : update_scale(): _has_overflow, dynamic. _loss_scale =  1.0
Finished iteration 306, CKPT_AND_STOP: False, flag: tensor([0], dtype=torch.int32), speed: 4254.520
14 Overflow !!
14 : update_scale(): _has_overflow, dynamic. _loss_scale =  1.0
Finished iteration 307, CKPT_AND_STOP: False, flag: tensor([0], dtype=torch.int32), speed: 4266.933
14 Overflow !!
14 : update_scale(): _has_overflow, dynamic. _loss_scale =  1.0
Finished iteration 308, CKPT_AND_STOP: False, flag: tensor([0], dtype=torch.int32), speed: 4191.594
14 Overflow !!
14 : update_scale(): _has_overflow, dynamic. _loss_scale =  1.0
Finished iteration 309, CKPT_AND_STOP: False, flag: tensor([0], dtype=torch.int32), speed: 4176.859
14 Overflow !!
14 : update_scale(): _has_overflow, dynamic. _loss_scale =  1.0
Finished iteration 310, CKPT_AND_STOP: False, flag: tensor([0], dtype=torch.int32), speed: 4128.006
14 Overflow !!
14 : update_scale(): _has_overflow, dynamic. _loss_scale =  1.0
Finished iteration 311, CKPT_AND_STOP: False, flag: tensor([0], dtype=torch.int32), speed: 4168.556
14 Overflow !!
14 : update_scale(): _has_overflow, dynamic. _loss_scale =  1.0
Finished iteration 312, CKPT_AND_STOP: False, flag: tensor([0], dtype=torch.int32), speed: 4260.192
14 Overflow !!
14 : update_scale(): _has_overflow, dynamic. _loss_scale =  1.0
Finished iteration 313, CKPT_AND_STOP: False, flag: tensor([0], dtype=torch.int32), speed: 4082.113
14 Overflow !!
14 : update_scale(): _has_overflow, dynamic. _loss_scale =  1.0
Finished iteration 314, CKPT_AND_STOP: False, flag: tensor([0], dtype=torch.int32), speed: 4467.882
14 Overflow !!
14 : update_scale(): _has_overflow, dynamic. _loss_scale =  1.0
Finished iteration 315, CKPT_AND_STOP: False, flag: tensor([0], dtype=torch.int32), speed: 4243.534
14 Overflow !!
14 : update_scale(): _has_overflow, dynamic. _loss_scale =  1.0
Finished iteration 316, CKPT_AND_STOP: False, flag: tensor([0], dtype=torch.int32), speed: 4202.623
14 Overflow !!
14 : update_scale(): _has_overflow, dynamic. _loss_scale =  1.0
Finished iteration 317, CKPT_AND_STOP: False, flag: tensor([0], dtype=torch.int32), speed: 4159.751
14 Overflow !!
14 : update_scale(): _has_overflow, dynamic. _loss_scale =  1.0
Finished iteration 318, CKPT_AND_STOP: False, flag: tensor([0], dtype=torch.int32), speed: 4160.425
14 Overflow !!
14 : update_scale(): _has_overflow, dynamic. _loss_scale =  1.0
Finished iteration 319, CKPT_AND_STOP: False, flag: tensor([0], dtype=torch.int32), speed: 4157.329
Process done with return code 1
Parent process ID: 17327 node: 172.31.22.229
1 per stage
8 servers!
14 8 I am of no use!
Parent process ID: 17638 node: 172.31.22.229
2 per stage
16 servers!
Config:
ranks: range(14, 15)
train batch size: 1024
partitions: 8
chunk_size: 8
data depth: 2
stage to rank map: 0,8;1,9;2,10;3,11;4,12;5,13;6,14;7,15;
World size is 16
/opt/conda/envs/varuna/bin/python -u /home/ubuntu/varuna_examples/DeepLearningExamples/PyTorch/LanguageModeling/BERT/run_pretraining.py --rank=14 --chunk_size=8 --local_rank=0 --stage_to_rank_map=0,8;1,9;2,10;3,11;4,12;5,13;6,14;7,15; --batch-size=512 --input_dir=/hdf5_lower_case_1_seq_len_128_max_pred_20_masked_lm_prob_0.15_random_seed_12345_dupe_factor_5/wikicorpus_en/ --output_dir=s3://spot-checkpoints/bert --config_file=bert_config.json --bert_model=bert-large-uncased --train_batch_size=1024 --max_seq_length=128 --max_predictions_per_seq=20 --max_steps=7038 --warmup_proportion=0.2843 --num_steps_per_checkpoint=200 --learning_rate=6e-3 --seed=12439 --fp16 --gradient_accumulation_steps=128 --allreduce_post_accumulation --allreduce_post_accumulation_fp16 --do_train --json-summary /home/ubuntu/varuna_examples/DeepLearningExamples/PyTorch/LanguageModeling/BERT/results/dllogger.json --varuna --resume_step 223
device: cuda:0 n_gpu: 1, distributed training: True, 16-bits training: True
dry run time 0.19132256507873535
SHARED WEIGHTS ARE
[(0, 7)]
this rank  14 is part of pipeline replica  1
64 chunks
Begin to load checkpint from s3://spot-checkpoints/bert/ckpt_223.pt
2022-11-23 15:26:44.303590 resume step from  223
2022-11-23 15:26:52.753859 - Finished loading checkpoint, takes 8438.816 secs
14 Overflow !!
14 : update_scale(): _has_overflow, dynamic. _loss_scale =  524288.0
Finished iteration 223, CKPT_AND_STOP: False, flag: tensor([0], dtype=torch.int32), speed: 20489.297
14 Overflow !!
14 : update_scale(): _has_overflow, dynamic. _loss_scale =  262144.0
Finished iteration 224, CKPT_AND_STOP: False, flag: tensor([0], dtype=torch.int32), speed: 5307.750
14 Overflow !!
14 : update_scale(): _has_overflow, dynamic. _loss_scale =  131072.0
Finished iteration 225, CKPT_AND_STOP: False, flag: tensor([0], dtype=torch.int32), speed: 5295.158
14 Overflow !!
14 : update_scale(): _has_overflow, dynamic. _loss_scale =  65536.0
Finished iteration 226, CKPT_AND_STOP: False, flag: tensor([0], dtype=torch.int32), speed: 5232.611
14 Overflow !!
14 : update_scale(): _has_overflow, dynamic. _loss_scale =  32768.0
Finished iteration 227, CKPT_AND_STOP: False, flag: tensor([0], dtype=torch.int32), speed: 5248.567
14 Overflow !!
14 : update_scale(): _has_overflow, dynamic. _loss_scale =  16384.0
Finished iteration 228, CKPT_AND_STOP: False, flag: tensor([0], dtype=torch.int32), speed: 4204.365
14 Overflow !!
14 : update_scale(): _has_overflow, dynamic. _loss_scale =  8192.0
Finished iteration 229, CKPT_AND_STOP: False, flag: tensor([0], dtype=torch.int32), speed: 4267.288
14 Overflow !!
14 : update_scale(): _has_overflow, dynamic. _loss_scale =  4096.0
Finished iteration 230, CKPT_AND_STOP: False, flag: tensor([0], dtype=torch.int32), speed: 4335.194
14 Overflow !!
14 : update_scale(): _has_overflow, dynamic. _loss_scale =  2048.0
Finished iteration 231, CKPT_AND_STOP: False, flag: tensor([0], dtype=torch.int32), speed: 4194.326
14 Overflow !!
14 : update_scale(): _has_overflow, dynamic. _loss_scale =  1024.0
Finished iteration 232, CKPT_AND_STOP: False, flag: tensor([0], dtype=torch.int32), speed: 4416.788
14 Overflow !!
14 : update_scale(): _has_overflow, dynamic. _loss_scale =  512.0
Finished iteration 233, CKPT_AND_STOP: False, flag: tensor([0], dtype=torch.int32), speed: 4281.553
14 Overflow !!
14 : update_scale(): _has_overflow, dynamic. _loss_scale =  256.0
Finished iteration 234, CKPT_AND_STOP: False, flag: tensor([0], dtype=torch.int32), speed: 4484.577
14 Overflow !!
14 : update_scale(): _has_overflow, dynamic. _loss_scale =  128.0
Finished iteration 235, CKPT_AND_STOP: False, flag: tensor([0], dtype=torch.int32), speed: 4308.111
14 Overflow !!
14 : update_scale(): _has_overflow, dynamic. _loss_scale =  64.0
Finished iteration 236, CKPT_AND_STOP: False, flag: tensor([0], dtype=torch.int32), speed: 4184.468
14 Overflow !!
14 : update_scale(): _has_overflow, dynamic. _loss_scale =  32.0
Finished iteration 237, CKPT_AND_STOP: False, flag: tensor([0], dtype=torch.int32), speed: 4227.852
14 Overflow !!
14 : update_scale(): _has_overflow, dynamic. _loss_scale =  16.0
Finished iteration 238, CKPT_AND_STOP: False, flag: tensor([0], dtype=torch.int32), speed: 4193.292
14 Overflow !!
14 : update_scale(): _has_overflow, dynamic. _loss_scale =  8.0
Finished iteration 239, CKPT_AND_STOP: False, flag: tensor([0], dtype=torch.int32), speed: 4277.432
14 Overflow !!
14 : update_scale(): _has_overflow, dynamic. _loss_scale =  4.0
Finished iteration 240, CKPT_AND_STOP: False, flag: tensor([0], dtype=torch.int32), speed: 4162.403
14 Overflow !!
14 : update_scale(): _has_overflow, dynamic. _loss_scale =  2.0
Finished iteration 241, CKPT_AND_STOP: False, flag: tensor([0], dtype=torch.int32), speed: 4248.576
14 Overflow !!
14 : update_scale(): _has_overflow, dynamic. _loss_scale =  1.0
Finished iteration 242, CKPT_AND_STOP: False, flag: tensor([0], dtype=torch.int32), speed: 4257.341
14 Overflow !!
14 : update_scale(): _has_overflow, dynamic. _loss_scale =  1.0
Finished iteration 243, CKPT_AND_STOP: False, flag: tensor([0], dtype=torch.int32), speed: 4241.965
14 Overflow !!
14 : update_scale(): _has_overflow, dynamic. _loss_scale =  1.0
Finished iteration 244, CKPT_AND_STOP: False, flag: tensor([0], dtype=torch.int32), speed: 4158.797
14 Overflow !!
14 : update_scale(): _has_overflow, dynamic. _loss_scale =  1.0
Finished iteration 245, CKPT_AND_STOP: False, flag: tensor([0], dtype=torch.int32), speed: 4165.622
14 Overflow !!
14 : update_scale(): _has_overflow, dynamic. _loss_scale =  1.0
Finished iteration 246, CKPT_AND_STOP: False, flag: tensor([0], dtype=torch.int32), speed: 4037.634
14 Overflow !!
14 : update_scale(): _has_overflow, dynamic. _loss_scale =  1.0
Finished iteration 247, CKPT_AND_STOP: False, flag: tensor([0], dtype=torch.int32), speed: 4312.618
14 Overflow !!
14 : update_scale(): _has_overflow, dynamic. _loss_scale =  1.0
Finished iteration 248, CKPT_AND_STOP: False, flag: tensor([0], dtype=torch.int32), speed: 4285.384
14 Overflow !!
14 : update_scale(): _has_overflow, dynamic. _loss_scale =  1.0
Finished iteration 249, CKPT_AND_STOP: False, flag: tensor([0], dtype=torch.int32), speed: 4303.168
14 Overflow !!
14 : update_scale(): _has_overflow, dynamic. _loss_scale =  1.0
Finished iteration 250, CKPT_AND_STOP: False, flag: tensor([0], dtype=torch.int32), speed: 4138.330
14 Overflow !!
14 : update_scale(): _has_overflow, dynamic. _loss_scale =  1.0
Finished iteration 251, CKPT_AND_STOP: False, flag: tensor([0], dtype=torch.int32), speed: 4137.621
14 Overflow !!
14 : update_scale(): _has_overflow, dynamic. _loss_scale =  1.0
Finished iteration 252, CKPT_AND_STOP: False, flag: tensor([0], dtype=torch.int32), speed: 4069.167
