Parent process ID: 11764 node: 172.31.17.44
2 per stage
16 servers!
Config:
ranks: range(11, 12)
train batch size: 1024
partitions: 8
chunk_size: 8
data depth: 2
stage to rank map: 0,8;1,9;2,10;3,11;4,12;5,13;6,14;7,15;
World size is 16
/opt/conda/envs/varuna/bin/python -u /home/ubuntu/varuna_examples/DeepLearningExamples/PyTorch/LanguageModeling/BERT/run_pretraining.py --rank=11 --chunk_size=8 --local_rank=0 --stage_to_rank_map=0,8;1,9;2,10;3,11;4,12;5,13;6,14;7,15; --batch-size=512 --input_dir=/hdf5_lower_case_1_seq_len_128_max_pred_20_masked_lm_prob_0.15_random_seed_12345_dupe_factor_5/wikicorpus_en/ --output_dir=s3://spot-checkpoints/bert --config_file=bert_config.json --bert_model=bert-large-uncased --train_batch_size=1024 --max_seq_length=128 --max_predictions_per_seq=20 --max_steps=7038 --warmup_proportion=0.2843 --num_steps_per_checkpoint=200 --learning_rate=6e-3 --seed=12439 --fp16 --gradient_accumulation_steps=128 --allreduce_post_accumulation --allreduce_post_accumulation_fp16 --do_train --json-summary /home/ubuntu/varuna_examples/DeepLearningExamples/PyTorch/LanguageModeling/BERT/results/dllogger.json --varuna
device: cuda:0 n_gpu: 1, distributed training: True, 16-bits training: True
dry run time 0.11665606498718262
SHARED WEIGHTS ARE
[(0, 7)]
this rank  11 is part of pipeline replica  1
64 chunks
Finished iteration 0, CKPT_AND_STOP: False, flag: tensor([0], dtype=torch.int32), speed: 10682.230
Finished iteration 1, CKPT_AND_STOP: False, flag: tensor([0], dtype=torch.int32), speed: 5486.887
Finished iteration 2, CKPT_AND_STOP: False, flag: tensor([0], dtype=torch.int32), speed: 5495.545
Finished iteration 3, CKPT_AND_STOP: False, flag: tensor([0], dtype=torch.int32), speed: 5625.719
Finished iteration 4, CKPT_AND_STOP: False, flag: tensor([0], dtype=torch.int32), speed: 5426.690
Finished iteration 5, CKPT_AND_STOP: False, flag: tensor([0], dtype=torch.int32), speed: 4378.691
Finished iteration 6, CKPT_AND_STOP: False, flag: tensor([0], dtype=torch.int32), speed: 4498.407
Finished iteration 7, CKPT_AND_STOP: False, flag: tensor([0], dtype=torch.int32), speed: 4508.157
Finished iteration 8, CKPT_AND_STOP: False, flag: tensor([0], dtype=torch.int32), speed: 4371.423
Finished iteration 9, CKPT_AND_STOP: False, flag: tensor([0], dtype=torch.int32), speed: 4524.892
Finished iteration 10, CKPT_AND_STOP: False, flag: tensor([0], dtype=torch.int32), speed: 4216.362
Finished iteration 11, CKPT_AND_STOP: False, flag: tensor([0], dtype=torch.int32), speed: 4438.418
11 : update_scale(): _has_overflow, dynamic. _loss_scale =  524288.0
Finished iteration 12, CKPT_AND_STOP: False, flag: tensor([0], dtype=torch.int32), speed: 4258.928
11 Overflow !!
11 : update_scale(): _has_overflow, dynamic. _loss_scale =  262144.0
Finished iteration 13, CKPT_AND_STOP: False, flag: tensor([0], dtype=torch.int32), speed: 4248.111
11 Overflow !!
11 : update_scale(): _has_overflow, dynamic. _loss_scale =  131072.0
Finished iteration 14, CKPT_AND_STOP: False, flag: tensor([0], dtype=torch.int32), speed: 4456.620
11 Overflow !!
11 : update_scale(): _has_overflow, dynamic. _loss_scale =  65536.0
Finished iteration 15, CKPT_AND_STOP: False, flag: tensor([0], dtype=torch.int32), speed: 4478.851
11 Overflow !!
11 : update_scale(): _has_overflow, dynamic. _loss_scale =  32768.0
Finished iteration 16, CKPT_AND_STOP: False, flag: tensor([0], dtype=torch.int32), speed: 4324.524
11 Overflow !!
11 : update_scale(): _has_overflow, dynamic. _loss_scale =  16384.0
Finished iteration 17, CKPT_AND_STOP: False, flag: tensor([0], dtype=torch.int32), speed: 4292.572
11 Overflow !!
11 : update_scale(): _has_overflow, dynamic. _loss_scale =  8192.0
Finished iteration 18, CKPT_AND_STOP: False, flag: tensor([0], dtype=torch.int32), speed: 4559.568
11 Overflow !!
11 : update_scale(): _has_overflow, dynamic. _loss_scale =  4096.0
Finished iteration 19, CKPT_AND_STOP: False, flag: tensor([0], dtype=torch.int32), speed: 5294.953
11 Overflow !!
11 : update_scale(): _has_overflow, dynamic. _loss_scale =  2048.0
Finished iteration 20, CKPT_AND_STOP: False, flag: tensor([0], dtype=torch.int32), speed: 4367.043
11 Overflow !!
11 : update_scale(): _has_overflow, dynamic. _loss_scale =  1024.0
Finished iteration 21, CKPT_AND_STOP: False, flag: tensor([0], dtype=torch.int32), speed: 4214.299
11 Overflow !!
11 : update_scale(): _has_overflow, dynamic. _loss_scale =  512.0
Finished iteration 22, CKPT_AND_STOP: False, flag: tensor([0], dtype=torch.int32), speed: 4415.790
11 Overflow !!
11 : update_scale(): _has_overflow, dynamic. _loss_scale =  256.0
Finished iteration 23, CKPT_AND_STOP: False, flag: tensor([0], dtype=torch.int32), speed: 4277.326
11 Overflow !!
11 : update_scale(): _has_overflow, dynamic. _loss_scale =  128.0
Finished iteration 24, CKPT_AND_STOP: False, flag: tensor([0], dtype=torch.int32), speed: 4388.807
11 Overflow !!
11 : update_scale(): _has_overflow, dynamic. _loss_scale =  64.0
Finished iteration 25, CKPT_AND_STOP: False, flag: tensor([0], dtype=torch.int32), speed: 4455.952
11 Overflow !!
11 : update_scale(): _has_overflow, dynamic. _loss_scale =  32.0
Finished iteration 26, CKPT_AND_STOP: False, flag: tensor([0], dtype=torch.int32), speed: 4322.627
11 Overflow !!
11 : update_scale(): _has_overflow, dynamic. _loss_scale =  16.0
Finished iteration 27, CKPT_AND_STOP: False, flag: tensor([0], dtype=torch.int32), speed: 4410.711
11 Overflow !!
11 : update_scale(): _has_overflow, dynamic. _loss_scale =  8.0
Finished iteration 28, CKPT_AND_STOP: False, flag: tensor([0], dtype=torch.int32), speed: 4561.668
11 Overflow !!
11 : update_scale(): _has_overflow, dynamic. _loss_scale =  4.0
Finished iteration 29, CKPT_AND_STOP: False, flag: tensor([0], dtype=torch.int32), speed: 4366.118
11 Overflow !!
11 : update_scale(): _has_overflow, dynamic. _loss_scale =  2.0
Finished iteration 30, CKPT_AND_STOP: False, flag: tensor([0], dtype=torch.int32), speed: 4358.491
11 Overflow !!
11 : update_scale(): _has_overflow, dynamic. _loss_scale =  1.0
Finished iteration 31, CKPT_AND_STOP: False, flag: tensor([0], dtype=torch.int32), speed: 4638.700
11 Overflow !!
11 : update_scale(): _has_overflow, dynamic. _loss_scale =  1.0
Finished iteration 32, CKPT_AND_STOP: False, flag: tensor([0], dtype=torch.int32), speed: 4257.951
11 Overflow !!
11 : update_scale(): _has_overflow, dynamic. _loss_scale =  1.0
Finished iteration 33, CKPT_AND_STOP: False, flag: tensor([0], dtype=torch.int32), speed: 4369.384
11 Overflow !!
11 : update_scale(): _has_overflow, dynamic. _loss_scale =  1.0
Finished iteration 34, CKPT_AND_STOP: False, flag: tensor([0], dtype=torch.int32), speed: 4832.198
11 Overflow !!
11 : update_scale(): _has_overflow, dynamic. _loss_scale =  1.0
Finished iteration 35, CKPT_AND_STOP: False, flag: tensor([0], dtype=torch.int32), speed: 4511.126
11 Overflow !!
11 : update_scale(): _has_overflow, dynamic. _loss_scale =  1.0
Finished iteration 36, CKPT_AND_STOP: False, flag: tensor([0], dtype=torch.int32), speed: 4521.151
11 Overflow !!
11 : update_scale(): _has_overflow, dynamic. _loss_scale =  1.0
Finished iteration 37, CKPT_AND_STOP: False, flag: tensor([0], dtype=torch.int32), speed: 4467.515
11 Overflow !!
11 : update_scale(): _has_overflow, dynamic. _loss_scale =  1.0
Finished iteration 38, CKPT_AND_STOP: False, flag: tensor([0], dtype=torch.int32), speed: 4348.936
11 Overflow !!
11 : update_scale(): _has_overflow, dynamic. _loss_scale =  1.0
Finished iteration 39, CKPT_AND_STOP: False, flag: tensor([0], dtype=torch.int32), speed: 4297.922
11 Overflow !!
11 : update_scale(): _has_overflow, dynamic. _loss_scale =  1.0
Finished iteration 40, CKPT_AND_STOP: False, flag: tensor([0], dtype=torch.int32), speed: 4337.250
11 Overflow !!
11 : update_scale(): _has_overflow, dynamic. _loss_scale =  1.0
Finished iteration 41, CKPT_AND_STOP: False, flag: tensor([0], dtype=torch.int32), speed: 4422.220
11 Overflow !!
11 : update_scale(): _has_overflow, dynamic. _loss_scale =  1.0
Finished iteration 42, CKPT_AND_STOP: False, flag: tensor([0], dtype=torch.int32), speed: 4362.522
11 Overflow !!
11 : update_scale(): _has_overflow, dynamic. _loss_scale =  1.0
Finished iteration 43, CKPT_AND_STOP: False, flag: tensor([0], dtype=torch.int32), speed: 4478.665
11 Overflow !!
11 : update_scale(): _has_overflow, dynamic. _loss_scale =  1.0
Finished iteration 44, CKPT_AND_STOP: False, flag: tensor([0], dtype=torch.int32), speed: 4374.866
11 Overflow !!
11 : update_scale(): _has_overflow, dynamic. _loss_scale =  1.0
Finished iteration 45, CKPT_AND_STOP: False, flag: tensor([0], dtype=torch.int32), speed: 4662.563
11 Overflow !!
11 : update_scale(): _has_overflow, dynamic. _loss_scale =  1.0
Finished iteration 46, CKPT_AND_STOP: False, flag: tensor([0], dtype=torch.int32), speed: 4395.850
11 Overflow !!
11 : update_scale(): _has_overflow, dynamic. _loss_scale =  1.0
Finished iteration 47, CKPT_AND_STOP: False, flag: tensor([3], dtype=torch.int32), speed: 4263.726
2022-11-23 14:43:19.368750 Begin to save checkpont to s3://spot-checkpoints/bert and exit
Opt ckpt time 3.14678692817688
Signal handler called with signal 10


 STOPPING VARUNA !!



Rank 11 signal handler called with signal 10
Process done with return code 0
Parent process ID: 12356 node: 172.31.17.44
2 per stage
16 servers!
Config:
ranks: range(11, 12)
train batch size: 1024
partitions: 8
chunk_size: 8
data depth: 2
stage to rank map: 0,8;1,9;2,10;3,11;4,12;5,13;6,14;7,15;
World size is 16
/opt/conda/envs/varuna/bin/python -u /home/ubuntu/varuna_examples/DeepLearningExamples/PyTorch/LanguageModeling/BERT/run_pretraining.py --rank=11 --chunk_size=8 --local_rank=0 --stage_to_rank_map=0,8;1,9;2,10;3,11;4,12;5,13;6,14;7,15; --batch-size=512 --input_dir=/hdf5_lower_case_1_seq_len_128_max_pred_20_masked_lm_prob_0.15_random_seed_12345_dupe_factor_5/wikicorpus_en/ --output_dir=s3://spot-checkpoints/bert --config_file=bert_config.json --bert_model=bert-large-uncased --train_batch_size=1024 --max_seq_length=128 --max_predictions_per_seq=20 --max_steps=7038 --warmup_proportion=0.2843 --num_steps_per_checkpoint=200 --learning_rate=6e-3 --seed=12439 --fp16 --gradient_accumulation_steps=128 --allreduce_post_accumulation --allreduce_post_accumulation_fp16 --do_train --json-summary /home/ubuntu/varuna_examples/DeepLearningExamples/PyTorch/LanguageModeling/BERT/results/dllogger.json --varuna --resume_step 48
device: cuda:0 n_gpu: 1, distributed training: True, 16-bits training: True
dry run time 0.6152908802032471
SHARED WEIGHTS ARE
[(0, 7)]
this rank  11 is part of pipeline replica  1
64 chunks
Begin to load checkpint from s3://spot-checkpoints/bert/ckpt_48.pt
2022-11-23 14:43:47.768341 resume step from  48
2022-11-23 14:43:54.866852 - Finished loading checkpoint, takes 7087.469 secs
11 Overflow !!
11 : update_scale(): _has_overflow, dynamic. _loss_scale =  524288.0
Finished iteration 48, CKPT_AND_STOP: False, flag: tensor([0], dtype=torch.int32), speed: 15785.090
11 Overflow !!
11 : update_scale(): _has_overflow, dynamic. _loss_scale =  262144.0
Finished iteration 49, CKPT_AND_STOP: False, flag: tensor([0], dtype=torch.int32), speed: 5290.286
11 Overflow !!
11 : update_scale(): _has_overflow, dynamic. _loss_scale =  131072.0
Finished iteration 50, CKPT_AND_STOP: False, flag: tensor([0], dtype=torch.int32), speed: 5417.179
11 Overflow !!
11 : update_scale(): _has_overflow, dynamic. _loss_scale =  65536.0
Finished iteration 51, CKPT_AND_STOP: False, flag: tensor([0], dtype=torch.int32), speed: 5334.876
11 Overflow !!
11 : update_scale(): _has_overflow, dynamic. _loss_scale =  32768.0
Finished iteration 52, CKPT_AND_STOP: False, flag: tensor([0], dtype=torch.int32), speed: 5550.958
11 Overflow !!
11 : update_scale(): _has_overflow, dynamic. _loss_scale =  16384.0
Finished iteration 53, CKPT_AND_STOP: False, flag: tensor([0], dtype=torch.int32), speed: 4425.418
11 Overflow !!
11 : update_scale(): _has_overflow, dynamic. _loss_scale =  8192.0
Finished iteration 54, CKPT_AND_STOP: False, flag: tensor([0], dtype=torch.int32), speed: 5012.094
11 Overflow !!
11 : update_scale(): _has_overflow, dynamic. _loss_scale =  4096.0
Finished iteration 55, CKPT_AND_STOP: False, flag: tensor([0], dtype=torch.int32), speed: 4371.274
11 Overflow !!
11 : update_scale(): _has_overflow, dynamic. _loss_scale =  2048.0
Finished iteration 56, CKPT_AND_STOP: False, flag: tensor([0], dtype=torch.int32), speed: 4263.074
11 Overflow !!
11 : update_scale(): _has_overflow, dynamic. _loss_scale =  1024.0
Finished iteration 57, CKPT_AND_STOP: False, flag: tensor([0], dtype=torch.int32), speed: 4197.708
11 Overflow !!
11 : update_scale(): _has_overflow, dynamic. _loss_scale =  512.0
Finished iteration 58, CKPT_AND_STOP: False, flag: tensor([0], dtype=torch.int32), speed: 4202.481
11 Overflow !!
11 : update_scale(): _has_overflow, dynamic. _loss_scale =  256.0
Finished iteration 59, CKPT_AND_STOP: False, flag: tensor([0], dtype=torch.int32), speed: 4489.615
11 Overflow !!
11 : update_scale(): _has_overflow, dynamic. _loss_scale =  128.0
Finished iteration 60, CKPT_AND_STOP: False, flag: tensor([0], dtype=torch.int32), speed: 4358.346
11 Overflow !!
11 : update_scale(): _has_overflow, dynamic. _loss_scale =  64.0
Finished iteration 61, CKPT_AND_STOP: False, flag: tensor([0], dtype=torch.int32), speed: 4389.166
11 Overflow !!
11 : update_scale(): _has_overflow, dynamic. _loss_scale =  32.0
Finished iteration 62, CKPT_AND_STOP: False, flag: tensor([0], dtype=torch.int32), speed: 4738.578
11 Overflow !!
11 : update_scale(): _has_overflow, dynamic. _loss_scale =  16.0
Finished iteration 63, CKPT_AND_STOP: False, flag: tensor([5], dtype=torch.int32), speed: 4343.940
2022-11-23 14:45:21.084860 Begin to save checkpont to s3://spot-checkpoints/bert and exit
Opt ckpt time 3.574716567993164
Signal handler called with signal 10


 STOPPING VARUNA !!



Rank 11 signal handler called with signal 10
Process done with return code 0
Parent process ID: 12915 node: 172.31.17.44
2 per stage
16 servers!
Config:
ranks: range(11, 12)
train batch size: 1024
partitions: 8
chunk_size: 8
data depth: 2
stage to rank map: 0,8;1,9;2,10;3,11;4,12;5,13;6,14;7,15;
World size is 16
/opt/conda/envs/varuna/bin/python -u /home/ubuntu/varuna_examples/DeepLearningExamples/PyTorch/LanguageModeling/BERT/run_pretraining.py --rank=11 --chunk_size=8 --local_rank=0 --stage_to_rank_map=0,8;1,9;2,10;3,11;4,12;5,13;6,14;7,15; --batch-size=512 --input_dir=/hdf5_lower_case_1_seq_len_128_max_pred_20_masked_lm_prob_0.15_random_seed_12345_dupe_factor_5/wikicorpus_en/ --output_dir=s3://spot-checkpoints/bert --config_file=bert_config.json --bert_model=bert-large-uncased --train_batch_size=1024 --max_seq_length=128 --max_predictions_per_seq=20 --max_steps=7038 --warmup_proportion=0.2843 --num_steps_per_checkpoint=200 --learning_rate=6e-3 --seed=12439 --fp16 --gradient_accumulation_steps=128 --allreduce_post_accumulation --allreduce_post_accumulation_fp16 --do_train --json-summary /home/ubuntu/varuna_examples/DeepLearningExamples/PyTorch/LanguageModeling/BERT/results/dllogger.json --varuna --resume_step 64
device: cuda:0 n_gpu: 1, distributed training: True, 16-bits training: True
dry run time 0.21172451972961426
SHARED WEIGHTS ARE
[(0, 7)]
this rank  11 is part of pipeline replica  1
64 chunks
Begin to load checkpint from s3://spot-checkpoints/bert/ckpt_64.pt
2022-11-23 14:45:54.250012 resume step from  64
2022-11-23 14:46:01.388051 - Finished loading checkpoint, takes 7126.874 secs
11 Overflow !!
11 : update_scale(): _has_overflow, dynamic. _loss_scale =  524288.0
Finished iteration 64, CKPT_AND_STOP: False, flag: tensor([0], dtype=torch.int32), speed: 15401.922
11 Overflow !!
11 : update_scale(): _has_overflow, dynamic. _loss_scale =  262144.0
Finished iteration 65, CKPT_AND_STOP: False, flag: tensor([5], dtype=torch.int32), speed: 5802.314
2022-11-23 14:46:22.633708 Begin to save checkpont to s3://spot-checkpoints/bert and exit
Opt ckpt time 3.3133788108825684
Signal handler called with signal 10


 STOPPING VARUNA !!



Rank 11 signal handler called with signal 10
Process done with return code 0
Parent process ID: 13416 node: 172.31.17.44
2 per stage
16 servers!
Config:
ranks: range(11, 12)
train batch size: 1024
partitions: 8
chunk_size: 8
data depth: 2
stage to rank map: 0,8;1,9;2,10;3,11;4,12;5,13;6,14;7,15;
World size is 16
/opt/conda/envs/varuna/bin/python -u /home/ubuntu/varuna_examples/DeepLearningExamples/PyTorch/LanguageModeling/BERT/run_pretraining.py --rank=11 --chunk_size=8 --local_rank=0 --stage_to_rank_map=0,8;1,9;2,10;3,11;4,12;5,13;6,14;7,15; --batch-size=512 --input_dir=/hdf5_lower_case_1_seq_len_128_max_pred_20_masked_lm_prob_0.15_random_seed_12345_dupe_factor_5/wikicorpus_en/ --output_dir=s3://spot-checkpoints/bert --config_file=bert_config.json --bert_model=bert-large-uncased --train_batch_size=1024 --max_seq_length=128 --max_predictions_per_seq=20 --max_steps=7038 --warmup_proportion=0.2843 --num_steps_per_checkpoint=200 --learning_rate=6e-3 --seed=12439 --fp16 --gradient_accumulation_steps=128 --allreduce_post_accumulation --allreduce_post_accumulation_fp16 --do_train --json-summary /home/ubuntu/varuna_examples/DeepLearningExamples/PyTorch/LanguageModeling/BERT/results/dllogger.json --varuna --resume_step 66
device: cuda:0 n_gpu: 1, distributed training: True, 16-bits training: True
dry run time 0.1529865264892578
SHARED WEIGHTS ARE
[(0, 7)]
this rank  11 is part of pipeline replica  1
64 chunks
Begin to load checkpint from s3://spot-checkpoints/bert/ckpt_66.pt
2022-11-23 14:46:50.661548 resume step from  66
2022-11-23 14:47:02.805030 - Finished loading checkpoint, takes 12132.277 secs
11 Overflow !!
11 : update_scale(): _has_overflow, dynamic. _loss_scale =  524288.0
Finished iteration 66, CKPT_AND_STOP: False, flag: tensor([0], dtype=torch.int32), speed: 16056.635
11 Overflow !!
11 : update_scale(): _has_overflow, dynamic. _loss_scale =  262144.0
Finished iteration 67, CKPT_AND_STOP: False, flag: tensor([0], dtype=torch.int32), speed: 5467.512
11 Overflow !!
11 : update_scale(): _has_overflow, dynamic. _loss_scale =  131072.0
Finished iteration 68, CKPT_AND_STOP: False, flag: tensor([0], dtype=torch.int32), speed: 5708.968
11 Overflow !!
11 : update_scale(): _has_overflow, dynamic. _loss_scale =  65536.0
Finished iteration 69, CKPT_AND_STOP: False, flag: tensor([0], dtype=torch.int32), speed: 5755.563
11 Overflow !!
11 : update_scale(): _has_overflow, dynamic. _loss_scale =  32768.0
Finished iteration 70, CKPT_AND_STOP: False, flag: tensor([0], dtype=torch.int32), speed: 5467.790
11 Overflow !!
11 : update_scale(): _has_overflow, dynamic. _loss_scale =  16384.0
Finished iteration 71, CKPT_AND_STOP: False, flag: tensor([0], dtype=torch.int32), speed: 4322.488
11 Overflow !!
11 : update_scale(): _has_overflow, dynamic. _loss_scale =  8192.0
Finished iteration 72, CKPT_AND_STOP: False, flag: tensor([0], dtype=torch.int32), speed: 4308.484
11 Overflow !!
11 : update_scale(): _has_overflow, dynamic. _loss_scale =  4096.0
Finished iteration 73, CKPT_AND_STOP: False, flag: tensor([0], dtype=torch.int32), speed: 4279.734
11 Overflow !!
11 : update_scale(): _has_overflow, dynamic. _loss_scale =  2048.0
Finished iteration 74, CKPT_AND_STOP: False, flag: tensor([0], dtype=torch.int32), speed: 4458.683
11 Overflow !!
11 : update_scale(): _has_overflow, dynamic. _loss_scale =  1024.0
Finished iteration 75, CKPT_AND_STOP: False, flag: tensor([0], dtype=torch.int32), speed: 4304.504
11 Overflow !!
11 : update_scale(): _has_overflow, dynamic. _loss_scale =  512.0
Finished iteration 76, CKPT_AND_STOP: False, flag: tensor([0], dtype=torch.int32), speed: 4330.670
11 Overflow !!
11 : update_scale(): _has_overflow, dynamic. _loss_scale =  256.0
Finished iteration 77, CKPT_AND_STOP: False, flag: tensor([0], dtype=torch.int32), speed: 4257.278
11 Overflow !!
11 : update_scale(): _has_overflow, dynamic. _loss_scale =  128.0
Finished iteration 78, CKPT_AND_STOP: False, flag: tensor([0], dtype=torch.int32), speed: 4307.495
11 Overflow !!
11 : update_scale(): _has_overflow, dynamic. _loss_scale =  64.0
Finished iteration 79, CKPT_AND_STOP: False, flag: tensor([0], dtype=torch.int32), speed: 4239.870
11 Overflow !!
11 : update_scale(): _has_overflow, dynamic. _loss_scale =  32.0
Finished iteration 80, CKPT_AND_STOP: False, flag: tensor([0], dtype=torch.int32), speed: 4337.141
11 Overflow !!
11 : update_scale(): _has_overflow, dynamic. _loss_scale =  16.0
Finished iteration 81, CKPT_AND_STOP: False, flag: tensor([0], dtype=torch.int32), speed: 4384.831
11 Overflow !!
11 : update_scale(): _has_overflow, dynamic. _loss_scale =  8.0
Finished iteration 82, CKPT_AND_STOP: False, flag: tensor([0], dtype=torch.int32), speed: 4352.735
11 Overflow !!
11 : update_scale(): _has_overflow, dynamic. _loss_scale =  4.0
Finished iteration 83, CKPT_AND_STOP: False, flag: tensor([0], dtype=torch.int32), speed: 4165.073
11 Overflow !!
11 : update_scale(): _has_overflow, dynamic. _loss_scale =  2.0
Finished iteration 84, CKPT_AND_STOP: False, flag: tensor([0], dtype=torch.int32), speed: 4387.382
11 Overflow !!
11 : update_scale(): _has_overflow, dynamic. _loss_scale =  1.0
Finished iteration 85, CKPT_AND_STOP: False, flag: tensor([0], dtype=torch.int32), speed: 4289.413
11 Overflow !!
11 : update_scale(): _has_overflow, dynamic. _loss_scale =  1.0
Finished iteration 86, CKPT_AND_STOP: False, flag: tensor([0], dtype=torch.int32), speed: 4403.785
11 Overflow !!
11 : update_scale(): _has_overflow, dynamic. _loss_scale =  1.0
Finished iteration 87, CKPT_AND_STOP: False, flag: tensor([0], dtype=torch.int32), speed: 4337.507
11 Overflow !!
11 : update_scale(): _has_overflow, dynamic. _loss_scale =  1.0
Finished iteration 88, CKPT_AND_STOP: False, flag: tensor([0], dtype=torch.int32), speed: 4501.151
11 Overflow !!
11 : update_scale(): _has_overflow, dynamic. _loss_scale =  1.0
Finished iteration 89, CKPT_AND_STOP: False, flag: tensor([0], dtype=torch.int32), speed: 4357.303
11 Overflow !!
11 : update_scale(): _has_overflow, dynamic. _loss_scale =  1.0
Finished iteration 90, CKPT_AND_STOP: False, flag: tensor([0], dtype=torch.int32), speed: 4361.794
11 Overflow !!
11 : update_scale(): _has_overflow, dynamic. _loss_scale =  1.0
Finished iteration 91, CKPT_AND_STOP: False, flag: tensor([0], dtype=torch.int32), speed: 4574.492
11 Overflow !!
11 : update_scale(): _has_overflow, dynamic. _loss_scale =  1.0
Finished iteration 92, CKPT_AND_STOP: False, flag: tensor([0], dtype=torch.int32), speed: 4419.257
11 Overflow !!
11 : update_scale(): _has_overflow, dynamic. _loss_scale =  1.0
Finished iteration 93, CKPT_AND_STOP: False, flag: tensor([4], dtype=torch.int32), speed: 4340.404
2022-11-23 14:49:21.319835 Begin to save checkpont to s3://spot-checkpoints/bert and exit
Opt ckpt time 3.3496649265289307
Signal handler called with signal 10


 STOPPING VARUNA !!



Rank 11 signal handler called with signal 10
Process done with return code 0
Parent process ID: 14025 node: 172.31.17.44
2 per stage
16 servers!
Config:
ranks: range(11, 12)
train batch size: 1024
partitions: 8
chunk_size: 8
data depth: 2
stage to rank map: 0,8;1,9;2,10;3,11;4,12;5,13;6,14;7,15;
World size is 16
/opt/conda/envs/varuna/bin/python -u /home/ubuntu/varuna_examples/DeepLearningExamples/PyTorch/LanguageModeling/BERT/run_pretraining.py --rank=11 --chunk_size=8 --local_rank=0 --stage_to_rank_map=0,8;1,9;2,10;3,11;4,12;5,13;6,14;7,15; --batch-size=512 --input_dir=/hdf5_lower_case_1_seq_len_128_max_pred_20_masked_lm_prob_0.15_random_seed_12345_dupe_factor_5/wikicorpus_en/ --output_dir=s3://spot-checkpoints/bert --config_file=bert_config.json --bert_model=bert-large-uncased --train_batch_size=1024 --max_seq_length=128 --max_predictions_per_seq=20 --max_steps=7038 --warmup_proportion=0.2843 --num_steps_per_checkpoint=200 --learning_rate=6e-3 --seed=12439 --fp16 --gradient_accumulation_steps=128 --allreduce_post_accumulation --allreduce_post_accumulation_fp16 --do_train --json-summary /home/ubuntu/varuna_examples/DeepLearningExamples/PyTorch/LanguageModeling/BERT/results/dllogger.json --varuna --resume_step 94
device: cuda:0 n_gpu: 1, distributed training: True, 16-bits training: True
dry run time 0.05443763732910156
SHARED WEIGHTS ARE
[(0, 7)]
this rank  11 is part of pipeline replica  1
64 chunks
Begin to load checkpint from s3://spot-checkpoints/bert/ckpt_94.pt
2022-11-23 14:49:51.003959 resume step from  94
2022-11-23 14:49:57.984800 - Finished loading checkpoint, takes 6969.656 secs
11 Overflow !!
11 : update_scale(): _has_overflow, dynamic. _loss_scale =  524288.0
Finished iteration 94, CKPT_AND_STOP: False, flag: tensor([2], dtype=torch.int32), speed: 21071.274
2022-11-23 14:50:19.094457 Begin to save checkpont to s3://spot-checkpoints/bert and exit
Opt ckpt time 3.9786624908447266
Signal handler called with signal 10


 STOPPING VARUNA !!



Rank 11 signal handler called with signal 10
Process done with return code 0
Parent process ID: 14523 node: 172.31.17.44
3 per stage
24 servers!
Config:
ranks: range(11, 12)
train batch size: 1024
partitions: 8
chunk_size: 8
data depth: 3
stage to rank map: 0,8,16;1,9,17;2,10,18;3,11,19;4,12,20;5,13,21;6,14,22;7,15,23;
World size is 24
/opt/conda/envs/varuna/bin/python -u /home/ubuntu/varuna_examples/DeepLearningExamples/PyTorch/LanguageModeling/BERT/run_pretraining.py --rank=11 --chunk_size=8 --local_rank=0 --stage_to_rank_map=0,8,16;1,9,17;2,10,18;3,11,19;4,12,20;5,13,21;6,14,22;7,15,23; --batch-size=341 --input_dir=/hdf5_lower_case_1_seq_len_128_max_pred_20_masked_lm_prob_0.15_random_seed_12345_dupe_factor_5/wikicorpus_en/ --output_dir=s3://spot-checkpoints/bert --config_file=bert_config.json --bert_model=bert-large-uncased --train_batch_size=1024 --max_seq_length=128 --max_predictions_per_seq=20 --max_steps=7038 --warmup_proportion=0.2843 --num_steps_per_checkpoint=200 --learning_rate=6e-3 --seed=12439 --fp16 --gradient_accumulation_steps=128 --allreduce_post_accumulation --allreduce_post_accumulation_fp16 --do_train --json-summary /home/ubuntu/varuna_examples/DeepLearningExamples/PyTorch/LanguageModeling/BERT/results/dllogger.json --varuna --resume_step 95
device: cuda:0 n_gpu: 1, distributed training: True, 16-bits training: True
dry run time 0.20448040962219238
SHARED WEIGHTS ARE
[(0, 7)]
this rank  11 is part of pipeline replica  1
43 chunks
Begin to load checkpint from s3://spot-checkpoints/bert/ckpt_95.pt
2022-11-23 14:50:50.864447 resume step from  95
2022-11-23 14:50:57.699919 - Finished loading checkpoint, takes 6824.207 secs
11 Overflow !!
11 : update_scale(): _has_overflow, dynamic. _loss_scale =  524288.0
Finished iteration 95, CKPT_AND_STOP: False, flag: tensor([0], dtype=torch.int32), speed: 16982.957
11 Overflow !!
11 : update_scale(): _has_overflow, dynamic. _loss_scale =  262144.0
Finished iteration 96, CKPT_AND_STOP: False, flag: tensor([0], dtype=torch.int32), speed: 4192.284
11 Overflow !!
11 : update_scale(): _has_overflow, dynamic. _loss_scale =  131072.0
Finished iteration 97, CKPT_AND_STOP: False, flag: tensor([0], dtype=torch.int32), speed: 4192.219
11 Overflow !!
11 : update_scale(): _has_overflow, dynamic. _loss_scale =  65536.0
Finished iteration 98, CKPT_AND_STOP: False, flag: tensor([0], dtype=torch.int32), speed: 4249.278
11 Overflow !!
11 : update_scale(): _has_overflow, dynamic. _loss_scale =  32768.0
Finished iteration 99, CKPT_AND_STOP: False, flag: tensor([0], dtype=torch.int32), speed: 4179.460
11 Overflow !!
11 : update_scale(): _has_overflow, dynamic. _loss_scale =  16384.0
Finished iteration 100, CKPT_AND_STOP: False, flag: tensor([0], dtype=torch.int32), speed: 3264.791
11 Overflow !!
11 : update_scale(): _has_overflow, dynamic. _loss_scale =  8192.0
Finished iteration 101, CKPT_AND_STOP: False, flag: tensor([0], dtype=torch.int32), speed: 3237.925
11 Overflow !!
11 : update_scale(): _has_overflow, dynamic. _loss_scale =  4096.0
Finished iteration 102, CKPT_AND_STOP: False, flag: tensor([0], dtype=torch.int32), speed: 3427.747
11 Overflow !!
11 : update_scale(): _has_overflow, dynamic. _loss_scale =  2048.0
Finished iteration 103, CKPT_AND_STOP: False, flag: tensor([0], dtype=torch.int32), speed: 3263.649
11 Overflow !!
11 : update_scale(): _has_overflow, dynamic. _loss_scale =  1024.0
Finished iteration 104, CKPT_AND_STOP: False, flag: tensor([0], dtype=torch.int32), speed: 3127.977
11 Overflow !!
11 : update_scale(): _has_overflow, dynamic. _loss_scale =  512.0
Finished iteration 105, CKPT_AND_STOP: False, flag: tensor([0], dtype=torch.int32), speed: 3098.909
11 Overflow !!
11 : update_scale(): _has_overflow, dynamic. _loss_scale =  256.0
Finished iteration 106, CKPT_AND_STOP: False, flag: tensor([0], dtype=torch.int32), speed: 3205.094
11 Overflow !!
11 : update_scale(): _has_overflow, dynamic. _loss_scale =  128.0
Finished iteration 107, CKPT_AND_STOP: False, flag: tensor([0], dtype=torch.int32), speed: 3134.056
11 Overflow !!
11 : update_scale(): _has_overflow, dynamic. _loss_scale =  64.0
Finished iteration 108, CKPT_AND_STOP: False, flag: tensor([0], dtype=torch.int32), speed: 3167.049
11 Overflow !!
11 : update_scale(): _has_overflow, dynamic. _loss_scale =  32.0
Finished iteration 109, CKPT_AND_STOP: False, flag: tensor([0], dtype=torch.int32), speed: 3380.172
11 Overflow !!
11 : update_scale(): _has_overflow, dynamic. _loss_scale =  16.0
Finished iteration 110, CKPT_AND_STOP: False, flag: tensor([0], dtype=torch.int32), speed: 3088.546
11 Overflow !!
11 : update_scale(): _has_overflow, dynamic. _loss_scale =  8.0
Finished iteration 111, CKPT_AND_STOP: False, flag: tensor([0], dtype=torch.int32), speed: 3181.250
11 Overflow !!
11 : update_scale(): _has_overflow, dynamic. _loss_scale =  4.0
Finished iteration 112, CKPT_AND_STOP: False, flag: tensor([0], dtype=torch.int32), speed: 3336.288
11 Overflow !!
11 : update_scale(): _has_overflow, dynamic. _loss_scale =  2.0
Finished iteration 113, CKPT_AND_STOP: False, flag: tensor([0], dtype=torch.int32), speed: 3153.951
11 Overflow !!
11 : update_scale(): _has_overflow, dynamic. _loss_scale =  1.0
Finished iteration 114, CKPT_AND_STOP: False, flag: tensor([0], dtype=torch.int32), speed: 3212.242
11 Overflow !!
11 : update_scale(): _has_overflow, dynamic. _loss_scale =  1.0
Finished iteration 115, CKPT_AND_STOP: False, flag: tensor([0], dtype=torch.int32), speed: 3153.297
11 Overflow !!
11 : update_scale(): _has_overflow, dynamic. _loss_scale =  1.0
Finished iteration 116, CKPT_AND_STOP: False, flag: tensor([0], dtype=torch.int32), speed: 3224.562
11 Overflow !!
11 : update_scale(): _has_overflow, dynamic. _loss_scale =  1.0
Finished iteration 117, CKPT_AND_STOP: False, flag: tensor([0], dtype=torch.int32), speed: 3179.675
11 Overflow !!
11 : update_scale(): _has_overflow, dynamic. _loss_scale =  1.0
Finished iteration 118, CKPT_AND_STOP: False, flag: tensor([0], dtype=torch.int32), speed: 3122.681
11 Overflow !!
11 : update_scale(): _has_overflow, dynamic. _loss_scale =  1.0
Finished iteration 119, CKPT_AND_STOP: False, flag: tensor([0], dtype=torch.int32), speed: 3121.862
11 Overflow !!
11 : update_scale(): _has_overflow, dynamic. _loss_scale =  1.0
Finished iteration 120, CKPT_AND_STOP: False, flag: tensor([0], dtype=torch.int32), speed: 3175.433
11 Overflow !!
11 : update_scale(): _has_overflow, dynamic. _loss_scale =  1.0
Finished iteration 121, CKPT_AND_STOP: False, flag: tensor([0], dtype=torch.int32), speed: 3162.738
11 Overflow !!
11 : update_scale(): _has_overflow, dynamic. _loss_scale =  1.0
Finished iteration 122, CKPT_AND_STOP: False, flag: tensor([0], dtype=torch.int32), speed: 3089.183
11 Overflow !!
11 : update_scale(): _has_overflow, dynamic. _loss_scale =  1.0
Finished iteration 123, CKPT_AND_STOP: False, flag: tensor([0], dtype=torch.int32), speed: 3170.326
11 Overflow !!
11 : update_scale(): _has_overflow, dynamic. _loss_scale =  1.0
Finished iteration 124, CKPT_AND_STOP: False, flag: tensor([0], dtype=torch.int32), speed: 3176.044
11 Overflow !!
11 : update_scale(): _has_overflow, dynamic. _loss_scale =  1.0
Finished iteration 125, CKPT_AND_STOP: False, flag: tensor([0], dtype=torch.int32), speed: 4008.123
11 Overflow !!
11 : update_scale(): _has_overflow, dynamic. _loss_scale =  1.0
Finished iteration 126, CKPT_AND_STOP: False, flag: tensor([0], dtype=torch.int32), speed: 3130.049
11 Overflow !!
11 : update_scale(): _has_overflow, dynamic. _loss_scale =  1.0
Finished iteration 127, CKPT_AND_STOP: False, flag: tensor([0], dtype=torch.int32), speed: 3395.383
11 Overflow !!
11 : update_scale(): _has_overflow, dynamic. _loss_scale =  1.0
Finished iteration 128, CKPT_AND_STOP: False, flag: tensor([0], dtype=torch.int32), speed: 3254.186
11 Overflow !!
11 : update_scale(): _has_overflow, dynamic. _loss_scale =  1.0
Finished iteration 129, CKPT_AND_STOP: False, flag: tensor([0], dtype=torch.int32), speed: 3289.041
11 Overflow !!
11 : update_scale(): _has_overflow, dynamic. _loss_scale =  1.0
Finished iteration 130, CKPT_AND_STOP: False, flag: tensor([0], dtype=torch.int32), speed: 3093.048
11 Overflow !!
11 : update_scale(): _has_overflow, dynamic. _loss_scale =  1.0
Finished iteration 131, CKPT_AND_STOP: False, flag: tensor([0], dtype=torch.int32), speed: 3171.824
11 Overflow !!
11 : update_scale(): _has_overflow, dynamic. _loss_scale =  1.0
Finished iteration 132, CKPT_AND_STOP: False, flag: tensor([0], dtype=torch.int32), speed: 3171.237
11 Overflow !!
11 : update_scale(): _has_overflow, dynamic. _loss_scale =  1.0
Finished iteration 133, CKPT_AND_STOP: False, flag: tensor([0], dtype=torch.int32), speed: 3284.695
11 Overflow !!
11 : update_scale(): _has_overflow, dynamic. _loss_scale =  1.0
Finished iteration 134, CKPT_AND_STOP: False, flag: tensor([0], dtype=torch.int32), speed: 3315.754
11 Overflow !!
11 : update_scale(): _has_overflow, dynamic. _loss_scale =  1.0
Finished iteration 135, CKPT_AND_STOP: False, flag: tensor([0], dtype=torch.int32), speed: 3368.374
11 Overflow !!
11 : update_scale(): _has_overflow, dynamic. _loss_scale =  1.0
Finished iteration 136, CKPT_AND_STOP: False, flag: tensor([0], dtype=torch.int32), speed: 3158.082
11 Overflow !!
11 : update_scale(): _has_overflow, dynamic. _loss_scale =  1.0
Finished iteration 137, CKPT_AND_STOP: False, flag: tensor([0], dtype=torch.int32), speed: 3173.834
11 Overflow !!
11 : update_scale(): _has_overflow, dynamic. _loss_scale =  1.0
Finished iteration 138, CKPT_AND_STOP: False, flag: tensor([0], dtype=torch.int32), speed: 3230.409
11 Overflow !!
11 : update_scale(): _has_overflow, dynamic. _loss_scale =  1.0
Finished iteration 139, CKPT_AND_STOP: False, flag: tensor([0], dtype=torch.int32), speed: 3947.758
11 Overflow !!
11 : update_scale(): _has_overflow, dynamic. _loss_scale =  1.0
Finished iteration 140, CKPT_AND_STOP: False, flag: tensor([0], dtype=torch.int32), speed: 3200.988
11 Overflow !!
11 : update_scale(): _has_overflow, dynamic. _loss_scale =  1.0
Finished iteration 141, CKPT_AND_STOP: False, flag: tensor([1], dtype=torch.int32), speed: 3198.003
2022-11-23 14:53:47.781766 Begin to save checkpont to s3://spot-checkpoints/bert and exit
Opt ckpt time 2.456327199935913
Signal handler called with signal 10


 STOPPING VARUNA !!



Process done with return code 0
Parent process ID: 15380 node: 172.31.19.112
2 per stage
16 servers!
Config:
ranks: range(11, 12)
train batch size: 1024
partitions: 8
chunk_size: 8
data depth: 2
stage to rank map: 0,8;1,9;2,10;3,11;4,12;5,13;6,14;7,15;
World size is 16
/opt/conda/envs/varuna/bin/python -u /home/ubuntu/varuna_examples/DeepLearningExamples/PyTorch/LanguageModeling/BERT/run_pretraining.py --rank=11 --chunk_size=8 --local_rank=0 --stage_to_rank_map=0,8;1,9;2,10;3,11;4,12;5,13;6,14;7,15; --batch-size=512 --input_dir=/hdf5_lower_case_1_seq_len_128_max_pred_20_masked_lm_prob_0.15_random_seed_12345_dupe_factor_5/wikicorpus_en/ --output_dir=s3://spot-checkpoints/bert --config_file=bert_config.json --bert_model=bert-large-uncased --train_batch_size=1024 --max_seq_length=128 --max_predictions_per_seq=20 --max_steps=7038 --warmup_proportion=0.2843 --num_steps_per_checkpoint=200 --learning_rate=6e-3 --seed=12439 --fp16 --gradient_accumulation_steps=128 --allreduce_post_accumulation --allreduce_post_accumulation_fp16 --do_train --json-summary /home/ubuntu/varuna_examples/DeepLearningExamples/PyTorch/LanguageModeling/BERT/results/dllogger.json --varuna --resume_step 142
device: cuda:0 n_gpu: 1, distributed training: True, 16-bits training: True
dry run time 0.0843970775604248
SHARED WEIGHTS ARE
[(0, 7)]
this rank  11 is part of pipeline replica  1
64 chunks
Begin to load checkpint from s3://spot-checkpoints/bert/ckpt_142.pt
2022-11-23 14:54:21.990884 resume step from  142
2022-11-23 14:54:30.076636 - Finished loading checkpoint, takes 8074.345 secs
11 Overflow !!
11 : update_scale(): _has_overflow, dynamic. _loss_scale =  524288.0
Finished iteration 142, CKPT_AND_STOP: False, flag: tensor([0], dtype=torch.int32), speed: 20553.049
11 Overflow !!
11 : update_scale(): _has_overflow, dynamic. _loss_scale =  262144.0
Finished iteration 143, CKPT_AND_STOP: False, flag: tensor([0], dtype=torch.int32), speed: 5308.224
11 Overflow !!
11 : update_scale(): _has_overflow, dynamic. _loss_scale =  131072.0
Finished iteration 144, CKPT_AND_STOP: False, flag: tensor([0], dtype=torch.int32), speed: 5364.813
11 Overflow !!
11 : update_scale(): _has_overflow, dynamic. _loss_scale =  65536.0
Finished iteration 145, CKPT_AND_STOP: False, flag: tensor([0], dtype=torch.int32), speed: 5468.523
11 Overflow !!
11 : update_scale(): _has_overflow, dynamic. _loss_scale =  32768.0
Finished iteration 146, CKPT_AND_STOP: False, flag: tensor([0], dtype=torch.int32), speed: 5311.967
11 Overflow !!
11 : update_scale(): _has_overflow, dynamic. _loss_scale =  16384.0
Finished iteration 147, CKPT_AND_STOP: False, flag: tensor([0], dtype=torch.int32), speed: 4520.070
11 Overflow !!
11 : update_scale(): _has_overflow, dynamic. _loss_scale =  8192.0
Finished iteration 148, CKPT_AND_STOP: False, flag: tensor([0], dtype=torch.int32), speed: 4417.127
11 Overflow !!
11 : update_scale(): _has_overflow, dynamic. _loss_scale =  4096.0
Finished iteration 149, CKPT_AND_STOP: False, flag: tensor([0], dtype=torch.int32), speed: 4490.071
11 Overflow !!
11 : update_scale(): _has_overflow, dynamic. _loss_scale =  2048.0
Finished iteration 150, CKPT_AND_STOP: False, flag: tensor([0], dtype=torch.int32), speed: 4447.298
11 Overflow !!
11 : update_scale(): _has_overflow, dynamic. _loss_scale =  1024.0
Finished iteration 151, CKPT_AND_STOP: False, flag: tensor([0], dtype=torch.int32), speed: 4419.862
11 Overflow !!
11 : update_scale(): _has_overflow, dynamic. _loss_scale =  512.0
Finished iteration 152, CKPT_AND_STOP: False, flag: tensor([0], dtype=torch.int32), speed: 4532.409
11 Overflow !!
11 : update_scale(): _has_overflow, dynamic. _loss_scale =  256.0
Finished iteration 153, CKPT_AND_STOP: False, flag: tensor([0], dtype=torch.int32), speed: 4300.924
11 Overflow !!
11 : update_scale(): _has_overflow, dynamic. _loss_scale =  128.0
Finished iteration 154, CKPT_AND_STOP: False, flag: tensor([1], dtype=torch.int32), speed: 4217.076
2022-11-23 14:55:47.467511 Begin to save checkpont to s3://spot-checkpoints/bert and exit
Opt ckpt time 3.346555709838867
Signal handler called with signal 10


 STOPPING VARUNA !!



Rank 11 signal handler called with signal 10
Process done with return code 0
Parent process ID: 13504 node: 172.31.21.254
2 per stage
16 servers!
Config:
ranks: range(11, 12)
train batch size: 1024
partitions: 8
chunk_size: 8
data depth: 2
stage to rank map: 0,8;1,9;2,10;3,11;4,12;5,13;6,14;7,15;
World size is 16
/opt/conda/envs/varuna/bin/python -u /home/ubuntu/varuna_examples/DeepLearningExamples/PyTorch/LanguageModeling/BERT/run_pretraining.py --rank=11 --chunk_size=8 --local_rank=0 --stage_to_rank_map=0,8;1,9;2,10;3,11;4,12;5,13;6,14;7,15; --batch-size=512 --input_dir=/hdf5_lower_case_1_seq_len_128_max_pred_20_masked_lm_prob_0.15_random_seed_12345_dupe_factor_5/wikicorpus_en/ --output_dir=s3://spot-checkpoints/bert --config_file=bert_config.json --bert_model=bert-large-uncased --train_batch_size=1024 --max_seq_length=128 --max_predictions_per_seq=20 --max_steps=7038 --warmup_proportion=0.2843 --num_steps_per_checkpoint=200 --learning_rate=6e-3 --seed=12439 --fp16 --gradient_accumulation_steps=128 --allreduce_post_accumulation --allreduce_post_accumulation_fp16 --do_train --json-summary /home/ubuntu/varuna_examples/DeepLearningExamples/PyTorch/LanguageModeling/BERT/results/dllogger.json --varuna --resume_step 155
device: cuda:0 n_gpu: 1, distributed training: True, 16-bits training: True
dry run time 0.19124722480773926
SHARED WEIGHTS ARE
[(0, 7)]
this rank  11 is part of pipeline replica  1
64 chunks
Begin to load checkpint from s3://spot-checkpoints/bert/ckpt_155.pt
2022-11-23 14:56:18.423161 resume step from  155
2022-11-23 14:56:25.565977 - Finished loading checkpoint, takes 7131.853 secs
11 Overflow !!
11 : update_scale(): _has_overflow, dynamic. _loss_scale =  524288.0
Finished iteration 155, CKPT_AND_STOP: False, flag: tensor([0], dtype=torch.int32), speed: 16251.061
11 Overflow !!
11 : update_scale(): _has_overflow, dynamic. _loss_scale =  262144.0
Finished iteration 156, CKPT_AND_STOP: False, flag: tensor([0], dtype=torch.int32), speed: 6396.331
11 Overflow !!
11 : update_scale(): _has_overflow, dynamic. _loss_scale =  131072.0
Finished iteration 157, CKPT_AND_STOP: False, flag: tensor([0], dtype=torch.int32), speed: 5540.539
11 Overflow !!
11 : update_scale(): _has_overflow, dynamic. _loss_scale =  65536.0
Finished iteration 158, CKPT_AND_STOP: False, flag: tensor([0], dtype=torch.int32), speed: 5612.922
11 Overflow !!
11 : update_scale(): _has_overflow, dynamic. _loss_scale =  32768.0
Finished iteration 159, CKPT_AND_STOP: False, flag: tensor([0], dtype=torch.int32), speed: 5541.602
11 Overflow !!
11 : update_scale(): _has_overflow, dynamic. _loss_scale =  16384.0
Finished iteration 160, CKPT_AND_STOP: False, flag: tensor([0], dtype=torch.int32), speed: 4417.501
11 Overflow !!
11 : update_scale(): _has_overflow, dynamic. _loss_scale =  8192.0
Finished iteration 161, CKPT_AND_STOP: False, flag: tensor([0], dtype=torch.int32), speed: 4159.742
11 Overflow !!
11 : update_scale(): _has_overflow, dynamic. _loss_scale =  4096.0
Finished iteration 162, CKPT_AND_STOP: False, flag: tensor([0], dtype=torch.int32), speed: 4444.461
11 Overflow !!
11 : update_scale(): _has_overflow, dynamic. _loss_scale =  2048.0
Finished iteration 163, CKPT_AND_STOP: False, flag: tensor([0], dtype=torch.int32), speed: 4356.455
11 Overflow !!
11 : update_scale(): _has_overflow, dynamic. _loss_scale =  1024.0
Finished iteration 164, CKPT_AND_STOP: False, flag: tensor([0], dtype=torch.int32), speed: 4492.228
11 Overflow !!
11 : update_scale(): _has_overflow, dynamic. _loss_scale =  512.0
Finished iteration 165, CKPT_AND_STOP: False, flag: tensor([0], dtype=torch.int32), speed: 4434.871
11 Overflow !!
11 : update_scale(): _has_overflow, dynamic. _loss_scale =  256.0
Finished iteration 166, CKPT_AND_STOP: False, flag: tensor([0], dtype=torch.int32), speed: 4467.914
11 Overflow !!
11 : update_scale(): _has_overflow, dynamic. _loss_scale =  128.0
Finished iteration 167, CKPT_AND_STOP: False, flag: tensor([0], dtype=torch.int32), speed: 5416.296
11 Overflow !!
11 : update_scale(): _has_overflow, dynamic. _loss_scale =  64.0
Finished iteration 168, CKPT_AND_STOP: False, flag: tensor([0], dtype=torch.int32), speed: 4521.226
11 Overflow !!
11 : update_scale(): _has_overflow, dynamic. _loss_scale =  32.0
Finished iteration 169, CKPT_AND_STOP: False, flag: tensor([0], dtype=torch.int32), speed: 4489.065
11 Overflow !!
11 : update_scale(): _has_overflow, dynamic. _loss_scale =  16.0
Finished iteration 170, CKPT_AND_STOP: False, flag: tensor([0], dtype=torch.int32), speed: 4175.977
11 Overflow !!
11 : update_scale(): _has_overflow, dynamic. _loss_scale =  8.0
Finished iteration 171, CKPT_AND_STOP: False, flag: tensor([0], dtype=torch.int32), speed: 4528.791
11 Overflow !!
11 : update_scale(): _has_overflow, dynamic. _loss_scale =  4.0
Finished iteration 172, CKPT_AND_STOP: False, flag: tensor([0], dtype=torch.int32), speed: 4408.282
11 Overflow !!
11 : update_scale(): _has_overflow, dynamic. _loss_scale =  2.0
Finished iteration 173, CKPT_AND_STOP: False, flag: tensor([0], dtype=torch.int32), speed: 4426.354
11 Overflow !!
11 : update_scale(): _has_overflow, dynamic. _loss_scale =  1.0
Finished iteration 174, CKPT_AND_STOP: False, flag: tensor([0], dtype=torch.int32), speed: 4473.118
11 Overflow !!
11 : update_scale(): _has_overflow, dynamic. _loss_scale =  1.0
Finished iteration 175, CKPT_AND_STOP: False, flag: tensor([0], dtype=torch.int32), speed: 4418.935
11 Overflow !!
11 : update_scale(): _has_overflow, dynamic. _loss_scale =  1.0
Finished iteration 176, CKPT_AND_STOP: False, flag: tensor([0], dtype=torch.int32), speed: 4482.708
11 Overflow !!
11 : update_scale(): _has_overflow, dynamic. _loss_scale =  1.0
Finished iteration 177, CKPT_AND_STOP: False, flag: tensor([0], dtype=torch.int32), speed: 4497.850
11 Overflow !!
11 : update_scale(): _has_overflow, dynamic. _loss_scale =  1.0
Finished iteration 178, CKPT_AND_STOP: False, flag: tensor([0], dtype=torch.int32), speed: 4490.378
11 Overflow !!
11 : update_scale(): _has_overflow, dynamic. _loss_scale =  1.0
Finished iteration 179, CKPT_AND_STOP: False, flag: tensor([0], dtype=torch.int32), speed: 4577.588
11 Overflow !!
11 : update_scale(): _has_overflow, dynamic. _loss_scale =  1.0
Finished iteration 180, CKPT_AND_STOP: False, flag: tensor([0], dtype=torch.int32), speed: 4436.370
11 Overflow !!
11 : update_scale(): _has_overflow, dynamic. _loss_scale =  1.0
Finished iteration 181, CKPT_AND_STOP: False, flag: tensor([0], dtype=torch.int32), speed: 4788.253
11 Overflow !!
11 : update_scale(): _has_overflow, dynamic. _loss_scale =  1.0
Finished iteration 182, CKPT_AND_STOP: False, flag: tensor([0], dtype=torch.int32), speed: 4440.791
11 Overflow !!
11 : update_scale(): _has_overflow, dynamic. _loss_scale =  1.0
Finished iteration 183, CKPT_AND_STOP: False, flag: tensor([0], dtype=torch.int32), speed: 4354.546
11 Overflow !!
11 : update_scale(): _has_overflow, dynamic. _loss_scale =  1.0
Finished iteration 184, CKPT_AND_STOP: False, flag: tensor([0], dtype=torch.int32), speed: 4745.732
11 Overflow !!
11 : update_scale(): _has_overflow, dynamic. _loss_scale =  1.0
Finished iteration 185, CKPT_AND_STOP: False, flag: tensor([0], dtype=torch.int32), speed: 4556.712
11 Overflow !!
11 : update_scale(): _has_overflow, dynamic. _loss_scale =  1.0
Finished iteration 186, CKPT_AND_STOP: False, flag: tensor([0], dtype=torch.int32), speed: 4326.728
11 Overflow !!
11 : update_scale(): _has_overflow, dynamic. _loss_scale =  1.0
Finished iteration 187, CKPT_AND_STOP: False, flag: tensor([0], dtype=torch.int32), speed: 4426.515
11 Overflow !!
11 : update_scale(): _has_overflow, dynamic. _loss_scale =  1.0
Finished iteration 188, CKPT_AND_STOP: False, flag: tensor([0], dtype=torch.int32), speed: 4442.573
11 Overflow !!
11 : update_scale(): _has_overflow, dynamic. _loss_scale =  1.0
Finished iteration 189, CKPT_AND_STOP: False, flag: tensor([0], dtype=torch.int32), speed: 4740.014
11 Overflow !!
11 : update_scale(): _has_overflow, dynamic. _loss_scale =  1.0
Finished iteration 190, CKPT_AND_STOP: False, flag: tensor([0], dtype=torch.int32), speed: 4304.407
11 Overflow !!
11 : update_scale(): _has_overflow, dynamic. _loss_scale =  1.0
Finished iteration 191, CKPT_AND_STOP: False, flag: tensor([0], dtype=torch.int32), speed: 4178.747
11 Overflow !!
11 : update_scale(): _has_overflow, dynamic. _loss_scale =  1.0
Finished iteration 192, CKPT_AND_STOP: False, flag: tensor([0], dtype=torch.int32), speed: 4235.574
11 Overflow !!
11 : update_scale(): _has_overflow, dynamic. _loss_scale =  1.0
Finished iteration 193, CKPT_AND_STOP: False, flag: tensor([0], dtype=torch.int32), speed: 4292.713
11 Overflow !!
11 : update_scale(): _has_overflow, dynamic. _loss_scale =  1.0
Finished iteration 194, CKPT_AND_STOP: False, flag: tensor([0], dtype=torch.int32), speed: 4401.258
11 Overflow !!
11 : update_scale(): _has_overflow, dynamic. _loss_scale =  1.0
Finished iteration 195, CKPT_AND_STOP: False, flag: tensor([0], dtype=torch.int32), speed: 4260.328
11 Overflow !!
11 : update_scale(): _has_overflow, dynamic. _loss_scale =  1.0
Finished iteration 196, CKPT_AND_STOP: False, flag: tensor([0], dtype=torch.int32), speed: 4641.248
11 Overflow !!
11 : update_scale(): _has_overflow, dynamic. _loss_scale =  1.0
Finished iteration 197, CKPT_AND_STOP: False, flag: tensor([0], dtype=torch.int32), speed: 4344.072
11 Overflow !!
11 : update_scale(): _has_overflow, dynamic. _loss_scale =  1.0
Finished iteration 198, CKPT_AND_STOP: False, flag: tensor([0], dtype=torch.int32), speed: 4251.457
11 Overflow !!
11 : update_scale(): _has_overflow, dynamic. _loss_scale =  1.0
Finished iteration 199, CKPT_AND_STOP: False, flag: tensor([0], dtype=torch.int32), speed: 4325.682
11 Overflow !!
11 : update_scale(): _has_overflow, dynamic. _loss_scale =  1.0
Finished iteration 200, CKPT_AND_STOP: False, flag: tensor([0], dtype=torch.int32), speed: 4227.350
11 Overflow !!
11 : update_scale(): _has_overflow, dynamic. _loss_scale =  1.0
Finished iteration 201, CKPT_AND_STOP: False, flag: tensor([0], dtype=torch.int32), speed: 4226.118
11 Overflow !!
11 : update_scale(): _has_overflow, dynamic. _loss_scale =  1.0
Finished iteration 202, CKPT_AND_STOP: False, flag: tensor([0], dtype=torch.int32), speed: 4279.430
11 Overflow !!
11 : update_scale(): _has_overflow, dynamic. _loss_scale =  1.0
Finished iteration 203, CKPT_AND_STOP: False, flag: tensor([0], dtype=torch.int32), speed: 4453.602
11 Overflow !!
11 : update_scale(): _has_overflow, dynamic. _loss_scale =  1.0
Finished iteration 204, CKPT_AND_STOP: False, flag: tensor([0], dtype=torch.int32), speed: 4417.438
11 Overflow !!
11 : update_scale(): _has_overflow, dynamic. _loss_scale =  1.0
Finished iteration 205, CKPT_AND_STOP: False, flag: tensor([0], dtype=torch.int32), speed: 4747.295
11 Overflow !!
11 : update_scale(): _has_overflow, dynamic. _loss_scale =  1.0
Finished iteration 206, CKPT_AND_STOP: False, flag: tensor([0], dtype=torch.int32), speed: 5259.653
11 Overflow !!
11 : update_scale(): _has_overflow, dynamic. _loss_scale =  1.0
Finished iteration 207, CKPT_AND_STOP: False, flag: tensor([0], dtype=torch.int32), speed: 4377.358
11 Overflow !!
11 : update_scale(): _has_overflow, dynamic. _loss_scale =  1.0
Finished iteration 208, CKPT_AND_STOP: False, flag: tensor([0], dtype=torch.int32), speed: 4293.958
11 Overflow !!
11 : update_scale(): _has_overflow, dynamic. _loss_scale =  1.0
Finished iteration 209, CKPT_AND_STOP: False, flag: tensor([0], dtype=torch.int32), speed: 4287.591
11 Overflow !!
11 : update_scale(): _has_overflow, dynamic. _loss_scale =  1.0
Finished iteration 210, CKPT_AND_STOP: False, flag: tensor([0], dtype=torch.int32), speed: 4209.451
11 Overflow !!
11 : update_scale(): _has_overflow, dynamic. _loss_scale =  1.0
Finished iteration 211, CKPT_AND_STOP: False, flag: tensor([0], dtype=torch.int32), speed: 4606.539
11 Overflow !!
11 : update_scale(): _has_overflow, dynamic. _loss_scale =  1.0
Finished iteration 212, CKPT_AND_STOP: False, flag: tensor([0], dtype=torch.int32), speed: 4402.083
11 Overflow !!
11 : update_scale(): _has_overflow, dynamic. _loss_scale =  1.0
Finished iteration 213, CKPT_AND_STOP: False, flag: tensor([0], dtype=torch.int32), speed: 4524.158
11 Overflow !!
11 : update_scale(): _has_overflow, dynamic. _loss_scale =  1.0
Finished iteration 214, CKPT_AND_STOP: False, flag: tensor([0], dtype=torch.int32), speed: 5035.964
11 Overflow !!
11 : update_scale(): _has_overflow, dynamic. _loss_scale =  1.0
Finished iteration 215, CKPT_AND_STOP: False, flag: tensor([0], dtype=torch.int32), speed: 4543.753
11 Overflow !!
11 : update_scale(): _has_overflow, dynamic. _loss_scale =  1.0
Finished iteration 216, CKPT_AND_STOP: False, flag: tensor([0], dtype=torch.int32), speed: 4708.632
11 Overflow !!
11 : update_scale(): _has_overflow, dynamic. _loss_scale =  1.0
Finished iteration 217, CKPT_AND_STOP: False, flag: tensor([0], dtype=torch.int32), speed: 4250.964
11 Overflow !!
11 : update_scale(): _has_overflow, dynamic. _loss_scale =  1.0
Finished iteration 218, CKPT_AND_STOP: False, flag: tensor([0], dtype=torch.int32), speed: 4240.019
11 Overflow !!
11 : update_scale(): _has_overflow, dynamic. _loss_scale =  1.0
Finished iteration 219, CKPT_AND_STOP: False, flag: tensor([0], dtype=torch.int32), speed: 4424.335
11 Overflow !!
11 : update_scale(): _has_overflow, dynamic. _loss_scale =  1.0
Finished iteration 220, CKPT_AND_STOP: False, flag: tensor([0], dtype=torch.int32), speed: 4582.520
11 Overflow !!
11 : update_scale(): _has_overflow, dynamic. _loss_scale =  1.0
Finished iteration 221, CKPT_AND_STOP: False, flag: tensor([0], dtype=torch.int32), speed: 4335.941
11 Overflow !!
11 : update_scale(): _has_overflow, dynamic. _loss_scale =  1.0
Finished iteration 222, CKPT_AND_STOP: False, flag: tensor([0], dtype=torch.int32), speed: 4826.557
11 Overflow !!
11 : update_scale(): _has_overflow, dynamic. _loss_scale =  1.0
Finished iteration 223, CKPT_AND_STOP: False, flag: tensor([0], dtype=torch.int32), speed: 4489.183
11 Overflow !!
11 : update_scale(): _has_overflow, dynamic. _loss_scale =  1.0
Finished iteration 224, CKPT_AND_STOP: False, flag: tensor([0], dtype=torch.int32), speed: 4449.508
11 Overflow !!
11 : update_scale(): _has_overflow, dynamic. _loss_scale =  1.0
Finished iteration 225, CKPT_AND_STOP: False, flag: tensor([0], dtype=torch.int32), speed: 4487.857
11 Overflow !!
11 : update_scale(): _has_overflow, dynamic. _loss_scale =  1.0
Finished iteration 226, CKPT_AND_STOP: False, flag: tensor([0], dtype=torch.int32), speed: 4261.553
11 Overflow !!
11 : update_scale(): _has_overflow, dynamic. _loss_scale =  1.0
Finished iteration 227, CKPT_AND_STOP: False, flag: tensor([0], dtype=torch.int32), speed: 4402.409
11 Overflow !!
11 : update_scale(): _has_overflow, dynamic. _loss_scale =  1.0
Finished iteration 228, CKPT_AND_STOP: False, flag: tensor([0], dtype=torch.int32), speed: 4486.058
11 Overflow !!
11 : update_scale(): _has_overflow, dynamic. _loss_scale =  1.0
Finished iteration 229, CKPT_AND_STOP: False, flag: tensor([0], dtype=torch.int32), speed: 4547.710
11 Overflow !!
11 : update_scale(): _has_overflow, dynamic. _loss_scale =  1.0
Finished iteration 230, CKPT_AND_STOP: False, flag: tensor([0], dtype=torch.int32), speed: 4302.619
11 Overflow !!
11 : update_scale(): _has_overflow, dynamic. _loss_scale =  1.0
Finished iteration 231, CKPT_AND_STOP: False, flag: tensor([0], dtype=torch.int32), speed: 4148.128
11 Overflow !!
11 : update_scale(): _has_overflow, dynamic. _loss_scale =  1.0
Finished iteration 232, CKPT_AND_STOP: False, flag: tensor([0], dtype=torch.int32), speed: 4322.183
11 Overflow !!
11 : update_scale(): _has_overflow, dynamic. _loss_scale =  1.0
Finished iteration 233, CKPT_AND_STOP: False, flag: tensor([0], dtype=torch.int32), speed: 4367.860
11 Overflow !!
11 : update_scale(): _has_overflow, dynamic. _loss_scale =  1.0
Finished iteration 234, CKPT_AND_STOP: False, flag: tensor([0], dtype=torch.int32), speed: 4445.675
11 Overflow !!
11 : update_scale(): _has_overflow, dynamic. _loss_scale =  1.0
Finished iteration 235, CKPT_AND_STOP: False, flag: tensor([0], dtype=torch.int32), speed: 4196.441
11 Overflow !!
11 : update_scale(): _has_overflow, dynamic. _loss_scale =  1.0
Finished iteration 236, CKPT_AND_STOP: False, flag: tensor([0], dtype=torch.int32), speed: 4270.931
11 Overflow !!
11 : update_scale(): _has_overflow, dynamic. _loss_scale =  1.0
Finished iteration 237, CKPT_AND_STOP: False, flag: tensor([0], dtype=torch.int32), speed: 4323.681
11 Overflow !!
11 : update_scale(): _has_overflow, dynamic. _loss_scale =  1.0
Finished iteration 238, CKPT_AND_STOP: False, flag: tensor([0], dtype=torch.int32), speed: 4297.417
11 Overflow !!
11 : update_scale(): _has_overflow, dynamic. _loss_scale =  1.0
Finished iteration 239, CKPT_AND_STOP: False, flag: tensor([0], dtype=torch.int32), speed: 4445.427
11 Overflow !!
11 : update_scale(): _has_overflow, dynamic. _loss_scale =  1.0
Finished iteration 240, CKPT_AND_STOP: False, flag: tensor([0], dtype=torch.int32), speed: 4368.095
11 Overflow !!
11 : update_scale(): _has_overflow, dynamic. _loss_scale =  1.0
Finished iteration 241, CKPT_AND_STOP: False, flag: tensor([0], dtype=torch.int32), speed: 4534.244
11 Overflow !!
11 : update_scale(): _has_overflow, dynamic. _loss_scale =  1.0
Finished iteration 242, CKPT_AND_STOP: False, flag: tensor([0], dtype=torch.int32), speed: 4451.619
11 Overflow !!
11 : update_scale(): _has_overflow, dynamic. _loss_scale =  1.0
Finished iteration 243, CKPT_AND_STOP: False, flag: tensor([0], dtype=torch.int32), speed: 4721.509
11 Overflow !!
11 : update_scale(): _has_overflow, dynamic. _loss_scale =  1.0
Finished iteration 244, CKPT_AND_STOP: False, flag: tensor([0], dtype=torch.int32), speed: 4448.064
11 Overflow !!
11 : update_scale(): _has_overflow, dynamic. _loss_scale =  1.0
Finished iteration 245, CKPT_AND_STOP: False, flag: tensor([0], dtype=torch.int32), speed: 4396.568
11 Overflow !!
11 : update_scale(): _has_overflow, dynamic. _loss_scale =  1.0
Finished iteration 246, CKPT_AND_STOP: False, flag: tensor([0], dtype=torch.int32), speed: 4451.419
11 Overflow !!
11 : update_scale(): _has_overflow, dynamic. _loss_scale =  1.0
Finished iteration 247, CKPT_AND_STOP: False, flag: tensor([0], dtype=torch.int32), speed: 4360.837
11 Overflow !!
11 : update_scale(): _has_overflow, dynamic. _loss_scale =  1.0
Finished iteration 248, CKPT_AND_STOP: False, flag: tensor([0], dtype=torch.int32), speed: 4483.531
11 Overflow !!
11 : update_scale(): _has_overflow, dynamic. _loss_scale =  1.0
Finished iteration 249, CKPT_AND_STOP: False, flag: tensor([0], dtype=torch.int32), speed: 4182.752
11 Overflow !!
11 : update_scale(): _has_overflow, dynamic. _loss_scale =  1.0
Finished iteration 250, CKPT_AND_STOP: False, flag: tensor([0], dtype=torch.int32), speed: 4162.174
11 Overflow !!
11 : update_scale(): _has_overflow, dynamic. _loss_scale =  1.0
Finished iteration 251, CKPT_AND_STOP: False, flag: tensor([0], dtype=torch.int32), speed: 5038.639
Process done with return code 1
Parent process ID: 16145 node: 172.31.16.100
1 per stage
8 servers!
11 8 I am of no use!
Parent process ID: 16467 node: 172.31.16.100
1 per stage
8 servers!
11 8 I am of no use!
Parent process ID: 16790 node: 172.31.16.100
2 per stage
16 servers!
Config:
ranks: range(11, 12)
train batch size: 1024
partitions: 8
chunk_size: 8
data depth: 2
stage to rank map: 0,8;1,9;2,10;3,11;4,12;5,13;6,14;7,15;
World size is 16
/opt/conda/envs/varuna/bin/python -u /home/ubuntu/varuna_examples/DeepLearningExamples/PyTorch/LanguageModeling/BERT/run_pretraining.py --rank=11 --chunk_size=8 --local_rank=0 --stage_to_rank_map=0,8;1,9;2,10;3,11;4,12;5,13;6,14;7,15; --batch-size=512 --input_dir=/hdf5_lower_case_1_seq_len_128_max_pred_20_masked_lm_prob_0.15_random_seed_12345_dupe_factor_5/wikicorpus_en/ --output_dir=s3://spot-checkpoints/bert --config_file=bert_config.json --bert_model=bert-large-uncased --train_batch_size=1024 --max_seq_length=128 --max_predictions_per_seq=20 --max_steps=7038 --warmup_proportion=0.2843 --num_steps_per_checkpoint=200 --learning_rate=6e-3 --seed=12439 --fp16 --gradient_accumulation_steps=128 --allreduce_post_accumulation --allreduce_post_accumulation_fp16 --do_train --json-summary /home/ubuntu/varuna_examples/DeepLearningExamples/PyTorch/LanguageModeling/BERT/results/dllogger.json --varuna --resume_step 193
device: cuda:0 n_gpu: 1, distributed training: True, 16-bits training: True
dry run time 0.7533590793609619
SHARED WEIGHTS ARE
[(0, 7)]
this rank  11 is part of pipeline replica  1
64 chunks
Begin to load checkpint from s3://spot-checkpoints/bert/ckpt_193.pt
2022-11-23 15:15:48.816085 resume step from  193
2022-11-23 15:15:54.692416 - Finished loading checkpoint, takes 5863.758 secs
11 Overflow !!
11 : update_scale(): _has_overflow, dynamic. _loss_scale =  524288.0
Finished iteration 193, CKPT_AND_STOP: False, flag: tensor([0], dtype=torch.int32), speed: 16390.650
11 Overflow !!
11 : update_scale(): _has_overflow, dynamic. _loss_scale =  262144.0
Finished iteration 194, CKPT_AND_STOP: False, flag: tensor([0], dtype=torch.int32), speed: 5454.006
11 Overflow !!
11 : update_scale(): _has_overflow, dynamic. _loss_scale =  131072.0
Finished iteration 195, CKPT_AND_STOP: False, flag: tensor([0], dtype=torch.int32), speed: 5179.444
11 Overflow !!
11 : update_scale(): _has_overflow, dynamic. _loss_scale =  65536.0
Finished iteration 196, CKPT_AND_STOP: False, flag: tensor([0], dtype=torch.int32), speed: 5350.361
11 Overflow !!
11 : update_scale(): _has_overflow, dynamic. _loss_scale =  32768.0
Finished iteration 197, CKPT_AND_STOP: False, flag: tensor([0], dtype=torch.int32), speed: 5423.827
11 Overflow !!
11 : update_scale(): _has_overflow, dynamic. _loss_scale =  16384.0
Finished iteration 198, CKPT_AND_STOP: False, flag: tensor([0], dtype=torch.int32), speed: 4096.864
11 Overflow !!
11 : update_scale(): _has_overflow, dynamic. _loss_scale =  8192.0
Finished iteration 199, CKPT_AND_STOP: False, flag: tensor([0], dtype=torch.int32), speed: 4213.142
11 Overflow !!
11 : update_scale(): _has_overflow, dynamic. _loss_scale =  4096.0
Finished iteration 200, CKPT_AND_STOP: False, flag: tensor([0], dtype=torch.int32), speed: 4345.706
11 Overflow !!
11 : update_scale(): _has_overflow, dynamic. _loss_scale =  2048.0
Finished iteration 201, CKPT_AND_STOP: False, flag: tensor([0], dtype=torch.int32), speed: 4333.055
11 Overflow !!
11 : update_scale(): _has_overflow, dynamic. _loss_scale =  1024.0
Finished iteration 202, CKPT_AND_STOP: False, flag: tensor([0], dtype=torch.int32), speed: 4285.156
11 Overflow !!
11 : update_scale(): _has_overflow, dynamic. _loss_scale =  512.0
Finished iteration 203, CKPT_AND_STOP: False, flag: tensor([0], dtype=torch.int32), speed: 4343.066
11 Overflow !!
11 : update_scale(): _has_overflow, dynamic. _loss_scale =  256.0
Finished iteration 204, CKPT_AND_STOP: False, flag: tensor([0], dtype=torch.int32), speed: 4092.357
11 Overflow !!
11 : update_scale(): _has_overflow, dynamic. _loss_scale =  128.0
Finished iteration 205, CKPT_AND_STOP: False, flag: tensor([0], dtype=torch.int32), speed: 4243.627
11 Overflow !!
11 : update_scale(): _has_overflow, dynamic. _loss_scale =  64.0
Finished iteration 206, CKPT_AND_STOP: False, flag: tensor([0], dtype=torch.int32), speed: 4083.718
11 Overflow !!
11 : update_scale(): _has_overflow, dynamic. _loss_scale =  32.0
Finished iteration 207, CKPT_AND_STOP: False, flag: tensor([0], dtype=torch.int32), speed: 4277.252
11 Overflow !!
11 : update_scale(): _has_overflow, dynamic. _loss_scale =  16.0
Finished iteration 208, CKPT_AND_STOP: False, flag: tensor([0], dtype=torch.int32), speed: 4171.744
11 Overflow !!
11 : update_scale(): _has_overflow, dynamic. _loss_scale =  8.0
Finished iteration 209, CKPT_AND_STOP: False, flag: tensor([0], dtype=torch.int32), speed: 4515.062
11 Overflow !!
11 : update_scale(): _has_overflow, dynamic. _loss_scale =  4.0
Finished iteration 210, CKPT_AND_STOP: False, flag: tensor([0], dtype=torch.int32), speed: 4278.398
11 Overflow !!
11 : update_scale(): _has_overflow, dynamic. _loss_scale =  2.0
Finished iteration 211, CKPT_AND_STOP: False, flag: tensor([0], dtype=torch.int32), speed: 4187.857
11 Overflow !!
11 : update_scale(): _has_overflow, dynamic. _loss_scale =  1.0
Finished iteration 212, CKPT_AND_STOP: False, flag: tensor([0], dtype=torch.int32), speed: 4287.409
11 Overflow !!
11 : update_scale(): _has_overflow, dynamic. _loss_scale =  1.0
Finished iteration 213, CKPT_AND_STOP: False, flag: tensor([0], dtype=torch.int32), speed: 4111.336
11 Overflow !!
11 : update_scale(): _has_overflow, dynamic. _loss_scale =  1.0
Finished iteration 214, CKPT_AND_STOP: False, flag: tensor([0], dtype=torch.int32), speed: 4099.621
11 Overflow !!
11 : update_scale(): _has_overflow, dynamic. _loss_scale =  1.0
Finished iteration 215, CKPT_AND_STOP: False, flag: tensor([0], dtype=torch.int32), speed: 4262.887
11 Overflow !!
11 : update_scale(): _has_overflow, dynamic. _loss_scale =  1.0
Finished iteration 216, CKPT_AND_STOP: False, flag: tensor([0], dtype=torch.int32), speed: 4108.562
11 Overflow !!
11 : update_scale(): _has_overflow, dynamic. _loss_scale =  1.0
Finished iteration 217, CKPT_AND_STOP: False, flag: tensor([0], dtype=torch.int32), speed: 4234.453
11 Overflow !!
11 : update_scale(): _has_overflow, dynamic. _loss_scale =  1.0
Finished iteration 218, CKPT_AND_STOP: False, flag: tensor([0], dtype=torch.int32), speed: 4261.937
11 Overflow !!
11 : update_scale(): _has_overflow, dynamic. _loss_scale =  1.0
Finished iteration 219, CKPT_AND_STOP: False, flag: tensor([0], dtype=torch.int32), speed: 4113.933
11 Overflow !!
11 : update_scale(): _has_overflow, dynamic. _loss_scale =  1.0
Finished iteration 220, CKPT_AND_STOP: False, flag: tensor([0], dtype=torch.int32), speed: 4239.368
11 Overflow !!
11 : update_scale(): _has_overflow, dynamic. _loss_scale =  1.0
Finished iteration 221, CKPT_AND_STOP: False, flag: tensor([0], dtype=torch.int32), speed: 4463.779
11 Overflow !!
11 : update_scale(): _has_overflow, dynamic. _loss_scale =  1.0
Finished iteration 222, CKPT_AND_STOP: False, flag: tensor([2], dtype=torch.int32), speed: 4176.284
2022-11-23 15:18:18.371329 Begin to save checkpont to s3://spot-checkpoints/bert and exit
Opt ckpt time 3.3788564205169678
Signal handler called with signal 10


 STOPPING VARUNA !!



Rank 11 signal handler called with signal 10
Process done with return code 0
Parent process ID: 17382 node: 172.31.16.100
2 per stage
16 servers!
Config:
ranks: range(11, 12)
train batch size: 1024
partitions: 8
chunk_size: 8
data depth: 2
stage to rank map: 0,8;1,9;2,10;3,11;4,12;5,13;6,14;7,15;
World size is 16
/opt/conda/envs/varuna/bin/python -u /home/ubuntu/varuna_examples/DeepLearningExamples/PyTorch/LanguageModeling/BERT/run_pretraining.py --rank=11 --chunk_size=8 --local_rank=0 --stage_to_rank_map=0,8;1,9;2,10;3,11;4,12;5,13;6,14;7,15; --batch-size=512 --input_dir=/hdf5_lower_case_1_seq_len_128_max_pred_20_masked_lm_prob_0.15_random_seed_12345_dupe_factor_5/wikicorpus_en/ --output_dir=s3://spot-checkpoints/bert --config_file=bert_config.json --bert_model=bert-large-uncased --train_batch_size=1024 --max_seq_length=128 --max_predictions_per_seq=20 --max_steps=7038 --warmup_proportion=0.2843 --num_steps_per_checkpoint=200 --learning_rate=6e-3 --seed=12439 --fp16 --gradient_accumulation_steps=128 --allreduce_post_accumulation --allreduce_post_accumulation_fp16 --do_train --json-summary /home/ubuntu/varuna_examples/DeepLearningExamples/PyTorch/LanguageModeling/BERT/results/dllogger.json --varuna --resume_step 223
device: cuda:0 n_gpu: 1, distributed training: True, 16-bits training: True
dry run time 0.017887115478515625
SHARED WEIGHTS ARE
[(0, 7)]
this rank  11 is part of pipeline replica  1
64 chunks
Begin to load checkpint from s3://spot-checkpoints/bert/ckpt_223.pt
2022-11-23 15:18:46.889573 resume step from  223
2022-11-23 15:18:58.882589 - Finished loading checkpoint, takes 11981.270 secs
11 Overflow !!
11 : update_scale(): _has_overflow, dynamic. _loss_scale =  524288.0
Finished iteration 223, CKPT_AND_STOP: False, flag: tensor([0], dtype=torch.int32), speed: 15721.041
11 Overflow !!
11 : update_scale(): _has_overflow, dynamic. _loss_scale =  262144.0
Finished iteration 224, CKPT_AND_STOP: False, flag: tensor([0], dtype=torch.int32), speed: 5327.940
11 Overflow !!
11 : update_scale(): _has_overflow, dynamic. _loss_scale =  131072.0
Finished iteration 225, CKPT_AND_STOP: False, flag: tensor([0], dtype=torch.int32), speed: 5298.972
11 Overflow !!
11 : update_scale(): _has_overflow, dynamic. _loss_scale =  65536.0
Finished iteration 226, CKPT_AND_STOP: False, flag: tensor([0], dtype=torch.int32), speed: 5192.391
11 Overflow !!
11 : update_scale(): _has_overflow, dynamic. _loss_scale =  32768.0
Finished iteration 227, CKPT_AND_STOP: False, flag: tensor([0], dtype=torch.int32), speed: 5258.862
11 Overflow !!
11 : update_scale(): _has_overflow, dynamic. _loss_scale =  16384.0
Finished iteration 228, CKPT_AND_STOP: False, flag: tensor([0], dtype=torch.int32), speed: 4405.792
11 Overflow !!
11 : update_scale(): _has_overflow, dynamic. _loss_scale =  8192.0
Finished iteration 229, CKPT_AND_STOP: False, flag: tensor([0], dtype=torch.int32), speed: 4337.874
11 Overflow !!
11 : update_scale(): _has_overflow, dynamic. _loss_scale =  4096.0
Finished iteration 230, CKPT_AND_STOP: False, flag: tensor([0], dtype=torch.int32), speed: 4174.983
11 Overflow !!
11 : update_scale(): _has_overflow, dynamic. _loss_scale =  2048.0
Finished iteration 231, CKPT_AND_STOP: False, flag: tensor([0], dtype=torch.int32), speed: 4237.011
11 Overflow !!
11 : update_scale(): _has_overflow, dynamic. _loss_scale =  1024.0
Finished iteration 232, CKPT_AND_STOP: False, flag: tensor([0], dtype=torch.int32), speed: 4241.776
11 Overflow !!
11 : update_scale(): _has_overflow, dynamic. _loss_scale =  512.0
Finished iteration 233, CKPT_AND_STOP: False, flag: tensor([0], dtype=torch.int32), speed: 4238.017
11 Overflow !!
11 : update_scale(): _has_overflow, dynamic. _loss_scale =  256.0
Finished iteration 234, CKPT_AND_STOP: False, flag: tensor([0], dtype=torch.int32), speed: 4259.399
11 Overflow !!
11 : update_scale(): _has_overflow, dynamic. _loss_scale =  128.0
Finished iteration 235, CKPT_AND_STOP: False, flag: tensor([0], dtype=torch.int32), speed: 4114.073
11 Overflow !!
11 : update_scale(): _has_overflow, dynamic. _loss_scale =  64.0
Finished iteration 236, CKPT_AND_STOP: False, flag: tensor([0], dtype=torch.int32), speed: 4348.391
11 Overflow !!
11 : update_scale(): _has_overflow, dynamic. _loss_scale =  32.0
Finished iteration 237, CKPT_AND_STOP: False, flag: tensor([0], dtype=torch.int32), speed: 4166.992
11 Overflow !!
11 : update_scale(): _has_overflow, dynamic. _loss_scale =  16.0
Finished iteration 238, CKPT_AND_STOP: False, flag: tensor([0], dtype=torch.int32), speed: 4234.995
11 Overflow !!
11 : update_scale(): _has_overflow, dynamic. _loss_scale =  8.0
Finished iteration 239, CKPT_AND_STOP: False, flag: tensor([0], dtype=torch.int32), speed: 4216.266
11 Overflow !!
11 : update_scale(): _has_overflow, dynamic. _loss_scale =  4.0
Finished iteration 240, CKPT_AND_STOP: False, flag: tensor([0], dtype=torch.int32), speed: 4249.015
11 Overflow !!
11 : update_scale(): _has_overflow, dynamic. _loss_scale =  2.0
Finished iteration 241, CKPT_AND_STOP: False, flag: tensor([0], dtype=torch.int32), speed: 4055.912
11 Overflow !!
11 : update_scale(): _has_overflow, dynamic. _loss_scale =  1.0
Finished iteration 242, CKPT_AND_STOP: False, flag: tensor([0], dtype=torch.int32), speed: 4242.953
11 Overflow !!
11 : update_scale(): _has_overflow, dynamic. _loss_scale =  1.0
Finished iteration 243, CKPT_AND_STOP: False, flag: tensor([0], dtype=torch.int32), speed: 4368.773
11 Overflow !!
11 : update_scale(): _has_overflow, dynamic. _loss_scale =  1.0
Finished iteration 244, CKPT_AND_STOP: False, flag: tensor([0], dtype=torch.int32), speed: 4183.436
11 Overflow !!
11 : update_scale(): _has_overflow, dynamic. _loss_scale =  1.0
Finished iteration 245, CKPT_AND_STOP: False, flag: tensor([0], dtype=torch.int32), speed: 4188.350
11 Overflow !!
11 : update_scale(): _has_overflow, dynamic. _loss_scale =  1.0
Finished iteration 246, CKPT_AND_STOP: False, flag: tensor([0], dtype=torch.int32), speed: 4344.802
11 Overflow !!
11 : update_scale(): _has_overflow, dynamic. _loss_scale =  1.0
Finished iteration 247, CKPT_AND_STOP: False, flag: tensor([0], dtype=torch.int32), speed: 4196.502
11 Overflow !!
11 : update_scale(): _has_overflow, dynamic. _loss_scale =  1.0
Finished iteration 248, CKPT_AND_STOP: False, flag: tensor([0], dtype=torch.int32), speed: 4311.692
11 Overflow !!
11 : update_scale(): _has_overflow, dynamic. _loss_scale =  1.0
Finished iteration 249, CKPT_AND_STOP: False, flag: tensor([0], dtype=torch.int32), speed: 4207.901
11 Overflow !!
11 : update_scale(): _has_overflow, dynamic. _loss_scale =  1.0
Finished iteration 250, CKPT_AND_STOP: False, flag: tensor([0], dtype=torch.int32), speed: 4192.715
11 Overflow !!
11 : update_scale(): _has_overflow, dynamic. _loss_scale =  1.0
Finished iteration 251, CKPT_AND_STOP: False, flag: tensor([0], dtype=torch.int32), speed: 4251.297
11 Overflow !!
11 : update_scale(): _has_overflow, dynamic. _loss_scale =  1.0
Finished iteration 252, CKPT_AND_STOP: False, flag: tensor([0], dtype=torch.int32), speed: 4205.699
11 Overflow !!
11 : update_scale(): _has_overflow, dynamic. _loss_scale =  1.0
Finished iteration 253, CKPT_AND_STOP: False, flag: tensor([0], dtype=torch.int32), speed: 4278.123
11 Overflow !!
11 : update_scale(): _has_overflow, dynamic. _loss_scale =  1.0
Finished iteration 254, CKPT_AND_STOP: False, flag: tensor([0], dtype=torch.int32), speed: 4095.636
11 Overflow !!
11 : update_scale(): _has_overflow, dynamic. _loss_scale =  1.0
Finished iteration 255, CKPT_AND_STOP: False, flag: tensor([0], dtype=torch.int32), speed: 4134.523
11 Overflow !!
11 : update_scale(): _has_overflow, dynamic. _loss_scale =  1.0
Finished iteration 256, CKPT_AND_STOP: False, flag: tensor([0], dtype=torch.int32), speed: 4100.686
11 Overflow !!
11 : update_scale(): _has_overflow, dynamic. _loss_scale =  1.0
Finished iteration 257, CKPT_AND_STOP: False, flag: tensor([0], dtype=torch.int32), speed: 4120.650
11 Overflow !!
11 : update_scale(): _has_overflow, dynamic. _loss_scale =  1.0
Finished iteration 258, CKPT_AND_STOP: False, flag: tensor([0], dtype=torch.int32), speed: 4332.285
11 Overflow !!
11 : update_scale(): _has_overflow, dynamic. _loss_scale =  1.0
Finished iteration 259, CKPT_AND_STOP: False, flag: tensor([0], dtype=torch.int32), speed: 4347.430
11 Overflow !!
11 : update_scale(): _has_overflow, dynamic. _loss_scale =  1.0
Finished iteration 260, CKPT_AND_STOP: False, flag: tensor([0], dtype=torch.int32), speed: 4188.278
11 Overflow !!
11 : update_scale(): _has_overflow, dynamic. _loss_scale =  1.0
Finished iteration 261, CKPT_AND_STOP: False, flag: tensor([0], dtype=torch.int32), speed: 4383.988
11 Overflow !!
11 : update_scale(): _has_overflow, dynamic. _loss_scale =  1.0
Finished iteration 262, CKPT_AND_STOP: False, flag: tensor([0], dtype=torch.int32), speed: 4245.036
11 Overflow !!
11 : update_scale(): _has_overflow, dynamic. _loss_scale =  1.0
Finished iteration 263, CKPT_AND_STOP: False, flag: tensor([0], dtype=torch.int32), speed: 4308.499
11 Overflow !!
11 : update_scale(): _has_overflow, dynamic. _loss_scale =  1.0
Finished iteration 264, CKPT_AND_STOP: False, flag: tensor([0], dtype=torch.int32), speed: 4283.635
11 Overflow !!
11 : update_scale(): _has_overflow, dynamic. _loss_scale =  1.0
Finished iteration 265, CKPT_AND_STOP: False, flag: tensor([0], dtype=torch.int32), speed: 4126.139
11 Overflow !!
11 : update_scale(): _has_overflow, dynamic. _loss_scale =  1.0
Finished iteration 266, CKPT_AND_STOP: False, flag: tensor([0], dtype=torch.int32), speed: 4343.336
11 Overflow !!
11 : update_scale(): _has_overflow, dynamic. _loss_scale =  1.0
Finished iteration 267, CKPT_AND_STOP: False, flag: tensor([0], dtype=torch.int32), speed: 4179.521
11 Overflow !!
11 : update_scale(): _has_overflow, dynamic. _loss_scale =  1.0
Finished iteration 268, CKPT_AND_STOP: False, flag: tensor([0], dtype=torch.int32), speed: 4345.914
11 Overflow !!
11 : update_scale(): _has_overflow, dynamic. _loss_scale =  1.0
Finished iteration 269, CKPT_AND_STOP: False, flag: tensor([0], dtype=torch.int32), speed: 4262.183
11 Overflow !!
11 : update_scale(): _has_overflow, dynamic. _loss_scale =  1.0
Finished iteration 270, CKPT_AND_STOP: False, flag: tensor([0], dtype=torch.int32), speed: 4274.830
11 Overflow !!
11 : update_scale(): _has_overflow, dynamic. _loss_scale =  1.0
Finished iteration 271, CKPT_AND_STOP: False, flag: tensor([0], dtype=torch.int32), speed: 4370.010
11 Overflow !!
11 : update_scale(): _has_overflow, dynamic. _loss_scale =  1.0
Finished iteration 272, CKPT_AND_STOP: False, flag: tensor([0], dtype=torch.int32), speed: 4221.247
11 Overflow !!
11 : update_scale(): _has_overflow, dynamic. _loss_scale =  1.0
Finished iteration 273, CKPT_AND_STOP: False, flag: tensor([0], dtype=torch.int32), speed: 4205.232
11 Overflow !!
11 : update_scale(): _has_overflow, dynamic. _loss_scale =  1.0
Finished iteration 274, CKPT_AND_STOP: False, flag: tensor([0], dtype=torch.int32), speed: 4270.889
11 Overflow !!
11 : update_scale(): _has_overflow, dynamic. _loss_scale =  1.0
Finished iteration 275, CKPT_AND_STOP: False, flag: tensor([0], dtype=torch.int32), speed: 4193.578
11 Overflow !!
11 : update_scale(): _has_overflow, dynamic. _loss_scale =  1.0
Finished iteration 276, CKPT_AND_STOP: False, flag: tensor([0], dtype=torch.int32), speed: 4221.911
11 Overflow !!
11 : update_scale(): _has_overflow, dynamic. _loss_scale =  1.0
Finished iteration 277, CKPT_AND_STOP: False, flag: tensor([0], dtype=torch.int32), speed: 4142.779
11 Overflow !!
11 : update_scale(): _has_overflow, dynamic. _loss_scale =  1.0
Finished iteration 278, CKPT_AND_STOP: False, flag: tensor([0], dtype=torch.int32), speed: 4085.715
11 Overflow !!
11 : update_scale(): _has_overflow, dynamic. _loss_scale =  1.0
Finished iteration 279, CKPT_AND_STOP: False, flag: tensor([0], dtype=torch.int32), speed: 4244.359
11 Overflow !!
11 : update_scale(): _has_overflow, dynamic. _loss_scale =  1.0
Finished iteration 280, CKPT_AND_STOP: False, flag: tensor([0], dtype=torch.int32), speed: 4147.863
11 Overflow !!
11 : update_scale(): _has_overflow, dynamic. _loss_scale =  1.0
Finished iteration 281, CKPT_AND_STOP: False, flag: tensor([0], dtype=torch.int32), speed: 4250.151
11 Overflow !!
11 : update_scale(): _has_overflow, dynamic. _loss_scale =  1.0
Finished iteration 282, CKPT_AND_STOP: False, flag: tensor([0], dtype=torch.int32), speed: 4384.766
11 Overflow !!
11 : update_scale(): _has_overflow, dynamic. _loss_scale =  1.0
Finished iteration 283, CKPT_AND_STOP: False, flag: tensor([0], dtype=torch.int32), speed: 4166.900
11 Overflow !!
11 : update_scale(): _has_overflow, dynamic. _loss_scale =  1.0
Finished iteration 284, CKPT_AND_STOP: False, flag: tensor([0], dtype=torch.int32), speed: 4171.272
11 Overflow !!
11 : update_scale(): _has_overflow, dynamic. _loss_scale =  1.0
Finished iteration 285, CKPT_AND_STOP: False, flag: tensor([0], dtype=torch.int32), speed: 5243.760
11 Overflow !!
11 : update_scale(): _has_overflow, dynamic. _loss_scale =  1.0
Finished iteration 286, CKPT_AND_STOP: False, flag: tensor([0], dtype=torch.int32), speed: 4374.337
11 Overflow !!
11 : update_scale(): _has_overflow, dynamic. _loss_scale =  1.0
Finished iteration 287, CKPT_AND_STOP: False, flag: tensor([0], dtype=torch.int32), speed: 4255.857
11 Overflow !!
11 : update_scale(): _has_overflow, dynamic. _loss_scale =  1.0
Finished iteration 288, CKPT_AND_STOP: False, flag: tensor([0], dtype=torch.int32), speed: 4330.460
11 Overflow !!
11 : update_scale(): _has_overflow, dynamic. _loss_scale =  1.0
Finished iteration 289, CKPT_AND_STOP: False, flag: tensor([0], dtype=torch.int32), speed: 4147.660
11 Overflow !!
11 : update_scale(): _has_overflow, dynamic. _loss_scale =  1.0
Finished iteration 290, CKPT_AND_STOP: False, flag: tensor([0], dtype=torch.int32), speed: 4301.159
11 Overflow !!
11 : update_scale(): _has_overflow, dynamic. _loss_scale =  1.0
Finished iteration 291, CKPT_AND_STOP: False, flag: tensor([0], dtype=torch.int32), speed: 4249.038
11 Overflow !!
11 : update_scale(): _has_overflow, dynamic. _loss_scale =  1.0
Finished iteration 292, CKPT_AND_STOP: False, flag: tensor([0], dtype=torch.int32), speed: 4123.963
11 Overflow !!
11 : update_scale(): _has_overflow, dynamic. _loss_scale =  1.0
Finished iteration 293, CKPT_AND_STOP: False, flag: tensor([0], dtype=torch.int32), speed: 4357.285
11 Overflow !!
11 : update_scale(): _has_overflow, dynamic. _loss_scale =  1.0
Finished iteration 294, CKPT_AND_STOP: False, flag: tensor([0], dtype=torch.int32), speed: 4157.165
11 Overflow !!
11 : update_scale(): _has_overflow, dynamic. _loss_scale =  1.0
Finished iteration 295, CKPT_AND_STOP: False, flag: tensor([0], dtype=torch.int32), speed: 4343.594
11 Overflow !!
11 : update_scale(): _has_overflow, dynamic. _loss_scale =  1.0
Finished iteration 296, CKPT_AND_STOP: False, flag: tensor([0], dtype=torch.int32), speed: 4134.192
11 Overflow !!
11 : update_scale(): _has_overflow, dynamic. _loss_scale =  1.0
Finished iteration 297, CKPT_AND_STOP: False, flag: tensor([0], dtype=torch.int32), speed: 4328.110
11 Overflow !!
11 : update_scale(): _has_overflow, dynamic. _loss_scale =  1.0
Finished iteration 298, CKPT_AND_STOP: False, flag: tensor([0], dtype=torch.int32), speed: 4153.234
11 Overflow !!
11 : update_scale(): _has_overflow, dynamic. _loss_scale =  1.0
Finished iteration 299, CKPT_AND_STOP: False, flag: tensor([0], dtype=torch.int32), speed: 4266.808
11 Overflow !!
11 : update_scale(): _has_overflow, dynamic. _loss_scale =  1.0
Finished iteration 300, CKPT_AND_STOP: False, flag: tensor([0], dtype=torch.int32), speed: 4239.616
11 Overflow !!
11 : update_scale(): _has_overflow, dynamic. _loss_scale =  1.0
Finished iteration 301, CKPT_AND_STOP: False, flag: tensor([0], dtype=torch.int32), speed: 4372.748
11 Overflow !!
11 : update_scale(): _has_overflow, dynamic. _loss_scale =  1.0
Finished iteration 302, CKPT_AND_STOP: False, flag: tensor([0], dtype=torch.int32), speed: 4460.470
11 Overflow !!
11 : update_scale(): _has_overflow, dynamic. _loss_scale =  1.0
Finished iteration 303, CKPT_AND_STOP: False, flag: tensor([0], dtype=torch.int32), speed: 4602.105
11 Overflow !!
11 : update_scale(): _has_overflow, dynamic. _loss_scale =  1.0
Finished iteration 304, CKPT_AND_STOP: False, flag: tensor([0], dtype=torch.int32), speed: 4630.671
11 Overflow !!
11 : update_scale(): _has_overflow, dynamic. _loss_scale =  1.0
Finished iteration 305, CKPT_AND_STOP: False, flag: tensor([0], dtype=torch.int32), speed: 4160.643
11 Overflow !!
11 : update_scale(): _has_overflow, dynamic. _loss_scale =  1.0
Finished iteration 306, CKPT_AND_STOP: False, flag: tensor([0], dtype=torch.int32), speed: 4254.509
11 Overflow !!
11 : update_scale(): _has_overflow, dynamic. _loss_scale =  1.0
Finished iteration 307, CKPT_AND_STOP: False, flag: tensor([0], dtype=torch.int32), speed: 4266.937
11 Overflow !!
11 : update_scale(): _has_overflow, dynamic. _loss_scale =  1.0
Finished iteration 308, CKPT_AND_STOP: False, flag: tensor([0], dtype=torch.int32), speed: 4191.602
11 Overflow !!
11 : update_scale(): _has_overflow, dynamic. _loss_scale =  1.0
Finished iteration 309, CKPT_AND_STOP: False, flag: tensor([0], dtype=torch.int32), speed: 4176.922
11 Overflow !!
11 : update_scale(): _has_overflow, dynamic. _loss_scale =  1.0
Finished iteration 310, CKPT_AND_STOP: False, flag: tensor([0], dtype=torch.int32), speed: 4127.955
11 Overflow !!
11 : update_scale(): _has_overflow, dynamic. _loss_scale =  1.0
Finished iteration 311, CKPT_AND_STOP: False, flag: tensor([0], dtype=torch.int32), speed: 4168.552
11 Overflow !!
11 : update_scale(): _has_overflow, dynamic. _loss_scale =  1.0
Finished iteration 312, CKPT_AND_STOP: False, flag: tensor([0], dtype=torch.int32), speed: 4260.218
11 Overflow !!
11 : update_scale(): _has_overflow, dynamic. _loss_scale =  1.0
Finished iteration 313, CKPT_AND_STOP: False, flag: tensor([0], dtype=torch.int32), speed: 4082.074
11 Overflow !!
11 : update_scale(): _has_overflow, dynamic. _loss_scale =  1.0
Finished iteration 314, CKPT_AND_STOP: False, flag: tensor([0], dtype=torch.int32), speed: 4467.891
11 Overflow !!
11 : update_scale(): _has_overflow, dynamic. _loss_scale =  1.0
Finished iteration 315, CKPT_AND_STOP: False, flag: tensor([0], dtype=torch.int32), speed: 4243.528
11 Overflow !!
11 : update_scale(): _has_overflow, dynamic. _loss_scale =  1.0
Finished iteration 316, CKPT_AND_STOP: False, flag: tensor([0], dtype=torch.int32), speed: 4202.598
11 Overflow !!
11 : update_scale(): _has_overflow, dynamic. _loss_scale =  1.0
Finished iteration 317, CKPT_AND_STOP: False, flag: tensor([0], dtype=torch.int32), speed: 4159.683
11 Overflow !!
11 : update_scale(): _has_overflow, dynamic. _loss_scale =  1.0
Finished iteration 318, CKPT_AND_STOP: False, flag: tensor([0], dtype=torch.int32), speed: 4160.533
11 Overflow !!
11 : update_scale(): _has_overflow, dynamic. _loss_scale =  1.0
Finished iteration 319, CKPT_AND_STOP: False, flag: tensor([0], dtype=torch.int32), speed: 4157.415
Process done with return code -6
Parent process ID: 17417 node: 172.31.19.112
1 per stage
8 servers!
11 8 I am of no use!
Parent process ID: 17730 node: 172.31.19.112
2 per stage
16 servers!
Config:
ranks: range(11, 12)
train batch size: 1024
partitions: 8
chunk_size: 8
data depth: 2
stage to rank map: 0,8;1,9;2,10;3,11;4,12;5,13;6,14;7,15;
World size is 16
/opt/conda/envs/varuna/bin/python -u /home/ubuntu/varuna_examples/DeepLearningExamples/PyTorch/LanguageModeling/BERT/run_pretraining.py --rank=11 --chunk_size=8 --local_rank=0 --stage_to_rank_map=0,8;1,9;2,10;3,11;4,12;5,13;6,14;7,15; --batch-size=512 --input_dir=/hdf5_lower_case_1_seq_len_128_max_pred_20_masked_lm_prob_0.15_random_seed_12345_dupe_factor_5/wikicorpus_en/ --output_dir=s3://spot-checkpoints/bert --config_file=bert_config.json --bert_model=bert-large-uncased --train_batch_size=1024 --max_seq_length=128 --max_predictions_per_seq=20 --max_steps=7038 --warmup_proportion=0.2843 --num_steps_per_checkpoint=200 --learning_rate=6e-3 --seed=12439 --fp16 --gradient_accumulation_steps=128 --allreduce_post_accumulation --allreduce_post_accumulation_fp16 --do_train --json-summary /home/ubuntu/varuna_examples/DeepLearningExamples/PyTorch/LanguageModeling/BERT/results/dllogger.json --varuna --resume_step 223
device: cuda:0 n_gpu: 1, distributed training: True, 16-bits training: True
dry run time 0.19640183448791504
SHARED WEIGHTS ARE
[(0, 7)]
this rank  11 is part of pipeline replica  1
64 chunks
Begin to load checkpint from s3://spot-checkpoints/bert/ckpt_223.pt
2022-11-23 15:26:44.288201 resume step from  223
2022-11-23 15:26:52.384006 - Finished loading checkpoint, takes 8084.320 secs
11 Overflow !!
11 : update_scale(): _has_overflow, dynamic. _loss_scale =  524288.0
Finished iteration 223, CKPT_AND_STOP: False, flag: tensor([0], dtype=torch.int32), speed: 20857.912
11 Overflow !!
11 : update_scale(): _has_overflow, dynamic. _loss_scale =  262144.0
Finished iteration 224, CKPT_AND_STOP: False, flag: tensor([0], dtype=torch.int32), speed: 5307.802
11 Overflow !!
11 : update_scale(): _has_overflow, dynamic. _loss_scale =  131072.0
Finished iteration 225, CKPT_AND_STOP: False, flag: tensor([0], dtype=torch.int32), speed: 5295.232
11 Overflow !!
11 : update_scale(): _has_overflow, dynamic. _loss_scale =  65536.0
Finished iteration 226, CKPT_AND_STOP: False, flag: tensor([0], dtype=torch.int32), speed: 5232.514
11 Overflow !!
11 : update_scale(): _has_overflow, dynamic. _loss_scale =  32768.0
Finished iteration 227, CKPT_AND_STOP: False, flag: tensor([0], dtype=torch.int32), speed: 5248.622
11 Overflow !!
11 : update_scale(): _has_overflow, dynamic. _loss_scale =  16384.0
Finished iteration 228, CKPT_AND_STOP: False, flag: tensor([0], dtype=torch.int32), speed: 4204.213
11 Overflow !!
11 : update_scale(): _has_overflow, dynamic. _loss_scale =  8192.0
Finished iteration 229, CKPT_AND_STOP: False, flag: tensor([0], dtype=torch.int32), speed: 4267.330
11 Overflow !!
11 : update_scale(): _has_overflow, dynamic. _loss_scale =  4096.0
Finished iteration 230, CKPT_AND_STOP: False, flag: tensor([0], dtype=torch.int32), speed: 4335.140
11 Overflow !!
11 : update_scale(): _has_overflow, dynamic. _loss_scale =  2048.0
Finished iteration 231, CKPT_AND_STOP: False, flag: tensor([0], dtype=torch.int32), speed: 4194.278
11 Overflow !!
11 : update_scale(): _has_overflow, dynamic. _loss_scale =  1024.0
Finished iteration 232, CKPT_AND_STOP: False, flag: tensor([0], dtype=torch.int32), speed: 4416.931
11 Overflow !!
11 : update_scale(): _has_overflow, dynamic. _loss_scale =  512.0
Finished iteration 233, CKPT_AND_STOP: False, flag: tensor([0], dtype=torch.int32), speed: 4281.467
11 Overflow !!
11 : update_scale(): _has_overflow, dynamic. _loss_scale =  256.0
Finished iteration 234, CKPT_AND_STOP: False, flag: tensor([0], dtype=torch.int32), speed: 4484.545
11 Overflow !!
11 : update_scale(): _has_overflow, dynamic. _loss_scale =  128.0
Finished iteration 235, CKPT_AND_STOP: False, flag: tensor([0], dtype=torch.int32), speed: 4308.061
11 Overflow !!
11 : update_scale(): _has_overflow, dynamic. _loss_scale =  64.0
Finished iteration 236, CKPT_AND_STOP: False, flag: tensor([0], dtype=torch.int32), speed: 4184.548
11 Overflow !!
11 : update_scale(): _has_overflow, dynamic. _loss_scale =  32.0
Finished iteration 237, CKPT_AND_STOP: False, flag: tensor([0], dtype=torch.int32), speed: 4227.743
11 Overflow !!
11 : update_scale(): _has_overflow, dynamic. _loss_scale =  16.0
Finished iteration 238, CKPT_AND_STOP: False, flag: tensor([0], dtype=torch.int32), speed: 4193.326
11 Overflow !!
11 : update_scale(): _has_overflow, dynamic. _loss_scale =  8.0
Finished iteration 239, CKPT_AND_STOP: False, flag: tensor([0], dtype=torch.int32), speed: 4277.431
11 Overflow !!
11 : update_scale(): _has_overflow, dynamic. _loss_scale =  4.0
Finished iteration 240, CKPT_AND_STOP: False, flag: tensor([0], dtype=torch.int32), speed: 4162.685
11 Overflow !!
11 : update_scale(): _has_overflow, dynamic. _loss_scale =  2.0
Finished iteration 241, CKPT_AND_STOP: False, flag: tensor([0], dtype=torch.int32), speed: 4248.280
11 Overflow !!
11 : update_scale(): _has_overflow, dynamic. _loss_scale =  1.0
Finished iteration 242, CKPT_AND_STOP: False, flag: tensor([0], dtype=torch.int32), speed: 4257.339
11 Overflow !!
11 : update_scale(): _has_overflow, dynamic. _loss_scale =  1.0
Finished iteration 243, CKPT_AND_STOP: False, flag: tensor([0], dtype=torch.int32), speed: 4242.085
11 Overflow !!
11 : update_scale(): _has_overflow, dynamic. _loss_scale =  1.0
Finished iteration 244, CKPT_AND_STOP: False, flag: tensor([0], dtype=torch.int32), speed: 4158.723
11 Overflow !!
11 : update_scale(): _has_overflow, dynamic. _loss_scale =  1.0
Finished iteration 245, CKPT_AND_STOP: False, flag: tensor([0], dtype=torch.int32), speed: 4165.653
11 Overflow !!
11 : update_scale(): _has_overflow, dynamic. _loss_scale =  1.0
Finished iteration 246, CKPT_AND_STOP: False, flag: tensor([0], dtype=torch.int32), speed: 4037.712
11 Overflow !!
11 : update_scale(): _has_overflow, dynamic. _loss_scale =  1.0
Finished iteration 247, CKPT_AND_STOP: False, flag: tensor([0], dtype=torch.int32), speed: 4312.680
11 Overflow !!
11 : update_scale(): _has_overflow, dynamic. _loss_scale =  1.0
Finished iteration 248, CKPT_AND_STOP: False, flag: tensor([0], dtype=torch.int32), speed: 4285.339
11 Overflow !!
11 : update_scale(): _has_overflow, dynamic. _loss_scale =  1.0
Finished iteration 249, CKPT_AND_STOP: False, flag: tensor([0], dtype=torch.int32), speed: 4302.976
11 Overflow !!
11 : update_scale(): _has_overflow, dynamic. _loss_scale =  1.0
Finished iteration 250, CKPT_AND_STOP: False, flag: tensor([0], dtype=torch.int32), speed: 4138.471
11 Overflow !!
11 : update_scale(): _has_overflow, dynamic. _loss_scale =  1.0
Finished iteration 251, CKPT_AND_STOP: False, flag: tensor([0], dtype=torch.int32), speed: 4137.438
11 Overflow !!
11 : update_scale(): _has_overflow, dynamic. _loss_scale =  1.0
Finished iteration 252, CKPT_AND_STOP: False, flag: tensor([0], dtype=torch.int32), speed: 4069.188
