Parent process ID: 10880 node: 172.31.24.191
12 cutpoints
Stages 1
Micro-bs 32 Max mem: 8350516326.4
Predicted microbatch size for 1: 32
comm size 0
GPUS_PER_VM=1 /home/ubuntu/varuna/tools/simulator/simulate-varuna 1 4 0 1019436.4886319825 0
End of simulation:  Mini-batch time (usec) = 1473410
Min send: 10000000, max send 0
Min long send: 10000000, max long send 0
Min fwd: 10000000, max fwd 0; min bwd 10000000, max bwd 0
Min long fwd: 32586, max long fwd 34870; min long bwd 78355, max long bwd 82859
Time taken by simulation: 42 microseconds

Stages 2
Micro-bs 32 Max mem: 5185528320.0
Predicted microbatch size for 2: 32
comm size 12845056
WARNING: no send time found, 2 partitions
GPUS_PER_VM=1 /home/ubuntu/varuna/tools/simulator/simulate-varuna 2 8 0 12826.751708984375 541471.8854995001
End of simulation:  Mini-batch time (usec) = 2009897
Min send: 10000000, max send 0
Min long send: 541803, max long send 557166
Min fwd: 17296, max fwd 25575; min bwd 48866, max bwd 52899
Min long fwd: 8632, max long fwd 14339; min long bwd 27298, max long bwd 31270
Time taken by simulation: 165 microseconds

Stages 3
Micro-bs 32 Max mem: 4313669017.6
Predicted microbatch size for 3: 32
comm size 25690112
WARNING: no send time found, 3 partitions
GPUS_PER_VM=1 /home/ubuntu/varuna/tools/simulator/simulate-varuna 3 11 0 6699.138164520264 929913.8118823369
End of simulation:  Mini-batch time (usec) = 6713432
Min send: 10000000, max send 0
Min long send: 930245, max long send 952379
Min fwd: 8603, max fwd 19440; min bwd 23111, max bwd 41107
Min long fwd: 1397, max long fwd 9139; min long bwd 11354, max long bwd 19649
Time taken by simulation: 358 microseconds

Stages 4
Micro-bs 32 Max mem: 3762429747.2
Predicted microbatch size for 4: 32
comm size 25690112
WARNING: no send time found, 4 partitions
GPUS_PER_VM=1 /home/ubuntu/varuna/tools/simulator/simulate-varuna 4 16 0 2442.7969455718994 929913.8118823369
End of simulation:  Mini-batch time (usec) = 10570352
Min send: 10000000, max send 0
Min long send: 929995, max long send 956013
Min fwd: 4298, max fwd 15893; min bwd 12064, max bwd 32201
Min long fwd: 434, max long fwd 5410; min long bwd 7050, max long bwd 15280
Time taken by simulation: 730 microseconds

Stages 6
Micro-bs 32 Max mem: 3200148889.6
Predicted microbatch size for 6: 32
comm size 12845056
WARNING: no send time found, 6 partitions
GPUS_PER_VM=1 /home/ubuntu/varuna/tools/simulator/simulate-varuna 6 22 0 1199.0070343017578 541471.8854995001
End of simulation:  Mini-batch time (usec) = 10143004
Min send: 10000000, max send 0
Min long send: 541608, max long send 568633
Min fwd: 100, max fwd 13449; min bwd 5055, max bwd 25194
Min long fwd: 204, max long fwd 4354; min long bwd 636, max long bwd 8174
Time taken by simulation: 1607 microseconds

{1: 1.47341, 2: 2.009897, 3: 6.713432, 4: 10.570352, 6: 10.143004}
{1: 32, 2: 32, 3: 32, 4: 32, 6: 32}
best config is: 2 32
expected time is 2.009897
9 per stage
18 servers!
18 18 I am of no use!
