Parent process ID: 5160 node: 172.31.30.99
24 cutpoints
Stages 1
Micro-bs 8 Max mem: 14622140211.200005
Predicted microbatch size for 1: 8
comm size 0
GPUS_PER_VM=1 /home/ubuntu/varuna/tools/simulator/simulate-varuna 1 7 0 2427995.1171875 0
End of simulation:  Mini-batch time (usec) = 4729691
Min send: 10000000, max send 0
Min long send: 10000000, max long send 0
Min fwd: 10000000, max fwd 0; min bwd 10000000, max bwd 0
Min long fwd: 140628, max long fwd 144458; min long bwd 182761, max long bwd 191040
Time taken by simulation: 54 microseconds

Stages 2
Micro-bs 8 Max mem: 7660942131.200001
Predicted microbatch size for 2: 8
comm size 4194304
WARNING: no send time found, 2 partitions
GPUS_PER_VM=1 /home/ubuntu/varuna/tools/simulator/simulate-varuna 2 15 0 627061.3403320312 248719.58977934244
End of simulation:  Mini-batch time (usec) = 4648858
Min send: 10000000, max send 0
Min long send: 249047, max long send 271185
Min fwd: 78473, max fwd 86627; min bwd 87174, max bwd 96382
Min long fwd: 58530, max long fwd 64048; min long bwd 92410, max long bwd 98662
Time taken by simulation: 277 microseconds

Stages 3
Micro-bs 8 Max mem: 5497876480.0
Predicted microbatch size for 3: 8
comm size 4194304
WARNING: no send time found, 3 partitions
GPUS_PER_VM=1 /home/ubuntu/varuna/tools/simulator/simulate-varuna 3 22 0 458857.6354980469 248719.58977934244
End of simulation:  Mini-batch time (usec) = 4729712
Min send: 10000000, max send 0
Min long send: 248773, max long send 273213
Min fwd: 34027, max fwd 67951; min bwd 51930, max bwd 65605
Min long fwd: 35944, max long fwd 44034; min long bwd 63837, max long bwd 73078
Time taken by simulation: 699 microseconds

Stages 4
Micro-bs 8 Max mem: 4406266675.2
Predicted microbatch size for 4: 8
comm size 4194304
WARNING: no send time found, 4 partitions
GPUS_PER_VM=1 /home/ubuntu/varuna/tools/simulator/simulate-varuna 4 32 0 320241.69921875 248719.58977934244
End of simulation:  Mini-batch time (usec) = 5904441
Min send: 10000000, max send 0
Min long send: 248907, max long send 278723
Min fwd: 20622, max fwd 60312; min bwd 35656, max bwd 52205
Min long fwd: 30741, max long fwd 36945; min long bwd 47928, max long bwd 56568
Time taken by simulation: 1484 microseconds

Stages 6
Micro-bs 8 Max mem: 3314656870.4
Predicted microbatch size for 6: 8
comm size 4194304
WARNING: no send time found, 6 partitions
GPUS_PER_VM=1 /home/ubuntu/varuna/tools/simulator/simulate-varuna 6 43 0 218394.13452148438 248719.58977934244
End of simulation:  Mini-batch time (usec) = 8069195
Min send: 10000000, max send 0
Min long send: 248801, max long send 275881
Min fwd: 11106, max fwd 44737; min bwd 22890, max bwd 36101
Min long fwd: 21913, max long fwd 30446; min long bwd 33725, max long bwd 41238
Time taken by simulation: 3182 microseconds

Stages 8
Micro-bs 8 Max mem: 2758774988.8
Predicted microbatch size for 8: 8
comm size 4194304
WARNING: no send time found, 8 partitions
GPUS_PER_VM=1 /home/ubuntu/varuna/tools/simulator/simulate-varuna 8 64 0 144488.12866210938 248719.58977934244
End of simulation:  Mini-batch time (usec) = 11599775
Min send: 10000000, max send 0
Min long send: 248735, max long send 283577
Min fwd: 5572, max fwd 41293; min bwd 15648, max bwd 28947
Min long fwd: 17804, max long fwd 28406; min long bwd 25411, max long bwd 32670
Time taken by simulation: 6764 microseconds

Stages 12
Micro-bs 8 Max mem: 2202893107.2
Predicted microbatch size for 12: 8
comm size 4194304
WARNING: no send time found, 12 partitions
GPUS_PER_VM=1 /home/ubuntu/varuna/tools/simulator/simulate-varuna 12 128 0 0 248719.58977934244
End of simulation:  Mini-batch time (usec) = 21673100
Min send: 10000000, max send 0
Min long send: 248719, max long send 288457
Min fwd: 673, max fwd 27541; min bwd 8696, max bwd 22046
Min long fwd: 7851, max long fwd 17781; min long bwd 16226, max long bwd 27833
Time taken by simulation: 21688 microseconds

{1: 4.729691, 2: 4.648858, 3: 4.729712, 4: 5.904441, 6: 8.069195, 8: 11.599775, 12: 21.6731}
{1: 8, 2: 8, 3: 8, 4: 8, 6: 8, 8: 8, 12: 8}
best config is: 2 8
expected time is 4.648858
9 per stage
18 servers!
Config:
ranks: range(5, 6)
train batch size: 1024
partitions: 2
chunk_size: 8
data depth: 9
stage to rank map: 0,2,4,6,8,10,12,14,16;1,3,5,7,9,11,13,15,17;
World size is 18
/opt/conda/envs/varuna/bin/python -u /home/ubuntu/varuna_examples/DeepLearningExamples/PyTorch/LanguageModeling/BERT/run_pretraining.py --rank=5 --chunk_size=8 --local_rank=0 --stage_to_rank_map=0,2,4,6,8,10,12,14,16;1,3,5,7,9,11,13,15,17; --batch-size=113 --input_dir=/hdf5_lower_case_1_seq_len_128_max_pred_20_masked_lm_prob_0.15_random_seed_12345_dupe_factor_5/wikicorpus_en/ --output_dir=s3://spot-checkpoints/bert --config_file=bert_config.json --bert_model=bert-large-uncased --train_batch_size=1024 --max_seq_length=128 --max_predictions_per_seq=20 --max_steps=7038 --warmup_proportion=0.2843 --num_steps_per_checkpoint=200 --learning_rate=6e-3 --seed=12439 --fp16 --gradient_accumulation_steps=128 --allreduce_post_accumulation --allreduce_post_accumulation_fp16 --do_train --json-summary /home/ubuntu/varuna_examples/DeepLearningExamples/PyTorch/LanguageModeling/BERT/results/dllogger.json --varuna
device: cuda:0 n_gpu: 1, distributed training: True, 16-bits training: True
dry run time 0.1677994728088379
SHARED WEIGHTS ARE
[(0, 1)]
this rank  5 is part of pipeline replica  2
15 chunks
5 Overflow !!
5 : update_scale(): _has_overflow, dynamic. _loss_scale =  524288.0
[2022-11-26 02:54:13.495678] Finished iteration 0, CKPT_AND_STOP: False, flag: tensor([0], dtype=torch.int32), speed: 4434.318
5 Overflow !!
5 : update_scale(): _has_overflow, dynamic. _loss_scale =  262144.0
[2022-11-26 02:54:17.525818] Finished iteration 1, CKPT_AND_STOP: False, flag: tensor([0], dtype=torch.int32), speed: 4029.918
5 Overflow !!
5 : update_scale(): _has_overflow, dynamic. _loss_scale =  131072.0
[2022-11-26 02:54:20.474352] Finished iteration 2, CKPT_AND_STOP: False, flag: tensor([0], dtype=torch.int32), speed: 2948.467
5 Overflow !!
5 : update_scale(): _has_overflow, dynamic. _loss_scale =  65536.0
[2022-11-26 02:54:23.390051] Finished iteration 3, CKPT_AND_STOP: False, flag: tensor([0], dtype=torch.int32), speed: 2915.646
5 Overflow !!
5 : update_scale(): _has_overflow, dynamic. _loss_scale =  32768.0
[2022-11-26 02:54:26.391562] Finished iteration 4, CKPT_AND_STOP: False, flag: tensor([0], dtype=torch.int32), speed: 3001.467
5 Overflow !!
5 : update_scale(): _has_overflow, dynamic. _loss_scale =  16384.0
[2022-11-26 02:54:29.334057] Finished iteration 5, CKPT_AND_STOP: False, flag: tensor([0], dtype=torch.int32), speed: 2942.487
5 Overflow !!
5 : update_scale(): _has_overflow, dynamic. _loss_scale =  8192.0
[2022-11-26 02:54:32.300860] Finished iteration 6, CKPT_AND_STOP: False, flag: tensor([0], dtype=torch.int32), speed: 2966.769
5 Overflow !!
5 : update_scale(): _has_overflow, dynamic. _loss_scale =  4096.0
[2022-11-26 02:54:35.245596] Finished iteration 7, CKPT_AND_STOP: False, flag: tensor([0], dtype=torch.int32), speed: 2944.697
5 Overflow !!
5 : update_scale(): _has_overflow, dynamic. _loss_scale =  2048.0
[2022-11-26 02:54:38.197081] Finished iteration 8, CKPT_AND_STOP: False, flag: tensor([0], dtype=torch.int32), speed: 2951.451
5 Overflow !!
5 : update_scale(): _has_overflow, dynamic. _loss_scale =  1024.0
[2022-11-26 02:54:41.201933] Finished iteration 9, CKPT_AND_STOP: False, flag: tensor([0], dtype=torch.int32), speed: 3004.822
5 Overflow !!
5 : update_scale(): _has_overflow, dynamic. _loss_scale =  512.0
[2022-11-26 02:54:44.129672] Finished iteration 10, CKPT_AND_STOP: False, flag: tensor([0], dtype=torch.int32), speed: 2927.717
5 Overflow !!
5 : update_scale(): _has_overflow, dynamic. _loss_scale =  256.0
[2022-11-26 02:54:47.120006] Finished iteration 11, CKPT_AND_STOP: False, flag: tensor([0], dtype=torch.int32), speed: 2990.291
5 Overflow !!
5 : update_scale(): _has_overflow, dynamic. _loss_scale =  128.0
[2022-11-26 02:54:50.076723] Finished iteration 12, CKPT_AND_STOP: False, flag: tensor([0], dtype=torch.int32), speed: 2956.692
5 Overflow !!
5 : update_scale(): _has_overflow, dynamic. _loss_scale =  64.0
[2022-11-26 02:54:53.024441] Finished iteration 13, CKPT_AND_STOP: False, flag: tensor([0], dtype=torch.int32), speed: 2947.686
5 Overflow !!
5 : update_scale(): _has_overflow, dynamic. _loss_scale =  32.0
[2022-11-26 02:54:55.997648] Finished iteration 14, CKPT_AND_STOP: False, flag: tensor([0], dtype=torch.int32), speed: 2973.205
5 Overflow !!
5 : update_scale(): _has_overflow, dynamic. _loss_scale =  16.0
[2022-11-26 02:54:58.978680] Finished iteration 15, CKPT_AND_STOP: False, flag: tensor([0], dtype=torch.int32), speed: 2980.998
5 Overflow !!
5 : update_scale(): _has_overflow, dynamic. _loss_scale =  8.0
[2022-11-26 02:55:01.927868] Finished iteration 16, CKPT_AND_STOP: False, flag: tensor([0], dtype=torch.int32), speed: 2949.169
5 Overflow !!
5 : update_scale(): _has_overflow, dynamic. _loss_scale =  4.0
[2022-11-26 02:55:04.961480] Finished iteration 17, CKPT_AND_STOP: False, flag: tensor([0], dtype=torch.int32), speed: 3033.571
5 Overflow !!
5 : update_scale(): _has_overflow, dynamic. _loss_scale =  2.0
[2022-11-26 02:55:07.932677] Finished iteration 18, CKPT_AND_STOP: False, flag: tensor([0], dtype=torch.int32), speed: 2971.181
5 Overflow !!
5 : update_scale(): _has_overflow, dynamic. _loss_scale =  1.0
[2022-11-26 02:55:10.917811] Finished iteration 19, CKPT_AND_STOP: False, flag: tensor([0], dtype=torch.int32), speed: 2985.112
5 Overflow !!
5 : update_scale(): _has_overflow, dynamic. _loss_scale =  1.0
[2022-11-26 02:55:13.912052] Finished iteration 20, CKPT_AND_STOP: False, flag: tensor([0], dtype=torch.int32), speed: 2994.200
5 Overflow !!
5 : update_scale(): _has_overflow, dynamic. _loss_scale =  1.0
[2022-11-26 02:55:16.891435] Finished iteration 21, CKPT_AND_STOP: False, flag: tensor([0], dtype=torch.int32), speed: 2979.326
5 Overflow !!
5 : update_scale(): _has_overflow, dynamic. _loss_scale =  1.0
[2022-11-26 02:55:19.864914] Finished iteration 22, CKPT_AND_STOP: False, flag: tensor([0], dtype=torch.int32), speed: 2973.450
5 Overflow !!
5 : update_scale(): _has_overflow, dynamic. _loss_scale =  1.0
[2022-11-26 02:55:22.831676] Finished iteration 23, CKPT_AND_STOP: False, flag: tensor([0], dtype=torch.int32), speed: 2966.727
5 Overflow !!
5 : update_scale(): _has_overflow, dynamic. _loss_scale =  1.0
[2022-11-26 02:55:25.831202] Finished iteration 24, CKPT_AND_STOP: False, flag: tensor([0], dtype=torch.int32), speed: 2999.518
5 Overflow !!
5 : update_scale(): _has_overflow, dynamic. _loss_scale =  1.0
[2022-11-26 02:55:28.783125] Finished iteration 25, CKPT_AND_STOP: False, flag: tensor([0], dtype=torch.int32), speed: 2951.898
5 Overflow !!
5 : update_scale(): _has_overflow, dynamic. _loss_scale =  1.0
[2022-11-26 02:55:31.757239] Finished iteration 26, CKPT_AND_STOP: False, flag: tensor([0], dtype=torch.int32), speed: 2974.066
5 Overflow !!
5 : update_scale(): _has_overflow, dynamic. _loss_scale =  1.0
[2022-11-26 02:55:34.730697] Finished iteration 27, CKPT_AND_STOP: False, flag: tensor([0], dtype=torch.int32), speed: 2973.423
5 Overflow !!
5 : update_scale(): _has_overflow, dynamic. _loss_scale =  1.0
[2022-11-26 02:55:37.697452] Finished iteration 28, CKPT_AND_STOP: False, flag: tensor([0], dtype=torch.int32), speed: 2966.730
5 Overflow !!
5 : update_scale(): _has_overflow, dynamic. _loss_scale =  1.0
[2022-11-26 02:55:40.662679] Finished iteration 29, CKPT_AND_STOP: False, flag: tensor([0], dtype=torch.int32), speed: 2965.203
5 Overflow !!
5 : update_scale(): _has_overflow, dynamic. _loss_scale =  1.0
[2022-11-26 02:55:43.646199] Finished iteration 30, CKPT_AND_STOP: False, flag: tensor([0], dtype=torch.int32), speed: 2983.492
5 Overflow !!
5 : update_scale(): _has_overflow, dynamic. _loss_scale =  1.0
[2022-11-26 02:55:46.592012] Finished iteration 31, CKPT_AND_STOP: False, flag: tensor([0], dtype=torch.int32), speed: 2945.780
5 Overflow !!
5 : update_scale(): _has_overflow, dynamic. _loss_scale =  1.0
[2022-11-26 02:55:49.541827] Finished iteration 32, CKPT_AND_STOP: False, flag: tensor([2], dtype=torch.int32), speed: 2949.785
2022-11-26 02:55:49.546278 Begin to save checkpont to s3://spot-checkpoints/bert and exit
Signal handler called with signal 10


 STOPPING VARUNA !!



Rank 5 signal handler called with signal 10
Opt ckpt time 14.576266288757324
Process done with return code 0
Parent process ID: 6266 node: 172.31.22.229
24 cutpoints
Stages 1
Micro-bs 8 Max mem: 14622140211.200005
Predicted microbatch size for 1: 8
comm size 0
GPUS_PER_VM=1 /home/ubuntu/varuna/tools/simulator/simulate-varuna 1 8 0 2493369.62890625 0
End of simulation:  Mini-batch time (usec) = 5124879
Min send: 10000000, max send 0
Min long send: 10000000, max long send 0
Min fwd: 10000000, max fwd 0; min bwd 10000000, max bwd 0
Min long fwd: 140628, max long fwd 144458; min long bwd 182761, max long bwd 191040
Time taken by simulation: 57 microseconds

Stages 2
Micro-bs 8 Max mem: 7660942131.200001
Predicted microbatch size for 2: 8
comm size 4194304
WARNING: no send time found, 2 partitions
GPUS_PER_VM=1 /home/ubuntu/varuna/tools/simulator/simulate-varuna 2 16 0 630155.517578125 248719.58977934244
End of simulation:  Mini-batch time (usec) = 4812054
Min send: 10000000, max send 0
Min long send: 249051, max long send 271185
Min fwd: 78473, max fwd 86627; min bwd 87174, max bwd 96382
Min long fwd: 58631, max long fwd 64048; min long bwd 92410, max long bwd 98662
Time taken by simulation: 302 microseconds

Stages 3
Micro-bs 8 Max mem: 5497876480.0
Predicted microbatch size for 3: 8
comm size 4194304
WARNING: no send time found, 3 partitions
GPUS_PER_VM=1 /home/ubuntu/varuna/tools/simulator/simulate-varuna 3 26 0 419870.6359863281 248719.58977934244
End of simulation:  Mini-batch time (usec) = 5992289
Min send: 10000000, max send 0
Min long send: 248719, max long send 273213
Min fwd: 34027, max fwd 67951; min bwd 53788, max bwd 65605
Min long fwd: 36841, max long fwd 44034; min long bwd 64590, max long bwd 71935
Time taken by simulation: 813 microseconds

Stages 4
Micro-bs 8 Max mem: 4406266675.2
Predicted microbatch size for 4: 8
comm size 4194304
WARNING: no send time found, 4 partitions
GPUS_PER_VM=1 /home/ubuntu/varuna/tools/simulator/simulate-varuna 4 32 0 320241.69921875 248719.58977934244
End of simulation:  Mini-batch time (usec) = 5904441
Min send: 10000000, max send 0
Min long send: 248907, max long send 278723
Min fwd: 20622, max fwd 60312; min bwd 35656, max bwd 52205
Min long fwd: 30741, max long fwd 36945; min long bwd 47928, max long bwd 56568
Time taken by simulation: 1455 microseconds

Stages 6
Micro-bs 8 Max mem: 3314656870.4
Predicted microbatch size for 6: 8
comm size 4194304
WARNING: no send time found, 6 partitions
GPUS_PER_VM=1 /home/ubuntu/varuna/tools/simulator/simulate-varuna 6 64 0 159503.44848632812 248719.58977934244
End of simulation:  Mini-batch time (usec) = 10628515
Min send: 10000000, max send 0
Min long send: 248794, max long send 278723
Min fwd: 9813, max fwd 44004; min bwd 22822, max bwd 35461
Min long fwd: 21408, max long fwd 29794; min long bwd 32401, max long bwd 41612
Time taken by simulation: 4831 microseconds

Stages 8
Micro-bs 8 Max mem: 2758774988.8
Predicted microbatch size for 8: 8
comm size 4194304
WARNING: no send time found, 8 partitions
GPUS_PER_VM=1 /home/ubuntu/varuna/tools/simulator/simulate-varuna 8 64 0 144488.12866210938 248719.58977934244
End of simulation:  Mini-batch time (usec) = 11599775
Min send: 10000000, max send 0
Min long send: 248735, max long send 283577
Min fwd: 5572, max fwd 41293; min bwd 15648, max bwd 28947
Min long fwd: 17804, max long fwd 28406; min long bwd 25411, max long bwd 32670
Time taken by simulation: 6645 microseconds

Stages 12
Micro-bs 8 Max mem: 2202893107.2
Predicted microbatch size for 12: 8
comm size 4194304
WARNING: no send time found, 12 partitions
GPUS_PER_VM=1 /home/ubuntu/varuna/tools/simulator/simulate-varuna 12 128 0 0 248719.58977934244
End of simulation:  Mini-batch time (usec) = 21673100
Min send: 10000000, max send 0
Min long send: 248719, max long send 288457
Min fwd: 673, max fwd 27541; min bwd 8696, max bwd 22046
Min long fwd: 7851, max long fwd 17781; min long bwd 16226, max long bwd 27833
Time taken by simulation: 21527 microseconds

{1: 5.124879, 2: 4.812054, 3: 5.992289, 4: 5.904441, 6: 10.628515, 8: 11.599775, 12: 21.6731}
{1: 8, 2: 8, 3: 8, 4: 8, 6: 8, 8: 8, 12: 8}
best config is: 2 8
expected time is 4.812054
8 per stage
16 servers!
Config:
ranks: range(5, 6)
train batch size: 1024
partitions: 2
chunk_size: 8
data depth: 8
stage to rank map: 0,2,4,6,8,10,12,14;1,3,5,7,9,11,13,15;
World size is 16
/opt/conda/envs/varuna/bin/python -u /home/ubuntu/varuna_examples/DeepLearningExamples/PyTorch/LanguageModeling/BERT/run_pretraining.py --rank=5 --chunk_size=8 --local_rank=0 --stage_to_rank_map=0,2,4,6,8,10,12,14;1,3,5,7,9,11,13,15; --batch-size=128 --input_dir=/hdf5_lower_case_1_seq_len_128_max_pred_20_masked_lm_prob_0.15_random_seed_12345_dupe_factor_5/wikicorpus_en/ --output_dir=s3://spot-checkpoints/bert --config_file=bert_config.json --bert_model=bert-large-uncased --train_batch_size=1024 --max_seq_length=128 --max_predictions_per_seq=20 --max_steps=7038 --warmup_proportion=0.2843 --num_steps_per_checkpoint=200 --learning_rate=6e-3 --seed=12439 --fp16 --gradient_accumulation_steps=128 --allreduce_post_accumulation --allreduce_post_accumulation_fp16 --do_train --json-summary /home/ubuntu/varuna_examples/DeepLearningExamples/PyTorch/LanguageModeling/BERT/results/dllogger.json --varuna --resume_step 33
device: cuda:0 n_gpu: 1, distributed training: True, 16-bits training: True
dry run time 0.6483447551727295
SHARED WEIGHTS ARE
[(0, 1)]
this rank  5 is part of pipeline replica  2
16 chunks
Begin to load checkpint from s3://spot-checkpoints/bert/ckpt_33.pt
2022-11-26 02:56:50.125401 resume step from  33
2022-11-26 02:57:34.711019 - Finished loading checkpoint, takes 44.557 secs
5 Overflow !!
5 : update_scale(): _has_overflow, dynamic. _loss_scale =  524288.0
[2022-11-26 02:57:49.983863] Finished iteration 33, CKPT_AND_STOP: False, flag: tensor([0], dtype=torch.int32), speed: 5167.777
5 Overflow !!
5 : update_scale(): _has_overflow, dynamic. _loss_scale =  262144.0
[2022-11-26 02:57:53.200407] Finished iteration 34, CKPT_AND_STOP: False, flag: tensor([0], dtype=torch.int32), speed: 3216.285
5 Overflow !!
5 : update_scale(): _has_overflow, dynamic. _loss_scale =  131072.0
[2022-11-26 02:57:56.340760] Finished iteration 35, CKPT_AND_STOP: False, flag: tensor([0], dtype=torch.int32), speed: 3140.332
5 Overflow !!
5 : update_scale(): _has_overflow, dynamic. _loss_scale =  65536.0
[2022-11-26 02:57:59.565869] Finished iteration 36, CKPT_AND_STOP: False, flag: tensor([0], dtype=torch.int32), speed: 3225.110
5 Overflow !!
5 : update_scale(): _has_overflow, dynamic. _loss_scale =  32768.0
[2022-11-26 02:58:02.734157] Finished iteration 37, CKPT_AND_STOP: False, flag: tensor([0], dtype=torch.int32), speed: 3168.274
5 Overflow !!
5 : update_scale(): _has_overflow, dynamic. _loss_scale =  16384.0
[2022-11-26 02:58:05.859239] Finished iteration 38, CKPT_AND_STOP: False, flag: tensor([0], dtype=torch.int32), speed: 3125.017
5 Overflow !!
5 : update_scale(): _has_overflow, dynamic. _loss_scale =  8192.0
[2022-11-26 02:58:09.024111] Finished iteration 39, CKPT_AND_STOP: False, flag: tensor([0], dtype=torch.int32), speed: 3164.884
5 Overflow !!
5 : update_scale(): _has_overflow, dynamic. _loss_scale =  4096.0
[2022-11-26 02:58:12.228159] Finished iteration 40, CKPT_AND_STOP: False, flag: tensor([0], dtype=torch.int32), speed: 3204.070
5 Overflow !!
5 : update_scale(): _has_overflow, dynamic. _loss_scale =  2048.0
[2022-11-26 02:58:15.390085] Finished iteration 41, CKPT_AND_STOP: False, flag: tensor([0], dtype=torch.int32), speed: 3161.806
5 Overflow !!
5 : update_scale(): _has_overflow, dynamic. _loss_scale =  1024.0
[2022-11-26 02:58:18.524778] Finished iteration 42, CKPT_AND_STOP: False, flag: tensor([0], dtype=torch.int32), speed: 3134.742
5 Overflow !!
5 : update_scale(): _has_overflow, dynamic. _loss_scale =  512.0
[2022-11-26 02:58:21.770395] Finished iteration 43, CKPT_AND_STOP: False, flag: tensor([4], dtype=torch.int32), speed: 3245.565
2022-11-26 02:58:21.774936 Begin to save checkpont to s3://spot-checkpoints/bert and exit
Signal handler called with signal 10


 STOPPING VARUNA !!



Rank 5 signal handler called with signal 10
Opt ckpt time 8.783625364303589
Process done with return code 0
Parent process ID: 7465 node: 172.31.22.229
24 cutpoints
Stages 1
Micro-bs 8 Max mem: 14622140211.200005
Predicted microbatch size for 1: 8
comm size 0
GPUS_PER_VM=1 /home/ubuntu/varuna/tools/simulator/simulate-varuna 1 9 0 1937331.4208984375 0
End of simulation:  Mini-batch time (usec) = 4900183
Min send: 10000000, max send 0
Min long send: 10000000, max long send 0
Min fwd: 10000000, max fwd 0; min bwd 10000000, max bwd 0
Min long fwd: 140628, max long fwd 145221; min long bwd 182761, max long bwd 191040
Time taken by simulation: 58 microseconds

Stages 2
Micro-bs 8 Max mem: 7660942131.200001
Predicted microbatch size for 2: 8
comm size 4194304
WARNING: no send time found, 2 partitions
GPUS_PER_VM=1 /home/ubuntu/varuna/tools/simulator/simulate-varuna 2 19 0 599249.4506835938 248719.58977934244
End of simulation:  Mini-batch time (usec) = 6142701
Min send: 10000000, max send 0
Min long send: 249051, max long send 271185
Min fwd: 78473, max fwd 86627; min bwd 87174, max bwd 96382
Min long fwd: 58530, max long fwd 64048; min long bwd 92081, max long bwd 98662
Time taken by simulation: 343 microseconds

Stages 3
Micro-bs 8 Max mem: 5497876480.0
Predicted microbatch size for 3: 8
comm size 4194304
WARNING: no send time found, 3 partitions
GPUS_PER_VM=1 /home/ubuntu/varuna/tools/simulator/simulate-varuna 3 26 0 419870.6359863281 248719.58977934244
End of simulation:  Mini-batch time (usec) = 5992289
Min send: 10000000, max send 0
Min long send: 248719, max long send 273213
Min fwd: 34027, max fwd 67951; min bwd 53788, max bwd 65605
Min long fwd: 36841, max long fwd 44034; min long bwd 64590, max long bwd 71935
Time taken by simulation: 809 microseconds

Stages 4
Micro-bs 8 Max mem: 4406266675.2
Predicted microbatch size for 4: 8
comm size 4194304
WARNING: no send time found, 4 partitions
GPUS_PER_VM=1 /home/ubuntu/varuna/tools/simulator/simulate-varuna 4 43 0 281100.89111328125 248719.58977934244
End of simulation:  Mini-batch time (usec) = 7406611
Min send: 10000000, max send 0
Min long send: 248907, max long send 274819
Min fwd: 20994, max fwd 60813; min bwd 39133, max bwd 50497
Min long fwd: 29201, max long fwd 38392; min long bwd 47764, max long bwd 56568
Time taken by simulation: 1966 microseconds

Stages 6
Micro-bs 8 Max mem: 3314656870.4
Predicted microbatch size for 6: 8
comm size 4194304
WARNING: no send time found, 6 partitions
GPUS_PER_VM=1 /home/ubuntu/varuna/tools/simulator/simulate-varuna 6 64 0 159503.44848632812 248719.58977934244
End of simulation:  Mini-batch time (usec) = 10628515
Min send: 10000000, max send 0
Min long send: 248794, max long send 278723
Min fwd: 9813, max fwd 44004; min bwd 22822, max bwd 35461
Min long fwd: 21408, max long fwd 29794; min long bwd 32401, max long bwd 41612
Time taken by simulation: 4790 microseconds

Stages 8
Micro-bs 8 Max mem: 2758774988.8
Predicted microbatch size for 8: 8
comm size 4194304
WARNING: no send time found, 8 partitions
GPUS_PER_VM=1 /home/ubuntu/varuna/tools/simulator/simulate-varuna 8 128 0 0 248719.58977934244
End of simulation:  Mini-batch time (usec) = 19658022
Min send: 10000000, max send 0
Min long send: 248719, max long send 288457
Min fwd: 3881, max fwd 41293; min bwd 16227, max bwd 29457
Min long fwd: 18183, max long fwd 26718; min long bwd 21739, max long bwd 33732
Time taken by simulation: 13666 microseconds

Stages 12
Micro-bs 8 Max mem: 2202893107.2
Predicted microbatch size for 12: 8
comm size 4194304
WARNING: no send time found, 12 partitions
GPUS_PER_VM=1 /home/ubuntu/varuna/tools/simulator/simulate-varuna 12 128 0 0 248719.58977934244
End of simulation:  Mini-batch time (usec) = 21673100
Min send: 10000000, max send 0
Min long send: 248719, max long send 288457
Min fwd: 673, max fwd 27541; min bwd 8696, max bwd 22046
Min long fwd: 7851, max long fwd 17781; min long bwd 16226, max long bwd 27833
Time taken by simulation: 21447 microseconds

{1: 4.900183, 2: 6.142701, 3: 5.992289, 4: 7.406611, 6: 10.628515, 8: 19.658022, 12: 21.6731}
{1: 8, 2: 8, 3: 8, 4: 8, 6: 8, 8: 8, 12: 8}
best config is: 3 8
expected time is 5.992289
5 per stage
15 servers!
Config:
ranks: range(5, 6)
train batch size: 1024
partitions: 3
chunk_size: 8
data depth: 5
stage to rank map: 0,3,6,9,12;1,4,7,10,13;2,5,8,11,14;
World size is 15
/opt/conda/envs/varuna/bin/python -u /home/ubuntu/varuna_examples/DeepLearningExamples/PyTorch/LanguageModeling/BERT/run_pretraining.py --rank=5 --chunk_size=8 --local_rank=0 --stage_to_rank_map=0,3,6,9,12;1,4,7,10,13;2,5,8,11,14; --batch-size=204 --input_dir=/hdf5_lower_case_1_seq_len_128_max_pred_20_masked_lm_prob_0.15_random_seed_12345_dupe_factor_5/wikicorpus_en/ --output_dir=s3://spot-checkpoints/bert --config_file=bert_config.json --bert_model=bert-large-uncased --train_batch_size=1024 --max_seq_length=128 --max_predictions_per_seq=20 --max_steps=7038 --warmup_proportion=0.2843 --num_steps_per_checkpoint=200 --learning_rate=6e-3 --seed=12439 --fp16 --gradient_accumulation_steps=128 --allreduce_post_accumulation --allreduce_post_accumulation_fp16 --do_train --json-summary /home/ubuntu/varuna_examples/DeepLearningExamples/PyTorch/LanguageModeling/BERT/results/dllogger.json --varuna --resume_step 44
device: cuda:0 n_gpu: 1, distributed training: True, 16-bits training: True
dry run time 0.0815575122833252
SHARED WEIGHTS ARE
[(0, 2)]
this rank  5 is part of pipeline replica  1
26 chunks
Begin to load checkpint from s3://spot-checkpoints/bert/ckpt_44.pt
2022-11-26 02:59:21.825166 resume step from  44
2022-11-26 02:59:51.123212 - Finished loading checkpoint, takes 29.277 secs
5 Overflow !!
5 : update_scale(): _has_overflow, dynamic. _loss_scale =  524288.0
[2022-11-26 03:00:08.250781] Finished iteration 44, CKPT_AND_STOP: False, flag: tensor([0], dtype=torch.int32), speed: 7245.293
5 Overflow !!
5 : update_scale(): _has_overflow, dynamic. _loss_scale =  262144.0
[2022-11-26 03:00:12.634633] Finished iteration 45, CKPT_AND_STOP: False, flag: tensor([0], dtype=torch.int32), speed: 4383.595
5 Overflow !!
5 : update_scale(): _has_overflow, dynamic. _loss_scale =  131072.0
[2022-11-26 03:00:17.121371] Finished iteration 46, CKPT_AND_STOP: False, flag: tensor([0], dtype=torch.int32), speed: 4486.661
5 Overflow !!
5 : update_scale(): _has_overflow, dynamic. _loss_scale =  65536.0
[2022-11-26 03:00:21.608205] Finished iteration 47, CKPT_AND_STOP: False, flag: tensor([4], dtype=torch.int32), speed: 4486.773
2022-11-26 03:00:21.611584 Begin to save checkpont to s3://spot-checkpoints/bert and exit
Signal handler called with signal 10


 STOPPING VARUNA !!



Rank 5 signal handler called with signal 10
Opt ckpt time 5.152478218078613
Process done with return code 0
Parent process ID: 8478 node: 172.31.22.165
24 cutpoints
Stages 1
Micro-bs 8 Max mem: 14622140211.200005
Predicted microbatch size for 1: 8
comm size 0
GPUS_PER_VM=1 /home/ubuntu/varuna/tools/simulator/simulate-varuna 1 10 0 2234690.185546875 0
End of simulation:  Mini-batch time (usec) = 5528603
Min send: 10000000, max send 0
Min long send: 10000000, max long send 0
Min fwd: 10000000, max fwd 0; min bwd 10000000, max bwd 0
Min long fwd: 140628, max long fwd 145221; min long bwd 182761, max long bwd 191040
Time taken by simulation: 63 microseconds

Stages 2
Micro-bs 8 Max mem: 7660942131.200001
Predicted microbatch size for 2: 8
comm size 4194304
WARNING: no send time found, 2 partitions
GPUS_PER_VM=1 /home/ubuntu/varuna/tools/simulator/simulate-varuna 2 19 0 599249.4506835938 248719.58977934244
End of simulation:  Mini-batch time (usec) = 6142701
Min send: 10000000, max send 0
Min long send: 249051, max long send 271185
Min fwd: 78473, max fwd 86627; min bwd 87174, max bwd 96382
Min long fwd: 58530, max long fwd 64048; min long bwd 92081, max long bwd 98662
Time taken by simulation: 340 microseconds

Stages 3
Micro-bs 8 Max mem: 5497876480.0
Predicted microbatch size for 3: 8
comm size 4194304
WARNING: no send time found, 3 partitions
GPUS_PER_VM=1 /home/ubuntu/varuna/tools/simulator/simulate-varuna 3 32 0 374479.98046875 248719.58977934244
End of simulation:  Mini-batch time (usec) = 6710343
Min send: 10000000, max send 0
Min long send: 248773, max long send 274819
Min fwd: 32300, max fwd 68600; min bwd 53788, max bwd 65605
Min long fwd: 36841, max long fwd 44860; min long bwd 64435, max long bwd 71935
Time taken by simulation: 1005 microseconds

Stages 4
Micro-bs 8 Max mem: 4406266675.2
Predicted microbatch size for 4: 8
comm size 4194304
WARNING: no send time found, 4 partitions
GPUS_PER_VM=1 /home/ubuntu/varuna/tools/simulator/simulate-varuna 4 43 0 281100.89111328125 248719.58977934244
End of simulation:  Mini-batch time (usec) = 7406611
Min send: 10000000, max send 0
Min long send: 248907, max long send 274819
Min fwd: 20994, max fwd 60813; min bwd 39133, max bwd 50497
Min long fwd: 29201, max long fwd 38392; min long bwd 47764, max long bwd 56568
Time taken by simulation: 1982 microseconds

Stages 6
Micro-bs 8 Max mem: 3314656870.4
Predicted microbatch size for 6: 8
comm size 4194304
WARNING: no send time found, 6 partitions
GPUS_PER_VM=1 /home/ubuntu/varuna/tools/simulator/simulate-varuna 6 64 0 159503.44848632812 248719.58977934244
End of simulation:  Mini-batch time (usec) = 10628515
Min send: 10000000, max send 0
Min long send: 248794, max long send 278723
Min fwd: 9813, max fwd 44004; min bwd 22822, max bwd 35461
Min long fwd: 21408, max long fwd 29794; min long bwd 32401, max long bwd 41612
Time taken by simulation: 4835 microseconds

Stages 8
Micro-bs 8 Max mem: 2758774988.8
Predicted microbatch size for 8: 8
comm size 4194304
WARNING: no send time found, 8 partitions
GPUS_PER_VM=1 /home/ubuntu/varuna/tools/simulator/simulate-varuna 8 128 0 0 248719.58977934244
End of simulation:  Mini-batch time (usec) = 19658022
Min send: 10000000, max send 0
Min long send: 248719, max long send 288457
Min fwd: 3881, max fwd 41293; min bwd 16227, max bwd 29457
Min long fwd: 18183, max long fwd 26718; min long bwd 21739, max long bwd 33732
Time taken by simulation: 13612 microseconds

Stages 12
Micro-bs 8 Max mem: 2202893107.2
Predicted microbatch size for 12: 8
comm size 4194304
WARNING: no send time found, 12 partitions
GPUS_PER_VM=1 /home/ubuntu/varuna/tools/simulator/simulate-varuna 12 128 0 0 248719.58977934244
End of simulation:  Mini-batch time (usec) = 21673100
Min send: 10000000, max send 0
Min long send: 248719, max long send 288457
Min fwd: 673, max fwd 27541; min bwd 8696, max bwd 22046
Min long fwd: 7851, max long fwd 17781; min long bwd 16226, max long bwd 27833
Time taken by simulation: 21518 microseconds

{1: 5.528603, 2: 6.142701, 3: 6.710343, 4: 7.406611, 6: 10.628515, 8: 19.658022, 12: 21.6731}
{1: 8, 2: 8, 3: 8, 4: 8, 6: 8, 8: 8, 12: 8}
best config is: 2 8
expected time is 6.142701
7 per stage
14 servers!
Config:
ranks: range(5, 6)
train batch size: 1024
partitions: 2
chunk_size: 8
data depth: 7
stage to rank map: 0,2,4,6,8,10,12;1,3,5,7,9,11,13;
World size is 14
/opt/conda/envs/varuna/bin/python -u /home/ubuntu/varuna_examples/DeepLearningExamples/PyTorch/LanguageModeling/BERT/run_pretraining.py --rank=5 --chunk_size=8 --local_rank=0 --stage_to_rank_map=0,2,4,6,8,10,12;1,3,5,7,9,11,13; --batch-size=146 --input_dir=/hdf5_lower_case_1_seq_len_128_max_pred_20_masked_lm_prob_0.15_random_seed_12345_dupe_factor_5/wikicorpus_en/ --output_dir=s3://spot-checkpoints/bert --config_file=bert_config.json --bert_model=bert-large-uncased --train_batch_size=1024 --max_seq_length=128 --max_predictions_per_seq=20 --max_steps=7038 --warmup_proportion=0.2843 --num_steps_per_checkpoint=200 --learning_rate=6e-3 --seed=12439 --fp16 --gradient_accumulation_steps=128 --allreduce_post_accumulation --allreduce_post_accumulation_fp16 --do_train --json-summary /home/ubuntu/varuna_examples/DeepLearningExamples/PyTorch/LanguageModeling/BERT/results/dllogger.json --varuna --resume_step 48
device: cuda:0 n_gpu: 1, distributed training: True, 16-bits training: True
dry run time 0.038580894470214844
SHARED WEIGHTS ARE
[(0, 1)]
this rank  5 is part of pipeline replica  2
19 chunks
Begin to load checkpint from s3://spot-checkpoints/bert/ckpt_48.pt
2022-11-26 03:01:21.840552 resume step from  48
2022-11-26 03:01:56.673340 - Finished loading checkpoint, takes 34.804 secs
5 Overflow !!
5 : update_scale(): _has_overflow, dynamic. _loss_scale =  524288.0
[2022-11-26 03:02:25.876437] Finished iteration 48, CKPT_AND_STOP: False, flag: tensor([0], dtype=torch.int32), speed: 5532.880
5 Overflow !!
5 : update_scale(): _has_overflow, dynamic. _loss_scale =  262144.0
[2022-11-26 03:02:30.349365] Finished iteration 49, CKPT_AND_STOP: False, flag: tensor([0], dtype=torch.int32), speed: 4472.723
5 Overflow !!
5 : update_scale(): _has_overflow, dynamic. _loss_scale =  131072.0
[2022-11-26 03:02:34.824669] Finished iteration 50, CKPT_AND_STOP: False, flag: tensor([0], dtype=torch.int32), speed: 4475.305
5 Overflow !!
5 : update_scale(): _has_overflow, dynamic. _loss_scale =  65536.0
[2022-11-26 03:02:38.292734] Finished iteration 51, CKPT_AND_STOP: False, flag: tensor([0], dtype=torch.int32), speed: 3467.999
5 Overflow !!
5 : update_scale(): _has_overflow, dynamic. _loss_scale =  32768.0
[2022-11-26 03:02:42.746065] Finished iteration 52, CKPT_AND_STOP: False, flag: tensor([0], dtype=torch.int32), speed: 4453.305
5 Overflow !!
5 : update_scale(): _has_overflow, dynamic. _loss_scale =  16384.0
[2022-11-26 03:02:46.165247] Finished iteration 53, CKPT_AND_STOP: False, flag: tensor([0], dtype=torch.int32), speed: 3419.151
5 Overflow !!
5 : update_scale(): _has_overflow, dynamic. _loss_scale =  8192.0
[2022-11-26 03:02:49.602554] Finished iteration 54, CKPT_AND_STOP: False, flag: tensor([0], dtype=torch.int32), speed: 3437.280
5 Overflow !!
5 : update_scale(): _has_overflow, dynamic. _loss_scale =  4096.0
[2022-11-26 03:02:53.069908] Finished iteration 55, CKPT_AND_STOP: False, flag: tensor([0], dtype=torch.int32), speed: 3467.325
5 Overflow !!
5 : update_scale(): _has_overflow, dynamic. _loss_scale =  2048.0
[2022-11-26 03:02:56.565305] Finished iteration 56, CKPT_AND_STOP: False, flag: tensor([0], dtype=torch.int32), speed: 3495.363
5 Overflow !!
5 : update_scale(): _has_overflow, dynamic. _loss_scale =  1024.0
[2022-11-26 03:03:00.051859] Finished iteration 57, CKPT_AND_STOP: False, flag: tensor([0], dtype=torch.int32), speed: 3486.559
5 Overflow !!
5 : update_scale(): _has_overflow, dynamic. _loss_scale =  512.0
[2022-11-26 03:03:03.512430] Finished iteration 58, CKPT_AND_STOP: False, flag: tensor([0], dtype=torch.int32), speed: 3460.536
5 Overflow !!
5 : update_scale(): _has_overflow, dynamic. _loss_scale =  256.0
[2022-11-26 03:03:06.995253] Finished iteration 59, CKPT_AND_STOP: False, flag: tensor([0], dtype=torch.int32), speed: 3482.805
5 Overflow !!
5 : update_scale(): _has_overflow, dynamic. _loss_scale =  128.0
[2022-11-26 03:03:10.457393] Finished iteration 60, CKPT_AND_STOP: False, flag: tensor([0], dtype=torch.int32), speed: 3462.096
5 Overflow !!
5 : update_scale(): _has_overflow, dynamic. _loss_scale =  64.0
[2022-11-26 03:03:13.903441] Finished iteration 61, CKPT_AND_STOP: False, flag: tensor([0], dtype=torch.int32), speed: 3446.022
5 Overflow !!
5 : update_scale(): _has_overflow, dynamic. _loss_scale =  32.0
[2022-11-26 03:03:17.378541] Finished iteration 62, CKPT_AND_STOP: False, flag: tensor([0], dtype=torch.int32), speed: 3475.073
