Parent process ID: 28003 node: 172.31.18.152
32 cutpoints
Stages 1
Micro-bs 32 Max mem: 8675329024.0
Predicted microbatch size for 1: 32
comm size 0
GPUS_PER_VM=1 /home/ubuntu/varuna/tools/simulator/simulate-varuna 1 4 0 222679.87060546875 0
End of simulation:  Mini-batch time (usec) = 1777661
Min send: 10000000, max send 0
Min long send: 10000000, max long send 0
Min fwd: 10000000, max fwd 0; min bwd 10000000, max bwd 0
Min long fwd: 201398, max long fwd 203682; min long bwd 184795, max long bwd 189299
Time taken by simulation: 39 microseconds

Stages 2
Micro-bs 32 Max mem: 5306506956.799999
Predicted microbatch size for 2: 32
comm size 6422528
WARNING: no send time found, 2 partitions
GPUS_PER_VM=1 /home/ubuntu/varuna/tools/simulator/simulate-varuna 2 8 0 42864.17007446289 339993.4039718803
End of simulation:  Mini-batch time (usec) = 2926179
Min send: 10000000, max send 0
Min long send: 340325, max long send 360040
Min fwd: 54106, max fwd 61226; min bwd 79729, max bwd 84071
Min long fwd: 142875, max long fwd 147087; min long bwd 100210, max long bwd 105674
Time taken by simulation: 162 microseconds

Stages 4
Micro-bs 32 Max mem: 3266000179.2
Predicted microbatch size for 4: 32
comm size 12845056
WARNING: no send time found, 4 partitions
GPUS_PER_VM=1 /home/ubuntu/varuna/tools/simulator/simulate-varuna 4 16 0 5012.969017028809 632152.0801385244
End of simulation:  Mini-batch time (usec) = 8186112
Min send: 10000000, max send 0
Min long send: 632289, max long send 656857
Min fwd: 22997, max fwd 85414; min bwd 32345, max bwd 55249
Min long fwd: 59874, max long fwd 66218; min long bwd 45265, max long bwd 54005
Time taken by simulation: 717 microseconds

Stages 8
Micro-bs 32 Max mem: 1980926361.6
Predicted microbatch size for 8: 32
comm size 12845056
WARNING: no send time found, 8 partitions
GPUS_PER_VM=1 /home/ubuntu/varuna/tools/simulator/simulate-varuna 8 32 0 1084.3276977539062 632152.0801385244
End of simulation:  Mini-batch time (usec) = 17887923
Min send: 10000000, max send 0
Min long send: 632168, max long send 660373
Min fwd: 5425, max fwd 48670; min bwd 12684, max bwd 35373
Min long fwd: 26803, max long fwd 34176; min long bwd 16127, max long bwd 25418
Time taken by simulation: 3269 microseconds

Stages 16
Micro-bs 32 Max mem: 1128991948.8
Predicted microbatch size for 16: 32
comm size 25690112
WARNING: no send time found, 16 partitions
GPUS_PER_VM=1 /home/ubuntu/varuna/tools/simulator/simulate-varuna 16 64 0 0 1028093.6227904424
End of simulation:  Mini-batch time (usec) = 61731430
Min send: 10000000, max send 0
Min long send: 1028093, max long send 1062462
Min fwd: 56, max fwd 33543; min bwd 2591, max bwd 20855
Min long fwd: 1672, max long fwd 12532; min long bwd 2017, max long bwd 11294
Time taken by simulation: 14196 microseconds

{1: 1.777661, 2: 2.926179, 4: 8.186112, 8: 17.887923, 16: 61.73143}
{1: 32, 2: 32, 4: 32, 8: 32, 16: 32}
best config is: 2 32
expected time is 2.926179
9 per stage
18 servers!
Config:
ranks: range(2, 3)
train batch size: 2048
partitions: 2
chunk_size: 32
data depth: 9
stage to rank map: 0,2,4,6,8,10,12,14,16;1,3,5,7,9,11,13,15,17;
World size is 18
/opt/conda/envs/varuna/bin/python -u main.py --rank=2 --chunk_size=32 --local_rank=0 --stage_to_rank_map=0,2,4,6,8,10,12,14,16;1,3,5,7,9,11,13,15,17; --batch-size=224 data -a resnet152 --varuna --lr 0.001 --epochs 1000 --resume s3://spot-checkpoints/resnet
=> creating model 'resnet152'
Files already downloaded and verified
Num cutpoints is 31
dry run time 0.8771219253540039
SHARED WEIGHTS ARE
None
this rank  2 is part of pipeline replica  1
7 chunks
2 Overflow !!
2 : update_scale(): _has_overflow, dynamic. _loss_scale =  524288.0
[2022-11-30 14:37:45.048339] Finished iteration 1, CKPT_AND_STOP: False, flag: tensor([0], dtype=torch.int32), speed: 7801.992
2 Overflow !!
2 : update_scale(): _has_overflow, dynamic. _loss_scale =  262144.0
[2022-11-30 14:37:47.012145] Finished iteration 2, CKPT_AND_STOP: False, flag: tensor([0], dtype=torch.int32), speed: 1963.611
2 Overflow !!
2 : update_scale(): _has_overflow, dynamic. _loss_scale =  131072.0
[2022-11-30 14:37:48.031980] Finished iteration 3, CKPT_AND_STOP: False, flag: tensor([0], dtype=torch.int32), speed: 1019.842
2 Overflow !!
2 : update_scale(): _has_overflow, dynamic. _loss_scale =  65536.0
[2022-11-30 14:37:49.951263] Finished iteration 4, CKPT_AND_STOP: False, flag: tensor([0], dtype=torch.int32), speed: 1919.202
2 Overflow !!
2 : update_scale(): _has_overflow, dynamic. _loss_scale =  32768.0
[2022-11-30 14:37:51.973718] Finished iteration 5, CKPT_AND_STOP: False, flag: tensor([0], dtype=torch.int32), speed: 2022.432
2 Overflow !!
2 : update_scale(): _has_overflow, dynamic. _loss_scale =  16384.0
[2022-11-30 14:37:52.960149] Finished iteration 6, CKPT_AND_STOP: False, flag: tensor([0], dtype=torch.int32), speed: 986.409
2 Overflow !!
2 : update_scale(): _has_overflow, dynamic. _loss_scale =  8192.0
[2022-11-30 14:37:53.853634] Finished iteration 7, CKPT_AND_STOP: False, flag: tensor([0], dtype=torch.int32), speed: 893.408
2 Overflow !!
2 : update_scale(): _has_overflow, dynamic. _loss_scale =  4096.0
[2022-11-30 14:37:54.752841] Finished iteration 8, CKPT_AND_STOP: False, flag: tensor([0], dtype=torch.int32), speed: 899.204
2 Overflow !!
2 : update_scale(): _has_overflow, dynamic. _loss_scale =  2048.0
[2022-11-30 14:37:55.749701] Finished iteration 9, CKPT_AND_STOP: False, flag: tensor([0], dtype=torch.int32), speed: 996.795
2 Overflow !!
2 : update_scale(): _has_overflow, dynamic. _loss_scale =  1024.0
[2022-11-30 14:37:37.229724] Epoch: [0][ 10/224]	Time  0.983 ( 1.948)	Data  0.008 ( 0.475)	Loss 7.0608e+00 (7.0884e+00)	Acc@1   0.00 (  0.00)	Acc@5   0.00 (  0.00)
[2022-11-30 14:37:56.733060] Finished iteration 10, CKPT_AND_STOP: False, flag: tensor([0], dtype=torch.int32), speed: 983.321
[2022-11-30 14:37:57.714746] Finished iteration 11, CKPT_AND_STOP: False, flag: tensor([0], dtype=torch.int32), speed: 981.661
[2022-11-30 14:37:58.690433] Finished iteration 12, CKPT_AND_STOP: False, flag: tensor([0], dtype=torch.int32), speed: 975.725
[2022-11-30 14:37:59.607849] Finished iteration 13, CKPT_AND_STOP: False, flag: tensor([0], dtype=torch.int32), speed: 917.293
[2022-11-30 14:38:00.635459] Finished iteration 14, CKPT_AND_STOP: False, flag: tensor([0], dtype=torch.int32), speed: 1027.598
[2022-11-30 14:38:01.620231] Finished iteration 15, CKPT_AND_STOP: False, flag: tensor([0], dtype=torch.int32), speed: 984.730
[2022-11-30 14:38:02.619278] Finished iteration 16, CKPT_AND_STOP: False, flag: tensor([0], dtype=torch.int32), speed: 999.002
[2022-11-30 14:38:03.506041] Finished iteration 17, CKPT_AND_STOP: False, flag: tensor([0], dtype=torch.int32), speed: 886.724
[2022-11-30 14:38:04.501083] Finished iteration 18, CKPT_AND_STOP: False, flag: tensor([0], dtype=torch.int32), speed: 995.005
[2022-11-30 14:38:05.424789] Finished iteration 19, CKPT_AND_STOP: False, flag: tensor([0], dtype=torch.int32), speed: 923.661
[2022-11-30 14:37:37.229724] Epoch: [0][ 20/224]	Time  1.010 ( 1.459)	Data  0.013 ( 0.242)	Loss 4.9241e+00 (6.1209e+00)	Acc@1   0.00 (  0.00)	Acc@5   0.00 (  0.00)
[2022-11-30 14:38:06.429040] Finished iteration 20, CKPT_AND_STOP: False, flag: tensor([0], dtype=torch.int32), speed: 1004.220
[2022-11-30 14:38:07.367066] Finished iteration 21, CKPT_AND_STOP: False, flag: tensor([0], dtype=torch.int32), speed: 937.980
[2022-11-30 14:38:08.360118] Finished iteration 22, CKPT_AND_STOP: False, flag: tensor([0], dtype=torch.int32), speed: 993.060
[2022-11-30 14:38:09.343170] Finished iteration 23, CKPT_AND_STOP: False, flag: tensor([0], dtype=torch.int32), speed: 982.993
[2022-11-30 14:38:10.305324] Finished iteration 24, CKPT_AND_STOP: False, flag: tensor([0], dtype=torch.int32), speed: 962.085
[2022-11-30 14:38:11.303426] Finished iteration 25, CKPT_AND_STOP: False, flag: tensor([0], dtype=torch.int32), speed: 998.056
[2022-11-30 14:38:12.212665] Finished iteration 26, CKPT_AND_STOP: False, flag: tensor([0], dtype=torch.int32), speed: 909.194
[2022-11-30 14:38:13.184955] Finished iteration 27, CKPT_AND_STOP: False, flag: tensor([0], dtype=torch.int32), speed: 972.251
[2022-11-30 14:38:14.117615] Finished iteration 28, CKPT_AND_STOP: False, flag: tensor([0], dtype=torch.int32), speed: 932.665
[2022-11-30 14:38:15.088138] Finished iteration 29, CKPT_AND_STOP: False, flag: tensor([0], dtype=torch.int32), speed: 970.458
[2022-11-30 14:37:37.229724] Epoch: [0][ 30/224]	Time  0.987 ( 1.294)	Data  0.008 ( 0.164)	Loss 4.6691e+00 (5.6629e+00)	Acc@1   0.00 (  0.00)	Acc@5   0.00 (  0.00)
[2022-11-30 14:38:16.079465] Finished iteration 30, CKPT_AND_STOP: False, flag: tensor([0], dtype=torch.int32), speed: 991.281
[2022-11-30 14:38:17.027235] Finished iteration 31, CKPT_AND_STOP: False, flag: tensor([0], dtype=torch.int32), speed: 947.749
[2022-11-30 14:38:18.007551] Finished iteration 32, CKPT_AND_STOP: False, flag: tensor([0], dtype=torch.int32), speed: 980.268
[2022-11-30 14:38:18.941794] Finished iteration 33, CKPT_AND_STOP: False, flag: tensor([0], dtype=torch.int32), speed: 934.199
[2022-11-30 14:38:19.955152] Finished iteration 34, CKPT_AND_STOP: False, flag: tensor([0], dtype=torch.int32), speed: 1013.323
[2022-11-30 14:38:20.953143] Finished iteration 35, CKPT_AND_STOP: False, flag: tensor([0], dtype=torch.int32), speed: 997.944
[2022-11-30 14:38:21.948844] Finished iteration 36, CKPT_AND_STOP: False, flag: tensor([0], dtype=torch.int32), speed: 995.667
[2022-11-30 14:38:22.928066] Finished iteration 37, CKPT_AND_STOP: False, flag: tensor([0], dtype=torch.int32), speed: 979.175
[2022-11-30 14:38:23.980941] Finished iteration 38, CKPT_AND_STOP: False, flag: tensor([0], dtype=torch.int32), speed: 1052.838
[2022-11-30 14:38:24.958566] Finished iteration 39, CKPT_AND_STOP: False, flag: tensor([0], dtype=torch.int32), speed: 977.584
[2022-11-30 14:37:37.229724] Epoch: [0][ 40/224]	Time  0.999 ( 1.218)	Data  0.005 ( 0.125)	Loss 4.7076e+00 (5.4152e+00)	Acc@1   0.00 (  0.00)	Acc@5   0.00 (  0.00)
[2022-11-30 14:38:25.959699] Finished iteration 40, CKPT_AND_STOP: False, flag: tensor([0], dtype=torch.int32), speed: 1001.083
[2022-11-30 14:38:26.871305] Finished iteration 41, CKPT_AND_STOP: False, flag: tensor([0], dtype=torch.int32), speed: 911.592
[2022-11-30 14:38:27.791445] Finished iteration 42, CKPT_AND_STOP: False, flag: tensor([0], dtype=torch.int32), speed: 920.059
[2022-11-30 14:38:28.669781] Finished iteration 43, CKPT_AND_STOP: False, flag: tensor([0], dtype=torch.int32), speed: 878.299
[2022-11-30 14:38:29.697757] Finished iteration 44, CKPT_AND_STOP: False, flag: tensor([0], dtype=torch.int32), speed: 1027.940
[2022-11-30 14:38:30.693825] Finished iteration 45, CKPT_AND_STOP: False, flag: tensor([0], dtype=torch.int32), speed: 996.030
[2022-11-30 14:38:31.688212] Finished iteration 46, CKPT_AND_STOP: False, flag: tensor([0], dtype=torch.int32), speed: 994.350
[2022-11-30 14:38:32.635931] Finished iteration 47, CKPT_AND_STOP: False, flag: tensor([0], dtype=torch.int32), speed: 947.685
[2022-11-30 14:38:33.629601] Finished iteration 48, CKPT_AND_STOP: False, flag: tensor([0], dtype=torch.int32), speed: 993.627
[2022-11-30 14:38:34.535109] Finished iteration 49, CKPT_AND_STOP: False, flag: tensor([0], dtype=torch.int32), speed: 905.474
[2022-11-30 14:37:37.229724] Epoch: [0][ 50/224]	Time  1.014 ( 1.166)	Data  0.009 ( 0.102)	Loss 4.6283e+00 (5.2622e+00)	Acc@1   0.00 (  0.00)	Acc@5   0.00 (  0.00)
[2022-11-30 14:38:35.548852] Finished iteration 50, CKPT_AND_STOP: False, flag: tensor([0], dtype=torch.int32), speed: 1013.725
[2022-11-30 14:38:36.558853] Finished iteration 51, CKPT_AND_STOP: False, flag: tensor([0], dtype=torch.int32), speed: 1009.969
[2022-11-30 14:38:37.538058] Finished iteration 52, CKPT_AND_STOP: False, flag: tensor([0], dtype=torch.int32), speed: 979.141
[2022-11-30 14:38:38.533106] Finished iteration 53, CKPT_AND_STOP: False, flag: tensor([0], dtype=torch.int32), speed: 995.039
[2022-11-30 14:38:39.552832] Finished iteration 54, CKPT_AND_STOP: False, flag: tensor([0], dtype=torch.int32), speed: 1019.679
[2022-11-30 14:38:40.547446] Finished iteration 55, CKPT_AND_STOP: False, flag: tensor([0], dtype=torch.int32), speed: 994.547
[2022-11-30 14:38:41.500482] Finished iteration 56, CKPT_AND_STOP: False, flag: tensor([0], dtype=torch.int32), speed: 953.029
[2022-11-30 14:38:42.433118] Finished iteration 57, CKPT_AND_STOP: False, flag: tensor([0], dtype=torch.int32), speed: 932.571
[2022-11-30 14:38:43.419780] Finished iteration 58, CKPT_AND_STOP: False, flag: tensor([0], dtype=torch.int32), speed: 986.651
[2022-11-30 14:38:44.336161] Finished iteration 59, CKPT_AND_STOP: False, flag: tensor([0], dtype=torch.int32), speed: 916.312
[2022-11-30 14:37:37.229724] Epoch: [0][ 60/224]	Time  0.981 ( 1.134)	Data  0.011 ( 0.087)	Loss 4.6468e+00 (5.1610e+00)	Acc@1   0.00 (  0.00)	Acc@5   0.00 (  0.00)
[2022-11-30 14:38:45.312121] Finished iteration 60, CKPT_AND_STOP: False, flag: tensor([0], dtype=torch.int32), speed: 975.916
[2022-11-30 14:38:46.302014] Finished iteration 61, CKPT_AND_STOP: False, flag: tensor([0], dtype=torch.int32), speed: 989.873
[2022-11-30 14:38:47.232447] Finished iteration 62, CKPT_AND_STOP: False, flag: tensor([0], dtype=torch.int32), speed: 930.416
[2022-11-30 14:38:48.191857] Finished iteration 63, CKPT_AND_STOP: False, flag: tensor([0], dtype=torch.int32), speed: 959.351
[2022-11-30 14:38:49.185486] Finished iteration 64, CKPT_AND_STOP: False, flag: tensor([0], dtype=torch.int32), speed: 993.589
[2022-11-30 14:38:50.108772] Finished iteration 65, CKPT_AND_STOP: False, flag: tensor([0], dtype=torch.int32), speed: 923.278
[2022-11-30 14:38:51.119267] Finished iteration 66, CKPT_AND_STOP: False, flag: tensor([0], dtype=torch.int32), speed: 1010.414
[2022-11-30 14:38:52.046123] Finished iteration 67, CKPT_AND_STOP: False, flag: tensor([0], dtype=torch.int32), speed: 926.812
[2022-11-30 14:38:53.036380] Finished iteration 68, CKPT_AND_STOP: False, flag: tensor([0], dtype=torch.int32), speed: 990.215
[2022-11-30 14:38:54.007364] Finished iteration 69, CKPT_AND_STOP: False, flag: tensor([0], dtype=torch.int32), speed: 970.961
[2022-11-30 14:37:37.229724] Epoch: [0][ 70/224]	Time  0.903 ( 1.109)	Data  0.012 ( 0.076)	Loss 4.6384e+00 (5.0867e+00)	Acc@1   0.00 (  0.00)	Acc@5   0.00 (  0.00)
[2022-11-30 14:38:54.910423] Finished iteration 70, CKPT_AND_STOP: False, flag: tensor([0], dtype=torch.int32), speed: 903.011
[2022-11-30 14:38:55.893182] Finished iteration 71, CKPT_AND_STOP: False, flag: tensor([1], dtype=torch.int32), speed: 982.753
Signal handler called with signal 10


 STOPPING VARUNA !!



Rank 2 signal handler called with signal 10
Opt ckpt time 3.500905990600586
Process done with return code 0
Parent process ID: 28559 node: 172.31.18.152
32 cutpoints
Stages 1
Micro-bs 32 Max mem: 8675329024.0
Predicted microbatch size for 1: 32
comm size 0
GPUS_PER_VM=1 /home/ubuntu/varuna/tools/simulator/simulate-varuna 1 4 0 217441.22314453125 0
End of simulation:  Mini-batch time (usec) = 1772423
Min send: 10000000, max send 0
Min long send: 10000000, max long send 0
Min fwd: 10000000, max fwd 0; min bwd 10000000, max bwd 0
Min long fwd: 201398, max long fwd 203682; min long bwd 184795, max long bwd 189299
Time taken by simulation: 49 microseconds

Stages 2
Micro-bs 32 Max mem: 5306506956.799999
Predicted microbatch size for 2: 32
comm size 6422528
WARNING: no send time found, 2 partitions
GPUS_PER_VM=1 /home/ubuntu/varuna/tools/simulator/simulate-varuna 2 8 0 42123.68392944336 339993.4039718803
End of simulation:  Mini-batch time (usec) = 2925438
Min send: 10000000, max send 0
Min long send: 340325, max long send 360040
Min fwd: 54106, max fwd 61226; min bwd 79729, max bwd 84071
Min long fwd: 142875, max long fwd 147087; min long bwd 100210, max long bwd 105674
Time taken by simulation: 153 microseconds

Stages 4
Micro-bs 32 Max mem: 3266000179.2
Predicted microbatch size for 4: 32
comm size 12845056
WARNING: no send time found, 4 partitions
GPUS_PER_VM=1 /home/ubuntu/varuna/tools/simulator/simulate-varuna 4 16 0 5012.969017028809 632152.0801385244
End of simulation:  Mini-batch time (usec) = 8186112
Min send: 10000000, max send 0
Min long send: 632289, max long send 656857
Min fwd: 22997, max fwd 85414; min bwd 32345, max bwd 55249
Min long fwd: 59874, max long fwd 66218; min long bwd 45265, max long bwd 54005
Time taken by simulation: 712 microseconds

Stages 8
Micro-bs 32 Max mem: 1980926361.6
Predicted microbatch size for 8: 32
comm size 12845056
WARNING: no send time found, 8 partitions
GPUS_PER_VM=1 /home/ubuntu/varuna/tools/simulator/simulate-varuna 8 32 0 1084.3276977539062 632152.0801385244
End of simulation:  Mini-batch time (usec) = 17887923
Min send: 10000000, max send 0
Min long send: 632168, max long send 660373
Min fwd: 5425, max fwd 48670; min bwd 12684, max bwd 35373
Min long fwd: 26803, max long fwd 34176; min long bwd 16127, max long bwd 25418
Time taken by simulation: 3252 microseconds

Stages 16
Micro-bs 32 Max mem: 1128991948.8
Predicted microbatch size for 16: 32
comm size 25690112
WARNING: no send time found, 16 partitions
GPUS_PER_VM=1 /home/ubuntu/varuna/tools/simulator/simulate-varuna 16 64 0 0 1028093.6227904424
End of simulation:  Mini-batch time (usec) = 61731430
Min send: 10000000, max send 0
Min long send: 1028093, max long send 1062462
Min fwd: 56, max fwd 33543; min bwd 2591, max bwd 20855
Min long fwd: 1672, max long fwd 12532; min long bwd 2017, max long bwd 11294
Time taken by simulation: 14109 microseconds

{1: 1.772423, 2: 2.925438, 4: 8.186112, 8: 17.887923, 16: 61.73143}
{1: 32, 2: 32, 4: 32, 8: 32, 16: 32}
best config is: 2 32
expected time is 2.925438
8 per stage
16 servers!
Config:
ranks: range(2, 3)
train batch size: 2048
partitions: 2
chunk_size: 32
data depth: 8
stage to rank map: 0,2,4,6,8,10,12,14;1,3,5,7,9,11,13,15;
World size is 16
/opt/conda/envs/varuna/bin/python -u main.py --rank=2 --chunk_size=32 --local_rank=0 --stage_to_rank_map=0,2,4,6,8,10,12,14;1,3,5,7,9,11,13,15; --batch-size=256 data -a resnet152 --varuna --lr 0.001 --epochs 1000 --resume s3://spot-checkpoints/resnet --resume_step 71
=> creating model 'resnet152'
Files already downloaded and verified
Num cutpoints is 31
dry run time 0.9910891056060791
SHARED WEIGHTS ARE
None
this rank  2 is part of pipeline replica  1
8 chunks
2 Overflow !!
2 : update_scale(): _has_overflow, dynamic. _loss_scale =  524288.0
[2022-11-30 14:41:05.885334] Finished iteration 72, CKPT_AND_STOP: False, flag: tensor([0], dtype=torch.int32), speed: 8493.248
2 Overflow !!
2 : update_scale(): _has_overflow, dynamic. _loss_scale =  262144.0
[2022-11-30 14:41:06.956425] Finished iteration 73, CKPT_AND_STOP: False, flag: tensor([0], dtype=torch.int32), speed: 1070.896
2 Overflow !!
2 : update_scale(): _has_overflow, dynamic. _loss_scale =  131072.0
[2022-11-30 14:41:08.127018] Finished iteration 74, CKPT_AND_STOP: False, flag: tensor([0], dtype=torch.int32), speed: 1170.525
2 Overflow !!
2 : update_scale(): _has_overflow, dynamic. _loss_scale =  65536.0
[2022-11-30 14:41:10.244712] Finished iteration 75, CKPT_AND_STOP: False, flag: tensor([0], dtype=torch.int32), speed: 2117.681
2 Overflow !!
2 : update_scale(): _has_overflow, dynamic. _loss_scale =  32768.0
[2022-11-30 14:41:11.938280] Finished iteration 76, CKPT_AND_STOP: False, flag: tensor([0], dtype=torch.int32), speed: 1693.505
[2022-11-30 14:41:12.994836] Finished iteration 77, CKPT_AND_STOP: False, flag: tensor([0], dtype=torch.int32), speed: 1056.518
[2022-11-30 14:41:14.087718] Finished iteration 78, CKPT_AND_STOP: False, flag: tensor([0], dtype=torch.int32), speed: 1092.846
[2022-11-30 14:41:15.157686] Finished iteration 79, CKPT_AND_STOP: False, flag: tensor([0], dtype=torch.int32), speed: 1069.958
[2022-11-30 14:40:57.386283] Epoch: [0][ 80/196]	Time  1.077 ( 2.093)	Data  0.010 ( 0.308)	Loss 4.6641e+00 (4.6441e+00)	Acc@1   0.00 (  0.00)	Acc@5   0.00 (  0.00)
[2022-11-30 14:41:16.242584] Finished iteration 80, CKPT_AND_STOP: False, flag: tensor([0], dtype=torch.int32), speed: 1084.850
[2022-11-30 14:41:17.526184] Finished iteration 81, CKPT_AND_STOP: False, flag: tensor([0], dtype=torch.int32), speed: 1283.556
[2022-11-30 14:41:18.549697] Finished iteration 82, CKPT_AND_STOP: False, flag: tensor([0], dtype=torch.int32), speed: 1023.474
[2022-11-30 14:41:19.721271] Finished iteration 83, CKPT_AND_STOP: False, flag: tensor([0], dtype=torch.int32), speed: 1171.537
[2022-11-30 14:41:20.805142] Finished iteration 84, CKPT_AND_STOP: False, flag: tensor([0], dtype=torch.int32), speed: 1083.843
[2022-11-30 14:41:21.803330] Finished iteration 85, CKPT_AND_STOP: False, flag: tensor([0], dtype=torch.int32), speed: 998.178
[2022-11-30 14:41:22.891015] Finished iteration 86, CKPT_AND_STOP: False, flag: tensor([0], dtype=torch.int32), speed: 1087.618
[2022-11-30 14:41:23.946746] Finished iteration 87, CKPT_AND_STOP: False, flag: tensor([0], dtype=torch.int32), speed: 1055.696
[2022-11-30 14:41:24.982584] Finished iteration 88, CKPT_AND_STOP: False, flag: tensor([0], dtype=torch.int32), speed: 1035.805
[2022-11-30 14:41:26.031407] Finished iteration 89, CKPT_AND_STOP: False, flag: tensor([1], dtype=torch.int32), speed: 1048.795
Signal handler called with signal 10


 STOPPING VARUNA !!



Rank 2 signal handler called with signal 10
Opt ckpt time 4.062787055969238
Process done with return code 0
Parent process ID: 29599 node: 172.31.18.152
32 cutpoints
Stages 1
Micro-bs 32 Max mem: 8675329024.0
Predicted microbatch size for 1: 32
comm size 0
GPUS_PER_VM=1 /home/ubuntu/varuna/tools/simulator/simulate-varuna 1 4 0 211804.62646484375 0
End of simulation:  Mini-batch time (usec) = 1766786
Min send: 10000000, max send 0
Min long send: 10000000, max long send 0
Min fwd: 10000000, max fwd 0; min bwd 10000000, max bwd 0
Min long fwd: 201398, max long fwd 203682; min long bwd 184795, max long bwd 189299
Time taken by simulation: 50 microseconds

Stages 2
Micro-bs 32 Max mem: 5306506956.799999
Predicted microbatch size for 2: 32
comm size 6422528
WARNING: no send time found, 2 partitions
GPUS_PER_VM=1 /home/ubuntu/varuna/tools/simulator/simulate-varuna 2 8 0 42123.68392944336 339993.4039718803
End of simulation:  Mini-batch time (usec) = 2925438
Min send: 10000000, max send 0
Min long send: 340325, max long send 360040
Min fwd: 54106, max fwd 61226; min bwd 79729, max bwd 84071
Min long fwd: 142875, max long fwd 147087; min long bwd 100210, max long bwd 105674
Time taken by simulation: 203 microseconds

Stages 4
Micro-bs 32 Max mem: 3266000179.2
Predicted microbatch size for 4: 32
comm size 12845056
WARNING: no send time found, 4 partitions
GPUS_PER_VM=1 /home/ubuntu/varuna/tools/simulator/simulate-varuna 4 16 0 5012.969017028809 632152.0801385244
End of simulation:  Mini-batch time (usec) = 8186112
Min send: 10000000, max send 0
Min long send: 632289, max long send 656857
Min fwd: 22997, max fwd 85414; min bwd 32345, max bwd 55249
Min long fwd: 59874, max long fwd 66218; min long bwd 45265, max long bwd 54005
Time taken by simulation: 746 microseconds

Stages 8
Micro-bs 32 Max mem: 1980926361.6
Predicted microbatch size for 8: 32
comm size 12845056
WARNING: no send time found, 8 partitions
GPUS_PER_VM=1 /home/ubuntu/varuna/tools/simulator/simulate-varuna 8 32 0 1084.3276977539062 632152.0801385244
End of simulation:  Mini-batch time (usec) = 17887923
Min send: 10000000, max send 0
Min long send: 632168, max long send 660373
Min fwd: 5425, max fwd 48670; min bwd 12684, max bwd 35373
Min long fwd: 26803, max long fwd 34176; min long bwd 16127, max long bwd 25418
Time taken by simulation: 3223 microseconds

Stages 16
Micro-bs 32 Max mem: 1128991948.8
Predicted microbatch size for 16: 32
comm size 25690112
WARNING: no send time found, 16 partitions
GPUS_PER_VM=1 /home/ubuntu/varuna/tools/simulator/simulate-varuna 16 64 0 0 1028093.6227904424
End of simulation:  Mini-batch time (usec) = 61731430
Min send: 10000000, max send 0
Min long send: 1028093, max long send 1062462
Min fwd: 56, max fwd 33543; min bwd 2591, max bwd 20855
Min long fwd: 1672, max long fwd 12532; min long bwd 2017, max long bwd 11294
Time taken by simulation: 14164 microseconds

{1: 1.766786, 2: 2.925438, 4: 8.186112, 8: 17.887923, 16: 61.73143}
{1: 32, 2: 32, 4: 32, 8: 32, 16: 32}
best config is: 2 32
expected time is 2.925438
8 per stage
16 servers!
Config:
ranks: range(2, 3)
train batch size: 2048
partitions: 2
chunk_size: 32
data depth: 8
stage to rank map: 0,2,4,6,8,10,12,14;1,3,5,7,9,11,13,15;
World size is 16
/opt/conda/envs/varuna/bin/python -u main.py --rank=2 --chunk_size=32 --local_rank=0 --stage_to_rank_map=0,2,4,6,8,10,12,14;1,3,5,7,9,11,13,15; --batch-size=256 data -a resnet152 --varuna --lr 0.001 --epochs 1000 --resume s3://spot-checkpoints/resnet --resume_step 89
=> creating model 'resnet152'
Files already downloaded and verified
Num cutpoints is 31
dry run time 0.8510329723358154
SHARED WEIGHTS ARE
None
this rank  2 is part of pipeline replica  1
8 chunks
Signal handler called with signal 10


 STOPPING VARUNA !!



Rank 2 signal handler called with signal 10
2 Overflow !!
2 : update_scale(): _has_overflow, dynamic. _loss_scale =  524288.0
[2022-11-30 14:43:21.887965] Epoch: [0][ 90/196]	Time  8.333 ( 8.333)	Data  1.709 ( 1.709)	Loss 4.6138e+00 (4.6138e+00)	Acc@1   0.00 (  0.00)	Acc@5   0.00 (  0.00)
[2022-11-30 14:43:30.228852] Finished iteration 90, CKPT_AND_STOP: True, flag: tensor([8], dtype=torch.int32), speed: 8336.317
Opt ckpt time 3.9846034049987793
Process done with return code 0
Parent process ID: 30529 node: 172.31.18.152
32 cutpoints
Stages 1
Micro-bs 32 Max mem: 8675329024.0
Predicted microbatch size for 1: 32
comm size 0
GPUS_PER_VM=1 /home/ubuntu/varuna/tools/simulator/simulate-varuna 1 5 0 226787.1551513672 0
End of simulation:  Mini-batch time (usec) = 2165215
Min send: 10000000, max send 0
Min long send: 10000000, max long send 0
Min fwd: 10000000, max fwd 0; min bwd 10000000, max bwd 0
Min long fwd: 200267, max long fwd 203682; min long bwd 183179, max long bwd 189299
Time taken by simulation: 50 microseconds

Stages 2
Micro-bs 32 Max mem: 5306506956.799999
Predicted microbatch size for 2: 32
comm size 6422528
WARNING: no send time found, 2 partitions
GPUS_PER_VM=1 /home/ubuntu/varuna/tools/simulator/simulate-varuna 2 10 0 41642.83752441406 339993.4039718803
End of simulation:  Mini-batch time (usec) = 3406748
Min send: 10000000, max send 0
Min long send: 340325, max long send 360040
Min fwd: 52710, max fwd 61918; min bwd 78306, max bwd 84606
Min long fwd: 142036, max long fwd 146873; min long bwd 101940, max long bwd 106151
Time taken by simulation: 187 microseconds

Stages 4
Micro-bs 32 Max mem: 3266000179.2
Predicted microbatch size for 4: 32
comm size 12845056
WARNING: no send time found, 4 partitions
GPUS_PER_VM=1 /home/ubuntu/varuna/tools/simulator/simulate-varuna 4 22 0 4118.363380432129 632152.0801385244
End of simulation:  Mini-batch time (usec) = 10201214
Min send: 10000000, max send 0
Min long send: 632152, max long send 656857
Min fwd: 22752, max fwd 85634; min bwd 31589, max bwd 57169
Min long fwd: 59306, max long fwd 67128; min long bwd 46619, max long bwd 54005
Time taken by simulation: 969 microseconds

Stages 8
Micro-bs 32 Max mem: 1980926361.6
Predicted microbatch size for 8: 32
comm size 12845056
WARNING: no send time found, 8 partitions
GPUS_PER_VM=1 /home/ubuntu/varuna/tools/simulator/simulate-varuna 8 64 0 0 632152.0801385244
End of simulation:  Mini-batch time (usec) = 28149140
Min send: 10000000, max send 0
Min long send: 632152, max long send 667010
Min fwd: 4835, max fwd 48670; min bwd 11023, max bwd 35714
Min long fwd: 24181, max long fwd 33731; min long bwd 12455, max long bwd 24170
Time taken by simulation: 6617 microseconds

can't have 16 stages!
{1: 2.165215, 2: 3.406748, 4: 10.201214, 8: 28.14914}
{1: 32, 2: 32, 4: 32, 8: 32}
best config is: 2 32
expected time is 3.406748
7 per stage
14 servers!
Config:
ranks: range(2, 3)
train batch size: 2048
partitions: 2
chunk_size: 32
data depth: 7
stage to rank map: 0,2,4,6,8,10,12;1,3,5,7,9,11,13;
World size is 14
/opt/conda/envs/varuna/bin/python -u main.py --rank=2 --chunk_size=32 --local_rank=0 --stage_to_rank_map=0,2,4,6,8,10,12;1,3,5,7,9,11,13; --batch-size=288 data -a resnet152 --varuna --lr 0.001 --epochs 1000 --resume s3://spot-checkpoints/resnet --resume_step 90
=> creating model 'resnet152'
Files already downloaded and verified
Num cutpoints is 31
dry run time 0.8475515842437744
SHARED WEIGHTS ARE
None
this rank  2 is part of pipeline replica  1
9 chunks
2 Overflow !!
2 : update_scale(): _has_overflow, dynamic. _loss_scale =  524288.0
[2022-11-30 14:45:20.867143] Finished iteration 91, CKPT_AND_STOP: False, flag: tensor([0], dtype=torch.int32), speed: 9471.879
2 Overflow !!
2 : update_scale(): _has_overflow, dynamic. _loss_scale =  262144.0
[2022-11-30 14:45:23.005594] Finished iteration 92, CKPT_AND_STOP: False, flag: tensor([0], dtype=torch.int32), speed: 2138.195
2 Overflow !!
2 : update_scale(): _has_overflow, dynamic. _loss_scale =  131072.0
[2022-11-30 14:45:25.118023] Finished iteration 93, CKPT_AND_STOP: False, flag: tensor([0], dtype=torch.int32), speed: 2112.421
2 Overflow !!
2 : update_scale(): _has_overflow, dynamic. _loss_scale =  65536.0
[2022-11-30 14:45:27.261578] Finished iteration 94, CKPT_AND_STOP: False, flag: tensor([0], dtype=torch.int32), speed: 2143.507
[2022-11-30 14:45:29.385208] Finished iteration 95, CKPT_AND_STOP: False, flag: tensor([0], dtype=torch.int32), speed: 2123.578
[2022-11-30 14:45:30.516892] Finished iteration 96, CKPT_AND_STOP: False, flag: tensor([0], dtype=torch.int32), speed: 1131.649
[2022-11-30 14:45:31.659010] Finished iteration 97, CKPT_AND_STOP: False, flag: tensor([0], dtype=torch.int32), speed: 1142.069
[2022-11-30 14:45:32.801284] Finished iteration 98, CKPT_AND_STOP: False, flag: tensor([0], dtype=torch.int32), speed: 1142.240
[2022-11-30 14:45:33.992990] Finished iteration 99, CKPT_AND_STOP: False, flag: tensor([0], dtype=torch.int32), speed: 1191.665
[2022-11-30 14:45:11.390854] Epoch: [0][100/174]	Time  1.143 ( 2.374)	Data  0.005 ( 0.635)	Loss 4.6233e+00 (4.6250e+00)	Acc@1   0.00 (  0.00)	Acc@5   0.00 (  0.00)
[2022-11-30 14:45:35.137128] Finished iteration 100, CKPT_AND_STOP: False, flag: tensor([0], dtype=torch.int32), speed: 1144.084
2 Overflow !!
2 : update_scale(): _has_overflow, dynamic. _loss_scale =  32768.0
[2022-11-30 14:45:36.278977] Finished iteration 101, CKPT_AND_STOP: False, flag: tensor([0], dtype=torch.int32), speed: 1141.830
[2022-11-30 14:45:37.350228] Finished iteration 102, CKPT_AND_STOP: False, flag: tensor([0], dtype=torch.int32), speed: 1071.271
[2022-11-30 14:45:38.480256] Finished iteration 103, CKPT_AND_STOP: False, flag: tensor([0], dtype=torch.int32), speed: 1129.911
[2022-11-30 14:45:39.639409] Finished iteration 104, CKPT_AND_STOP: False, flag: tensor([0], dtype=torch.int32), speed: 1159.115
[2022-11-30 14:45:40.783013] Finished iteration 105, CKPT_AND_STOP: False, flag: tensor([0], dtype=torch.int32), speed: 1143.558
[2022-11-30 14:45:41.914511] Finished iteration 106, CKPT_AND_STOP: False, flag: tensor([0], dtype=torch.int32), speed: 1131.469
[2022-11-30 14:45:43.095562] Finished iteration 107, CKPT_AND_STOP: False, flag: tensor([0], dtype=torch.int32), speed: 1181.000
[2022-11-30 14:45:44.188401] Finished iteration 108, CKPT_AND_STOP: False, flag: tensor([0], dtype=torch.int32), speed: 1092.798
[2022-11-30 14:45:45.346189] Finished iteration 109, CKPT_AND_STOP: False, flag: tensor([0], dtype=torch.int32), speed: 1157.720
[2022-11-30 14:45:11.390854] Epoch: [0][110/174]	Time  1.085 ( 1.752)	Data  0.005 ( 0.320)	Loss 4.6059e+00 (4.6260e+00)	Acc@1   0.00 (  0.00)	Acc@5   0.00 (  0.00)
[2022-11-30 14:45:46.431275] Finished iteration 110, CKPT_AND_STOP: False, flag: tensor([0], dtype=torch.int32), speed: 1085.072
[2022-11-30 14:45:47.577259] Finished iteration 111, CKPT_AND_STOP: False, flag: tensor([0], dtype=torch.int32), speed: 1145.927
[2022-11-30 14:45:48.735186] Finished iteration 112, CKPT_AND_STOP: False, flag: tensor([0], dtype=torch.int32), speed: 1157.892
[2022-11-30 14:45:49.863531] Finished iteration 113, CKPT_AND_STOP: False, flag: tensor([0], dtype=torch.int32), speed: 1128.310
[2022-11-30 14:45:51.035888] Finished iteration 114, CKPT_AND_STOP: False, flag: tensor([0], dtype=torch.int32), speed: 1172.341
[2022-11-30 14:45:52.187221] Finished iteration 115, CKPT_AND_STOP: False, flag: tensor([0], dtype=torch.int32), speed: 1151.267
[2022-11-30 14:45:53.325965] Finished iteration 116, CKPT_AND_STOP: False, flag: tensor([0], dtype=torch.int32), speed: 1138.696
[2022-11-30 14:45:54.472839] Finished iteration 117, CKPT_AND_STOP: False, flag: tensor([0], dtype=torch.int32), speed: 1146.830
[2022-11-30 14:45:55.609408] Finished iteration 118, CKPT_AND_STOP: False, flag: tensor([0], dtype=torch.int32), speed: 1136.528
[2022-11-30 14:45:56.766980] Finished iteration 119, CKPT_AND_STOP: False, flag: tensor([0], dtype=torch.int32), speed: 1157.528
[2022-11-30 14:45:11.390854] Epoch: [0][120/174]	Time  1.121 ( 1.550)	Data  0.005 ( 0.215)	Loss 4.6376e+00 (4.6278e+00)	Acc@1   0.00 (  0.00)	Acc@5   0.00 (  0.00)
[2022-11-30 14:45:57.888767] Finished iteration 120, CKPT_AND_STOP: False, flag: tensor([0], dtype=torch.int32), speed: 1121.747
[2022-11-30 14:45:59.043899] Finished iteration 121, CKPT_AND_STOP: False, flag: tensor([0], dtype=torch.int32), speed: 1155.120
[2022-11-30 14:46:00.186144] Finished iteration 122, CKPT_AND_STOP: False, flag: tensor([0], dtype=torch.int32), speed: 1142.196
[2022-11-30 14:46:01.325667] Finished iteration 123, CKPT_AND_STOP: False, flag: tensor([0], dtype=torch.int32), speed: 1139.474
[2022-11-30 14:46:02.475301] Finished iteration 124, CKPT_AND_STOP: False, flag: tensor([0], dtype=torch.int32), speed: 1149.596
[2022-11-30 14:46:03.598958] Finished iteration 125, CKPT_AND_STOP: False, flag: tensor([0], dtype=torch.int32), speed: 1123.619
[2022-11-30 14:46:04.692954] Finished iteration 126, CKPT_AND_STOP: False, flag: tensor([0], dtype=torch.int32), speed: 1093.947
[2022-11-30 14:46:05.835203] Finished iteration 127, CKPT_AND_STOP: False, flag: tensor([0], dtype=torch.int32), speed: 1142.209
[2022-11-30 14:46:06.967070] Finished iteration 128, CKPT_AND_STOP: False, flag: tensor([0], dtype=torch.int32), speed: 1131.857
[2022-11-30 14:46:08.117745] Finished iteration 129, CKPT_AND_STOP: False, flag: tensor([0], dtype=torch.int32), speed: 1150.629
[2022-11-30 14:45:11.390854] Epoch: [0][130/174]	Time  1.148 ( 1.447)	Data  0.005 ( 0.163)	Loss 4.6432e+00 (4.6280e+00)	Acc@1   0.00 (  0.00)	Acc@5   0.00 (  0.00)
[2022-11-30 14:46:09.265145] Finished iteration 130, CKPT_AND_STOP: False, flag: tensor([0], dtype=torch.int32), speed: 1147.324
[2022-11-30 14:46:10.424226] Finished iteration 131, CKPT_AND_STOP: False, flag: tensor([0], dtype=torch.int32), speed: 1159.056
[2022-11-30 14:46:11.551987] Finished iteration 132, CKPT_AND_STOP: False, flag: tensor([0], dtype=torch.int32), speed: 1127.728
[2022-11-30 14:46:12.818500] Finished iteration 133, CKPT_AND_STOP: False, flag: tensor([0], dtype=torch.int32), speed: 1266.472
[2022-11-30 14:46:13.951352] Finished iteration 134, CKPT_AND_STOP: False, flag: tensor([0], dtype=torch.int32), speed: 1132.812
[2022-11-30 14:46:15.079363] Finished iteration 135, CKPT_AND_STOP: False, flag: tensor([0], dtype=torch.int32), speed: 1127.968
[2022-11-30 14:46:16.203315] Finished iteration 136, CKPT_AND_STOP: False, flag: tensor([0], dtype=torch.int32), speed: 1123.906
[2022-11-30 14:46:17.321987] Finished iteration 137, CKPT_AND_STOP: False, flag: tensor([0], dtype=torch.int32), speed: 1118.631
[2022-11-30 14:46:18.436724] Finished iteration 138, CKPT_AND_STOP: False, flag: tensor([0], dtype=torch.int32), speed: 1114.708
[2022-11-30 14:46:19.581296] Finished iteration 139, CKPT_AND_STOP: False, flag: tensor([0], dtype=torch.int32), speed: 1144.529
[2022-11-30 14:45:11.390854] Epoch: [0][140/174]	Time  1.172 ( 1.387)	Data  0.005 ( 0.131)	Loss 4.6163e+00 (4.6272e+00)	Acc@1   0.00 (  0.00)	Acc@5   0.00 (  0.00)
[2022-11-30 14:46:20.753132] Finished iteration 140, CKPT_AND_STOP: False, flag: tensor([0], dtype=torch.int32), speed: 1171.778
[2022-11-30 14:46:21.888327] Finished iteration 141, CKPT_AND_STOP: False, flag: tensor([0], dtype=torch.int32), speed: 1135.188
[2022-11-30 14:46:23.048318] Finished iteration 142, CKPT_AND_STOP: False, flag: tensor([0], dtype=torch.int32), speed: 1159.973
[2022-11-30 14:46:24.234726] Finished iteration 143, CKPT_AND_STOP: False, flag: tensor([0], dtype=torch.int32), speed: 1186.424
[2022-11-30 14:46:25.332220] Finished iteration 144, CKPT_AND_STOP: False, flag: tensor([0], dtype=torch.int32), speed: 1097.389
