Parent process ID: 27598 node: 172.31.27.216
32 cutpoints
Stages 1
Micro-bs 32 Max mem: 8675329024.0
Predicted microbatch size for 1: 32
comm size 0
GPUS_PER_VM=1 /home/ubuntu/varuna/tools/simulator/simulate-varuna 1 4 0 222679.87060546875 0
End of simulation:  Mini-batch time (usec) = 1777661
Min send: 10000000, max send 0
Min long send: 10000000, max long send 0
Min fwd: 10000000, max fwd 0; min bwd 10000000, max bwd 0
Min long fwd: 201398, max long fwd 203682; min long bwd 184795, max long bwd 189299
Time taken by simulation: 51 microseconds

Stages 2
Micro-bs 32 Max mem: 5306506956.799999
Predicted microbatch size for 2: 32
comm size 6422528
WARNING: no send time found, 2 partitions
GPUS_PER_VM=1 /home/ubuntu/varuna/tools/simulator/simulate-varuna 2 8 0 42864.17007446289 339993.4039718803
End of simulation:  Mini-batch time (usec) = 2926179
Min send: 10000000, max send 0
Min long send: 340325, max long send 360040
Min fwd: 54106, max fwd 61226; min bwd 79729, max bwd 84071
Min long fwd: 142875, max long fwd 147087; min long bwd 100210, max long bwd 105674
Time taken by simulation: 162 microseconds

Stages 4
Micro-bs 32 Max mem: 3266000179.2
Predicted microbatch size for 4: 32
comm size 12845056
WARNING: no send time found, 4 partitions
GPUS_PER_VM=1 /home/ubuntu/varuna/tools/simulator/simulate-varuna 4 16 0 5012.969017028809 632152.0801385244
End of simulation:  Mini-batch time (usec) = 8186112
Min send: 10000000, max send 0
Min long send: 632289, max long send 656857
Min fwd: 22997, max fwd 85414; min bwd 32345, max bwd 55249
Min long fwd: 59874, max long fwd 66218; min long bwd 45265, max long bwd 54005
Time taken by simulation: 749 microseconds

Stages 8
Micro-bs 32 Max mem: 1980926361.6
Predicted microbatch size for 8: 32
comm size 12845056
WARNING: no send time found, 8 partitions
GPUS_PER_VM=1 /home/ubuntu/varuna/tools/simulator/simulate-varuna 8 32 0 1084.3276977539062 632152.0801385244
End of simulation:  Mini-batch time (usec) = 17887923
Min send: 10000000, max send 0
Min long send: 632168, max long send 660373
Min fwd: 5425, max fwd 48670; min bwd 12684, max bwd 35373
Min long fwd: 26803, max long fwd 34176; min long bwd 16127, max long bwd 25418
Time taken by simulation: 3272 microseconds

Stages 16
Micro-bs 32 Max mem: 1128991948.8
Predicted microbatch size for 16: 32
comm size 25690112
WARNING: no send time found, 16 partitions
GPUS_PER_VM=1 /home/ubuntu/varuna/tools/simulator/simulate-varuna 16 64 0 0 1028093.6227904424
End of simulation:  Mini-batch time (usec) = 61731430
Min send: 10000000, max send 0
Min long send: 1028093, max long send 1062462
Min fwd: 56, max fwd 33543; min bwd 2591, max bwd 20855
Min long fwd: 1672, max long fwd 12532; min long bwd 2017, max long bwd 11294
Time taken by simulation: 14264 microseconds

{1: 1.777661, 2: 2.926179, 4: 8.186112, 8: 17.887923, 16: 61.73143}
{1: 32, 2: 32, 4: 32, 8: 32, 16: 32}
best config is: 2 32
expected time is 2.926179
9 per stage
18 servers!
Config:
ranks: range(3, 4)
train batch size: 2048
partitions: 2
chunk_size: 32
data depth: 9
stage to rank map: 0,2,4,6,8,10,12,14,16;1,3,5,7,9,11,13,15,17;
World size is 18
/opt/conda/envs/varuna/bin/python -u main.py --rank=3 --chunk_size=32 --local_rank=0 --stage_to_rank_map=0,2,4,6,8,10,12,14,16;1,3,5,7,9,11,13,15,17; --batch-size=224 data -a resnet152 --varuna --lr 0.001 --epochs 1000 --resume s3://spot-checkpoints/resnet
=> creating model 'resnet152'
Files already downloaded and verified
Num cutpoints is 31
dry run time 0.8670434951782227
SHARED WEIGHTS ARE
None
this rank  3 is part of pipeline replica  1
7 chunks
3 Overflow !!
3 : update_scale(): _has_overflow, dynamic. _loss_scale =  524288.0
[2022-11-30 14:37:45.048037] Finished iteration 1, CKPT_AND_STOP: False, flag: tensor([0], dtype=torch.int32), speed: 7802.050
3 Overflow !!
3 : update_scale(): _has_overflow, dynamic. _loss_scale =  262144.0
[2022-11-30 14:37:47.011872] Finished iteration 2, CKPT_AND_STOP: False, flag: tensor([0], dtype=torch.int32), speed: 1963.629
3 : update_scale(): _has_overflow, dynamic. _loss_scale =  131072.0
[2022-11-30 14:37:48.031686] Finished iteration 3, CKPT_AND_STOP: False, flag: tensor([0], dtype=torch.int32), speed: 1019.745
3 : update_scale(): _has_overflow, dynamic. _loss_scale =  65536.0
[2022-11-30 14:37:49.950968] Finished iteration 4, CKPT_AND_STOP: False, flag: tensor([0], dtype=torch.int32), speed: 1919.272
3 : update_scale(): _has_overflow, dynamic. _loss_scale =  32768.0
[2022-11-30 14:37:51.973422] Finished iteration 5, CKPT_AND_STOP: False, flag: tensor([0], dtype=torch.int32), speed: 2022.395
3 : update_scale(): _has_overflow, dynamic. _loss_scale =  16384.0
[2022-11-30 14:37:52.959840] Finished iteration 6, CKPT_AND_STOP: False, flag: tensor([0], dtype=torch.int32), speed: 986.363
3 : update_scale(): _has_overflow, dynamic. _loss_scale =  8192.0
[2022-11-30 14:37:53.853342] Finished iteration 7, CKPT_AND_STOP: False, flag: tensor([0], dtype=torch.int32), speed: 893.445
3 : update_scale(): _has_overflow, dynamic. _loss_scale =  4096.0
[2022-11-30 14:37:54.752613] Finished iteration 8, CKPT_AND_STOP: False, flag: tensor([0], dtype=torch.int32), speed: 899.297
3 : update_scale(): _has_overflow, dynamic. _loss_scale =  2048.0
[2022-11-30 14:37:55.749382] Finished iteration 9, CKPT_AND_STOP: False, flag: tensor([0], dtype=torch.int32), speed: 996.682
3 : update_scale(): _has_overflow, dynamic. _loss_scale =  1024.0
[2022-11-30 14:37:37.242512] Epoch: [0][ 10/224]	Time  0.983 ( 1.948)	Data  0.007 ( 0.416)	Loss 7.0608e+00 (7.0884e+00)	Acc@1   0.00 (  0.00)	Acc@5   0.00 (  0.00)
[2022-11-30 14:37:56.732771] Finished iteration 10, CKPT_AND_STOP: False, flag: tensor([0], dtype=torch.int32), speed: 983.352
[2022-11-30 14:37:57.714436] Finished iteration 11, CKPT_AND_STOP: False, flag: tensor([0], dtype=torch.int32), speed: 981.641
[2022-11-30 14:37:58.690110] Finished iteration 12, CKPT_AND_STOP: False, flag: tensor([0], dtype=torch.int32), speed: 975.648
[2022-11-30 14:37:59.607533] Finished iteration 13, CKPT_AND_STOP: False, flag: tensor([0], dtype=torch.int32), speed: 917.360
[2022-11-30 14:38:00.635156] Finished iteration 14, CKPT_AND_STOP: False, flag: tensor([0], dtype=torch.int32), speed: 1027.589
[2022-11-30 14:38:01.619932] Finished iteration 15, CKPT_AND_STOP: False, flag: tensor([0], dtype=torch.int32), speed: 984.734
[2022-11-30 14:38:02.618956] Finished iteration 16, CKPT_AND_STOP: False, flag: tensor([0], dtype=torch.int32), speed: 998.991
[2022-11-30 14:38:03.505755] Finished iteration 17, CKPT_AND_STOP: False, flag: tensor([0], dtype=torch.int32), speed: 886.830
[2022-11-30 14:38:04.500770] Finished iteration 18, CKPT_AND_STOP: False, flag: tensor([0], dtype=torch.int32), speed: 994.924
[2022-11-30 14:38:05.424486] Finished iteration 19, CKPT_AND_STOP: False, flag: tensor([0], dtype=torch.int32), speed: 923.678
[2022-11-30 14:37:37.242512] Epoch: [0][ 20/224]	Time  1.010 ( 1.459)	Data  0.011 ( 0.211)	Loss 4.9241e+00 (6.1209e+00)	Acc@1   0.00 (  0.00)	Acc@5   0.00 (  0.00)
[2022-11-30 14:38:06.428751] Finished iteration 20, CKPT_AND_STOP: False, flag: tensor([0], dtype=torch.int32), speed: 1004.217
[2022-11-30 14:38:07.366758] Finished iteration 21, CKPT_AND_STOP: False, flag: tensor([0], dtype=torch.int32), speed: 937.989
[2022-11-30 14:38:08.359855] Finished iteration 22, CKPT_AND_STOP: False, flag: tensor([0], dtype=torch.int32), speed: 993.085
[2022-11-30 14:38:09.342853] Finished iteration 23, CKPT_AND_STOP: False, flag: tensor([0], dtype=torch.int32), speed: 982.923
[2022-11-30 14:38:10.305010] Finished iteration 24, CKPT_AND_STOP: False, flag: tensor([0], dtype=torch.int32), speed: 962.115
[2022-11-30 14:38:11.303133] Finished iteration 25, CKPT_AND_STOP: False, flag: tensor([0], dtype=torch.int32), speed: 998.088
[2022-11-30 14:38:12.212343] Finished iteration 26, CKPT_AND_STOP: False, flag: tensor([0], dtype=torch.int32), speed: 909.164
[2022-11-30 14:38:13.184633] Finished iteration 27, CKPT_AND_STOP: False, flag: tensor([0], dtype=torch.int32), speed: 972.248
[2022-11-30 14:38:14.117318] Finished iteration 28, CKPT_AND_STOP: False, flag: tensor([0], dtype=torch.int32), speed: 932.645
[2022-11-30 14:38:15.087815] Finished iteration 29, CKPT_AND_STOP: False, flag: tensor([0], dtype=torch.int32), speed: 970.504
[2022-11-30 14:37:37.242512] Epoch: [0][ 30/224]	Time  0.987 ( 1.294)	Data  0.006 ( 0.143)	Loss 4.6691e+00 (5.6629e+00)	Acc@1   0.00 (  0.00)	Acc@5   0.00 (  0.00)
[2022-11-30 14:38:16.079161] Finished iteration 30, CKPT_AND_STOP: False, flag: tensor([0], dtype=torch.int32), speed: 991.265
[2022-11-30 14:38:17.026921] Finished iteration 31, CKPT_AND_STOP: False, flag: tensor([0], dtype=torch.int32), speed: 947.736
[2022-11-30 14:38:18.007225] Finished iteration 32, CKPT_AND_STOP: False, flag: tensor([0], dtype=torch.int32), speed: 980.271
[2022-11-30 14:38:18.941479] Finished iteration 33, CKPT_AND_STOP: False, flag: tensor([0], dtype=torch.int32), speed: 934.216
[2022-11-30 14:38:19.954835] Finished iteration 34, CKPT_AND_STOP: False, flag: tensor([0], dtype=torch.int32), speed: 1013.323
[2022-11-30 14:38:20.952834] Finished iteration 35, CKPT_AND_STOP: False, flag: tensor([0], dtype=torch.int32), speed: 997.974
[2022-11-30 14:38:21.948432] Finished iteration 36, CKPT_AND_STOP: False, flag: tensor([0], dtype=torch.int32), speed: 995.550
[2022-11-30 14:38:22.927759] Finished iteration 37, CKPT_AND_STOP: False, flag: tensor([0], dtype=torch.int32), speed: 979.332
[2022-11-30 14:38:23.980630] Finished iteration 38, CKPT_AND_STOP: False, flag: tensor([0], dtype=torch.int32), speed: 1052.813
[2022-11-30 14:38:24.958250] Finished iteration 39, CKPT_AND_STOP: False, flag: tensor([0], dtype=torch.int32), speed: 977.589
[2022-11-30 14:37:37.242512] Epoch: [0][ 40/224]	Time  0.999 ( 1.218)	Data  0.003 ( 0.109)	Loss 4.7076e+00 (5.4152e+00)	Acc@1   0.00 (  0.00)	Acc@5   0.00 (  0.00)
[2022-11-30 14:38:25.959391] Finished iteration 40, CKPT_AND_STOP: False, flag: tensor([0], dtype=torch.int32), speed: 1001.083
[2022-11-30 14:38:26.870999] Finished iteration 41, CKPT_AND_STOP: False, flag: tensor([0], dtype=torch.int32), speed: 911.579
[2022-11-30 14:38:27.791147] Finished iteration 42, CKPT_AND_STOP: False, flag: tensor([0], dtype=torch.int32), speed: 920.115
[2022-11-30 14:38:28.669466] Finished iteration 43, CKPT_AND_STOP: False, flag: tensor([0], dtype=torch.int32), speed: 878.281
[2022-11-30 14:38:29.697446] Finished iteration 44, CKPT_AND_STOP: False, flag: tensor([0], dtype=torch.int32), speed: 1027.943
[2022-11-30 14:38:30.693518] Finished iteration 45, CKPT_AND_STOP: False, flag: tensor([0], dtype=torch.int32), speed: 996.061
[2022-11-30 14:38:31.687915] Finished iteration 46, CKPT_AND_STOP: False, flag: tensor([0], dtype=torch.int32), speed: 994.343
[2022-11-30 14:38:32.635662] Finished iteration 47, CKPT_AND_STOP: False, flag: tensor([0], dtype=torch.int32), speed: 947.810
[2022-11-30 14:38:33.629288] Finished iteration 48, CKPT_AND_STOP: False, flag: tensor([0], dtype=torch.int32), speed: 993.490
[2022-11-30 14:38:34.534817] Finished iteration 49, CKPT_AND_STOP: False, flag: tensor([0], dtype=torch.int32), speed: 905.488
[2022-11-30 14:37:37.242512] Epoch: [0][ 50/224]	Time  1.014 ( 1.166)	Data  0.007 ( 0.089)	Loss 4.6283e+00 (5.2622e+00)	Acc@1   0.00 (  0.00)	Acc@5   0.00 (  0.00)
[2022-11-30 14:38:35.548528] Finished iteration 50, CKPT_AND_STOP: False, flag: tensor([0], dtype=torch.int32), speed: 1013.671
[2022-11-30 14:38:36.558548] Finished iteration 51, CKPT_AND_STOP: False, flag: tensor([0], dtype=torch.int32), speed: 1010.001
[2022-11-30 14:38:37.537753] Finished iteration 52, CKPT_AND_STOP: False, flag: tensor([0], dtype=torch.int32), speed: 979.171
[2022-11-30 14:38:38.532798] Finished iteration 53, CKPT_AND_STOP: False, flag: tensor([0], dtype=torch.int32), speed: 995.005
[2022-11-30 14:38:39.552535] Finished iteration 54, CKPT_AND_STOP: False, flag: tensor([0], dtype=torch.int32), speed: 1019.732
[2022-11-30 14:38:40.547142] Finished iteration 55, CKPT_AND_STOP: False, flag: tensor([0], dtype=torch.int32), speed: 994.537
[2022-11-30 14:38:41.500183] Finished iteration 56, CKPT_AND_STOP: False, flag: tensor([0], dtype=torch.int32), speed: 953.011
[2022-11-30 14:38:42.432813] Finished iteration 57, CKPT_AND_STOP: False, flag: tensor([0], dtype=torch.int32), speed: 932.593
[2022-11-30 14:38:43.419476] Finished iteration 58, CKPT_AND_STOP: False, flag: tensor([0], dtype=torch.int32), speed: 986.620
[2022-11-30 14:38:44.335859] Finished iteration 59, CKPT_AND_STOP: False, flag: tensor([0], dtype=torch.int32), speed: 916.392
[2022-11-30 14:37:37.242512] Epoch: [0][ 60/224]	Time  0.981 ( 1.134)	Data  0.009 ( 0.075)	Loss 4.6468e+00 (5.1610e+00)	Acc@1   0.00 (  0.00)	Acc@5   0.00 (  0.00)
[2022-11-30 14:38:45.311815] Finished iteration 60, CKPT_AND_STOP: False, flag: tensor([0], dtype=torch.int32), speed: 975.902
[2022-11-30 14:38:46.301685] Finished iteration 61, CKPT_AND_STOP: False, flag: tensor([0], dtype=torch.int32), speed: 989.819
[2022-11-30 14:38:47.232140] Finished iteration 62, CKPT_AND_STOP: False, flag: tensor([0], dtype=torch.int32), speed: 930.431
[2022-11-30 14:38:48.191557] Finished iteration 63, CKPT_AND_STOP: False, flag: tensor([0], dtype=torch.int32), speed: 959.371
[2022-11-30 14:38:49.185165] Finished iteration 64, CKPT_AND_STOP: False, flag: tensor([0], dtype=torch.int32), speed: 993.577
[2022-11-30 14:38:50.108477] Finished iteration 65, CKPT_AND_STOP: False, flag: tensor([0], dtype=torch.int32), speed: 923.257
[2022-11-30 14:38:51.118957] Finished iteration 66, CKPT_AND_STOP: False, flag: tensor([0], dtype=torch.int32), speed: 1010.452
[2022-11-30 14:38:52.045811] Finished iteration 67, CKPT_AND_STOP: False, flag: tensor([0], dtype=torch.int32), speed: 926.827
[2022-11-30 14:38:53.036058] Finished iteration 68, CKPT_AND_STOP: False, flag: tensor([0], dtype=torch.int32), speed: 990.215
[2022-11-30 14:38:54.007059] Finished iteration 69, CKPT_AND_STOP: False, flag: tensor([0], dtype=torch.int32), speed: 970.951
[2022-11-30 14:37:37.242512] Epoch: [0][ 70/224]	Time  0.903 ( 1.109)	Data  0.010 ( 0.066)	Loss 4.6384e+00 (5.0867e+00)	Acc@1   0.00 (  0.00)	Acc@5   0.00 (  0.00)
[2022-11-30 14:38:54.910106] Finished iteration 70, CKPT_AND_STOP: False, flag: tensor([0], dtype=torch.int32), speed: 903.016
[2022-11-30 14:38:55.892889] Finished iteration 71, CKPT_AND_STOP: False, flag: tensor([1], dtype=torch.int32), speed: 982.749
Signal handler called with signal 10


 STOPPING VARUNA !!



Rank 3 signal handler called with signal 10
Opt ckpt time 3.6766278743743896
Process done with return code 0
Parent process ID: 28155 node: 172.31.27.216
32 cutpoints
Stages 1
Micro-bs 32 Max mem: 8675329024.0
Predicted microbatch size for 1: 32
comm size 0
GPUS_PER_VM=1 /home/ubuntu/varuna/tools/simulator/simulate-varuna 1 4 0 217441.22314453125 0
End of simulation:  Mini-batch time (usec) = 1772423
Min send: 10000000, max send 0
Min long send: 10000000, max long send 0
Min fwd: 10000000, max fwd 0; min bwd 10000000, max bwd 0
Min long fwd: 201398, max long fwd 203682; min long bwd 184795, max long bwd 189299
Time taken by simulation: 46 microseconds

Stages 2
Micro-bs 32 Max mem: 5306506956.799999
Predicted microbatch size for 2: 32
comm size 6422528
WARNING: no send time found, 2 partitions
GPUS_PER_VM=1 /home/ubuntu/varuna/tools/simulator/simulate-varuna 2 8 0 42123.68392944336 339993.4039718803
End of simulation:  Mini-batch time (usec) = 2925438
Min send: 10000000, max send 0
Min long send: 340325, max long send 360040
Min fwd: 54106, max fwd 61226; min bwd 79729, max bwd 84071
Min long fwd: 142875, max long fwd 147087; min long bwd 100210, max long bwd 105674
Time taken by simulation: 157 microseconds

Stages 4
Micro-bs 32 Max mem: 3266000179.2
Predicted microbatch size for 4: 32
comm size 12845056
WARNING: no send time found, 4 partitions
GPUS_PER_VM=1 /home/ubuntu/varuna/tools/simulator/simulate-varuna 4 16 0 5012.969017028809 632152.0801385244
End of simulation:  Mini-batch time (usec) = 8186112
Min send: 10000000, max send 0
Min long send: 632289, max long send 656857
Min fwd: 22997, max fwd 85414; min bwd 32345, max bwd 55249
Min long fwd: 59874, max long fwd 66218; min long bwd 45265, max long bwd 54005
Time taken by simulation: 754 microseconds

Stages 8
Micro-bs 32 Max mem: 1980926361.6
Predicted microbatch size for 8: 32
comm size 12845056
WARNING: no send time found, 8 partitions
GPUS_PER_VM=1 /home/ubuntu/varuna/tools/simulator/simulate-varuna 8 32 0 1084.3276977539062 632152.0801385244
End of simulation:  Mini-batch time (usec) = 17887923
Min send: 10000000, max send 0
Min long send: 632168, max long send 660373
Min fwd: 5425, max fwd 48670; min bwd 12684, max bwd 35373
Min long fwd: 26803, max long fwd 34176; min long bwd 16127, max long bwd 25418
Time taken by simulation: 3298 microseconds

Stages 16
Micro-bs 32 Max mem: 1128991948.8
Predicted microbatch size for 16: 32
comm size 25690112
WARNING: no send time found, 16 partitions
GPUS_PER_VM=1 /home/ubuntu/varuna/tools/simulator/simulate-varuna 16 64 0 0 1028093.6227904424
End of simulation:  Mini-batch time (usec) = 61731430
Min send: 10000000, max send 0
Min long send: 1028093, max long send 1062462
Min fwd: 56, max fwd 33543; min bwd 2591, max bwd 20855
Min long fwd: 1672, max long fwd 12532; min long bwd 2017, max long bwd 11294
Time taken by simulation: 14233 microseconds

{1: 1.772423, 2: 2.925438, 4: 8.186112, 8: 17.887923, 16: 61.73143}
{1: 32, 2: 32, 4: 32, 8: 32, 16: 32}
best config is: 2 32
expected time is 2.925438
8 per stage
16 servers!
Config:
ranks: range(3, 4)
train batch size: 2048
partitions: 2
chunk_size: 32
data depth: 8
stage to rank map: 0,2,4,6,8,10,12,14;1,3,5,7,9,11,13,15;
World size is 16
/opt/conda/envs/varuna/bin/python -u main.py --rank=3 --chunk_size=32 --local_rank=0 --stage_to_rank_map=0,2,4,6,8,10,12,14;1,3,5,7,9,11,13,15; --batch-size=256 data -a resnet152 --varuna --lr 0.001 --epochs 1000 --resume s3://spot-checkpoints/resnet --resume_step 71
=> creating model 'resnet152'
Files already downloaded and verified
Num cutpoints is 31
dry run time 0.9875545501708984
SHARED WEIGHTS ARE
None
this rank  3 is part of pipeline replica  1
8 chunks
3 Overflow !!
3 : update_scale(): _has_overflow, dynamic. _loss_scale =  524288.0
[2022-11-30 14:41:05.885083] Finished iteration 72, CKPT_AND_STOP: False, flag: tensor([0], dtype=torch.int32), speed: 8493.327
3 Overflow !!
3 : update_scale(): _has_overflow, dynamic. _loss_scale =  262144.0
[2022-11-30 14:41:06.956153] Finished iteration 73, CKPT_AND_STOP: False, flag: tensor([0], dtype=torch.int32), speed: 1070.788
3 : update_scale(): _has_overflow, dynamic. _loss_scale =  131072.0
[2022-11-30 14:41:08.126755] Finished iteration 74, CKPT_AND_STOP: False, flag: tensor([0], dtype=torch.int32), speed: 1170.570
3 : update_scale(): _has_overflow, dynamic. _loss_scale =  65536.0
[2022-11-30 14:41:10.244447] Finished iteration 75, CKPT_AND_STOP: False, flag: tensor([0], dtype=torch.int32), speed: 2117.728
3 : update_scale(): _has_overflow, dynamic. _loss_scale =  32768.0
[2022-11-30 14:41:11.937994] Finished iteration 76, CKPT_AND_STOP: False, flag: tensor([0], dtype=torch.int32), speed: 1693.451
[2022-11-30 14:41:12.994585] Finished iteration 77, CKPT_AND_STOP: False, flag: tensor([0], dtype=torch.int32), speed: 1056.551
[2022-11-30 14:41:14.087465] Finished iteration 78, CKPT_AND_STOP: False, flag: tensor([0], dtype=torch.int32), speed: 1092.848
[2022-11-30 14:41:15.157421] Finished iteration 79, CKPT_AND_STOP: False, flag: tensor([0], dtype=torch.int32), speed: 1069.913
[2022-11-30 14:40:57.386232] Epoch: [0][ 80/196]	Time  1.082 ( 2.093)	Data  0.014 ( 0.265)	Loss 4.6641e+00 (4.6441e+00)	Acc@1   0.00 (  0.00)	Acc@5   0.00 (  0.00)
[2022-11-30 14:41:16.242329] Finished iteration 80, CKPT_AND_STOP: False, flag: tensor([0], dtype=torch.int32), speed: 1084.865
[2022-11-30 14:41:17.525908] Finished iteration 81, CKPT_AND_STOP: False, flag: tensor([0], dtype=torch.int32), speed: 1283.561
[2022-11-30 14:41:18.549423] Finished iteration 82, CKPT_AND_STOP: False, flag: tensor([0], dtype=torch.int32), speed: 1023.501
[2022-11-30 14:41:19.721013] Finished iteration 83, CKPT_AND_STOP: False, flag: tensor([0], dtype=torch.int32), speed: 1171.533
[2022-11-30 14:41:20.804871] Finished iteration 84, CKPT_AND_STOP: False, flag: tensor([0], dtype=torch.int32), speed: 1083.817
[2022-11-30 14:41:21.803074] Finished iteration 85, CKPT_AND_STOP: False, flag: tensor([0], dtype=torch.int32), speed: 998.178
[2022-11-30 14:41:22.890762] Finished iteration 86, CKPT_AND_STOP: False, flag: tensor([0], dtype=torch.int32), speed: 1087.639
[2022-11-30 14:41:23.946517] Finished iteration 87, CKPT_AND_STOP: False, flag: tensor([0], dtype=torch.int32), speed: 1055.840
[2022-11-30 14:41:24.982318] Finished iteration 88, CKPT_AND_STOP: False, flag: tensor([0], dtype=torch.int32), speed: 1035.640
[2022-11-30 14:41:26.031157] Finished iteration 89, CKPT_AND_STOP: False, flag: tensor([1], dtype=torch.int32), speed: 1048.798
Signal handler called with signal 10


 STOPPING VARUNA !!



Rank 3 signal handler called with signal 10
Opt ckpt time 5.1640589237213135
Process done with return code 0
Parent process ID: 29244 node: 172.31.27.216
32 cutpoints
Stages 1
Micro-bs 32 Max mem: 8675329024.0
Predicted microbatch size for 1: 32
comm size 0
GPUS_PER_VM=1 /home/ubuntu/varuna/tools/simulator/simulate-varuna 1 4 0 211804.62646484375 0
End of simulation:  Mini-batch time (usec) = 1766786
Min send: 10000000, max send 0
Min long send: 10000000, max long send 0
Min fwd: 10000000, max fwd 0; min bwd 10000000, max bwd 0
Min long fwd: 201398, max long fwd 203682; min long bwd 184795, max long bwd 189299
Time taken by simulation: 44 microseconds

Stages 2
Micro-bs 32 Max mem: 5306506956.799999
Predicted microbatch size for 2: 32
comm size 6422528
WARNING: no send time found, 2 partitions
GPUS_PER_VM=1 /home/ubuntu/varuna/tools/simulator/simulate-varuna 2 8 0 42123.68392944336 339993.4039718803
End of simulation:  Mini-batch time (usec) = 2925438
Min send: 10000000, max send 0
Min long send: 340325, max long send 360040
Min fwd: 54106, max fwd 61226; min bwd 79729, max bwd 84071
Min long fwd: 142875, max long fwd 147087; min long bwd 100210, max long bwd 105674
Time taken by simulation: 160 microseconds

Stages 4
Micro-bs 32 Max mem: 3266000179.2
Predicted microbatch size for 4: 32
comm size 12845056
WARNING: no send time found, 4 partitions
GPUS_PER_VM=1 /home/ubuntu/varuna/tools/simulator/simulate-varuna 4 16 0 5012.969017028809 632152.0801385244
End of simulation:  Mini-batch time (usec) = 8186112
Min send: 10000000, max send 0
Min long send: 632289, max long send 656857
Min fwd: 22997, max fwd 85414; min bwd 32345, max bwd 55249
Min long fwd: 59874, max long fwd 66218; min long bwd 45265, max long bwd 54005
Time taken by simulation: 716 microseconds

Stages 8
Micro-bs 32 Max mem: 1980926361.6
Predicted microbatch size for 8: 32
comm size 12845056
WARNING: no send time found, 8 partitions
GPUS_PER_VM=1 /home/ubuntu/varuna/tools/simulator/simulate-varuna 8 32 0 1084.3276977539062 632152.0801385244
End of simulation:  Mini-batch time (usec) = 17887923
Min send: 10000000, max send 0
Min long send: 632168, max long send 660373
Min fwd: 5425, max fwd 48670; min bwd 12684, max bwd 35373
Min long fwd: 26803, max long fwd 34176; min long bwd 16127, max long bwd 25418
Time taken by simulation: 3236 microseconds

Stages 16
Micro-bs 32 Max mem: 1128991948.8
Predicted microbatch size for 16: 32
comm size 25690112
WARNING: no send time found, 16 partitions
GPUS_PER_VM=1 /home/ubuntu/varuna/tools/simulator/simulate-varuna 16 64 0 0 1028093.6227904424
End of simulation:  Mini-batch time (usec) = 61731430
Min send: 10000000, max send 0
Min long send: 1028093, max long send 1062462
Min fwd: 56, max fwd 33543; min bwd 2591, max bwd 20855
Min long fwd: 1672, max long fwd 12532; min long bwd 2017, max long bwd 11294
Time taken by simulation: 14130 microseconds

{1: 1.766786, 2: 2.925438, 4: 8.186112, 8: 17.887923, 16: 61.73143}
{1: 32, 2: 32, 4: 32, 8: 32, 16: 32}
best config is: 2 32
expected time is 2.925438
8 per stage
16 servers!
Config:
ranks: range(3, 4)
train batch size: 2048
partitions: 2
chunk_size: 32
data depth: 8
stage to rank map: 0,2,4,6,8,10,12,14;1,3,5,7,9,11,13,15;
World size is 16
/opt/conda/envs/varuna/bin/python -u main.py --rank=3 --chunk_size=32 --local_rank=0 --stage_to_rank_map=0,2,4,6,8,10,12,14;1,3,5,7,9,11,13,15; --batch-size=256 data -a resnet152 --varuna --lr 0.001 --epochs 1000 --resume s3://spot-checkpoints/resnet --resume_step 89
=> creating model 'resnet152'
Files already downloaded and verified
Num cutpoints is 31
dry run time 0.8474326133728027
SHARED WEIGHTS ARE
None
this rank  3 is part of pipeline replica  1
8 chunks
Signal handler called with signal 10


 STOPPING VARUNA !!



Rank 3 signal handler called with signal 10
3 Overflow !!
3 : update_scale(): _has_overflow, dynamic. _loss_scale =  524288.0
[2022-11-30 14:43:21.887833] Epoch: [0][ 90/196]	Time  8.333 ( 8.333)	Data  1.749 ( 1.749)	Loss 4.6138e+00 (4.6138e+00)	Acc@1   0.00 (  0.00)	Acc@5   0.00 (  0.00)
[2022-11-30 14:43:30.228613] Finished iteration 90, CKPT_AND_STOP: True, flag: tensor([8], dtype=torch.int32), speed: 8336.434
Opt ckpt time 5.261411666870117
Process done with return code 0
Parent process ID: 30205 node: 172.31.27.216
32 cutpoints
Stages 1
Micro-bs 32 Max mem: 8675329024.0
Predicted microbatch size for 1: 32
comm size 0
GPUS_PER_VM=1 /home/ubuntu/varuna/tools/simulator/simulate-varuna 1 5 0 226787.1551513672 0
End of simulation:  Mini-batch time (usec) = 2165215
Min send: 10000000, max send 0
Min long send: 10000000, max long send 0
Min fwd: 10000000, max fwd 0; min bwd 10000000, max bwd 0
Min long fwd: 200267, max long fwd 203682; min long bwd 183179, max long bwd 189299
Time taken by simulation: 49 microseconds

Stages 2
Micro-bs 32 Max mem: 5306506956.799999
Predicted microbatch size for 2: 32
comm size 6422528
WARNING: no send time found, 2 partitions
GPUS_PER_VM=1 /home/ubuntu/varuna/tools/simulator/simulate-varuna 2 10 0 41642.83752441406 339993.4039718803
End of simulation:  Mini-batch time (usec) = 3406748
Min send: 10000000, max send 0
Min long send: 340325, max long send 360040
Min fwd: 52710, max fwd 61918; min bwd 78306, max bwd 84606
Min long fwd: 142036, max long fwd 146873; min long bwd 101940, max long bwd 106151
Time taken by simulation: 191 microseconds

Stages 4
Micro-bs 32 Max mem: 3266000179.2
Predicted microbatch size for 4: 32
comm size 12845056
WARNING: no send time found, 4 partitions
GPUS_PER_VM=1 /home/ubuntu/varuna/tools/simulator/simulate-varuna 4 22 0 4118.363380432129 632152.0801385244
End of simulation:  Mini-batch time (usec) = 10201214
Min send: 10000000, max send 0
Min long send: 632152, max long send 656857
Min fwd: 22752, max fwd 85634; min bwd 31589, max bwd 57169
Min long fwd: 59306, max long fwd 67128; min long bwd 46619, max long bwd 54005
Time taken by simulation: 1009 microseconds

Stages 8
Micro-bs 32 Max mem: 1980926361.6
Predicted microbatch size for 8: 32
comm size 12845056
WARNING: no send time found, 8 partitions
GPUS_PER_VM=1 /home/ubuntu/varuna/tools/simulator/simulate-varuna 8 64 0 0 632152.0801385244
End of simulation:  Mini-batch time (usec) = 28149140
Min send: 10000000, max send 0
Min long send: 632152, max long send 667010
Min fwd: 4835, max fwd 48670; min bwd 11023, max bwd 35714
Min long fwd: 24181, max long fwd 33731; min long bwd 12455, max long bwd 24170
Time taken by simulation: 6666 microseconds

can't have 16 stages!
{1: 2.165215, 2: 3.406748, 4: 10.201214, 8: 28.14914}
{1: 32, 2: 32, 4: 32, 8: 32}
best config is: 2 32
expected time is 3.406748
7 per stage
14 servers!
Config:
ranks: range(3, 4)
train batch size: 2048
partitions: 2
chunk_size: 32
data depth: 7
stage to rank map: 0,2,4,6,8,10,12;1,3,5,7,9,11,13;
World size is 14
/opt/conda/envs/varuna/bin/python -u main.py --rank=3 --chunk_size=32 --local_rank=0 --stage_to_rank_map=0,2,4,6,8,10,12;1,3,5,7,9,11,13; --batch-size=288 data -a resnet152 --varuna --lr 0.001 --epochs 1000 --resume s3://spot-checkpoints/resnet --resume_step 90
=> creating model 'resnet152'
Files already downloaded and verified
Num cutpoints is 31
dry run time 0.8395473957061768
SHARED WEIGHTS ARE
None
this rank  3 is part of pipeline replica  1
9 chunks
3 Overflow !!
3 : update_scale(): _has_overflow, dynamic. _loss_scale =  524288.0
[2022-11-30 14:45:20.866912] Finished iteration 91, CKPT_AND_STOP: False, flag: tensor([0], dtype=torch.int32), speed: 9471.929
3 : update_scale(): _has_overflow, dynamic. _loss_scale =  262144.0
[2022-11-30 14:45:23.005373] Finished iteration 92, CKPT_AND_STOP: False, flag: tensor([0], dtype=torch.int32), speed: 2138.192
3 : update_scale(): _has_overflow, dynamic. _loss_scale =  131072.0
[2022-11-30 14:45:25.117789] Finished iteration 93, CKPT_AND_STOP: False, flag: tensor([0], dtype=torch.int32), speed: 2112.353
3 : update_scale(): _has_overflow, dynamic. _loss_scale =  65536.0
[2022-11-30 14:45:27.261414] Finished iteration 94, CKPT_AND_STOP: False, flag: tensor([0], dtype=torch.int32), speed: 2143.601
[2022-11-30 14:45:29.384995] Finished iteration 95, CKPT_AND_STOP: False, flag: tensor([0], dtype=torch.int32), speed: 2123.549
[2022-11-30 14:45:30.516647] Finished iteration 96, CKPT_AND_STOP: False, flag: tensor([0], dtype=torch.int32), speed: 1131.577
[2022-11-30 14:45:31.658779] Finished iteration 97, CKPT_AND_STOP: False, flag: tensor([0], dtype=torch.int32), speed: 1142.088
[2022-11-30 14:45:32.801040] Finished iteration 98, CKPT_AND_STOP: False, flag: tensor([0], dtype=torch.int32), speed: 1142.225
[2022-11-30 14:45:33.992760] Finished iteration 99, CKPT_AND_STOP: False, flag: tensor([0], dtype=torch.int32), speed: 1191.687
[2022-11-30 14:45:11.390674] Epoch: [0][100/174]	Time  1.143 ( 2.374)	Data  0.004 ( 0.705)	Loss 4.6233e+00 (4.6250e+00)	Acc@1   0.00 (  0.00)	Acc@5   0.00 (  0.00)
[2022-11-30 14:45:35.136887] Finished iteration 100, CKPT_AND_STOP: False, flag: tensor([0], dtype=torch.int32), speed: 1144.084
3 : update_scale(): _has_overflow, dynamic. _loss_scale =  32768.0
[2022-11-30 14:45:36.278820] Finished iteration 101, CKPT_AND_STOP: False, flag: tensor([0], dtype=torch.int32), speed: 1141.984
[2022-11-30 14:45:37.349994] Finished iteration 102, CKPT_AND_STOP: False, flag: tensor([0], dtype=torch.int32), speed: 1071.072
[2022-11-30 14:45:38.480001] Finished iteration 103, CKPT_AND_STOP: False, flag: tensor([0], dtype=torch.int32), speed: 1129.969
[2022-11-30 14:45:39.639179] Finished iteration 104, CKPT_AND_STOP: False, flag: tensor([0], dtype=torch.int32), speed: 1159.133
[2022-11-30 14:45:40.782782] Finished iteration 105, CKPT_AND_STOP: False, flag: tensor([0], dtype=torch.int32), speed: 1143.564
[2022-11-30 14:45:41.914306] Finished iteration 106, CKPT_AND_STOP: False, flag: tensor([0], dtype=torch.int32), speed: 1131.574
[2022-11-30 14:45:43.095314] Finished iteration 107, CKPT_AND_STOP: False, flag: tensor([0], dtype=torch.int32), speed: 1180.888
[2022-11-30 14:45:44.188184] Finished iteration 108, CKPT_AND_STOP: False, flag: tensor([0], dtype=torch.int32), speed: 1092.836
[2022-11-30 14:45:45.345960] Finished iteration 109, CKPT_AND_STOP: False, flag: tensor([0], dtype=torch.int32), speed: 1157.740
[2022-11-30 14:45:11.390674] Epoch: [0][110/174]	Time  1.085 ( 1.752)	Data  0.004 ( 0.354)	Loss 4.6059e+00 (4.6260e+00)	Acc@1   0.00 (  0.00)	Acc@5   0.00 (  0.00)
[2022-11-30 14:45:46.430913] Finished iteration 110, CKPT_AND_STOP: False, flag: tensor([0], dtype=torch.int32), speed: 1084.928
[2022-11-30 14:45:47.577061] Finished iteration 111, CKPT_AND_STOP: False, flag: tensor([0], dtype=torch.int32), speed: 1146.232
[2022-11-30 14:45:48.734960] Finished iteration 112, CKPT_AND_STOP: False, flag: tensor([0], dtype=torch.int32), speed: 1157.750
[2022-11-30 14:45:49.863291] Finished iteration 113, CKPT_AND_STOP: False, flag: tensor([0], dtype=torch.int32), speed: 1128.277
[2022-11-30 14:45:51.035660] Finished iteration 114, CKPT_AND_STOP: False, flag: tensor([0], dtype=torch.int32), speed: 1172.335
[2022-11-30 14:45:52.187026] Finished iteration 115, CKPT_AND_STOP: False, flag: tensor([0], dtype=torch.int32), speed: 1151.299
[2022-11-30 14:45:53.325742] Finished iteration 116, CKPT_AND_STOP: False, flag: tensor([0], dtype=torch.int32), speed: 1138.679
[2022-11-30 14:45:54.472662] Finished iteration 117, CKPT_AND_STOP: False, flag: tensor([0], dtype=torch.int32), speed: 1146.969
[2022-11-30 14:45:55.609187] Finished iteration 118, CKPT_AND_STOP: False, flag: tensor([0], dtype=torch.int32), speed: 1136.404
[2022-11-30 14:45:56.766764] Finished iteration 119, CKPT_AND_STOP: False, flag: tensor([0], dtype=torch.int32), speed: 1157.568
[2022-11-30 14:45:11.390674] Epoch: [0][120/174]	Time  1.121 ( 1.550)	Data  0.004 ( 0.238)	Loss 4.6376e+00 (4.6278e+00)	Acc@1   0.00 (  0.00)	Acc@5   0.00 (  0.00)
[2022-11-30 14:45:57.888549] Finished iteration 120, CKPT_AND_STOP: False, flag: tensor([0], dtype=torch.int32), speed: 1121.710
[2022-11-30 14:45:59.043692] Finished iteration 121, CKPT_AND_STOP: False, flag: tensor([0], dtype=torch.int32), speed: 1155.122
[2022-11-30 14:46:00.185919] Finished iteration 122, CKPT_AND_STOP: False, flag: tensor([0], dtype=torch.int32), speed: 1142.157
[2022-11-30 14:46:01.325437] Finished iteration 123, CKPT_AND_STOP: False, flag: tensor([0], dtype=torch.int32), speed: 1139.486
[2022-11-30 14:46:02.475078] Finished iteration 124, CKPT_AND_STOP: False, flag: tensor([0], dtype=torch.int32), speed: 1149.597
[2022-11-30 14:46:03.598674] Finished iteration 125, CKPT_AND_STOP: False, flag: tensor([0], dtype=torch.int32), speed: 1123.558
[2022-11-30 14:46:04.692728] Finished iteration 126, CKPT_AND_STOP: False, flag: tensor([0], dtype=torch.int32), speed: 1094.036
[2022-11-30 14:46:05.834972] Finished iteration 127, CKPT_AND_STOP: False, flag: tensor([0], dtype=torch.int32), speed: 1142.185
[2022-11-30 14:46:06.966856] Finished iteration 128, CKPT_AND_STOP: False, flag: tensor([0], dtype=torch.int32), speed: 1131.850
[2022-11-30 14:46:08.117579] Finished iteration 129, CKPT_AND_STOP: False, flag: tensor([0], dtype=torch.int32), speed: 1150.743
[2022-11-30 14:45:11.390674] Epoch: [0][130/174]	Time  1.148 ( 1.447)	Data  0.004 ( 0.179)	Loss 4.6432e+00 (4.6280e+00)	Acc@1   0.00 (  0.00)	Acc@5   0.00 (  0.00)
[2022-11-30 14:46:09.264907] Finished iteration 130, CKPT_AND_STOP: False, flag: tensor([0], dtype=torch.int32), speed: 1147.228
[2022-11-30 14:46:10.424000] Finished iteration 131, CKPT_AND_STOP: False, flag: tensor([0], dtype=torch.int32), speed: 1159.074
[2022-11-30 14:46:11.551757] Finished iteration 132, CKPT_AND_STOP: False, flag: tensor([0], dtype=torch.int32), speed: 1127.756
[2022-11-30 14:46:12.818277] Finished iteration 133, CKPT_AND_STOP: False, flag: tensor([0], dtype=torch.int32), speed: 1266.445
[2022-11-30 14:46:13.951117] Finished iteration 134, CKPT_AND_STOP: False, flag: tensor([0], dtype=torch.int32), speed: 1132.800
[2022-11-30 14:46:15.079152] Finished iteration 135, CKPT_AND_STOP: False, flag: tensor([0], dtype=torch.int32), speed: 1128.000
[2022-11-30 14:46:16.203099] Finished iteration 136, CKPT_AND_STOP: False, flag: tensor([0], dtype=torch.int32), speed: 1123.913
[2022-11-30 14:46:17.321762] Finished iteration 137, CKPT_AND_STOP: False, flag: tensor([0], dtype=torch.int32), speed: 1118.628
[2022-11-30 14:46:18.436510] Finished iteration 138, CKPT_AND_STOP: False, flag: tensor([0], dtype=torch.int32), speed: 1114.710
[2022-11-30 14:46:19.581080] Finished iteration 139, CKPT_AND_STOP: False, flag: tensor([0], dtype=torch.int32), speed: 1144.542
[2022-11-30 14:45:11.390674] Epoch: [0][140/174]	Time  1.172 ( 1.387)	Data  0.004 ( 0.144)	Loss 4.6163e+00 (4.6272e+00)	Acc@1   0.00 (  0.00)	Acc@5   0.00 (  0.00)
[2022-11-30 14:46:20.752916] Finished iteration 140, CKPT_AND_STOP: False, flag: tensor([0], dtype=torch.int32), speed: 1171.785
[2022-11-30 14:46:21.888121] Finished iteration 141, CKPT_AND_STOP: False, flag: tensor([0], dtype=torch.int32), speed: 1135.187
[2022-11-30 14:46:23.048089] Finished iteration 142, CKPT_AND_STOP: False, flag: tensor([0], dtype=torch.int32), speed: 1159.932
[2022-11-30 14:46:24.234504] Finished iteration 143, CKPT_AND_STOP: False, flag: tensor([0], dtype=torch.int32), speed: 1186.373
[2022-11-30 14:46:25.331997] Finished iteration 144, CKPT_AND_STOP: False, flag: tensor([0], dtype=torch.int32), speed: 1097.461
