Parent process ID: 24907 node: 172.31.31.40
32 cutpoints
Stages 1
Micro-bs 32 Max mem: 8675329024.0
Predicted microbatch size for 1: 32
comm size 0
GPUS_PER_VM=1 /home/ubuntu/varuna/tools/simulator/simulate-varuna 1 4 0 222679.87060546875 0
End of simulation:  Mini-batch time (usec) = 1777661
Min send: 10000000, max send 0
Min long send: 10000000, max long send 0
Min fwd: 10000000, max fwd 0; min bwd 10000000, max bwd 0
Min long fwd: 201398, max long fwd 203682; min long bwd 184795, max long bwd 189299
Time taken by simulation: 41 microseconds

Stages 2
Micro-bs 32 Max mem: 5306506956.799999
Predicted microbatch size for 2: 32
comm size 6422528
WARNING: no send time found, 2 partitions
GPUS_PER_VM=1 /home/ubuntu/varuna/tools/simulator/simulate-varuna 2 8 0 42864.17007446289 339993.4039718803
End of simulation:  Mini-batch time (usec) = 2926179
Min send: 10000000, max send 0
Min long send: 340325, max long send 360040
Min fwd: 54106, max fwd 61226; min bwd 79729, max bwd 84071
Min long fwd: 142875, max long fwd 147087; min long bwd 100210, max long bwd 105674
Time taken by simulation: 157 microseconds

Stages 4
Micro-bs 32 Max mem: 3266000179.2
Predicted microbatch size for 4: 32
comm size 12845056
WARNING: no send time found, 4 partitions
GPUS_PER_VM=1 /home/ubuntu/varuna/tools/simulator/simulate-varuna 4 16 0 5012.969017028809 632152.0801385244
End of simulation:  Mini-batch time (usec) = 8186112
Min send: 10000000, max send 0
Min long send: 632289, max long send 656857
Min fwd: 22997, max fwd 85414; min bwd 32345, max bwd 55249
Min long fwd: 59874, max long fwd 66218; min long bwd 45265, max long bwd 54005
Time taken by simulation: 722 microseconds

Stages 8
Micro-bs 32 Max mem: 1980926361.6
Predicted microbatch size for 8: 32
comm size 12845056
WARNING: no send time found, 8 partitions
GPUS_PER_VM=1 /home/ubuntu/varuna/tools/simulator/simulate-varuna 8 32 0 1084.3276977539062 632152.0801385244
End of simulation:  Mini-batch time (usec) = 17887923
Min send: 10000000, max send 0
Min long send: 632168, max long send 660373
Min fwd: 5425, max fwd 48670; min bwd 12684, max bwd 35373
Min long fwd: 26803, max long fwd 34176; min long bwd 16127, max long bwd 25418
Time taken by simulation: 3207 microseconds

Stages 16
Micro-bs 32 Max mem: 1128991948.8
Predicted microbatch size for 16: 32
comm size 25690112
WARNING: no send time found, 16 partitions
GPUS_PER_VM=1 /home/ubuntu/varuna/tools/simulator/simulate-varuna 16 64 0 0 1028093.6227904424
End of simulation:  Mini-batch time (usec) = 61731430
Min send: 10000000, max send 0
Min long send: 1028093, max long send 1062462
Min fwd: 56, max fwd 33543; min bwd 2591, max bwd 20855
Min long fwd: 1672, max long fwd 12532; min long bwd 2017, max long bwd 11294
Time taken by simulation: 14212 microseconds

{1: 1.777661, 2: 2.926179, 4: 8.186112, 8: 17.887923, 16: 61.73143}
{1: 32, 2: 32, 4: 32, 8: 32, 16: 32}
best config is: 2 32
expected time is 2.926179
9 per stage
18 servers!
Config:
ranks: range(10, 11)
train batch size: 2048
partitions: 2
chunk_size: 32
data depth: 9
stage to rank map: 0,2,4,6,8,10,12,14,16;1,3,5,7,9,11,13,15,17;
World size is 18
/opt/conda/envs/varuna/bin/python -u main.py --rank=10 --chunk_size=32 --local_rank=0 --stage_to_rank_map=0,2,4,6,8,10,12,14,16;1,3,5,7,9,11,13,15,17; --batch-size=224 data -a resnet152 --varuna --lr 0.001 --epochs 1000 --resume s3://spot-checkpoints/resnet
=> creating model 'resnet152'
Files already downloaded and verified
Num cutpoints is 31
dry run time 0.8954613208770752
SHARED WEIGHTS ARE
None
this rank  10 is part of pipeline replica  5
7 chunks
10 Overflow !!
10 : update_scale(): _has_overflow, dynamic. _loss_scale =  524288.0
[2022-11-30 14:37:45.045269] Finished iteration 1, CKPT_AND_STOP: False, flag: tensor([0], dtype=torch.int32), speed: 7801.965
10 Overflow !!
10 : update_scale(): _has_overflow, dynamic. _loss_scale =  262144.0
[2022-11-30 14:37:47.009259] Finished iteration 2, CKPT_AND_STOP: False, flag: tensor([0], dtype=torch.int32), speed: 1963.817
10 Overflow !!
10 : update_scale(): _has_overflow, dynamic. _loss_scale =  131072.0
[2022-11-30 14:37:48.029167] Finished iteration 3, CKPT_AND_STOP: False, flag: tensor([0], dtype=torch.int32), speed: 1019.838
10 Overflow !!
10 : update_scale(): _has_overflow, dynamic. _loss_scale =  65536.0
[2022-11-30 14:37:49.948206] Finished iteration 4, CKPT_AND_STOP: False, flag: tensor([0], dtype=torch.int32), speed: 1919.050
10 Overflow !!
10 : update_scale(): _has_overflow, dynamic. _loss_scale =  32768.0
[2022-11-30 14:37:51.970565] Finished iteration 5, CKPT_AND_STOP: False, flag: tensor([0], dtype=torch.int32), speed: 2022.325
10 Overflow !!
10 : update_scale(): _has_overflow, dynamic. _loss_scale =  16384.0
[2022-11-30 14:37:52.957326] Finished iteration 6, CKPT_AND_STOP: False, flag: tensor([0], dtype=torch.int32), speed: 986.651
10 Overflow !!
10 : update_scale(): _has_overflow, dynamic. _loss_scale =  8192.0
[2022-11-30 14:37:53.850739] Finished iteration 7, CKPT_AND_STOP: False, flag: tensor([0], dtype=torch.int32), speed: 893.385
10 Overflow !!
10 : update_scale(): _has_overflow, dynamic. _loss_scale =  4096.0
[2022-11-30 14:37:54.750020] Finished iteration 8, CKPT_AND_STOP: False, flag: tensor([0], dtype=torch.int32), speed: 899.255
10 Overflow !!
10 : update_scale(): _has_overflow, dynamic. _loss_scale =  2048.0
[2022-11-30 14:37:55.746648] Finished iteration 9, CKPT_AND_STOP: False, flag: tensor([0], dtype=torch.int32), speed: 996.600
10 Overflow !!
10 : update_scale(): _has_overflow, dynamic. _loss_scale =  1024.0
[2022-11-30 14:37:37.229626] Epoch: [0][ 10/224]	Time  0.983 ( 1.948)	Data  0.004 ( 0.459)	Loss 6.9520e+00 (7.0055e+00)	Acc@1   0.00 (  0.00)	Acc@5   0.00 (  0.00)
[2022-11-30 14:37:56.730115] Finished iteration 10, CKPT_AND_STOP: False, flag: tensor([0], dtype=torch.int32), speed: 983.421
[2022-11-30 14:37:57.711890] Finished iteration 11, CKPT_AND_STOP: False, flag: tensor([0], dtype=torch.int32), speed: 981.793
[2022-11-30 14:37:58.687589] Finished iteration 12, CKPT_AND_STOP: False, flag: tensor([0], dtype=torch.int32), speed: 975.626
[2022-11-30 14:37:59.604902] Finished iteration 13, CKPT_AND_STOP: False, flag: tensor([0], dtype=torch.int32), speed: 917.279
[2022-11-30 14:38:00.632644] Finished iteration 14, CKPT_AND_STOP: False, flag: tensor([0], dtype=torch.int32), speed: 1027.704
[2022-11-30 14:38:01.617345] Finished iteration 15, CKPT_AND_STOP: False, flag: tensor([0], dtype=torch.int32), speed: 984.687
[2022-11-30 14:38:02.616490] Finished iteration 16, CKPT_AND_STOP: False, flag: tensor([0], dtype=torch.int32), speed: 999.078
[2022-11-30 14:38:03.503058] Finished iteration 17, CKPT_AND_STOP: False, flag: tensor([0], dtype=torch.int32), speed: 886.584
[2022-11-30 14:38:04.498178] Finished iteration 18, CKPT_AND_STOP: False, flag: tensor([0], dtype=torch.int32), speed: 995.031
[2022-11-30 14:38:05.421883] Finished iteration 19, CKPT_AND_STOP: False, flag: tensor([0], dtype=torch.int32), speed: 923.690
[2022-11-30 14:37:37.229626] Epoch: [0][ 20/224]	Time  0.998 ( 1.459)	Data  0.003 ( 0.233)	Loss 4.8092e+00 (6.0575e+00)	Acc@1   0.00 (  0.00)	Acc@5   0.00 (  0.00)
[2022-11-30 14:38:06.426122] Finished iteration 20, CKPT_AND_STOP: False, flag: tensor([0], dtype=torch.int32), speed: 1004.185
[2022-11-30 14:38:07.364161] Finished iteration 21, CKPT_AND_STOP: False, flag: tensor([0], dtype=torch.int32), speed: 937.997
[2022-11-30 14:38:08.357010] Finished iteration 22, CKPT_AND_STOP: False, flag: tensor([0], dtype=torch.int32), speed: 992.803
[2022-11-30 14:38:09.340228] Finished iteration 23, CKPT_AND_STOP: False, flag: tensor([0], dtype=torch.int32), speed: 983.182
[2022-11-30 14:38:10.302578] Finished iteration 24, CKPT_AND_STOP: False, flag: tensor([0], dtype=torch.int32), speed: 962.373
[2022-11-30 14:38:11.300579] Finished iteration 25, CKPT_AND_STOP: False, flag: tensor([0], dtype=torch.int32), speed: 997.939
[2022-11-30 14:38:12.209718] Finished iteration 26, CKPT_AND_STOP: False, flag: tensor([0], dtype=torch.int32), speed: 909.058
[2022-11-30 14:38:13.181956] Finished iteration 27, CKPT_AND_STOP: False, flag: tensor([0], dtype=torch.int32), speed: 972.196
[2022-11-30 14:38:14.114807] Finished iteration 28, CKPT_AND_STOP: False, flag: tensor([0], dtype=torch.int32), speed: 932.803
[2022-11-30 14:38:15.085267] Finished iteration 29, CKPT_AND_STOP: False, flag: tensor([0], dtype=torch.int32), speed: 970.424
[2022-11-30 14:37:37.229626] Epoch: [0][ 30/224]	Time  0.993 ( 1.294)	Data  0.007 ( 0.158)	Loss 4.7009e+00 (5.6180e+00)	Acc@1   0.00 (  0.00)	Acc@5   0.00 (  0.00)
[2022-11-30 14:38:16.076612] Finished iteration 30, CKPT_AND_STOP: False, flag: tensor([0], dtype=torch.int32), speed: 991.301
[2022-11-30 14:38:17.024399] Finished iteration 31, CKPT_AND_STOP: False, flag: tensor([0], dtype=torch.int32), speed: 947.749
[2022-11-30 14:38:18.004579] Finished iteration 32, CKPT_AND_STOP: False, flag: tensor([0], dtype=torch.int32), speed: 980.145
[2022-11-30 14:38:18.938828] Finished iteration 33, CKPT_AND_STOP: False, flag: tensor([0], dtype=torch.int32), speed: 934.239
[2022-11-30 14:38:19.952212] Finished iteration 34, CKPT_AND_STOP: False, flag: tensor([0], dtype=torch.int32), speed: 1013.324
[2022-11-30 14:38:20.950324] Finished iteration 35, CKPT_AND_STOP: False, flag: tensor([0], dtype=torch.int32), speed: 998.069
[2022-11-30 14:38:21.945946] Finished iteration 36, CKPT_AND_STOP: False, flag: tensor([0], dtype=torch.int32), speed: 995.654
[2022-11-30 14:38:22.925079] Finished iteration 37, CKPT_AND_STOP: False, flag: tensor([0], dtype=torch.int32), speed: 979.020
[2022-11-30 14:38:23.978003] Finished iteration 38, CKPT_AND_STOP: False, flag: tensor([0], dtype=torch.int32), speed: 1052.886
[2022-11-30 14:38:24.955759] Finished iteration 39, CKPT_AND_STOP: False, flag: tensor([0], dtype=torch.int32), speed: 977.830
[2022-11-30 14:37:37.229626] Epoch: [0][ 40/224]	Time  1.004 ( 1.218)	Data  0.009 ( 0.120)	Loss 4.6334e+00 (5.3808e+00)	Acc@1   0.00 (  0.00)	Acc@5   0.00 (  0.00)
[2022-11-30 14:38:25.956946] Finished iteration 40, CKPT_AND_STOP: False, flag: tensor([0], dtype=torch.int32), speed: 1001.038
[2022-11-30 14:38:26.868483] Finished iteration 41, CKPT_AND_STOP: False, flag: tensor([0], dtype=torch.int32), speed: 911.501
[2022-11-30 14:38:27.788637] Finished iteration 42, CKPT_AND_STOP: False, flag: tensor([0], dtype=torch.int32), speed: 920.121
[2022-11-30 14:38:28.666912] Finished iteration 43, CKPT_AND_STOP: False, flag: tensor([0], dtype=torch.int32), speed: 878.241
[2022-11-30 14:38:29.694880] Finished iteration 44, CKPT_AND_STOP: False, flag: tensor([0], dtype=torch.int32), speed: 1027.926
[2022-11-30 14:38:30.690981] Finished iteration 45, CKPT_AND_STOP: False, flag: tensor([0], dtype=torch.int32), speed: 996.059
[2022-11-30 14:38:31.685415] Finished iteration 46, CKPT_AND_STOP: False, flag: tensor([0], dtype=torch.int32), speed: 994.392
[2022-11-30 14:38:32.632860] Finished iteration 47, CKPT_AND_STOP: False, flag: tensor([0], dtype=torch.int32), speed: 947.410
[2022-11-30 14:38:33.626716] Finished iteration 48, CKPT_AND_STOP: False, flag: tensor([0], dtype=torch.int32), speed: 993.805
[2022-11-30 14:38:34.532257] Finished iteration 49, CKPT_AND_STOP: False, flag: tensor([0], dtype=torch.int32), speed: 905.505
[2022-11-30 14:37:37.229626] Epoch: [0][ 50/224]	Time  1.013 ( 1.166)	Data  0.007 ( 0.097)	Loss 4.6964e+00 (5.2365e+00)	Acc@1   0.00 (  0.00)	Acc@5   0.00 (  0.00)
[2022-11-30 14:38:35.545737] Finished iteration 50, CKPT_AND_STOP: False, flag: tensor([0], dtype=torch.int32), speed: 1013.431
[2022-11-30 14:38:36.555931] Finished iteration 51, CKPT_AND_STOP: False, flag: tensor([0], dtype=torch.int32), speed: 1010.185
[2022-11-30 14:38:37.535168] Finished iteration 52, CKPT_AND_STOP: False, flag: tensor([0], dtype=torch.int32), speed: 979.188
[2022-11-30 14:38:38.530204] Finished iteration 53, CKPT_AND_STOP: False, flag: tensor([0], dtype=torch.int32), speed: 994.990
[2022-11-30 14:38:39.550019] Finished iteration 54, CKPT_AND_STOP: False, flag: tensor([0], dtype=torch.int32), speed: 1019.776
[2022-11-30 14:38:40.544648] Finished iteration 55, CKPT_AND_STOP: False, flag: tensor([0], dtype=torch.int32), speed: 994.606
[2022-11-30 14:38:41.497567] Finished iteration 56, CKPT_AND_STOP: False, flag: tensor([0], dtype=torch.int32), speed: 952.865
[2022-11-30 14:38:42.430385] Finished iteration 57, CKPT_AND_STOP: False, flag: tensor([0], dtype=torch.int32), speed: 932.763
[2022-11-30 14:38:43.416898] Finished iteration 58, CKPT_AND_STOP: False, flag: tensor([0], dtype=torch.int32), speed: 986.589
[2022-11-30 14:38:44.333235] Finished iteration 59, CKPT_AND_STOP: False, flag: tensor([0], dtype=torch.int32), speed: 916.194
[2022-11-30 14:37:37.229626] Epoch: [0][ 60/224]	Time  0.978 ( 1.134)	Data  0.008 ( 0.082)	Loss 4.6540e+00 (5.1385e+00)	Acc@1   0.00 (  0.00)	Acc@5   0.00 (  0.00)
[2022-11-30 14:38:45.309112] Finished iteration 60, CKPT_AND_STOP: False, flag: tensor([0], dtype=torch.int32), speed: 975.831
[2022-11-30 14:38:46.299151] Finished iteration 61, CKPT_AND_STOP: False, flag: tensor([0], dtype=torch.int32), speed: 990.039
[2022-11-30 14:38:47.229415] Finished iteration 62, CKPT_AND_STOP: False, flag: tensor([0], dtype=torch.int32), speed: 930.194
[2022-11-30 14:38:48.188911] Finished iteration 63, CKPT_AND_STOP: False, flag: tensor([0], dtype=torch.int32), speed: 959.471
[2022-11-30 14:38:49.182516] Finished iteration 64, CKPT_AND_STOP: False, flag: tensor([0], dtype=torch.int32), speed: 993.551
[2022-11-30 14:38:50.105907] Finished iteration 65, CKPT_AND_STOP: False, flag: tensor([0], dtype=torch.int32), speed: 923.365
[2022-11-30 14:38:51.116398] Finished iteration 66, CKPT_AND_STOP: False, flag: tensor([0], dtype=torch.int32), speed: 1010.459
[2022-11-30 14:38:52.043089] Finished iteration 67, CKPT_AND_STOP: False, flag: tensor([0], dtype=torch.int32), speed: 926.628
[2022-11-30 14:38:53.033492] Finished iteration 68, CKPT_AND_STOP: False, flag: tensor([0], dtype=torch.int32), speed: 990.366
[2022-11-30 14:38:54.004401] Finished iteration 69, CKPT_AND_STOP: False, flag: tensor([0], dtype=torch.int32), speed: 970.905
[2022-11-30 14:37:37.229626] Epoch: [0][ 70/224]	Time  0.903 ( 1.109)	Data  0.005 ( 0.071)	Loss 4.6618e+00 (5.0681e+00)	Acc@1   0.00 (  0.00)	Acc@5   0.00 (  0.00)
[2022-11-30 14:38:54.907565] Finished iteration 70, CKPT_AND_STOP: False, flag: tensor([0], dtype=torch.int32), speed: 903.079
[2022-11-30 14:38:55.890194] Finished iteration 71, CKPT_AND_STOP: False, flag: tensor([1], dtype=torch.int32), speed: 982.612
Opt ckpt time 3.4626753330230713
Process done with return code 0
Parent process ID: 26124 node: 172.31.17.44
32 cutpoints
Stages 1
Micro-bs 32 Max mem: 8675329024.0
Predicted microbatch size for 1: 32
comm size 0
GPUS_PER_VM=1 /home/ubuntu/varuna/tools/simulator/simulate-varuna 1 4 0 217441.22314453125 0
End of simulation:  Mini-batch time (usec) = 1772423
Min send: 10000000, max send 0
Min long send: 10000000, max long send 0
Min fwd: 10000000, max fwd 0; min bwd 10000000, max bwd 0
Min long fwd: 201398, max long fwd 203682; min long bwd 184795, max long bwd 189299
Time taken by simulation: 48 microseconds

Stages 2
Micro-bs 32 Max mem: 5306506956.799999
Predicted microbatch size for 2: 32
comm size 6422528
WARNING: no send time found, 2 partitions
GPUS_PER_VM=1 /home/ubuntu/varuna/tools/simulator/simulate-varuna 2 8 0 42123.68392944336 339993.4039718803
End of simulation:  Mini-batch time (usec) = 2925438
Min send: 10000000, max send 0
Min long send: 340325, max long send 360040
Min fwd: 54106, max fwd 61226; min bwd 79729, max bwd 84071
Min long fwd: 142875, max long fwd 147087; min long bwd 100210, max long bwd 105674
Time taken by simulation: 161 microseconds

Stages 4
Micro-bs 32 Max mem: 3266000179.2
Predicted microbatch size for 4: 32
comm size 12845056
WARNING: no send time found, 4 partitions
GPUS_PER_VM=1 /home/ubuntu/varuna/tools/simulator/simulate-varuna 4 16 0 5012.969017028809 632152.0801385244
End of simulation:  Mini-batch time (usec) = 8186112
Min send: 10000000, max send 0
Min long send: 632289, max long send 656857
Min fwd: 22997, max fwd 85414; min bwd 32345, max bwd 55249
Min long fwd: 59874, max long fwd 66218; min long bwd 45265, max long bwd 54005
Time taken by simulation: 714 microseconds

Stages 8
Micro-bs 32 Max mem: 1980926361.6
Predicted microbatch size for 8: 32
comm size 12845056
WARNING: no send time found, 8 partitions
GPUS_PER_VM=1 /home/ubuntu/varuna/tools/simulator/simulate-varuna 8 32 0 1084.3276977539062 632152.0801385244
End of simulation:  Mini-batch time (usec) = 17887923
Min send: 10000000, max send 0
Min long send: 632168, max long send 660373
Min fwd: 5425, max fwd 48670; min bwd 12684, max bwd 35373
Min long fwd: 26803, max long fwd 34176; min long bwd 16127, max long bwd 25418
Time taken by simulation: 3247 microseconds

Stages 16
Micro-bs 32 Max mem: 1128991948.8
Predicted microbatch size for 16: 32
comm size 25690112
WARNING: no send time found, 16 partitions
GPUS_PER_VM=1 /home/ubuntu/varuna/tools/simulator/simulate-varuna 16 64 0 0 1028093.6227904424
End of simulation:  Mini-batch time (usec) = 61731430
Min send: 10000000, max send 0
Min long send: 1028093, max long send 1062462
Min fwd: 56, max fwd 33543; min bwd 2591, max bwd 20855
Min long fwd: 1672, max long fwd 12532; min long bwd 2017, max long bwd 11294
Time taken by simulation: 14154 microseconds

{1: 1.772423, 2: 2.925438, 4: 8.186112, 8: 17.887923, 16: 61.73143}
{1: 32, 2: 32, 4: 32, 8: 32, 16: 32}
best config is: 2 32
expected time is 2.925438
8 per stage
16 servers!
Config:
ranks: range(10, 11)
train batch size: 2048
partitions: 2
chunk_size: 32
data depth: 8
stage to rank map: 0,2,4,6,8,10,12,14;1,3,5,7,9,11,13,15;
World size is 16
/opt/conda/envs/varuna/bin/python -u main.py --rank=10 --chunk_size=32 --local_rank=0 --stage_to_rank_map=0,2,4,6,8,10,12,14;1,3,5,7,9,11,13,15; --batch-size=256 data -a resnet152 --varuna --lr 0.001 --epochs 1000 --resume s3://spot-checkpoints/resnet --resume_step 71
=> creating model 'resnet152'
Files already downloaded and verified
Num cutpoints is 31
dry run time 0.9737453460693359
SHARED WEIGHTS ARE
None
this rank  10 is part of pipeline replica  5
8 chunks
10 Overflow !!
10 : update_scale(): _has_overflow, dynamic. _loss_scale =  524288.0
[2022-11-30 14:41:05.884737] Finished iteration 72, CKPT_AND_STOP: False, flag: tensor([0], dtype=torch.int32), speed: 8493.577
10 Overflow !!
10 : update_scale(): _has_overflow, dynamic. _loss_scale =  262144.0
[2022-11-30 14:41:06.955803] Finished iteration 73, CKPT_AND_STOP: False, flag: tensor([0], dtype=torch.int32), speed: 1070.732
10 Overflow !!
10 : update_scale(): _has_overflow, dynamic. _loss_scale =  131072.0
[2022-11-30 14:41:08.126555] Finished iteration 74, CKPT_AND_STOP: False, flag: tensor([0], dtype=torch.int32), speed: 1170.828
10 Overflow !!
10 : update_scale(): _has_overflow, dynamic. _loss_scale =  65536.0
[2022-11-30 14:41:10.241874] Finished iteration 75, CKPT_AND_STOP: False, flag: tensor([0], dtype=torch.int32), speed: 2115.299
10 Overflow !!
10 : update_scale(): _has_overflow, dynamic. _loss_scale =  32768.0
[2022-11-30 14:41:11.937545] Finished iteration 76, CKPT_AND_STOP: False, flag: tensor([0], dtype=torch.int32), speed: 1695.514
[2022-11-30 14:41:12.994318] Finished iteration 77, CKPT_AND_STOP: False, flag: tensor([0], dtype=torch.int32), speed: 1056.762
[2022-11-30 14:41:14.087073] Finished iteration 78, CKPT_AND_STOP: False, flag: tensor([0], dtype=torch.int32), speed: 1092.694
[2022-11-30 14:41:15.157139] Finished iteration 79, CKPT_AND_STOP: False, flag: tensor([0], dtype=torch.int32), speed: 1070.049
[2022-11-30 14:40:57.386667] Epoch: [0][ 80/196]	Time  1.080 ( 2.094)	Data  0.004 ( 0.317)	Loss 4.6367e+00 (4.6471e+00)	Acc@1   0.00 (  0.00)	Acc@5   0.00 (  0.00)
[2022-11-30 14:41:16.241967] Finished iteration 80, CKPT_AND_STOP: False, flag: tensor([0], dtype=torch.int32), speed: 1084.777
[2022-11-30 14:41:17.525512] Finished iteration 81, CKPT_AND_STOP: False, flag: tensor([0], dtype=torch.int32), speed: 1283.593
[2022-11-30 14:41:18.548883] Finished iteration 82, CKPT_AND_STOP: False, flag: tensor([0], dtype=torch.int32), speed: 1023.236
[2022-11-30 14:41:19.720579] Finished iteration 83, CKPT_AND_STOP: False, flag: tensor([0], dtype=torch.int32), speed: 1171.741
[2022-11-30 14:41:20.804471] Finished iteration 84, CKPT_AND_STOP: False, flag: tensor([0], dtype=torch.int32), speed: 1083.772
[2022-11-30 14:41:21.802649] Finished iteration 85, CKPT_AND_STOP: False, flag: tensor([0], dtype=torch.int32), speed: 998.140
[2022-11-30 14:41:22.890498] Finished iteration 86, CKPT_AND_STOP: False, flag: tensor([0], dtype=torch.int32), speed: 1087.790
[2022-11-30 14:41:23.946013] Finished iteration 87, CKPT_AND_STOP: False, flag: tensor([0], dtype=torch.int32), speed: 1055.467
[2022-11-30 14:41:24.981936] Finished iteration 88, CKPT_AND_STOP: False, flag: tensor([0], dtype=torch.int32), speed: 1035.886
[2022-11-30 14:41:26.030674] Finished iteration 89, CKPT_AND_STOP: False, flag: tensor([1], dtype=torch.int32), speed: 1048.698
Opt ckpt time 4.113425016403198
Process done with return code 0
Parent process ID: 27402 node: 172.31.28.236
32 cutpoints
Stages 1
Micro-bs 32 Max mem: 8675329024.0
Predicted microbatch size for 1: 32
comm size 0
GPUS_PER_VM=1 /home/ubuntu/varuna/tools/simulator/simulate-varuna 1 4 0 211804.62646484375 0
End of simulation:  Mini-batch time (usec) = 1766786
Min send: 10000000, max send 0
Min long send: 10000000, max long send 0
Min fwd: 10000000, max fwd 0; min bwd 10000000, max bwd 0
Min long fwd: 201398, max long fwd 203682; min long bwd 184795, max long bwd 189299
Time taken by simulation: 42 microseconds

Stages 2
Micro-bs 32 Max mem: 5306506956.799999
Predicted microbatch size for 2: 32
comm size 6422528
WARNING: no send time found, 2 partitions
GPUS_PER_VM=1 /home/ubuntu/varuna/tools/simulator/simulate-varuna 2 8 0 42123.68392944336 339993.4039718803
End of simulation:  Mini-batch time (usec) = 2925438
Min send: 10000000, max send 0
Min long send: 340325, max long send 360040
Min fwd: 54106, max fwd 61226; min bwd 79729, max bwd 84071
Min long fwd: 142875, max long fwd 147087; min long bwd 100210, max long bwd 105674
Time taken by simulation: 173 microseconds

Stages 4
Micro-bs 32 Max mem: 3266000179.2
Predicted microbatch size for 4: 32
comm size 12845056
WARNING: no send time found, 4 partitions
GPUS_PER_VM=1 /home/ubuntu/varuna/tools/simulator/simulate-varuna 4 16 0 5012.969017028809 632152.0801385244
End of simulation:  Mini-batch time (usec) = 8186112
Min send: 10000000, max send 0
Min long send: 632289, max long send 656857
Min fwd: 22997, max fwd 85414; min bwd 32345, max bwd 55249
Min long fwd: 59874, max long fwd 66218; min long bwd 45265, max long bwd 54005
Time taken by simulation: 732 microseconds

Stages 8
Micro-bs 32 Max mem: 1980926361.6
Predicted microbatch size for 8: 32
comm size 12845056
WARNING: no send time found, 8 partitions
GPUS_PER_VM=1 /home/ubuntu/varuna/tools/simulator/simulate-varuna 8 32 0 1084.3276977539062 632152.0801385244
End of simulation:  Mini-batch time (usec) = 17887923
Min send: 10000000, max send 0
Min long send: 632168, max long send 660373
Min fwd: 5425, max fwd 48670; min bwd 12684, max bwd 35373
Min long fwd: 26803, max long fwd 34176; min long bwd 16127, max long bwd 25418
Time taken by simulation: 3254 microseconds

Stages 16
Micro-bs 32 Max mem: 1128991948.8
Predicted microbatch size for 16: 32
comm size 25690112
WARNING: no send time found, 16 partitions
GPUS_PER_VM=1 /home/ubuntu/varuna/tools/simulator/simulate-varuna 16 64 0 0 1028093.6227904424
End of simulation:  Mini-batch time (usec) = 61731430
Min send: 10000000, max send 0
Min long send: 1028093, max long send 1062462
Min fwd: 56, max fwd 33543; min bwd 2591, max bwd 20855
Min long fwd: 1672, max long fwd 12532; min long bwd 2017, max long bwd 11294
Time taken by simulation: 14285 microseconds

{1: 1.766786, 2: 2.925438, 4: 8.186112, 8: 17.887923, 16: 61.73143}
{1: 32, 2: 32, 4: 32, 8: 32, 16: 32}
best config is: 2 32
expected time is 2.925438
8 per stage
16 servers!
Config:
ranks: range(10, 11)
train batch size: 2048
partitions: 2
chunk_size: 32
data depth: 8
stage to rank map: 0,2,4,6,8,10,12,14;1,3,5,7,9,11,13,15;
World size is 16
/opt/conda/envs/varuna/bin/python -u main.py --rank=10 --chunk_size=32 --local_rank=0 --stage_to_rank_map=0,2,4,6,8,10,12,14;1,3,5,7,9,11,13,15; --batch-size=256 data -a resnet152 --varuna --lr 0.001 --epochs 1000 --resume s3://spot-checkpoints/resnet --resume_step 89
=> creating model 'resnet152'
Files already downloaded and verified
Num cutpoints is 31
dry run time 0.8465690612792969
SHARED WEIGHTS ARE
None
this rank  10 is part of pipeline replica  5
8 chunks
10 Overflow !!
10 : update_scale(): _has_overflow, dynamic. _loss_scale =  524288.0
[2022-11-30 14:43:21.885922] Epoch: [0][ 90/196]	Time  8.329 ( 8.329)	Data  1.234 ( 1.234)	Loss 4.6196e+00 (4.6196e+00)	Acc@1   0.00 (  0.00)	Acc@5   0.00 (  0.00)
[2022-11-30 14:43:30.225841] Finished iteration 90, CKPT_AND_STOP: False, flag: tensor([8], dtype=torch.int32), speed: 8336.486
Signal handler called with signal 10


 STOPPING VARUNA !!



Rank 10 signal handler called with signal 10
Opt ckpt time 4.2924323081970215
Process done with return code 0
Parent process ID: 26101 node: 172.31.21.45
32 cutpoints
Stages 1
Micro-bs 32 Max mem: 8675329024.0
Predicted microbatch size for 1: 32
comm size 0
GPUS_PER_VM=1 /home/ubuntu/varuna/tools/simulator/simulate-varuna 1 5 0 226787.1551513672 0
End of simulation:  Mini-batch time (usec) = 2165215
Min send: 10000000, max send 0
Min long send: 10000000, max long send 0
Min fwd: 10000000, max fwd 0; min bwd 10000000, max bwd 0
Min long fwd: 200267, max long fwd 203682; min long bwd 183179, max long bwd 189299
Time taken by simulation: 47 microseconds

Stages 2
Micro-bs 32 Max mem: 5306506956.799999
Predicted microbatch size for 2: 32
comm size 6422528
WARNING: no send time found, 2 partitions
GPUS_PER_VM=1 /home/ubuntu/varuna/tools/simulator/simulate-varuna 2 10 0 41642.83752441406 339993.4039718803
End of simulation:  Mini-batch time (usec) = 3406748
Min send: 10000000, max send 0
Min long send: 340325, max long send 360040
Min fwd: 52710, max fwd 61918; min bwd 78306, max bwd 84606
Min long fwd: 142036, max long fwd 146873; min long bwd 101940, max long bwd 106151
Time taken by simulation: 196 microseconds

Stages 4
Micro-bs 32 Max mem: 3266000179.2
Predicted microbatch size for 4: 32
comm size 12845056
WARNING: no send time found, 4 partitions
GPUS_PER_VM=1 /home/ubuntu/varuna/tools/simulator/simulate-varuna 4 22 0 4118.363380432129 632152.0801385244
End of simulation:  Mini-batch time (usec) = 10201214
Min send: 10000000, max send 0
Min long send: 632152, max long send 656857
Min fwd: 22752, max fwd 85634; min bwd 31589, max bwd 57169
Min long fwd: 59306, max long fwd 67128; min long bwd 46619, max long bwd 54005
Time taken by simulation: 976 microseconds

Stages 8
Micro-bs 32 Max mem: 1980926361.6
Predicted microbatch size for 8: 32
comm size 12845056
WARNING: no send time found, 8 partitions
GPUS_PER_VM=1 /home/ubuntu/varuna/tools/simulator/simulate-varuna 8 64 0 0 632152.0801385244
End of simulation:  Mini-batch time (usec) = 28149140
Min send: 10000000, max send 0
Min long send: 632152, max long send 667010
Min fwd: 4835, max fwd 48670; min bwd 11023, max bwd 35714
Min long fwd: 24181, max long fwd 33731; min long bwd 12455, max long bwd 24170
Time taken by simulation: 6723 microseconds

can't have 16 stages!
{1: 2.165215, 2: 3.406748, 4: 10.201214, 8: 28.14914}
{1: 32, 2: 32, 4: 32, 8: 32}
best config is: 2 32
expected time is 3.406748
7 per stage
14 servers!
Config:
ranks: range(10, 11)
train batch size: 2048
partitions: 2
chunk_size: 32
data depth: 7
stage to rank map: 0,2,4,6,8,10,12;1,3,5,7,9,11,13;
World size is 14
/opt/conda/envs/varuna/bin/python -u main.py --rank=10 --chunk_size=32 --local_rank=0 --stage_to_rank_map=0,2,4,6,8,10,12;1,3,5,7,9,11,13; --batch-size=288 data -a resnet152 --varuna --lr 0.001 --epochs 1000 --resume s3://spot-checkpoints/resnet --resume_step 90
=> creating model 'resnet152'
Files already downloaded and verified
Num cutpoints is 31
dry run time 0.8222348690032959
SHARED WEIGHTS ARE
None
this rank  10 is part of pipeline replica  5
9 chunks
10 Overflow !!
10 : update_scale(): _has_overflow, dynamic. _loss_scale =  524288.0
[2022-11-30 14:45:20.865995] Finished iteration 91, CKPT_AND_STOP: False, flag: tensor([0], dtype=torch.int32), speed: 9471.970
10 Overflow !!
10 : update_scale(): _has_overflow, dynamic. _loss_scale =  262144.0
[2022-11-30 14:45:23.004086] Finished iteration 92, CKPT_AND_STOP: False, flag: tensor([0], dtype=torch.int32), speed: 2137.821
10 Overflow !!
10 : update_scale(): _has_overflow, dynamic. _loss_scale =  131072.0
[2022-11-30 14:45:25.116881] Finished iteration 93, CKPT_AND_STOP: False, flag: tensor([0], dtype=torch.int32), speed: 2112.767
10 Overflow !!
10 : update_scale(): _has_overflow, dynamic. _loss_scale =  65536.0
[2022-11-30 14:45:27.259967] Finished iteration 94, CKPT_AND_STOP: False, flag: tensor([0], dtype=torch.int32), speed: 2143.033
[2022-11-30 14:45:29.384036] Finished iteration 95, CKPT_AND_STOP: False, flag: tensor([0], dtype=torch.int32), speed: 2123.990
[2022-11-30 14:45:30.515761] Finished iteration 96, CKPT_AND_STOP: False, flag: tensor([0], dtype=torch.int32), speed: 1131.658
[2022-11-30 14:45:31.657855] Finished iteration 97, CKPT_AND_STOP: False, flag: tensor([0], dtype=torch.int32), speed: 1142.073
[2022-11-30 14:45:32.800053] Finished iteration 98, CKPT_AND_STOP: False, flag: tensor([0], dtype=torch.int32), speed: 1142.146
[2022-11-30 14:45:33.991796] Finished iteration 99, CKPT_AND_STOP: False, flag: tensor([0], dtype=torch.int32), speed: 1191.713
[2022-11-30 14:45:11.390610] Epoch: [0][100/174]	Time  1.144 ( 2.374)	Data  0.004 ( 0.531)	Loss 4.6072e+00 (4.6309e+00)	Acc@1   0.00 (  0.00)	Acc@5   0.00 (  0.00)
[2022-11-30 14:45:35.135980] Finished iteration 100, CKPT_AND_STOP: False, flag: tensor([0], dtype=torch.int32), speed: 1144.142
10 Overflow !!
10 : update_scale(): _has_overflow, dynamic. _loss_scale =  32768.0
[2022-11-30 14:45:36.277823] Finished iteration 101, CKPT_AND_STOP: False, flag: tensor([0], dtype=torch.int32), speed: 1141.813
[2022-11-30 14:45:37.349149] Finished iteration 102, CKPT_AND_STOP: False, flag: tensor([0], dtype=torch.int32), speed: 1071.282
[2022-11-30 14:45:38.479113] Finished iteration 103, CKPT_AND_STOP: False, flag: tensor([0], dtype=torch.int32), speed: 1129.950
[2022-11-30 14:45:39.638251] Finished iteration 104, CKPT_AND_STOP: False, flag: tensor([0], dtype=torch.int32), speed: 1159.104
[2022-11-30 14:45:40.781833] Finished iteration 105, CKPT_AND_STOP: False, flag: tensor([0], dtype=torch.int32), speed: 1143.517
[2022-11-30 14:45:41.913341] Finished iteration 106, CKPT_AND_STOP: False, flag: tensor([0], dtype=torch.int32), speed: 1131.494
[2022-11-30 14:45:43.094427] Finished iteration 107, CKPT_AND_STOP: False, flag: tensor([0], dtype=torch.int32), speed: 1181.023
[2022-11-30 14:45:44.187277] Finished iteration 108, CKPT_AND_STOP: False, flag: tensor([0], dtype=torch.int32), speed: 1092.850
[2022-11-30 14:45:45.345096] Finished iteration 109, CKPT_AND_STOP: False, flag: tensor([0], dtype=torch.int32), speed: 1157.737
[2022-11-30 14:45:11.390610] Epoch: [0][110/174]	Time  1.084 ( 1.752)	Data  0.004 ( 0.267)	Loss 4.6376e+00 (4.6288e+00)	Acc@1   0.00 (  0.00)	Acc@5   0.00 (  0.00)
[2022-11-30 14:45:46.429963] Finished iteration 110, CKPT_AND_STOP: False, flag: tensor([0], dtype=torch.int32), speed: 1084.834
[2022-11-30 14:45:47.576041] Finished iteration 111, CKPT_AND_STOP: False, flag: tensor([0], dtype=torch.int32), speed: 1146.075
[2022-11-30 14:45:48.734089] Finished iteration 112, CKPT_AND_STOP: False, flag: tensor([0], dtype=torch.int32), speed: 1157.975
[2022-11-30 14:45:49.862446] Finished iteration 113, CKPT_AND_STOP: False, flag: tensor([0], dtype=torch.int32), speed: 1128.323
[2022-11-30 14:45:51.034738] Finished iteration 114, CKPT_AND_STOP: False, flag: tensor([0], dtype=torch.int32), speed: 1172.248
[2022-11-30 14:45:52.186012] Finished iteration 115, CKPT_AND_STOP: False, flag: tensor([0], dtype=torch.int32), speed: 1151.238
[2022-11-30 14:45:53.324794] Finished iteration 116, CKPT_AND_STOP: False, flag: tensor([0], dtype=torch.int32), speed: 1138.743
[2022-11-30 14:45:54.471526] Finished iteration 117, CKPT_AND_STOP: False, flag: tensor([0], dtype=torch.int32), speed: 1146.688
[2022-11-30 14:45:55.608285] Finished iteration 118, CKPT_AND_STOP: False, flag: tensor([0], dtype=torch.int32), speed: 1136.763
[2022-11-30 14:45:56.765910] Finished iteration 119, CKPT_AND_STOP: False, flag: tensor([0], dtype=torch.int32), speed: 1157.567
[2022-11-30 14:45:11.390610] Epoch: [0][120/174]	Time  1.122 ( 1.550)	Data  0.004 ( 0.180)	Loss 4.6337e+00 (4.6287e+00)	Acc@1   0.00 (  0.00)	Acc@5   0.00 (  0.00)
[2022-11-30 14:45:57.887455] Finished iteration 120, CKPT_AND_STOP: False, flag: tensor([0], dtype=torch.int32), speed: 1121.489
[2022-11-30 14:45:59.042837] Finished iteration 121, CKPT_AND_STOP: False, flag: tensor([0], dtype=torch.int32), speed: 1155.354
[2022-11-30 14:46:00.185068] Finished iteration 122, CKPT_AND_STOP: False, flag: tensor([0], dtype=torch.int32), speed: 1142.187
[2022-11-30 14:46:01.324604] Finished iteration 123, CKPT_AND_STOP: False, flag: tensor([0], dtype=torch.int32), speed: 1139.537
[2022-11-30 14:46:02.474007] Finished iteration 124, CKPT_AND_STOP: False, flag: tensor([0], dtype=torch.int32), speed: 1149.353
[2022-11-30 14:46:03.597809] Finished iteration 125, CKPT_AND_STOP: False, flag: tensor([0], dtype=torch.int32), speed: 1123.749
[2022-11-30 14:46:04.691781] Finished iteration 126, CKPT_AND_STOP: False, flag: tensor([0], dtype=torch.int32), speed: 1093.925
[2022-11-30 14:46:05.834031] Finished iteration 127, CKPT_AND_STOP: False, flag: tensor([0], dtype=torch.int32), speed: 1142.210
[2022-11-30 14:46:06.965850] Finished iteration 128, CKPT_AND_STOP: False, flag: tensor([0], dtype=torch.int32), speed: 1131.769
[2022-11-30 14:46:08.116526] Finished iteration 129, CKPT_AND_STOP: False, flag: tensor([0], dtype=torch.int32), speed: 1150.635
[2022-11-30 14:45:11.390610] Epoch: [0][130/174]	Time  1.148 ( 1.447)	Data  0.004 ( 0.136)	Loss 4.6220e+00 (4.6286e+00)	Acc@1   0.00 (  0.00)	Acc@5   0.00 (  0.00)
[2022-11-30 14:46:09.264036] Finished iteration 130, CKPT_AND_STOP: False, flag: tensor([0], dtype=torch.int32), speed: 1147.505
[2022-11-30 14:46:10.423029] Finished iteration 131, CKPT_AND_STOP: False, flag: tensor([0], dtype=torch.int32), speed: 1158.933
[2022-11-30 14:46:11.550765] Finished iteration 132, CKPT_AND_STOP: False, flag: tensor([0], dtype=torch.int32), speed: 1127.695
[2022-11-30 14:46:12.817374] Finished iteration 133, CKPT_AND_STOP: False, flag: tensor([0], dtype=torch.int32), speed: 1266.597
[2022-11-30 14:46:13.950243] Finished iteration 134, CKPT_AND_STOP: False, flag: tensor([0], dtype=torch.int32), speed: 1132.802
[2022-11-30 14:46:15.078272] Finished iteration 135, CKPT_AND_STOP: False, flag: tensor([0], dtype=torch.int32), speed: 1128.034
[2022-11-30 14:46:16.202110] Finished iteration 136, CKPT_AND_STOP: False, flag: tensor([0], dtype=torch.int32), speed: 1123.767
[2022-11-30 14:46:17.320777] Finished iteration 137, CKPT_AND_STOP: False, flag: tensor([0], dtype=torch.int32), speed: 1118.620
[2022-11-30 14:46:18.435546] Finished iteration 138, CKPT_AND_STOP: False, flag: tensor([0], dtype=torch.int32), speed: 1114.726
[2022-11-30 14:46:19.580096] Finished iteration 139, CKPT_AND_STOP: False, flag: tensor([0], dtype=torch.int32), speed: 1144.515
[2022-11-30 14:45:11.390610] Epoch: [0][140/174]	Time  1.172 ( 1.387)	Data  0.004 ( 0.110)	Loss 4.6181e+00 (4.6292e+00)	Acc@1   0.00 (  0.00)	Acc@5   0.00 (  0.00)
[2022-11-30 14:46:20.752029] Finished iteration 140, CKPT_AND_STOP: False, flag: tensor([0], dtype=torch.int32), speed: 1171.874
[2022-11-30 14:46:21.887099] Finished iteration 141, CKPT_AND_STOP: False, flag: tensor([0], dtype=torch.int32), speed: 1135.045
[2022-11-30 14:46:23.047226] Finished iteration 142, CKPT_AND_STOP: False, flag: tensor([0], dtype=torch.int32), speed: 1160.092
[2022-11-30 14:46:24.233575] Finished iteration 143, CKPT_AND_STOP: False, flag: tensor([0], dtype=torch.int32), speed: 1186.311
[2022-11-30 14:46:25.331037] Finished iteration 144, CKPT_AND_STOP: False, flag: tensor([0], dtype=torch.int32), speed: 1097.422
