Parent process ID: 27558 node: 172.31.24.208
32 cutpoints
Stages 1
Micro-bs 32 Max mem: 8675329024.0
Predicted microbatch size for 1: 32
comm size 0
GPUS_PER_VM=1 /home/ubuntu/varuna/tools/simulator/simulate-varuna 1 4 0 222679.87060546875 0
End of simulation:  Mini-batch time (usec) = 1777661
Min send: 10000000, max send 0
Min long send: 10000000, max long send 0
Min fwd: 10000000, max fwd 0; min bwd 10000000, max bwd 0
Min long fwd: 201398, max long fwd 203682; min long bwd 184795, max long bwd 189299
Time taken by simulation: 40 microseconds

Stages 2
Micro-bs 32 Max mem: 5306506956.799999
Predicted microbatch size for 2: 32
comm size 6422528
WARNING: no send time found, 2 partitions
GPUS_PER_VM=1 /home/ubuntu/varuna/tools/simulator/simulate-varuna 2 8 0 42864.17007446289 339993.4039718803
End of simulation:  Mini-batch time (usec) = 2926179
Min send: 10000000, max send 0
Min long send: 340325, max long send 360040
Min fwd: 54106, max fwd 61226; min bwd 79729, max bwd 84071
Min long fwd: 142875, max long fwd 147087; min long bwd 100210, max long bwd 105674
Time taken by simulation: 155 microseconds

Stages 4
Micro-bs 32 Max mem: 3266000179.2
Predicted microbatch size for 4: 32
comm size 12845056
WARNING: no send time found, 4 partitions
GPUS_PER_VM=1 /home/ubuntu/varuna/tools/simulator/simulate-varuna 4 16 0 5012.969017028809 632152.0801385244
End of simulation:  Mini-batch time (usec) = 8186112
Min send: 10000000, max send 0
Min long send: 632289, max long send 656857
Min fwd: 22997, max fwd 85414; min bwd 32345, max bwd 55249
Min long fwd: 59874, max long fwd 66218; min long bwd 45265, max long bwd 54005
Time taken by simulation: 712 microseconds

Stages 8
Micro-bs 32 Max mem: 1980926361.6
Predicted microbatch size for 8: 32
comm size 12845056
WARNING: no send time found, 8 partitions
GPUS_PER_VM=1 /home/ubuntu/varuna/tools/simulator/simulate-varuna 8 32 0 1084.3276977539062 632152.0801385244
End of simulation:  Mini-batch time (usec) = 17887923
Min send: 10000000, max send 0
Min long send: 632168, max long send 660373
Min fwd: 5425, max fwd 48670; min bwd 12684, max bwd 35373
Min long fwd: 26803, max long fwd 34176; min long bwd 16127, max long bwd 25418
Time taken by simulation: 3229 microseconds

Stages 16
Micro-bs 32 Max mem: 1128991948.8
Predicted microbatch size for 16: 32
comm size 25690112
WARNING: no send time found, 16 partitions
GPUS_PER_VM=1 /home/ubuntu/varuna/tools/simulator/simulate-varuna 16 64 0 0 1028093.6227904424
End of simulation:  Mini-batch time (usec) = 61731430
Min send: 10000000, max send 0
Min long send: 1028093, max long send 1062462
Min fwd: 56, max fwd 33543; min bwd 2591, max bwd 20855
Min long fwd: 1672, max long fwd 12532; min long bwd 2017, max long bwd 11294
Time taken by simulation: 14156 microseconds

{1: 1.777661, 2: 2.926179, 4: 8.186112, 8: 17.887923, 16: 61.73143}
{1: 32, 2: 32, 4: 32, 8: 32, 16: 32}
best config is: 2 32
expected time is 2.926179
9 per stage
18 servers!
Config:
ranks: range(4, 5)
train batch size: 2048
partitions: 2
chunk_size: 32
data depth: 9
stage to rank map: 0,2,4,6,8,10,12,14,16;1,3,5,7,9,11,13,15,17;
World size is 18
/opt/conda/envs/varuna/bin/python -u main.py --rank=4 --chunk_size=32 --local_rank=0 --stage_to_rank_map=0,2,4,6,8,10,12,14,16;1,3,5,7,9,11,13,15,17; --batch-size=224 data -a resnet152 --varuna --lr 0.001 --epochs 1000 --resume s3://spot-checkpoints/resnet
=> creating model 'resnet152'
Files already downloaded and verified
Num cutpoints is 31
dry run time 0.8766756057739258
SHARED WEIGHTS ARE
None
this rank  4 is part of pipeline replica  2
7 chunks
4 Overflow !!
4 : update_scale(): _has_overflow, dynamic. _loss_scale =  524288.0
[2022-11-30 14:37:45.048646] Finished iteration 1, CKPT_AND_STOP: False, flag: tensor([0], dtype=torch.int32), speed: 7801.935
4 Overflow !!
4 : update_scale(): _has_overflow, dynamic. _loss_scale =  262144.0
[2022-11-30 14:37:47.012413] Finished iteration 2, CKPT_AND_STOP: False, flag: tensor([0], dtype=torch.int32), speed: 1963.546
4 Overflow !!
4 : update_scale(): _has_overflow, dynamic. _loss_scale =  131072.0
[2022-11-30 14:37:48.032337] Finished iteration 3, CKPT_AND_STOP: False, flag: tensor([0], dtype=torch.int32), speed: 1019.870
4 Overflow !!
4 : update_scale(): _has_overflow, dynamic. _loss_scale =  65536.0
[2022-11-30 14:37:49.951568] Finished iteration 4, CKPT_AND_STOP: False, flag: tensor([0], dtype=torch.int32), speed: 1919.210
4 Overflow !!
4 : update_scale(): _has_overflow, dynamic. _loss_scale =  32768.0
[2022-11-30 14:37:51.973947] Finished iteration 5, CKPT_AND_STOP: False, flag: tensor([0], dtype=torch.int32), speed: 2022.319
4 Overflow !!
4 : update_scale(): _has_overflow, dynamic. _loss_scale =  16384.0
[2022-11-30 14:37:52.960481] Finished iteration 6, CKPT_AND_STOP: False, flag: tensor([0], dtype=torch.int32), speed: 986.506
4 Overflow !!
4 : update_scale(): _has_overflow, dynamic. _loss_scale =  8192.0
[2022-11-30 14:37:53.853999] Finished iteration 7, CKPT_AND_STOP: False, flag: tensor([0], dtype=torch.int32), speed: 893.536
4 Overflow !!
4 : update_scale(): _has_overflow, dynamic. _loss_scale =  4096.0
[2022-11-30 14:37:54.753101] Finished iteration 8, CKPT_AND_STOP: False, flag: tensor([0], dtype=torch.int32), speed: 899.028
4 Overflow !!
4 : update_scale(): _has_overflow, dynamic. _loss_scale =  2048.0
[2022-11-30 14:37:55.750036] Finished iteration 9, CKPT_AND_STOP: False, flag: tensor([0], dtype=torch.int32), speed: 996.968
4 Overflow !!
4 : update_scale(): _has_overflow, dynamic. _loss_scale =  1024.0
[2022-11-30 14:37:37.222003] Epoch: [0][ 10/224]	Time  0.977 ( 1.948)	Data  0.004 ( 0.430)	Loss 7.0932e+00 (7.0619e+00)	Acc@1   0.00 (  0.00)	Acc@5   0.00 (  0.00)
[2022-11-30 14:37:56.733388] Finished iteration 10, CKPT_AND_STOP: False, flag: tensor([0], dtype=torch.int32), speed: 983.249
[2022-11-30 14:37:57.715056] Finished iteration 11, CKPT_AND_STOP: False, flag: tensor([0], dtype=torch.int32), speed: 981.663
[2022-11-30 14:37:58.690764] Finished iteration 12, CKPT_AND_STOP: False, flag: tensor([0], dtype=torch.int32), speed: 975.639
[2022-11-30 14:37:59.608198] Finished iteration 13, CKPT_AND_STOP: False, flag: tensor([0], dtype=torch.int32), speed: 917.398
[2022-11-30 14:38:00.635810] Finished iteration 14, CKPT_AND_STOP: False, flag: tensor([0], dtype=torch.int32), speed: 1027.575
[2022-11-30 14:38:01.620500] Finished iteration 15, CKPT_AND_STOP: False, flag: tensor([0], dtype=torch.int32), speed: 984.630
[2022-11-30 14:38:02.619611] Finished iteration 16, CKPT_AND_STOP: False, flag: tensor([0], dtype=torch.int32), speed: 999.102
[2022-11-30 14:38:03.506292] Finished iteration 17, CKPT_AND_STOP: False, flag: tensor([0], dtype=torch.int32), speed: 886.604
[2022-11-30 14:38:04.501399] Finished iteration 18, CKPT_AND_STOP: False, flag: tensor([0], dtype=torch.int32), speed: 995.114
[2022-11-30 14:38:05.425044] Finished iteration 19, CKPT_AND_STOP: False, flag: tensor([0], dtype=torch.int32), speed: 923.571
[2022-11-30 14:37:37.222003] Epoch: [0][ 20/224]	Time  1.008 ( 1.459)	Data  0.012 ( 0.220)	Loss 4.7528e+00 (6.0871e+00)	Acc@1   0.00 (  0.00)	Acc@5   0.00 (  0.00)
[2022-11-30 14:38:06.429365] Finished iteration 20, CKPT_AND_STOP: False, flag: tensor([0], dtype=torch.int32), speed: 1004.273
[2022-11-30 14:38:07.367428] Finished iteration 21, CKPT_AND_STOP: False, flag: tensor([0], dtype=torch.int32), speed: 938.102
[2022-11-30 14:38:08.360396] Finished iteration 22, CKPT_AND_STOP: False, flag: tensor([0], dtype=torch.int32), speed: 992.920
[2022-11-30 14:38:09.343420] Finished iteration 23, CKPT_AND_STOP: False, flag: tensor([0], dtype=torch.int32), speed: 982.929
[2022-11-30 14:38:10.305642] Finished iteration 24, CKPT_AND_STOP: False, flag: tensor([0], dtype=torch.int32), speed: 962.177
[2022-11-30 14:38:11.303745] Finished iteration 25, CKPT_AND_STOP: False, flag: tensor([0], dtype=torch.int32), speed: 998.062
[2022-11-30 14:38:12.212970] Finished iteration 26, CKPT_AND_STOP: False, flag: tensor([0], dtype=torch.int32), speed: 909.179
[2022-11-30 14:38:13.185212] Finished iteration 27, CKPT_AND_STOP: False, flag: tensor([0], dtype=torch.int32), speed: 972.219
[2022-11-30 14:38:14.117945] Finished iteration 28, CKPT_AND_STOP: False, flag: tensor([0], dtype=torch.int32), speed: 932.669
[2022-11-30 14:38:15.088459] Finished iteration 29, CKPT_AND_STOP: False, flag: tensor([0], dtype=torch.int32), speed: 970.474
[2022-11-30 14:37:37.222003] Epoch: [0][ 30/224]	Time  0.988 ( 1.294)	Data  0.007 ( 0.149)	Loss 4.7154e+00 (5.6466e+00)	Acc@1   0.00 (  0.00)	Acc@5   0.00 (  0.00)
[2022-11-30 14:38:16.079803] Finished iteration 30, CKPT_AND_STOP: False, flag: tensor([0], dtype=torch.int32), speed: 991.302
[2022-11-30 14:38:17.027572] Finished iteration 31, CKPT_AND_STOP: False, flag: tensor([0], dtype=torch.int32), speed: 947.746
[2022-11-30 14:38:18.007884] Finished iteration 32, CKPT_AND_STOP: False, flag: tensor([0], dtype=torch.int32), speed: 980.284
[2022-11-30 14:38:18.942120] Finished iteration 33, CKPT_AND_STOP: False, flag: tensor([0], dtype=torch.int32), speed: 934.189
[2022-11-30 14:38:19.955418] Finished iteration 34, CKPT_AND_STOP: False, flag: tensor([0], dtype=torch.int32), speed: 1013.277
[2022-11-30 14:38:20.953447] Finished iteration 35, CKPT_AND_STOP: False, flag: tensor([0], dtype=torch.int32), speed: 998.026
[2022-11-30 14:38:21.949056] Finished iteration 36, CKPT_AND_STOP: False, flag: tensor([0], dtype=torch.int32), speed: 995.541
[2022-11-30 14:38:22.928404] Finished iteration 37, CKPT_AND_STOP: False, flag: tensor([0], dtype=torch.int32), speed: 979.277
[2022-11-30 14:38:23.981266] Finished iteration 38, CKPT_AND_STOP: False, flag: tensor([0], dtype=torch.int32), speed: 1052.920
[2022-11-30 14:38:24.958903] Finished iteration 39, CKPT_AND_STOP: False, flag: tensor([0], dtype=torch.int32), speed: 977.509
[2022-11-30 14:37:37.222003] Epoch: [0][ 40/224]	Time  0.999 ( 1.218)	Data  0.005 ( 0.114)	Loss 4.6635e+00 (5.4039e+00)	Acc@1   0.00 (  0.00)	Acc@5   0.00 (  0.00)
[2022-11-30 14:38:25.960038] Finished iteration 40, CKPT_AND_STOP: False, flag: tensor([0], dtype=torch.int32), speed: 1001.102
[2022-11-30 14:38:26.871585] Finished iteration 41, CKPT_AND_STOP: False, flag: tensor([0], dtype=torch.int32), speed: 911.510
[2022-11-30 14:38:27.791790] Finished iteration 42, CKPT_AND_STOP: False, flag: tensor([0], dtype=torch.int32), speed: 920.209
[2022-11-30 14:38:28.670116] Finished iteration 43, CKPT_AND_STOP: False, flag: tensor([0], dtype=torch.int32), speed: 878.287
[2022-11-30 14:38:29.698091] Finished iteration 44, CKPT_AND_STOP: False, flag: tensor([0], dtype=torch.int32), speed: 1027.903
[2022-11-30 14:38:30.694163] Finished iteration 45, CKPT_AND_STOP: False, flag: tensor([0], dtype=torch.int32), speed: 996.066
[2022-11-30 14:38:31.688547] Finished iteration 46, CKPT_AND_STOP: False, flag: tensor([0], dtype=torch.int32), speed: 994.340
[2022-11-30 14:38:32.636248] Finished iteration 47, CKPT_AND_STOP: False, flag: tensor([0], dtype=torch.int32), speed: 947.679
[2022-11-30 14:38:33.629926] Finished iteration 48, CKPT_AND_STOP: False, flag: tensor([0], dtype=torch.int32), speed: 993.622
[2022-11-30 14:38:34.535511] Finished iteration 49, CKPT_AND_STOP: False, flag: tensor([0], dtype=torch.int32), speed: 905.598
[2022-11-30 14:37:37.222003] Epoch: [0][ 50/224]	Time  1.019 ( 1.166)	Data  0.011 ( 0.093)	Loss 4.6496e+00 (5.2545e+00)	Acc@1   0.00 (  0.00)	Acc@5   0.00 (  0.00)
[2022-11-30 14:38:35.549161] Finished iteration 50, CKPT_AND_STOP: False, flag: tensor([0], dtype=torch.int32), speed: 1013.566
[2022-11-30 14:38:36.559192] Finished iteration 51, CKPT_AND_STOP: False, flag: tensor([0], dtype=torch.int32), speed: 1009.972
[2022-11-30 14:38:37.538418] Finished iteration 52, CKPT_AND_STOP: False, flag: tensor([0], dtype=torch.int32), speed: 979.204
[2022-11-30 14:38:38.533471] Finished iteration 53, CKPT_AND_STOP: False, flag: tensor([0], dtype=torch.int32), speed: 995.049
[2022-11-30 14:38:39.553155] Finished iteration 54, CKPT_AND_STOP: False, flag: tensor([0], dtype=torch.int32), speed: 1019.603
[2022-11-30 14:38:40.547734] Finished iteration 55, CKPT_AND_STOP: False, flag: tensor([0], dtype=torch.int32), speed: 994.539
[2022-11-30 14:38:41.500878] Finished iteration 56, CKPT_AND_STOP: False, flag: tensor([0], dtype=torch.int32), speed: 953.237
[2022-11-30 14:38:42.433463] Finished iteration 57, CKPT_AND_STOP: False, flag: tensor([0], dtype=torch.int32), speed: 932.449
[2022-11-30 14:38:43.420085] Finished iteration 58, CKPT_AND_STOP: False, flag: tensor([0], dtype=torch.int32), speed: 986.568
[2022-11-30 14:38:44.336504] Finished iteration 59, CKPT_AND_STOP: False, flag: tensor([0], dtype=torch.int32), speed: 916.384
[2022-11-30 14:37:37.222003] Epoch: [0][ 60/224]	Time  0.983 ( 1.134)	Data  0.012 ( 0.079)	Loss 4.6618e+00 (5.1533e+00)	Acc@1   0.00 (  0.00)	Acc@5   0.00 (  0.00)
[2022-11-30 14:38:45.312525] Finished iteration 60, CKPT_AND_STOP: False, flag: tensor([0], dtype=torch.int32), speed: 976.013
[2022-11-30 14:38:46.302398] Finished iteration 61, CKPT_AND_STOP: False, flag: tensor([0], dtype=torch.int32), speed: 989.873
[2022-11-30 14:38:47.232830] Finished iteration 62, CKPT_AND_STOP: False, flag: tensor([0], dtype=torch.int32), speed: 930.451
[2022-11-30 14:38:48.192250] Finished iteration 63, CKPT_AND_STOP: False, flag: tensor([0], dtype=torch.int32), speed: 959.294
[2022-11-30 14:38:49.185836] Finished iteration 64, CKPT_AND_STOP: False, flag: tensor([0], dtype=torch.int32), speed: 993.524
[2022-11-30 14:38:50.109148] Finished iteration 65, CKPT_AND_STOP: False, flag: tensor([0], dtype=torch.int32), speed: 923.304
[2022-11-30 14:38:51.119597] Finished iteration 66, CKPT_AND_STOP: False, flag: tensor([0], dtype=torch.int32), speed: 1010.354
[2022-11-30 14:38:52.046492] Finished iteration 67, CKPT_AND_STOP: False, flag: tensor([0], dtype=torch.int32), speed: 926.902
[2022-11-30 14:38:53.036705] Finished iteration 68, CKPT_AND_STOP: False, flag: tensor([0], dtype=torch.int32), speed: 990.162
[2022-11-30 14:38:54.007678] Finished iteration 69, CKPT_AND_STOP: False, flag: tensor([0], dtype=torch.int32), speed: 970.900
[2022-11-30 14:37:37.222003] Epoch: [0][ 70/224]	Time  0.898 ( 1.109)	Data  0.008 ( 0.069)	Loss 4.6367e+00 (5.0794e+00)	Acc@1   0.00 (  0.00)	Acc@5   0.00 (  0.00)
[2022-11-30 14:38:54.910743] Finished iteration 70, CKPT_AND_STOP: False, flag: tensor([0], dtype=torch.int32), speed: 903.021
[2022-11-30 14:38:55.893474] Finished iteration 71, CKPT_AND_STOP: False, flag: tensor([1], dtype=torch.int32), speed: 982.741
Signal handler called with signal 10


 STOPPING VARUNA !!



Rank 4 signal handler called with signal 10
Opt ckpt time 3.543731451034546
Process done with return code 0
Parent process ID: 28116 node: 172.31.24.208
32 cutpoints
Stages 1
Micro-bs 32 Max mem: 8675329024.0
Predicted microbatch size for 1: 32
comm size 0
GPUS_PER_VM=1 /home/ubuntu/varuna/tools/simulator/simulate-varuna 1 4 0 217441.22314453125 0
End of simulation:  Mini-batch time (usec) = 1772423
Min send: 10000000, max send 0
Min long send: 10000000, max long send 0
Min fwd: 10000000, max fwd 0; min bwd 10000000, max bwd 0
Min long fwd: 201398, max long fwd 203682; min long bwd 184795, max long bwd 189299
Time taken by simulation: 44 microseconds

Stages 2
Micro-bs 32 Max mem: 5306506956.799999
Predicted microbatch size for 2: 32
comm size 6422528
WARNING: no send time found, 2 partitions
GPUS_PER_VM=1 /home/ubuntu/varuna/tools/simulator/simulate-varuna 2 8 0 42123.68392944336 339993.4039718803
End of simulation:  Mini-batch time (usec) = 2925438
Min send: 10000000, max send 0
Min long send: 340325, max long send 360040
Min fwd: 54106, max fwd 61226; min bwd 79729, max bwd 84071
Min long fwd: 142875, max long fwd 147087; min long bwd 100210, max long bwd 105674
Time taken by simulation: 159 microseconds

Stages 4
Micro-bs 32 Max mem: 3266000179.2
Predicted microbatch size for 4: 32
comm size 12845056
WARNING: no send time found, 4 partitions
GPUS_PER_VM=1 /home/ubuntu/varuna/tools/simulator/simulate-varuna 4 16 0 5012.969017028809 632152.0801385244
End of simulation:  Mini-batch time (usec) = 8186112
Min send: 10000000, max send 0
Min long send: 632289, max long send 656857
Min fwd: 22997, max fwd 85414; min bwd 32345, max bwd 55249
Min long fwd: 59874, max long fwd 66218; min long bwd 45265, max long bwd 54005
Time taken by simulation: 768 microseconds

Stages 8
Micro-bs 32 Max mem: 1980926361.6
Predicted microbatch size for 8: 32
comm size 12845056
WARNING: no send time found, 8 partitions
GPUS_PER_VM=1 /home/ubuntu/varuna/tools/simulator/simulate-varuna 8 32 0 1084.3276977539062 632152.0801385244
End of simulation:  Mini-batch time (usec) = 17887923
Min send: 10000000, max send 0
Min long send: 632168, max long send 660373
Min fwd: 5425, max fwd 48670; min bwd 12684, max bwd 35373
Min long fwd: 26803, max long fwd 34176; min long bwd 16127, max long bwd 25418
Time taken by simulation: 3194 microseconds

Stages 16
Micro-bs 32 Max mem: 1128991948.8
Predicted microbatch size for 16: 32
comm size 25690112
WARNING: no send time found, 16 partitions
GPUS_PER_VM=1 /home/ubuntu/varuna/tools/simulator/simulate-varuna 16 64 0 0 1028093.6227904424
End of simulation:  Mini-batch time (usec) = 61731430
Min send: 10000000, max send 0
Min long send: 1028093, max long send 1062462
Min fwd: 56, max fwd 33543; min bwd 2591, max bwd 20855
Min long fwd: 1672, max long fwd 12532; min long bwd 2017, max long bwd 11294
Time taken by simulation: 14125 microseconds

{1: 1.772423, 2: 2.925438, 4: 8.186112, 8: 17.887923, 16: 61.73143}
{1: 32, 2: 32, 4: 32, 8: 32, 16: 32}
best config is: 2 32
expected time is 2.925438
8 per stage
16 servers!
Config:
ranks: range(4, 5)
train batch size: 2048
partitions: 2
chunk_size: 32
data depth: 8
stage to rank map: 0,2,4,6,8,10,12,14;1,3,5,7,9,11,13,15;
World size is 16
/opt/conda/envs/varuna/bin/python -u main.py --rank=4 --chunk_size=32 --local_rank=0 --stage_to_rank_map=0,2,4,6,8,10,12,14;1,3,5,7,9,11,13,15; --batch-size=256 data -a resnet152 --varuna --lr 0.001 --epochs 1000 --resume s3://spot-checkpoints/resnet --resume_step 71
=> creating model 'resnet152'
Files already downloaded and verified
Num cutpoints is 31
dry run time 0.9764094352722168
SHARED WEIGHTS ARE
None
this rank  4 is part of pipeline replica  2
8 chunks
4 Overflow !!
4 : update_scale(): _has_overflow, dynamic. _loss_scale =  524288.0
[2022-11-30 14:41:05.885691] Finished iteration 72, CKPT_AND_STOP: False, flag: tensor([0], dtype=torch.int32), speed: 8493.304
4 Overflow !!
4 : update_scale(): _has_overflow, dynamic. _loss_scale =  262144.0
[2022-11-30 14:41:06.956777] Finished iteration 73, CKPT_AND_STOP: False, flag: tensor([0], dtype=torch.int32), speed: 1070.856
4 Overflow !!
4 : update_scale(): _has_overflow, dynamic. _loss_scale =  131072.0
[2022-11-30 14:41:08.127389] Finished iteration 74, CKPT_AND_STOP: False, flag: tensor([0], dtype=torch.int32), speed: 1170.547
4 Overflow !!
4 : update_scale(): _has_overflow, dynamic. _loss_scale =  65536.0
[2022-11-30 14:41:10.245042] Finished iteration 75, CKPT_AND_STOP: False, flag: tensor([0], dtype=torch.int32), speed: 2117.683
4 Overflow !!
4 : update_scale(): _has_overflow, dynamic. _loss_scale =  32768.0
[2022-11-30 14:41:11.938631] Finished iteration 76, CKPT_AND_STOP: False, flag: tensor([0], dtype=torch.int32), speed: 1693.478
[2022-11-30 14:41:12.995201] Finished iteration 77, CKPT_AND_STOP: False, flag: tensor([0], dtype=torch.int32), speed: 1056.535
[2022-11-30 14:41:14.088095] Finished iteration 78, CKPT_AND_STOP: False, flag: tensor([0], dtype=torch.int32), speed: 1092.862
[2022-11-30 14:41:15.158037] Finished iteration 79, CKPT_AND_STOP: False, flag: tensor([0], dtype=torch.int32), speed: 1069.892
[2022-11-30 14:40:57.386838] Epoch: [0][ 80/196]	Time  1.081 ( 2.093)	Data  0.014 ( 0.144)	Loss 4.6533e+00 (4.6529e+00)	Acc@1   0.00 (  0.00)	Acc@5   0.00 (  0.00)
[2022-11-30 14:41:16.242948] Finished iteration 80, CKPT_AND_STOP: False, flag: tensor([0], dtype=torch.int32), speed: 1084.859
[2022-11-30 14:41:17.526539] Finished iteration 81, CKPT_AND_STOP: False, flag: tensor([0], dtype=torch.int32), speed: 1283.653
[2022-11-30 14:41:18.549871] Finished iteration 82, CKPT_AND_STOP: False, flag: tensor([0], dtype=torch.int32), speed: 1023.202
[2022-11-30 14:41:19.721661] Finished iteration 83, CKPT_AND_STOP: False, flag: tensor([0], dtype=torch.int32), speed: 1171.829
[2022-11-30 14:41:20.805492] Finished iteration 84, CKPT_AND_STOP: False, flag: tensor([0], dtype=torch.int32), speed: 1083.869
[2022-11-30 14:41:21.803708] Finished iteration 85, CKPT_AND_STOP: False, flag: tensor([0], dtype=torch.int32), speed: 998.024
[2022-11-30 14:41:22.891407] Finished iteration 86, CKPT_AND_STOP: False, flag: tensor([0], dtype=torch.int32), speed: 1087.651
[2022-11-30 14:41:23.947042] Finished iteration 87, CKPT_AND_STOP: False, flag: tensor([0], dtype=torch.int32), speed: 1055.594
[2022-11-30 14:41:24.982965] Finished iteration 88, CKPT_AND_STOP: False, flag: tensor([0], dtype=torch.int32), speed: 1035.883
[2022-11-30 14:41:26.031781] Finished iteration 89, CKPT_AND_STOP: False, flag: tensor([1], dtype=torch.int32), speed: 1048.794
Signal handler called with signal 10


 STOPPING VARUNA !!



Rank 4 signal handler called with signal 10
Opt ckpt time 4.189213991165161
Process done with return code 0
Parent process ID: 29154 node: 172.31.24.208
32 cutpoints
Stages 1
Micro-bs 32 Max mem: 8675329024.0
Predicted microbatch size for 1: 32
comm size 0
GPUS_PER_VM=1 /home/ubuntu/varuna/tools/simulator/simulate-varuna 1 4 0 211804.62646484375 0
End of simulation:  Mini-batch time (usec) = 1766786
Min send: 10000000, max send 0
Min long send: 10000000, max long send 0
Min fwd: 10000000, max fwd 0; min bwd 10000000, max bwd 0
Min long fwd: 201398, max long fwd 203682; min long bwd 184795, max long bwd 189299
Time taken by simulation: 44 microseconds

Stages 2
Micro-bs 32 Max mem: 5306506956.799999
Predicted microbatch size for 2: 32
comm size 6422528
WARNING: no send time found, 2 partitions
GPUS_PER_VM=1 /home/ubuntu/varuna/tools/simulator/simulate-varuna 2 8 0 42123.68392944336 339993.4039718803
End of simulation:  Mini-batch time (usec) = 2925438
Min send: 10000000, max send 0
Min long send: 340325, max long send 360040
Min fwd: 54106, max fwd 61226; min bwd 79729, max bwd 84071
Min long fwd: 142875, max long fwd 147087; min long bwd 100210, max long bwd 105674
Time taken by simulation: 160 microseconds

Stages 4
Micro-bs 32 Max mem: 3266000179.2
Predicted microbatch size for 4: 32
comm size 12845056
WARNING: no send time found, 4 partitions
GPUS_PER_VM=1 /home/ubuntu/varuna/tools/simulator/simulate-varuna 4 16 0 5012.969017028809 632152.0801385244
End of simulation:  Mini-batch time (usec) = 8186112
Min send: 10000000, max send 0
Min long send: 632289, max long send 656857
Min fwd: 22997, max fwd 85414; min bwd 32345, max bwd 55249
Min long fwd: 59874, max long fwd 66218; min long bwd 45265, max long bwd 54005
Time taken by simulation: 757 microseconds

Stages 8
Micro-bs 32 Max mem: 1980926361.6
Predicted microbatch size for 8: 32
comm size 12845056
WARNING: no send time found, 8 partitions
GPUS_PER_VM=1 /home/ubuntu/varuna/tools/simulator/simulate-varuna 8 32 0 1084.3276977539062 632152.0801385244
End of simulation:  Mini-batch time (usec) = 17887923
Min send: 10000000, max send 0
Min long send: 632168, max long send 660373
Min fwd: 5425, max fwd 48670; min bwd 12684, max bwd 35373
Min long fwd: 26803, max long fwd 34176; min long bwd 16127, max long bwd 25418
Time taken by simulation: 3261 microseconds

Stages 16
Micro-bs 32 Max mem: 1128991948.8
Predicted microbatch size for 16: 32
comm size 25690112
WARNING: no send time found, 16 partitions
GPUS_PER_VM=1 /home/ubuntu/varuna/tools/simulator/simulate-varuna 16 64 0 0 1028093.6227904424
End of simulation:  Mini-batch time (usec) = 61731430
Min send: 10000000, max send 0
Min long send: 1028093, max long send 1062462
Min fwd: 56, max fwd 33543; min bwd 2591, max bwd 20855
Min long fwd: 1672, max long fwd 12532; min long bwd 2017, max long bwd 11294
Time taken by simulation: 14358 microseconds

{1: 1.766786, 2: 2.925438, 4: 8.186112, 8: 17.887923, 16: 61.73143}
{1: 32, 2: 32, 4: 32, 8: 32, 16: 32}
best config is: 2 32
expected time is 2.925438
8 per stage
16 servers!
Config:
ranks: range(4, 5)
train batch size: 2048
partitions: 2
chunk_size: 32
data depth: 8
stage to rank map: 0,2,4,6,8,10,12,14;1,3,5,7,9,11,13,15;
World size is 16
/opt/conda/envs/varuna/bin/python -u main.py --rank=4 --chunk_size=32 --local_rank=0 --stage_to_rank_map=0,2,4,6,8,10,12,14;1,3,5,7,9,11,13,15; --batch-size=256 data -a resnet152 --varuna --lr 0.001 --epochs 1000 --resume s3://spot-checkpoints/resnet --resume_step 89
=> creating model 'resnet152'
Files already downloaded and verified
Num cutpoints is 31
dry run time 0.8217873573303223
SHARED WEIGHTS ARE
None
this rank  4 is part of pipeline replica  2
8 chunks
Signal handler called with signal 10


 STOPPING VARUNA !!



Rank 4 signal handler called with signal 10
4 Overflow !!
4 : update_scale(): _has_overflow, dynamic. _loss_scale =  524288.0
[2022-11-30 14:43:21.888628] Epoch: [0][ 90/196]	Time  8.333 ( 8.333)	Data  1.738 ( 1.738)	Loss 4.6255e+00 (4.6255e+00)	Acc@1   0.00 (  0.00)	Acc@5   0.00 (  0.00)
[2022-11-30 14:43:30.229204] Finished iteration 90, CKPT_AND_STOP: True, flag: tensor([8], dtype=torch.int32), speed: 8336.305
Opt ckpt time 4.192435264587402
Process done with return code 0
Parent process ID: 30084 node: 172.31.24.208
32 cutpoints
Stages 1
Micro-bs 32 Max mem: 8675329024.0
Predicted microbatch size for 1: 32
comm size 0
GPUS_PER_VM=1 /home/ubuntu/varuna/tools/simulator/simulate-varuna 1 5 0 226787.1551513672 0
End of simulation:  Mini-batch time (usec) = 2165215
Min send: 10000000, max send 0
Min long send: 10000000, max long send 0
Min fwd: 10000000, max fwd 0; min bwd 10000000, max bwd 0
Min long fwd: 200267, max long fwd 203682; min long bwd 183179, max long bwd 189299
Time taken by simulation: 49 microseconds

Stages 2
Micro-bs 32 Max mem: 5306506956.799999
Predicted microbatch size for 2: 32
comm size 6422528
WARNING: no send time found, 2 partitions
GPUS_PER_VM=1 /home/ubuntu/varuna/tools/simulator/simulate-varuna 2 10 0 41642.83752441406 339993.4039718803
End of simulation:  Mini-batch time (usec) = 3406748
Min send: 10000000, max send 0
Min long send: 340325, max long send 360040
Min fwd: 52710, max fwd 61918; min bwd 78306, max bwd 84606
Min long fwd: 142036, max long fwd 146873; min long bwd 101940, max long bwd 106151
Time taken by simulation: 198 microseconds

Stages 4
Micro-bs 32 Max mem: 3266000179.2
Predicted microbatch size for 4: 32
comm size 12845056
WARNING: no send time found, 4 partitions
GPUS_PER_VM=1 /home/ubuntu/varuna/tools/simulator/simulate-varuna 4 22 0 4118.363380432129 632152.0801385244
End of simulation:  Mini-batch time (usec) = 10201214
Min send: 10000000, max send 0
Min long send: 632152, max long send 656857
Min fwd: 22752, max fwd 85634; min bwd 31589, max bwd 57169
Min long fwd: 59306, max long fwd 67128; min long bwd 46619, max long bwd 54005
Time taken by simulation: 981 microseconds

Stages 8
Micro-bs 32 Max mem: 1980926361.6
Predicted microbatch size for 8: 32
comm size 12845056
WARNING: no send time found, 8 partitions
GPUS_PER_VM=1 /home/ubuntu/varuna/tools/simulator/simulate-varuna 8 64 0 0 632152.0801385244
End of simulation:  Mini-batch time (usec) = 28149140
Min send: 10000000, max send 0
Min long send: 632152, max long send 667010
Min fwd: 4835, max fwd 48670; min bwd 11023, max bwd 35714
Min long fwd: 24181, max long fwd 33731; min long bwd 12455, max long bwd 24170
Time taken by simulation: 6678 microseconds

can't have 16 stages!
{1: 2.165215, 2: 3.406748, 4: 10.201214, 8: 28.14914}
{1: 32, 2: 32, 4: 32, 8: 32}
best config is: 2 32
expected time is 3.406748
7 per stage
14 servers!
Config:
ranks: range(4, 5)
train batch size: 2048
partitions: 2
chunk_size: 32
data depth: 7
stage to rank map: 0,2,4,6,8,10,12;1,3,5,7,9,11,13;
World size is 14
/opt/conda/envs/varuna/bin/python -u main.py --rank=4 --chunk_size=32 --local_rank=0 --stage_to_rank_map=0,2,4,6,8,10,12;1,3,5,7,9,11,13; --batch-size=288 data -a resnet152 --varuna --lr 0.001 --epochs 1000 --resume s3://spot-checkpoints/resnet --resume_step 90
=> creating model 'resnet152'
Files already downloaded and verified
Num cutpoints is 31
dry run time 0.8428013324737549
SHARED WEIGHTS ARE
None
this rank  4 is part of pipeline replica  2
9 chunks
4 Overflow !!
4 : update_scale(): _has_overflow, dynamic. _loss_scale =  524288.0
[2022-11-30 14:45:20.867561] Finished iteration 91, CKPT_AND_STOP: False, flag: tensor([0], dtype=torch.int32), speed: 9471.984
4 Overflow !!
4 : update_scale(): _has_overflow, dynamic. _loss_scale =  262144.0
[2022-11-30 14:45:23.006003] Finished iteration 92, CKPT_AND_STOP: False, flag: tensor([0], dtype=torch.int32), speed: 2138.137
4 Overflow !!
4 : update_scale(): _has_overflow, dynamic. _loss_scale =  131072.0
[2022-11-30 14:45:25.118422] Finished iteration 93, CKPT_AND_STOP: False, flag: tensor([0], dtype=torch.int32), speed: 2112.379
4 Overflow !!
4 : update_scale(): _has_overflow, dynamic. _loss_scale =  65536.0
[2022-11-30 14:45:27.261916] Finished iteration 94, CKPT_AND_STOP: False, flag: tensor([0], dtype=torch.int32), speed: 2143.453
[2022-11-30 14:45:29.385674] Finished iteration 95, CKPT_AND_STOP: False, flag: tensor([0], dtype=torch.int32), speed: 2123.771
[2022-11-30 14:45:30.517328] Finished iteration 96, CKPT_AND_STOP: False, flag: tensor([0], dtype=torch.int32), speed: 1131.554
[2022-11-30 14:45:31.659413] Finished iteration 97, CKPT_AND_STOP: False, flag: tensor([0], dtype=torch.int32), speed: 1142.033
[2022-11-30 14:45:32.801718] Finished iteration 98, CKPT_AND_STOP: False, flag: tensor([0], dtype=torch.int32), speed: 1142.266
[2022-11-30 14:45:33.993427] Finished iteration 99, CKPT_AND_STOP: False, flag: tensor([0], dtype=torch.int32), speed: 1191.665
[2022-11-30 14:45:11.391481] Epoch: [0][100/174]	Time  1.143 ( 2.374)	Data  0.004 ( 0.351)	Loss 4.6246e+00 (4.6258e+00)	Acc@1   0.00 (  0.00)	Acc@5   0.00 (  0.00)
[2022-11-30 14:45:35.137533] Finished iteration 100, CKPT_AND_STOP: False, flag: tensor([0], dtype=torch.int32), speed: 1144.074
4 Overflow !!
4 : update_scale(): _has_overflow, dynamic. _loss_scale =  32768.0
[2022-11-30 14:45:36.279336] Finished iteration 101, CKPT_AND_STOP: False, flag: tensor([0], dtype=torch.int32), speed: 1141.784
[2022-11-30 14:45:37.350657] Finished iteration 102, CKPT_AND_STOP: False, flag: tensor([0], dtype=torch.int32), speed: 1071.268
[2022-11-30 14:45:38.480650] Finished iteration 103, CKPT_AND_STOP: False, flag: tensor([0], dtype=torch.int32), speed: 1129.947
[2022-11-30 14:45:39.639817] Finished iteration 104, CKPT_AND_STOP: False, flag: tensor([0], dtype=torch.int32), speed: 1159.163
[2022-11-30 14:45:40.783374] Finished iteration 105, CKPT_AND_STOP: False, flag: tensor([0], dtype=torch.int32), speed: 1143.484
[2022-11-30 14:45:41.914890] Finished iteration 106, CKPT_AND_STOP: False, flag: tensor([0], dtype=torch.int32), speed: 1131.480
[2022-11-30 14:45:43.096001] Finished iteration 107, CKPT_AND_STOP: False, flag: tensor([0], dtype=torch.int32), speed: 1181.073
[2022-11-30 14:45:44.188816] Finished iteration 108, CKPT_AND_STOP: False, flag: tensor([0], dtype=torch.int32), speed: 1092.806
[2022-11-30 14:45:45.346613] Finished iteration 109, CKPT_AND_STOP: False, flag: tensor([0], dtype=torch.int32), speed: 1157.708
[2022-11-30 14:45:11.391481] Epoch: [0][110/174]	Time  1.085 ( 1.752)	Data  0.004 ( 0.178)	Loss 4.6224e+00 (4.6265e+00)	Acc@1   0.00 (  0.00)	Acc@5   0.00 (  0.00)
[2022-11-30 14:45:46.431601] Finished iteration 110, CKPT_AND_STOP: False, flag: tensor([0], dtype=torch.int32), speed: 1084.974
[2022-11-30 14:45:47.577637] Finished iteration 111, CKPT_AND_STOP: False, flag: tensor([0], dtype=torch.int32), speed: 1146.020
[2022-11-30 14:45:48.735639] Finished iteration 112, CKPT_AND_STOP: False, flag: tensor([0], dtype=torch.int32), speed: 1157.941
[2022-11-30 14:45:49.863981] Finished iteration 113, CKPT_AND_STOP: False, flag: tensor([0], dtype=torch.int32), speed: 1128.299
[2022-11-30 14:45:51.036335] Finished iteration 114, CKPT_AND_STOP: False, flag: tensor([0], dtype=torch.int32), speed: 1172.315
[2022-11-30 14:45:52.187576] Finished iteration 115, CKPT_AND_STOP: False, flag: tensor([0], dtype=torch.int32), speed: 1151.199
[2022-11-30 14:45:53.326376] Finished iteration 116, CKPT_AND_STOP: False, flag: tensor([0], dtype=torch.int32), speed: 1138.757
[2022-11-30 14:45:54.473171] Finished iteration 117, CKPT_AND_STOP: False, flag: tensor([0], dtype=torch.int32), speed: 1146.755
[2022-11-30 14:45:55.609845] Finished iteration 118, CKPT_AND_STOP: False, flag: tensor([0], dtype=torch.int32), speed: 1136.669
[2022-11-30 14:45:56.767430] Finished iteration 119, CKPT_AND_STOP: False, flag: tensor([0], dtype=torch.int32), speed: 1157.524
[2022-11-30 14:45:11.391481] Epoch: [0][120/174]	Time  1.121 ( 1.550)	Data  0.004 ( 0.120)	Loss 4.6415e+00 (4.6282e+00)	Acc@1   0.00 (  0.00)	Acc@5   0.00 (  0.00)
[2022-11-30 14:45:57.889203] Finished iteration 120, CKPT_AND_STOP: False, flag: tensor([0], dtype=torch.int32), speed: 1121.703
[2022-11-30 14:45:59.044361] Finished iteration 121, CKPT_AND_STOP: False, flag: tensor([0], dtype=torch.int32), speed: 1155.145
[2022-11-30 14:46:00.186588] Finished iteration 122, CKPT_AND_STOP: False, flag: tensor([0], dtype=torch.int32), speed: 1142.188
[2022-11-30 14:46:01.326114] Finished iteration 123, CKPT_AND_STOP: False, flag: tensor([0], dtype=torch.int32), speed: 1139.485
[2022-11-30 14:46:02.475633] Finished iteration 124, CKPT_AND_STOP: False, flag: tensor([0], dtype=torch.int32), speed: 1149.471
[2022-11-30 14:46:03.599353] Finished iteration 125, CKPT_AND_STOP: False, flag: tensor([0], dtype=torch.int32), speed: 1123.683
[2022-11-30 14:46:04.693388] Finished iteration 126, CKPT_AND_STOP: False, flag: tensor([0], dtype=torch.int32), speed: 1093.994
[2022-11-30 14:46:05.835658] Finished iteration 127, CKPT_AND_STOP: False, flag: tensor([0], dtype=torch.int32), speed: 1142.245
[2022-11-30 14:46:06.967521] Finished iteration 128, CKPT_AND_STOP: False, flag: tensor([0], dtype=torch.int32), speed: 1131.826
[2022-11-30 14:46:08.118116] Finished iteration 129, CKPT_AND_STOP: False, flag: tensor([0], dtype=torch.int32), speed: 1150.549
[2022-11-30 14:45:11.391481] Epoch: [0][130/174]	Time  1.148 ( 1.447)	Data  0.005 ( 0.091)	Loss 4.6406e+00 (4.6285e+00)	Acc@1   0.00 (  0.00)	Acc@5   0.00 (  0.00)
[2022-11-30 14:46:09.265584] Finished iteration 130, CKPT_AND_STOP: False, flag: tensor([0], dtype=torch.int32), speed: 1147.425
[2022-11-30 14:46:10.424657] Finished iteration 131, CKPT_AND_STOP: False, flag: tensor([0], dtype=torch.int32), speed: 1159.039
[2022-11-30 14:46:11.552366] Finished iteration 132, CKPT_AND_STOP: False, flag: tensor([0], dtype=torch.int32), speed: 1127.641
[2022-11-30 14:46:12.818936] Finished iteration 133, CKPT_AND_STOP: False, flag: tensor([0], dtype=torch.int32), speed: 1266.556
[2022-11-30 14:46:13.951795] Finished iteration 134, CKPT_AND_STOP: False, flag: tensor([0], dtype=torch.int32), speed: 1132.797
[2022-11-30 14:46:15.079823] Finished iteration 135, CKPT_AND_STOP: False, flag: tensor([0], dtype=torch.int32), speed: 1128.002
[2022-11-30 14:46:16.203765] Finished iteration 136, CKPT_AND_STOP: False, flag: tensor([0], dtype=torch.int32), speed: 1123.897
[2022-11-30 14:46:17.322379] Finished iteration 137, CKPT_AND_STOP: False, flag: tensor([0], dtype=torch.int32), speed: 1118.570
[2022-11-30 14:46:18.437165] Finished iteration 138, CKPT_AND_STOP: False, flag: tensor([0], dtype=torch.int32), speed: 1114.744
[2022-11-30 14:46:19.581734] Finished iteration 139, CKPT_AND_STOP: False, flag: tensor([0], dtype=torch.int32), speed: 1144.515
[2022-11-30 14:45:11.391481] Epoch: [0][140/174]	Time  1.172 ( 1.387)	Data  0.005 ( 0.074)	Loss 4.6176e+00 (4.6292e+00)	Acc@1   0.00 (  0.00)	Acc@5   0.00 (  0.00)
[2022-11-30 14:46:20.753578] Finished iteration 140, CKPT_AND_STOP: False, flag: tensor([0], dtype=torch.int32), speed: 1171.796
[2022-11-30 14:46:21.888765] Finished iteration 141, CKPT_AND_STOP: False, flag: tensor([0], dtype=torch.int32), speed: 1135.199
[2022-11-30 14:46:23.048774] Finished iteration 142, CKPT_AND_STOP: False, flag: tensor([0], dtype=torch.int32), speed: 1159.968
[2022-11-30 14:46:24.235183] Finished iteration 143, CKPT_AND_STOP: False, flag: tensor([0], dtype=torch.int32), speed: 1186.329
[2022-11-30 14:46:25.332629] Finished iteration 144, CKPT_AND_STOP: False, flag: tensor([0], dtype=torch.int32), speed: 1097.409
