Parent process ID: 23467 node: 172.31.21.254
32 cutpoints
Stages 1
Micro-bs 32 Max mem: 8675329024.0
Predicted microbatch size for 1: 32
comm size 0
GPUS_PER_VM=1 /home/ubuntu/varuna/tools/simulator/simulate-varuna 1 4 0 222679.87060546875 0
End of simulation:  Mini-batch time (usec) = 1777661
Min send: 10000000, max send 0
Min long send: 10000000, max long send 0
Min fwd: 10000000, max fwd 0; min bwd 10000000, max bwd 0
Min long fwd: 201398, max long fwd 203682; min long bwd 184795, max long bwd 189299
Time taken by simulation: 46 microseconds

Stages 2
Micro-bs 32 Max mem: 5306506956.799999
Predicted microbatch size for 2: 32
comm size 6422528
WARNING: no send time found, 2 partitions
GPUS_PER_VM=1 /home/ubuntu/varuna/tools/simulator/simulate-varuna 2 8 0 42864.17007446289 339993.4039718803
End of simulation:  Mini-batch time (usec) = 2926179
Min send: 10000000, max send 0
Min long send: 340325, max long send 360040
Min fwd: 54106, max fwd 61226; min bwd 79729, max bwd 84071
Min long fwd: 142875, max long fwd 147087; min long bwd 100210, max long bwd 105674
Time taken by simulation: 158 microseconds

Stages 4
Micro-bs 32 Max mem: 3266000179.2
Predicted microbatch size for 4: 32
comm size 12845056
WARNING: no send time found, 4 partitions
GPUS_PER_VM=1 /home/ubuntu/varuna/tools/simulator/simulate-varuna 4 16 0 5012.969017028809 632152.0801385244
End of simulation:  Mini-batch time (usec) = 8186112
Min send: 10000000, max send 0
Min long send: 632289, max long send 656857
Min fwd: 22997, max fwd 85414; min bwd 32345, max bwd 55249
Min long fwd: 59874, max long fwd 66218; min long bwd 45265, max long bwd 54005
Time taken by simulation: 713 microseconds

Stages 8
Micro-bs 32 Max mem: 1980926361.6
Predicted microbatch size for 8: 32
comm size 12845056
WARNING: no send time found, 8 partitions
GPUS_PER_VM=1 /home/ubuntu/varuna/tools/simulator/simulate-varuna 8 32 0 1084.3276977539062 632152.0801385244
End of simulation:  Mini-batch time (usec) = 17887923
Min send: 10000000, max send 0
Min long send: 632168, max long send 660373
Min fwd: 5425, max fwd 48670; min bwd 12684, max bwd 35373
Min long fwd: 26803, max long fwd 34176; min long bwd 16127, max long bwd 25418
Time taken by simulation: 3223 microseconds

Stages 16
Micro-bs 32 Max mem: 1128991948.8
Predicted microbatch size for 16: 32
comm size 25690112
WARNING: no send time found, 16 partitions
GPUS_PER_VM=1 /home/ubuntu/varuna/tools/simulator/simulate-varuna 16 64 0 0 1028093.6227904424
End of simulation:  Mini-batch time (usec) = 61731430
Min send: 10000000, max send 0
Min long send: 1028093, max long send 1062462
Min fwd: 56, max fwd 33543; min bwd 2591, max bwd 20855
Min long fwd: 1672, max long fwd 12532; min long bwd 2017, max long bwd 11294
Time taken by simulation: 14241 microseconds

{1: 1.777661, 2: 2.926179, 4: 8.186112, 8: 17.887923, 16: 61.73143}
{1: 32, 2: 32, 4: 32, 8: 32, 16: 32}
best config is: 2 32
expected time is 2.926179
9 per stage
18 servers!
Config:
ranks: range(17, 18)
train batch size: 2048
partitions: 2
chunk_size: 32
data depth: 9
stage to rank map: 0,2,4,6,8,10,12,14,16;1,3,5,7,9,11,13,15,17;
World size is 18
/opt/conda/envs/varuna/bin/python -u main.py --rank=17 --chunk_size=32 --local_rank=0 --stage_to_rank_map=0,2,4,6,8,10,12,14,16;1,3,5,7,9,11,13,15,17; --batch-size=224 data -a resnet152 --varuna --lr 0.001 --epochs 1000 --resume s3://spot-checkpoints/resnet
=> creating model 'resnet152'
Files already downloaded and verified
Num cutpoints is 31
dry run time 0.8737189769744873
SHARED WEIGHTS ARE
None
this rank  17 is part of pipeline replica  8
7 chunks
17 Overflow !!
17 : update_scale(): _has_overflow, dynamic. _loss_scale =  524288.0
[2022-11-30 14:37:45.046931] Finished iteration 1, CKPT_AND_STOP: False, flag: tensor([0], dtype=torch.int32), speed: 7802.152
17 Overflow !!
17 : update_scale(): _has_overflow, dynamic. _loss_scale =  262144.0
[2022-11-30 14:37:47.010714] Finished iteration 2, CKPT_AND_STOP: False, flag: tensor([0], dtype=torch.int32), speed: 1963.563
17 : update_scale(): _has_overflow, dynamic. _loss_scale =  131072.0
[2022-11-30 14:37:48.030852] Finished iteration 3, CKPT_AND_STOP: False, flag: tensor([0], dtype=torch.int32), speed: 1020.046
17 : update_scale(): _has_overflow, dynamic. _loss_scale =  65536.0
[2022-11-30 14:37:49.949337] Finished iteration 4, CKPT_AND_STOP: False, flag: tensor([0], dtype=torch.int32), speed: 1918.519
17 : update_scale(): _has_overflow, dynamic. _loss_scale =  32768.0
[2022-11-30 14:37:51.971479] Finished iteration 5, CKPT_AND_STOP: False, flag: tensor([0], dtype=torch.int32), speed: 2022.113
17 : update_scale(): _has_overflow, dynamic. _loss_scale =  16384.0
[2022-11-30 14:37:52.958886] Finished iteration 6, CKPT_AND_STOP: False, flag: tensor([0], dtype=torch.int32), speed: 987.329
17 : update_scale(): _has_overflow, dynamic. _loss_scale =  8192.0
[2022-11-30 14:37:53.852392] Finished iteration 7, CKPT_AND_STOP: False, flag: tensor([0], dtype=torch.int32), speed: 893.439
17 : update_scale(): _has_overflow, dynamic. _loss_scale =  4096.0
[2022-11-30 14:37:54.751677] Finished iteration 8, CKPT_AND_STOP: False, flag: tensor([0], dtype=torch.int32), speed: 899.253
17 : update_scale(): _has_overflow, dynamic. _loss_scale =  2048.0
[2022-11-30 14:37:55.748332] Finished iteration 9, CKPT_AND_STOP: False, flag: tensor([0], dtype=torch.int32), speed: 996.628
17 : update_scale(): _has_overflow, dynamic. _loss_scale =  1024.0
[2022-11-30 14:37:37.227798] Epoch: [0][ 10/224]	Time  0.987 ( 1.948)	Data  0.008 ( 0.411)	Loss 7.1908e+00 (7.1843e+00)	Acc@1   0.00 (  0.00)	Acc@5   0.00 (  0.00)
[2022-11-30 14:37:56.731799] Finished iteration 10, CKPT_AND_STOP: False, flag: tensor([0], dtype=torch.int32), speed: 983.428
[2022-11-30 14:37:57.713502] Finished iteration 11, CKPT_AND_STOP: False, flag: tensor([0], dtype=torch.int32), speed: 981.675
[2022-11-30 14:37:58.689293] Finished iteration 12, CKPT_AND_STOP: False, flag: tensor([0], dtype=torch.int32), speed: 975.759
[2022-11-30 14:37:59.606469] Finished iteration 13, CKPT_AND_STOP: False, flag: tensor([0], dtype=torch.int32), speed: 917.137
[2022-11-30 14:38:00.634312] Finished iteration 14, CKPT_AND_STOP: False, flag: tensor([0], dtype=torch.int32), speed: 1027.803
[2022-11-30 14:38:01.618906] Finished iteration 15, CKPT_AND_STOP: False, flag: tensor([0], dtype=torch.int32), speed: 984.576
[2022-11-30 14:38:02.618154] Finished iteration 16, CKPT_AND_STOP: False, flag: tensor([0], dtype=torch.int32), speed: 999.178
[2022-11-30 14:38:03.504662] Finished iteration 17, CKPT_AND_STOP: False, flag: tensor([0], dtype=torch.int32), speed: 886.492
[2022-11-30 14:38:04.499790] Finished iteration 18, CKPT_AND_STOP: False, flag: tensor([0], dtype=torch.int32), speed: 995.085
[2022-11-30 14:38:05.423430] Finished iteration 19, CKPT_AND_STOP: False, flag: tensor([0], dtype=torch.int32), speed: 923.588
[2022-11-30 14:37:37.227798] Epoch: [0][ 20/224]	Time  1.008 ( 1.459)	Data  0.006 ( 0.208)	Loss 4.9079e+00 (6.1636e+00)	Acc@1   0.00 (  0.00)	Acc@5   0.00 (  0.00)
[2022-11-30 14:38:06.427772] Finished iteration 20, CKPT_AND_STOP: False, flag: tensor([0], dtype=torch.int32), speed: 1004.270
[2022-11-30 14:38:07.365625] Finished iteration 21, CKPT_AND_STOP: False, flag: tensor([0], dtype=torch.int32), speed: 937.832
[2022-11-30 14:38:08.358690] Finished iteration 22, CKPT_AND_STOP: False, flag: tensor([0], dtype=torch.int32), speed: 993.032
[2022-11-30 14:38:09.341910] Finished iteration 23, CKPT_AND_STOP: False, flag: tensor([0], dtype=torch.int32), speed: 983.229
[2022-11-30 14:38:10.304090] Finished iteration 24, CKPT_AND_STOP: False, flag: tensor([0], dtype=torch.int32), speed: 962.115
[2022-11-30 14:38:11.302146] Finished iteration 25, CKPT_AND_STOP: False, flag: tensor([0], dtype=torch.int32), speed: 997.985
[2022-11-30 14:38:12.211390] Finished iteration 26, CKPT_AND_STOP: False, flag: tensor([0], dtype=torch.int32), speed: 909.209
[2022-11-30 14:38:13.183561] Finished iteration 27, CKPT_AND_STOP: False, flag: tensor([0], dtype=torch.int32), speed: 972.170
[2022-11-30 14:38:14.116479] Finished iteration 28, CKPT_AND_STOP: False, flag: tensor([0], dtype=torch.int32), speed: 932.841
[2022-11-30 14:38:15.086854] Finished iteration 29, CKPT_AND_STOP: False, flag: tensor([0], dtype=torch.int32), speed: 970.337
[2022-11-30 14:37:37.227798] Epoch: [0][ 30/224]	Time  0.990 ( 1.294)	Data  0.004 ( 0.140)	Loss 4.7121e+00 (5.6927e+00)	Acc@1   0.00 (  0.00)	Acc@5   0.00 (  0.00)
[2022-11-30 14:38:16.078178] Finished iteration 30, CKPT_AND_STOP: False, flag: tensor([0], dtype=torch.int32), speed: 991.280
[2022-11-30 14:38:17.026054] Finished iteration 31, CKPT_AND_STOP: False, flag: tensor([0], dtype=torch.int32), speed: 947.861
[2022-11-30 14:38:18.006233] Finished iteration 32, CKPT_AND_STOP: False, flag: tensor([0], dtype=torch.int32), speed: 980.155
[2022-11-30 14:38:18.940424] Finished iteration 33, CKPT_AND_STOP: False, flag: tensor([0], dtype=torch.int32), speed: 934.140
[2022-11-30 14:38:19.953757] Finished iteration 34, CKPT_AND_STOP: False, flag: tensor([0], dtype=torch.int32), speed: 1013.299
[2022-11-30 14:38:20.951847] Finished iteration 35, CKPT_AND_STOP: False, flag: tensor([0], dtype=torch.int32), speed: 998.055
[2022-11-30 14:38:21.947545] Finished iteration 36, CKPT_AND_STOP: False, flag: tensor([0], dtype=torch.int32), speed: 995.668
[2022-11-30 14:38:22.926764] Finished iteration 37, CKPT_AND_STOP: False, flag: tensor([0], dtype=torch.int32), speed: 979.174
[2022-11-30 14:38:23.979479] Finished iteration 38, CKPT_AND_STOP: False, flag: tensor([0], dtype=torch.int32), speed: 1052.683
[2022-11-30 14:38:24.957177] Finished iteration 39, CKPT_AND_STOP: False, flag: tensor([0], dtype=torch.int32), speed: 977.663
[2022-11-30 14:37:37.227798] Epoch: [0][ 40/224]	Time  1.000 ( 1.218)	Data  0.003 ( 0.106)	Loss 4.6674e+00 (5.4339e+00)	Acc@1   0.00 (  0.00)	Acc@5   0.00 (  0.00)
[2022-11-30 14:38:25.958600] Finished iteration 40, CKPT_AND_STOP: False, flag: tensor([0], dtype=torch.int32), speed: 1001.382
[2022-11-30 14:38:26.870146] Finished iteration 41, CKPT_AND_STOP: False, flag: tensor([0], dtype=torch.int32), speed: 911.518
[2022-11-30 14:38:27.790288] Finished iteration 42, CKPT_AND_STOP: False, flag: tensor([0], dtype=torch.int32), speed: 920.109
[2022-11-30 14:38:28.668539] Finished iteration 43, CKPT_AND_STOP: False, flag: tensor([0], dtype=torch.int32), speed: 878.220
[2022-11-30 14:38:29.696528] Finished iteration 44, CKPT_AND_STOP: False, flag: tensor([0], dtype=torch.int32), speed: 1027.946
[2022-11-30 14:38:30.692598] Finished iteration 45, CKPT_AND_STOP: False, flag: tensor([0], dtype=torch.int32), speed: 996.041
[2022-11-30 14:38:31.687030] Finished iteration 46, CKPT_AND_STOP: False, flag: tensor([0], dtype=torch.int32), speed: 994.393
[2022-11-30 14:38:32.634463] Finished iteration 47, CKPT_AND_STOP: False, flag: tensor([0], dtype=torch.int32), speed: 947.396
[2022-11-30 14:38:33.628404] Finished iteration 48, CKPT_AND_STOP: False, flag: tensor([0], dtype=torch.int32), speed: 993.922
[2022-11-30 14:38:34.533947] Finished iteration 49, CKPT_AND_STOP: False, flag: tensor([0], dtype=torch.int32), speed: 905.532
[2022-11-30 14:37:37.227798] Epoch: [0][ 50/224]	Time  1.011 ( 1.166)	Data  0.005 ( 0.086)	Loss 4.6585e+00 (5.2808e+00)	Acc@1   0.00 (  0.00)	Acc@5   0.00 (  0.00)
[2022-11-30 14:38:35.547341] Finished iteration 50, CKPT_AND_STOP: False, flag: tensor([0], dtype=torch.int32), speed: 1013.333
[2022-11-30 14:38:36.557478] Finished iteration 51, CKPT_AND_STOP: False, flag: tensor([0], dtype=torch.int32), speed: 1010.100
[2022-11-30 14:38:37.536862] Finished iteration 52, CKPT_AND_STOP: False, flag: tensor([0], dtype=torch.int32), speed: 979.352
[2022-11-30 14:38:38.531838] Finished iteration 53, CKPT_AND_STOP: False, flag: tensor([0], dtype=torch.int32), speed: 994.967
[2022-11-30 14:38:39.551596] Finished iteration 54, CKPT_AND_STOP: False, flag: tensor([0], dtype=torch.int32), speed: 1019.685
[2022-11-30 14:38:40.546322] Finished iteration 55, CKPT_AND_STOP: False, flag: tensor([0], dtype=torch.int32), speed: 994.689
[2022-11-30 14:38:41.499185] Finished iteration 56, CKPT_AND_STOP: False, flag: tensor([0], dtype=torch.int32), speed: 952.856
[2022-11-30 14:38:42.432001] Finished iteration 57, CKPT_AND_STOP: False, flag: tensor([0], dtype=torch.int32), speed: 932.734
[2022-11-30 14:38:43.418401] Finished iteration 58, CKPT_AND_STOP: False, flag: tensor([0], dtype=torch.int32), speed: 986.363
[2022-11-30 14:38:44.334618] Finished iteration 59, CKPT_AND_STOP: False, flag: tensor([0], dtype=torch.int32), speed: 916.174
[2022-11-30 14:37:37.227798] Epoch: [0][ 60/224]	Time  0.975 ( 1.134)	Data  0.005 ( 0.073)	Loss 4.6362e+00 (5.1727e+00)	Acc@1   0.00 (  0.00)	Acc@5   0.00 (  0.00)
[2022-11-30 14:38:45.310649] Finished iteration 60, CKPT_AND_STOP: False, flag: tensor([0], dtype=torch.int32), speed: 976.011
[2022-11-30 14:38:46.300726] Finished iteration 61, CKPT_AND_STOP: False, flag: tensor([0], dtype=torch.int32), speed: 990.046
[2022-11-30 14:38:47.231043] Finished iteration 62, CKPT_AND_STOP: False, flag: tensor([0], dtype=torch.int32), speed: 930.278
[2022-11-30 14:38:48.190477] Finished iteration 63, CKPT_AND_STOP: False, flag: tensor([0], dtype=torch.int32), speed: 959.357
[2022-11-30 14:38:49.184189] Finished iteration 64, CKPT_AND_STOP: False, flag: tensor([0], dtype=torch.int32), speed: 993.683
[2022-11-30 14:38:50.107542] Finished iteration 65, CKPT_AND_STOP: False, flag: tensor([0], dtype=torch.int32), speed: 923.309
[2022-11-30 14:38:51.118015] Finished iteration 66, CKPT_AND_STOP: False, flag: tensor([0], dtype=torch.int32), speed: 1010.462
[2022-11-30 14:38:52.044666] Finished iteration 67, CKPT_AND_STOP: False, flag: tensor([0], dtype=torch.int32), speed: 926.614
[2022-11-30 14:38:53.035125] Finished iteration 68, CKPT_AND_STOP: False, flag: tensor([0], dtype=torch.int32), speed: 990.407
[2022-11-30 14:38:54.006044] Finished iteration 69, CKPT_AND_STOP: False, flag: tensor([0], dtype=torch.int32), speed: 970.847
[2022-11-30 14:37:37.227798] Epoch: [0][ 70/224]	Time  0.903 ( 1.109)	Data  0.007 ( 0.063)	Loss 4.6440e+00 (5.0964e+00)	Acc@1   0.00 (  0.00)	Acc@5   0.00 (  0.00)
[2022-11-30 14:38:54.909222] Finished iteration 70, CKPT_AND_STOP: False, flag: tensor([0], dtype=torch.int32), speed: 903.132
[2022-11-30 14:38:55.891888] Finished iteration 71, CKPT_AND_STOP: False, flag: tensor([1], dtype=torch.int32), speed: 982.644
Opt ckpt time 3.5609400272369385
Process done with return code 0
