Parent process ID: 124361 node: 172.31.17.209
12 cutpoints
Stages 1
Micro-bs 32 Max mem: 8350516326.4
Predicted microbatch size for 1: 32
comm size 0
GPUS_PER_VM=1 /home/ubuntu/varuna/tools/simulator/simulate-varuna 1 2 0 1199922.1801757812 0
End of simulation:  Mini-batch time (usec) = 1424058
Min send: 10000000, max send 0
Min long send: 10000000, max long send 0
Min fwd: 10000000, max fwd 0; min bwd 10000000, max bwd 0
Min long fwd: 32586, max long fwd 32895; min long bwd 78677, max long bwd 79978
Time taken by simulation: 45 microseconds

Stages 2
Micro-bs 32 Max mem: 5185528320.0
Predicted microbatch size for 2: 32
comm size 12845056
WARNING: no send time found, 2 partitions
GPUS_PER_VM=1 /home/ubuntu/varuna/tools/simulator/simulate-varuna 2 4 0 22892.793655395508 541471.8854995001
End of simulation:  Mini-batch time (usec) = 1466822
Min send: 10000000, max send 0
Min long send: 541803, max long send 554555
Min fwd: 21083, max fwd 25575; min bwd 48477, max bwd 54184
Min long fwd: 7473, max long fwd 14307; min long bwd 25716, max long bwd 30607
Time taken by simulation: 103 microseconds

Stages 3
Micro-bs 32 Max mem: 4313669017.6
Predicted microbatch size for 3: 32
comm size 25690112
WARNING: no send time found, 3 partitions
GPUS_PER_VM=1 /home/ubuntu/varuna/tools/simulator/simulate-varuna 3 7 0 7540.138721466064 929913.8118823369
End of simulation:  Mini-batch time (usec) = 4955939
Min send: 10000000, max send 0
Min long send: 930245, max long send 945608
Min fwd: 8775, max fwd 19684; min bwd 24478, max bwd 41849
Min long fwd: 2259, max long fwd 7334; min long bwd 12226, max long bwd 16590
Time taken by simulation: 234 microseconds

Stages 4
Micro-bs 32 Max mem: 3762429747.2
Predicted microbatch size for 4: 32
comm size 25690112
WARNING: no send time found, 4 partitions
GPUS_PER_VM=1 /home/ubuntu/varuna/tools/simulator/simulate-varuna 4 8 0 3659.188747406006 929913.8118823369
End of simulation:  Mini-batch time (usec) = 6836714
Min send: 10000000, max send 0
Min long send: 929995, max long send 954618
Min fwd: 4418, max fwd 15941; min bwd 13005, max bwd 30581
Min long fwd: 989, max long fwd 6784; min long bwd 7050, max long bwd 13429
Time taken by simulation: 370 microseconds

Stages 6
Micro-bs 32 Max mem: 3200148889.6
Predicted microbatch size for 6: 32
comm size 12845056
WARNING: no send time found, 6 partitions
GPUS_PER_VM=1 /home/ubuntu/varuna/tools/simulator/simulate-varuna 6 13 0 1801.1889457702637 541471.8854995001
End of simulation:  Mini-batch time (usec) = 7858281
Min send: 10000000, max send 0
Min long send: 541553, max long send 566176
Min fwd: 380, max fwd 12458; min bwd 8532, max bwd 24401
Min long fwd: 1017, max long fwd 4595; min long bwd 780, max long bwd 6417
Time taken by simulation: 1008 microseconds

{1: 1.424058, 2: 1.466822, 3: 4.955939, 4: 6.836714, 6: 7.858281}
{1: 32, 2: 32, 3: 32, 4: 32, 6: 32}
best config is: 2 32
expected time is 1.466822
16 per stage
32 servers!
Config:
ranks: range(25, 26)
train batch size: 2048
partitions: 2
chunk_size: 32
data depth: 16
stage to rank map: 0,2,4,6,8,10,12,14,16,18,20,22,24,26,28,30;1,3,5,7,9,11,13,15,17,19,21,23,25,27,29,31;
World size is 32
/opt/conda/envs/varuna/bin/python -u main.py --rank=25 --chunk_size=32 --local_rank=0 --stage_to_rank_map=0,2,4,6,8,10,12,14,16,18,20,22,24,26,28,30;1,3,5,7,9,11,13,15,17,19,21,23,25,27,29,31; --batch-size=128 data -a vgg19 --varuna --lr 0.001 --epochs 1000 --resume s3://spot-checkpoints/vgg19
[2022-12-01 18:30:17.417907] => creating model 'vgg19'
[2, 4, 6, 8, 10, 12, 14, 16, 18, 21, 24]
Files already downloaded and verified
Num cutpoints is 11
dry run time 0.9410011768341064
SHARED WEIGHTS ARE
None
this rank  25 is part of pipeline replica  12
4 chunks
25 Overflow !!
25 : update_scale(): _has_overflow, dynamic. _loss_scale =  524288.0
[2022-12-01 18:30:32.971743] Finished iteration 1, CKPT_AND_STOP: False, flag: tensor([0], dtype=torch.int32), speed: 8787.045
25 Overflow !!
25 : update_scale(): _has_overflow, dynamic. _loss_scale =  262144.0
[2022-12-01 18:30:35.479033] Finished iteration 2, CKPT_AND_STOP: False, flag: tensor([0], dtype=torch.int32), speed: 2507.069
25 Overflow !!
25 : update_scale(): _has_overflow, dynamic. _loss_scale =  131072.0
[2022-12-01 18:30:38.291862] Finished iteration 3, CKPT_AND_STOP: False, flag: tensor([0], dtype=torch.int32), speed: 2812.747
[2022-12-01 18:30:40.897765] Finished iteration 4, CKPT_AND_STOP: False, flag: tensor([0], dtype=torch.int32), speed: 2605.924
25 Overflow !!
25 : update_scale(): _has_overflow, dynamic. _loss_scale =  65536.0
[2022-12-01 18:30:43.051734] Finished iteration 5, CKPT_AND_STOP: False, flag: tensor([0], dtype=torch.int32), speed: 2153.897
25 Overflow !!
25 : update_scale(): _has_overflow, dynamic. _loss_scale =  32768.0
[2022-12-01 18:30:44.341529] Finished iteration 6, CKPT_AND_STOP: False, flag: tensor([0], dtype=torch.int32), speed: 1289.698
25 Overflow !!
25 : update_scale(): _has_overflow, dynamic. _loss_scale =  16384.0
[2022-12-01 18:30:45.701146] Finished iteration 7, CKPT_AND_STOP: False, flag: tensor([0], dtype=torch.int32), speed: 1359.567
25 Overflow !!
25 : update_scale(): _has_overflow, dynamic. _loss_scale =  8192.0
[2022-12-01 18:30:46.853981] Finished iteration 8, CKPT_AND_STOP: False, flag: tensor([0], dtype=torch.int32), speed: 1152.886
25 Overflow !!
25 : update_scale(): _has_overflow, dynamic. _loss_scale =  4096.0
[2022-12-01 18:30:48.173208] Finished iteration 9, CKPT_AND_STOP: False, flag: tensor([0], dtype=torch.int32), speed: 1319.146
25 Overflow !!
25 : update_scale(): _has_overflow, dynamic. _loss_scale =  2048.0
[2022-12-01 18:30:24.144127] Epoch: [0][ 10/390]	Time  1.284 ( 2.527)	Data  0.006 ( 0.286)	Loss 9.1064e+00 (8.1870e+00)	Acc@1   0.00 (  0.00)	Acc@5   0.00 (  0.00)
[2022-12-01 18:30:49.457297] Finished iteration 10, CKPT_AND_STOP: False, flag: tensor([0], dtype=torch.int32), speed: 1284.029
[2022-12-01 18:30:50.963438] Finished iteration 11, CKPT_AND_STOP: False, flag: tensor([0], dtype=torch.int32), speed: 1506.115
[2022-12-01 18:30:52.730441] Finished iteration 12, CKPT_AND_STOP: False, flag: tensor([0], dtype=torch.int32), speed: 1766.953
[2022-12-01 18:30:54.148236] Finished iteration 13, CKPT_AND_STOP: False, flag: tensor([0], dtype=torch.int32), speed: 1417.752
[2022-12-01 18:30:55.646668] Finished iteration 14, CKPT_AND_STOP: False, flag: tensor([0], dtype=torch.int32), speed: 1498.407
[2022-12-01 18:30:57.226650] Finished iteration 15, CKPT_AND_STOP: False, flag: tensor([0], dtype=torch.int32), speed: 1579.995
[2022-12-01 18:30:58.922953] Finished iteration 16, CKPT_AND_STOP: False, flag: tensor([0], dtype=torch.int32), speed: 1696.238
[2022-12-01 18:31:00.430921] Finished iteration 17, CKPT_AND_STOP: False, flag: tensor([0], dtype=torch.int32), speed: 1507.901
[2022-12-01 18:31:01.822293] Finished iteration 18, CKPT_AND_STOP: False, flag: tensor([0], dtype=torch.int32), speed: 1391.340
[2022-12-01 18:31:03.200919] Finished iteration 19, CKPT_AND_STOP: False, flag: tensor([0], dtype=torch.int32), speed: 1378.566
[2022-12-01 18:30:24.144127] Epoch: [0][ 20/390]	Time  1.278 ( 2.014)	Data  0.006 ( 0.146)	Loss 5.0566e+00 (7.4005e+00)	Acc@1   0.00 (  0.00)	Acc@5   0.00 (  0.00)
[2022-12-01 18:31:04.479378] Finished iteration 20, CKPT_AND_STOP: False, flag: tensor([0], dtype=torch.int32), speed: 1278.417
[2022-12-01 18:31:06.431207] Finished iteration 21, CKPT_AND_STOP: False, flag: tensor([0], dtype=torch.int32), speed: 1951.857
[2022-12-01 18:31:07.907586] Finished iteration 22, CKPT_AND_STOP: False, flag: tensor([0], dtype=torch.int32), speed: 1476.305
[2022-12-01 18:31:09.505954] Finished iteration 23, CKPT_AND_STOP: False, flag: tensor([0], dtype=torch.int32), speed: 1598.339
[2022-12-01 18:31:10.826802] Finished iteration 24, CKPT_AND_STOP: False, flag: tensor([0], dtype=torch.int32), speed: 1320.765
[2022-12-01 18:31:12.092079] Finished iteration 25, CKPT_AND_STOP: False, flag: tensor([0], dtype=torch.int32), speed: 1265.296
[2022-12-01 18:31:14.017343] Finished iteration 26, CKPT_AND_STOP: False, flag: tensor([0], dtype=torch.int32), speed: 1925.219
[2022-12-01 18:31:15.625369] Finished iteration 27, CKPT_AND_STOP: False, flag: tensor([0], dtype=torch.int32), speed: 1607.997
[2022-12-01 18:31:16.955190] Finished iteration 28, CKPT_AND_STOP: False, flag: tensor([0], dtype=torch.int32), speed: 1329.801
[2022-12-01 18:31:18.445782] Finished iteration 29, CKPT_AND_STOP: False, flag: tensor([0], dtype=torch.int32), speed: 1490.487
[2022-12-01 18:30:24.144127] Epoch: [0][ 30/390]	Time  1.266 ( 1.851)	Data  0.006 ( 0.100)	Loss 4.6836e+00 (6.6031e+00)	Acc@1   0.00 (  0.00)	Acc@5   0.00 (  0.00)
[2022-12-01 18:31:19.711035] Finished iteration 30, CKPT_AND_STOP: False, flag: tensor([0], dtype=torch.int32), speed: 1265.227
[2022-12-01 18:31:21.034920] Finished iteration 31, CKPT_AND_STOP: False, flag: tensor([0], dtype=torch.int32), speed: 1323.802
[2022-12-01 18:31:22.576943] Finished iteration 32, CKPT_AND_STOP: False, flag: tensor([0], dtype=torch.int32), speed: 1542.033
[2022-12-01 18:31:23.973877] Finished iteration 33, CKPT_AND_STOP: False, flag: tensor([0], dtype=torch.int32), speed: 1396.881
[2022-12-01 18:31:25.439640] Finished iteration 34, CKPT_AND_STOP: False, flag: tensor([0], dtype=torch.int32), speed: 1465.676
[2022-12-01 18:31:26.712256] Finished iteration 35, CKPT_AND_STOP: False, flag: tensor([0], dtype=torch.int32), speed: 1272.622
[2022-12-01 18:31:28.238715] Finished iteration 36, CKPT_AND_STOP: False, flag: tensor([0], dtype=torch.int32), speed: 1526.353
[2022-12-01 18:31:29.382118] Finished iteration 37, CKPT_AND_STOP: False, flag: tensor([0], dtype=torch.int32), speed: 1143.369
[2022-12-01 18:31:30.771378] Finished iteration 38, CKPT_AND_STOP: False, flag: tensor([0], dtype=torch.int32), speed: 1389.221
[2022-12-01 18:31:32.216769] Finished iteration 39, CKPT_AND_STOP: False, flag: tensor([0], dtype=torch.int32), speed: 1445.341
[2022-12-01 18:30:24.144127] Epoch: [0][ 40/390]	Time  1.232 ( 1.731)	Data  0.006 ( 0.076)	Loss 4.6270e+00 (6.1217e+00)	Acc@1   0.00 (  0.00)	Acc@5   0.00 (  0.00)
[2022-12-01 18:31:33.449209] Finished iteration 40, CKPT_AND_STOP: False, flag: tensor([0], dtype=torch.int32), speed: 1232.432
[2022-12-01 18:31:34.923571] Finished iteration 41, CKPT_AND_STOP: False, flag: tensor([0], dtype=torch.int32), speed: 1474.325
[2022-12-01 18:31:36.248601] Finished iteration 42, CKPT_AND_STOP: False, flag: tensor([0], dtype=torch.int32), speed: 1324.996
[2022-12-01 18:31:37.731167] Finished iteration 43, CKPT_AND_STOP: False, flag: tensor([0], dtype=torch.int32), speed: 1482.511
[2022-12-01 18:31:39.074545] Finished iteration 44, CKPT_AND_STOP: False, flag: tensor([0], dtype=torch.int32), speed: 1343.392
[2022-12-01 18:31:40.638825] Finished iteration 45, CKPT_AND_STOP: False, flag: tensor([0], dtype=torch.int32), speed: 1564.190
[2022-12-01 18:31:42.245296] Finished iteration 46, CKPT_AND_STOP: False, flag: tensor([0], dtype=torch.int32), speed: 1606.436
[2022-12-01 18:31:43.839979] Finished iteration 47, CKPT_AND_STOP: False, flag: tensor([0], dtype=torch.int32), speed: 1594.652
[2022-12-01 18:31:45.077784] Finished iteration 48, CKPT_AND_STOP: False, flag: tensor([0], dtype=torch.int32), speed: 1237.734
[2022-12-01 18:31:46.662782] Finished iteration 49, CKPT_AND_STOP: False, flag: tensor([0], dtype=torch.int32), speed: 1585.007
[2022-12-01 18:30:24.144127] Epoch: [0][ 50/390]	Time  1.546 ( 1.680)	Data  0.006 ( 0.062)	Loss 4.6729e+00 (5.8267e+00)	Acc@1   0.00 (  0.00)	Acc@5   0.00 (  0.00)
[2022-12-01 18:31:48.208662] Finished iteration 50, CKPT_AND_STOP: False, flag: tensor([0], dtype=torch.int32), speed: 1545.800
[2022-12-01 18:31:49.486152] Finished iteration 51, CKPT_AND_STOP: False, flag: tensor([0], dtype=torch.int32), speed: 1277.478
[2022-12-01 18:31:51.030573] Finished iteration 52, CKPT_AND_STOP: False, flag: tensor([0], dtype=torch.int32), speed: 1544.356
[2022-12-01 18:31:52.471214] Finished iteration 53, CKPT_AND_STOP: False, flag: tensor([0], dtype=torch.int32), speed: 1440.603
[2022-12-01 18:31:54.042837] Finished iteration 54, CKPT_AND_STOP: False, flag: tensor([0], dtype=torch.int32), speed: 1571.579
[2022-12-01 18:31:55.808739] Finished iteration 55, CKPT_AND_STOP: False, flag: tensor([0], dtype=torch.int32), speed: 1765.949
[2022-12-01 18:31:57.233826] Finished iteration 56, CKPT_AND_STOP: False, flag: tensor([0], dtype=torch.int32), speed: 1424.996
[2022-12-01 18:31:58.856212] Finished iteration 57, CKPT_AND_STOP: False, flag: tensor([0], dtype=torch.int32), speed: 1622.293
[2022-12-01 18:32:00.182306] Finished iteration 58, CKPT_AND_STOP: False, flag: tensor([0], dtype=torch.int32), speed: 1326.057
[2022-12-01 18:32:01.591032] Finished iteration 59, CKPT_AND_STOP: False, flag: tensor([0], dtype=torch.int32), speed: 1408.782
[2022-12-01 18:30:24.144127] Epoch: [0][ 60/390]	Time  1.425 ( 1.647)	Data  0.006 ( 0.053)	Loss 4.6230e+00 (5.6266e+00)	Acc@1   0.00 (  0.00)	Acc@5   0.00 (  0.00)
[2022-12-01 18:32:03.016101] Finished iteration 60, CKPT_AND_STOP: False, flag: tensor([0], dtype=torch.int32), speed: 1424.919
[2022-12-01 18:32:04.696027] Finished iteration 61, CKPT_AND_STOP: False, flag: tensor([0], dtype=torch.int32), speed: 1679.910
[2022-12-01 18:32:06.209582] Finished iteration 62, CKPT_AND_STOP: False, flag: tensor([0], dtype=torch.int32), speed: 1513.505
[2022-12-01 18:32:07.609725] Finished iteration 63, CKPT_AND_STOP: False, flag: tensor([0], dtype=torch.int32), speed: 1400.149
[2022-12-01 18:32:09.296781] Finished iteration 64, CKPT_AND_STOP: False, flag: tensor([0], dtype=torch.int32), speed: 1687.034
[2022-12-01 18:32:10.729789] Finished iteration 65, CKPT_AND_STOP: False, flag: tensor([0], dtype=torch.int32), speed: 1432.923
[2022-12-01 18:32:11.805919] Finished iteration 66, CKPT_AND_STOP: False, flag: tensor([0], dtype=torch.int32), speed: 1076.089
[2022-12-01 18:32:13.481645] Finished iteration 67, CKPT_AND_STOP: False, flag: tensor([0], dtype=torch.int32), speed: 1675.662
[2022-12-01 18:32:14.897815] Finished iteration 68, CKPT_AND_STOP: False, flag: tensor([0], dtype=torch.int32), speed: 1416.184
[2022-12-01 18:32:16.330472] Finished iteration 69, CKPT_AND_STOP: False, flag: tensor([0], dtype=torch.int32), speed: 1432.548
[2022-12-01 18:30:24.144127] Epoch: [0][ 70/390]	Time  1.617 ( 1.625)	Data  0.007 ( 0.046)	Loss 4.6338e+00 (5.4826e+00)	Acc@1   0.00 (  0.00)	Acc@5   0.00 (  0.00)
[2022-12-01 18:32:17.948065] Finished iteration 70, CKPT_AND_STOP: False, flag: tensor([0], dtype=torch.int32), speed: 1617.586
[2022-12-01 18:32:19.277776] Finished iteration 71, CKPT_AND_STOP: False, flag: tensor([0], dtype=torch.int32), speed: 1329.653
[2022-12-01 18:32:20.930303] Finished iteration 72, CKPT_AND_STOP: False, flag: tensor([0], dtype=torch.int32), speed: 1652.512
[2022-12-01 18:32:22.418785] Finished iteration 73, CKPT_AND_STOP: False, flag: tensor([0], dtype=torch.int32), speed: 1488.411
[2022-12-01 18:32:23.841868] Finished iteration 74, CKPT_AND_STOP: False, flag: tensor([0], dtype=torch.int32), speed: 1423.110
[2022-12-01 18:32:25.331604] Finished iteration 75, CKPT_AND_STOP: False, flag: tensor([0], dtype=torch.int32), speed: 1489.631
[2022-12-01 18:32:26.782997] Finished iteration 76, CKPT_AND_STOP: False, flag: tensor([0], dtype=torch.int32), speed: 1451.379
[2022-12-01 18:32:28.234374] Finished iteration 77, CKPT_AND_STOP: False, flag: tensor([0], dtype=torch.int32), speed: 1451.371
[2022-12-01 18:32:29.691212] Finished iteration 78, CKPT_AND_STOP: False, flag: tensor([0], dtype=torch.int32), speed: 1456.741
[2022-12-01 18:32:31.273282] Finished iteration 79, CKPT_AND_STOP: False, flag: tensor([0], dtype=torch.int32), speed: 1582.038
[2022-12-01 18:30:24.144127] Epoch: [0][ 80/390]	Time  1.539 ( 1.608)	Data  0.006 ( 0.041)	Loss 4.6338e+00 (5.3754e+00)	Acc@1   0.00 (  0.00)	Acc@5   0.00 (  0.00)
[2022-12-01 18:32:32.812462] Finished iteration 80, CKPT_AND_STOP: False, flag: tensor([0], dtype=torch.int32), speed: 1539.134
[2022-12-01 18:32:34.392719] Finished iteration 81, CKPT_AND_STOP: False, flag: tensor([0], dtype=torch.int32), speed: 1580.217
[2022-12-01 18:32:35.937704] Finished iteration 82, CKPT_AND_STOP: False, flag: tensor([0], dtype=torch.int32), speed: 1544.945
[2022-12-01 18:32:37.423095] Finished iteration 83, CKPT_AND_STOP: False, flag: tensor([1], dtype=torch.int32), speed: 1485.345
Opt ckpt time 1.9351327419281006
Process done with return code 0
Parent process ID: 108368 node: 172.31.27.21
12 cutpoints
Stages 1
Micro-bs 32 Max mem: 8350516326.4
Predicted microbatch size for 1: 32
comm size 0
GPUS_PER_VM=1 /home/ubuntu/varuna/tools/simulator/simulate-varuna 1 3 0 1165839.8293851977 0
End of simulation:  Mini-batch time (usec) = 1506588
Min send: 10000000, max send 0
Min long send: 10000000, max long send 0
Min fwd: 10000000, max fwd 0; min bwd 10000000, max bwd 0
Min long fwd: 32586, max long fwd 33754; min long bwd 78677, max long bwd 82859
Time taken by simulation: 40 microseconds

Stages 2
Micro-bs 32 Max mem: 5185528320.0
Predicted microbatch size for 2: 32
comm size 12845056
WARNING: no send time found, 2 partitions
GPUS_PER_VM=1 /home/ubuntu/varuna/tools/simulator/simulate-varuna 2 5 0 12136.97624206543 541471.8854995001
End of simulation:  Mini-batch time (usec) = 1774283
Min send: 10000000, max send 0
Min long send: 541803, max long send 554555
Min fwd: 18455, max fwd 25575; min bwd 51079, max bwd 53581
Min long fwd: 8875, max long fwd 13712; min long bwd 25318, max long bwd 30607
Time taken by simulation: 112 microseconds

Stages 3
Micro-bs 32 Max mem: 4313669017.6
Predicted microbatch size for 3: 32
comm size 25690112
WARNING: no send time found, 3 partitions
GPUS_PER_VM=1 /home/ubuntu/varuna/tools/simulator/simulate-varuna 3 8 0 7407.577037811279 929913.8118823369
End of simulation:  Mini-batch time (usec) = 5013480
Min send: 10000000, max send 0
Min long send: 929995, max long send 952379
Min fwd: 9569, max fwd 19440; min bwd 21459, max bwd 40310
Min long fwd: 3647, max long fwd 6960; min long bwd 11398, max long bwd 19649
Time taken by simulation: 265 microseconds

Stages 4
Micro-bs 32 Max mem: 3762429747.2
Predicted microbatch size for 4: 32
comm size 25690112
WARNING: no send time found, 4 partitions
GPUS_PER_VM=1 /home/ubuntu/varuna/tools/simulator/simulate-varuna 4 10 0 3605.3318977355957 929913.8118823369
End of simulation:  Mini-batch time (usec) = 7727483
Min send: 10000000, max send 0
Min long send: 930101, max long send 952379
Min fwd: 4418, max fwd 15893; min bwd 14410, max bwd 31066
Min long fwd: 532, max long fwd 8412; min long bwd 9236, max long bwd 15394
Time taken by simulation: 490 microseconds

Stages 6
Micro-bs 32 Max mem: 3200148889.6
Predicted microbatch size for 6: 32
comm size 12845056
WARNING: no send time found, 6 partitions
GPUS_PER_VM=1 /home/ubuntu/varuna/tools/simulator/simulate-varuna 6 16 0 1710.5143070220947 541471.8854995001
End of simulation:  Mini-batch time (usec) = 8451674
Min send: 10000000, max send 0
Min long send: 541525, max long send 566678
Min fwd: 1047, max fwd 12458; min bwd 6945, max bwd 22688
Min long fwd: 301, max long fwd 5892; min long bwd 586, max long bwd 6688
Time taken by simulation: 1129 microseconds

{1: 1.506588, 2: 1.774283, 3: 5.01348, 4: 7.727483, 6: 8.451674}
{1: 32, 2: 32, 3: 32, 4: 32, 6: 32}
best config is: 2 32
expected time is 1.774283
14 per stage
28 servers!
Config:
ranks: range(25, 26)
train batch size: 2048
partitions: 2
chunk_size: 32
data depth: 14
stage to rank map: 0,2,4,6,8,10,12,14,16,18,20,22,24,26;1,3,5,7,9,11,13,15,17,19,21,23,25,27;
World size is 28
/opt/conda/envs/varuna/bin/python -u main.py --rank=25 --chunk_size=32 --local_rank=0 --stage_to_rank_map=0,2,4,6,8,10,12,14,16,18,20,22,24,26;1,3,5,7,9,11,13,15,17,19,21,23,25,27; --batch-size=160 data -a vgg19 --varuna --lr 0.001 --epochs 1000 --resume s3://spot-checkpoints/vgg19 --resume_step 83
[2022-12-01 18:33:38.200512] => creating model 'vgg19'
[2, 4, 6, 8, 10, 12, 14, 16, 18, 21, 24]
Files already downloaded and verified
Num cutpoints is 11
dry run time 0.9419162273406982
SHARED WEIGHTS ARE
None
this rank  25 is part of pipeline replica  12
5 chunks
>>>>> [2022-12-01 18:34:18.784003] Time taken to load checkpoint: 33.985s
25 Overflow !!
25 : update_scale(): _has_overflow, dynamic. _loss_scale =  524288.0
[2022-12-01 18:34:32.960307] Finished iteration 84, CKPT_AND_STOP: False, flag: tensor([0], dtype=torch.int32), speed: 8861.609
25 Overflow !!
25 : update_scale(): _has_overflow, dynamic. _loss_scale =  262144.0
[2022-12-01 18:34:35.659125] Finished iteration 85, CKPT_AND_STOP: False, flag: tensor([0], dtype=torch.int32), speed: 2698.591
[2022-12-01 18:34:38.077108] Finished iteration 86, CKPT_AND_STOP: False, flag: tensor([3], dtype=torch.int32), speed: 2417.953
Opt ckpt time 1.8197309970855713
Process done with return code 0
Parent process ID: 105122 node: 172.31.27.155
12 cutpoints
Stages 1
Micro-bs 32 Max mem: 8350516326.4
Predicted microbatch size for 1: 32
comm size 0
GPUS_PER_VM=1 /home/ubuntu/varuna/tools/simulator/simulate-varuna 1 3 0 1128032.374875339 0
End of simulation:  Mini-batch time (usec) = 1468781
Min send: 10000000, max send 0
Min long send: 10000000, max long send 0
Min fwd: 10000000, max fwd 0; min bwd 10000000, max bwd 0
Min long fwd: 32586, max long fwd 33754; min long bwd 78677, max long bwd 82859
Time taken by simulation: 36 microseconds

Stages 2
Micro-bs 32 Max mem: 5185528320.0
Predicted microbatch size for 2: 32
comm size 12845056
WARNING: no send time found, 2 partitions
GPUS_PER_VM=1 /home/ubuntu/varuna/tools/simulator/simulate-varuna 2 5 0 12136.97624206543 541471.8854995001
End of simulation:  Mini-batch time (usec) = 1774283
Min send: 10000000, max send 0
Min long send: 541803, max long send 554555
Min fwd: 18455, max fwd 25575; min bwd 51079, max bwd 53581
Min long fwd: 8875, max long fwd 13712; min long bwd 25318, max long bwd 30607
Time taken by simulation: 115 microseconds

Stages 3
Micro-bs 32 Max mem: 4313669017.6
Predicted microbatch size for 3: 32
comm size 25690112
WARNING: no send time found, 3 partitions
GPUS_PER_VM=1 /home/ubuntu/varuna/tools/simulator/simulate-varuna 3 8 0 7257.938385009766 929913.8118823369
End of simulation:  Mini-batch time (usec) = 5013330
Min send: 10000000, max send 0
Min long send: 929995, max long send 952379
Min fwd: 9569, max fwd 19440; min bwd 21459, max bwd 40310
Min long fwd: 3647, max long fwd 6960; min long bwd 11398, max long bwd 19649
Time taken by simulation: 268 microseconds

Stages 4
Micro-bs 32 Max mem: 3762429747.2
Predicted microbatch size for 4: 32
comm size 25690112
WARNING: no send time found, 4 partitions
GPUS_PER_VM=1 /home/ubuntu/varuna/tools/simulator/simulate-varuna 4 11 0 3334.3632221221924 929913.8118823369
End of simulation:  Mini-batch time (usec) = 8596253
Min send: 10000000, max send 0
Min long send: 930101, max long send 952379
Min fwd: 4126, max fwd 15893; min bwd 14502, max bwd 31547
Min long fwd: 316, max long fwd 5135; min long bwd 7963, max long bwd 16258
Time taken by simulation: 497 microseconds

Stages 6
Micro-bs 32 Max mem: 3200148889.6
Predicted microbatch size for 6: 32
comm size 12845056
WARNING: no send time found, 6 partitions
GPUS_PER_VM=1 /home/ubuntu/varuna/tools/simulator/simulate-varuna 6 16 0 1710.5143070220947 541471.8854995001
End of simulation:  Mini-batch time (usec) = 8451674
Min send: 10000000, max send 0
Min long send: 541525, max long send 566678
Min fwd: 1047, max fwd 12458; min bwd 6945, max bwd 22688
Min long fwd: 301, max long fwd 5892; min long bwd 586, max long bwd 6688
Time taken by simulation: 1141 microseconds

{1: 1.468781, 2: 1.774283, 3: 5.01333, 4: 8.596253, 6: 8.451674}
{1: 32, 2: 32, 3: 32, 4: 32, 6: 32}
best config is: 2 32
expected time is 1.774283
13 per stage
26 servers!
Config:
ranks: range(25, 26)
train batch size: 2048
partitions: 2
chunk_size: 32
data depth: 13
stage to rank map: 0,2,4,6,8,10,12,14,16,18,20,22,24;1,3,5,7,9,11,13,15,17,19,21,23,25;
World size is 26
/opt/conda/envs/varuna/bin/python -u main.py --rank=25 --chunk_size=32 --local_rank=0 --stage_to_rank_map=0,2,4,6,8,10,12,14,16,18,20,22,24;1,3,5,7,9,11,13,15,17,19,21,23,25; --batch-size=160 data -a vgg19 --varuna --lr 0.001 --epochs 1000 --resume s3://spot-checkpoints/vgg19 --resume_step 86
[2022-12-01 18:35:34.720168] => creating model 'vgg19'
[2, 4, 6, 8, 10, 12, 14, 16, 18, 21, 24]
Files already downloaded and verified
Num cutpoints is 11
dry run time 0.9518146514892578
SHARED WEIGHTS ARE
None
this rank  25 is part of pipeline replica  12
5 chunks
>>>>> [2022-12-01 18:36:11.554654] Time taken to load checkpoint: 30.283s
25 Overflow !!
25 : update_scale(): _has_overflow, dynamic. _loss_scale =  524288.0
[2022-12-01 18:36:25.909759] Finished iteration 87, CKPT_AND_STOP: False, flag: tensor([0], dtype=torch.int32), speed: 9039.586
25 Overflow !!
25 : update_scale(): _has_overflow, dynamic. _loss_scale =  262144.0
[2022-12-01 18:36:28.114650] Finished iteration 88, CKPT_AND_STOP: False, flag: tensor([0], dtype=torch.int32), speed: 2204.705
[2022-12-01 18:36:30.762783] Finished iteration 89, CKPT_AND_STOP: False, flag: tensor([0], dtype=torch.int32), speed: 2648.089
[2022-12-01 18:36:11.554859] Epoch: [0][ 90/312]	Time  1.148 ( 3.756)	Data  0.019 ( 0.800)	Loss 4.6086e+00 (4.6189e+00)	Acc@1   0.00 (  0.00)	Acc@5   0.00 (  0.00)
[2022-12-01 18:36:32.926706] Finished iteration 90, CKPT_AND_STOP: False, flag: tensor([0], dtype=torch.int32), speed: 2163.848
[2022-12-01 18:36:35.135281] Finished iteration 91, CKPT_AND_STOP: False, flag: tensor([0], dtype=torch.int32), speed: 2208.561
[2022-12-01 18:36:36.287849] Finished iteration 92, CKPT_AND_STOP: False, flag: tensor([0], dtype=torch.int32), speed: 1152.493
[2022-12-01 18:36:37.433280] Finished iteration 93, CKPT_AND_STOP: False, flag: tensor([1], dtype=torch.int32), speed: 1145.400
Opt ckpt time 1.5258996486663818
Process done with return code 0
Parent process ID: 113211 node: 172.31.21.137
12 cutpoints
Stages 1
Micro-bs 32 Max mem: 8350516326.4
Predicted microbatch size for 1: 32
comm size 0
GPUS_PER_VM=1 /home/ubuntu/varuna/tools/simulator/simulate-varuna 1 3 0 1177577.3722733222 0
End of simulation:  Mini-batch time (usec) = 1518326
Min send: 10000000, max send 0
Min long send: 10000000, max long send 0
Min fwd: 10000000, max fwd 0; min bwd 10000000, max bwd 0
Min long fwd: 32586, max long fwd 33754; min long bwd 78677, max long bwd 82859
Time taken by simulation: 36 microseconds

Stages 2
Micro-bs 32 Max mem: 5185528320.0
Predicted microbatch size for 2: 32
comm size 12845056
WARNING: no send time found, 2 partitions
GPUS_PER_VM=1 /home/ubuntu/varuna/tools/simulator/simulate-varuna 2 5 0 12136.97624206543 541471.8854995001
End of simulation:  Mini-batch time (usec) = 1774283
Min send: 10000000, max send 0
Min long send: 541803, max long send 554555
Min fwd: 18455, max fwd 25575; min bwd 51079, max bwd 53581
Min long fwd: 8875, max long fwd 13712; min long bwd 25318, max long bwd 30607
Time taken by simulation: 113 microseconds

Stages 3
Micro-bs 32 Max mem: 4313669017.6
Predicted microbatch size for 3: 32
comm size 25690112
WARNING: no send time found, 3 partitions
GPUS_PER_VM=1 /home/ubuntu/varuna/tools/simulator/simulate-varuna 3 7 0 7540.138721466064 929913.8118823369
End of simulation:  Mini-batch time (usec) = 4955939
Min send: 10000000, max send 0
Min long send: 930245, max long send 945608
Min fwd: 8775, max fwd 19684; min bwd 24478, max bwd 41849
Min long fwd: 2259, max long fwd 7334; min long bwd 12226, max long bwd 16590
Time taken by simulation: 233 microseconds

Stages 4
Micro-bs 32 Max mem: 3762429747.2
Predicted microbatch size for 4: 32
comm size 25690112
WARNING: no send time found, 4 partitions
GPUS_PER_VM=1 /home/ubuntu/varuna/tools/simulator/simulate-varuna 4 10 0 3605.3318977355957 929913.8118823369
End of simulation:  Mini-batch time (usec) = 7727483
Min send: 10000000, max send 0
Min long send: 930101, max long send 952379
Min fwd: 4418, max fwd 15893; min bwd 14410, max bwd 31066
Min long fwd: 532, max long fwd 8412; min long bwd 9236, max long bwd 15394
Time taken by simulation: 453 microseconds

Stages 6
Micro-bs 32 Max mem: 3200148889.6
Predicted microbatch size for 6: 32
comm size 12845056
WARNING: no send time found, 6 partitions
GPUS_PER_VM=1 /home/ubuntu/varuna/tools/simulator/simulate-varuna 6 13 0 1801.1889457702637 541471.8854995001
End of simulation:  Mini-batch time (usec) = 7858281
Min send: 10000000, max send 0
Min long send: 541553, max long send 566176
Min fwd: 380, max fwd 12458; min bwd 8532, max bwd 24401
Min long fwd: 1017, max long fwd 4595; min long bwd 780, max long bwd 6417
Time taken by simulation: 921 microseconds

{1: 1.518326, 2: 1.774283, 3: 4.955939, 4: 7.727483, 6: 7.858281}
{1: 32, 2: 32, 3: 32, 4: 32, 6: 32}
best config is: 2 32
expected time is 1.774283
15 per stage
30 servers!
Config:
ranks: range(25, 26)
train batch size: 2048
partitions: 2
chunk_size: 32
data depth: 15
stage to rank map: 0,2,4,6,8,10,12,14,16,18,20,22,24,26,28;1,3,5,7,9,11,13,15,17,19,21,23,25,27,29;
World size is 30
/opt/conda/envs/varuna/bin/python -u main.py --rank=25 --chunk_size=32 --local_rank=0 --stage_to_rank_map=0,2,4,6,8,10,12,14,16,18,20,22,24,26,28;1,3,5,7,9,11,13,15,17,19,21,23,25,27,29; --batch-size=160 data -a vgg19 --varuna --lr 0.001 --epochs 1000 --resume s3://spot-checkpoints/vgg19 --resume_step 606
[2022-12-01 19:01:30.770905] => creating model 'vgg19'
[2, 4, 6, 8, 10, 12, 14, 16, 18, 21, 24]
Files already downloaded and verified
Num cutpoints is 11
dry run time 1.0028252601623535
SHARED WEIGHTS ARE
None
this rank  25 is part of pipeline replica  12
5 chunks
>>>>> [2022-12-01 19:02:04.994886] Time taken to load checkpoint: 27.478s
2022-12-01 19:02:18.718039 Begin to exit
Process done with return code 0
Parent process ID: 113899 node: 172.31.21.137
12 cutpoints
Stages 1
Micro-bs 32 Max mem: 8350516326.4
Predicted microbatch size for 1: 32
comm size 0
GPUS_PER_VM=1 /home/ubuntu/varuna/tools/simulator/simulate-varuna 1 2 0 1199922.1801757812 0
End of simulation:  Mini-batch time (usec) = 1424058
Min send: 10000000, max send 0
Min long send: 10000000, max long send 0
Min fwd: 10000000, max fwd 0; min bwd 10000000, max bwd 0
Min long fwd: 32586, max long fwd 32895; min long bwd 78677, max long bwd 79978
Time taken by simulation: 35 microseconds

Stages 2
Micro-bs 32 Max mem: 5185528320.0
Predicted microbatch size for 2: 32
comm size 12845056
WARNING: no send time found, 2 partitions
GPUS_PER_VM=1 /home/ubuntu/varuna/tools/simulator/simulate-varuna 2 4 0 22892.793655395508 541471.8854995001
End of simulation:  Mini-batch time (usec) = 1466822
Min send: 10000000, max send 0
Min long send: 541803, max long send 554555
Min fwd: 21083, max fwd 25575; min bwd 48477, max bwd 54184
Min long fwd: 7473, max long fwd 14307; min long bwd 25716, max long bwd 30607
Time taken by simulation: 93 microseconds

Stages 3
Micro-bs 32 Max mem: 4313669017.6
Predicted microbatch size for 3: 32
comm size 25690112
WARNING: no send time found, 3 partitions
GPUS_PER_VM=1 /home/ubuntu/varuna/tools/simulator/simulate-varuna 3 7 0 7540.138721466064 929913.8118823369
End of simulation:  Mini-batch time (usec) = 4955939
Min send: 10000000, max send 0
Min long send: 930245, max long send 945608
Min fwd: 8775, max fwd 19684; min bwd 24478, max bwd 41849
Min long fwd: 2259, max long fwd 7334; min long bwd 12226, max long bwd 16590
Time taken by simulation: 237 microseconds

Stages 4
Micro-bs 32 Max mem: 3762429747.2
Predicted microbatch size for 4: 32
comm size 25690112
WARNING: no send time found, 4 partitions
GPUS_PER_VM=1 /home/ubuntu/varuna/tools/simulator/simulate-varuna 4 8 0 3659.188747406006 929913.8118823369
End of simulation:  Mini-batch time (usec) = 6836714
Min send: 10000000, max send 0
Min long send: 929995, max long send 954618
Min fwd: 4418, max fwd 15941; min bwd 13005, max bwd 30581
Min long fwd: 989, max long fwd 6784; min long bwd 7050, max long bwd 13429
Time taken by simulation: 418 microseconds

Stages 6
Micro-bs 32 Max mem: 3200148889.6
Predicted microbatch size for 6: 32
comm size 12845056
WARNING: no send time found, 6 partitions
GPUS_PER_VM=1 /home/ubuntu/varuna/tools/simulator/simulate-varuna 6 13 0 1801.1889457702637 541471.8854995001
End of simulation:  Mini-batch time (usec) = 7858281
Min send: 10000000, max send 0
Min long send: 541553, max long send 566176
Min fwd: 380, max fwd 12458; min bwd 8532, max bwd 24401
Min long fwd: 1017, max long fwd 4595; min long bwd 780, max long bwd 6417
Time taken by simulation: 912 microseconds

{1: 1.424058, 2: 1.466822, 3: 4.955939, 4: 6.836714, 6: 7.858281}
{1: 32, 2: 32, 3: 32, 4: 32, 6: 32}
best config is: 2 32
expected time is 1.466822
16 per stage
32 servers!
Config:
ranks: range(25, 26)
train batch size: 2048
partitions: 2
chunk_size: 32
data depth: 16
stage to rank map: 0,2,4,6,8,10,12,14,16,18,20,22,24,26,28,30;1,3,5,7,9,11,13,15,17,19,21,23,25,27,29,31;
World size is 32
/opt/conda/envs/varuna/bin/python -u main.py --rank=25 --chunk_size=32 --local_rank=0 --stage_to_rank_map=0,2,4,6,8,10,12,14,16,18,20,22,24,26,28,30;1,3,5,7,9,11,13,15,17,19,21,23,25,27,29,31; --batch-size=128 data -a vgg19 --varuna --lr 0.001 --epochs 1000 --resume s3://spot-checkpoints/vgg19 --resume_step 606
[2022-12-01 19:02:35.009683] => creating model 'vgg19'
[2, 4, 6, 8, 10, 12, 14, 16, 18, 21, 24]
Files already downloaded and verified
Num cutpoints is 11
dry run time 0.9527075290679932
SHARED WEIGHTS ARE
None
this rank  25 is part of pipeline replica  12
4 chunks
>>>>> [2022-12-01 19:03:08.645800] Time taken to load checkpoint: 26.934s
25 Overflow !!
25 : update_scale(): _has_overflow, dynamic. _loss_scale =  524288.0
[2022-12-01 19:03:23.243521] Finished iteration 607, CKPT_AND_STOP: False, flag: tensor([0], dtype=torch.int32), speed: 8603.946
25 Overflow !!
25 : update_scale(): _has_overflow, dynamic. _loss_scale =  262144.0
[2022-12-01 19:03:25.687646] Finished iteration 608, CKPT_AND_STOP: False, flag: tensor([0], dtype=torch.int32), speed: 2443.856
25 Overflow !!
25 : update_scale(): _has_overflow, dynamic. _loss_scale =  131072.0
[2022-12-01 19:03:28.002036] Finished iteration 609, CKPT_AND_STOP: False, flag: tensor([0], dtype=torch.int32), speed: 2314.422
[2022-12-01 19:03:08.646046] Epoch: [0][610/390]	Time  3.514 ( 3.960)	Data  1.038 ( 0.746)	Loss 4.6084e+00 (4.6104e+00)	Acc@1   0.00 (  0.00)	Acc@5   0.00 (  0.00)
[2022-12-01 19:03:30.483984] Finished iteration 610, CKPT_AND_STOP: False, flag: tensor([0], dtype=torch.int32), speed: 2481.848
[2022-12-01 19:03:33.052793] Finished iteration 611, CKPT_AND_STOP: False, flag: tensor([0], dtype=torch.int32), speed: 2568.776
[2022-12-01 19:03:34.531026] Finished iteration 612, CKPT_AND_STOP: False, flag: tensor([0], dtype=torch.int32), speed: 1478.182
[2022-12-01 19:03:36.121335] Finished iteration 613, CKPT_AND_STOP: False, flag: tensor([0], dtype=torch.int32), speed: 1590.273
[2022-12-01 19:03:37.613503] Finished iteration 614, CKPT_AND_STOP: False, flag: tensor([0], dtype=torch.int32), speed: 1492.137
[2022-12-01 19:03:38.729803] Finished iteration 615, CKPT_AND_STOP: False, flag: tensor([0], dtype=torch.int32), speed: 1116.265
[2022-12-01 19:03:40.225019] Finished iteration 616, CKPT_AND_STOP: False, flag: tensor([0], dtype=torch.int32), speed: 1495.214
[2022-12-01 19:03:41.717443] Finished iteration 617, CKPT_AND_STOP: False, flag: tensor([0], dtype=torch.int32), speed: 1492.346
[2022-12-01 19:03:43.001412] Finished iteration 618, CKPT_AND_STOP: False, flag: tensor([0], dtype=torch.int32), speed: 1283.921
[2022-12-01 19:03:44.241428] Finished iteration 619, CKPT_AND_STOP: False, flag: tensor([0], dtype=torch.int32), speed: 1239.979
[2022-12-01 19:03:08.646046] Epoch: [0][620/390]	Time  1.323 ( 2.209)	Data  0.006 ( 0.218)	Loss 4.6338e+00 (4.6124e+00)	Acc@1   0.00 (  0.00)	Acc@5   0.00 (  0.00)
[2022-12-01 19:03:45.564346] Finished iteration 620, CKPT_AND_STOP: False, flag: tensor([0], dtype=torch.int32), speed: 1322.886
[2022-12-01 19:03:47.038723] Finished iteration 621, CKPT_AND_STOP: False, flag: tensor([0], dtype=torch.int32), speed: 1474.346
[2022-12-01 19:03:48.854158] Finished iteration 622, CKPT_AND_STOP: False, flag: tensor([0], dtype=torch.int32), speed: 1815.401
[2022-12-01 19:03:50.575031] Finished iteration 623, CKPT_AND_STOP: False, flag: tensor([0], dtype=torch.int32), speed: 1720.835
[2022-12-01 19:03:51.925531] Finished iteration 624, CKPT_AND_STOP: False, flag: tensor([0], dtype=torch.int32), speed: 1350.461
[2022-12-01 19:03:53.454296] Finished iteration 625, CKPT_AND_STOP: False, flag: tensor([0], dtype=torch.int32), speed: 1528.734
[2022-12-01 19:03:54.959557] Finished iteration 626, CKPT_AND_STOP: False, flag: tensor([0], dtype=torch.int32), speed: 1505.290
[2022-12-01 19:03:56.238326] Finished iteration 627, CKPT_AND_STOP: False, flag: tensor([0], dtype=torch.int32), speed: 1278.676
[2022-12-01 19:03:57.562380] Finished iteration 628, CKPT_AND_STOP: False, flag: tensor([0], dtype=torch.int32), speed: 1324.010
[2022-12-01 19:03:59.049439] Finished iteration 629, CKPT_AND_STOP: False, flag: tensor([0], dtype=torch.int32), speed: 1487.021
[2022-12-01 19:03:08.646046] Epoch: [0][630/390]	Time  1.493 ( 1.912)	Data  0.008 ( 0.130)	Loss 4.6094e+00 (4.6120e+00)	Acc@1   0.00 (  0.00)	Acc@5   0.00 (  0.00)
[2022-12-01 19:04:00.539494] Finished iteration 630, CKPT_AND_STOP: False, flag: tensor([0], dtype=torch.int32), speed: 1490.063
[2022-12-01 19:04:02.000751] Finished iteration 631, CKPT_AND_STOP: False, flag: tensor([0], dtype=torch.int32), speed: 1461.202
[2022-12-01 19:04:03.268494] Finished iteration 632, CKPT_AND_STOP: False, flag: tensor([0], dtype=torch.int32), speed: 1267.738
[2022-12-01 19:04:05.027000] Finished iteration 633, CKPT_AND_STOP: False, flag: tensor([0], dtype=torch.int32), speed: 1758.429
[2022-12-01 19:04:06.541344] Finished iteration 634, CKPT_AND_STOP: False, flag: tensor([0], dtype=torch.int32), speed: 1514.279
[2022-12-01 19:04:08.031614] Finished iteration 635, CKPT_AND_STOP: False, flag: tensor([0], dtype=torch.int32), speed: 1490.236
[2022-12-01 19:04:09.538219] Finished iteration 636, CKPT_AND_STOP: False, flag: tensor([0], dtype=torch.int32), speed: 1506.571
[2022-12-01 19:04:10.965834] Finished iteration 637, CKPT_AND_STOP: False, flag: tensor([0], dtype=torch.int32), speed: 1427.576
[2022-12-01 19:04:12.340305] Finished iteration 638, CKPT_AND_STOP: False, flag: tensor([0], dtype=torch.int32), speed: 1374.458
[2022-12-01 19:04:14.118671] Finished iteration 639, CKPT_AND_STOP: False, flag: tensor([0], dtype=torch.int32), speed: 1778.303
[2022-12-01 19:03:08.646046] Epoch: [0][640/390]	Time  1.494 ( 1.793)	Data  0.005 ( 0.093)	Loss 4.6074e+00 (4.6109e+00)	Acc@1   0.00 (  0.00)	Acc@5   0.00 (  0.00)
[2022-12-01 19:04:15.612748] Finished iteration 640, CKPT_AND_STOP: False, flag: tensor([0], dtype=torch.int32), speed: 1494.033
[2022-12-01 19:04:16.945108] Finished iteration 641, CKPT_AND_STOP: False, flag: tensor([0], dtype=torch.int32), speed: 1332.364
[2022-12-01 19:04:18.272984] Finished iteration 642, CKPT_AND_STOP: False, flag: tensor([0], dtype=torch.int32), speed: 1327.828
[2022-12-01 19:04:19.812209] Finished iteration 643, CKPT_AND_STOP: False, flag: tensor([0], dtype=torch.int32), speed: 1539.175
[2022-12-01 19:04:21.138488] Finished iteration 644, CKPT_AND_STOP: False, flag: tensor([0], dtype=torch.int32), speed: 1326.252
[2022-12-01 19:04:22.497134] Finished iteration 645, CKPT_AND_STOP: False, flag: tensor([0], dtype=torch.int32), speed: 1358.644
[2022-12-01 19:04:24.184089] Finished iteration 646, CKPT_AND_STOP: False, flag: tensor([0], dtype=torch.int32), speed: 1686.874
[2022-12-01 19:04:25.560263] Finished iteration 647, CKPT_AND_STOP: False, flag: tensor([0], dtype=torch.int32), speed: 1376.222
[2022-12-01 19:04:27.049939] Finished iteration 648, CKPT_AND_STOP: False, flag: tensor([0], dtype=torch.int32), speed: 1489.543
[2022-12-01 19:04:28.393463] Finished iteration 649, CKPT_AND_STOP: False, flag: tensor([0], dtype=torch.int32), speed: 1343.487
[2022-12-01 19:03:08.646046] Epoch: [0][650/390]	Time  1.363 ( 1.707)	Data  0.006 ( 0.073)	Loss 4.6143e+00 (4.6113e+00)	Acc@1   0.00 (  0.00)	Acc@5   0.00 (  0.00)
[2022-12-01 19:04:29.759616] Finished iteration 650, CKPT_AND_STOP: False, flag: tensor([0], dtype=torch.int32), speed: 1366.111
[2022-12-01 19:04:31.090092] Finished iteration 651, CKPT_AND_STOP: False, flag: tensor([0], dtype=torch.int32), speed: 1330.452
[2022-12-01 19:04:32.410884] Finished iteration 652, CKPT_AND_STOP: False, flag: tensor([0], dtype=torch.int32), speed: 1320.753
[2022-12-01 19:04:33.711137] Finished iteration 653, CKPT_AND_STOP: False, flag: tensor([0], dtype=torch.int32), speed: 1300.219
[2022-12-01 19:04:35.040435] Finished iteration 654, CKPT_AND_STOP: False, flag: tensor([0], dtype=torch.int32), speed: 1329.301
[2022-12-01 19:04:36.579358] Finished iteration 655, CKPT_AND_STOP: False, flag: tensor([0], dtype=torch.int32), speed: 1538.835
[2022-12-01 19:04:37.880755] Finished iteration 656, CKPT_AND_STOP: False, flag: tensor([0], dtype=torch.int32), speed: 1301.359
[2022-12-01 19:04:39.117972] Finished iteration 657, CKPT_AND_STOP: False, flag: tensor([0], dtype=torch.int32), speed: 1237.174
[2022-12-01 19:04:40.684373] Finished iteration 658, CKPT_AND_STOP: False, flag: tensor([0], dtype=torch.int32), speed: 1566.355
[2022-12-01 19:04:42.001285] Finished iteration 659, CKPT_AND_STOP: False, flag: tensor([0], dtype=torch.int32), speed: 1316.898
[2022-12-01 19:03:08.646046] Epoch: [0][660/390]	Time  1.529 ( 1.646)	Data  0.006 ( 0.061)	Loss 4.6025e+00 (4.6112e+00)	Acc@1   0.00 (  0.00)	Acc@5   0.00 (  0.00)
[2022-12-01 19:04:43.529782] Finished iteration 660, CKPT_AND_STOP: False, flag: tensor([0], dtype=torch.int32), speed: 1528.454
[2022-12-01 19:04:45.015471] Finished iteration 661, CKPT_AND_STOP: False, flag: tensor([0], dtype=torch.int32), speed: 1485.680
[2022-12-01 19:04:46.320978] Finished iteration 662, CKPT_AND_STOP: False, flag: tensor([0], dtype=torch.int32), speed: 1305.437
[2022-12-01 19:04:47.812455] Finished iteration 663, CKPT_AND_STOP: False, flag: tensor([0], dtype=torch.int32), speed: 1491.477
[2022-12-01 19:04:49.616530] Finished iteration 664, CKPT_AND_STOP: False, flag: tensor([0], dtype=torch.int32), speed: 1804.026
[2022-12-01 19:04:50.907163] Finished iteration 665, CKPT_AND_STOP: False, flag: tensor([0], dtype=torch.int32), speed: 1290.549
[2022-12-01 19:04:52.182427] Finished iteration 666, CKPT_AND_STOP: False, flag: tensor([0], dtype=torch.int32), speed: 1275.230
[2022-12-01 19:04:53.859830] Finished iteration 667, CKPT_AND_STOP: False, flag: tensor([0], dtype=torch.int32), speed: 1677.376
[2022-12-01 19:04:55.325115] Finished iteration 668, CKPT_AND_STOP: False, flag: tensor([0], dtype=torch.int32), speed: 1465.271
[2022-12-01 19:04:57.206676] Finished iteration 669, CKPT_AND_STOP: False, flag: tensor([0], dtype=torch.int32), speed: 1881.479
[2022-12-01 19:03:08.646046] Epoch: [0][670/390]	Time  1.550 ( 1.627)	Data  0.006 ( 0.052)	Loss 4.6162e+00 (4.6109e+00)	Acc@1   0.00 (  0.00)	Acc@5   0.00 (  0.00)
[2022-12-01 19:04:58.756257] Finished iteration 670, CKPT_AND_STOP: False, flag: tensor([0], dtype=torch.int32), speed: 1549.540
[2022-12-01 19:05:00.258924] Finished iteration 671, CKPT_AND_STOP: False, flag: tensor([0], dtype=torch.int32), speed: 1502.654
[2022-12-01 19:05:01.528024] Finished iteration 672, CKPT_AND_STOP: False, flag: tensor([0], dtype=torch.int32), speed: 1269.054
[2022-12-01 19:05:02.774637] Finished iteration 673, CKPT_AND_STOP: False, flag: tensor([0], dtype=torch.int32), speed: 1246.604
[2022-12-01 19:05:04.573641] Finished iteration 674, CKPT_AND_STOP: False, flag: tensor([0], dtype=torch.int32), speed: 1798.933
[2022-12-01 19:05:05.862848] Finished iteration 675, CKPT_AND_STOP: False, flag: tensor([0], dtype=torch.int32), speed: 1289.184
[2022-12-01 19:05:06.988109] Finished iteration 676, CKPT_AND_STOP: False, flag: tensor([0], dtype=torch.int32), speed: 1125.318
[2022-12-01 19:05:08.251792] Finished iteration 677, CKPT_AND_STOP: False, flag: tensor([0], dtype=torch.int32), speed: 1263.559
[2022-12-01 19:05:09.531521] Finished iteration 678, CKPT_AND_STOP: False, flag: tensor([0], dtype=torch.int32), speed: 1279.670
[2022-12-01 19:05:10.846353] Finished iteration 679, CKPT_AND_STOP: False, flag: tensor([0], dtype=torch.int32), speed: 1314.877
[2022-12-01 19:03:08.646046] Epoch: [0][680/390]	Time  1.434 ( 1.589)	Data  0.059 ( 0.047)	Loss 4.6133e+00 (4.6110e+00)	Acc@1   0.00 (  0.00)	Acc@5   0.00 (  0.00)
[2022-12-01 19:05:12.228569] Finished iteration 680, CKPT_AND_STOP: False, flag: tensor([0], dtype=torch.int32), speed: 1382.133
[2022-12-01 19:05:13.732741] Finished iteration 681, CKPT_AND_STOP: False, flag: tensor([0], dtype=torch.int32), speed: 1504.116
[2022-12-01 19:05:15.097507] Finished iteration 682, CKPT_AND_STOP: False, flag: tensor([0], dtype=torch.int32), speed: 1364.715
[2022-12-01 19:05:16.191143] Finished iteration 683, CKPT_AND_STOP: False, flag: tensor([0], dtype=torch.int32), speed: 1093.643
[2022-12-01 19:05:17.543134] Finished iteration 684, CKPT_AND_STOP: False, flag: tensor([0], dtype=torch.int32), speed: 1351.949
[2022-12-01 19:05:18.875529] Finished iteration 685, CKPT_AND_STOP: False, flag: tensor([0], dtype=torch.int32), speed: 1332.393
[2022-12-01 19:05:20.431863] Finished iteration 686, CKPT_AND_STOP: False, flag: tensor([0], dtype=torch.int32), speed: 1556.224
[2022-12-01 19:05:21.966189] Finished iteration 687, CKPT_AND_STOP: False, flag: tensor([0], dtype=torch.int32), speed: 1534.307
[2022-12-01 19:05:23.446836] Finished iteration 688, CKPT_AND_STOP: False, flag: tensor([0], dtype=torch.int32), speed: 1480.598
[2022-12-01 19:05:24.781091] Finished iteration 689, CKPT_AND_STOP: False, flag: tensor([0], dtype=torch.int32), speed: 1334.212
[2022-12-01 19:03:08.646046] Epoch: [0][690/390]	Time  1.344 ( 1.565)	Data  0.006 ( 0.042)	Loss 4.6094e+00 (4.6111e+00)	Acc@1   0.00 (  0.00)	Acc@5   0.00 (  0.00)
[2022-12-01 19:05:26.124992] Finished iteration 690, CKPT_AND_STOP: False, flag: tensor([0], dtype=torch.int32), speed: 1343.865
[2022-12-01 19:05:27.731840] Finished iteration 691, CKPT_AND_STOP: False, flag: tensor([0], dtype=torch.int32), speed: 1606.824
[2022-12-01 19:05:29.421791] Finished iteration 692, CKPT_AND_STOP: False, flag: tensor([0], dtype=torch.int32), speed: 1689.911
[2022-12-01 19:05:31.135727] Finished iteration 693, CKPT_AND_STOP: False, flag: tensor([0], dtype=torch.int32), speed: 1713.897
[2022-12-01 19:05:32.454637] Finished iteration 694, CKPT_AND_STOP: False, flag: tensor([0], dtype=torch.int32), speed: 1318.878
[2022-12-01 19:05:34.029344] Finished iteration 695, CKPT_AND_STOP: False, flag: tensor([0], dtype=torch.int32), speed: 1574.674
[2022-12-01 19:05:35.363807] Finished iteration 696, CKPT_AND_STOP: False, flag: tensor([0], dtype=torch.int32), speed: 1334.417
[2022-12-01 19:05:36.628051] Finished iteration 697, CKPT_AND_STOP: False, flag: tensor([0], dtype=torch.int32), speed: 1264.229
[2022-12-01 19:05:38.131142] Finished iteration 698, CKPT_AND_STOP: False, flag: tensor([0], dtype=torch.int32), speed: 1503.019
[2022-12-01 19:05:39.928629] Finished iteration 699, CKPT_AND_STOP: False, flag: tensor([0], dtype=torch.int32), speed: 1797.493
[2022-12-01 19:03:08.646046] Epoch: [0][700/390]	Time  1.523 ( 1.562)	Data  0.006 ( 0.038)	Loss 4.6016e+00 (4.6110e+00)	Acc@1   0.00 (  0.00)	Acc@5   0.00 (  0.00)
[2022-12-01 19:05:41.450696] Finished iteration 700, CKPT_AND_STOP: False, flag: tensor([0], dtype=torch.int32), speed: 1521.987
[2022-12-01 19:05:42.594571] Finished iteration 701, CKPT_AND_STOP: False, flag: tensor([0], dtype=torch.int32), speed: 1143.853
[2022-12-01 19:05:44.032434] Finished iteration 702, CKPT_AND_STOP: False, flag: tensor([0], dtype=torch.int32), speed: 1437.826
[2022-12-01 19:05:45.387358] Finished iteration 703, CKPT_AND_STOP: False, flag: tensor([0], dtype=torch.int32), speed: 1354.889
[2022-12-01 19:05:46.703748] Finished iteration 704, CKPT_AND_STOP: False, flag: tensor([0], dtype=torch.int32), speed: 1316.354
[2022-12-01 19:05:47.980856] Finished iteration 705, CKPT_AND_STOP: False, flag: tensor([0], dtype=torch.int32), speed: 1277.078
[2022-12-01 19:05:49.341316] Finished iteration 706, CKPT_AND_STOP: False, flag: tensor([0], dtype=torch.int32), speed: 1360.420
[2022-12-01 19:05:50.890430] Finished iteration 707, CKPT_AND_STOP: False, flag: tensor([0], dtype=torch.int32), speed: 1549.074
[2022-12-01 19:05:52.160147] Finished iteration 708, CKPT_AND_STOP: False, flag: tensor([0], dtype=torch.int32), speed: 1269.709
[2022-12-01 19:05:53.483604] Finished iteration 709, CKPT_AND_STOP: False, flag: tensor([0], dtype=torch.int32), speed: 1323.402
[2022-12-01 19:03:08.646046] Epoch: [0][710/390]	Time  1.643 ( 1.543)	Data  0.006 ( 0.035)	Loss 4.6299e+00 (4.6106e+00)	Acc@1   0.00 (  0.00)	Acc@5   0.00 (  0.00)
[2022-12-01 19:05:55.126604] Finished iteration 710, CKPT_AND_STOP: False, flag: tensor([0], dtype=torch.int32), speed: 1642.952
[2022-12-01 19:05:56.715772] Finished iteration 711, CKPT_AND_STOP: False, flag: tensor([0], dtype=torch.int32), speed: 1589.138
[2022-12-01 19:05:58.174283] Finished iteration 712, CKPT_AND_STOP: False, flag: tensor([0], dtype=torch.int32), speed: 1458.469
[2022-12-01 19:05:59.812264] Finished iteration 713, CKPT_AND_STOP: False, flag: tensor([0], dtype=torch.int32), speed: 1637.947
[2022-12-01 19:06:01.297446] Finished iteration 714, CKPT_AND_STOP: False, flag: tensor([0], dtype=torch.int32), speed: 1485.150
[2022-12-01 19:06:02.605381] Finished iteration 715, CKPT_AND_STOP: False, flag: tensor([0], dtype=torch.int32), speed: 1307.909
[2022-12-01 19:06:04.250830] Finished iteration 716, CKPT_AND_STOP: False, flag: tensor([0], dtype=torch.int32), speed: 1645.473
[2022-12-01 19:06:05.400155] Finished iteration 717, CKPT_AND_STOP: False, flag: tensor([0], dtype=torch.int32), speed: 1149.213
[2022-12-01 19:06:06.906243] Finished iteration 718, CKPT_AND_STOP: False, flag: tensor([0], dtype=torch.int32), speed: 1506.066
[2022-12-01 19:06:08.161711] Finished iteration 719, CKPT_AND_STOP: False, flag: tensor([0], dtype=torch.int32), speed: 1255.439
[2022-12-01 19:03:08.646046] Epoch: [0][720/390]	Time  1.259 ( 1.533)	Data  0.006 ( 0.033)	Loss 4.6172e+00 (4.6109e+00)	Acc@1   0.00 (  0.00)	Acc@5   0.00 (  0.00)
[2022-12-01 19:06:09.420512] Finished iteration 720, CKPT_AND_STOP: False, flag: tensor([0], dtype=torch.int32), speed: 1258.732
[2022-12-01 19:06:10.920316] Finished iteration 721, CKPT_AND_STOP: False, flag: tensor([0], dtype=torch.int32), speed: 1499.763
[2022-12-01 19:06:12.626625] Finished iteration 722, CKPT_AND_STOP: False, flag: tensor([0], dtype=torch.int32), speed: 1706.268
[2022-12-01 19:06:14.136253] Finished iteration 723, CKPT_AND_STOP: False, flag: tensor([0], dtype=torch.int32), speed: 1509.603
[2022-12-01 19:06:15.257347] Finished iteration 724, CKPT_AND_STOP: False, flag: tensor([0], dtype=torch.int32), speed: 1121.050
[2022-12-01 19:06:16.776210] Finished iteration 725, CKPT_AND_STOP: False, flag: tensor([0], dtype=torch.int32), speed: 1518.849
[2022-12-01 19:06:18.312743] Finished iteration 726, CKPT_AND_STOP: False, flag: tensor([0], dtype=torch.int32), speed: 1536.466
[2022-12-01 19:06:19.823175] Finished iteration 727, CKPT_AND_STOP: False, flag: tensor([0], dtype=torch.int32), speed: 1510.402
[2022-12-01 19:06:21.279624] Finished iteration 728, CKPT_AND_STOP: False, flag: tensor([0], dtype=torch.int32), speed: 1456.405
[2022-12-01 19:06:22.720903] Finished iteration 729, CKPT_AND_STOP: False, flag: tensor([0], dtype=torch.int32), speed: 1441.248
[2022-12-01 19:03:08.646046] Epoch: [0][730/390]	Time  1.259 ( 1.527)	Data  0.007 ( 0.031)	Loss 4.6055e+00 (4.6106e+00)	Acc@1   0.00 (  0.00)	Acc@5   0.00 (  0.00)
[2022-12-01 19:06:23.977621] Finished iteration 730, CKPT_AND_STOP: False, flag: tensor([0], dtype=torch.int32), speed: 1256.709
[2022-12-01 19:06:25.248400] Finished iteration 731, CKPT_AND_STOP: False, flag: tensor([0], dtype=torch.int32), speed: 1270.725
[2022-12-01 19:06:26.957751] Finished iteration 732, CKPT_AND_STOP: False, flag: tensor([0], dtype=torch.int32), speed: 1709.307
[2022-12-01 19:06:28.257335] Finished iteration 733, CKPT_AND_STOP: False, flag: tensor([0], dtype=torch.int32), speed: 1299.558
[2022-12-01 19:06:29.960957] Finished iteration 734, CKPT_AND_STOP: False, flag: tensor([0], dtype=torch.int32), speed: 1703.581
[2022-12-01 19:06:31.477432] Finished iteration 735, CKPT_AND_STOP: False, flag: tensor([0], dtype=torch.int32), speed: 1516.426
[2022-12-01 19:06:33.090731] Finished iteration 736, CKPT_AND_STOP: False, flag: tensor([0], dtype=torch.int32), speed: 1613.274
[2022-12-01 19:06:34.424107] Finished iteration 737, CKPT_AND_STOP: False, flag: tensor([0], dtype=torch.int32), speed: 1333.338
[2022-12-01 19:06:35.918865] Finished iteration 738, CKPT_AND_STOP: False, flag: tensor([0], dtype=torch.int32), speed: 1494.715
[2022-12-01 19:06:37.174850] Finished iteration 739, CKPT_AND_STOP: False, flag: tensor([0], dtype=torch.int32), speed: 1255.942
[2022-12-01 19:03:08.646046] Epoch: [0][740/390]	Time  1.456 ( 1.522)	Data  0.006 ( 0.029)	Loss 4.6094e+00 (4.6105e+00)	Acc@1   0.00 (  0.00)	Acc@5   0.00 (  0.00)
[2022-12-01 19:06:38.630902] Finished iteration 740, CKPT_AND_STOP: False, flag: tensor([0], dtype=torch.int32), speed: 1456.008
[2022-12-01 19:06:40.131899] Finished iteration 741, CKPT_AND_STOP: False, flag: tensor([0], dtype=torch.int32), speed: 1500.985
[2022-12-01 19:06:41.705370] Finished iteration 742, CKPT_AND_STOP: False, flag: tensor([0], dtype=torch.int32), speed: 1573.453
[2022-12-01 19:06:43.201333] Finished iteration 743, CKPT_AND_STOP: False, flag: tensor([0], dtype=torch.int32), speed: 1495.894
[2022-12-01 19:06:44.862301] Finished iteration 744, CKPT_AND_STOP: False, flag: tensor([0], dtype=torch.int32), speed: 1660.910
[2022-12-01 19:06:46.110137] Finished iteration 745, CKPT_AND_STOP: False, flag: tensor([0], dtype=torch.int32), speed: 1247.784
[2022-12-01 19:06:47.441616] Finished iteration 746, CKPT_AND_STOP: False, flag: tensor([0], dtype=torch.int32), speed: 1331.471
[2022-12-01 19:06:48.935393] Finished iteration 747, CKPT_AND_STOP: False, flag: tensor([0], dtype=torch.int32), speed: 1493.725
[2022-12-01 19:06:50.545949] Finished iteration 748, CKPT_AND_STOP: False, flag: tensor([0], dtype=torch.int32), speed: 1610.500
[2022-12-01 19:06:52.010696] Finished iteration 749, CKPT_AND_STOP: False, flag: tensor([0], dtype=torch.int32), speed: 1464.723
[2022-12-01 19:03:08.646046] Epoch: [0][750/390]	Time  1.724 ( 1.521)	Data  0.005 ( 0.028)	Loss 4.6172e+00 (4.6104e+00)	Acc@1   0.00 (  0.00)	Acc@5   0.00 (  0.00)
[2022-12-01 19:06:53.735465] Finished iteration 750, CKPT_AND_STOP: False, flag: tensor([0], dtype=torch.int32), speed: 1724.746
[2022-12-01 19:06:55.059756] Finished iteration 751, CKPT_AND_STOP: False, flag: tensor([0], dtype=torch.int32), speed: 1324.236
[2022-12-01 19:06:56.357936] Finished iteration 752, CKPT_AND_STOP: False, flag: tensor([0], dtype=torch.int32), speed: 1298.229
[2022-12-01 19:06:58.093058] Finished iteration 753, CKPT_AND_STOP: False, flag: tensor([0], dtype=torch.int32), speed: 1735.003
[2022-12-01 19:06:59.819022] Finished iteration 754, CKPT_AND_STOP: False, flag: tensor([0], dtype=torch.int32), speed: 1725.923
[2022-12-01 19:07:01.605153] Finished iteration 755, CKPT_AND_STOP: False, flag: tensor([0], dtype=torch.int32), speed: 1786.111
[2022-12-01 19:07:03.135663] Finished iteration 756, CKPT_AND_STOP: False, flag: tensor([0], dtype=torch.int32), speed: 1530.472
[2022-12-01 19:07:04.651076] Finished iteration 757, CKPT_AND_STOP: False, flag: tensor([0], dtype=torch.int32), speed: 1515.360
[2022-12-01 19:07:06.224316] Finished iteration 758, CKPT_AND_STOP: False, flag: tensor([0], dtype=torch.int32), speed: 1573.208
[2022-12-01 19:07:07.671428] Finished iteration 759, CKPT_AND_STOP: False, flag: tensor([0], dtype=torch.int32), speed: 1447.070
[2022-12-01 19:03:08.646046] Epoch: [0][760/390]	Time  1.105 ( 1.520)	Data  0.007 ( 0.026)	Loss 4.6064e+00 (4.6104e+00)	Acc@1   0.00 (  0.00)	Acc@5   0.00 (  0.00)
[2022-12-01 19:07:08.775333] Finished iteration 760, CKPT_AND_STOP: False, flag: tensor([0], dtype=torch.int32), speed: 1103.895
[2022-12-01 19:07:10.237399] Finished iteration 761, CKPT_AND_STOP: False, flag: tensor([0], dtype=torch.int32), speed: 1462.028
[2022-12-01 19:07:11.538299] Finished iteration 762, CKPT_AND_STOP: False, flag: tensor([0], dtype=torch.int32), speed: 1300.864
[2022-12-01 19:07:13.170871] Finished iteration 763, CKPT_AND_STOP: False, flag: tensor([0], dtype=torch.int32), speed: 1632.536
[2022-12-01 19:07:14.696258] Finished iteration 764, CKPT_AND_STOP: False, flag: tensor([0], dtype=torch.int32), speed: 1525.344
[2022-12-01 19:07:16.241305] Finished iteration 765, CKPT_AND_STOP: False, flag: tensor([0], dtype=torch.int32), speed: 1544.996
[2022-12-01 19:07:18.290283] Finished iteration 766, CKPT_AND_STOP: False, flag: tensor([0], dtype=torch.int32), speed: 2048.948
[2022-12-01 19:07:19.794962] Finished iteration 767, CKPT_AND_STOP: False, flag: tensor([0], dtype=torch.int32), speed: 1504.636
[2022-12-01 19:07:21.253222] Finished iteration 768, CKPT_AND_STOP: False, flag: tensor([0], dtype=torch.int32), speed: 1458.236
[2022-12-01 19:07:22.925755] Finished iteration 769, CKPT_AND_STOP: False, flag: tensor([0], dtype=torch.int32), speed: 1672.489
[2022-12-01 19:03:08.646046] Epoch: [0][770/390]	Time  1.625 ( 1.524)	Data  0.005 ( 0.025)	Loss 4.6045e+00 (4.6103e+00)	Acc@1   0.00 (  0.00)	Acc@5   0.00 (  0.00)
[2022-12-01 19:07:24.551191] Finished iteration 770, CKPT_AND_STOP: False, flag: tensor([0], dtype=torch.int32), speed: 1625.389
[2022-12-01 19:07:25.925183] Finished iteration 771, CKPT_AND_STOP: False, flag: tensor([0], dtype=torch.int32), speed: 1373.965
[2022-12-01 19:07:27.621973] Finished iteration 772, CKPT_AND_STOP: False, flag: tensor([0], dtype=torch.int32), speed: 1696.756
[2022-12-01 19:07:29.012373] Finished iteration 773, CKPT_AND_STOP: False, flag: tensor([0], dtype=torch.int32), speed: 1390.437
[2022-12-01 19:07:30.536851] Finished iteration 774, CKPT_AND_STOP: False, flag: tensor([0], dtype=torch.int32), speed: 1524.381
[2022-12-01 19:07:32.095028] Finished iteration 775, CKPT_AND_STOP: False, flag: tensor([0], dtype=torch.int32), speed: 1558.152
[2022-12-01 19:07:33.596871] Finished iteration 776, CKPT_AND_STOP: False, flag: tensor([0], dtype=torch.int32), speed: 1501.776
[2022-12-01 19:07:35.055647] Finished iteration 777, CKPT_AND_STOP: False, flag: tensor([0], dtype=torch.int32), speed: 1458.744
[2022-12-01 19:07:36.641802] Finished iteration 778, CKPT_AND_STOP: False, flag: tensor([0], dtype=torch.int32), speed: 1586.117
[2022-12-01 19:07:37.897126] Finished iteration 779, CKPT_AND_STOP: False, flag: tensor([0], dtype=torch.int32), speed: 1255.290
[2022-12-01 19:03:08.646046] Epoch: [0][780/390]	Time  1.496 ( 1.522)	Data  0.006 ( 0.024)	Loss 4.6133e+00 (4.6102e+00)	Acc@1   0.00 (  0.00)	Acc@5   0.00 (  0.00)
[2022-12-01 19:07:39.393766] Finished iteration 780, CKPT_AND_STOP: False, flag: tensor([0], dtype=torch.int32), speed: 1496.593
[2022-12-01 19:07:40.728077] Finished iteration 781, CKPT_AND_STOP: False, flag: tensor([0], dtype=torch.int32), speed: 1334.317
[2022-12-01 19:07:42.049180] Finished iteration 782, CKPT_AND_STOP: False, flag: tensor([0], dtype=torch.int32), speed: 1321.039
[2022-12-01 19:07:43.370015] Finished iteration 783, CKPT_AND_STOP: False, flag: tensor([0], dtype=torch.int32), speed: 1320.809
[2022-12-01 19:07:44.890294] Finished iteration 784, CKPT_AND_STOP: False, flag: tensor([0], dtype=torch.int32), speed: 1520.241
[2022-12-01 19:07:46.126450] Finished iteration 785, CKPT_AND_STOP: False, flag: tensor([0], dtype=torch.int32), speed: 1236.120
[2022-12-01 19:07:47.371595] Finished iteration 786, CKPT_AND_STOP: False, flag: tensor([0], dtype=torch.int32), speed: 1245.095
[2022-12-01 19:07:48.745461] Finished iteration 787, CKPT_AND_STOP: False, flag: tensor([0], dtype=torch.int32), speed: 1373.860
[2022-12-01 19:07:50.284326] Finished iteration 788, CKPT_AND_STOP: False, flag: tensor([0], dtype=torch.int32), speed: 1538.824
[2022-12-01 19:07:51.791491] Finished iteration 789, CKPT_AND_STOP: False, flag: tensor([0], dtype=torch.int32), speed: 1507.138
[2022-12-01 19:03:08.646046] Epoch: [0][790/390]	Time  1.444 ( 1.514)	Data  0.006 ( 0.023)	Loss 4.6064e+00 (4.6103e+00)	Acc@1   0.00 (  0.00)	Acc@5   0.00 (  0.00)
[2022-12-01 19:07:53.236260] Finished iteration 790, CKPT_AND_STOP: False, flag: tensor([0], dtype=torch.int32), speed: 1444.693
[2022-12-01 19:07:54.774428] Finished iteration 791, CKPT_AND_STOP: False, flag: tensor([0], dtype=torch.int32), speed: 1538.149
[2022-12-01 19:07:56.427976] Finished iteration 792, CKPT_AND_STOP: False, flag: tensor([0], dtype=torch.int32), speed: 1653.535
[2022-12-01 19:07:57.860918] Finished iteration 793, CKPT_AND_STOP: False, flag: tensor([0], dtype=torch.int32), speed: 1432.941
[2022-12-01 19:07:59.338372] Finished iteration 794, CKPT_AND_STOP: False, flag: tensor([0], dtype=torch.int32), speed: 1477.381
[2022-12-01 19:08:00.713304] Finished iteration 795, CKPT_AND_STOP: False, flag: tensor([0], dtype=torch.int32), speed: 1374.872
[2022-12-01 19:08:02.106826] Finished iteration 796, CKPT_AND_STOP: False, flag: tensor([0], dtype=torch.int32), speed: 1393.589
[2022-12-01 19:08:04.057806] Finished iteration 797, CKPT_AND_STOP: False, flag: tensor([0], dtype=torch.int32), speed: 1950.844
[2022-12-01 19:08:05.351821] Finished iteration 798, CKPT_AND_STOP: False, flag: tensor([0], dtype=torch.int32), speed: 1293.972
[2022-12-01 19:08:06.635076] Finished iteration 799, CKPT_AND_STOP: False, flag: tensor([0], dtype=torch.int32), speed: 1283.215
[2022-12-01 19:03:08.646046] Epoch: [0][800/390]	Time  1.461 ( 1.513)	Data  0.005 ( 0.022)	Loss 4.6006e+00 (4.6100e+00)	Acc@1   0.00 (  0.00)	Acc@5   0.00 (  0.00)
[2022-12-01 19:08:08.096361] Finished iteration 800, CKPT_AND_STOP: False, flag: tensor([0], dtype=torch.int32), speed: 1461.249
[2022-12-01 19:08:09.425546] Finished iteration 801, CKPT_AND_STOP: False, flag: tensor([0], dtype=torch.int32), speed: 1329.176
[2022-12-01 19:08:10.908127] Finished iteration 802, CKPT_AND_STOP: False, flag: tensor([0], dtype=torch.int32), speed: 1482.520
[2022-12-01 19:08:12.358277] Finished iteration 803, CKPT_AND_STOP: False, flag: tensor([0], dtype=torch.int32), speed: 1450.135
[2022-12-01 19:08:13.742748] Finished iteration 804, CKPT_AND_STOP: False, flag: tensor([0], dtype=torch.int32), speed: 1384.400
[2022-12-01 19:08:15.552416] Finished iteration 805, CKPT_AND_STOP: False, flag: tensor([0], dtype=torch.int32), speed: 1809.644
[2022-12-01 19:08:17.079857] Finished iteration 806, CKPT_AND_STOP: False, flag: tensor([0], dtype=torch.int32), speed: 1527.418
[2022-12-01 19:08:18.495262] Finished iteration 807, CKPT_AND_STOP: False, flag: tensor([0], dtype=torch.int32), speed: 1415.340
[2022-12-01 19:08:20.215695] Finished iteration 808, CKPT_AND_STOP: False, flag: tensor([0], dtype=torch.int32), speed: 1720.485
[2022-12-01 19:08:21.703724] Finished iteration 809, CKPT_AND_STOP: False, flag: tensor([0], dtype=torch.int32), speed: 1487.903
[2022-12-01 19:03:08.646046] Epoch: [0][810/390]	Time  1.333 ( 1.512)	Data  0.005 ( 0.022)	Loss 4.5908e+00 (4.6099e+00)	Acc@1   0.00 (  0.00)	Acc@5   0.00 (  0.00)
[2022-12-01 19:08:23.038906] Finished iteration 810, CKPT_AND_STOP: False, flag: tensor([0], dtype=torch.int32), speed: 1335.144
[2022-12-01 19:08:24.880212] Finished iteration 811, CKPT_AND_STOP: False, flag: tensor([0], dtype=torch.int32), speed: 1841.280
[2022-12-01 19:08:26.185821] Finished iteration 812, CKPT_AND_STOP: False, flag: tensor([0], dtype=torch.int32), speed: 1305.572
[2022-12-01 19:08:27.654737] Finished iteration 813, CKPT_AND_STOP: False, flag: tensor([0], dtype=torch.int32), speed: 1468.895
[2022-12-01 19:08:28.935127] Finished iteration 814, CKPT_AND_STOP: False, flag: tensor([0], dtype=torch.int32), speed: 1280.347
[2022-12-01 19:08:30.238387] Finished iteration 815, CKPT_AND_STOP: False, flag: tensor([0], dtype=torch.int32), speed: 1303.212
[2022-12-01 19:08:31.875817] Finished iteration 816, CKPT_AND_STOP: False, flag: tensor([0], dtype=torch.int32), speed: 1637.389
[2022-12-01 19:08:33.358501] Finished iteration 817, CKPT_AND_STOP: False, flag: tensor([0], dtype=torch.int32), speed: 1482.663
[2022-12-01 19:08:34.958444] Finished iteration 818, CKPT_AND_STOP: False, flag: tensor([0], dtype=torch.int32), speed: 1599.906
[2022-12-01 19:08:36.411293] Finished iteration 819, CKPT_AND_STOP: False, flag: tensor([0], dtype=torch.int32), speed: 1452.809
[2022-12-01 19:03:08.646046] Epoch: [0][820/390]	Time  1.449 ( 1.510)	Data  0.006 ( 0.021)	Loss 4.6084e+00 (4.6099e+00)	Acc@1   0.00 (  0.00)	Acc@5   0.00 (  0.00)
[2022-12-01 19:08:37.859969] Finished iteration 820, CKPT_AND_STOP: False, flag: tensor([3], dtype=torch.int32), speed: 1448.650
Opt ckpt time 1.7254524230957031
Process done with return code 0
Parent process ID: 148625 node: 172.31.28.236
12 cutpoints
Stages 1
Micro-bs 32 Max mem: 8350516326.4
Predicted microbatch size for 1: 32
comm size 0
GPUS_PER_VM=1 /home/ubuntu/varuna/tools/simulator/simulate-varuna 1 3 0 1188930.0075556464 0
End of simulation:  Mini-batch time (usec) = 1529679
Min send: 10000000, max send 0
Min long send: 10000000, max long send 0
Min fwd: 10000000, max fwd 0; min bwd 10000000, max bwd 0
Min long fwd: 32586, max long fwd 33754; min long bwd 78677, max long bwd 82859
Time taken by simulation: 42 microseconds

Stages 2
Micro-bs 32 Max mem: 5185528320.0
Predicted microbatch size for 2: 32
comm size 12845056
WARNING: no send time found, 2 partitions
GPUS_PER_VM=1 /home/ubuntu/varuna/tools/simulator/simulate-varuna 2 5 0 12136.97624206543 541471.8854995001
End of simulation:  Mini-batch time (usec) = 1774283
Min send: 10000000, max send 0
Min long send: 541803, max long send 554555
Min fwd: 18455, max fwd 25575; min bwd 51079, max bwd 53581
Min long fwd: 8875, max long fwd 13712; min long bwd 25318, max long bwd 30607
Time taken by simulation: 110 microseconds

Stages 3
Micro-bs 32 Max mem: 4313669017.6
Predicted microbatch size for 3: 32
comm size 25690112
WARNING: no send time found, 3 partitions
GPUS_PER_VM=1 /home/ubuntu/varuna/tools/simulator/simulate-varuna 3 7 0 7540.138721466064 929913.8118823369
End of simulation:  Mini-batch time (usec) = 4955939
Min send: 10000000, max send 0
Min long send: 930245, max long send 945608
Min fwd: 8775, max fwd 19684; min bwd 24478, max bwd 41849
Min long fwd: 2259, max long fwd 7334; min long bwd 12226, max long bwd 16590
Time taken by simulation: 230 microseconds

Stages 4
Micro-bs 32 Max mem: 3762429747.2
Predicted microbatch size for 4: 32
comm size 25690112
WARNING: no send time found, 4 partitions
GPUS_PER_VM=1 /home/ubuntu/varuna/tools/simulator/simulate-varuna 4 10 0 3605.3318977355957 929913.8118823369
End of simulation:  Mini-batch time (usec) = 7727483
Min send: 10000000, max send 0
Min long send: 930101, max long send 952379
Min fwd: 4418, max fwd 15893; min bwd 14410, max bwd 31066
Min long fwd: 532, max long fwd 8412; min long bwd 9236, max long bwd 15394
Time taken by simulation: 500 microseconds

Stages 6
Micro-bs 32 Max mem: 3200148889.6
Predicted microbatch size for 6: 32
comm size 12845056
WARNING: no send time found, 6 partitions
GPUS_PER_VM=1 /home/ubuntu/varuna/tools/simulator/simulate-varuna 6 13 0 1801.1889457702637 541471.8854995001
End of simulation:  Mini-batch time (usec) = 7858281
Min send: 10000000, max send 0
Min long send: 541553, max long send 566176
Min fwd: 380, max fwd 12458; min bwd 8532, max bwd 24401
Min long fwd: 1017, max long fwd 4595; min long bwd 780, max long bwd 6417
Time taken by simulation: 909 microseconds

{1: 1.529679, 2: 1.774283, 3: 4.955939, 4: 7.727483, 6: 7.858281}
{1: 32, 2: 32, 3: 32, 4: 32, 6: 32}
best config is: 2 32
expected time is 1.774283
15 per stage
30 servers!
Config:
ranks: range(25, 26)
train batch size: 2048
partitions: 2
chunk_size: 32
data depth: 15
stage to rank map: 0,2,4,6,8,10,12,14,16,18,20,22,24,26,28;1,3,5,7,9,11,13,15,17,19,21,23,25,27,29;
World size is 30
/opt/conda/envs/varuna/bin/python -u main.py --rank=25 --chunk_size=32 --local_rank=0 --stage_to_rank_map=0,2,4,6,8,10,12,14,16,18,20,22,24,26,28;1,3,5,7,9,11,13,15,17,19,21,23,25,27,29; --batch-size=160 data -a vgg19 --varuna --lr 0.001 --epochs 1000 --resume s3://spot-checkpoints/vgg19 --resume_step 820
[2022-12-01 19:09:36.811540] => creating model 'vgg19'
[2, 4, 6, 8, 10, 12, 14, 16, 18, 21, 24]
Files already downloaded and verified
Num cutpoints is 11
dry run time 0.952815055847168
SHARED WEIGHTS ARE
None
this rank  25 is part of pipeline replica  12
5 chunks
>>>>> [2022-12-01 19:10:17.705841] Time taken to load checkpoint: 34.271s
25 Overflow !!
25 : update_scale(): _has_overflow, dynamic. _loss_scale =  524288.0
[2022-12-01 19:10:43.413994] Finished iteration 821, CKPT_AND_STOP: False, flag: tensor([0], dtype=torch.int32), speed: 8917.530
25 Overflow !!
25 : update_scale(): _has_overflow, dynamic. _loss_scale =  262144.0
[2022-12-01 19:10:45.566053] Finished iteration 822, CKPT_AND_STOP: False, flag: tensor([0], dtype=torch.int32), speed: 2151.754
[2022-12-01 19:10:47.805733] Finished iteration 823, CKPT_AND_STOP: False, flag: tensor([0], dtype=torch.int32), speed: 2239.652
[2022-12-01 19:10:48.993085] Finished iteration 824, CKPT_AND_STOP: False, flag: tensor([0], dtype=torch.int32), speed: 1187.268
[2022-12-01 19:10:51.188815] Finished iteration 825, CKPT_AND_STOP: False, flag: tensor([0], dtype=torch.int32), speed: 2195.735
[2022-12-01 19:10:52.379156] Finished iteration 826, CKPT_AND_STOP: False, flag: tensor([0], dtype=torch.int32), speed: 1190.243
[2022-12-01 19:10:53.647160] Finished iteration 827, CKPT_AND_STOP: False, flag: tensor([0], dtype=torch.int32), speed: 1267.989
[2022-12-01 19:10:54.831349] Finished iteration 828, CKPT_AND_STOP: False, flag: tensor([0], dtype=torch.int32), speed: 1184.122
[2022-12-01 19:10:56.009895] Finished iteration 829, CKPT_AND_STOP: False, flag: tensor([0], dtype=torch.int32), speed: 1178.523
[2022-12-01 19:10:17.706058] Epoch: [0][830/312]	Time  1.218 ( 2.272)	Data  0.008 ( 0.399)	Loss 4.6125e+00 (4.6080e+00)	Acc@1   0.00 (  0.00)	Acc@5   0.00 (  0.00)
[2022-12-01 19:10:57.228947] Finished iteration 830, CKPT_AND_STOP: False, flag: tensor([0], dtype=torch.int32), speed: 1218.989
[2022-12-01 19:10:58.441269] Finished iteration 831, CKPT_AND_STOP: False, flag: tensor([0], dtype=torch.int32), speed: 1212.275
[2022-12-01 19:10:59.659136] Finished iteration 832, CKPT_AND_STOP: False, flag: tensor([0], dtype=torch.int32), speed: 1217.885
[2022-12-01 19:11:00.839804] Finished iteration 833, CKPT_AND_STOP: False, flag: tensor([0], dtype=torch.int32), speed: 1180.575
[2022-12-01 19:11:02.078027] Finished iteration 834, CKPT_AND_STOP: False, flag: tensor([0], dtype=torch.int32), speed: 1238.224
[2022-12-01 19:11:03.297509] Finished iteration 835, CKPT_AND_STOP: False, flag: tensor([0], dtype=torch.int32), speed: 1219.438
[2022-12-01 19:11:04.523355] Finished iteration 836, CKPT_AND_STOP: False, flag: tensor([0], dtype=torch.int32), speed: 1225.773
[2022-12-01 19:11:05.736387] Finished iteration 837, CKPT_AND_STOP: False, flag: tensor([0], dtype=torch.int32), speed: 1213.021
[2022-12-01 19:11:06.939412] Finished iteration 838, CKPT_AND_STOP: False, flag: tensor([1], dtype=torch.int32), speed: 1202.971
Opt ckpt time 1.9466867446899414
Process done with return code 0
Parent process ID: 149543 node: 172.31.28.236
12 cutpoints
Stages 1
Micro-bs 32 Max mem: 8350516326.4
Predicted microbatch size for 1: 32
comm size 0
GPUS_PER_VM=1 /home/ubuntu/varuna/tools/simulator/simulate-varuna 1 2 0 1199922.1801757812 0
End of simulation:  Mini-batch time (usec) = 1424058
Min send: 10000000, max send 0
Min long send: 10000000, max long send 0
Min fwd: 10000000, max fwd 0; min bwd 10000000, max bwd 0
Min long fwd: 32586, max long fwd 32895; min long bwd 78677, max long bwd 79978
Time taken by simulation: 40 microseconds

Stages 2
Micro-bs 32 Max mem: 5185528320.0
Predicted microbatch size for 2: 32
comm size 12845056
WARNING: no send time found, 2 partitions
GPUS_PER_VM=1 /home/ubuntu/varuna/tools/simulator/simulate-varuna 2 4 0 22892.793655395508 541471.8854995001
End of simulation:  Mini-batch time (usec) = 1466822
Min send: 10000000, max send 0
Min long send: 541803, max long send 554555
Min fwd: 21083, max fwd 25575; min bwd 48477, max bwd 54184
Min long fwd: 7473, max long fwd 14307; min long bwd 25716, max long bwd 30607
Time taken by simulation: 99 microseconds

Stages 3
Micro-bs 32 Max mem: 4313669017.6
Predicted microbatch size for 3: 32
comm size 25690112
WARNING: no send time found, 3 partitions
GPUS_PER_VM=1 /home/ubuntu/varuna/tools/simulator/simulate-varuna 3 7 0 7540.138721466064 929913.8118823369
End of simulation:  Mini-batch time (usec) = 4955939
Min send: 10000000, max send 0
Min long send: 930245, max long send 945608
Min fwd: 8775, max fwd 19684; min bwd 24478, max bwd 41849
Min long fwd: 2259, max long fwd 7334; min long bwd 12226, max long bwd 16590
Time taken by simulation: 237 microseconds

Stages 4
Micro-bs 32 Max mem: 3762429747.2
Predicted microbatch size for 4: 32
comm size 25690112
WARNING: no send time found, 4 partitions
GPUS_PER_VM=1 /home/ubuntu/varuna/tools/simulator/simulate-varuna 4 8 0 3659.188747406006 929913.8118823369
End of simulation:  Mini-batch time (usec) = 6836714
Min send: 10000000, max send 0
Min long send: 929995, max long send 954618
Min fwd: 4418, max fwd 15941; min bwd 13005, max bwd 30581
Min long fwd: 989, max long fwd 6784; min long bwd 7050, max long bwd 13429
Time taken by simulation: 368 microseconds

Stages 6
Micro-bs 32 Max mem: 3200148889.6
Predicted microbatch size for 6: 32
comm size 12845056
WARNING: no send time found, 6 partitions
GPUS_PER_VM=1 /home/ubuntu/varuna/tools/simulator/simulate-varuna 6 13 0 1801.1889457702637 541471.8854995001
End of simulation:  Mini-batch time (usec) = 7858281
Min send: 10000000, max send 0
Min long send: 541553, max long send 566176
Min fwd: 380, max fwd 12458; min bwd 8532, max bwd 24401
Min long fwd: 1017, max long fwd 4595; min long bwd 780, max long bwd 6417
Time taken by simulation: 918 microseconds

{1: 1.424058, 2: 1.466822, 3: 4.955939, 4: 6.836714, 6: 7.858281}
{1: 32, 2: 32, 3: 32, 4: 32, 6: 32}
best config is: 2 32
expected time is 1.466822
16 per stage
32 servers!
Config:
ranks: range(25, 26)
train batch size: 2048
partitions: 2
chunk_size: 32
data depth: 16
stage to rank map: 0,2,4,6,8,10,12,14,16,18,20,22,24,26,28,30;1,3,5,7,9,11,13,15,17,19,21,23,25,27,29,31;
World size is 32
/opt/conda/envs/varuna/bin/python -u main.py --rank=25 --chunk_size=32 --local_rank=0 --stage_to_rank_map=0,2,4,6,8,10,12,14,16,18,20,22,24,26,28,30;1,3,5,7,9,11,13,15,17,19,21,23,25,27,29,31; --batch-size=128 data -a vgg19 --varuna --lr 0.001 --epochs 1000 --resume s3://spot-checkpoints/vgg19 --resume_step 838
Signal handler called with signal 10


 STOPPING VARUNA !!



Parent process ID: 147375 node: 172.31.24.208
12 cutpoints
Stages 1
Micro-bs 32 Max mem: 8350516326.4
Predicted microbatch size for 1: 32
comm size 0
GPUS_PER_VM=1 /home/ubuntu/varuna/tools/simulator/simulate-varuna 1 3 0 1165839.8293851977 0
End of simulation:  Mini-batch time (usec) = 1506588
Min send: 10000000, max send 0
Min long send: 10000000, max long send 0
Min fwd: 10000000, max fwd 0; min bwd 10000000, max bwd 0
Min long fwd: 32586, max long fwd 33754; min long bwd 78677, max long bwd 82859
Time taken by simulation: 41 microseconds

Stages 2
Micro-bs 32 Max mem: 5185528320.0
Predicted microbatch size for 2: 32
comm size 12845056
WARNING: no send time found, 2 partitions
GPUS_PER_VM=1 /home/ubuntu/varuna/tools/simulator/simulate-varuna 2 5 0 12136.97624206543 541471.8854995001
End of simulation:  Mini-batch time (usec) = 1774283
Min send: 10000000, max send 0
Min long send: 541803, max long send 554555
Min fwd: 18455, max fwd 25575; min bwd 51079, max bwd 53581
Min long fwd: 8875, max long fwd 13712; min long bwd 25318, max long bwd 30607
Time taken by simulation: 119 microseconds

Stages 3
Micro-bs 32 Max mem: 4313669017.6
Predicted microbatch size for 3: 32
comm size 25690112
WARNING: no send time found, 3 partitions
GPUS_PER_VM=1 /home/ubuntu/varuna/tools/simulator/simulate-varuna 3 8 0 7407.577037811279 929913.8118823369
End of simulation:  Mini-batch time (usec) = 5013480
Min send: 10000000, max send 0
Min long send: 929995, max long send 952379
Min fwd: 9569, max fwd 19440; min bwd 21459, max bwd 40310
Min long fwd: 3647, max long fwd 6960; min long bwd 11398, max long bwd 19649
Time taken by simulation: 265 microseconds

Stages 4
Micro-bs 32 Max mem: 3762429747.2
Predicted microbatch size for 4: 32
comm size 25690112
WARNING: no send time found, 4 partitions
GPUS_PER_VM=1 /home/ubuntu/varuna/tools/simulator/simulate-varuna 4 10 0 3605.3318977355957 929913.8118823369
End of simulation:  Mini-batch time (usec) = 7727483
Min send: 10000000, max send 0
Min long send: 930101, max long send 952379
Min fwd: 4418, max fwd 15893; min bwd 14410, max bwd 31066
Min long fwd: 532, max long fwd 8412; min long bwd 9236, max long bwd 15394
Time taken by simulation: 448 microseconds

Stages 6
Micro-bs 32 Max mem: 3200148889.6
Predicted microbatch size for 6: 32
comm size 12845056
WARNING: no send time found, 6 partitions
GPUS_PER_VM=1 /home/ubuntu/varuna/tools/simulator/simulate-varuna 6 16 0 1710.5143070220947 541471.8854995001
End of simulation:  Mini-batch time (usec) = 8451674
Min send: 10000000, max send 0
Min long send: 541525, max long send 566678
Min fwd: 1047, max fwd 12458; min bwd 6945, max bwd 22688
Min long fwd: 301, max long fwd 5892; min long bwd 586, max long bwd 6688
Time taken by simulation: 1136 microseconds

{1: 1.506588, 2: 1.774283, 3: 5.01348, 4: 7.727483, 6: 8.451674}
{1: 32, 2: 32, 3: 32, 4: 32, 6: 32}
best config is: 2 32
expected time is 1.774283
14 per stage
28 servers!
Config:
ranks: range(25, 26)
train batch size: 2048
partitions: 2
chunk_size: 32
data depth: 14
stage to rank map: 0,2,4,6,8,10,12,14,16,18,20,22,24,26;1,3,5,7,9,11,13,15,17,19,21,23,25,27;
World size is 28
/opt/conda/envs/varuna/bin/python -u main.py --rank=25 --chunk_size=32 --local_rank=0 --stage_to_rank_map=0,2,4,6,8,10,12,14,16,18,20,22,24,26;1,3,5,7,9,11,13,15,17,19,21,23,25,27; --batch-size=160 data -a vgg19 --varuna --lr 0.001 --epochs 1000 --resume s3://spot-checkpoints/vgg19 --resume_step 838
Parent process ID: 147627 node: 172.31.24.208
12 cutpoints
Stages 1
Micro-bs 32 Max mem: 8350516326.4
Predicted microbatch size for 1: 32
comm size 0
GPUS_PER_VM=1 /home/ubuntu/varuna/tools/simulator/simulate-varuna 1 3 0 1165839.8293851977 0
End of simulation:  Mini-batch time (usec) = 1506588
Min send: 10000000, max send 0
Min long send: 10000000, max long send 0
Min fwd: 10000000, max fwd 0; min bwd 10000000, max bwd 0
Min long fwd: 32586, max long fwd 33754; min long bwd 78677, max long bwd 82859
Time taken by simulation: 41 microseconds

Stages 2
Micro-bs 32 Max mem: 5185528320.0
Predicted microbatch size for 2: 32
comm size 12845056
WARNING: no send time found, 2 partitions
GPUS_PER_VM=1 /home/ubuntu/varuna/tools/simulator/simulate-varuna 2 5 0 12136.97624206543 541471.8854995001
End of simulation:  Mini-batch time (usec) = 1774283
Min send: 10000000, max send 0
Min long send: 541803, max long send 554555
Min fwd: 18455, max fwd 25575; min bwd 51079, max bwd 53581
Min long fwd: 8875, max long fwd 13712; min long bwd 25318, max long bwd 30607
Time taken by simulation: 113 microseconds

Stages 3
Micro-bs 32 Max mem: 4313669017.6
Predicted microbatch size for 3: 32
comm size 25690112
WARNING: no send time found, 3 partitions
GPUS_PER_VM=1 /home/ubuntu/varuna/tools/simulator/simulate-varuna 3 8 0 7407.577037811279 929913.8118823369
End of simulation:  Mini-batch time (usec) = 5013480
Min send: 10000000, max send 0
Min long send: 929995, max long send 952379
Min fwd: 9569, max fwd 19440; min bwd 21459, max bwd 40310
Min long fwd: 3647, max long fwd 6960; min long bwd 11398, max long bwd 19649
Time taken by simulation: 263 microseconds

Stages 4
Micro-bs 32 Max mem: 3762429747.2
Predicted microbatch size for 4: 32
comm size 25690112
WARNING: no send time found, 4 partitions
GPUS_PER_VM=1 /home/ubuntu/varuna/tools/simulator/simulate-varuna 4 10 0 3605.3318977355957 929913.8118823369
End of simulation:  Mini-batch time (usec) = 7727483
Min send: 10000000, max send 0
Min long send: 930101, max long send 952379
Min fwd: 4418, max fwd 15893; min bwd 14410, max bwd 31066
Min long fwd: 532, max long fwd 8412; min long bwd 9236, max long bwd 15394
Time taken by simulation: 456 microseconds

Stages 6
Micro-bs 32 Max mem: 3200148889.6
Predicted microbatch size for 6: 32
comm size 12845056
WARNING: no send time found, 6 partitions
GPUS_PER_VM=1 /home/ubuntu/varuna/tools/simulator/simulate-varuna 6 16 0 1710.5143070220947 541471.8854995001
End of simulation:  Mini-batch time (usec) = 8451674
Min send: 10000000, max send 0
Min long send: 541525, max long send 566678
Min fwd: 1047, max fwd 12458; min bwd 6945, max bwd 22688
Min long fwd: 301, max long fwd 5892; min long bwd 586, max long bwd 6688
Time taken by simulation: 1187 microseconds

{1: 1.506588, 2: 1.774283, 3: 5.01348, 4: 7.727483, 6: 8.451674}
{1: 32, 2: 32, 3: 32, 4: 32, 6: 32}
best config is: 2 32
expected time is 1.774283
14 per stage
28 servers!
Config:
ranks: range(25, 26)
train batch size: 2048
partitions: 2
chunk_size: 32
data depth: 14
stage to rank map: 0,2,4,6,8,10,12,14,16,18,20,22,24,26;1,3,5,7,9,11,13,15,17,19,21,23,25,27;
World size is 28
/opt/conda/envs/varuna/bin/python -u main.py --rank=25 --chunk_size=32 --local_rank=0 --stage_to_rank_map=0,2,4,6,8,10,12,14,16,18,20,22,24,26;1,3,5,7,9,11,13,15,17,19,21,23,25,27; --batch-size=160 data -a vgg19 --varuna --lr 0.001 --epochs 1000 --resume s3://spot-checkpoints/vgg19 --resume_step 838
