Parent process ID: 104190 node: 172.31.27.155
12 cutpoints
Stages 1
Micro-bs 32 Max mem: 8350516326.4
Predicted microbatch size for 1: 32
comm size 0
GPUS_PER_VM=1 /home/ubuntu/varuna/tools/simulator/simulate-varuna 1 2 0 1199922.1801757812 0
End of simulation:  Mini-batch time (usec) = 1424058
Min send: 10000000, max send 0
Min long send: 10000000, max long send 0
Min fwd: 10000000, max fwd 0; min bwd 10000000, max bwd 0
Min long fwd: 32586, max long fwd 32895; min long bwd 78677, max long bwd 79978
Time taken by simulation: 35 microseconds

Stages 2
Micro-bs 32 Max mem: 5185528320.0
Predicted microbatch size for 2: 32
comm size 12845056
WARNING: no send time found, 2 partitions
GPUS_PER_VM=1 /home/ubuntu/varuna/tools/simulator/simulate-varuna 2 4 0 22892.793655395508 541471.8854995001
End of simulation:  Mini-batch time (usec) = 1466822
Min send: 10000000, max send 0
Min long send: 541803, max long send 554555
Min fwd: 21083, max fwd 25575; min bwd 48477, max bwd 54184
Min long fwd: 7473, max long fwd 14307; min long bwd 25716, max long bwd 30607
Time taken by simulation: 95 microseconds

Stages 3
Micro-bs 32 Max mem: 4313669017.6
Predicted microbatch size for 3: 32
comm size 25690112
WARNING: no send time found, 3 partitions
GPUS_PER_VM=1 /home/ubuntu/varuna/tools/simulator/simulate-varuna 3 7 0 7540.138721466064 929913.8118823369
End of simulation:  Mini-batch time (usec) = 4955939
Min send: 10000000, max send 0
Min long send: 930245, max long send 945608
Min fwd: 8775, max fwd 19684; min bwd 24478, max bwd 41849
Min long fwd: 2259, max long fwd 7334; min long bwd 12226, max long bwd 16590
Time taken by simulation: 233 microseconds

Stages 4
Micro-bs 32 Max mem: 3762429747.2
Predicted microbatch size for 4: 32
comm size 25690112
WARNING: no send time found, 4 partitions
GPUS_PER_VM=1 /home/ubuntu/varuna/tools/simulator/simulate-varuna 4 8 0 3659.188747406006 929913.8118823369
End of simulation:  Mini-batch time (usec) = 6836714
Min send: 10000000, max send 0
Min long send: 929995, max long send 954618
Min fwd: 4418, max fwd 15941; min bwd 13005, max bwd 30581
Min long fwd: 989, max long fwd 6784; min long bwd 7050, max long bwd 13429
Time taken by simulation: 365 microseconds

Stages 6
Micro-bs 32 Max mem: 3200148889.6
Predicted microbatch size for 6: 32
comm size 12845056
WARNING: no send time found, 6 partitions
GPUS_PER_VM=1 /home/ubuntu/varuna/tools/simulator/simulate-varuna 6 13 0 1801.1889457702637 541471.8854995001
End of simulation:  Mini-batch time (usec) = 7858281
Min send: 10000000, max send 0
Min long send: 541553, max long send 566176
Min fwd: 380, max fwd 12458; min bwd 8532, max bwd 24401
Min long fwd: 1017, max long fwd 4595; min long bwd 780, max long bwd 6417
Time taken by simulation: 931 microseconds

{1: 1.424058, 2: 1.466822, 3: 4.955939, 4: 6.836714, 6: 7.858281}
{1: 32, 2: 32, 3: 32, 4: 32, 6: 32}
best config is: 2 32
expected time is 1.466822
16 per stage
32 servers!
Config:
ranks: range(31, 32)
train batch size: 2048
partitions: 2
chunk_size: 32
data depth: 16
stage to rank map: 0,2,4,6,8,10,12,14,16,18,20,22,24,26,28,30;1,3,5,7,9,11,13,15,17,19,21,23,25,27,29,31;
World size is 32
/opt/conda/envs/varuna/bin/python -u main.py --rank=31 --chunk_size=32 --local_rank=0 --stage_to_rank_map=0,2,4,6,8,10,12,14,16,18,20,22,24,26,28,30;1,3,5,7,9,11,13,15,17,19,21,23,25,27,29,31; --batch-size=128 data -a vgg19 --varuna --lr 0.001 --epochs 1000 --resume s3://spot-checkpoints/vgg19
[2022-12-01 18:30:17.417736] => creating model 'vgg19'
[2, 4, 6, 8, 10, 12, 14, 16, 18, 21, 24]
Files already downloaded and verified
Num cutpoints is 11
dry run time 0.9525940418243408
SHARED WEIGHTS ARE
None
this rank  31 is part of pipeline replica  15
4 chunks
31 Overflow !!
31 : update_scale(): _has_overflow, dynamic. _loss_scale =  524288.0
[2022-12-01 18:30:32.970439] Finished iteration 1, CKPT_AND_STOP: False, flag: tensor([0], dtype=torch.int32), speed: 8787.092
31 Overflow !!
31 : update_scale(): _has_overflow, dynamic. _loss_scale =  262144.0
[2022-12-01 18:30:35.477794] Finished iteration 2, CKPT_AND_STOP: False, flag: tensor([0], dtype=torch.int32), speed: 2507.050
31 Overflow !!
31 : update_scale(): _has_overflow, dynamic. _loss_scale =  131072.0
[2022-12-01 18:30:38.290627] Finished iteration 3, CKPT_AND_STOP: False, flag: tensor([0], dtype=torch.int32), speed: 2812.765
[2022-12-01 18:30:40.896608] Finished iteration 4, CKPT_AND_STOP: False, flag: tensor([0], dtype=torch.int32), speed: 2605.960
31 Overflow !!
31 : update_scale(): _has_overflow, dynamic. _loss_scale =  65536.0
[2022-12-01 18:30:43.050369] Finished iteration 5, CKPT_AND_STOP: False, flag: tensor([0], dtype=torch.int32), speed: 2153.733
31 Overflow !!
31 : update_scale(): _has_overflow, dynamic. _loss_scale =  32768.0
[2022-12-01 18:30:44.340219] Finished iteration 6, CKPT_AND_STOP: False, flag: tensor([0], dtype=torch.int32), speed: 1289.804
31 Overflow !!
31 : update_scale(): _has_overflow, dynamic. _loss_scale =  16384.0
[2022-12-01 18:30:45.700019] Finished iteration 7, CKPT_AND_STOP: False, flag: tensor([0], dtype=torch.int32), speed: 1359.771
31 Overflow !!
31 : update_scale(): _has_overflow, dynamic. _loss_scale =  8192.0
[2022-12-01 18:30:46.852472] Finished iteration 8, CKPT_AND_STOP: False, flag: tensor([0], dtype=torch.int32), speed: 1152.437
31 Overflow !!
31 : update_scale(): _has_overflow, dynamic. _loss_scale =  4096.0
[2022-12-01 18:30:48.172027] Finished iteration 9, CKPT_AND_STOP: False, flag: tensor([0], dtype=torch.int32), speed: 1319.530
31 Overflow !!
31 : update_scale(): _has_overflow, dynamic. _loss_scale =  2048.0
[2022-12-01 18:30:24.139237] Epoch: [0][ 10/390]	Time  1.283 ( 2.527)	Data  0.005 ( 0.297)	Loss 6.7393e+00 (6.9487e+00)	Acc@1   0.00 (  0.00)	Acc@5   0.00 (  0.00)
[2022-12-01 18:30:49.456096] Finished iteration 10, CKPT_AND_STOP: False, flag: tensor([0], dtype=torch.int32), speed: 1284.049
[2022-12-01 18:30:50.962338] Finished iteration 11, CKPT_AND_STOP: False, flag: tensor([0], dtype=torch.int32), speed: 1506.201
[2022-12-01 18:30:52.729203] Finished iteration 12, CKPT_AND_STOP: False, flag: tensor([0], dtype=torch.int32), speed: 1766.830
[2022-12-01 18:30:54.147087] Finished iteration 13, CKPT_AND_STOP: False, flag: tensor([0], dtype=torch.int32), speed: 1417.848
[2022-12-01 18:30:55.645336] Finished iteration 14, CKPT_AND_STOP: False, flag: tensor([0], dtype=torch.int32), speed: 1498.218
[2022-12-01 18:30:57.225464] Finished iteration 15, CKPT_AND_STOP: False, flag: tensor([0], dtype=torch.int32), speed: 1580.095
[2022-12-01 18:30:58.921713] Finished iteration 16, CKPT_AND_STOP: False, flag: tensor([0], dtype=torch.int32), speed: 1696.212
[2022-12-01 18:31:00.429812] Finished iteration 17, CKPT_AND_STOP: False, flag: tensor([0], dtype=torch.int32), speed: 1508.060
[2022-12-01 18:31:01.821218] Finished iteration 18, CKPT_AND_STOP: False, flag: tensor([0], dtype=torch.int32), speed: 1391.372
[2022-12-01 18:31:03.199857] Finished iteration 19, CKPT_AND_STOP: False, flag: tensor([0], dtype=torch.int32), speed: 1378.613
[2022-12-01 18:30:24.139237] Epoch: [0][ 20/390]	Time  1.278 ( 2.014)	Data  0.005 ( 0.151)	Loss 4.8955e+00 (6.6533e+00)	Acc@1   0.00 (  0.00)	Acc@5   0.00 (  0.00)
[2022-12-01 18:31:04.478210] Finished iteration 20, CKPT_AND_STOP: False, flag: tensor([0], dtype=torch.int32), speed: 1278.306
[2022-12-01 18:31:06.429991] Finished iteration 21, CKPT_AND_STOP: False, flag: tensor([0], dtype=torch.int32), speed: 1951.764
[2022-12-01 18:31:07.906267] Finished iteration 22, CKPT_AND_STOP: False, flag: tensor([0], dtype=torch.int32), speed: 1476.253
[2022-12-01 18:31:09.504823] Finished iteration 23, CKPT_AND_STOP: False, flag: tensor([0], dtype=torch.int32), speed: 1598.512
[2022-12-01 18:31:10.825672] Finished iteration 24, CKPT_AND_STOP: False, flag: tensor([0], dtype=torch.int32), speed: 1320.817
[2022-12-01 18:31:12.090873] Finished iteration 25, CKPT_AND_STOP: False, flag: tensor([0], dtype=torch.int32), speed: 1265.161
[2022-12-01 18:31:14.016015] Finished iteration 26, CKPT_AND_STOP: False, flag: tensor([0], dtype=torch.int32), speed: 1925.105
[2022-12-01 18:31:15.624118] Finished iteration 27, CKPT_AND_STOP: False, flag: tensor([0], dtype=torch.int32), speed: 1608.078
[2022-12-01 18:31:16.954033] Finished iteration 28, CKPT_AND_STOP: False, flag: tensor([0], dtype=torch.int32), speed: 1329.870
[2022-12-01 18:31:18.444721] Finished iteration 29, CKPT_AND_STOP: False, flag: tensor([0], dtype=torch.int32), speed: 1490.657
[2022-12-01 18:30:24.139237] Epoch: [0][ 30/390]	Time  1.265 ( 1.851)	Data  0.005 ( 0.107)	Loss 4.7490e+00 (6.0880e+00)	Acc@1   0.00 (  0.00)	Acc@5   0.00 (  0.00)
[2022-12-01 18:31:19.709914] Finished iteration 30, CKPT_AND_STOP: False, flag: tensor([0], dtype=torch.int32), speed: 1265.150
[2022-12-01 18:31:21.033756] Finished iteration 31, CKPT_AND_STOP: False, flag: tensor([0], dtype=torch.int32), speed: 1323.822
[2022-12-01 18:31:22.574938] Finished iteration 32, CKPT_AND_STOP: False, flag: tensor([0], dtype=torch.int32), speed: 1541.147
[2022-12-01 18:31:23.972788] Finished iteration 33, CKPT_AND_STOP: False, flag: tensor([0], dtype=torch.int32), speed: 1397.818
[2022-12-01 18:31:25.438601] Finished iteration 34, CKPT_AND_STOP: False, flag: tensor([0], dtype=torch.int32), speed: 1465.787
[2022-12-01 18:31:26.711102] Finished iteration 35, CKPT_AND_STOP: False, flag: tensor([0], dtype=torch.int32), speed: 1272.461
[2022-12-01 18:31:28.237583] Finished iteration 36, CKPT_AND_STOP: False, flag: tensor([0], dtype=torch.int32), speed: 1526.447
[2022-12-01 18:31:29.380835] Finished iteration 37, CKPT_AND_STOP: False, flag: tensor([0], dtype=torch.int32), speed: 1143.209
[2022-12-01 18:31:30.769868] Finished iteration 38, CKPT_AND_STOP: False, flag: tensor([0], dtype=torch.int32), speed: 1389.000
[2022-12-01 18:31:32.215503] Finished iteration 39, CKPT_AND_STOP: False, flag: tensor([0], dtype=torch.int32), speed: 1445.625
[2022-12-01 18:30:24.139237] Epoch: [0][ 40/390]	Time  1.232 ( 1.731)	Data  0.005 ( 0.081)	Loss 4.6240e+00 (5.7368e+00)	Acc@1   0.00 (  0.00)	Acc@5   0.00 (  0.00)
[2022-12-01 18:31:33.448081] Finished iteration 40, CKPT_AND_STOP: False, flag: tensor([0], dtype=torch.int32), speed: 1232.534
[2022-12-01 18:31:34.922487] Finished iteration 41, CKPT_AND_STOP: False, flag: tensor([0], dtype=torch.int32), speed: 1474.372
[2022-12-01 18:31:36.247526] Finished iteration 42, CKPT_AND_STOP: False, flag: tensor([0], dtype=torch.int32), speed: 1325.003
[2022-12-01 18:31:37.729861] Finished iteration 43, CKPT_AND_STOP: False, flag: tensor([0], dtype=torch.int32), speed: 1482.298
[2022-12-01 18:31:39.073182] Finished iteration 44, CKPT_AND_STOP: False, flag: tensor([0], dtype=torch.int32), speed: 1343.282
[2022-12-01 18:31:40.637755] Finished iteration 45, CKPT_AND_STOP: False, flag: tensor([0], dtype=torch.int32), speed: 1564.536
[2022-12-01 18:31:42.244002] Finished iteration 46, CKPT_AND_STOP: False, flag: tensor([0], dtype=torch.int32), speed: 1606.214
[2022-12-01 18:31:43.838566] Finished iteration 47, CKPT_AND_STOP: False, flag: tensor([0], dtype=torch.int32), speed: 1594.530
[2022-12-01 18:31:45.076503] Finished iteration 48, CKPT_AND_STOP: False, flag: tensor([0], dtype=torch.int32), speed: 1237.903
[2022-12-01 18:31:46.661605] Finished iteration 49, CKPT_AND_STOP: False, flag: tensor([0], dtype=torch.int32), speed: 1585.085
[2022-12-01 18:30:24.139237] Epoch: [0][ 50/390]	Time  1.546 ( 1.680)	Data  0.005 ( 0.066)	Loss 4.6260e+00 (5.5191e+00)	Acc@1   0.00 (  0.00)	Acc@5   0.00 (  0.00)
[2022-12-01 18:31:48.207502] Finished iteration 50, CKPT_AND_STOP: False, flag: tensor([0], dtype=torch.int32), speed: 1545.839
[2022-12-01 18:31:49.484958] Finished iteration 51, CKPT_AND_STOP: False, flag: tensor([0], dtype=torch.int32), speed: 1277.432
[2022-12-01 18:31:51.029413] Finished iteration 52, CKPT_AND_STOP: False, flag: tensor([0], dtype=torch.int32), speed: 1544.427
[2022-12-01 18:31:52.470045] Finished iteration 53, CKPT_AND_STOP: False, flag: tensor([0], dtype=torch.int32), speed: 1440.590
[2022-12-01 18:31:54.041762] Finished iteration 54, CKPT_AND_STOP: False, flag: tensor([0], dtype=torch.int32), speed: 1571.684
[2022-12-01 18:31:55.807508] Finished iteration 55, CKPT_AND_STOP: False, flag: tensor([0], dtype=torch.int32), speed: 1765.716
[2022-12-01 18:31:57.232741] Finished iteration 56, CKPT_AND_STOP: False, flag: tensor([0], dtype=torch.int32), speed: 1425.197
[2022-12-01 18:31:58.855006] Finished iteration 57, CKPT_AND_STOP: False, flag: tensor([0], dtype=torch.int32), speed: 1622.227
[2022-12-01 18:32:00.181175] Finished iteration 58, CKPT_AND_STOP: False, flag: tensor([0], dtype=torch.int32), speed: 1326.161
[2022-12-01 18:32:01.589886] Finished iteration 59, CKPT_AND_STOP: False, flag: tensor([0], dtype=torch.int32), speed: 1408.652
[2022-12-01 18:30:24.139237] Epoch: [0][ 60/390]	Time  1.425 ( 1.647)	Data  0.005 ( 0.056)	Loss 4.6270e+00 (5.3688e+00)	Acc@1   0.00 (  0.00)	Acc@5   0.00 (  0.00)
[2022-12-01 18:32:03.014912] Finished iteration 60, CKPT_AND_STOP: False, flag: tensor([0], dtype=torch.int32), speed: 1424.990
[2022-12-01 18:32:04.694853] Finished iteration 61, CKPT_AND_STOP: False, flag: tensor([0], dtype=torch.int32), speed: 1679.912
[2022-12-01 18:32:06.208361] Finished iteration 62, CKPT_AND_STOP: False, flag: tensor([0], dtype=torch.int32), speed: 1513.513
[2022-12-01 18:32:07.608515] Finished iteration 63, CKPT_AND_STOP: False, flag: tensor([0], dtype=torch.int32), speed: 1400.084
[2022-12-01 18:32:09.295492] Finished iteration 64, CKPT_AND_STOP: False, flag: tensor([0], dtype=torch.int32), speed: 1686.939
[2022-12-01 18:32:10.728666] Finished iteration 65, CKPT_AND_STOP: False, flag: tensor([0], dtype=torch.int32), speed: 1433.139
[2022-12-01 18:32:11.804859] Finished iteration 66, CKPT_AND_STOP: False, flag: tensor([0], dtype=torch.int32), speed: 1076.158
[2022-12-01 18:32:13.480574] Finished iteration 67, CKPT_AND_STOP: False, flag: tensor([0], dtype=torch.int32), speed: 1675.675
[2022-12-01 18:32:14.896580] Finished iteration 68, CKPT_AND_STOP: False, flag: tensor([0], dtype=torch.int32), speed: 1416.002
[2022-12-01 18:32:16.329329] Finished iteration 69, CKPT_AND_STOP: False, flag: tensor([0], dtype=torch.int32), speed: 1432.704
[2022-12-01 18:30:24.139237] Epoch: [0][ 70/390]	Time  1.614 ( 1.625)	Data  0.006 ( 0.049)	Loss 4.6055e+00 (5.2636e+00)	Acc@1   0.00 (  0.00)	Acc@5   0.00 (  0.00)
[2022-12-01 18:32:17.946994] Finished iteration 70, CKPT_AND_STOP: False, flag: tensor([0], dtype=torch.int32), speed: 1617.616
[2022-12-01 18:32:19.276719] Finished iteration 71, CKPT_AND_STOP: False, flag: tensor([0], dtype=torch.int32), speed: 1329.722
[2022-12-01 18:32:20.929234] Finished iteration 72, CKPT_AND_STOP: False, flag: tensor([0], dtype=torch.int32), speed: 1652.464
[2022-12-01 18:32:22.417581] Finished iteration 73, CKPT_AND_STOP: False, flag: tensor([0], dtype=torch.int32), speed: 1488.329
[2022-12-01 18:32:23.840784] Finished iteration 74, CKPT_AND_STOP: False, flag: tensor([0], dtype=torch.int32), speed: 1423.152
[2022-12-01 18:32:25.330463] Finished iteration 75, CKPT_AND_STOP: False, flag: tensor([0], dtype=torch.int32), speed: 1489.651
[2022-12-01 18:32:26.781889] Finished iteration 76, CKPT_AND_STOP: False, flag: tensor([0], dtype=torch.int32), speed: 1451.391
[2022-12-01 18:32:28.233140] Finished iteration 77, CKPT_AND_STOP: False, flag: tensor([0], dtype=torch.int32), speed: 1451.220
[2022-12-01 18:32:29.690145] Finished iteration 78, CKPT_AND_STOP: False, flag: tensor([0], dtype=torch.int32), speed: 1456.960
[2022-12-01 18:32:31.272222] Finished iteration 79, CKPT_AND_STOP: False, flag: tensor([0], dtype=torch.int32), speed: 1582.051
[2022-12-01 18:30:24.139237] Epoch: [0][ 80/390]	Time  1.539 ( 1.608)	Data  0.005 ( 0.043)	Loss 4.6475e+00 (5.1836e+00)	Acc@1   0.00 (  0.00)	Acc@5   0.00 (  0.00)
[2022-12-01 18:32:32.811411] Finished iteration 80, CKPT_AND_STOP: False, flag: tensor([0], dtype=torch.int32), speed: 1539.153
[2022-12-01 18:32:34.391555] Finished iteration 81, CKPT_AND_STOP: False, flag: tensor([0], dtype=torch.int32), speed: 1580.144
[2022-12-01 18:32:35.936534] Finished iteration 82, CKPT_AND_STOP: False, flag: tensor([0], dtype=torch.int32), speed: 1544.924
[2022-12-01 18:32:37.421947] Finished iteration 83, CKPT_AND_STOP: False, flag: tensor([1], dtype=torch.int32), speed: 1485.378
Opt ckpt time 1.6361796855926514
Process done with return code 0
Parent process ID: 124173 node: 172.31.28.16
12 cutpoints
Stages 1
Micro-bs 32 Max mem: 8350516326.4
Predicted microbatch size for 1: 32
comm size 0
GPUS_PER_VM=1 /home/ubuntu/varuna/tools/simulator/simulate-varuna 1 2 0 1199922.1801757812 0
End of simulation:  Mini-batch time (usec) = 1424058
Min send: 10000000, max send 0
Min long send: 10000000, max long send 0
Min fwd: 10000000, max fwd 0; min bwd 10000000, max bwd 0
Min long fwd: 32586, max long fwd 32895; min long bwd 78677, max long bwd 79978
Time taken by simulation: 39 microseconds

Stages 2
Micro-bs 32 Max mem: 5185528320.0
Predicted microbatch size for 2: 32
comm size 12845056
WARNING: no send time found, 2 partitions
GPUS_PER_VM=1 /home/ubuntu/varuna/tools/simulator/simulate-varuna 2 4 0 22892.793655395508 541471.8854995001
End of simulation:  Mini-batch time (usec) = 1466822
Min send: 10000000, max send 0
Min long send: 541803, max long send 554555
Min fwd: 21083, max fwd 25575; min bwd 48477, max bwd 54184
Min long fwd: 7473, max long fwd 14307; min long bwd 25716, max long bwd 30607
Time taken by simulation: 99 microseconds

Stages 3
Micro-bs 32 Max mem: 4313669017.6
Predicted microbatch size for 3: 32
comm size 25690112
WARNING: no send time found, 3 partitions
GPUS_PER_VM=1 /home/ubuntu/varuna/tools/simulator/simulate-varuna 3 7 0 7540.138721466064 929913.8118823369
End of simulation:  Mini-batch time (usec) = 4955939
Min send: 10000000, max send 0
Min long send: 930245, max long send 945608
Min fwd: 8775, max fwd 19684; min bwd 24478, max bwd 41849
Min long fwd: 2259, max long fwd 7334; min long bwd 12226, max long bwd 16590
Time taken by simulation: 236 microseconds

Stages 4
Micro-bs 32 Max mem: 3762429747.2
Predicted microbatch size for 4: 32
comm size 25690112
WARNING: no send time found, 4 partitions
GPUS_PER_VM=1 /home/ubuntu/varuna/tools/simulator/simulate-varuna 4 8 0 3659.188747406006 929913.8118823369
End of simulation:  Mini-batch time (usec) = 6836714
Min send: 10000000, max send 0
Min long send: 929995, max long send 954618
Min fwd: 4418, max fwd 15941; min bwd 13005, max bwd 30581
Min long fwd: 989, max long fwd 6784; min long bwd 7050, max long bwd 13429
Time taken by simulation: 370 microseconds

Stages 6
Micro-bs 32 Max mem: 3200148889.6
Predicted microbatch size for 6: 32
comm size 12845056
WARNING: no send time found, 6 partitions
GPUS_PER_VM=1 /home/ubuntu/varuna/tools/simulator/simulate-varuna 6 13 0 1801.1889457702637 541471.8854995001
End of simulation:  Mini-batch time (usec) = 7858281
Min send: 10000000, max send 0
Min long send: 541553, max long send 566176
Min fwd: 380, max fwd 12458; min bwd 8532, max bwd 24401
Min long fwd: 1017, max long fwd 4595; min long bwd 780, max long bwd 6417
Time taken by simulation: 940 microseconds

{1: 1.424058, 2: 1.466822, 3: 4.955939, 4: 6.836714, 6: 7.858281}
{1: 32, 2: 32, 3: 32, 4: 32, 6: 32}
best config is: 2 32
expected time is 1.466822
16 per stage
32 servers!
Config:
ranks: range(31, 32)
train batch size: 2048
partitions: 2
chunk_size: 32
data depth: 16
stage to rank map: 0,2,4,6,8,10,12,14,16,18,20,22,24,26,28,30;1,3,5,7,9,11,13,15,17,19,21,23,25,27,29,31;
World size is 32
/opt/conda/envs/varuna/bin/python -u main.py --rank=31 --chunk_size=32 --local_rank=0 --stage_to_rank_map=0,2,4,6,8,10,12,14,16,18,20,22,24,26,28,30;1,3,5,7,9,11,13,15,17,19,21,23,25,27,29,31; --batch-size=128 data -a vgg19 --varuna --lr 0.001 --epochs 1000 --resume s3://spot-checkpoints/vgg19 --resume_step 606
[2022-12-01 19:02:35.013687] => creating model 'vgg19'
[2, 4, 6, 8, 10, 12, 14, 16, 18, 21, 24]
Files already downloaded and verified
Num cutpoints is 11
dry run time 0.9898457527160645
SHARED WEIGHTS ARE
None
this rank  31 is part of pipeline replica  15
4 chunks
>>>>> [2022-12-01 19:03:07.953001] Time taken to load checkpoint: 26.241s
31 Overflow !!
31 : update_scale(): _has_overflow, dynamic. _loss_scale =  524288.0
[2022-12-01 19:03:23.246861] Finished iteration 607, CKPT_AND_STOP: False, flag: tensor([0], dtype=torch.int32), speed: 8604.274
31 Overflow !!
31 : update_scale(): _has_overflow, dynamic. _loss_scale =  262144.0
[2022-12-01 19:03:25.691079] Finished iteration 608, CKPT_AND_STOP: False, flag: tensor([0], dtype=torch.int32), speed: 2443.957
31 Overflow !!
31 : update_scale(): _has_overflow, dynamic. _loss_scale =  131072.0
[2022-12-01 19:03:28.004874] Finished iteration 609, CKPT_AND_STOP: False, flag: tensor([0], dtype=torch.int32), speed: 2313.792
[2022-12-01 19:03:07.953211] Epoch: [0][610/390]	Time  3.498 ( 3.956)	Data  1.036 ( 0.507)	Loss 4.6123e+00 (4.6111e+00)	Acc@1   0.00 (  0.00)	Acc@5   0.00 (  0.00)
[2022-12-01 19:03:30.487389] Finished iteration 610, CKPT_AND_STOP: False, flag: tensor([0], dtype=torch.int32), speed: 2482.408
[2022-12-01 19:03:33.056247] Finished iteration 611, CKPT_AND_STOP: False, flag: tensor([0], dtype=torch.int32), speed: 2568.886
[2022-12-01 19:03:34.534377] Finished iteration 612, CKPT_AND_STOP: False, flag: tensor([0], dtype=torch.int32), speed: 1478.043
[2022-12-01 19:03:36.124762] Finished iteration 613, CKPT_AND_STOP: False, flag: tensor([0], dtype=torch.int32), speed: 1590.343
[2022-12-01 19:03:37.616995] Finished iteration 614, CKPT_AND_STOP: False, flag: tensor([0], dtype=torch.int32), speed: 1492.202
[2022-12-01 19:03:38.733273] Finished iteration 615, CKPT_AND_STOP: False, flag: tensor([0], dtype=torch.int32), speed: 1116.247
[2022-12-01 19:03:40.228373] Finished iteration 616, CKPT_AND_STOP: False, flag: tensor([0], dtype=torch.int32), speed: 1495.062
[2022-12-01 19:03:41.720963] Finished iteration 617, CKPT_AND_STOP: False, flag: tensor([0], dtype=torch.int32), speed: 1492.547
[2022-12-01 19:03:43.004831] Finished iteration 618, CKPT_AND_STOP: False, flag: tensor([0], dtype=torch.int32), speed: 1283.843
[2022-12-01 19:03:44.244938] Finished iteration 619, CKPT_AND_STOP: False, flag: tensor([0], dtype=torch.int32), speed: 1240.072
[2022-12-01 19:03:07.953211] Epoch: [0][620/390]	Time  1.324 ( 2.209)	Data  0.006 ( 0.223)	Loss 4.6211e+00 (4.6134e+00)	Acc@1   0.00 (  0.00)	Acc@5   0.00 (  0.00)
[2022-12-01 19:03:45.567780] Finished iteration 620, CKPT_AND_STOP: False, flag: tensor([0], dtype=torch.int32), speed: 1322.813
[2022-12-01 19:03:47.042160] Finished iteration 621, CKPT_AND_STOP: False, flag: tensor([0], dtype=torch.int32), speed: 1474.352
[2022-12-01 19:03:48.857609] Finished iteration 622, CKPT_AND_STOP: False, flag: tensor([0], dtype=torch.int32), speed: 1815.452
[2022-12-01 19:03:50.578480] Finished iteration 623, CKPT_AND_STOP: False, flag: tensor([0], dtype=torch.int32), speed: 1720.803
[2022-12-01 19:03:51.928836] Finished iteration 624, CKPT_AND_STOP: False, flag: tensor([0], dtype=torch.int32), speed: 1350.317
[2022-12-01 19:03:53.457813] Finished iteration 625, CKPT_AND_STOP: False, flag: tensor([0], dtype=torch.int32), speed: 1528.976
[2022-12-01 19:03:54.962998] Finished iteration 626, CKPT_AND_STOP: False, flag: tensor([0], dtype=torch.int32), speed: 1505.116
[2022-12-01 19:03:56.241791] Finished iteration 627, CKPT_AND_STOP: False, flag: tensor([0], dtype=torch.int32), speed: 1278.761
[2022-12-01 19:03:57.565889] Finished iteration 628, CKPT_AND_STOP: False, flag: tensor([0], dtype=torch.int32), speed: 1324.065
[2022-12-01 19:03:59.052901] Finished iteration 629, CKPT_AND_STOP: False, flag: tensor([0], dtype=torch.int32), speed: 1486.980
[2022-12-01 19:03:07.953211] Epoch: [0][630/390]	Time  1.493 ( 1.912)	Data  0.007 ( 0.132)	Loss 4.6055e+00 (4.6131e+00)	Acc@1   0.00 (  0.00)	Acc@5   0.00 (  0.00)
[2022-12-01 19:04:00.542901] Finished iteration 630, CKPT_AND_STOP: False, flag: tensor([0], dtype=torch.int32), speed: 1489.961
[2022-12-01 19:04:02.004270] Finished iteration 631, CKPT_AND_STOP: False, flag: tensor([0], dtype=torch.int32), speed: 1461.352
[2022-12-01 19:04:03.271867] Finished iteration 632, CKPT_AND_STOP: False, flag: tensor([0], dtype=torch.int32), speed: 1267.557
[2022-12-01 19:04:05.030564] Finished iteration 633, CKPT_AND_STOP: False, flag: tensor([0], dtype=torch.int32), speed: 1758.660
[2022-12-01 19:04:06.544832] Finished iteration 634, CKPT_AND_STOP: False, flag: tensor([0], dtype=torch.int32), speed: 1514.241
[2022-12-01 19:04:08.035048] Finished iteration 635, CKPT_AND_STOP: False, flag: tensor([0], dtype=torch.int32), speed: 1490.178
[2022-12-01 19:04:09.541583] Finished iteration 636, CKPT_AND_STOP: False, flag: tensor([0], dtype=torch.int32), speed: 1506.551
[2022-12-01 19:04:10.969347] Finished iteration 637, CKPT_AND_STOP: False, flag: tensor([0], dtype=torch.int32), speed: 1427.686
[2022-12-01 19:04:12.343831] Finished iteration 638, CKPT_AND_STOP: False, flag: tensor([0], dtype=torch.int32), speed: 1374.449
[2022-12-01 19:04:14.122162] Finished iteration 639, CKPT_AND_STOP: False, flag: tensor([0], dtype=torch.int32), speed: 1778.301
[2022-12-01 19:03:07.953211] Epoch: [0][640/390]	Time  1.494 ( 1.793)	Data  0.005 ( 0.095)	Loss 4.6025e+00 (4.6117e+00)	Acc@1   0.00 (  0.00)	Acc@5   0.00 (  0.00)
[2022-12-01 19:04:15.616235] Finished iteration 640, CKPT_AND_STOP: False, flag: tensor([0], dtype=torch.int32), speed: 1494.037
[2022-12-01 19:04:16.948436] Finished iteration 641, CKPT_AND_STOP: False, flag: tensor([0], dtype=torch.int32), speed: 1332.192
[2022-12-01 19:04:18.276428] Finished iteration 642, CKPT_AND_STOP: False, flag: tensor([0], dtype=torch.int32), speed: 1327.945
[2022-12-01 19:04:19.815732] Finished iteration 643, CKPT_AND_STOP: False, flag: tensor([0], dtype=torch.int32), speed: 1539.273
[2022-12-01 19:04:21.142012] Finished iteration 644, CKPT_AND_STOP: False, flag: tensor([0], dtype=torch.int32), speed: 1326.247
[2022-12-01 19:04:22.500486] Finished iteration 645, CKPT_AND_STOP: False, flag: tensor([0], dtype=torch.int32), speed: 1358.477
[2022-12-01 19:04:24.187582] Finished iteration 646, CKPT_AND_STOP: False, flag: tensor([0], dtype=torch.int32), speed: 1687.021
[2022-12-01 19:04:25.563681] Finished iteration 647, CKPT_AND_STOP: False, flag: tensor([0], dtype=torch.int32), speed: 1376.082
[2022-12-01 19:04:27.053350] Finished iteration 648, CKPT_AND_STOP: False, flag: tensor([0], dtype=torch.int32), speed: 1489.617
[2022-12-01 19:04:28.396960] Finished iteration 649, CKPT_AND_STOP: False, flag: tensor([0], dtype=torch.int32), speed: 1343.582
[2022-12-01 19:03:07.953211] Epoch: [0][650/390]	Time  1.366 ( 1.707)	Data  0.005 ( 0.074)	Loss 4.6055e+00 (4.6107e+00)	Acc@1   0.00 (  0.00)	Acc@5   0.00 (  0.00)
[2022-12-01 19:04:29.763059] Finished iteration 650, CKPT_AND_STOP: False, flag: tensor([0], dtype=torch.int32), speed: 1366.155
[2022-12-01 19:04:31.093486] Finished iteration 651, CKPT_AND_STOP: False, flag: tensor([0], dtype=torch.int32), speed: 1330.343
[2022-12-01 19:04:32.414457] Finished iteration 652, CKPT_AND_STOP: False, flag: tensor([0], dtype=torch.int32), speed: 1320.953
[2022-12-01 19:04:33.714658] Finished iteration 653, CKPT_AND_STOP: False, flag: tensor([0], dtype=torch.int32), speed: 1300.117
[2022-12-01 19:04:35.043921] Finished iteration 654, CKPT_AND_STOP: False, flag: tensor([0], dtype=torch.int32), speed: 1329.235
[2022-12-01 19:04:36.582891] Finished iteration 655, CKPT_AND_STOP: False, flag: tensor([0], dtype=torch.int32), speed: 1538.932
[2022-12-01 19:04:37.884261] Finished iteration 656, CKPT_AND_STOP: False, flag: tensor([0], dtype=torch.int32), speed: 1301.334
[2022-12-01 19:04:39.121443] Finished iteration 657, CKPT_AND_STOP: False, flag: tensor([0], dtype=torch.int32), speed: 1237.148
[2022-12-01 19:04:40.687885] Finished iteration 658, CKPT_AND_STOP: False, flag: tensor([0], dtype=torch.int32), speed: 1566.381
[2022-12-01 19:04:42.004723] Finished iteration 659, CKPT_AND_STOP: False, flag: tensor([0], dtype=torch.int32), speed: 1316.799
[2022-12-01 19:03:07.953211] Epoch: [0][660/390]	Time  1.529 ( 1.646)	Data  0.005 ( 0.062)	Loss 4.6133e+00 (4.6103e+00)	Acc@1   0.00 (  0.00)	Acc@5   0.00 (  0.00)
[2022-12-01 19:04:43.533345] Finished iteration 660, CKPT_AND_STOP: False, flag: tensor([0], dtype=torch.int32), speed: 1528.586
[2022-12-01 19:04:45.018917] Finished iteration 661, CKPT_AND_STOP: False, flag: tensor([0], dtype=torch.int32), speed: 1485.558
[2022-12-01 19:04:46.324419] Finished iteration 662, CKPT_AND_STOP: False, flag: tensor([0], dtype=torch.int32), speed: 1305.456
[2022-12-01 19:04:47.815862] Finished iteration 663, CKPT_AND_STOP: False, flag: tensor([0], dtype=torch.int32), speed: 1491.411
[2022-12-01 19:04:49.619953] Finished iteration 664, CKPT_AND_STOP: False, flag: tensor([0], dtype=torch.int32), speed: 1804.060
[2022-12-01 19:04:50.910705] Finished iteration 665, CKPT_AND_STOP: False, flag: tensor([0], dtype=torch.int32), speed: 1290.718
[2022-12-01 19:04:52.185934] Finished iteration 666, CKPT_AND_STOP: False, flag: tensor([0], dtype=torch.int32), speed: 1275.181
[2022-12-01 19:04:53.863139] Finished iteration 667, CKPT_AND_STOP: False, flag: tensor([0], dtype=torch.int32), speed: 1677.171
[2022-12-01 19:04:55.328684] Finished iteration 668, CKPT_AND_STOP: False, flag: tensor([0], dtype=torch.int32), speed: 1465.510
[2022-12-01 19:04:57.210106] Finished iteration 669, CKPT_AND_STOP: False, flag: tensor([0], dtype=torch.int32), speed: 1881.384
[2022-12-01 19:03:07.953211] Epoch: [0][670/390]	Time  1.549 ( 1.627)	Data  0.005 ( 0.053)	Loss 4.6133e+00 (4.6100e+00)	Acc@1   0.00 (  0.00)	Acc@5   0.00 (  0.00)
[2022-12-01 19:04:58.759805] Finished iteration 670, CKPT_AND_STOP: False, flag: tensor([0], dtype=torch.int32), speed: 1549.662
[2022-12-01 19:05:00.262436] Finished iteration 671, CKPT_AND_STOP: False, flag: tensor([0], dtype=torch.int32), speed: 1502.617
[2022-12-01 19:05:01.531575] Finished iteration 672, CKPT_AND_STOP: False, flag: tensor([0], dtype=torch.int32), speed: 1269.098
[2022-12-01 19:05:02.778194] Finished iteration 673, CKPT_AND_STOP: False, flag: tensor([0], dtype=torch.int32), speed: 1246.590
[2022-12-01 19:05:04.577158] Finished iteration 674, CKPT_AND_STOP: False, flag: tensor([0], dtype=torch.int32), speed: 1798.953
[2022-12-01 19:05:05.866396] Finished iteration 675, CKPT_AND_STOP: False, flag: tensor([0], dtype=torch.int32), speed: 1289.177
[2022-12-01 19:05:06.991542] Finished iteration 676, CKPT_AND_STOP: False, flag: tensor([0], dtype=torch.int32), speed: 1125.110
[2022-12-01 19:05:08.255249] Finished iteration 677, CKPT_AND_STOP: False, flag: tensor([0], dtype=torch.int32), speed: 1263.681
[2022-12-01 19:05:09.534992] Finished iteration 678, CKPT_AND_STOP: False, flag: tensor([0], dtype=torch.int32), speed: 1279.702
[2022-12-01 19:05:10.849711] Finished iteration 679, CKPT_AND_STOP: False, flag: tensor([0], dtype=torch.int32), speed: 1314.740
[2022-12-01 19:03:07.953211] Epoch: [0][680/390]	Time  1.433 ( 1.589)	Data  0.058 ( 0.047)	Loss 4.6055e+00 (4.6097e+00)	Acc@1   0.00 (  0.00)	Acc@5   0.00 (  0.00)
[2022-12-01 19:05:12.232100] Finished iteration 680, CKPT_AND_STOP: False, flag: tensor([0], dtype=torch.int32), speed: 1382.305
[2022-12-01 19:05:13.736220] Finished iteration 681, CKPT_AND_STOP: False, flag: tensor([0], dtype=torch.int32), speed: 1504.097
[2022-12-01 19:05:15.100972] Finished iteration 682, CKPT_AND_STOP: False, flag: tensor([0], dtype=torch.int32), speed: 1364.742
[2022-12-01 19:05:16.194679] Finished iteration 683, CKPT_AND_STOP: False, flag: tensor([0], dtype=torch.int32), speed: 1093.648
[2022-12-01 19:05:17.546609] Finished iteration 684, CKPT_AND_STOP: False, flag: tensor([0], dtype=torch.int32), speed: 1351.903
[2022-12-01 19:05:18.878916] Finished iteration 685, CKPT_AND_STOP: False, flag: tensor([0], dtype=torch.int32), speed: 1332.266
[2022-12-01 19:05:20.435299] Finished iteration 686, CKPT_AND_STOP: False, flag: tensor([0], dtype=torch.int32), speed: 1556.360
[2022-12-01 19:05:21.969590] Finished iteration 687, CKPT_AND_STOP: False, flag: tensor([0], dtype=torch.int32), speed: 1534.323
[2022-12-01 19:05:23.450362] Finished iteration 688, CKPT_AND_STOP: False, flag: tensor([0], dtype=torch.int32), speed: 1480.660
[2022-12-01 19:05:24.784636] Finished iteration 689, CKPT_AND_STOP: False, flag: tensor([0], dtype=torch.int32), speed: 1334.238
[2022-12-01 19:03:07.953211] Epoch: [0][690/390]	Time  1.345 ( 1.565)	Data  0.006 ( 0.042)	Loss 4.6006e+00 (4.6104e+00)	Acc@1   0.00 (  0.00)	Acc@5   0.00 (  0.00)
[2022-12-01 19:05:26.128582] Finished iteration 690, CKPT_AND_STOP: False, flag: tensor([0], dtype=torch.int32), speed: 1343.936
[2022-12-01 19:05:27.735193] Finished iteration 691, CKPT_AND_STOP: False, flag: tensor([0], dtype=torch.int32), speed: 1606.595
[2022-12-01 19:05:29.425230] Finished iteration 692, CKPT_AND_STOP: False, flag: tensor([0], dtype=torch.int32), speed: 1689.991
[2022-12-01 19:05:31.139285] Finished iteration 693, CKPT_AND_STOP: False, flag: tensor([0], dtype=torch.int32), speed: 1714.013
[2022-12-01 19:05:32.458119] Finished iteration 694, CKPT_AND_STOP: False, flag: tensor([0], dtype=torch.int32), speed: 1318.790
[2022-12-01 19:05:34.032813] Finished iteration 695, CKPT_AND_STOP: False, flag: tensor([0], dtype=torch.int32), speed: 1574.661
[2022-12-01 19:05:35.367352] Finished iteration 696, CKPT_AND_STOP: False, flag: tensor([0], dtype=torch.int32), speed: 1334.509
[2022-12-01 19:05:36.631461] Finished iteration 697, CKPT_AND_STOP: False, flag: tensor([0], dtype=torch.int32), speed: 1264.100
[2022-12-01 19:05:38.134649] Finished iteration 698, CKPT_AND_STOP: False, flag: tensor([0], dtype=torch.int32), speed: 1503.119
[2022-12-01 19:05:39.932159] Finished iteration 699, CKPT_AND_STOP: False, flag: tensor([0], dtype=torch.int32), speed: 1797.481
[2022-12-01 19:03:07.953211] Epoch: [0][700/390]	Time  1.522 ( 1.562)	Data  0.005 ( 0.038)	Loss 4.6094e+00 (4.6102e+00)	Acc@1   0.00 (  0.00)	Acc@5   0.00 (  0.00)
[2022-12-01 19:05:41.454218] Finished iteration 700, CKPT_AND_STOP: False, flag: tensor([0], dtype=torch.int32), speed: 1522.025
[2022-12-01 19:05:42.598121] Finished iteration 701, CKPT_AND_STOP: False, flag: tensor([0], dtype=torch.int32), speed: 1143.879
[2022-12-01 19:05:44.035823] Finished iteration 702, CKPT_AND_STOP: False, flag: tensor([0], dtype=torch.int32), speed: 1437.670
[2022-12-01 19:05:45.390882] Finished iteration 703, CKPT_AND_STOP: False, flag: tensor([0], dtype=torch.int32), speed: 1355.026
[2022-12-01 19:05:46.707209] Finished iteration 704, CKPT_AND_STOP: False, flag: tensor([0], dtype=torch.int32), speed: 1316.322
[2022-12-01 19:05:47.984222] Finished iteration 705, CKPT_AND_STOP: False, flag: tensor([0], dtype=torch.int32), speed: 1276.953
[2022-12-01 19:05:49.344864] Finished iteration 706, CKPT_AND_STOP: False, flag: tensor([0], dtype=torch.int32), speed: 1360.607
[2022-12-01 19:05:50.893949] Finished iteration 707, CKPT_AND_STOP: False, flag: tensor([0], dtype=torch.int32), speed: 1549.057
[2022-12-01 19:05:52.163640] Finished iteration 708, CKPT_AND_STOP: False, flag: tensor([0], dtype=torch.int32), speed: 1269.651
[2022-12-01 19:05:53.487147] Finished iteration 709, CKPT_AND_STOP: False, flag: tensor([0], dtype=torch.int32), speed: 1323.476
[2022-12-01 19:03:07.953211] Epoch: [0][710/390]	Time  1.642 ( 1.543)	Data  0.005 ( 0.035)	Loss 4.6143e+00 (4.6101e+00)	Acc@1   0.00 (  0.00)	Acc@5   0.00 (  0.00)
[2022-12-01 19:05:55.130024] Finished iteration 710, CKPT_AND_STOP: False, flag: tensor([0], dtype=torch.int32), speed: 1642.839
[2022-12-01 19:05:56.719325] Finished iteration 711, CKPT_AND_STOP: False, flag: tensor([0], dtype=torch.int32), speed: 1589.275
[2022-12-01 19:05:58.177572] Finished iteration 712, CKPT_AND_STOP: False, flag: tensor([0], dtype=torch.int32), speed: 1458.288
[2022-12-01 19:05:59.815470] Finished iteration 713, CKPT_AND_STOP: False, flag: tensor([0], dtype=torch.int32), speed: 1637.783
[2022-12-01 19:06:01.300856] Finished iteration 714, CKPT_AND_STOP: False, flag: tensor([0], dtype=torch.int32), speed: 1485.386
[2022-12-01 19:06:02.608845] Finished iteration 715, CKPT_AND_STOP: False, flag: tensor([0], dtype=torch.int32), speed: 1307.938
[2022-12-01 19:06:04.254279] Finished iteration 716, CKPT_AND_STOP: False, flag: tensor([0], dtype=torch.int32), speed: 1645.423
[2022-12-01 19:06:05.403685] Finished iteration 717, CKPT_AND_STOP: False, flag: tensor([0], dtype=torch.int32), speed: 1149.362
[2022-12-01 19:06:06.909801] Finished iteration 718, CKPT_AND_STOP: False, flag: tensor([0], dtype=torch.int32), speed: 1506.052
[2022-12-01 19:06:08.164998] Finished iteration 719, CKPT_AND_STOP: False, flag: tensor([0], dtype=torch.int32), speed: 1255.164
[2022-12-01 19:03:07.953211] Epoch: [0][720/390]	Time  1.259 ( 1.533)	Data  0.005 ( 0.033)	Loss 4.5918e+00 (4.6100e+00)	Acc@1   0.00 (  0.00)	Acc@5   0.00 (  0.00)
[2022-12-01 19:06:09.424084] Finished iteration 720, CKPT_AND_STOP: False, flag: tensor([0], dtype=torch.int32), speed: 1259.043
[2022-12-01 19:06:10.923873] Finished iteration 721, CKPT_AND_STOP: False, flag: tensor([0], dtype=torch.int32), speed: 1499.797
[2022-12-01 19:06:12.630132] Finished iteration 722, CKPT_AND_STOP: False, flag: tensor([0], dtype=torch.int32), speed: 1706.204
[2022-12-01 19:06:14.139743] Finished iteration 723, CKPT_AND_STOP: False, flag: tensor([0], dtype=torch.int32), speed: 1509.577
[2022-12-01 19:06:15.260849] Finished iteration 724, CKPT_AND_STOP: False, flag: tensor([0], dtype=torch.int32), speed: 1121.071
[2022-12-01 19:06:16.779654] Finished iteration 725, CKPT_AND_STOP: False, flag: tensor([0], dtype=torch.int32), speed: 1518.774
[2022-12-01 19:06:18.316173] Finished iteration 726, CKPT_AND_STOP: False, flag: tensor([0], dtype=torch.int32), speed: 1536.485
[2022-12-01 19:06:19.826722] Finished iteration 727, CKPT_AND_STOP: False, flag: tensor([0], dtype=torch.int32), speed: 1510.548
[2022-12-01 19:06:21.282986] Finished iteration 728, CKPT_AND_STOP: False, flag: tensor([0], dtype=torch.int32), speed: 1456.192
[2022-12-01 19:06:22.724440] Finished iteration 729, CKPT_AND_STOP: False, flag: tensor([0], dtype=torch.int32), speed: 1441.427
[2022-12-01 19:03:07.953211] Epoch: [0][730/390]	Time  1.258 ( 1.527)	Data  0.006 ( 0.031)	Loss 4.6104e+00 (4.6099e+00)	Acc@1   0.00 (  0.00)	Acc@5   0.00 (  0.00)
[2022-12-01 19:06:23.980994] Finished iteration 730, CKPT_AND_STOP: False, flag: tensor([0], dtype=torch.int32), speed: 1256.604
[2022-12-01 19:06:25.251774] Finished iteration 731, CKPT_AND_STOP: False, flag: tensor([0], dtype=torch.int32), speed: 1270.667
[2022-12-01 19:06:26.961309] Finished iteration 732, CKPT_AND_STOP: False, flag: tensor([0], dtype=torch.int32), speed: 1709.504
[2022-12-01 19:06:28.260894] Finished iteration 733, CKPT_AND_STOP: False, flag: tensor([0], dtype=torch.int32), speed: 1299.544
[2022-12-01 19:06:29.964422] Finished iteration 734, CKPT_AND_STOP: False, flag: tensor([0], dtype=torch.int32), speed: 1703.506
[2022-12-01 19:06:31.480974] Finished iteration 735, CKPT_AND_STOP: False, flag: tensor([0], dtype=torch.int32), speed: 1516.513
[2022-12-01 19:06:33.094248] Finished iteration 736, CKPT_AND_STOP: False, flag: tensor([0], dtype=torch.int32), speed: 1613.235
[2022-12-01 19:06:34.427536] Finished iteration 737, CKPT_AND_STOP: False, flag: tensor([0], dtype=torch.int32), speed: 1333.263
[2022-12-01 19:06:35.922412] Finished iteration 738, CKPT_AND_STOP: False, flag: tensor([0], dtype=torch.int32), speed: 1494.866
[2022-12-01 19:06:37.178416] Finished iteration 739, CKPT_AND_STOP: False, flag: tensor([0], dtype=torch.int32), speed: 1255.953
[2022-12-01 19:03:07.953211] Epoch: [0][740/390]	Time  1.456 ( 1.522)	Data  0.005 ( 0.029)	Loss 4.6230e+00 (4.6098e+00)	Acc@1   0.00 (  0.00)	Acc@5   0.00 (  0.00)
[2022-12-01 19:06:38.634436] Finished iteration 740, CKPT_AND_STOP: False, flag: tensor([0], dtype=torch.int32), speed: 1455.971
[2022-12-01 19:06:40.135461] Finished iteration 741, CKPT_AND_STOP: False, flag: tensor([0], dtype=torch.int32), speed: 1501.002
[2022-12-01 19:06:41.708946] Finished iteration 742, CKPT_AND_STOP: False, flag: tensor([0], dtype=torch.int32), speed: 1573.449
[2022-12-01 19:06:43.204793] Finished iteration 743, CKPT_AND_STOP: False, flag: tensor([0], dtype=torch.int32), speed: 1495.816
[2022-12-01 19:06:44.865836] Finished iteration 744, CKPT_AND_STOP: False, flag: tensor([0], dtype=torch.int32), speed: 1661.008
[2022-12-01 19:06:46.113712] Finished iteration 745, CKPT_AND_STOP: False, flag: tensor([0], dtype=torch.int32), speed: 1247.862
[2022-12-01 19:06:47.445143] Finished iteration 746, CKPT_AND_STOP: False, flag: tensor([0], dtype=torch.int32), speed: 1331.368
[2022-12-01 19:06:48.938920] Finished iteration 747, CKPT_AND_STOP: False, flag: tensor([0], dtype=torch.int32), speed: 1493.756
[2022-12-01 19:06:50.549510] Finished iteration 748, CKPT_AND_STOP: False, flag: tensor([0], dtype=torch.int32), speed: 1610.588
[2022-12-01 19:06:52.014071] Finished iteration 749, CKPT_AND_STOP: False, flag: tensor([0], dtype=torch.int32), speed: 1464.489
[2022-12-01 19:03:07.953211] Epoch: [0][750/390]	Time  1.725 ( 1.521)	Data  0.005 ( 0.027)	Loss 4.6016e+00 (4.6094e+00)	Acc@1   0.00 (  0.00)	Acc@5   0.00 (  0.00)
[2022-12-01 19:06:53.738901] Finished iteration 750, CKPT_AND_STOP: False, flag: tensor([0], dtype=torch.int32), speed: 1724.790
[2022-12-01 19:06:55.063248] Finished iteration 751, CKPT_AND_STOP: False, flag: tensor([0], dtype=torch.int32), speed: 1324.345
[2022-12-01 19:06:56.361295] Finished iteration 752, CKPT_AND_STOP: False, flag: tensor([0], dtype=torch.int32), speed: 1298.020
[2022-12-01 19:06:58.096622] Finished iteration 753, CKPT_AND_STOP: False, flag: tensor([0], dtype=torch.int32), speed: 1735.297
[2022-12-01 19:06:59.822565] Finished iteration 754, CKPT_AND_STOP: False, flag: tensor([0], dtype=torch.int32), speed: 1725.882
[2022-12-01 19:07:01.608719] Finished iteration 755, CKPT_AND_STOP: False, flag: tensor([0], dtype=torch.int32), speed: 1786.119
[2022-12-01 19:07:03.139192] Finished iteration 756, CKPT_AND_STOP: False, flag: tensor([0], dtype=torch.int32), speed: 1530.437
[2022-12-01 19:07:04.654644] Finished iteration 757, CKPT_AND_STOP: False, flag: tensor([0], dtype=torch.int32), speed: 1515.417
[2022-12-01 19:07:06.227772] Finished iteration 758, CKPT_AND_STOP: False, flag: tensor([0], dtype=torch.int32), speed: 1573.095
[2022-12-01 19:07:07.674808] Finished iteration 759, CKPT_AND_STOP: False, flag: tensor([0], dtype=torch.int32), speed: 1447.005
[2022-12-01 19:03:07.953211] Epoch: [0][760/390]	Time  1.104 ( 1.520)	Data  0.005 ( 0.026)	Loss 4.6162e+00 (4.6097e+00)	Acc@1   0.00 (  0.00)	Acc@5   0.00 (  0.00)
[2022-12-01 19:07:08.778829] Finished iteration 760, CKPT_AND_STOP: False, flag: tensor([0], dtype=torch.int32), speed: 1103.990
[2022-12-01 19:07:10.240869] Finished iteration 761, CKPT_AND_STOP: False, flag: tensor([0], dtype=torch.int32), speed: 1462.005
[2022-12-01 19:07:11.541769] Finished iteration 762, CKPT_AND_STOP: False, flag: tensor([0], dtype=torch.int32), speed: 1300.867
[2022-12-01 19:07:13.174447] Finished iteration 763, CKPT_AND_STOP: False, flag: tensor([0], dtype=torch.int32), speed: 1632.650
[2022-12-01 19:07:14.699822] Finished iteration 764, CKPT_AND_STOP: False, flag: tensor([0], dtype=torch.int32), speed: 1525.333
[2022-12-01 19:07:16.244827] Finished iteration 765, CKPT_AND_STOP: False, flag: tensor([0], dtype=torch.int32), speed: 1544.973
[2022-12-01 19:07:18.293865] Finished iteration 766, CKPT_AND_STOP: False, flag: tensor([0], dtype=torch.int32), speed: 2049.007
[2022-12-01 19:07:19.798508] Finished iteration 767, CKPT_AND_STOP: False, flag: tensor([0], dtype=torch.int32), speed: 1504.608
[2022-12-01 19:07:21.256777] Finished iteration 768, CKPT_AND_STOP: False, flag: tensor([0], dtype=torch.int32), speed: 1458.235
[2022-12-01 19:07:22.929312] Finished iteration 769, CKPT_AND_STOP: False, flag: tensor([0], dtype=torch.int32), speed: 1672.502
[2022-12-01 19:03:07.953211] Epoch: [0][770/390]	Time  1.626 ( 1.524)	Data  0.005 ( 0.025)	Loss 4.6240e+00 (4.6098e+00)	Acc@1   0.00 (  0.00)	Acc@5   0.00 (  0.00)
[2022-12-01 19:07:24.554687] Finished iteration 770, CKPT_AND_STOP: False, flag: tensor([0], dtype=torch.int32), speed: 1625.334
[2022-12-01 19:07:25.928782] Finished iteration 771, CKPT_AND_STOP: False, flag: tensor([0], dtype=torch.int32), speed: 1374.092
[2022-12-01 19:07:27.625536] Finished iteration 772, CKPT_AND_STOP: False, flag: tensor([0], dtype=torch.int32), speed: 1696.744
[2022-12-01 19:07:29.015823] Finished iteration 773, CKPT_AND_STOP: False, flag: tensor([0], dtype=torch.int32), speed: 1390.251
[2022-12-01 19:07:30.540399] Finished iteration 774, CKPT_AND_STOP: False, flag: tensor([0], dtype=torch.int32), speed: 1524.533
[2022-12-01 19:07:32.098571] Finished iteration 775, CKPT_AND_STOP: False, flag: tensor([0], dtype=torch.int32), speed: 1558.113
[2022-12-01 19:07:33.600359] Finished iteration 776, CKPT_AND_STOP: False, flag: tensor([0], dtype=torch.int32), speed: 1501.757
[2022-12-01 19:07:35.059195] Finished iteration 777, CKPT_AND_STOP: False, flag: tensor([0], dtype=torch.int32), speed: 1458.797
[2022-12-01 19:07:36.645185] Finished iteration 778, CKPT_AND_STOP: False, flag: tensor([0], dtype=torch.int32), speed: 1585.957
[2022-12-01 19:07:37.900729] Finished iteration 779, CKPT_AND_STOP: False, flag: tensor([0], dtype=torch.int32), speed: 1255.511
[2022-12-01 19:03:07.953211] Epoch: [0][780/390]	Time  1.496 ( 1.522)	Data  0.005 ( 0.024)	Loss 4.6104e+00 (4.6097e+00)	Acc@1   0.00 (  0.00)	Acc@5   0.00 (  0.00)
[2022-12-01 19:07:39.397251] Finished iteration 780, CKPT_AND_STOP: False, flag: tensor([0], dtype=torch.int32), speed: 1496.489
[2022-12-01 19:07:40.731556] Finished iteration 781, CKPT_AND_STOP: False, flag: tensor([0], dtype=torch.int32), speed: 1334.284
[2022-12-01 19:07:42.052740] Finished iteration 782, CKPT_AND_STOP: False, flag: tensor([0], dtype=torch.int32), speed: 1321.145
[2022-12-01 19:07:43.373497] Finished iteration 783, CKPT_AND_STOP: False, flag: tensor([0], dtype=torch.int32), speed: 1320.757
[2022-12-01 19:07:44.893800] Finished iteration 784, CKPT_AND_STOP: False, flag: tensor([0], dtype=torch.int32), speed: 1520.239
[2022-12-01 19:07:46.129992] Finished iteration 785, CKPT_AND_STOP: False, flag: tensor([0], dtype=torch.int32), speed: 1236.154
[2022-12-01 19:07:47.374956] Finished iteration 786, CKPT_AND_STOP: False, flag: tensor([0], dtype=torch.int32), speed: 1244.934
[2022-12-01 19:07:48.748921] Finished iteration 787, CKPT_AND_STOP: False, flag: tensor([0], dtype=torch.int32), speed: 1373.957
[2022-12-01 19:07:50.287841] Finished iteration 788, CKPT_AND_STOP: False, flag: tensor([0], dtype=torch.int32), speed: 1538.885
[2022-12-01 19:07:51.794941] Finished iteration 789, CKPT_AND_STOP: False, flag: tensor([0], dtype=torch.int32), speed: 1507.039
[2022-12-01 19:03:07.953211] Epoch: [0][790/390]	Time  1.444 ( 1.514)	Data  0.004 ( 0.023)	Loss 4.6133e+00 (4.6095e+00)	Acc@1   0.00 (  0.00)	Acc@5   0.00 (  0.00)
[2022-12-01 19:07:53.239839] Finished iteration 790, CKPT_AND_STOP: False, flag: tensor([0], dtype=torch.int32), speed: 1444.884
[2022-12-01 19:07:54.777921] Finished iteration 791, CKPT_AND_STOP: False, flag: tensor([0], dtype=torch.int32), speed: 1538.041
[2022-12-01 19:07:56.431534] Finished iteration 792, CKPT_AND_STOP: False, flag: tensor([0], dtype=torch.int32), speed: 1653.574
[2022-12-01 19:07:57.864327] Finished iteration 793, CKPT_AND_STOP: False, flag: tensor([0], dtype=torch.int32), speed: 1432.761
[2022-12-01 19:07:59.341863] Finished iteration 794, CKPT_AND_STOP: False, flag: tensor([0], dtype=torch.int32), speed: 1477.505
[2022-12-01 19:08:00.716852] Finished iteration 795, CKPT_AND_STOP: False, flag: tensor([0], dtype=torch.int32), speed: 1374.979
[2022-12-01 19:08:02.110274] Finished iteration 796, CKPT_AND_STOP: False, flag: tensor([0], dtype=torch.int32), speed: 1393.389
[2022-12-01 19:08:04.061293] Finished iteration 797, CKPT_AND_STOP: False, flag: tensor([0], dtype=torch.int32), speed: 1950.961
[2022-12-01 19:08:05.355254] Finished iteration 798, CKPT_AND_STOP: False, flag: tensor([0], dtype=torch.int32), speed: 1293.923
[2022-12-01 19:08:06.638575] Finished iteration 799, CKPT_AND_STOP: False, flag: tensor([0], dtype=torch.int32), speed: 1283.289
[2022-12-01 19:03:07.953211] Epoch: [0][800/390]	Time  1.461 ( 1.513)	Data  0.005 ( 0.022)	Loss 4.6016e+00 (4.6095e+00)	Acc@1   0.00 (  0.00)	Acc@5   0.00 (  0.00)
[2022-12-01 19:08:08.099841] Finished iteration 800, CKPT_AND_STOP: False, flag: tensor([0], dtype=torch.int32), speed: 1461.241
[2022-12-01 19:08:09.428991] Finished iteration 801, CKPT_AND_STOP: False, flag: tensor([0], dtype=torch.int32), speed: 1329.120
[2022-12-01 19:08:10.911715] Finished iteration 802, CKPT_AND_STOP: False, flag: tensor([0], dtype=torch.int32), speed: 1482.690
[2022-12-01 19:08:12.361859] Finished iteration 803, CKPT_AND_STOP: False, flag: tensor([0], dtype=torch.int32), speed: 1450.103
[2022-12-01 19:08:13.746355] Finished iteration 804, CKPT_AND_STOP: False, flag: tensor([0], dtype=torch.int32), speed: 1384.460
[2022-12-01 19:08:15.555892] Finished iteration 805, CKPT_AND_STOP: False, flag: tensor([0], dtype=torch.int32), speed: 1809.508
[2022-12-01 19:08:17.083451] Finished iteration 806, CKPT_AND_STOP: False, flag: tensor([0], dtype=torch.int32), speed: 1527.519
[2022-12-01 19:08:18.498862] Finished iteration 807, CKPT_AND_STOP: False, flag: tensor([0], dtype=torch.int32), speed: 1415.374
[2022-12-01 19:08:20.219109] Finished iteration 808, CKPT_AND_STOP: False, flag: tensor([0], dtype=torch.int32), speed: 1720.205
[2022-12-01 19:08:21.707301] Finished iteration 809, CKPT_AND_STOP: False, flag: tensor([0], dtype=torch.int32), speed: 1488.208
[2022-12-01 19:03:07.953211] Epoch: [0][810/390]	Time  1.307 ( 1.512)	Data  0.005 ( 0.021)	Loss 4.6035e+00 (4.6095e+00)	Acc@1   0.00 (  0.00)	Acc@5   0.00 (  0.00)
[2022-12-01 19:08:23.042353] Finished iteration 810, CKPT_AND_STOP: False, flag: tensor([0], dtype=torch.int32), speed: 1335.013
[2022-12-01 19:08:24.883660] Finished iteration 811, CKPT_AND_STOP: False, flag: tensor([0], dtype=torch.int32), speed: 1841.246
[2022-12-01 19:08:26.189278] Finished iteration 812, CKPT_AND_STOP: False, flag: tensor([0], dtype=torch.int32), speed: 1305.578
[2022-12-01 19:08:27.658268] Finished iteration 813, CKPT_AND_STOP: False, flag: tensor([0], dtype=torch.int32), speed: 1468.962
[2022-12-01 19:08:28.938702] Finished iteration 814, CKPT_AND_STOP: False, flag: tensor([0], dtype=torch.int32), speed: 1280.404
[2022-12-01 19:08:30.241924] Finished iteration 815, CKPT_AND_STOP: False, flag: tensor([0], dtype=torch.int32), speed: 1303.185
[2022-12-01 19:08:31.879371] Finished iteration 816, CKPT_AND_STOP: False, flag: tensor([0], dtype=torch.int32), speed: 1637.411
[2022-12-01 19:08:33.361940] Finished iteration 817, CKPT_AND_STOP: False, flag: tensor([0], dtype=torch.int32), speed: 1482.535
[2022-12-01 19:08:34.962033] Finished iteration 818, CKPT_AND_STOP: False, flag: tensor([0], dtype=torch.int32), speed: 1600.058
[2022-12-01 19:08:36.414832] Finished iteration 819, CKPT_AND_STOP: False, flag: tensor([0], dtype=torch.int32), speed: 1452.765
[2022-12-01 19:03:07.953211] Epoch: [0][820/390]	Time  1.449 ( 1.510)	Data  0.006 ( 0.021)	Loss 4.6084e+00 (4.6098e+00)	Acc@1   0.00 (  0.00)	Acc@5   0.00 (  0.00)
[2022-12-01 19:08:37.863572] Finished iteration 820, CKPT_AND_STOP: False, flag: tensor([3], dtype=torch.int32), speed: 1448.710
Opt ckpt time 1.1993436813354492
Process done with return code 0
Parent process ID: 151147 node: 172.31.16.5
12 cutpoints
Stages 1
Micro-bs 32 Max mem: 8350516326.4
Predicted microbatch size for 1: 32
comm size 0
GPUS_PER_VM=1 /home/ubuntu/varuna/tools/simulator/simulate-varuna 1 2 0 1199922.1801757812 0
End of simulation:  Mini-batch time (usec) = 1424058
Min send: 10000000, max send 0
Min long send: 10000000, max long send 0
Min fwd: 10000000, max fwd 0; min bwd 10000000, max bwd 0
Min long fwd: 32586, max long fwd 32895; min long bwd 78677, max long bwd 79978
Time taken by simulation: 38 microseconds

Stages 2
Micro-bs 32 Max mem: 5185528320.0
Predicted microbatch size for 2: 32
comm size 12845056
WARNING: no send time found, 2 partitions
GPUS_PER_VM=1 /home/ubuntu/varuna/tools/simulator/simulate-varuna 2 4 0 22892.793655395508 541471.8854995001
End of simulation:  Mini-batch time (usec) = 1466822
Min send: 10000000, max send 0
Min long send: 541803, max long send 554555
Min fwd: 21083, max fwd 25575; min bwd 48477, max bwd 54184
Min long fwd: 7473, max long fwd 14307; min long bwd 25716, max long bwd 30607
Time taken by simulation: 96 microseconds

Stages 3
Micro-bs 32 Max mem: 4313669017.6
Predicted microbatch size for 3: 32
comm size 25690112
WARNING: no send time found, 3 partitions
GPUS_PER_VM=1 /home/ubuntu/varuna/tools/simulator/simulate-varuna 3 7 0 7540.138721466064 929913.8118823369
End of simulation:  Mini-batch time (usec) = 4955939
Min send: 10000000, max send 0
Min long send: 930245, max long send 945608
Min fwd: 8775, max fwd 19684; min bwd 24478, max bwd 41849
Min long fwd: 2259, max long fwd 7334; min long bwd 12226, max long bwd 16590
Time taken by simulation: 235 microseconds

Stages 4
Micro-bs 32 Max mem: 3762429747.2
Predicted microbatch size for 4: 32
comm size 25690112
WARNING: no send time found, 4 partitions
GPUS_PER_VM=1 /home/ubuntu/varuna/tools/simulator/simulate-varuna 4 8 0 3659.188747406006 929913.8118823369
End of simulation:  Mini-batch time (usec) = 6836714
Min send: 10000000, max send 0
Min long send: 929995, max long send 954618
Min fwd: 4418, max fwd 15941; min bwd 13005, max bwd 30581
Min long fwd: 989, max long fwd 6784; min long bwd 7050, max long bwd 13429
Time taken by simulation: 369 microseconds

Stages 6
Micro-bs 32 Max mem: 3200148889.6
Predicted microbatch size for 6: 32
comm size 12845056
WARNING: no send time found, 6 partitions
GPUS_PER_VM=1 /home/ubuntu/varuna/tools/simulator/simulate-varuna 6 13 0 1801.1889457702637 541471.8854995001
End of simulation:  Mini-batch time (usec) = 7858281
Min send: 10000000, max send 0
Min long send: 541553, max long send 566176
Min fwd: 380, max fwd 12458; min bwd 8532, max bwd 24401
Min long fwd: 1017, max long fwd 4595; min long bwd 780, max long bwd 6417
Time taken by simulation: 915 microseconds

{1: 1.424058, 2: 1.466822, 3: 4.955939, 4: 6.836714, 6: 7.858281}
{1: 32, 2: 32, 3: 32, 4: 32, 6: 32}
best config is: 2 32
expected time is 1.466822
16 per stage
32 servers!
Config:
ranks: range(31, 32)
train batch size: 2048
partitions: 2
chunk_size: 32
data depth: 16
stage to rank map: 0,2,4,6,8,10,12,14,16,18,20,22,24,26,28,30;1,3,5,7,9,11,13,15,17,19,21,23,25,27,29,31;
World size is 32
/opt/conda/envs/varuna/bin/python -u main.py --rank=31 --chunk_size=32 --local_rank=0 --stage_to_rank_map=0,2,4,6,8,10,12,14,16,18,20,22,24,26,28,30;1,3,5,7,9,11,13,15,17,19,21,23,25,27,29,31; --batch-size=128 data -a vgg19 --varuna --lr 0.001 --epochs 1000 --resume s3://spot-checkpoints/vgg19 --resume_step 838
Signal handler called with signal 10


 STOPPING VARUNA !!



