Parent process ID: 81619 node: 172.31.25.155
12 cutpoints
Stages 1
Micro-bs 32 Max mem: 8350516326.4
Predicted microbatch size for 1: 32
comm size 0
GPUS_PER_VM=1 /home/ubuntu/varuna/tools/simulator/simulate-varuna 1 2 0 1199922.1801757812 0
End of simulation:  Mini-batch time (usec) = 1424058
Min send: 10000000, max send 0
Min long send: 10000000, max long send 0
Min fwd: 10000000, max fwd 0; min bwd 10000000, max bwd 0
Min long fwd: 32586, max long fwd 32895; min long bwd 78677, max long bwd 79978
Time taken by simulation: 40 microseconds

Stages 2
Micro-bs 32 Max mem: 5185528320.0
Predicted microbatch size for 2: 32
comm size 12845056
WARNING: no send time found, 2 partitions
GPUS_PER_VM=1 /home/ubuntu/varuna/tools/simulator/simulate-varuna 2 4 0 22892.793655395508 541471.8854995001
End of simulation:  Mini-batch time (usec) = 1466822
Min send: 10000000, max send 0
Min long send: 541803, max long send 554555
Min fwd: 21083, max fwd 25575; min bwd 48477, max bwd 54184
Min long fwd: 7473, max long fwd 14307; min long bwd 25716, max long bwd 30607
Time taken by simulation: 96 microseconds

Stages 3
Micro-bs 32 Max mem: 4313669017.6
Predicted microbatch size for 3: 32
comm size 25690112
WARNING: no send time found, 3 partitions
GPUS_PER_VM=1 /home/ubuntu/varuna/tools/simulator/simulate-varuna 3 7 0 7540.138721466064 929913.8118823369
End of simulation:  Mini-batch time (usec) = 4955939
Min send: 10000000, max send 0
Min long send: 930245, max long send 945608
Min fwd: 8775, max fwd 19684; min bwd 24478, max bwd 41849
Min long fwd: 2259, max long fwd 7334; min long bwd 12226, max long bwd 16590
Time taken by simulation: 239 microseconds

Stages 4
Micro-bs 32 Max mem: 3762429747.2
Predicted microbatch size for 4: 32
comm size 25690112
WARNING: no send time found, 4 partitions
GPUS_PER_VM=1 /home/ubuntu/varuna/tools/simulator/simulate-varuna 4 8 0 3659.188747406006 929913.8118823369
End of simulation:  Mini-batch time (usec) = 6836714
Min send: 10000000, max send 0
Min long send: 929995, max long send 954618
Min fwd: 4418, max fwd 15941; min bwd 13005, max bwd 30581
Min long fwd: 989, max long fwd 6784; min long bwd 7050, max long bwd 13429
Time taken by simulation: 364 microseconds

Stages 6
Micro-bs 32 Max mem: 3200148889.6
Predicted microbatch size for 6: 32
comm size 12845056
WARNING: no send time found, 6 partitions
GPUS_PER_VM=1 /home/ubuntu/varuna/tools/simulator/simulate-varuna 6 13 0 1801.1889457702637 541471.8854995001
End of simulation:  Mini-batch time (usec) = 7858281
Min send: 10000000, max send 0
Min long send: 541553, max long send 566176
Min fwd: 380, max fwd 12458; min bwd 8532, max bwd 24401
Min long fwd: 1017, max long fwd 4595; min long bwd 780, max long bwd 6417
Time taken by simulation: 960 microseconds

{1: 1.424058, 2: 1.466822, 3: 4.955939, 4: 6.836714, 6: 7.858281}
{1: 32, 2: 32, 3: 32, 4: 32, 6: 32}
best config is: 2 32
expected time is 1.466822
16 per stage
32 servers!
Config:
ranks: range(30, 31)
train batch size: 2048
partitions: 2
chunk_size: 32
data depth: 16
stage to rank map: 0,2,4,6,8,10,12,14,16,18,20,22,24,26,28,30;1,3,5,7,9,11,13,15,17,19,21,23,25,27,29,31;
World size is 32
/opt/conda/envs/varuna/bin/python -u main.py --rank=30 --chunk_size=32 --local_rank=0 --stage_to_rank_map=0,2,4,6,8,10,12,14,16,18,20,22,24,26,28,30;1,3,5,7,9,11,13,15,17,19,21,23,25,27,29,31; --batch-size=128 data -a vgg19 --varuna --lr 0.001 --epochs 1000 --resume s3://spot-checkpoints/vgg19
[2022-12-01 18:30:17.420835] => creating model 'vgg19'
[2, 4, 6, 8, 10, 12, 14, 16, 18, 21, 24]
Files already downloaded and verified
Num cutpoints is 11
dry run time 0.8263771533966064
SHARED WEIGHTS ARE
None
this rank  30 is part of pipeline replica  15
4 chunks
30 Overflow !!
30 : update_scale(): _has_overflow, dynamic. _loss_scale =  524288.0
[2022-12-01 18:30:32.973961] Finished iteration 1, CKPT_AND_STOP: False, flag: tensor([0], dtype=torch.int32), speed: 8787.067
30 Overflow !!
30 : update_scale(): _has_overflow, dynamic. _loss_scale =  262144.0
[2022-12-01 18:30:35.481242] Finished iteration 2, CKPT_AND_STOP: False, flag: tensor([0], dtype=torch.int32), speed: 2506.946
30 Overflow !!
30 : update_scale(): _has_overflow, dynamic. _loss_scale =  131072.0
[2022-12-01 18:30:38.294184] Finished iteration 3, CKPT_AND_STOP: False, flag: tensor([0], dtype=torch.int32), speed: 2812.914
[2022-12-01 18:30:40.900043] Finished iteration 4, CKPT_AND_STOP: False, flag: tensor([0], dtype=torch.int32), speed: 2605.773
30 Overflow !!
30 : update_scale(): _has_overflow, dynamic. _loss_scale =  65536.0
[2022-12-01 18:30:43.053800] Finished iteration 5, CKPT_AND_STOP: False, flag: tensor([0], dtype=torch.int32), speed: 2153.682
30 Overflow !!
30 : update_scale(): _has_overflow, dynamic. _loss_scale =  32768.0
[2022-12-01 18:30:44.343810] Finished iteration 6, CKPT_AND_STOP: False, flag: tensor([0], dtype=torch.int32), speed: 1289.995
30 Overflow !!
30 : update_scale(): _has_overflow, dynamic. _loss_scale =  16384.0
[2022-12-01 18:30:45.703450] Finished iteration 7, CKPT_AND_STOP: False, flag: tensor([0], dtype=torch.int32), speed: 1359.607
30 : update_scale(): _has_overflow, dynamic. _loss_scale =  8192.0
[2022-12-01 18:30:46.855918] Finished iteration 8, CKPT_AND_STOP: False, flag: tensor([0], dtype=torch.int32), speed: 1152.459
30 : update_scale(): _has_overflow, dynamic. _loss_scale =  4096.0
[2022-12-01 18:30:48.175600] Finished iteration 9, CKPT_AND_STOP: False, flag: tensor([0], dtype=torch.int32), speed: 1319.695
30 : update_scale(): _has_overflow, dynamic. _loss_scale =  2048.0
[2022-12-01 18:30:24.141263] Epoch: [0][ 10/390]	Time  1.283 ( 2.527)	Data  0.005 ( 0.108)	Loss 6.7393e+00 (6.9487e+00)	Acc@1   0.00 (  0.00)	Acc@5   0.00 (  0.00)
[2022-12-01 18:30:49.459583] Finished iteration 10, CKPT_AND_STOP: False, flag: tensor([0], dtype=torch.int32), speed: 1283.895
[2022-12-01 18:30:50.965727] Finished iteration 11, CKPT_AND_STOP: False, flag: tensor([0], dtype=torch.int32), speed: 1506.099
[2022-12-01 18:30:52.732748] Finished iteration 12, CKPT_AND_STOP: False, flag: tensor([0], dtype=torch.int32), speed: 1767.025
[2022-12-01 18:30:54.150544] Finished iteration 13, CKPT_AND_STOP: False, flag: tensor([0], dtype=torch.int32), speed: 1417.683
[2022-12-01 18:30:55.648864] Finished iteration 14, CKPT_AND_STOP: False, flag: tensor([0], dtype=torch.int32), speed: 1498.352
[2022-12-01 18:30:57.228960] Finished iteration 15, CKPT_AND_STOP: False, flag: tensor([0], dtype=torch.int32), speed: 1580.042
[2022-12-01 18:30:58.925239] Finished iteration 16, CKPT_AND_STOP: False, flag: tensor([0], dtype=torch.int32), speed: 1696.270
[2022-12-01 18:31:00.433183] Finished iteration 17, CKPT_AND_STOP: False, flag: tensor([0], dtype=torch.int32), speed: 1507.837
[2022-12-01 18:31:01.824585] Finished iteration 18, CKPT_AND_STOP: False, flag: tensor([0], dtype=torch.int32), speed: 1391.355
[2022-12-01 18:31:03.203214] Finished iteration 19, CKPT_AND_STOP: False, flag: tensor([0], dtype=torch.int32), speed: 1378.564
[2022-12-01 18:30:24.141263] Epoch: [0][ 20/390]	Time  1.278 ( 2.014)	Data  0.005 ( 0.057)	Loss 4.8955e+00 (6.6533e+00)	Acc@1   0.00 (  0.00)	Acc@5   0.00 (  0.00)
[2022-12-01 18:31:04.481677] Finished iteration 20, CKPT_AND_STOP: False, flag: tensor([0], dtype=torch.int32), speed: 1278.527
[2022-12-01 18:31:06.433355] Finished iteration 21, CKPT_AND_STOP: False, flag: tensor([0], dtype=torch.int32), speed: 1951.562
[2022-12-01 18:31:07.909920] Finished iteration 22, CKPT_AND_STOP: False, flag: tensor([0], dtype=torch.int32), speed: 1476.505
[2022-12-01 18:31:09.508227] Finished iteration 23, CKPT_AND_STOP: False, flag: tensor([0], dtype=torch.int32), speed: 1598.247
[2022-12-01 18:31:10.829063] Finished iteration 24, CKPT_AND_STOP: False, flag: tensor([0], dtype=torch.int32), speed: 1320.787
[2022-12-01 18:31:12.094244] Finished iteration 25, CKPT_AND_STOP: False, flag: tensor([0], dtype=torch.int32), speed: 1265.159
[2022-12-01 18:31:14.019519] Finished iteration 26, CKPT_AND_STOP: False, flag: tensor([0], dtype=torch.int32), speed: 1925.208
[2022-12-01 18:31:15.627539] Finished iteration 27, CKPT_AND_STOP: False, flag: tensor([0], dtype=torch.int32), speed: 1607.967
[2022-12-01 18:31:16.957390] Finished iteration 28, CKPT_AND_STOP: False, flag: tensor([0], dtype=torch.int32), speed: 1329.809
[2022-12-01 18:31:18.448079] Finished iteration 29, CKPT_AND_STOP: False, flag: tensor([0], dtype=torch.int32), speed: 1490.650
[2022-12-01 18:30:24.141263] Epoch: [0][ 30/390]	Time  1.265 ( 1.851)	Data  0.005 ( 0.044)	Loss 4.7490e+00 (6.0880e+00)	Acc@1   0.00 (  0.00)	Acc@5   0.00 (  0.00)
[2022-12-01 18:31:19.713251] Finished iteration 30, CKPT_AND_STOP: False, flag: tensor([0], dtype=torch.int32), speed: 1265.101
[2022-12-01 18:31:21.037091] Finished iteration 31, CKPT_AND_STOP: False, flag: tensor([0], dtype=torch.int32), speed: 1323.817
[2022-12-01 18:31:22.578299] Finished iteration 32, CKPT_AND_STOP: False, flag: tensor([0], dtype=torch.int32), speed: 1541.189
[2022-12-01 18:31:23.976105] Finished iteration 33, CKPT_AND_STOP: False, flag: tensor([0], dtype=torch.int32), speed: 1397.735
[2022-12-01 18:31:25.441924] Finished iteration 34, CKPT_AND_STOP: False, flag: tensor([0], dtype=torch.int32), speed: 1465.780
[2022-12-01 18:31:26.714437] Finished iteration 35, CKPT_AND_STOP: False, flag: tensor([0], dtype=torch.int32), speed: 1272.464
[2022-12-01 18:31:28.241029] Finished iteration 36, CKPT_AND_STOP: False, flag: tensor([0], dtype=torch.int32), speed: 1526.537
[2022-12-01 18:31:29.384261] Finished iteration 37, CKPT_AND_STOP: False, flag: tensor([0], dtype=torch.int32), speed: 1143.267
[2022-12-01 18:31:30.773281] Finished iteration 38, CKPT_AND_STOP: False, flag: tensor([0], dtype=torch.int32), speed: 1388.900
[2022-12-01 18:31:32.218821] Finished iteration 39, CKPT_AND_STOP: False, flag: tensor([0], dtype=torch.int32), speed: 1445.489
[2022-12-01 18:30:24.141263] Epoch: [0][ 40/390]	Time  1.232 ( 1.731)	Data  0.005 ( 0.034)	Loss 4.6240e+00 (5.7368e+00)	Acc@1   0.00 (  0.00)	Acc@5   0.00 (  0.00)
[2022-12-01 18:31:33.451406] Finished iteration 40, CKPT_AND_STOP: False, flag: tensor([0], dtype=torch.int32), speed: 1232.528
[2022-12-01 18:31:34.925823] Finished iteration 41, CKPT_AND_STOP: False, flag: tensor([0], dtype=torch.int32), speed: 1474.412
[2022-12-01 18:31:36.250836] Finished iteration 42, CKPT_AND_STOP: False, flag: tensor([0], dtype=torch.int32), speed: 1324.958
[2022-12-01 18:31:37.733339] Finished iteration 43, CKPT_AND_STOP: False, flag: tensor([0], dtype=torch.int32), speed: 1482.504
[2022-12-01 18:31:39.076541] Finished iteration 44, CKPT_AND_STOP: False, flag: tensor([0], dtype=torch.int32), speed: 1343.126
[2022-12-01 18:31:40.641068] Finished iteration 45, CKPT_AND_STOP: False, flag: tensor([0], dtype=torch.int32), speed: 1564.488
[2022-12-01 18:31:42.247446] Finished iteration 46, CKPT_AND_STOP: False, flag: tensor([0], dtype=torch.int32), speed: 1606.326
[2022-12-01 18:31:43.842006] Finished iteration 47, CKPT_AND_STOP: False, flag: tensor([0], dtype=torch.int32), speed: 1594.550
[2022-12-01 18:31:45.079844] Finished iteration 48, CKPT_AND_STOP: False, flag: tensor([0], dtype=torch.int32), speed: 1237.747
[2022-12-01 18:31:46.664911] Finished iteration 49, CKPT_AND_STOP: False, flag: tensor([0], dtype=torch.int32), speed: 1585.033
[2022-12-01 18:30:24.141263] Epoch: [0][ 50/390]	Time  1.546 ( 1.680)	Data  0.005 ( 0.028)	Loss 4.6260e+00 (5.5191e+00)	Acc@1   0.00 (  0.00)	Acc@5   0.00 (  0.00)
[2022-12-01 18:31:48.210804] Finished iteration 50, CKPT_AND_STOP: False, flag: tensor([0], dtype=torch.int32), speed: 1545.833
[2022-12-01 18:31:49.488398] Finished iteration 51, CKPT_AND_STOP: False, flag: tensor([0], dtype=torch.int32), speed: 1277.577
[2022-12-01 18:31:51.032797] Finished iteration 52, CKPT_AND_STOP: False, flag: tensor([0], dtype=torch.int32), speed: 1544.357
[2022-12-01 18:31:52.473477] Finished iteration 53, CKPT_AND_STOP: False, flag: tensor([0], dtype=torch.int32), speed: 1440.604
[2022-12-01 18:31:54.045039] Finished iteration 54, CKPT_AND_STOP: False, flag: tensor([0], dtype=torch.int32), speed: 1571.523
[2022-12-01 18:31:55.810794] Finished iteration 55, CKPT_AND_STOP: False, flag: tensor([0], dtype=torch.int32), speed: 1765.732
[2022-12-01 18:31:57.236020] Finished iteration 56, CKPT_AND_STOP: False, flag: tensor([0], dtype=torch.int32), speed: 1425.186
[2022-12-01 18:31:58.858299] Finished iteration 57, CKPT_AND_STOP: False, flag: tensor([0], dtype=torch.int32), speed: 1622.274
[2022-12-01 18:32:00.184465] Finished iteration 58, CKPT_AND_STOP: False, flag: tensor([0], dtype=torch.int32), speed: 1326.076
[2022-12-01 18:32:01.593140] Finished iteration 59, CKPT_AND_STOP: False, flag: tensor([0], dtype=torch.int32), speed: 1408.629
[2022-12-01 18:30:24.141263] Epoch: [0][ 60/390]	Time  1.425 ( 1.647)	Data  0.005 ( 0.024)	Loss 4.6270e+00 (5.3688e+00)	Acc@1   0.00 (  0.00)	Acc@5   0.00 (  0.00)
[2022-12-01 18:32:03.018377] Finished iteration 60, CKPT_AND_STOP: False, flag: tensor([0], dtype=torch.int32), speed: 1425.250
[2022-12-01 18:32:04.698271] Finished iteration 61, CKPT_AND_STOP: False, flag: tensor([0], dtype=torch.int32), speed: 1679.951
[2022-12-01 18:32:06.211580] Finished iteration 62, CKPT_AND_STOP: False, flag: tensor([0], dtype=torch.int32), speed: 1513.135
[2022-12-01 18:32:07.611777] Finished iteration 63, CKPT_AND_STOP: False, flag: tensor([0], dtype=torch.int32), speed: 1400.148
[2022-12-01 18:32:09.298719] Finished iteration 64, CKPT_AND_STOP: False, flag: tensor([0], dtype=torch.int32), speed: 1686.901
[2022-12-01 18:32:10.731904] Finished iteration 65, CKPT_AND_STOP: False, flag: tensor([0], dtype=torch.int32), speed: 1433.142
[2022-12-01 18:32:11.808098] Finished iteration 66, CKPT_AND_STOP: False, flag: tensor([0], dtype=torch.int32), speed: 1076.155
[2022-12-01 18:32:13.483797] Finished iteration 67, CKPT_AND_STOP: False, flag: tensor([0], dtype=torch.int32), speed: 1675.670
[2022-12-01 18:32:14.899823] Finished iteration 68, CKPT_AND_STOP: False, flag: tensor([0], dtype=torch.int32), speed: 1415.956
[2022-12-01 18:32:16.332548] Finished iteration 69, CKPT_AND_STOP: False, flag: tensor([0], dtype=torch.int32), speed: 1432.695
[2022-12-01 18:30:24.141263] Epoch: [0][ 70/390]	Time  1.614 ( 1.625)	Data  0.006 ( 0.022)	Loss 4.6055e+00 (5.2636e+00)	Acc@1   0.00 (  0.00)	Acc@5   0.00 (  0.00)
[2022-12-01 18:32:17.950252] Finished iteration 70, CKPT_AND_STOP: False, flag: tensor([0], dtype=torch.int32), speed: 1617.684
[2022-12-01 18:32:19.279956] Finished iteration 71, CKPT_AND_STOP: False, flag: tensor([0], dtype=torch.int32), speed: 1329.659
[2022-12-01 18:32:20.932488] Finished iteration 72, CKPT_AND_STOP: False, flag: tensor([0], dtype=torch.int32), speed: 1652.475
[2022-12-01 18:32:22.420786] Finished iteration 73, CKPT_AND_STOP: False, flag: tensor([0], dtype=torch.int32), speed: 1488.239
[2022-12-01 18:32:23.843996] Finished iteration 74, CKPT_AND_STOP: False, flag: tensor([0], dtype=torch.int32), speed: 1423.163
[2022-12-01 18:32:25.333782] Finished iteration 75, CKPT_AND_STOP: False, flag: tensor([0], dtype=torch.int32), speed: 1489.771
[2022-12-01 18:32:26.785085] Finished iteration 76, CKPT_AND_STOP: False, flag: tensor([0], dtype=torch.int32), speed: 1451.246
[2022-12-01 18:32:28.236467] Finished iteration 77, CKPT_AND_STOP: False, flag: tensor([0], dtype=torch.int32), speed: 1451.329
[2022-12-01 18:32:29.693323] Finished iteration 78, CKPT_AND_STOP: False, flag: tensor([0], dtype=torch.int32), speed: 1456.814
[2022-12-01 18:32:31.275417] Finished iteration 79, CKPT_AND_STOP: False, flag: tensor([0], dtype=torch.int32), speed: 1582.049
[2022-12-01 18:30:24.141263] Epoch: [0][ 80/390]	Time  1.539 ( 1.608)	Data  0.005 ( 0.020)	Loss 4.6475e+00 (5.1836e+00)	Acc@1   0.00 (  0.00)	Acc@5   0.00 (  0.00)
[2022-12-01 18:32:32.814571] Finished iteration 80, CKPT_AND_STOP: False, flag: tensor([0], dtype=torch.int32), speed: 1539.093
[2022-12-01 18:32:34.394862] Finished iteration 81, CKPT_AND_STOP: False, flag: tensor([0], dtype=torch.int32), speed: 1580.325
[2022-12-01 18:32:35.939806] Finished iteration 82, CKPT_AND_STOP: False, flag: tensor([0], dtype=torch.int32), speed: 1544.858
[2022-12-01 18:32:37.425215] Finished iteration 83, CKPT_AND_STOP: False, flag: tensor([1], dtype=torch.int32), speed: 1485.372
Opt ckpt time 1.2597649097442627
Process done with return code 0
Parent process ID: 154190 node: 172.31.19.112
12 cutpoints
Stages 1
Micro-bs 32 Max mem: 8350516326.4
Predicted microbatch size for 1: 32
comm size 0
GPUS_PER_VM=1 /home/ubuntu/varuna/tools/simulator/simulate-varuna 1 2 0 1199922.1801757812 0
End of simulation:  Mini-batch time (usec) = 1424058
Min send: 10000000, max send 0
Min long send: 10000000, max long send 0
Min fwd: 10000000, max fwd 0; min bwd 10000000, max bwd 0
Min long fwd: 32586, max long fwd 32895; min long bwd 78677, max long bwd 79978
Time taken by simulation: 36 microseconds

Stages 2
Micro-bs 32 Max mem: 5185528320.0
Predicted microbatch size for 2: 32
comm size 12845056
WARNING: no send time found, 2 partitions
GPUS_PER_VM=1 /home/ubuntu/varuna/tools/simulator/simulate-varuna 2 4 0 22892.793655395508 541471.8854995001
End of simulation:  Mini-batch time (usec) = 1466822
Min send: 10000000, max send 0
Min long send: 541803, max long send 554555
Min fwd: 21083, max fwd 25575; min bwd 48477, max bwd 54184
Min long fwd: 7473, max long fwd 14307; min long bwd 25716, max long bwd 30607
Time taken by simulation: 95 microseconds

Stages 3
Micro-bs 32 Max mem: 4313669017.6
Predicted microbatch size for 3: 32
comm size 25690112
WARNING: no send time found, 3 partitions
GPUS_PER_VM=1 /home/ubuntu/varuna/tools/simulator/simulate-varuna 3 7 0 7540.138721466064 929913.8118823369
End of simulation:  Mini-batch time (usec) = 4955939
Min send: 10000000, max send 0
Min long send: 930245, max long send 945608
Min fwd: 8775, max fwd 19684; min bwd 24478, max bwd 41849
Min long fwd: 2259, max long fwd 7334; min long bwd 12226, max long bwd 16590
Time taken by simulation: 234 microseconds

Stages 4
Micro-bs 32 Max mem: 3762429747.2
Predicted microbatch size for 4: 32
comm size 25690112
WARNING: no send time found, 4 partitions
GPUS_PER_VM=1 /home/ubuntu/varuna/tools/simulator/simulate-varuna 4 8 0 3659.188747406006 929913.8118823369
End of simulation:  Mini-batch time (usec) = 6836714
Min send: 10000000, max send 0
Min long send: 929995, max long send 954618
Min fwd: 4418, max fwd 15941; min bwd 13005, max bwd 30581
Min long fwd: 989, max long fwd 6784; min long bwd 7050, max long bwd 13429
Time taken by simulation: 367 microseconds

Stages 6
Micro-bs 32 Max mem: 3200148889.6
Predicted microbatch size for 6: 32
comm size 12845056
WARNING: no send time found, 6 partitions
GPUS_PER_VM=1 /home/ubuntu/varuna/tools/simulator/simulate-varuna 6 13 0 1801.1889457702637 541471.8854995001
End of simulation:  Mini-batch time (usec) = 7858281
Min send: 10000000, max send 0
Min long send: 541553, max long send 566176
Min fwd: 380, max fwd 12458; min bwd 8532, max bwd 24401
Min long fwd: 1017, max long fwd 4595; min long bwd 780, max long bwd 6417
Time taken by simulation: 952 microseconds

{1: 1.424058, 2: 1.466822, 3: 4.955939, 4: 6.836714, 6: 7.858281}
{1: 32, 2: 32, 3: 32, 4: 32, 6: 32}
best config is: 2 32
expected time is 1.466822
16 per stage
32 servers!
Config:
ranks: range(30, 31)
train batch size: 2048
partitions: 2
chunk_size: 32
data depth: 16
stage to rank map: 0,2,4,6,8,10,12,14,16,18,20,22,24,26,28,30;1,3,5,7,9,11,13,15,17,19,21,23,25,27,29,31;
World size is 32
/opt/conda/envs/varuna/bin/python -u main.py --rank=30 --chunk_size=32 --local_rank=0 --stage_to_rank_map=0,2,4,6,8,10,12,14,16,18,20,22,24,26,28,30;1,3,5,7,9,11,13,15,17,19,21,23,25,27,29,31; --batch-size=128 data -a vgg19 --varuna --lr 0.001 --epochs 1000 --resume s3://spot-checkpoints/vgg19 --resume_step 606
[2022-12-01 19:02:35.010227] => creating model 'vgg19'
[2, 4, 6, 8, 10, 12, 14, 16, 18, 21, 24]
Files already downloaded and verified
Num cutpoints is 11
dry run time 0.981621265411377
SHARED WEIGHTS ARE
None
this rank  30 is part of pipeline replica  15
4 chunks
>>>>> [2022-12-01 19:02:56.032620] Time taken to load checkpoint: 14.322s
30 Overflow !!
30 : update_scale(): _has_overflow, dynamic. _loss_scale =  524288.0
[2022-12-01 19:03:23.243503] Finished iteration 607, CKPT_AND_STOP: False, flag: tensor([0], dtype=torch.int32), speed: 8604.138
30 Overflow !!
30 : update_scale(): _has_overflow, dynamic. _loss_scale =  262144.0
[2022-12-01 19:03:25.687722] Finished iteration 608, CKPT_AND_STOP: False, flag: tensor([0], dtype=torch.int32), speed: 2443.990
30 Overflow !!
30 : update_scale(): _has_overflow, dynamic. _loss_scale =  131072.0
[2022-12-01 19:03:28.001623] Finished iteration 609, CKPT_AND_STOP: False, flag: tensor([0], dtype=torch.int32), speed: 2313.895
[2022-12-01 19:02:56.032856] Epoch: [0][610/390]	Time  3.487 ( 3.953)	Data  1.037 ( 0.702)	Loss 4.6123e+00 (4.6111e+00)	Acc@1   0.00 (  0.00)	Acc@5   0.00 (  0.00)
[2022-12-01 19:03:30.484021] Finished iteration 610, CKPT_AND_STOP: False, flag: tensor([0], dtype=torch.int32), speed: 2482.372
[2022-12-01 19:03:33.052869] Finished iteration 611, CKPT_AND_STOP: False, flag: tensor([0], dtype=torch.int32), speed: 2568.803
[2022-12-01 19:03:34.531007] Finished iteration 612, CKPT_AND_STOP: False, flag: tensor([0], dtype=torch.int32), speed: 1478.137
[2022-12-01 19:03:36.121414] Finished iteration 613, CKPT_AND_STOP: False, flag: tensor([0], dtype=torch.int32), speed: 1590.316
[2022-12-01 19:03:37.613625] Finished iteration 614, CKPT_AND_STOP: False, flag: tensor([0], dtype=torch.int32), speed: 1492.146
[2022-12-01 19:03:38.729920] Finished iteration 615, CKPT_AND_STOP: False, flag: tensor([0], dtype=torch.int32), speed: 1116.247
[2022-12-01 19:03:40.225020] Finished iteration 616, CKPT_AND_STOP: False, flag: tensor([0], dtype=torch.int32), speed: 1495.073
[2022-12-01 19:03:41.717602] Finished iteration 617, CKPT_AND_STOP: False, flag: tensor([0], dtype=torch.int32), speed: 1492.550
[2022-12-01 19:03:43.001481] Finished iteration 618, CKPT_AND_STOP: False, flag: tensor([0], dtype=torch.int32), speed: 1283.847
[2022-12-01 19:03:44.241575] Finished iteration 619, CKPT_AND_STOP: False, flag: tensor([0], dtype=torch.int32), speed: 1240.055
[2022-12-01 19:02:56.032856] Epoch: [0][620/390]	Time  1.324 ( 2.209)	Data  0.006 ( 0.207)	Loss 4.6211e+00 (4.6134e+00)	Acc@1   0.00 (  0.00)	Acc@5   0.00 (  0.00)
[2022-12-01 19:03:45.564397] Finished iteration 620, CKPT_AND_STOP: False, flag: tensor([0], dtype=torch.int32), speed: 1322.760
[2022-12-01 19:03:47.038792] Finished iteration 621, CKPT_AND_STOP: False, flag: tensor([0], dtype=torch.int32), speed: 1474.377
[2022-12-01 19:03:48.854251] Finished iteration 622, CKPT_AND_STOP: False, flag: tensor([0], dtype=torch.int32), speed: 1815.417
[2022-12-01 19:03:50.575170] Finished iteration 623, CKPT_AND_STOP: False, flag: tensor([0], dtype=torch.int32), speed: 1720.884
[2022-12-01 19:03:51.925486] Finished iteration 624, CKPT_AND_STOP: False, flag: tensor([0], dtype=torch.int32), speed: 1350.279
[2022-12-01 19:03:53.454458] Finished iteration 625, CKPT_AND_STOP: False, flag: tensor([0], dtype=torch.int32), speed: 1528.934
[2022-12-01 19:03:54.959636] Finished iteration 626, CKPT_AND_STOP: False, flag: tensor([0], dtype=torch.int32), speed: 1505.144
[2022-12-01 19:03:56.238420] Finished iteration 627, CKPT_AND_STOP: False, flag: tensor([0], dtype=torch.int32), speed: 1278.741
[2022-12-01 19:03:57.562528] Finished iteration 628, CKPT_AND_STOP: False, flag: tensor([0], dtype=torch.int32), speed: 1324.077
[2022-12-01 19:03:59.049538] Finished iteration 629, CKPT_AND_STOP: False, flag: tensor([0], dtype=torch.int32), speed: 1486.972
[2022-12-01 19:02:56.032856] Epoch: [0][630/390]	Time  1.493 ( 1.912)	Data  0.007 ( 0.123)	Loss 4.6055e+00 (4.6131e+00)	Acc@1   0.00 (  0.00)	Acc@5   0.00 (  0.00)
[2022-12-01 19:04:00.539535] Finished iteration 630, CKPT_AND_STOP: False, flag: tensor([0], dtype=torch.int32), speed: 1489.958
[2022-12-01 19:04:02.000917] Finished iteration 631, CKPT_AND_STOP: False, flag: tensor([0], dtype=torch.int32), speed: 1461.361
[2022-12-01 19:04:03.268513] Finished iteration 632, CKPT_AND_STOP: False, flag: tensor([0], dtype=torch.int32), speed: 1267.554
[2022-12-01 19:04:05.027170] Finished iteration 633, CKPT_AND_STOP: False, flag: tensor([0], dtype=torch.int32), speed: 1758.627
[2022-12-01 19:04:06.541462] Finished iteration 634, CKPT_AND_STOP: False, flag: tensor([0], dtype=torch.int32), speed: 1514.279
[2022-12-01 19:04:08.031677] Finished iteration 635, CKPT_AND_STOP: False, flag: tensor([0], dtype=torch.int32), speed: 1490.144
[2022-12-01 19:04:09.538201] Finished iteration 636, CKPT_AND_STOP: False, flag: tensor([0], dtype=torch.int32), speed: 1506.512
[2022-12-01 19:04:10.965993] Finished iteration 637, CKPT_AND_STOP: False, flag: tensor([0], dtype=torch.int32), speed: 1427.726
[2022-12-01 19:04:12.340460] Finished iteration 638, CKPT_AND_STOP: False, flag: tensor([0], dtype=torch.int32), speed: 1374.462
[2022-12-01 19:04:14.118798] Finished iteration 639, CKPT_AND_STOP: False, flag: tensor([0], dtype=torch.int32), speed: 1778.277
[2022-12-01 19:02:56.032856] Epoch: [0][640/390]	Time  1.494 ( 1.793)	Data  0.005 ( 0.088)	Loss 4.6025e+00 (4.6117e+00)	Acc@1   0.00 (  0.00)	Acc@5   0.00 (  0.00)
[2022-12-01 19:04:15.612868] Finished iteration 640, CKPT_AND_STOP: False, flag: tensor([0], dtype=torch.int32), speed: 1494.024
[2022-12-01 19:04:16.945059] Finished iteration 641, CKPT_AND_STOP: False, flag: tensor([0], dtype=torch.int32), speed: 1332.169
[2022-12-01 19:04:18.273062] Finished iteration 642, CKPT_AND_STOP: False, flag: tensor([0], dtype=torch.int32), speed: 1327.964
[2022-12-01 19:04:19.812349] Finished iteration 643, CKPT_AND_STOP: False, flag: tensor([0], dtype=torch.int32), speed: 1539.244
[2022-12-01 19:04:21.138646] Finished iteration 644, CKPT_AND_STOP: False, flag: tensor([0], dtype=torch.int32), speed: 1326.256
[2022-12-01 19:04:22.497113] Finished iteration 645, CKPT_AND_STOP: False, flag: tensor([0], dtype=torch.int32), speed: 1358.436
[2022-12-01 19:04:24.184231] Finished iteration 646, CKPT_AND_STOP: False, flag: tensor([0], dtype=torch.int32), speed: 1687.086
[2022-12-01 19:04:25.560298] Finished iteration 647, CKPT_AND_STOP: False, flag: tensor([0], dtype=torch.int32), speed: 1376.025
[2022-12-01 19:04:27.049989] Finished iteration 648, CKPT_AND_STOP: False, flag: tensor([0], dtype=torch.int32), speed: 1489.672
[2022-12-01 19:04:28.393577] Finished iteration 649, CKPT_AND_STOP: False, flag: tensor([0], dtype=torch.int32), speed: 1343.538
[2022-12-01 19:02:56.032856] Epoch: [0][650/390]	Time  1.366 ( 1.707)	Data  0.005 ( 0.069)	Loss 4.6055e+00 (4.6107e+00)	Acc@1   0.00 (  0.00)	Acc@5   0.00 (  0.00)
[2022-12-01 19:04:29.759751] Finished iteration 650, CKPT_AND_STOP: False, flag: tensor([0], dtype=torch.int32), speed: 1366.127
[2022-12-01 19:04:31.090121] Finished iteration 651, CKPT_AND_STOP: False, flag: tensor([0], dtype=torch.int32), speed: 1330.377
[2022-12-01 19:04:32.411048] Finished iteration 652, CKPT_AND_STOP: False, flag: tensor([0], dtype=torch.int32), speed: 1320.893
[2022-12-01 19:04:33.711286] Finished iteration 653, CKPT_AND_STOP: False, flag: tensor([0], dtype=torch.int32), speed: 1300.200
[2022-12-01 19:04:35.040599] Finished iteration 654, CKPT_AND_STOP: False, flag: tensor([0], dtype=torch.int32), speed: 1329.280
[2022-12-01 19:04:36.579497] Finished iteration 655, CKPT_AND_STOP: False, flag: tensor([0], dtype=torch.int32), speed: 1538.858
[2022-12-01 19:04:37.880869] Finished iteration 656, CKPT_AND_STOP: False, flag: tensor([0], dtype=torch.int32), speed: 1301.331
[2022-12-01 19:04:39.118076] Finished iteration 657, CKPT_AND_STOP: False, flag: tensor([0], dtype=torch.int32), speed: 1237.158
[2022-12-01 19:04:40.684500] Finished iteration 658, CKPT_AND_STOP: False, flag: tensor([0], dtype=torch.int32), speed: 1566.385
[2022-12-01 19:04:42.001345] Finished iteration 659, CKPT_AND_STOP: False, flag: tensor([0], dtype=torch.int32), speed: 1316.800
[2022-12-01 19:02:56.032856] Epoch: [0][660/390]	Time  1.529 ( 1.646)	Data  0.005 ( 0.058)	Loss 4.6133e+00 (4.6103e+00)	Acc@1   0.00 (  0.00)	Acc@5   0.00 (  0.00)
[2022-12-01 19:04:43.529962] Finished iteration 660, CKPT_AND_STOP: False, flag: tensor([0], dtype=torch.int32), speed: 1528.605
[2022-12-01 19:04:45.015549] Finished iteration 661, CKPT_AND_STOP: False, flag: tensor([0], dtype=torch.int32), speed: 1485.543
[2022-12-01 19:04:46.321044] Finished iteration 662, CKPT_AND_STOP: False, flag: tensor([0], dtype=torch.int32), speed: 1305.450
[2022-12-01 19:04:47.812492] Finished iteration 663, CKPT_AND_STOP: False, flag: tensor([0], dtype=torch.int32), speed: 1491.412
[2022-12-01 19:04:49.616580] Finished iteration 664, CKPT_AND_STOP: False, flag: tensor([0], dtype=torch.int32), speed: 1804.043
[2022-12-01 19:04:50.907337] Finished iteration 665, CKPT_AND_STOP: False, flag: tensor([0], dtype=torch.int32), speed: 1290.724
[2022-12-01 19:04:52.182553] Finished iteration 666, CKPT_AND_STOP: False, flag: tensor([0], dtype=torch.int32), speed: 1275.178
[2022-12-01 19:04:53.859766] Finished iteration 667, CKPT_AND_STOP: False, flag: tensor([0], dtype=torch.int32), speed: 1677.183
[2022-12-01 19:04:55.325305] Finished iteration 668, CKPT_AND_STOP: False, flag: tensor([0], dtype=torch.int32), speed: 1465.496
[2022-12-01 19:04:57.206761] Finished iteration 669, CKPT_AND_STOP: False, flag: tensor([0], dtype=torch.int32), speed: 1881.416
[2022-12-01 19:02:56.032856] Epoch: [0][670/390]	Time  1.550 ( 1.627)	Data  0.005 ( 0.049)	Loss 4.6133e+00 (4.6100e+00)	Acc@1   0.00 (  0.00)	Acc@5   0.00 (  0.00)
[2022-12-01 19:04:58.756421] Finished iteration 670, CKPT_AND_STOP: False, flag: tensor([0], dtype=torch.int32), speed: 1549.618
[2022-12-01 19:05:00.259061] Finished iteration 671, CKPT_AND_STOP: False, flag: tensor([0], dtype=torch.int32), speed: 1502.638
[2022-12-01 19:05:01.528185] Finished iteration 672, CKPT_AND_STOP: False, flag: tensor([0], dtype=torch.int32), speed: 1269.062
[2022-12-01 19:05:02.774791] Finished iteration 673, CKPT_AND_STOP: False, flag: tensor([0], dtype=torch.int32), speed: 1246.559
[2022-12-01 19:05:04.573755] Finished iteration 674, CKPT_AND_STOP: False, flag: tensor([0], dtype=torch.int32), speed: 1798.927
[2022-12-01 19:05:05.863017] Finished iteration 675, CKPT_AND_STOP: False, flag: tensor([0], dtype=torch.int32), speed: 1289.268
[2022-12-01 19:05:06.988147] Finished iteration 676, CKPT_AND_STOP: False, flag: tensor([0], dtype=torch.int32), speed: 1125.040
[2022-12-01 19:05:08.251861] Finished iteration 677, CKPT_AND_STOP: False, flag: tensor([0], dtype=torch.int32), speed: 1263.680
[2022-12-01 19:05:09.531591] Finished iteration 678, CKPT_AND_STOP: False, flag: tensor([0], dtype=torch.int32), speed: 1279.701
[2022-12-01 19:05:10.846275] Finished iteration 679, CKPT_AND_STOP: False, flag: tensor([0], dtype=torch.int32), speed: 1314.647
[2022-12-01 19:02:56.032856] Epoch: [0][680/390]	Time  1.434 ( 1.589)	Data  0.058 ( 0.044)	Loss 4.6055e+00 (4.6097e+00)	Acc@1   0.00 (  0.00)	Acc@5   0.00 (  0.00)
[2022-12-01 19:05:12.228733] Finished iteration 680, CKPT_AND_STOP: False, flag: tensor([0], dtype=torch.int32), speed: 1382.440
[2022-12-01 19:05:13.732822] Finished iteration 681, CKPT_AND_STOP: False, flag: tensor([0], dtype=torch.int32), speed: 1504.040
[2022-12-01 19:05:15.097545] Finished iteration 682, CKPT_AND_STOP: False, flag: tensor([0], dtype=torch.int32), speed: 1364.679
[2022-12-01 19:05:16.191283] Finished iteration 683, CKPT_AND_STOP: False, flag: tensor([0], dtype=torch.int32), speed: 1093.706
[2022-12-01 19:05:17.543192] Finished iteration 684, CKPT_AND_STOP: False, flag: tensor([0], dtype=torch.int32), speed: 1351.860
[2022-12-01 19:05:18.875510] Finished iteration 685, CKPT_AND_STOP: False, flag: tensor([0], dtype=torch.int32), speed: 1332.306
[2022-12-01 19:05:20.431924] Finished iteration 686, CKPT_AND_STOP: False, flag: tensor([0], dtype=torch.int32), speed: 1556.350
[2022-12-01 19:05:21.966159] Finished iteration 687, CKPT_AND_STOP: False, flag: tensor([0], dtype=torch.int32), speed: 1534.194
[2022-12-01 19:05:23.447018] Finished iteration 688, CKPT_AND_STOP: False, flag: tensor([0], dtype=torch.int32), speed: 1480.848
[2022-12-01 19:05:24.781227] Finished iteration 689, CKPT_AND_STOP: False, flag: tensor([0], dtype=torch.int32), speed: 1334.138
[2022-12-01 19:02:56.032856] Epoch: [0][690/390]	Time  1.345 ( 1.565)	Data  0.006 ( 0.040)	Loss 4.6006e+00 (4.6104e+00)	Acc@1   0.00 (  0.00)	Acc@5   0.00 (  0.00)
[2022-12-01 19:05:26.125158] Finished iteration 690, CKPT_AND_STOP: False, flag: tensor([0], dtype=torch.int32), speed: 1343.896
[2022-12-01 19:05:27.731815] Finished iteration 691, CKPT_AND_STOP: False, flag: tensor([0], dtype=torch.int32), speed: 1606.630
[2022-12-01 19:05:29.421842] Finished iteration 692, CKPT_AND_STOP: False, flag: tensor([0], dtype=torch.int32), speed: 1689.995
[2022-12-01 19:05:31.135872] Finished iteration 693, CKPT_AND_STOP: False, flag: tensor([0], dtype=torch.int32), speed: 1713.984
[2022-12-01 19:05:32.454757] Finished iteration 694, CKPT_AND_STOP: False, flag: tensor([0], dtype=torch.int32), speed: 1318.858
[2022-12-01 19:05:34.029409] Finished iteration 695, CKPT_AND_STOP: False, flag: tensor([0], dtype=torch.int32), speed: 1574.615
[2022-12-01 19:05:35.363946] Finished iteration 696, CKPT_AND_STOP: False, flag: tensor([0], dtype=torch.int32), speed: 1334.486
[2022-12-01 19:05:36.628068] Finished iteration 697, CKPT_AND_STOP: False, flag: tensor([0], dtype=torch.int32), speed: 1264.093
[2022-12-01 19:05:38.131235] Finished iteration 698, CKPT_AND_STOP: False, flag: tensor([0], dtype=torch.int32), speed: 1503.128
[2022-12-01 19:05:39.928743] Finished iteration 699, CKPT_AND_STOP: False, flag: tensor([0], dtype=torch.int32), speed: 1797.472
[2022-12-01 19:02:56.032856] Epoch: [0][700/390]	Time  1.522 ( 1.562)	Data  0.005 ( 0.036)	Loss 4.6094e+00 (4.6102e+00)	Acc@1   0.00 (  0.00)	Acc@5   0.00 (  0.00)
[2022-12-01 19:05:41.450828] Finished iteration 700, CKPT_AND_STOP: False, flag: tensor([0], dtype=torch.int32), speed: 1522.037
[2022-12-01 19:05:42.594712] Finished iteration 701, CKPT_AND_STOP: False, flag: tensor([0], dtype=torch.int32), speed: 1143.867
[2022-12-01 19:05:44.032418] Finished iteration 702, CKPT_AND_STOP: False, flag: tensor([0], dtype=torch.int32), speed: 1437.667
[2022-12-01 19:05:45.387491] Finished iteration 703, CKPT_AND_STOP: False, flag: tensor([0], dtype=torch.int32), speed: 1355.031
[2022-12-01 19:05:46.703794] Finished iteration 704, CKPT_AND_STOP: False, flag: tensor([0], dtype=torch.int32), speed: 1316.276
[2022-12-01 19:05:47.980830] Finished iteration 705, CKPT_AND_STOP: False, flag: tensor([0], dtype=torch.int32), speed: 1276.992
[2022-12-01 19:05:49.341460] Finished iteration 706, CKPT_AND_STOP: False, flag: tensor([0], dtype=torch.int32), speed: 1360.606
[2022-12-01 19:05:50.890551] Finished iteration 707, CKPT_AND_STOP: False, flag: tensor([0], dtype=torch.int32), speed: 1549.046
[2022-12-01 19:05:52.160235] Finished iteration 708, CKPT_AND_STOP: False, flag: tensor([0], dtype=torch.int32), speed: 1269.646
[2022-12-01 19:05:53.483725] Finished iteration 709, CKPT_AND_STOP: False, flag: tensor([0], dtype=torch.int32), speed: 1323.449
[2022-12-01 19:02:56.032856] Epoch: [0][710/390]	Time  1.642 ( 1.543)	Data  0.005 ( 0.033)	Loss 4.6143e+00 (4.6101e+00)	Acc@1   0.00 (  0.00)	Acc@5   0.00 (  0.00)
[2022-12-01 19:05:55.126754] Finished iteration 710, CKPT_AND_STOP: False, flag: tensor([0], dtype=torch.int32), speed: 1642.996
[2022-12-01 19:05:56.715908] Finished iteration 711, CKPT_AND_STOP: False, flag: tensor([0], dtype=torch.int32), speed: 1589.132
[2022-12-01 19:05:58.174167] Finished iteration 712, CKPT_AND_STOP: False, flag: tensor([0], dtype=torch.int32), speed: 1458.235
[2022-12-01 19:05:59.812070] Finished iteration 713, CKPT_AND_STOP: False, flag: tensor([0], dtype=torch.int32), speed: 1637.856
[2022-12-01 19:06:01.297442] Finished iteration 714, CKPT_AND_STOP: False, flag: tensor([0], dtype=torch.int32), speed: 1485.332
[2022-12-01 19:06:02.605433] Finished iteration 715, CKPT_AND_STOP: False, flag: tensor([0], dtype=torch.int32), speed: 1307.960
[2022-12-01 19:06:04.250876] Finished iteration 716, CKPT_AND_STOP: False, flag: tensor([0], dtype=torch.int32), speed: 1645.400
[2022-12-01 19:06:05.400323] Finished iteration 717, CKPT_AND_STOP: False, flag: tensor([0], dtype=torch.int32), speed: 1149.412
[2022-12-01 19:06:06.906405] Finished iteration 718, CKPT_AND_STOP: False, flag: tensor([0], dtype=torch.int32), speed: 1506.042
[2022-12-01 19:06:08.161625] Finished iteration 719, CKPT_AND_STOP: False, flag: tensor([0], dtype=torch.int32), speed: 1255.177
[2022-12-01 19:02:56.032856] Epoch: [0][720/390]	Time  1.259 ( 1.533)	Data  0.005 ( 0.031)	Loss 4.5918e+00 (4.6100e+00)	Acc@1   0.00 (  0.00)	Acc@5   0.00 (  0.00)
[2022-12-01 19:06:09.420679] Finished iteration 720, CKPT_AND_STOP: False, flag: tensor([0], dtype=torch.int32), speed: 1259.016
[2022-12-01 19:06:10.920468] Finished iteration 721, CKPT_AND_STOP: False, flag: tensor([0], dtype=torch.int32), speed: 1499.771
[2022-12-01 19:06:12.626701] Finished iteration 722, CKPT_AND_STOP: False, flag: tensor([0], dtype=torch.int32), speed: 1706.194
[2022-12-01 19:06:14.136340] Finished iteration 723, CKPT_AND_STOP: False, flag: tensor([0], dtype=torch.int32), speed: 1509.602
[2022-12-01 19:06:15.257439] Finished iteration 724, CKPT_AND_STOP: False, flag: tensor([0], dtype=torch.int32), speed: 1121.073
[2022-12-01 19:06:16.776259] Finished iteration 725, CKPT_AND_STOP: False, flag: tensor([0], dtype=torch.int32), speed: 1518.769
[2022-12-01 19:06:18.312764] Finished iteration 726, CKPT_AND_STOP: False, flag: tensor([0], dtype=torch.int32), speed: 1536.464
[2022-12-01 19:06:19.823287] Finished iteration 727, CKPT_AND_STOP: False, flag: tensor([0], dtype=torch.int32), speed: 1510.498
[2022-12-01 19:06:21.279581] Finished iteration 728, CKPT_AND_STOP: False, flag: tensor([0], dtype=torch.int32), speed: 1456.274
[2022-12-01 19:06:22.721028] Finished iteration 729, CKPT_AND_STOP: False, flag: tensor([0], dtype=torch.int32), speed: 1441.400
[2022-12-01 19:02:56.032856] Epoch: [0][730/390]	Time  1.258 ( 1.527)	Data  0.006 ( 0.029)	Loss 4.6104e+00 (4.6099e+00)	Acc@1   0.00 (  0.00)	Acc@5   0.00 (  0.00)
[2022-12-01 19:06:23.977549] Finished iteration 730, CKPT_AND_STOP: False, flag: tensor([0], dtype=torch.int32), speed: 1256.457
[2022-12-01 19:06:25.248366] Finished iteration 731, CKPT_AND_STOP: False, flag: tensor([0], dtype=torch.int32), speed: 1270.788
[2022-12-01 19:06:26.957894] Finished iteration 732, CKPT_AND_STOP: False, flag: tensor([0], dtype=torch.int32), speed: 1709.491
[2022-12-01 19:06:28.257479] Finished iteration 733, CKPT_AND_STOP: False, flag: tensor([0], dtype=torch.int32), speed: 1299.544
[2022-12-01 19:06:29.961012] Finished iteration 734, CKPT_AND_STOP: False, flag: tensor([0], dtype=torch.int32), speed: 1703.503
[2022-12-01 19:06:31.477547] Finished iteration 735, CKPT_AND_STOP: False, flag: tensor([0], dtype=torch.int32), speed: 1516.490
[2022-12-01 19:06:33.090854] Finished iteration 736, CKPT_AND_STOP: False, flag: tensor([0], dtype=torch.int32), speed: 1613.287
[2022-12-01 19:06:34.424115] Finished iteration 737, CKPT_AND_STOP: False, flag: tensor([0], dtype=torch.int32), speed: 1333.245
[2022-12-01 19:06:35.918990] Finished iteration 738, CKPT_AND_STOP: False, flag: tensor([0], dtype=torch.int32), speed: 1494.836
[2022-12-01 19:06:37.175000] Finished iteration 739, CKPT_AND_STOP: False, flag: tensor([0], dtype=torch.int32), speed: 1255.966
[2022-12-01 19:02:56.032856] Epoch: [0][740/390]	Time  1.456 ( 1.522)	Data  0.005 ( 0.028)	Loss 4.6230e+00 (4.6098e+00)	Acc@1   0.00 (  0.00)	Acc@5   0.00 (  0.00)
[2022-12-01 19:06:38.631031] Finished iteration 740, CKPT_AND_STOP: False, flag: tensor([0], dtype=torch.int32), speed: 1456.001
[2022-12-01 19:06:40.132028] Finished iteration 741, CKPT_AND_STOP: False, flag: tensor([0], dtype=torch.int32), speed: 1500.930
[2022-12-01 19:06:41.705515] Finished iteration 742, CKPT_AND_STOP: False, flag: tensor([0], dtype=torch.int32), speed: 1573.458
[2022-12-01 19:06:43.201380] Finished iteration 743, CKPT_AND_STOP: False, flag: tensor([0], dtype=torch.int32), speed: 1495.830
[2022-12-01 19:06:44.862436] Finished iteration 744, CKPT_AND_STOP: False, flag: tensor([0], dtype=torch.int32), speed: 1661.045
[2022-12-01 19:06:46.110289] Finished iteration 745, CKPT_AND_STOP: False, flag: tensor([0], dtype=torch.int32), speed: 1247.811
[2022-12-01 19:06:47.441733] Finished iteration 746, CKPT_AND_STOP: False, flag: tensor([0], dtype=torch.int32), speed: 1331.398
[2022-12-01 19:06:48.935511] Finished iteration 747, CKPT_AND_STOP: False, flag: tensor([0], dtype=torch.int32), speed: 1493.738
[2022-12-01 19:06:50.546082] Finished iteration 748, CKPT_AND_STOP: False, flag: tensor([0], dtype=torch.int32), speed: 1610.546
[2022-12-01 19:06:52.010656] Finished iteration 749, CKPT_AND_STOP: False, flag: tensor([0], dtype=torch.int32), speed: 1464.544
[2022-12-01 19:02:56.032856] Epoch: [0][750/390]	Time  1.725 ( 1.521)	Data  0.005 ( 0.026)	Loss 4.6016e+00 (4.6094e+00)	Acc@1   0.00 (  0.00)	Acc@5   0.00 (  0.00)
[2022-12-01 19:06:53.735479] Finished iteration 750, CKPT_AND_STOP: False, flag: tensor([0], dtype=torch.int32), speed: 1724.746
[2022-12-01 19:06:55.059815] Finished iteration 751, CKPT_AND_STOP: False, flag: tensor([0], dtype=torch.int32), speed: 1324.302
[2022-12-01 19:06:56.357856] Finished iteration 752, CKPT_AND_STOP: False, flag: tensor([0], dtype=torch.int32), speed: 1298.014
[2022-12-01 19:06:58.093210] Finished iteration 753, CKPT_AND_STOP: False, flag: tensor([0], dtype=torch.int32), speed: 1735.334
[2022-12-01 19:06:59.819142] Finished iteration 754, CKPT_AND_STOP: False, flag: tensor([0], dtype=torch.int32), speed: 1725.967
[2022-12-01 19:07:01.605290] Finished iteration 755, CKPT_AND_STOP: False, flag: tensor([0], dtype=torch.int32), speed: 1786.033
[2022-12-01 19:07:03.135775] Finished iteration 756, CKPT_AND_STOP: False, flag: tensor([0], dtype=torch.int32), speed: 1530.447
[2022-12-01 19:07:04.651214] Finished iteration 757, CKPT_AND_STOP: False, flag: tensor([0], dtype=torch.int32), speed: 1515.382
[2022-12-01 19:07:06.224378] Finished iteration 758, CKPT_AND_STOP: False, flag: tensor([0], dtype=torch.int32), speed: 1573.125
[2022-12-01 19:07:07.671357] Finished iteration 759, CKPT_AND_STOP: False, flag: tensor([0], dtype=torch.int32), speed: 1446.940
[2022-12-01 19:02:56.032856] Epoch: [0][760/390]	Time  1.104 ( 1.520)	Data  0.006 ( 0.025)	Loss 4.6162e+00 (4.6097e+00)	Acc@1   0.00 (  0.00)	Acc@5   0.00 (  0.00)
[2022-12-01 19:07:08.775385] Finished iteration 760, CKPT_AND_STOP: False, flag: tensor([0], dtype=torch.int32), speed: 1103.982
[2022-12-01 19:07:10.237444] Finished iteration 761, CKPT_AND_STOP: False, flag: tensor([0], dtype=torch.int32), speed: 1462.051
[2022-12-01 19:07:11.538352] Finished iteration 762, CKPT_AND_STOP: False, flag: tensor([0], dtype=torch.int32), speed: 1300.844
[2022-12-01 19:07:13.171019] Finished iteration 763, CKPT_AND_STOP: False, flag: tensor([0], dtype=torch.int32), speed: 1632.686
[2022-12-01 19:07:14.696408] Finished iteration 764, CKPT_AND_STOP: False, flag: tensor([0], dtype=torch.int32), speed: 1525.338
[2022-12-01 19:07:16.241412] Finished iteration 765, CKPT_AND_STOP: False, flag: tensor([0], dtype=torch.int32), speed: 1544.976
[2022-12-01 19:07:18.290448] Finished iteration 766, CKPT_AND_STOP: False, flag: tensor([0], dtype=torch.int32), speed: 2048.962
[2022-12-01 19:07:19.795080] Finished iteration 767, CKPT_AND_STOP: False, flag: tensor([0], dtype=torch.int32), speed: 1504.664
[2022-12-01 19:07:21.253366] Finished iteration 768, CKPT_AND_STOP: False, flag: tensor([0], dtype=torch.int32), speed: 1458.194
[2022-12-01 19:07:22.925898] Finished iteration 769, CKPT_AND_STOP: False, flag: tensor([0], dtype=torch.int32), speed: 1672.506
[2022-12-01 19:02:56.032856] Epoch: [0][770/390]	Time  1.626 ( 1.524)	Data  0.005 ( 0.023)	Loss 4.6240e+00 (4.6098e+00)	Acc@1   0.00 (  0.00)	Acc@5   0.00 (  0.00)
[2022-12-01 19:07:24.551246] Finished iteration 770, CKPT_AND_STOP: False, flag: tensor([0], dtype=torch.int32), speed: 1625.288
[2022-12-01 19:07:25.925339] Finished iteration 771, CKPT_AND_STOP: False, flag: tensor([0], dtype=torch.int32), speed: 1374.066
[2022-12-01 19:07:27.622101] Finished iteration 772, CKPT_AND_STOP: False, flag: tensor([0], dtype=torch.int32), speed: 1696.725
[2022-12-01 19:07:29.012404] Finished iteration 773, CKPT_AND_STOP: False, flag: tensor([0], dtype=torch.int32), speed: 1390.253
[2022-12-01 19:07:30.536966] Finished iteration 774, CKPT_AND_STOP: False, flag: tensor([0], dtype=torch.int32), speed: 1524.531
[2022-12-01 19:07:32.095133] Finished iteration 775, CKPT_AND_STOP: False, flag: tensor([0], dtype=torch.int32), speed: 1558.139
[2022-12-01 19:07:33.596914] Finished iteration 776, CKPT_AND_STOP: False, flag: tensor([0], dtype=torch.int32), speed: 1501.729
[2022-12-01 19:07:35.055747] Finished iteration 777, CKPT_AND_STOP: False, flag: tensor([0], dtype=torch.int32), speed: 1458.785
[2022-12-01 19:07:36.641739] Finished iteration 778, CKPT_AND_STOP: False, flag: tensor([0], dtype=torch.int32), speed: 1585.964
[2022-12-01 19:07:37.897288] Finished iteration 779, CKPT_AND_STOP: False, flag: tensor([0], dtype=torch.int32), speed: 1255.516
[2022-12-01 19:02:56.032856] Epoch: [0][780/390]	Time  1.496 ( 1.522)	Data  0.005 ( 0.023)	Loss 4.6104e+00 (4.6097e+00)	Acc@1   0.00 (  0.00)	Acc@5   0.00 (  0.00)
[2022-12-01 19:07:39.393820] Finished iteration 780, CKPT_AND_STOP: False, flag: tensor([0], dtype=torch.int32), speed: 1496.478
[2022-12-01 19:07:40.728121] Finished iteration 781, CKPT_AND_STOP: False, flag: tensor([0], dtype=torch.int32), speed: 1334.276
[2022-12-01 19:07:42.049298] Finished iteration 782, CKPT_AND_STOP: False, flag: tensor([0], dtype=torch.int32), speed: 1321.135
[2022-12-01 19:07:43.370126] Finished iteration 783, CKPT_AND_STOP: False, flag: tensor([0], dtype=torch.int32), speed: 1320.787
[2022-12-01 19:07:44.890361] Finished iteration 784, CKPT_AND_STOP: False, flag: tensor([0], dtype=torch.int32), speed: 1520.200
[2022-12-01 19:07:46.126565] Finished iteration 785, CKPT_AND_STOP: False, flag: tensor([0], dtype=torch.int32), speed: 1236.171
[2022-12-01 19:07:47.371543] Finished iteration 786, CKPT_AND_STOP: False, flag: tensor([0], dtype=torch.int32), speed: 1244.932
[2022-12-01 19:07:48.745482] Finished iteration 787, CKPT_AND_STOP: False, flag: tensor([0], dtype=torch.int32), speed: 1373.900
[2022-12-01 19:07:50.284435] Finished iteration 788, CKPT_AND_STOP: False, flag: tensor([0], dtype=torch.int32), speed: 1538.939
[2022-12-01 19:07:51.791493] Finished iteration 789, CKPT_AND_STOP: False, flag: tensor([0], dtype=torch.int32), speed: 1506.997
[2022-12-01 19:02:56.032856] Epoch: [0][790/390]	Time  1.444 ( 1.514)	Data  0.005 ( 0.022)	Loss 4.6133e+00 (4.6095e+00)	Acc@1   0.00 (  0.00)	Acc@5   0.00 (  0.00)
[2022-12-01 19:07:53.236400] Finished iteration 790, CKPT_AND_STOP: False, flag: tensor([0], dtype=torch.int32), speed: 1444.874
[2022-12-01 19:07:54.774481] Finished iteration 791, CKPT_AND_STOP: False, flag: tensor([0], dtype=torch.int32), speed: 1538.060
[2022-12-01 19:07:56.428096] Finished iteration 792, CKPT_AND_STOP: False, flag: tensor([0], dtype=torch.int32), speed: 1653.575
[2022-12-01 19:07:57.860877] Finished iteration 793, CKPT_AND_STOP: False, flag: tensor([0], dtype=torch.int32), speed: 1432.742
[2022-12-01 19:07:59.338424] Finished iteration 794, CKPT_AND_STOP: False, flag: tensor([0], dtype=torch.int32), speed: 1477.512
[2022-12-01 19:08:00.713426] Finished iteration 795, CKPT_AND_STOP: False, flag: tensor([0], dtype=torch.int32), speed: 1374.965
[2022-12-01 19:08:02.106848] Finished iteration 796, CKPT_AND_STOP: False, flag: tensor([0], dtype=torch.int32), speed: 1393.407
[2022-12-01 19:08:04.057848] Finished iteration 797, CKPT_AND_STOP: False, flag: tensor([0], dtype=torch.int32), speed: 1950.941
[2022-12-01 19:08:05.351822] Finished iteration 798, CKPT_AND_STOP: False, flag: tensor([0], dtype=torch.int32), speed: 1293.932
[2022-12-01 19:08:06.635129] Finished iteration 799, CKPT_AND_STOP: False, flag: tensor([0], dtype=torch.int32), speed: 1283.307
[2022-12-01 19:02:56.032856] Epoch: [0][800/390]	Time  1.461 ( 1.513)	Data  0.006 ( 0.021)	Loss 4.6016e+00 (4.6095e+00)	Acc@1   0.00 (  0.00)	Acc@5   0.00 (  0.00)
[2022-12-01 19:08:08.096401] Finished iteration 800, CKPT_AND_STOP: False, flag: tensor([0], dtype=torch.int32), speed: 1461.197
[2022-12-01 19:08:09.425542] Finished iteration 801, CKPT_AND_STOP: False, flag: tensor([0], dtype=torch.int32), speed: 1329.121
[2022-12-01 19:08:10.908255] Finished iteration 802, CKPT_AND_STOP: False, flag: tensor([0], dtype=torch.int32), speed: 1482.671
[2022-12-01 19:08:12.358412] Finished iteration 803, CKPT_AND_STOP: False, flag: tensor([0], dtype=torch.int32), speed: 1450.122
[2022-12-01 19:08:13.742901] Finished iteration 804, CKPT_AND_STOP: False, flag: tensor([0], dtype=torch.int32), speed: 1384.452
[2022-12-01 19:08:15.552437] Finished iteration 805, CKPT_AND_STOP: False, flag: tensor([0], dtype=torch.int32), speed: 1809.504
[2022-12-01 19:08:17.079994] Finished iteration 806, CKPT_AND_STOP: False, flag: tensor([0], dtype=torch.int32), speed: 1527.515
[2022-12-01 19:08:18.495413] Finished iteration 807, CKPT_AND_STOP: False, flag: tensor([0], dtype=torch.int32), speed: 1415.400
[2022-12-01 19:08:20.215662] Finished iteration 808, CKPT_AND_STOP: False, flag: tensor([0], dtype=torch.int32), speed: 1720.192
[2022-12-01 19:08:21.703845] Finished iteration 809, CKPT_AND_STOP: False, flag: tensor([0], dtype=torch.int32), speed: 1488.142
[2022-12-01 19:02:56.032856] Epoch: [0][810/390]	Time  1.307 ( 1.512)	Data  0.005 ( 0.020)	Loss 4.6035e+00 (4.6095e+00)	Acc@1   0.00 (  0.00)	Acc@5   0.00 (  0.00)
[2022-12-01 19:08:23.039029] Finished iteration 810, CKPT_AND_STOP: False, flag: tensor([0], dtype=torch.int32), speed: 1335.176
[2022-12-01 19:08:24.880199] Finished iteration 811, CKPT_AND_STOP: False, flag: tensor([0], dtype=torch.int32), speed: 1841.119
[2022-12-01 19:08:26.185819] Finished iteration 812, CKPT_AND_STOP: False, flag: tensor([0], dtype=torch.int32), speed: 1305.588
[2022-12-01 19:08:27.654800] Finished iteration 813, CKPT_AND_STOP: False, flag: tensor([0], dtype=torch.int32), speed: 1468.944
[2022-12-01 19:08:28.935240] Finished iteration 814, CKPT_AND_STOP: False, flag: tensor([0], dtype=torch.int32), speed: 1280.396
[2022-12-01 19:08:30.238479] Finished iteration 815, CKPT_AND_STOP: False, flag: tensor([0], dtype=torch.int32), speed: 1303.234
[2022-12-01 19:08:31.875939] Finished iteration 816, CKPT_AND_STOP: False, flag: tensor([0], dtype=torch.int32), speed: 1637.420
[2022-12-01 19:08:33.358494] Finished iteration 817, CKPT_AND_STOP: False, flag: tensor([0], dtype=torch.int32), speed: 1482.490
[2022-12-01 19:08:34.958577] Finished iteration 818, CKPT_AND_STOP: False, flag: tensor([0], dtype=torch.int32), speed: 1600.050
[2022-12-01 19:08:36.411371] Finished iteration 819, CKPT_AND_STOP: False, flag: tensor([0], dtype=torch.int32), speed: 1452.761
[2022-12-01 19:02:56.032856] Epoch: [0][820/390]	Time  1.449 ( 1.510)	Data  0.005 ( 0.020)	Loss 4.6084e+00 (4.6098e+00)	Acc@1   0.00 (  0.00)	Acc@5   0.00 (  0.00)
[2022-12-01 19:08:37.860105] Finished iteration 820, CKPT_AND_STOP: False, flag: tensor([3], dtype=torch.int32), speed: 1448.698
Opt ckpt time 1.4162802696228027
Process done with return code 0
Parent process ID: 125381 node: 172.31.28.16
12 cutpoints
Stages 1
Micro-bs 32 Max mem: 8350516326.4
Predicted microbatch size for 1: 32
comm size 0
GPUS_PER_VM=1 /home/ubuntu/varuna/tools/simulator/simulate-varuna 1 3 0 1188930.0075556464 0
End of simulation:  Mini-batch time (usec) = 1529679
Min send: 10000000, max send 0
Min long send: 10000000, max long send 0
Min fwd: 10000000, max fwd 0; min bwd 10000000, max bwd 0
Min long fwd: 32586, max long fwd 33754; min long bwd 78677, max long bwd 82859
Time taken by simulation: 42 microseconds

Stages 2
Micro-bs 32 Max mem: 5185528320.0
Predicted microbatch size for 2: 32
comm size 12845056
WARNING: no send time found, 2 partitions
GPUS_PER_VM=1 /home/ubuntu/varuna/tools/simulator/simulate-varuna 2 5 0 12136.97624206543 541471.8854995001
End of simulation:  Mini-batch time (usec) = 1774283
Min send: 10000000, max send 0
Min long send: 541803, max long send 554555
Min fwd: 18455, max fwd 25575; min bwd 51079, max bwd 53581
Min long fwd: 8875, max long fwd 13712; min long bwd 25318, max long bwd 30607
Time taken by simulation: 116 microseconds

Stages 3
Micro-bs 32 Max mem: 4313669017.6
Predicted microbatch size for 3: 32
comm size 25690112
WARNING: no send time found, 3 partitions
GPUS_PER_VM=1 /home/ubuntu/varuna/tools/simulator/simulate-varuna 3 7 0 7540.138721466064 929913.8118823369
End of simulation:  Mini-batch time (usec) = 4955939
Min send: 10000000, max send 0
Min long send: 930245, max long send 945608
Min fwd: 8775, max fwd 19684; min bwd 24478, max bwd 41849
Min long fwd: 2259, max long fwd 7334; min long bwd 12226, max long bwd 16590
Time taken by simulation: 254 microseconds

Stages 4
Micro-bs 32 Max mem: 3762429747.2
Predicted microbatch size for 4: 32
comm size 25690112
WARNING: no send time found, 4 partitions
GPUS_PER_VM=1 /home/ubuntu/varuna/tools/simulator/simulate-varuna 4 10 0 3605.3318977355957 929913.8118823369
End of simulation:  Mini-batch time (usec) = 7727483
Min send: 10000000, max send 0
Min long send: 930101, max long send 952379
Min fwd: 4418, max fwd 15893; min bwd 14410, max bwd 31066
Min long fwd: 532, max long fwd 8412; min long bwd 9236, max long bwd 15394
Time taken by simulation: 484 microseconds

Stages 6
Micro-bs 32 Max mem: 3200148889.6
Predicted microbatch size for 6: 32
comm size 12845056
WARNING: no send time found, 6 partitions
GPUS_PER_VM=1 /home/ubuntu/varuna/tools/simulator/simulate-varuna 6 13 0 1801.1889457702637 541471.8854995001
End of simulation:  Mini-batch time (usec) = 7858281
Min send: 10000000, max send 0
Min long send: 541553, max long send 566176
Min fwd: 380, max fwd 12458; min bwd 8532, max bwd 24401
Min long fwd: 1017, max long fwd 4595; min long bwd 780, max long bwd 6417
Time taken by simulation: 910 microseconds

{1: 1.529679, 2: 1.774283, 3: 4.955939, 4: 7.727483, 6: 7.858281}
{1: 32, 2: 32, 3: 32, 4: 32, 6: 32}
best config is: 2 32
expected time is 1.774283
15 per stage
30 servers!
30 30 I am of no use!
Parent process ID: 125715 node: 172.31.28.16
12 cutpoints
Stages 1
Micro-bs 32 Max mem: 8350516326.4
Predicted microbatch size for 1: 32
comm size 0
GPUS_PER_VM=1 /home/ubuntu/varuna/tools/simulator/simulate-varuna 1 2 0 1199922.1801757812 0
End of simulation:  Mini-batch time (usec) = 1424058
Min send: 10000000, max send 0
Min long send: 10000000, max long send 0
Min fwd: 10000000, max fwd 0; min bwd 10000000, max bwd 0
Min long fwd: 32586, max long fwd 32895; min long bwd 78677, max long bwd 79978
Time taken by simulation: 39 microseconds

Stages 2
Micro-bs 32 Max mem: 5185528320.0
Predicted microbatch size for 2: 32
comm size 12845056
WARNING: no send time found, 2 partitions
GPUS_PER_VM=1 /home/ubuntu/varuna/tools/simulator/simulate-varuna 2 4 0 22892.793655395508 541471.8854995001
End of simulation:  Mini-batch time (usec) = 1466822
Min send: 10000000, max send 0
Min long send: 541803, max long send 554555
Min fwd: 21083, max fwd 25575; min bwd 48477, max bwd 54184
Min long fwd: 7473, max long fwd 14307; min long bwd 25716, max long bwd 30607
Time taken by simulation: 96 microseconds

Stages 3
Micro-bs 32 Max mem: 4313669017.6
Predicted microbatch size for 3: 32
comm size 25690112
WARNING: no send time found, 3 partitions
GPUS_PER_VM=1 /home/ubuntu/varuna/tools/simulator/simulate-varuna 3 7 0 7540.138721466064 929913.8118823369
End of simulation:  Mini-batch time (usec) = 4955939
Min send: 10000000, max send 0
Min long send: 930245, max long send 945608
Min fwd: 8775, max fwd 19684; min bwd 24478, max bwd 41849
Min long fwd: 2259, max long fwd 7334; min long bwd 12226, max long bwd 16590
Time taken by simulation: 252 microseconds

Stages 4
Micro-bs 32 Max mem: 3762429747.2
Predicted microbatch size for 4: 32
comm size 25690112
WARNING: no send time found, 4 partitions
GPUS_PER_VM=1 /home/ubuntu/varuna/tools/simulator/simulate-varuna 4 8 0 3659.188747406006 929913.8118823369
End of simulation:  Mini-batch time (usec) = 6836714
Min send: 10000000, max send 0
Min long send: 929995, max long send 954618
Min fwd: 4418, max fwd 15941; min bwd 13005, max bwd 30581
Min long fwd: 989, max long fwd 6784; min long bwd 7050, max long bwd 13429
Time taken by simulation: 363 microseconds

Stages 6
Micro-bs 32 Max mem: 3200148889.6
Predicted microbatch size for 6: 32
comm size 12845056
WARNING: no send time found, 6 partitions
GPUS_PER_VM=1 /home/ubuntu/varuna/tools/simulator/simulate-varuna 6 13 0 1801.1889457702637 541471.8854995001
End of simulation:  Mini-batch time (usec) = 7858281
Min send: 10000000, max send 0
Min long send: 541553, max long send 566176
Min fwd: 380, max fwd 12458; min bwd 8532, max bwd 24401
Min long fwd: 1017, max long fwd 4595; min long bwd 780, max long bwd 6417
Time taken by simulation: 958 microseconds

{1: 1.424058, 2: 1.466822, 3: 4.955939, 4: 6.836714, 6: 7.858281}
{1: 32, 2: 32, 3: 32, 4: 32, 6: 32}
best config is: 2 32
expected time is 1.466822
16 per stage
32 servers!
Config:
ranks: range(30, 31)
train batch size: 2048
partitions: 2
chunk_size: 32
data depth: 16
stage to rank map: 0,2,4,6,8,10,12,14,16,18,20,22,24,26,28,30;1,3,5,7,9,11,13,15,17,19,21,23,25,27,29,31;
World size is 32
/opt/conda/envs/varuna/bin/python -u main.py --rank=30 --chunk_size=32 --local_rank=0 --stage_to_rank_map=0,2,4,6,8,10,12,14,16,18,20,22,24,26,28,30;1,3,5,7,9,11,13,15,17,19,21,23,25,27,29,31; --batch-size=128 data -a vgg19 --varuna --lr 0.001 --epochs 1000 --resume s3://spot-checkpoints/vgg19 --resume_step 838
Signal handler called with signal 10


 STOPPING VARUNA !!



