Parent process ID: 120974 node: 172.31.28.143
12 cutpoints
Stages 1
Micro-bs 32 Max mem: 8350516326.4
Predicted microbatch size for 1: 32
comm size 0
GPUS_PER_VM=1 /home/ubuntu/varuna/tools/simulator/simulate-varuna 1 3 0 1100319.6399779066 0
End of simulation:  Mini-batch time (usec) = 1441068
Min send: 10000000, max send 0
Min long send: 10000000, max long send 0
Min fwd: 10000000, max fwd 0; min bwd 10000000, max bwd 0
Min long fwd: 32586, max long fwd 33754; min long bwd 78677, max long bwd 82859
Time taken by simulation: 44 microseconds

Stages 2
Micro-bs 32 Max mem: 5185528320.0
Predicted microbatch size for 2: 32
comm size 12845056
WARNING: no send time found, 2 partitions
GPUS_PER_VM=1 /home/ubuntu/varuna/tools/simulator/simulate-varuna 2 6 0 14791.502952575684 541471.8854995001
End of simulation:  Mini-batch time (usec) = 1875480
Min send: 10000000, max send 0
Min long send: 541803, max long send 558203
Min fwd: 19455, max fwd 25575; min bwd 51033, max bwd 53581
Min long fwd: 9714, max long fwd 13926; min long bwd 24633, max long bwd 28292
Time taken by simulation: 139 microseconds

Stages 3
Micro-bs 32 Max mem: 4313669017.6
Predicted microbatch size for 3: 32
comm size 25690112
WARNING: no send time found, 3 partitions
GPUS_PER_VM=1 /home/ubuntu/varuna/tools/simulator/simulate-varuna 3 8 0 7257.938385009766 929913.8118823369
End of simulation:  Mini-batch time (usec) = 5013330
Min send: 10000000, max send 0
Min long send: 929995, max long send 952379
Min fwd: 9569, max fwd 19440; min bwd 21459, max bwd 40310
Min long fwd: 3647, max long fwd 6960; min long bwd 11398, max long bwd 19649
Time taken by simulation: 267 microseconds

Stages 4
Micro-bs 32 Max mem: 3762429747.2
Predicted microbatch size for 4: 32
comm size 25690112
WARNING: no send time found, 4 partitions
GPUS_PER_VM=1 /home/ubuntu/varuna/tools/simulator/simulate-varuna 4 11 0 3334.3632221221924 929913.8118823369
End of simulation:  Mini-batch time (usec) = 8596253
Min send: 10000000, max send 0
Min long send: 930101, max long send 952379
Min fwd: 4126, max fwd 15893; min bwd 14502, max bwd 31547
Min long fwd: 316, max long fwd 5135; min long bwd 7963, max long bwd 16258
Time taken by simulation: 492 microseconds

Stages 6
Micro-bs 32 Max mem: 3200148889.6
Predicted microbatch size for 6: 32
comm size 12845056
WARNING: no send time found, 6 partitions
GPUS_PER_VM=1 /home/ubuntu/varuna/tools/simulator/simulate-varuna 6 16 0 1710.5143070220947 541471.8854995001
End of simulation:  Mini-batch time (usec) = 8451674
Min send: 10000000, max send 0
Min long send: 541525, max long send 566678
Min fwd: 1047, max fwd 12458; min bwd 6945, max bwd 22688
Min long fwd: 301, max long fwd 5892; min long bwd 586, max long bwd 6688
Time taken by simulation: 1239 microseconds

{1: 1.441068, 2: 1.87548, 3: 5.01333, 4: 8.596253, 6: 8.451674}
{1: 32, 2: 32, 3: 32, 4: 32, 6: 32}
best config is: 2 32
expected time is 1.87548
12 per stage
24 servers!
Config:
ranks: range(23, 24)
train batch size: 2048
partitions: 2
chunk_size: 32
data depth: 12
stage to rank map: 0,2,4,6,8,10,12,14,16,18,20,22;1,3,5,7,9,11,13,15,17,19,21,23;
World size is 24
/opt/conda/envs/varuna/bin/python -u main.py --rank=23 --chunk_size=32 --local_rank=0 --stage_to_rank_map=0,2,4,6,8,10,12,14,16,18,20,22;1,3,5,7,9,11,13,15,17,19,21,23; --batch-size=192 data -a vgg19 --varuna --lr 0.001 --epochs 1000 --resume s3://spot-checkpoints/vgg19 --resume_step 269
[2022-12-01 17:41:58.976559] => creating model 'vgg19'
[2, 4, 6, 8, 10, 12, 14, 16, 18, 21, 24]
Files already downloaded and verified
Num cutpoints is 11
dry run time 0.7891139984130859
SHARED WEIGHTS ARE
None
this rank  23 is part of pipeline replica  11
6 chunks
>>>>> [2022-12-01 17:42:26.382299] Time taken to load checkpoint: 21.070s
23 Overflow !!
23 : update_scale(): _has_overflow, dynamic. _loss_scale =  524288.0
[2022-12-01 17:42:26.382526] Epoch: [0][270/260]	Time  8.161 ( 8.161)	Data  0.908 ( 0.908)	Loss 4.6211e+00 (4.6211e+00)	Acc@1   0.00 (  0.00)	Acc@5   0.00 (  0.00)
[2022-12-01 17:42:41.329472] Finished iteration 270, CKPT_AND_STOP: False, flag: tensor([0], dtype=torch.int32), speed: 9195.564
23 Overflow !!
23 : update_scale(): _has_overflow, dynamic. _loss_scale =  262144.0
[2022-12-01 17:42:43.613293] Finished iteration 271, CKPT_AND_STOP: False, flag: tensor([0], dtype=torch.int32), speed: 2283.589
[2022-12-01 17:42:44.849551] Finished iteration 272, CKPT_AND_STOP: False, flag: tensor([0], dtype=torch.int32), speed: 1236.146
[2022-12-01 17:42:46.143470] Finished iteration 273, CKPT_AND_STOP: False, flag: tensor([0], dtype=torch.int32), speed: 1293.893
[2022-12-01 17:42:48.381495] Finished iteration 274, CKPT_AND_STOP: False, flag: tensor([0], dtype=torch.int32), speed: 2238.094
[2022-12-01 17:42:49.568714] Finished iteration 275, CKPT_AND_STOP: False, flag: tensor([0], dtype=torch.int32), speed: 1187.049
[2022-12-01 17:42:50.804984] Finished iteration 276, CKPT_AND_STOP: False, flag: tensor([0], dtype=torch.int32), speed: 1236.244
[2022-12-01 17:42:52.026376] Finished iteration 277, CKPT_AND_STOP: False, flag: tensor([0], dtype=torch.int32), speed: 1221.348
[2022-12-01 17:42:53.290504] Finished iteration 278, CKPT_AND_STOP: False, flag: tensor([0], dtype=torch.int32), speed: 1264.082
[2022-12-01 17:42:54.551075] Finished iteration 279, CKPT_AND_STOP: False, flag: tensor([0], dtype=torch.int32), speed: 1260.539
[2022-12-01 17:42:26.382526] Epoch: [0][280/260]	Time  1.193 ( 2.146)	Data  0.009 ( 0.368)	Loss 4.6172e+00 (4.6157e+00)	Acc@1   0.00 (  0.00)	Acc@5   0.00 (  0.00)
[2022-12-01 17:42:55.739169] Finished iteration 280, CKPT_AND_STOP: False, flag: tensor([0], dtype=torch.int32), speed: 1188.054
[2022-12-01 17:42:56.991897] Finished iteration 281, CKPT_AND_STOP: False, flag: tensor([0], dtype=torch.int32), speed: 1252.689
[2022-12-01 17:42:58.224733] Finished iteration 282, CKPT_AND_STOP: False, flag: tensor([0], dtype=torch.int32), speed: 1232.816
[2022-12-01 17:42:59.434624] Finished iteration 283, CKPT_AND_STOP: False, flag: tensor([0], dtype=torch.int32), speed: 1209.846
[2022-12-01 17:43:00.738956] Finished iteration 284, CKPT_AND_STOP: False, flag: tensor([0], dtype=torch.int32), speed: 1304.295
[2022-12-01 17:43:02.210603] Finished iteration 285, CKPT_AND_STOP: False, flag: tensor([0], dtype=torch.int32), speed: 1471.666
[2022-12-01 17:43:03.793830] Finished iteration 286, CKPT_AND_STOP: False, flag: tensor([0], dtype=torch.int32), speed: 1583.178
[2022-12-01 17:43:05.433589] Finished iteration 287, CKPT_AND_STOP: False, flag: tensor([0], dtype=torch.int32), speed: 1639.658
[2022-12-01 17:43:06.648318] Finished iteration 288, CKPT_AND_STOP: False, flag: tensor([0], dtype=torch.int32), speed: 1214.692
[2022-12-01 17:43:07.927727] Finished iteration 289, CKPT_AND_STOP: False, flag: tensor([0], dtype=torch.int32), speed: 1279.368
[2022-12-01 17:42:26.382526] Epoch: [0][290/260]	Time  1.292 ( 1.766)	Data  0.006 ( 0.195)	Loss 4.6178e+00 (4.6141e+00)	Acc@1   0.00 (  0.00)	Acc@5   0.00 (  0.00)
[2022-12-01 17:43:09.222080] Finished iteration 290, CKPT_AND_STOP: False, flag: tensor([0], dtype=torch.int32), speed: 1294.333
[2022-12-01 17:43:10.517351] Finished iteration 291, CKPT_AND_STOP: False, flag: tensor([0], dtype=torch.int32), speed: 1295.229
[2022-12-01 17:43:11.746181] Finished iteration 292, CKPT_AND_STOP: False, flag: tensor([0], dtype=torch.int32), speed: 1228.809
[2022-12-01 17:43:12.951194] Finished iteration 293, CKPT_AND_STOP: False, flag: tensor([0], dtype=torch.int32), speed: 1204.946
[2022-12-01 17:43:14.180592] Finished iteration 294, CKPT_AND_STOP: False, flag: tensor([0], dtype=torch.int32), speed: 1229.446
[2022-12-01 17:43:15.458440] Finished iteration 295, CKPT_AND_STOP: False, flag: tensor([0], dtype=torch.int32), speed: 1277.721
[2022-12-01 17:43:16.706129] Finished iteration 296, CKPT_AND_STOP: False, flag: tensor([0], dtype=torch.int32), speed: 1247.663
[2022-12-01 17:43:17.987345] Finished iteration 297, CKPT_AND_STOP: False, flag: tensor([0], dtype=torch.int32), speed: 1281.189
[2022-12-01 17:43:19.232952] Finished iteration 298, CKPT_AND_STOP: False, flag: tensor([0], dtype=torch.int32), speed: 1245.555
[2022-12-01 17:43:20.451309] Finished iteration 299, CKPT_AND_STOP: False, flag: tensor([0], dtype=torch.int32), speed: 1218.308
[2022-12-01 17:42:26.382526] Epoch: [0][300/260]	Time  1.252 ( 1.599)	Data  0.007 ( 0.135)	Loss 4.6165e+00 (4.6131e+00)	Acc@1   0.00 (  0.00)	Acc@5   0.00 (  0.00)
[2022-12-01 17:43:21.700881] Finished iteration 300, CKPT_AND_STOP: False, flag: tensor([0], dtype=torch.int32), speed: 1249.527
[2022-12-01 17:43:22.962524] Finished iteration 301, CKPT_AND_STOP: False, flag: tensor([0], dtype=torch.int32), speed: 1261.642
[2022-12-01 17:43:24.194824] Finished iteration 302, CKPT_AND_STOP: False, flag: tensor([0], dtype=torch.int32), speed: 1232.262
[2022-12-01 17:43:25.475265] Finished iteration 303, CKPT_AND_STOP: False, flag: tensor([0], dtype=torch.int32), speed: 1280.399
[2022-12-01 17:43:26.685082] Finished iteration 304, CKPT_AND_STOP: False, flag: tensor([0], dtype=torch.int32), speed: 1209.751
[2022-12-01 17:43:27.922865] Finished iteration 305, CKPT_AND_STOP: False, flag: tensor([0], dtype=torch.int32), speed: 1237.722
[2022-12-01 17:43:29.102666] Finished iteration 306, CKPT_AND_STOP: False, flag: tensor([0], dtype=torch.int32), speed: 1179.769
[2022-12-01 17:43:30.449832] Finished iteration 307, CKPT_AND_STOP: False, flag: tensor([0], dtype=torch.int32), speed: 1347.116
[2022-12-01 17:43:31.653397] Finished iteration 308, CKPT_AND_STOP: False, flag: tensor([0], dtype=torch.int32), speed: 1203.533
[2022-12-01 17:43:32.950535] Finished iteration 309, CKPT_AND_STOP: False, flag: tensor([0], dtype=torch.int32), speed: 1297.105
[2022-12-01 17:42:26.382526] Epoch: [0][310/260]	Time  1.215 ( 1.513)	Data  0.006 ( 0.103)	Loss 4.6100e+00 (4.6129e+00)	Acc@1   0.00 (  0.00)	Acc@5   0.00 (  0.00)
[2022-12-01 17:43:34.169103] Finished iteration 310, CKPT_AND_STOP: False, flag: tensor([0], dtype=torch.int32), speed: 1218.579
[2022-12-01 17:43:35.406183] Finished iteration 311, CKPT_AND_STOP: False, flag: tensor([0], dtype=torch.int32), speed: 1236.999
[2022-12-01 17:43:36.670193] Finished iteration 312, CKPT_AND_STOP: False, flag: tensor([0], dtype=torch.int32), speed: 1264.030
[2022-12-01 17:43:37.899469] Finished iteration 313, CKPT_AND_STOP: False, flag: tensor([0], dtype=torch.int32), speed: 1229.181
[2022-12-01 17:43:39.188163] Finished iteration 314, CKPT_AND_STOP: False, flag: tensor([0], dtype=torch.int32), speed: 1288.650
[2022-12-01 17:43:40.437460] Finished iteration 315, CKPT_AND_STOP: False, flag: tensor([0], dtype=torch.int32), speed: 1249.256
[2022-12-01 17:43:41.671254] Finished iteration 316, CKPT_AND_STOP: False, flag: tensor([0], dtype=torch.int32), speed: 1233.755
[2022-12-01 17:43:42.917717] Finished iteration 317, CKPT_AND_STOP: False, flag: tensor([0], dtype=torch.int32), speed: 1246.423
[2022-12-01 17:43:44.153123] Finished iteration 318, CKPT_AND_STOP: False, flag: tensor([0], dtype=torch.int32), speed: 1235.403
[2022-12-01 17:43:45.366847] Finished iteration 319, CKPT_AND_STOP: False, flag: tensor([0], dtype=torch.int32), speed: 1213.704
[2022-12-01 17:42:26.382526] Epoch: [0][320/260]	Time  1.201 ( 1.459)	Data  0.004 ( 0.084)	Loss 4.6120e+00 (4.6127e+00)	Acc@1   0.00 (  0.00)	Acc@5   0.00 (  0.00)
[2022-12-01 17:43:46.568202] Finished iteration 320, CKPT_AND_STOP: False, flag: tensor([0], dtype=torch.int32), speed: 1201.288
[2022-12-01 17:43:47.885212] Finished iteration 321, CKPT_AND_STOP: False, flag: tensor([0], dtype=torch.int32), speed: 1317.024
[2022-12-01 17:43:49.116329] Finished iteration 322, CKPT_AND_STOP: False, flag: tensor([0], dtype=torch.int32), speed: 1231.031
[2022-12-01 17:43:50.383616] Finished iteration 323, CKPT_AND_STOP: False, flag: tensor([0], dtype=torch.int32), speed: 1267.235
[2022-12-01 17:43:51.611531] Finished iteration 324, CKPT_AND_STOP: False, flag: tensor([0], dtype=torch.int32), speed: 1227.884
[2022-12-01 17:43:52.914044] Finished iteration 325, CKPT_AND_STOP: False, flag: tensor([0], dtype=torch.int32), speed: 1302.464
[2022-12-01 17:43:54.232321] Finished iteration 326, CKPT_AND_STOP: False, flag: tensor([0], dtype=torch.int32), speed: 1318.235
[2022-12-01 17:43:55.507576] Finished iteration 327, CKPT_AND_STOP: False, flag: tensor([0], dtype=torch.int32), speed: 1275.217
[2022-12-01 17:43:56.772867] Finished iteration 328, CKPT_AND_STOP: False, flag: tensor([0], dtype=torch.int32), speed: 1265.252
[2022-12-01 17:43:58.599304] Finished iteration 329, CKPT_AND_STOP: False, flag: tensor([0], dtype=torch.int32), speed: 1826.401
[2022-12-01 17:42:26.382526] Epoch: [0][330/260]	Time  1.393 ( 1.440)	Data  0.014 ( 0.071)	Loss 4.6035e+00 (4.6128e+00)	Acc@1   0.00 (  0.00)	Acc@5   0.00 (  0.00)
[2022-12-01 17:43:59.997901] Finished iteration 330, CKPT_AND_STOP: False, flag: tensor([0], dtype=torch.int32), speed: 1398.568
[2022-12-01 17:44:01.272478] Finished iteration 331, CKPT_AND_STOP: False, flag: tensor([0], dtype=torch.int32), speed: 1274.560
[2022-12-01 17:44:02.567815] Finished iteration 332, CKPT_AND_STOP: False, flag: tensor([0], dtype=torch.int32), speed: 1295.313
[2022-12-01 17:44:03.829832] Finished iteration 333, CKPT_AND_STOP: False, flag: tensor([0], dtype=torch.int32), speed: 1261.973
[2022-12-01 17:44:05.069340] Finished iteration 334, CKPT_AND_STOP: False, flag: tensor([0], dtype=torch.int32), speed: 1239.449
[2022-12-01 17:44:06.337754] Finished iteration 335, CKPT_AND_STOP: False, flag: tensor([0], dtype=torch.int32), speed: 1268.382
[2022-12-01 17:44:07.583552] Finished iteration 336, CKPT_AND_STOP: False, flag: tensor([0], dtype=torch.int32), speed: 1245.760
[2022-12-01 17:44:08.882947] Finished iteration 337, CKPT_AND_STOP: False, flag: tensor([0], dtype=torch.int32), speed: 1299.351
[2022-12-01 17:44:10.207259] Finished iteration 338, CKPT_AND_STOP: False, flag: tensor([0], dtype=torch.int32), speed: 1324.267
[2022-12-01 17:44:11.490656] Finished iteration 339, CKPT_AND_STOP: False, flag: tensor([0], dtype=torch.int32), speed: 1283.412
[2022-12-01 17:42:26.382526] Epoch: [0][340/260]	Time  1.249 ( 1.417)	Data  0.004 ( 0.062)	Loss 4.6126e+00 (4.6130e+00)	Acc@1   0.00 (  0.00)	Acc@5   0.00 (  0.00)
[2022-12-01 17:44:12.740490] Finished iteration 340, CKPT_AND_STOP: False, flag: tensor([0], dtype=torch.int32), speed: 1249.741
[2022-12-01 17:44:14.021225] Finished iteration 341, CKPT_AND_STOP: False, flag: tensor([0], dtype=torch.int32), speed: 1280.744
[2022-12-01 17:44:15.228907] Finished iteration 342, CKPT_AND_STOP: False, flag: tensor([0], dtype=torch.int32), speed: 1207.633
[2022-12-01 17:44:16.481525] Finished iteration 343, CKPT_AND_STOP: False, flag: tensor([0], dtype=torch.int32), speed: 1252.578
[2022-12-01 17:44:17.738672] Finished iteration 344, CKPT_AND_STOP: False, flag: tensor([0], dtype=torch.int32), speed: 1257.085
[2022-12-01 17:44:18.961966] Finished iteration 345, CKPT_AND_STOP: False, flag: tensor([0], dtype=torch.int32), speed: 1223.269
[2022-12-01 17:44:20.148832] Finished iteration 346, CKPT_AND_STOP: False, flag: tensor([0], dtype=torch.int32), speed: 1186.808
[2022-12-01 17:44:21.409974] Finished iteration 347, CKPT_AND_STOP: False, flag: tensor([0], dtype=torch.int32), speed: 1261.109
[2022-12-01 17:44:22.655797] Finished iteration 348, CKPT_AND_STOP: False, flag: tensor([0], dtype=torch.int32), speed: 1245.789
[2022-12-01 17:44:23.886943] Finished iteration 349, CKPT_AND_STOP: False, flag: tensor([0], dtype=torch.int32), speed: 1231.106
[2022-12-01 17:42:26.382526] Epoch: [0][350/260]	Time  1.219 ( 1.395)	Data  0.006 ( 0.055)	Loss 4.6178e+00 (4.6136e+00)	Acc@1   0.00 (  0.00)	Acc@5   0.00 (  0.00)
[2022-12-01 17:44:25.108773] Finished iteration 350, CKPT_AND_STOP: False, flag: tensor([0], dtype=torch.int32), speed: 1221.791
[2022-12-01 17:44:26.403610] Finished iteration 351, CKPT_AND_STOP: False, flag: tensor([0], dtype=torch.int32), speed: 1294.809
[2022-12-01 17:44:27.614659] Finished iteration 352, CKPT_AND_STOP: False, flag: tensor([0], dtype=torch.int32), speed: 1211.012
[2022-12-01 17:44:28.862051] Finished iteration 353, CKPT_AND_STOP: False, flag: tensor([0], dtype=torch.int32), speed: 1247.356
[2022-12-01 17:44:30.108460] Finished iteration 354, CKPT_AND_STOP: False, flag: tensor([0], dtype=torch.int32), speed: 1246.371
[2022-12-01 17:44:31.354322] Finished iteration 355, CKPT_AND_STOP: False, flag: tensor([0], dtype=torch.int32), speed: 1245.824
[2022-12-01 17:44:32.545155] Finished iteration 356, CKPT_AND_STOP: False, flag: tensor([0], dtype=torch.int32), speed: 1190.839
[2022-12-01 17:44:33.803087] Finished iteration 357, CKPT_AND_STOP: False, flag: tensor([0], dtype=torch.int32), speed: 1257.866
[2022-12-01 17:44:34.999895] Finished iteration 358, CKPT_AND_STOP: False, flag: tensor([0], dtype=torch.int32), speed: 1196.803
[2022-12-01 17:44:36.258877] Finished iteration 359, CKPT_AND_STOP: False, flag: tensor([0], dtype=torch.int32), speed: 1258.901
[2022-12-01 17:42:26.382526] Epoch: [0][360/260]	Time  1.258 ( 1.378)	Data  0.004 ( 0.050)	Loss 4.6309e+00 (4.6134e+00)	Acc@1   0.00 (  0.00)	Acc@5   0.00 (  0.00)
[2022-12-01 17:44:37.517319] Finished iteration 360, CKPT_AND_STOP: False, flag: tensor([0], dtype=torch.int32), speed: 1258.418
[2022-12-01 17:44:38.816856] Finished iteration 361, CKPT_AND_STOP: False, flag: tensor([0], dtype=torch.int32), speed: 1299.500
[2022-12-01 17:44:39.994607] Finished iteration 362, CKPT_AND_STOP: False, flag: tensor([0], dtype=torch.int32), speed: 1177.723
[2022-12-01 17:44:41.240281] Finished iteration 363, CKPT_AND_STOP: False, flag: tensor([0], dtype=torch.int32), speed: 1245.629
[2022-12-01 17:44:42.463198] Finished iteration 364, CKPT_AND_STOP: False, flag: tensor([0], dtype=torch.int32), speed: 1222.882
[2022-12-01 17:44:43.672260] Finished iteration 365, CKPT_AND_STOP: False, flag: tensor([0], dtype=torch.int32), speed: 1209.117
[2022-12-01 17:44:44.920904] Finished iteration 366, CKPT_AND_STOP: False, flag: tensor([0], dtype=torch.int32), speed: 1248.521
[2022-12-01 17:44:46.177168] Finished iteration 367, CKPT_AND_STOP: False, flag: tensor([0], dtype=torch.int32), speed: 1256.256
[2022-12-01 17:44:47.396115] Finished iteration 368, CKPT_AND_STOP: False, flag: tensor([0], dtype=torch.int32), speed: 1218.867
[2022-12-01 17:44:48.612379] Finished iteration 369, CKPT_AND_STOP: False, flag: tensor([0], dtype=torch.int32), speed: 1216.232
[2022-12-01 17:42:26.382526] Epoch: [0][370/260]	Time  1.214 ( 1.363)	Data  0.004 ( 0.045)	Loss 4.6198e+00 (4.6132e+00)	Acc@1   0.00 (  0.00)	Acc@5   0.00 (  0.00)
[2022-12-01 17:44:49.826464] Finished iteration 370, CKPT_AND_STOP: False, flag: tensor([0], dtype=torch.int32), speed: 1214.051
[2022-12-01 17:44:51.093561] Finished iteration 371, CKPT_AND_STOP: False, flag: tensor([0], dtype=torch.int32), speed: 1267.051
[2022-12-01 17:44:52.284006] Finished iteration 372, CKPT_AND_STOP: False, flag: tensor([0], dtype=torch.int32), speed: 1190.406
[2022-12-01 17:44:53.526305] Finished iteration 373, CKPT_AND_STOP: False, flag: tensor([0], dtype=torch.int32), speed: 1242.272
[2022-12-01 17:44:54.781418] Finished iteration 374, CKPT_AND_STOP: False, flag: tensor([0], dtype=torch.int32), speed: 1255.075
[2022-12-01 17:44:56.030130] Finished iteration 375, CKPT_AND_STOP: False, flag: tensor([0], dtype=torch.int32), speed: 1248.690
[2022-12-01 17:44:57.273770] Finished iteration 376, CKPT_AND_STOP: False, flag: tensor([0], dtype=torch.int32), speed: 1243.579
[2022-12-01 17:44:58.548961] Finished iteration 377, CKPT_AND_STOP: False, flag: tensor([0], dtype=torch.int32), speed: 1275.172
[2022-12-01 17:44:59.801191] Finished iteration 378, CKPT_AND_STOP: False, flag: tensor([0], dtype=torch.int32), speed: 1252.201
[2022-12-01 17:45:01.071402] Finished iteration 379, CKPT_AND_STOP: False, flag: tensor([0], dtype=torch.int32), speed: 1270.152
[2022-12-01 17:42:26.382526] Epoch: [0][380/260]	Time  1.248 ( 1.353)	Data  0.004 ( 0.042)	Loss 4.6217e+00 (4.6133e+00)	Acc@1   0.00 (  0.00)	Acc@5   0.00 (  0.00)
[2022-12-01 17:45:02.321011] Finished iteration 380, CKPT_AND_STOP: False, flag: tensor([0], dtype=torch.int32), speed: 1249.578
[2022-12-01 17:45:03.574079] Finished iteration 381, CKPT_AND_STOP: False, flag: tensor([0], dtype=torch.int32), speed: 1253.031
[2022-12-01 17:45:04.797473] Finished iteration 382, CKPT_AND_STOP: False, flag: tensor([0], dtype=torch.int32), speed: 1223.358
[2022-12-01 17:45:06.083368] Finished iteration 383, CKPT_AND_STOP: False, flag: tensor([2], dtype=torch.int32), speed: 1285.851
Opt ckpt time 1.122133731842041
Process done with return code 0
