Parent process ID: 91972 node: 172.31.26.140
12 cutpoints
Stages 1
Micro-bs 32 Max mem: 8350516326.4
Predicted microbatch size for 1: 32
comm size 0
GPUS_PER_VM=1 /home/ubuntu/varuna/tools/simulator/simulate-varuna 1 3 0 1085584.4648944305 0
End of simulation:  Mini-batch time (usec) = 1426333
Min send: 10000000, max send 0
Min long send: 10000000, max long send 0
Min fwd: 10000000, max fwd 0; min bwd 10000000, max bwd 0
Min long fwd: 32586, max long fwd 33754; min long bwd 78677, max long bwd 82859
Time taken by simulation: 38 microseconds

Stages 2
Micro-bs 32 Max mem: 5185528320.0
Predicted microbatch size for 2: 32
comm size 12845056
WARNING: no send time found, 2 partitions
GPUS_PER_VM=1 /home/ubuntu/varuna/tools/simulator/simulate-varuna 2 6 0 13341.7387008667 541471.8854995001
End of simulation:  Mini-batch time (usec) = 1874030
Min send: 10000000, max send 0
Min long send: 541803, max long send 558203
Min fwd: 19455, max fwd 25575; min bwd 51033, max bwd 53581
Min long fwd: 9714, max long fwd 13926; min long bwd 24633, max long bwd 28292
Time taken by simulation: 130 microseconds

Stages 3
Micro-bs 32 Max mem: 4313669017.6
Predicted microbatch size for 3: 32
comm size 25690112
WARNING: no send time found, 3 partitions
GPUS_PER_VM=1 /home/ubuntu/varuna/tools/simulator/simulate-varuna 3 10 0 7426.251411437988 929913.8118823369
End of simulation:  Mini-batch time (usec) = 5881272
Min send: 10000000, max send 0
Min long send: 930245, max long send 952379
Min fwd: 9353, max fwd 19440; min bwd 21838, max bwd 41244
Min long fwd: 1820, max long fwd 9207; min long bwd 11095, max long bwd 16912
Time taken by simulation: 355 microseconds

Stages 4
Micro-bs 32 Max mem: 3762429747.2
Predicted microbatch size for 4: 32
comm size 25690112
WARNING: no send time found, 4 partitions
GPUS_PER_VM=1 /home/ubuntu/varuna/tools/simulator/simulate-varuna 4 13 0 2854.649543762207 929913.8118823369
End of simulation:  Mini-batch time (usec) = 9518264
Min send: 10000000, max send 0
Min long send: 930101, max long send 952379
Min fwd: 4126, max fwd 15893; min bwd 13534, max bwd 32007
Min long fwd: 861, max long fwd 5714; min long bwd 9661, max long bwd 16258
Time taken by simulation: 588 microseconds

Stages 6
Micro-bs 32 Max mem: 3200148889.6
Predicted microbatch size for 6: 32
comm size 12845056
WARNING: no send time found, 6 partitions
GPUS_PER_VM=1 /home/ubuntu/varuna/tools/simulator/simulate-varuna 6 22 0 1199.0070343017578 541471.8854995001
End of simulation:  Mini-batch time (usec) = 10143004
Min send: 10000000, max send 0
Min long send: 541608, max long send 568633
Min fwd: 100, max fwd 13449; min bwd 5055, max bwd 25194
Min long fwd: 204, max long fwd 4354; min long bwd 636, max long bwd 8174
Time taken by simulation: 1747 microseconds

{1: 1.426333, 2: 1.87403, 3: 5.881272, 4: 9.518264, 6: 10.143004}
{1: 32, 2: 32, 3: 32, 4: 32, 6: 32}
best config is: 2 32
expected time is 1.87403
11 per stage
22 servers!
22 22 I am of no use!
Parent process ID: 92307 node: 172.31.26.140
12 cutpoints
Stages 1
Micro-bs 32 Max mem: 8350516326.4
Predicted microbatch size for 1: 32
comm size 0
GPUS_PER_VM=1 /home/ubuntu/varuna/tools/simulator/simulate-varuna 1 3 0 1100319.6399779066 0
End of simulation:  Mini-batch time (usec) = 1441068
Min send: 10000000, max send 0
Min long send: 10000000, max long send 0
Min fwd: 10000000, max fwd 0; min bwd 10000000, max bwd 0
Min long fwd: 32586, max long fwd 33754; min long bwd 78677, max long bwd 82859
Time taken by simulation: 46 microseconds

Stages 2
Micro-bs 32 Max mem: 5185528320.0
Predicted microbatch size for 2: 32
comm size 12845056
WARNING: no send time found, 2 partitions
GPUS_PER_VM=1 /home/ubuntu/varuna/tools/simulator/simulate-varuna 2 6 0 14791.502952575684 541471.8854995001
End of simulation:  Mini-batch time (usec) = 1875480
Min send: 10000000, max send 0
Min long send: 541803, max long send 558203
Min fwd: 19455, max fwd 25575; min bwd 51033, max bwd 53581
Min long fwd: 9714, max long fwd 13926; min long bwd 24633, max long bwd 28292
Time taken by simulation: 133 microseconds

Stages 3
Micro-bs 32 Max mem: 4313669017.6
Predicted microbatch size for 3: 32
comm size 25690112
WARNING: no send time found, 3 partitions
GPUS_PER_VM=1 /home/ubuntu/varuna/tools/simulator/simulate-varuna 3 8 0 7257.938385009766 929913.8118823369
End of simulation:  Mini-batch time (usec) = 5013330
Min send: 10000000, max send 0
Min long send: 929995, max long send 952379
Min fwd: 9569, max fwd 19440; min bwd 21459, max bwd 40310
Min long fwd: 3647, max long fwd 6960; min long bwd 11398, max long bwd 19649
Time taken by simulation: 265 microseconds

Stages 4
Micro-bs 32 Max mem: 3762429747.2
Predicted microbatch size for 4: 32
comm size 25690112
WARNING: no send time found, 4 partitions
GPUS_PER_VM=1 /home/ubuntu/varuna/tools/simulator/simulate-varuna 4 11 0 3334.3632221221924 929913.8118823369
End of simulation:  Mini-batch time (usec) = 8596253
Min send: 10000000, max send 0
Min long send: 930101, max long send 952379
Min fwd: 4126, max fwd 15893; min bwd 14502, max bwd 31547
Min long fwd: 316, max long fwd 5135; min long bwd 7963, max long bwd 16258
Time taken by simulation: 496 microseconds

Stages 6
Micro-bs 32 Max mem: 3200148889.6
Predicted microbatch size for 6: 32
comm size 12845056
WARNING: no send time found, 6 partitions
GPUS_PER_VM=1 /home/ubuntu/varuna/tools/simulator/simulate-varuna 6 16 0 1710.5143070220947 541471.8854995001
End of simulation:  Mini-batch time (usec) = 8451674
Min send: 10000000, max send 0
Min long send: 541525, max long send 566678
Min fwd: 1047, max fwd 12458; min bwd 6945, max bwd 22688
Min long fwd: 301, max long fwd 5892; min long bwd 586, max long bwd 6688
Time taken by simulation: 1125 microseconds

{1: 1.441068, 2: 1.87548, 3: 5.01333, 4: 8.596253, 6: 8.451674}
{1: 32, 2: 32, 3: 32, 4: 32, 6: 32}
best config is: 2 32
expected time is 1.87548
12 per stage
24 servers!
Config:
ranks: range(22, 23)
train batch size: 2048
partitions: 2
chunk_size: 32
data depth: 12
stage to rank map: 0,2,4,6,8,10,12,14,16,18,20,22;1,3,5,7,9,11,13,15,17,19,21,23;
World size is 24
/opt/conda/envs/varuna/bin/python -u main.py --rank=22 --chunk_size=32 --local_rank=0 --stage_to_rank_map=0,2,4,6,8,10,12,14,16,18,20,22;1,3,5,7,9,11,13,15,17,19,21,23; --batch-size=192 data -a vgg19 --varuna --lr 0.001 --epochs 1000 --resume s3://spot-checkpoints/vgg19 --resume_step 269
[2022-12-01 17:41:58.975796] => creating model 'vgg19'
[2, 4, 6, 8, 10, 12, 14, 16, 18, 21, 24]
Files already downloaded and verified
Num cutpoints is 11
dry run time 0.7969846725463867
SHARED WEIGHTS ARE
None
this rank  22 is part of pipeline replica  11
6 chunks
>>>>> [2022-12-01 17:42:19.917040] Time taken to load checkpoint: 14.600s
22 Overflow !!
22 : update_scale(): _has_overflow, dynamic. _loss_scale =  524288.0
[2022-12-01 17:42:19.917296] Epoch: [0][270/260]	Time  9.169 ( 9.169)	Data  0.891 ( 0.891)	Loss 4.6211e+00 (4.6211e+00)	Acc@1   0.00 (  0.00)	Acc@5   0.00 (  0.00)
[2022-12-01 17:42:41.328788] Finished iteration 270, CKPT_AND_STOP: False, flag: tensor([0], dtype=torch.int32), speed: 9195.499
22 Overflow !!
22 : update_scale(): _has_overflow, dynamic. _loss_scale =  262144.0
[2022-12-01 17:42:43.612718] Finished iteration 271, CKPT_AND_STOP: False, flag: tensor([0], dtype=torch.int32), speed: 2283.639
[2022-12-01 17:42:44.848912] Finished iteration 272, CKPT_AND_STOP: False, flag: tensor([0], dtype=torch.int32), speed: 1236.107
[2022-12-01 17:42:46.142802] Finished iteration 273, CKPT_AND_STOP: False, flag: tensor([0], dtype=torch.int32), speed: 1293.839
[2022-12-01 17:42:48.380793] Finished iteration 274, CKPT_AND_STOP: False, flag: tensor([0], dtype=torch.int32), speed: 2237.998
[2022-12-01 17:42:49.568050] Finished iteration 275, CKPT_AND_STOP: False, flag: tensor([0], dtype=torch.int32), speed: 1187.213
[2022-12-01 17:42:50.804310] Finished iteration 276, CKPT_AND_STOP: False, flag: tensor([0], dtype=torch.int32), speed: 1236.210
[2022-12-01 17:42:52.025694] Finished iteration 277, CKPT_AND_STOP: False, flag: tensor([0], dtype=torch.int32), speed: 1221.355
[2022-12-01 17:42:53.289826] Finished iteration 278, CKPT_AND_STOP: False, flag: tensor([0], dtype=torch.int32), speed: 1264.065
[2022-12-01 17:42:54.550398] Finished iteration 279, CKPT_AND_STOP: False, flag: tensor([0], dtype=torch.int32), speed: 1260.508
[2022-12-01 17:42:19.917296] Epoch: [0][280/260]	Time  1.193 ( 2.146)	Data  0.009 ( 0.182)	Loss 4.6172e+00 (4.6157e+00)	Acc@1   0.00 (  0.00)	Acc@5   0.00 (  0.00)
[2022-12-01 17:42:55.738478] Finished iteration 280, CKPT_AND_STOP: False, flag: tensor([0], dtype=torch.int32), speed: 1188.056
[2022-12-01 17:42:56.991238] Finished iteration 281, CKPT_AND_STOP: False, flag: tensor([0], dtype=torch.int32), speed: 1252.721
[2022-12-01 17:42:58.224049] Finished iteration 282, CKPT_AND_STOP: False, flag: tensor([0], dtype=torch.int32), speed: 1232.766
[2022-12-01 17:42:59.433962] Finished iteration 283, CKPT_AND_STOP: False, flag: tensor([0], dtype=torch.int32), speed: 1209.878
[2022-12-01 17:43:00.738275] Finished iteration 284, CKPT_AND_STOP: False, flag: tensor([0], dtype=torch.int32), speed: 1304.274
[2022-12-01 17:43:02.209936] Finished iteration 285, CKPT_AND_STOP: False, flag: tensor([0], dtype=torch.int32), speed: 1471.673
[2022-12-01 17:43:03.793167] Finished iteration 286, CKPT_AND_STOP: False, flag: tensor([0], dtype=torch.int32), speed: 1583.148
[2022-12-01 17:43:05.432922] Finished iteration 287, CKPT_AND_STOP: False, flag: tensor([0], dtype=torch.int32), speed: 1639.717
[2022-12-01 17:43:06.647669] Finished iteration 288, CKPT_AND_STOP: False, flag: tensor([0], dtype=torch.int32), speed: 1214.702
[2022-12-01 17:43:07.927051] Finished iteration 289, CKPT_AND_STOP: False, flag: tensor([0], dtype=torch.int32), speed: 1279.350
[2022-12-01 17:42:19.917296] Epoch: [0][290/260]	Time  1.292 ( 1.766)	Data  0.006 ( 0.099)	Loss 4.6178e+00 (4.6141e+00)	Acc@1   0.00 (  0.00)	Acc@5   0.00 (  0.00)
[2022-12-01 17:43:09.221394] Finished iteration 290, CKPT_AND_STOP: False, flag: tensor([0], dtype=torch.int32), speed: 1294.304
[2022-12-01 17:43:10.516644] Finished iteration 291, CKPT_AND_STOP: False, flag: tensor([0], dtype=torch.int32), speed: 1295.290
[2022-12-01 17:43:11.745515] Finished iteration 292, CKPT_AND_STOP: False, flag: tensor([0], dtype=torch.int32), speed: 1228.757
[2022-12-01 17:43:12.950532] Finished iteration 293, CKPT_AND_STOP: False, flag: tensor([0], dtype=torch.int32), speed: 1204.947
[2022-12-01 17:43:14.179834] Finished iteration 294, CKPT_AND_STOP: False, flag: tensor([0], dtype=torch.int32), speed: 1229.286
[2022-12-01 17:43:15.457772] Finished iteration 295, CKPT_AND_STOP: False, flag: tensor([0], dtype=torch.int32), speed: 1277.935
[2022-12-01 17:43:16.705456] Finished iteration 296, CKPT_AND_STOP: False, flag: tensor([0], dtype=torch.int32), speed: 1247.605
[2022-12-01 17:43:17.986653] Finished iteration 297, CKPT_AND_STOP: False, flag: tensor([0], dtype=torch.int32), speed: 1281.147
[2022-12-01 17:43:19.232279] Finished iteration 298, CKPT_AND_STOP: False, flag: tensor([0], dtype=torch.int32), speed: 1245.555
[2022-12-01 17:43:20.450636] Finished iteration 299, CKPT_AND_STOP: False, flag: tensor([0], dtype=torch.int32), speed: 1218.324
[2022-12-01 17:42:19.917296] Epoch: [0][300/260]	Time  1.252 ( 1.599)	Data  0.007 ( 0.069)	Loss 4.6165e+00 (4.6131e+00)	Acc@1   0.00 (  0.00)	Acc@5   0.00 (  0.00)
[2022-12-01 17:43:21.700212] Finished iteration 300, CKPT_AND_STOP: False, flag: tensor([0], dtype=torch.int32), speed: 1249.536
[2022-12-01 17:43:22.961861] Finished iteration 301, CKPT_AND_STOP: False, flag: tensor([0], dtype=torch.int32), speed: 1261.625
[2022-12-01 17:43:24.194140] Finished iteration 302, CKPT_AND_STOP: False, flag: tensor([0], dtype=torch.int32), speed: 1232.279
[2022-12-01 17:43:25.474608] Finished iteration 303, CKPT_AND_STOP: False, flag: tensor([0], dtype=torch.int32), speed: 1280.385
[2022-12-01 17:43:26.684416] Finished iteration 304, CKPT_AND_STOP: False, flag: tensor([0], dtype=torch.int32), speed: 1209.765
[2022-12-01 17:43:27.922185] Finished iteration 305, CKPT_AND_STOP: False, flag: tensor([0], dtype=torch.int32), speed: 1237.739
[2022-12-01 17:43:29.102000] Finished iteration 306, CKPT_AND_STOP: False, flag: tensor([0], dtype=torch.int32), speed: 1179.781
[2022-12-01 17:43:30.449162] Finished iteration 307, CKPT_AND_STOP: False, flag: tensor([0], dtype=torch.int32), speed: 1347.117
[2022-12-01 17:43:31.652721] Finished iteration 308, CKPT_AND_STOP: False, flag: tensor([0], dtype=torch.int32), speed: 1203.523
[2022-12-01 17:43:32.949865] Finished iteration 309, CKPT_AND_STOP: False, flag: tensor([0], dtype=torch.int32), speed: 1297.105
[2022-12-01 17:42:19.917296] Epoch: [0][310/260]	Time  1.215 ( 1.513)	Data  0.006 ( 0.053)	Loss 4.6100e+00 (4.6129e+00)	Acc@1   0.00 (  0.00)	Acc@5   0.00 (  0.00)
[2022-12-01 17:43:34.168425] Finished iteration 310, CKPT_AND_STOP: False, flag: tensor([0], dtype=torch.int32), speed: 1218.521
[2022-12-01 17:43:35.405496] Finished iteration 311, CKPT_AND_STOP: False, flag: tensor([0], dtype=torch.int32), speed: 1237.048
[2022-12-01 17:43:36.669478] Finished iteration 312, CKPT_AND_STOP: False, flag: tensor([0], dtype=torch.int32), speed: 1263.946
[2022-12-01 17:43:37.898793] Finished iteration 313, CKPT_AND_STOP: False, flag: tensor([0], dtype=torch.int32), speed: 1229.304
[2022-12-01 17:43:39.187493] Finished iteration 314, CKPT_AND_STOP: False, flag: tensor([0], dtype=torch.int32), speed: 1288.631
[2022-12-01 17:43:40.436809] Finished iteration 315, CKPT_AND_STOP: False, flag: tensor([0], dtype=torch.int32), speed: 1249.292
[2022-12-01 17:43:41.670592] Finished iteration 316, CKPT_AND_STOP: False, flag: tensor([0], dtype=torch.int32), speed: 1233.737
[2022-12-01 17:43:42.917047] Finished iteration 317, CKPT_AND_STOP: False, flag: tensor([0], dtype=torch.int32), speed: 1246.414
[2022-12-01 17:43:44.152460] Finished iteration 318, CKPT_AND_STOP: False, flag: tensor([0], dtype=torch.int32), speed: 1235.371
[2022-12-01 17:43:45.366121] Finished iteration 319, CKPT_AND_STOP: False, flag: tensor([0], dtype=torch.int32), speed: 1213.629
[2022-12-01 17:42:19.917296] Epoch: [0][320/260]	Time  1.200 ( 1.459)	Data  0.004 ( 0.044)	Loss 4.6120e+00 (4.6127e+00)	Acc@1   0.00 (  0.00)	Acc@5   0.00 (  0.00)
[2022-12-01 17:43:46.567538] Finished iteration 320, CKPT_AND_STOP: False, flag: tensor([0], dtype=torch.int32), speed: 1201.371
[2022-12-01 17:43:47.884551] Finished iteration 321, CKPT_AND_STOP: False, flag: tensor([0], dtype=torch.int32), speed: 1316.995
[2022-12-01 17:43:49.115670] Finished iteration 322, CKPT_AND_STOP: False, flag: tensor([0], dtype=torch.int32), speed: 1231.082
[2022-12-01 17:43:50.382936] Finished iteration 323, CKPT_AND_STOP: False, flag: tensor([0], dtype=torch.int32), speed: 1267.235
[2022-12-01 17:43:51.610863] Finished iteration 324, CKPT_AND_STOP: False, flag: tensor([0], dtype=torch.int32), speed: 1227.884
[2022-12-01 17:43:52.913366] Finished iteration 325, CKPT_AND_STOP: False, flag: tensor([0], dtype=torch.int32), speed: 1302.464
[2022-12-01 17:43:54.231666] Finished iteration 326, CKPT_AND_STOP: False, flag: tensor([0], dtype=torch.int32), speed: 1318.271
[2022-12-01 17:43:55.506905] Finished iteration 327, CKPT_AND_STOP: False, flag: tensor([0], dtype=torch.int32), speed: 1275.208
[2022-12-01 17:43:56.772200] Finished iteration 328, CKPT_AND_STOP: False, flag: tensor([0], dtype=torch.int32), speed: 1265.247
[2022-12-01 17:43:58.598696] Finished iteration 329, CKPT_AND_STOP: False, flag: tensor([0], dtype=torch.int32), speed: 1826.523
[2022-12-01 17:42:19.917296] Epoch: [0][330/260]	Time  1.393 ( 1.440)	Data  0.014 ( 0.038)	Loss 4.6035e+00 (4.6128e+00)	Acc@1   0.00 (  0.00)	Acc@5   0.00 (  0.00)
[2022-12-01 17:43:59.997329] Finished iteration 330, CKPT_AND_STOP: False, flag: tensor([0], dtype=torch.int32), speed: 1398.598
[2022-12-01 17:44:01.271789] Finished iteration 331, CKPT_AND_STOP: False, flag: tensor([0], dtype=torch.int32), speed: 1274.353
[2022-12-01 17:44:02.567169] Finished iteration 332, CKPT_AND_STOP: False, flag: tensor([0], dtype=torch.int32), speed: 1295.377
[2022-12-01 17:44:03.829159] Finished iteration 333, CKPT_AND_STOP: False, flag: tensor([0], dtype=torch.int32), speed: 1261.922
[2022-12-01 17:44:05.068626] Finished iteration 334, CKPT_AND_STOP: False, flag: tensor([0], dtype=torch.int32), speed: 1239.439
[2022-12-01 17:44:06.336991] Finished iteration 335, CKPT_AND_STOP: False, flag: tensor([0], dtype=torch.int32), speed: 1268.297
[2022-12-01 17:44:07.582914] Finished iteration 336, CKPT_AND_STOP: False, flag: tensor([0], dtype=torch.int32), speed: 1245.912
[2022-12-01 17:44:08.882271] Finished iteration 337, CKPT_AND_STOP: False, flag: tensor([0], dtype=torch.int32), speed: 1299.292
[2022-12-01 17:44:10.206571] Finished iteration 338, CKPT_AND_STOP: False, flag: tensor([0], dtype=torch.int32), speed: 1324.265
[2022-12-01 17:44:11.489922] Finished iteration 339, CKPT_AND_STOP: False, flag: tensor([0], dtype=torch.int32), speed: 1283.349
[2022-12-01 17:42:19.917296] Epoch: [0][340/260]	Time  1.249 ( 1.417)	Data  0.004 ( 0.034)	Loss 4.6126e+00 (4.6130e+00)	Acc@1   0.00 (  0.00)	Acc@5   0.00 (  0.00)
[2022-12-01 17:44:12.739793] Finished iteration 340, CKPT_AND_STOP: False, flag: tensor([0], dtype=torch.int32), speed: 1249.792
[2022-12-01 17:44:14.020484] Finished iteration 341, CKPT_AND_STOP: False, flag: tensor([0], dtype=torch.int32), speed: 1280.710
[2022-12-01 17:44:15.228215] Finished iteration 342, CKPT_AND_STOP: False, flag: tensor([0], dtype=torch.int32), speed: 1207.647
[2022-12-01 17:44:16.480849] Finished iteration 343, CKPT_AND_STOP: False, flag: tensor([0], dtype=torch.int32), speed: 1252.631
[2022-12-01 17:44:17.737993] Finished iteration 344, CKPT_AND_STOP: False, flag: tensor([0], dtype=torch.int32), speed: 1257.080
[2022-12-01 17:44:18.961267] Finished iteration 345, CKPT_AND_STOP: False, flag: tensor([0], dtype=torch.int32), speed: 1223.253
[2022-12-01 17:44:20.148145] Finished iteration 346, CKPT_AND_STOP: False, flag: tensor([0], dtype=torch.int32), speed: 1186.869
[2022-12-01 17:44:21.409288] Finished iteration 347, CKPT_AND_STOP: False, flag: tensor([0], dtype=torch.int32), speed: 1261.041
[2022-12-01 17:44:22.655116] Finished iteration 348, CKPT_AND_STOP: False, flag: tensor([0], dtype=torch.int32), speed: 1245.786
[2022-12-01 17:44:23.886275] Finished iteration 349, CKPT_AND_STOP: False, flag: tensor([0], dtype=torch.int32), speed: 1231.118
[2022-12-01 17:42:19.917296] Epoch: [0][350/260]	Time  1.219 ( 1.395)	Data  0.006 ( 0.030)	Loss 4.6178e+00 (4.6136e+00)	Acc@1   0.00 (  0.00)	Acc@5   0.00 (  0.00)
[2022-12-01 17:44:25.108074] Finished iteration 350, CKPT_AND_STOP: False, flag: tensor([0], dtype=torch.int32), speed: 1221.764
[2022-12-01 17:44:26.402932] Finished iteration 351, CKPT_AND_STOP: False, flag: tensor([0], dtype=torch.int32), speed: 1294.833
[2022-12-01 17:44:27.613967] Finished iteration 352, CKPT_AND_STOP: False, flag: tensor([0], dtype=torch.int32), speed: 1210.995
[2022-12-01 17:44:28.861268] Finished iteration 353, CKPT_AND_STOP: False, flag: tensor([0], dtype=torch.int32), speed: 1247.270
[2022-12-01 17:44:30.107775] Finished iteration 354, CKPT_AND_STOP: False, flag: tensor([0], dtype=torch.int32), speed: 1246.470
[2022-12-01 17:44:31.353577] Finished iteration 355, CKPT_AND_STOP: False, flag: tensor([0], dtype=torch.int32), speed: 1245.787
[2022-12-01 17:44:32.544476] Finished iteration 356, CKPT_AND_STOP: False, flag: tensor([0], dtype=torch.int32), speed: 1190.838
[2022-12-01 17:44:33.802413] Finished iteration 357, CKPT_AND_STOP: False, flag: tensor([0], dtype=torch.int32), speed: 1257.905
[2022-12-01 17:44:34.999186] Finished iteration 358, CKPT_AND_STOP: False, flag: tensor([0], dtype=torch.int32), speed: 1196.727
[2022-12-01 17:44:36.258200] Finished iteration 359, CKPT_AND_STOP: False, flag: tensor([0], dtype=torch.int32), speed: 1258.986
[2022-12-01 17:42:19.917296] Epoch: [0][360/260]	Time  1.258 ( 1.378)	Data  0.004 ( 0.028)	Loss 4.6309e+00 (4.6134e+00)	Acc@1   0.00 (  0.00)	Acc@5   0.00 (  0.00)
[2022-12-01 17:44:37.516603] Finished iteration 360, CKPT_AND_STOP: False, flag: tensor([0], dtype=torch.int32), speed: 1258.353
[2022-12-01 17:44:38.816166] Finished iteration 361, CKPT_AND_STOP: False, flag: tensor([0], dtype=torch.int32), speed: 1299.542
[2022-12-01 17:44:39.993918] Finished iteration 362, CKPT_AND_STOP: False, flag: tensor([0], dtype=torch.int32), speed: 1177.735
[2022-12-01 17:44:41.239579] Finished iteration 363, CKPT_AND_STOP: False, flag: tensor([0], dtype=torch.int32), speed: 1245.643
[2022-12-01 17:44:42.462510] Finished iteration 364, CKPT_AND_STOP: False, flag: tensor([0], dtype=torch.int32), speed: 1222.872
[2022-12-01 17:44:43.671536] Finished iteration 365, CKPT_AND_STOP: False, flag: tensor([0], dtype=torch.int32), speed: 1208.990
[2022-12-01 17:44:44.920243] Finished iteration 366, CKPT_AND_STOP: False, flag: tensor([0], dtype=torch.int32), speed: 1248.661
[2022-12-01 17:44:46.176501] Finished iteration 367, CKPT_AND_STOP: False, flag: tensor([0], dtype=torch.int32), speed: 1256.219
[2022-12-01 17:44:47.395435] Finished iteration 368, CKPT_AND_STOP: False, flag: tensor([0], dtype=torch.int32), speed: 1218.868
[2022-12-01 17:44:48.611700] Finished iteration 369, CKPT_AND_STOP: False, flag: tensor([0], dtype=torch.int32), speed: 1216.224
[2022-12-01 17:42:19.917296] Epoch: [0][370/260]	Time  1.214 ( 1.363)	Data  0.004 ( 0.025)	Loss 4.6198e+00 (4.6132e+00)	Acc@1   0.00 (  0.00)	Acc@5   0.00 (  0.00)
[2022-12-01 17:44:49.825753] Finished iteration 370, CKPT_AND_STOP: False, flag: tensor([0], dtype=torch.int32), speed: 1214.011
[2022-12-01 17:44:51.092847] Finished iteration 371, CKPT_AND_STOP: False, flag: tensor([0], dtype=torch.int32), speed: 1267.119
[2022-12-01 17:44:52.283229] Finished iteration 372, CKPT_AND_STOP: False, flag: tensor([0], dtype=torch.int32), speed: 1190.316
[2022-12-01 17:44:53.525606] Finished iteration 373, CKPT_AND_STOP: False, flag: tensor([0], dtype=torch.int32), speed: 1242.339
[2022-12-01 17:44:54.780724] Finished iteration 374, CKPT_AND_STOP: False, flag: tensor([0], dtype=torch.int32), speed: 1255.052
[2022-12-01 17:44:56.029397] Finished iteration 375, CKPT_AND_STOP: False, flag: tensor([0], dtype=torch.int32), speed: 1248.636
[2022-12-01 17:44:57.273225] Finished iteration 376, CKPT_AND_STOP: False, flag: tensor([0], dtype=torch.int32), speed: 1243.811
[2022-12-01 17:44:58.548253] Finished iteration 377, CKPT_AND_STOP: False, flag: tensor([0], dtype=torch.int32), speed: 1274.974
[2022-12-01 17:44:59.800483] Finished iteration 378, CKPT_AND_STOP: False, flag: tensor([0], dtype=torch.int32), speed: 1252.185
[2022-12-01 17:45:01.070688] Finished iteration 379, CKPT_AND_STOP: False, flag: tensor([0], dtype=torch.int32), speed: 1270.172
[2022-12-01 17:42:19.917296] Epoch: [0][380/260]	Time  1.248 ( 1.353)	Data  0.004 ( 0.024)	Loss 4.6217e+00 (4.6133e+00)	Acc@1   0.00 (  0.00)	Acc@5   0.00 (  0.00)
[2022-12-01 17:45:02.320302] Finished iteration 380, CKPT_AND_STOP: False, flag: tensor([0], dtype=torch.int32), speed: 1249.573
[2022-12-01 17:45:03.573386] Finished iteration 381, CKPT_AND_STOP: False, flag: tensor([0], dtype=torch.int32), speed: 1253.074
[2022-12-01 17:45:04.796790] Finished iteration 382, CKPT_AND_STOP: False, flag: tensor([0], dtype=torch.int32), speed: 1223.369
[2022-12-01 17:45:06.082668] Finished iteration 383, CKPT_AND_STOP: False, flag: tensor([2], dtype=torch.int32), speed: 1285.834
Opt ckpt time 1.3050930500030518
Process done with return code 0
