Parent process ID: 24095 node: 172.31.27.155
24 cutpoints
Stages 1
Micro-bs 8 Max mem: 14622140211.200005
Predicted microbatch size for 1: 8
comm size 0
GPUS_PER_VM=1 /home/ubuntu/varuna/tools/simulator/simulate-varuna 1 4 0 3598379.5166015625 0
End of simulation:  Mini-batch time (usec) = 4923429
Min send: 10000000, max send 0
Min long send: 10000000, max long send 0
Min fwd: 10000000, max fwd 0; min bwd 10000000, max bwd 0
Min long fwd: 142174, max long fwd 144458; min long bwd 186536, max long bwd 191040
Time taken by simulation: 47 microseconds

Stages 2
Micro-bs 8 Max mem: 7660942131.200001
Predicted microbatch size for 2: 8
comm size 4194304
WARNING: no send time found, 2 partitions
GPUS_PER_VM=1 /home/ubuntu/varuna/tools/simulator/simulate-varuna 2 8 0 954047.119140625 248719.58977934244
End of simulation:  Mini-batch time (usec) = 3096062
Min send: 10000000, max send 0
Min long send: 249051, max long send 268766
Min fwd: 79507, max fwd 86627; min bwd 88131, max bwd 94131
Min long fwd: 58556, max long fwd 63385; min long bwd 92867, max long bwd 97582
Time taken by simulation: 165 microseconds

Stages 3
Micro-bs 8 Max mem: 5497876480.0
Predicted microbatch size for 3: 8
comm size 4194304
WARNING: no send time found, 3 partitions
GPUS_PER_VM=1 /home/ubuntu/varuna/tools/simulator/simulate-varuna 3 13 0 485476.6540527344 248719.58977934244
End of simulation:  Mini-batch time (usec) = 3469734
Min send: 10000000, max send 0
Min long send: 248801, max long send 271185
Min fwd: 34426, max fwd 67951; min bwd 53890, max bwd 64826
Min long fwd: 37108, max long fwd 45662; min long bwd 64919, max long bwd 72155
Time taken by simulation: 436 microseconds

Stages 4
Micro-bs 8 Max mem: 4406266675.2
Predicted microbatch size for 4: 8
comm size 4194304
WARNING: no send time found, 4 partitions
GPUS_PER_VM=1 /home/ubuntu/varuna/tools/simulator/simulate-varuna 4 16 0 364488.09814453125 248719.58977934244
End of simulation:  Mini-batch time (usec) = 3900556
Min send: 10000000, max send 0
Min long send: 248773, max long send 273424
Min fwd: 20622, max fwd 60312; min bwd 40311, max bwd 50179
Min long fwd: 29744, max long fwd 36491; min long bwd 47928, max long bwd 56568
Time taken by simulation: 814 microseconds

Stages 6
Micro-bs 8 Max mem: 3314656870.4
Predicted microbatch size for 6: 8
comm size 4194304
WARNING: no send time found, 6 partitions
GPUS_PER_VM=1 /home/ubuntu/varuna/tools/simulator/simulate-varuna 6 26 0 254962.82958984375 248719.58977934244
End of simulation:  Mini-batch time (usec) = 5944030
Min send: 10000000, max send 0
Min long send: 248735, max long send 278723
Min fwd: 10836, max fwd 44441; min bwd 24199, max bwd 35953
Min long fwd: 21303, max long fwd 29429; min long bwd 33298, max long bwd 40795
Time taken by simulation: 1896 microseconds

Stages 8
Micro-bs 8 Max mem: 2758774988.8
Predicted microbatch size for 8: 8
comm size 4194304
WARNING: no send time found, 8 partitions
GPUS_PER_VM=1 /home/ubuntu/varuna/tools/simulator/simulate-varuna 8 32 0 244280.30395507812 248719.58977934244
End of simulation:  Mini-batch time (usec) = 7674225
Min send: 10000000, max send 0
Min long send: 248719, max long send 278723
Min fwd: 6779, max fwd 41103; min bwd 15994, max bwd 28589
Min long fwd: 18906, max long fwd 26091; min long bwd 25267, max long bwd 32480
Time taken by simulation: 3285 microseconds

Stages 12
Micro-bs 8 Max mem: 2202893107.2
Predicted microbatch size for 12: 8
comm size 4194304
WARNING: no send time found, 12 partitions
GPUS_PER_VM=1 /home/ubuntu/varuna/tools/simulator/simulate-varuna 12 64 0 117116.2109375 248719.58977934244
End of simulation:  Mini-batch time (usec) = 13687683
Min send: 10000000, max send 0
Min long send: 248720, max long send 280797
Min fwd: 141, max fwd 25024; min bwd 6433, max bwd 23373
Min long fwd: 7201, max long fwd 18161; min long bwd 16833, max long bwd 28389
Time taken by simulation: 10501 microseconds

{1: 4.923429, 2: 3.096062, 3: 3.469734, 4: 3.900556, 6: 5.94403, 8: 7.674225, 12: 13.687683}
{1: 8, 2: 8, 3: 8, 4: 8, 6: 8, 8: 8, 12: 8}
best config is: 2 8
expected time is 3.096062
16 per stage
32 servers!
Config:
ranks: range(31, 32)
train batch size: 1024
partitions: 2
chunk_size: 8
data depth: 16
stage to rank map: 0,2,4,6,8,10,12,14,16,18,20,22,24,26,28,30;1,3,5,7,9,11,13,15,17,19,21,23,25,27,29,31;
World size is 32
/opt/conda/envs/varuna/bin/python -u /home/ubuntu/varuna_examples/DeepLearningExamples/PyTorch/LanguageModeling/BERT/run_pretraining.py --rank=31 --chunk_size=8 --local_rank=0 --stage_to_rank_map=0,2,4,6,8,10,12,14,16,18,20,22,24,26,28,30;1,3,5,7,9,11,13,15,17,19,21,23,25,27,29,31; --batch-size=64 --input_dir=/hdf5_lower_case_1_seq_len_128_max_pred_20_masked_lm_prob_0.15_random_seed_12345_dupe_factor_5/wikicorpus_en/ --output_dir=s3://spot-checkpoints/bert --config_file=bert_config.json --bert_model=bert-large-uncased --train_batch_size=1024 --max_seq_length=128 --max_predictions_per_seq=20 --max_steps=7038 --warmup_proportion=0.2843 --num_steps_per_checkpoint=200 --learning_rate=6e-3 --seed=12439 --fp16 --gradient_accumulation_steps=128 --allreduce_post_accumulation --allreduce_post_accumulation_fp16 --do_train --json-summary /home/ubuntu/varuna_examples/DeepLearningExamples/PyTorch/LanguageModeling/BERT/results/dllogger.json --varuna --resume_step 140
device: cuda:0 n_gpu: 1, distributed training: True, 16-bits training: True
dry run time 0.19992542266845703
SHARED WEIGHTS ARE
[(0, 1)]
this rank  31 is part of pipeline replica  15
8 chunks
Begin to load checkpint from s3://spot-checkpoints/bert/ckpt_140.pt
2022-11-26 05:40:12.449479 resume step from  140
2022-11-26 05:41:04.088779 - Finished loading checkpoint, takes 51.610 secs
31 Overflow !!
31 : update_scale(): _has_overflow, dynamic. _loss_scale =  524288.0
[2022-11-26 05:41:49.174622] Finished iteration 140, CKPT_AND_STOP: False, flag: tensor([0], dtype=torch.int32), speed: 5426.317
31 Overflow !!
31 : update_scale(): _has_overflow, dynamic. _loss_scale =  262144.0
[2022-11-26 05:41:52.498212] Finished iteration 141, CKPT_AND_STOP: False, flag: tensor([0], dtype=torch.int32), speed: 3323.346
31 Overflow !!
31 : update_scale(): _has_overflow, dynamic. _loss_scale =  131072.0
[2022-11-26 05:41:55.679152] Finished iteration 142, CKPT_AND_STOP: False, flag: tensor([0], dtype=torch.int32), speed: 3180.954
31 Overflow !!
31 : update_scale(): _has_overflow, dynamic. _loss_scale =  65536.0
[2022-11-26 05:41:58.891560] Finished iteration 143, CKPT_AND_STOP: False, flag: tensor([0], dtype=torch.int32), speed: 3212.318
31 Overflow !!
31 : update_scale(): _has_overflow, dynamic. _loss_scale =  32768.0
[2022-11-26 05:42:02.110508] Finished iteration 144, CKPT_AND_STOP: False, flag: tensor([0], dtype=torch.int32), speed: 3218.987
31 Overflow !!
31 : update_scale(): _has_overflow, dynamic. _loss_scale =  16384.0
[2022-11-26 05:42:04.311690] Finished iteration 145, CKPT_AND_STOP: False, flag: tensor([0], dtype=torch.int32), speed: 2201.067
31 Overflow !!
31 : update_scale(): _has_overflow, dynamic. _loss_scale =  8192.0
[2022-11-26 05:42:06.505749] Finished iteration 146, CKPT_AND_STOP: False, flag: tensor([0], dtype=torch.int32), speed: 2194.026
31 Overflow !!
31 : update_scale(): _has_overflow, dynamic. _loss_scale =  4096.0
[2022-11-26 05:42:08.667131] Finished iteration 147, CKPT_AND_STOP: False, flag: tensor([0], dtype=torch.int32), speed: 2161.356
31 Overflow !!
31 : update_scale(): _has_overflow, dynamic. _loss_scale =  2048.0
[2022-11-26 05:42:10.831132] Finished iteration 148, CKPT_AND_STOP: False, flag: tensor([0], dtype=torch.int32), speed: 2163.966
31 Overflow !!
31 : update_scale(): _has_overflow, dynamic. _loss_scale =  1024.0
[2022-11-26 05:42:12.993750] Finished iteration 149, CKPT_AND_STOP: False, flag: tensor([0], dtype=torch.int32), speed: 2162.580
31 Overflow !!
31 : update_scale(): _has_overflow, dynamic. _loss_scale =  512.0
[2022-11-26 05:42:15.204273] Finished iteration 150, CKPT_AND_STOP: False, flag: tensor([0], dtype=torch.int32), speed: 2210.492
31 Overflow !!
31 : update_scale(): _has_overflow, dynamic. _loss_scale =  256.0
[2022-11-26 05:42:17.420589] Finished iteration 151, CKPT_AND_STOP: False, flag: tensor([0], dtype=torch.int32), speed: 2216.287
31 Overflow !!
31 : update_scale(): _has_overflow, dynamic. _loss_scale =  128.0
[2022-11-26 05:42:19.595716] Finished iteration 152, CKPT_AND_STOP: False, flag: tensor([0], dtype=torch.int32), speed: 2175.093
31 Overflow !!
31 : update_scale(): _has_overflow, dynamic. _loss_scale =  64.0
[2022-11-26 05:42:21.768444] Finished iteration 153, CKPT_AND_STOP: False, flag: tensor([0], dtype=torch.int32), speed: 2172.704
31 Overflow !!
31 : update_scale(): _has_overflow, dynamic. _loss_scale =  32.0
[2022-11-26 05:42:23.937801] Finished iteration 154, CKPT_AND_STOP: False, flag: tensor([0], dtype=torch.int32), speed: 2169.320
31 Overflow !!
31 : update_scale(): _has_overflow, dynamic. _loss_scale =  16.0
[2022-11-26 05:42:26.103332] Finished iteration 155, CKPT_AND_STOP: False, flag: tensor([0], dtype=torch.int32), speed: 2165.511
31 Overflow !!
31 : update_scale(): _has_overflow, dynamic. _loss_scale =  8.0
[2022-11-26 05:42:28.265698] Finished iteration 156, CKPT_AND_STOP: False, flag: tensor([0], dtype=torch.int32), speed: 2162.330
31 Overflow !!
31 : update_scale(): _has_overflow, dynamic. _loss_scale =  4.0
[2022-11-26 05:42:30.448864] Finished iteration 157, CKPT_AND_STOP: False, flag: tensor([0], dtype=torch.int32), speed: 2183.178
31 Overflow !!
31 : update_scale(): _has_overflow, dynamic. _loss_scale =  2.0
[2022-11-26 05:42:32.665342] Finished iteration 158, CKPT_AND_STOP: False, flag: tensor([0], dtype=torch.int32), speed: 2216.415
31 Overflow !!
31 : update_scale(): _has_overflow, dynamic. _loss_scale =  1.0
[2022-11-26 05:42:34.855029] Finished iteration 159, CKPT_AND_STOP: False, flag: tensor([0], dtype=torch.int32), speed: 2189.651
31 Overflow !!
31 : update_scale(): _has_overflow, dynamic. _loss_scale =  1.0
[2022-11-26 05:42:37.068650] Finished iteration 160, CKPT_AND_STOP: False, flag: tensor([0], dtype=torch.int32), speed: 2213.583
31 Overflow !!
31 : update_scale(): _has_overflow, dynamic. _loss_scale =  1.0
[2022-11-26 05:42:39.304061] Finished iteration 161, CKPT_AND_STOP: False, flag: tensor([0], dtype=torch.int32), speed: 2235.394
31 Overflow !!
31 : update_scale(): _has_overflow, dynamic. _loss_scale =  1.0
[2022-11-26 05:42:41.479055] Finished iteration 162, CKPT_AND_STOP: False, flag: tensor([0], dtype=torch.int32), speed: 2174.988
31 Overflow !!
31 : update_scale(): _has_overflow, dynamic. _loss_scale =  1.0
[2022-11-26 05:42:43.633272] Finished iteration 163, CKPT_AND_STOP: False, flag: tensor([0], dtype=torch.int32), speed: 2154.151
31 Overflow !!
31 : update_scale(): _has_overflow, dynamic. _loss_scale =  1.0
[2022-11-26 05:42:45.840170] Finished iteration 164, CKPT_AND_STOP: False, flag: tensor([0], dtype=torch.int32), speed: 2206.879
31 Overflow !!
31 : update_scale(): _has_overflow, dynamic. _loss_scale =  1.0
[2022-11-26 05:42:48.023573] Finished iteration 165, CKPT_AND_STOP: False, flag: tensor([0], dtype=torch.int32), speed: 2183.371
31 Overflow !!
31 : update_scale(): _has_overflow, dynamic. _loss_scale =  1.0
[2022-11-26 05:42:50.309092] Finished iteration 166, CKPT_AND_STOP: False, flag: tensor([0], dtype=torch.int32), speed: 2285.491
31 Overflow !!
31 : update_scale(): _has_overflow, dynamic. _loss_scale =  1.0
[2022-11-26 05:42:53.578617] Finished iteration 167, CKPT_AND_STOP: False, flag: tensor([0], dtype=torch.int32), speed: 3269.485
31 Overflow !!
31 : update_scale(): _has_overflow, dynamic. _loss_scale =  1.0
[2022-11-26 05:42:55.850982] Finished iteration 168, CKPT_AND_STOP: False, flag: tensor([0], dtype=torch.int32), speed: 2272.340
31 Overflow !!
31 : update_scale(): _has_overflow, dynamic. _loss_scale =  1.0
[2022-11-26 05:42:58.013371] Finished iteration 169, CKPT_AND_STOP: False, flag: tensor([0], dtype=torch.int32), speed: 2162.339
31 Overflow !!
31 : update_scale(): _has_overflow, dynamic. _loss_scale =  1.0
[2022-11-26 05:43:00.233457] Finished iteration 170, CKPT_AND_STOP: False, flag: tensor([0], dtype=torch.int32), speed: 2220.051
31 Overflow !!
31 : update_scale(): _has_overflow, dynamic. _loss_scale =  1.0
[2022-11-26 05:43:02.449243] Finished iteration 171, CKPT_AND_STOP: False, flag: tensor([0], dtype=torch.int32), speed: 2215.767
31 Overflow !!
31 : update_scale(): _has_overflow, dynamic. _loss_scale =  1.0
[2022-11-26 05:43:04.656337] Finished iteration 172, CKPT_AND_STOP: False, flag: tensor([0], dtype=torch.int32), speed: 2207.047
31 Overflow !!
31 : update_scale(): _has_overflow, dynamic. _loss_scale =  1.0
[2022-11-26 05:43:06.872846] Finished iteration 173, CKPT_AND_STOP: False, flag: tensor([0], dtype=torch.int32), speed: 2216.525
31 Overflow !!
31 : update_scale(): _has_overflow, dynamic. _loss_scale =  1.0
[2022-11-26 05:43:09.082626] Finished iteration 174, CKPT_AND_STOP: False, flag: tensor([0], dtype=torch.int32), speed: 2209.702
31 Overflow !!
31 : update_scale(): _has_overflow, dynamic. _loss_scale =  1.0
[2022-11-26 05:43:11.263960] Finished iteration 175, CKPT_AND_STOP: False, flag: tensor([0], dtype=torch.int32), speed: 2181.301
31 Overflow !!
31 : update_scale(): _has_overflow, dynamic. _loss_scale =  1.0
[2022-11-26 05:43:13.465315] Finished iteration 176, CKPT_AND_STOP: False, flag: tensor([0], dtype=torch.int32), speed: 2201.323
31 Overflow !!
31 : update_scale(): _has_overflow, dynamic. _loss_scale =  1.0
[2022-11-26 05:43:15.636206] Finished iteration 177, CKPT_AND_STOP: False, flag: tensor([0], dtype=torch.int32), speed: 2170.861
31 Overflow !!
31 : update_scale(): _has_overflow, dynamic. _loss_scale =  1.0
[2022-11-26 05:43:17.817777] Finished iteration 178, CKPT_AND_STOP: False, flag: tensor([0], dtype=torch.int32), speed: 2181.546
31 Overflow !!
31 : update_scale(): _has_overflow, dynamic. _loss_scale =  1.0
[2022-11-26 05:43:20.033635] Finished iteration 179, CKPT_AND_STOP: False, flag: tensor([0], dtype=torch.int32), speed: 2215.828
31 Overflow !!
31 : update_scale(): _has_overflow, dynamic. _loss_scale =  1.0
[2022-11-26 05:43:22.180524] Finished iteration 180, CKPT_AND_STOP: False, flag: tensor([0], dtype=torch.int32), speed: 2146.855
31 Overflow !!
31 : update_scale(): _has_overflow, dynamic. _loss_scale =  1.0
[2022-11-26 05:43:24.382635] Finished iteration 181, CKPT_AND_STOP: False, flag: tensor([0], dtype=torch.int32), speed: 2202.082
31 Overflow !!
31 : update_scale(): _has_overflow, dynamic. _loss_scale =  1.0
[2022-11-26 05:43:26.570702] Finished iteration 182, CKPT_AND_STOP: False, flag: tensor([0], dtype=torch.int32), speed: 2188.034
31 Overflow !!
31 : update_scale(): _has_overflow, dynamic. _loss_scale =  1.0
[2022-11-26 05:43:28.744520] Finished iteration 183, CKPT_AND_STOP: False, flag: tensor([0], dtype=torch.int32), speed: 2173.783
31 Overflow !!
31 : update_scale(): _has_overflow, dynamic. _loss_scale =  1.0
[2022-11-26 05:43:30.879485] Finished iteration 184, CKPT_AND_STOP: False, flag: tensor([0], dtype=torch.int32), speed: 2134.944
31 Overflow !!
31 : update_scale(): _has_overflow, dynamic. _loss_scale =  1.0
[2022-11-26 05:43:33.056517] Finished iteration 185, CKPT_AND_STOP: False, flag: tensor([0], dtype=torch.int32), speed: 2176.995
31 Overflow !!
31 : update_scale(): _has_overflow, dynamic. _loss_scale =  1.0
[2022-11-26 05:43:35.217040] Finished iteration 186, CKPT_AND_STOP: False, flag: tensor([0], dtype=torch.int32), speed: 2160.528
31 Overflow !!
31 : update_scale(): _has_overflow, dynamic. _loss_scale =  1.0
[2022-11-26 05:43:37.396114] Finished iteration 187, CKPT_AND_STOP: False, flag: tensor([0], dtype=torch.int32), speed: 2179.007
31 Overflow !!
31 : update_scale(): _has_overflow, dynamic. _loss_scale =  1.0
[2022-11-26 05:43:39.583576] Finished iteration 188, CKPT_AND_STOP: False, flag: tensor([0], dtype=torch.int32), speed: 2187.419
31 Overflow !!
31 : update_scale(): _has_overflow, dynamic. _loss_scale =  1.0
[2022-11-26 05:43:41.764923] Finished iteration 189, CKPT_AND_STOP: False, flag: tensor([0], dtype=torch.int32), speed: 2181.423
31 Overflow !!
31 : update_scale(): _has_overflow, dynamic. _loss_scale =  1.0
[2022-11-26 05:43:43.987738] Finished iteration 190, CKPT_AND_STOP: False, flag: tensor([0], dtype=torch.int32), speed: 2222.683
31 Overflow !!
31 : update_scale(): _has_overflow, dynamic. _loss_scale =  1.0
[2022-11-26 05:43:46.149651] Finished iteration 191, CKPT_AND_STOP: False, flag: tensor([0], dtype=torch.int32), speed: 2161.918
31 Overflow !!
31 : update_scale(): _has_overflow, dynamic. _loss_scale =  1.0
[2022-11-26 05:43:48.337984] Finished iteration 192, CKPT_AND_STOP: False, flag: tensor([0], dtype=torch.int32), speed: 2188.267
31 Overflow !!
31 : update_scale(): _has_overflow, dynamic. _loss_scale =  1.0
[2022-11-26 05:43:50.496043] Finished iteration 193, CKPT_AND_STOP: False, flag: tensor([0], dtype=torch.int32), speed: 2158.023
31 Overflow !!
31 : update_scale(): _has_overflow, dynamic. _loss_scale =  1.0
[2022-11-26 05:43:52.707033] Finished iteration 194, CKPT_AND_STOP: False, flag: tensor([0], dtype=torch.int32), speed: 2210.959
31 Overflow !!
31 : update_scale(): _has_overflow, dynamic. _loss_scale =  1.0
[2022-11-26 05:43:54.900113] Finished iteration 195, CKPT_AND_STOP: False, flag: tensor([0], dtype=torch.int32), speed: 2193.053
31 Overflow !!
31 : update_scale(): _has_overflow, dynamic. _loss_scale =  1.0
[2022-11-26 05:43:57.056127] Finished iteration 196, CKPT_AND_STOP: False, flag: tensor([0], dtype=torch.int32), speed: 2155.999
31 Overflow !!
31 : update_scale(): _has_overflow, dynamic. _loss_scale =  1.0
[2022-11-26 05:43:59.240018] Finished iteration 197, CKPT_AND_STOP: False, flag: tensor([0], dtype=torch.int32), speed: 2183.871
31 Overflow !!
31 : update_scale(): _has_overflow, dynamic. _loss_scale =  1.0
[2022-11-26 05:44:01.425222] Finished iteration 198, CKPT_AND_STOP: False, flag: tensor([0], dtype=torch.int32), speed: 2185.156
31 Overflow !!
31 : update_scale(): _has_overflow, dynamic. _loss_scale =  1.0
[2022-11-26 05:44:03.635408] Finished iteration 199, CKPT_AND_STOP: False, flag: tensor([0], dtype=torch.int32), speed: 2210.154
31 Overflow !!
31 : update_scale(): _has_overflow, dynamic. _loss_scale =  1.0
[2022-11-26 05:44:05.852353] Finished iteration 200, CKPT_AND_STOP: False, flag: tensor([0], dtype=torch.int32), speed: 2216.911
31 Overflow !!
31 : update_scale(): _has_overflow, dynamic. _loss_scale =  1.0
[2022-11-26 05:44:08.434297] Finished iteration 201, CKPT_AND_STOP: False, flag: tensor([0], dtype=torch.int32), speed: 2581.914
31 Overflow !!
31 : update_scale(): _has_overflow, dynamic. _loss_scale =  1.0
[2022-11-26 05:44:10.748587] Finished iteration 202, CKPT_AND_STOP: False, flag: tensor([0], dtype=torch.int32), speed: 2314.266
31 Overflow !!
31 : update_scale(): _has_overflow, dynamic. _loss_scale =  1.0
[2022-11-26 05:44:12.939441] Finished iteration 203, CKPT_AND_STOP: False, flag: tensor([0], dtype=torch.int32), speed: 2190.822
31 Overflow !!
31 : update_scale(): _has_overflow, dynamic. _loss_scale =  1.0
[2022-11-26 05:44:15.122329] Finished iteration 204, CKPT_AND_STOP: False, flag: tensor([0], dtype=torch.int32), speed: 2182.873
31 Overflow !!
31 : update_scale(): _has_overflow, dynamic. _loss_scale =  1.0
[2022-11-26 05:44:17.308499] Finished iteration 205, CKPT_AND_STOP: False, flag: tensor([0], dtype=torch.int32), speed: 2186.112
31 Overflow !!
31 : update_scale(): _has_overflow, dynamic. _loss_scale =  1.0
[2022-11-26 05:44:19.514141] Finished iteration 206, CKPT_AND_STOP: False, flag: tensor([0], dtype=torch.int32), speed: 2205.637
31 Overflow !!
31 : update_scale(): _has_overflow, dynamic. _loss_scale =  1.0
[2022-11-26 05:44:21.707922] Finished iteration 207, CKPT_AND_STOP: False, flag: tensor([0], dtype=torch.int32), speed: 2193.757
31 Overflow !!
31 : update_scale(): _has_overflow, dynamic. _loss_scale =  1.0
[2022-11-26 05:44:24.226270] Finished iteration 208, CKPT_AND_STOP: False, flag: tensor([0], dtype=torch.int32), speed: 2518.289
31 Overflow !!
31 : update_scale(): _has_overflow, dynamic. _loss_scale =  1.0
[2022-11-26 05:44:26.915097] Finished iteration 209, CKPT_AND_STOP: False, flag: tensor([0], dtype=torch.int32), speed: 2688.798
31 Overflow !!
31 : update_scale(): _has_overflow, dynamic. _loss_scale =  1.0
[2022-11-26 05:44:29.146589] Finished iteration 210, CKPT_AND_STOP: False, flag: tensor([0], dtype=torch.int32), speed: 2231.589
31 Overflow !!
31 : update_scale(): _has_overflow, dynamic. _loss_scale =  1.0
[2022-11-26 05:44:31.357089] Finished iteration 211, CKPT_AND_STOP: False, flag: tensor([0], dtype=torch.int32), speed: 2210.321
31 Overflow !!
31 : update_scale(): _has_overflow, dynamic. _loss_scale =  1.0
[2022-11-26 05:44:33.567950] Finished iteration 212, CKPT_AND_STOP: False, flag: tensor([0], dtype=torch.int32), speed: 2210.836
31 Overflow !!
31 : update_scale(): _has_overflow, dynamic. _loss_scale =  1.0
[2022-11-26 05:44:35.766296] Finished iteration 213, CKPT_AND_STOP: False, flag: tensor([0], dtype=torch.int32), speed: 2198.336
31 Overflow !!
31 : update_scale(): _has_overflow, dynamic. _loss_scale =  1.0
[2022-11-26 05:44:37.947113] Finished iteration 214, CKPT_AND_STOP: False, flag: tensor([0], dtype=torch.int32), speed: 2180.813
31 Overflow !!
31 : update_scale(): _has_overflow, dynamic. _loss_scale =  1.0
[2022-11-26 05:44:40.161215] Finished iteration 215, CKPT_AND_STOP: False, flag: tensor([0], dtype=torch.int32), speed: 2214.028
31 Overflow !!
31 : update_scale(): _has_overflow, dynamic. _loss_scale =  1.0
[2022-11-26 05:44:42.370969] Finished iteration 216, CKPT_AND_STOP: False, flag: tensor([0], dtype=torch.int32), speed: 2209.738
31 Overflow !!
31 : update_scale(): _has_overflow, dynamic. _loss_scale =  1.0
[2022-11-26 05:44:44.531320] Finished iteration 217, CKPT_AND_STOP: False, flag: tensor([0], dtype=torch.int32), speed: 2160.298
31 Overflow !!
31 : update_scale(): _has_overflow, dynamic. _loss_scale =  1.0
[2022-11-26 05:44:46.718787] Finished iteration 218, CKPT_AND_STOP: False, flag: tensor([0], dtype=torch.int32), speed: 2187.443
31 Overflow !!
31 : update_scale(): _has_overflow, dynamic. _loss_scale =  1.0
[2022-11-26 05:44:48.884967] Finished iteration 219, CKPT_AND_STOP: False, flag: tensor([0], dtype=torch.int32), speed: 2166.178
31 Overflow !!
31 : update_scale(): _has_overflow, dynamic. _loss_scale =  1.0
[2022-11-26 05:44:51.062074] Finished iteration 220, CKPT_AND_STOP: False, flag: tensor([0], dtype=torch.int32), speed: 2177.069
31 Overflow !!
31 : update_scale(): _has_overflow, dynamic. _loss_scale =  1.0
[2022-11-26 05:44:53.199875] Finished iteration 221, CKPT_AND_STOP: False, flag: tensor([0], dtype=torch.int32), speed: 2137.767
31 Overflow !!
31 : update_scale(): _has_overflow, dynamic. _loss_scale =  1.0
[2022-11-26 05:44:55.413224] Finished iteration 222, CKPT_AND_STOP: False, flag: tensor([0], dtype=torch.int32), speed: 2213.300
31 Overflow !!
31 : update_scale(): _has_overflow, dynamic. _loss_scale =  1.0
[2022-11-26 05:44:57.598010] Finished iteration 223, CKPT_AND_STOP: False, flag: tensor([0], dtype=torch.int32), speed: 2184.760
31 Overflow !!
31 : update_scale(): _has_overflow, dynamic. _loss_scale =  1.0
[2022-11-26 05:44:59.830581] Finished iteration 224, CKPT_AND_STOP: False, flag: tensor([0], dtype=torch.int32), speed: 2232.543
31 Overflow !!
31 : update_scale(): _has_overflow, dynamic. _loss_scale =  1.0
[2022-11-26 05:45:02.054709] Finished iteration 225, CKPT_AND_STOP: False, flag: tensor([0], dtype=torch.int32), speed: 2224.117
31 Overflow !!
31 : update_scale(): _has_overflow, dynamic. _loss_scale =  1.0
[2022-11-26 05:45:04.280717] Finished iteration 226, CKPT_AND_STOP: False, flag: tensor([0], dtype=torch.int32), speed: 2225.953
31 Overflow !!
31 : update_scale(): _has_overflow, dynamic. _loss_scale =  1.0
[2022-11-26 05:45:06.498278] Finished iteration 227, CKPT_AND_STOP: False, flag: tensor([0], dtype=torch.int32), speed: 2217.528
31 Overflow !!
31 : update_scale(): _has_overflow, dynamic. _loss_scale =  1.0
[2022-11-26 05:45:08.675200] Finished iteration 228, CKPT_AND_STOP: False, flag: tensor([0], dtype=torch.int32), speed: 2176.895
31 Overflow !!
31 : update_scale(): _has_overflow, dynamic. _loss_scale =  1.0
[2022-11-26 05:45:10.848465] Finished iteration 229, CKPT_AND_STOP: False, flag: tensor([0], dtype=torch.int32), speed: 2173.232
31 Overflow !!
31 : update_scale(): _has_overflow, dynamic. _loss_scale =  1.0
[2022-11-26 05:45:13.014308] Finished iteration 230, CKPT_AND_STOP: False, flag: tensor([0], dtype=torch.int32), speed: 2165.815
31 Overflow !!
31 : update_scale(): _has_overflow, dynamic. _loss_scale =  1.0
[2022-11-26 05:45:15.207005] Finished iteration 231, CKPT_AND_STOP: False, flag: tensor([0], dtype=torch.int32), speed: 2192.679
31 Overflow !!
31 : update_scale(): _has_overflow, dynamic. _loss_scale =  1.0
[2022-11-26 05:45:17.399180] Finished iteration 232, CKPT_AND_STOP: False, flag: tensor([0], dtype=torch.int32), speed: 2192.147
31 Overflow !!
31 : update_scale(): _has_overflow, dynamic. _loss_scale =  1.0
[2022-11-26 05:45:19.557762] Finished iteration 233, CKPT_AND_STOP: False, flag: tensor([0], dtype=torch.int32), speed: 2158.548
31 Overflow !!
31 : update_scale(): _has_overflow, dynamic. _loss_scale =  1.0
[2022-11-26 05:45:21.739214] Finished iteration 234, CKPT_AND_STOP: False, flag: tensor([0], dtype=torch.int32), speed: 2181.427
31 Overflow !!
31 : update_scale(): _has_overflow, dynamic. _loss_scale =  1.0
[2022-11-26 05:45:23.888559] Finished iteration 235, CKPT_AND_STOP: False, flag: tensor([0], dtype=torch.int32), speed: 2149.307
31 Overflow !!
31 : update_scale(): _has_overflow, dynamic. _loss_scale =  1.0
[2022-11-26 05:45:26.066314] Finished iteration 236, CKPT_AND_STOP: False, flag: tensor([0], dtype=torch.int32), speed: 2177.725
31 Overflow !!
31 : update_scale(): _has_overflow, dynamic. _loss_scale =  1.0
[2022-11-26 05:45:28.274741] Finished iteration 237, CKPT_AND_STOP: False, flag: tensor([0], dtype=torch.int32), speed: 2208.415
31 Overflow !!
31 : update_scale(): _has_overflow, dynamic. _loss_scale =  1.0
[2022-11-26 05:45:30.464109] Finished iteration 238, CKPT_AND_STOP: False, flag: tensor([0], dtype=torch.int32), speed: 2189.316
31 Overflow !!
31 : update_scale(): _has_overflow, dynamic. _loss_scale =  1.0
[2022-11-26 05:45:32.640386] Finished iteration 239, CKPT_AND_STOP: False, flag: tensor([0], dtype=torch.int32), speed: 2176.249
31 Overflow !!
31 : update_scale(): _has_overflow, dynamic. _loss_scale =  1.0
[2022-11-26 05:45:34.836055] Finished iteration 240, CKPT_AND_STOP: False, flag: tensor([0], dtype=torch.int32), speed: 2195.654
31 Overflow !!
31 : update_scale(): _has_overflow, dynamic. _loss_scale =  1.0
[2022-11-26 05:45:37.042107] Finished iteration 241, CKPT_AND_STOP: False, flag: tensor([0], dtype=torch.int32), speed: 2206.021
31 Overflow !!
31 : update_scale(): _has_overflow, dynamic. _loss_scale =  1.0
[2022-11-26 05:45:39.248559] Finished iteration 242, CKPT_AND_STOP: False, flag: tensor([0], dtype=torch.int32), speed: 2206.383
31 Overflow !!
31 : update_scale(): _has_overflow, dynamic. _loss_scale =  1.0
[2022-11-26 05:45:41.465258] Finished iteration 243, CKPT_AND_STOP: False, flag: tensor([0], dtype=torch.int32), speed: 2216.672
31 Overflow !!
31 : update_scale(): _has_overflow, dynamic. _loss_scale =  1.0
[2022-11-26 05:45:43.635427] Finished iteration 244, CKPT_AND_STOP: False, flag: tensor([0], dtype=torch.int32), speed: 2170.137
31 Overflow !!
31 : update_scale(): _has_overflow, dynamic. _loss_scale =  1.0
[2022-11-26 05:45:45.773235] Finished iteration 245, CKPT_AND_STOP: False, flag: tensor([0], dtype=torch.int32), speed: 2137.779
31 Overflow !!
31 : update_scale(): _has_overflow, dynamic. _loss_scale =  1.0
[2022-11-26 05:45:48.040563] Finished iteration 246, CKPT_AND_STOP: False, flag: tensor([0], dtype=torch.int32), speed: 2267.295
31 Overflow !!
31 : update_scale(): _has_overflow, dynamic. _loss_scale =  1.0
[2022-11-26 05:45:50.234238] Finished iteration 247, CKPT_AND_STOP: False, flag: tensor([0], dtype=torch.int32), speed: 2193.649
31 Overflow !!
31 : update_scale(): _has_overflow, dynamic. _loss_scale =  1.0
[2022-11-26 05:45:52.450062] Finished iteration 248, CKPT_AND_STOP: False, flag: tensor([0], dtype=torch.int32), speed: 2215.798
31 Overflow !!
31 : update_scale(): _has_overflow, dynamic. _loss_scale =  1.0
[2022-11-26 05:45:54.691129] Finished iteration 249, CKPT_AND_STOP: False, flag: tensor([0], dtype=torch.int32), speed: 2241.058
31 Overflow !!
31 : update_scale(): _has_overflow, dynamic. _loss_scale =  1.0
[2022-11-26 05:45:57.171821] Finished iteration 250, CKPT_AND_STOP: False, flag: tensor([0], dtype=torch.int32), speed: 2480.652
31 Overflow !!
31 : update_scale(): _has_overflow, dynamic. _loss_scale =  1.0
[2022-11-26 05:45:59.523158] Finished iteration 251, CKPT_AND_STOP: False, flag: tensor([0], dtype=torch.int32), speed: 2351.308
31 Overflow !!
31 : update_scale(): _has_overflow, dynamic. _loss_scale =  1.0
[2022-11-26 05:46:01.662410] Finished iteration 252, CKPT_AND_STOP: False, flag: tensor([0], dtype=torch.int32), speed: 2139.205
31 Overflow !!
31 : update_scale(): _has_overflow, dynamic. _loss_scale =  1.0
[2022-11-26 05:46:03.856735] Finished iteration 253, CKPT_AND_STOP: False, flag: tensor([0], dtype=torch.int32), speed: 2194.313
31 Overflow !!
31 : update_scale(): _has_overflow, dynamic. _loss_scale =  1.0
[2022-11-26 05:46:06.221987] Finished iteration 254, CKPT_AND_STOP: False, flag: tensor([0], dtype=torch.int32), speed: 2365.206
31 Overflow !!
31 : update_scale(): _has_overflow, dynamic. _loss_scale =  1.0
[2022-11-26 05:46:08.435962] Finished iteration 255, CKPT_AND_STOP: False, flag: tensor([0], dtype=torch.int32), speed: 2213.940
31 Overflow !!
31 : update_scale(): _has_overflow, dynamic. _loss_scale =  1.0
[2022-11-26 05:46:10.597313] Finished iteration 256, CKPT_AND_STOP: False, flag: tensor([0], dtype=torch.int32), speed: 2161.322
31 Overflow !!
31 : update_scale(): _has_overflow, dynamic. _loss_scale =  1.0
[2022-11-26 05:46:12.775484] Finished iteration 257, CKPT_AND_STOP: False, flag: tensor([0], dtype=torch.int32), speed: 2178.151
31 Overflow !!
31 : update_scale(): _has_overflow, dynamic. _loss_scale =  1.0
[2022-11-26 05:46:14.966464] Finished iteration 258, CKPT_AND_STOP: False, flag: tensor([0], dtype=torch.int32), speed: 2190.940
31 Overflow !!
31 : update_scale(): _has_overflow, dynamic. _loss_scale =  1.0
[2022-11-26 05:46:17.140926] Finished iteration 259, CKPT_AND_STOP: False, flag: tensor([0], dtype=torch.int32), speed: 2174.479
31 Overflow !!
31 : update_scale(): _has_overflow, dynamic. _loss_scale =  1.0
[2022-11-26 05:46:19.287164] Finished iteration 260, CKPT_AND_STOP: False, flag: tensor([0], dtype=torch.int32), speed: 2146.174
31 Overflow !!
31 : update_scale(): _has_overflow, dynamic. _loss_scale =  1.0
[2022-11-26 05:46:21.469244] Finished iteration 261, CKPT_AND_STOP: False, flag: tensor([0], dtype=torch.int32), speed: 2182.054
31 Overflow !!
31 : update_scale(): _has_overflow, dynamic. _loss_scale =  1.0
[2022-11-26 05:46:23.675352] Finished iteration 262, CKPT_AND_STOP: False, flag: tensor([0], dtype=torch.int32), speed: 2206.061
31 Overflow !!
31 : update_scale(): _has_overflow, dynamic. _loss_scale =  1.0
[2022-11-26 05:46:25.848307] Finished iteration 263, CKPT_AND_STOP: False, flag: tensor([0], dtype=torch.int32), speed: 2173.057
31 Overflow !!
31 : update_scale(): _has_overflow, dynamic. _loss_scale =  1.0
[2022-11-26 05:46:28.014773] Finished iteration 264, CKPT_AND_STOP: False, flag: tensor([2], dtype=torch.int32), speed: 2166.301
2022-11-26 05:46:28.019207 Begin to save checkpont to s3://spot-checkpoints/bert and exit
Opt ckpt time 4.321210622787476
Process done with return code 0
Parent process ID: 51049 node: 172.31.31.40
24 cutpoints
Stages 1
Micro-bs 8 Max mem: 14622140211.200005
Predicted microbatch size for 1: 8
comm size 0
GPUS_PER_VM=1 /home/ubuntu/varuna/tools/simulator/simulate-varuna 1 4 0 3598379.5166015625 0
End of simulation:  Mini-batch time (usec) = 4923429
Min send: 10000000, max send 0
Min long send: 10000000, max long send 0
Min fwd: 10000000, max fwd 0; min bwd 10000000, max bwd 0
Min long fwd: 142174, max long fwd 144458; min long bwd 186536, max long bwd 191040
Time taken by simulation: 40 microseconds

Stages 2
Micro-bs 8 Max mem: 7660942131.200001
Predicted microbatch size for 2: 8
comm size 4194304
WARNING: no send time found, 2 partitions
GPUS_PER_VM=1 /home/ubuntu/varuna/tools/simulator/simulate-varuna 2 8 0 954047.119140625 248719.58977934244
End of simulation:  Mini-batch time (usec) = 3096062
Min send: 10000000, max send 0
Min long send: 249051, max long send 268766
Min fwd: 79507, max fwd 86627; min bwd 88131, max bwd 94131
Min long fwd: 58556, max long fwd 63385; min long bwd 92867, max long bwd 97582
Time taken by simulation: 165 microseconds

Stages 3
Micro-bs 8 Max mem: 5497876480.0
Predicted microbatch size for 3: 8
comm size 4194304
WARNING: no send time found, 3 partitions
GPUS_PER_VM=1 /home/ubuntu/varuna/tools/simulator/simulate-varuna 3 13 0 485476.6540527344 248719.58977934244
End of simulation:  Mini-batch time (usec) = 3469734
Min send: 10000000, max send 0
Min long send: 248801, max long send 271185
Min fwd: 34426, max fwd 67951; min bwd 53890, max bwd 64826
Min long fwd: 37108, max long fwd 45662; min long bwd 64919, max long bwd 72155
Time taken by simulation: 427 microseconds

Stages 4
Micro-bs 8 Max mem: 4406266675.2
Predicted microbatch size for 4: 8
comm size 4194304
WARNING: no send time found, 4 partitions
GPUS_PER_VM=1 /home/ubuntu/varuna/tools/simulator/simulate-varuna 4 16 0 364488.09814453125 248719.58977934244
End of simulation:  Mini-batch time (usec) = 3900556
Min send: 10000000, max send 0
Min long send: 248773, max long send 273424
Min fwd: 20622, max fwd 60312; min bwd 40311, max bwd 50179
Min long fwd: 29744, max long fwd 36491; min long bwd 47928, max long bwd 56568
Time taken by simulation: 721 microseconds

Stages 6
Micro-bs 8 Max mem: 3314656870.4
Predicted microbatch size for 6: 8
comm size 4194304
WARNING: no send time found, 6 partitions
GPUS_PER_VM=1 /home/ubuntu/varuna/tools/simulator/simulate-varuna 6 26 0 254962.82958984375 248719.58977934244
End of simulation:  Mini-batch time (usec) = 5944030
Min send: 10000000, max send 0
Min long send: 248735, max long send 278723
Min fwd: 10836, max fwd 44441; min bwd 24199, max bwd 35953
Min long fwd: 21303, max long fwd 29429; min long bwd 33298, max long bwd 40795
Time taken by simulation: 1947 microseconds

Stages 8
Micro-bs 8 Max mem: 2758774988.8
Predicted microbatch size for 8: 8
comm size 4194304
WARNING: no send time found, 8 partitions
GPUS_PER_VM=1 /home/ubuntu/varuna/tools/simulator/simulate-varuna 8 32 0 244280.30395507812 248719.58977934244
End of simulation:  Mini-batch time (usec) = 7674225
Min send: 10000000, max send 0
Min long send: 248719, max long send 278723
Min fwd: 6779, max fwd 41103; min bwd 15994, max bwd 28589
Min long fwd: 18906, max long fwd 26091; min long bwd 25267, max long bwd 32480
Time taken by simulation: 3328 microseconds

Stages 12
Micro-bs 8 Max mem: 2202893107.2
Predicted microbatch size for 12: 8
comm size 4194304
WARNING: no send time found, 12 partitions
GPUS_PER_VM=1 /home/ubuntu/varuna/tools/simulator/simulate-varuna 12 64 0 117116.2109375 248719.58977934244
End of simulation:  Mini-batch time (usec) = 13687683
Min send: 10000000, max send 0
Min long send: 248720, max long send 280797
Min fwd: 141, max fwd 25024; min bwd 6433, max bwd 23373
Min long fwd: 7201, max long fwd 18161; min long bwd 16833, max long bwd 28389
Time taken by simulation: 10495 microseconds

{1: 4.923429, 2: 3.096062, 3: 3.469734, 4: 3.900556, 6: 5.94403, 8: 7.674225, 12: 13.687683}
{1: 8, 2: 8, 3: 8, 4: 8, 6: 8, 8: 8, 12: 8}
best config is: 2 8
expected time is 3.096062
16 per stage
32 servers!
Config:
ranks: range(31, 32)
train batch size: 1024
partitions: 2
chunk_size: 8
data depth: 16
stage to rank map: 0,2,4,6,8,10,12,14,16,18,20,22,24,26,28,30;1,3,5,7,9,11,13,15,17,19,21,23,25,27,29,31;
World size is 32
/opt/conda/envs/varuna/bin/python -u /home/ubuntu/varuna_examples/DeepLearningExamples/PyTorch/LanguageModeling/BERT/run_pretraining.py --rank=31 --chunk_size=8 --local_rank=0 --stage_to_rank_map=0,2,4,6,8,10,12,14,16,18,20,22,24,26,28,30;1,3,5,7,9,11,13,15,17,19,21,23,25,27,29,31; --batch-size=64 --input_dir=/hdf5_lower_case_1_seq_len_128_max_pred_20_masked_lm_prob_0.15_random_seed_12345_dupe_factor_5/wikicorpus_en/ --output_dir=s3://spot-checkpoints/bert --config_file=bert_config.json --bert_model=bert-large-uncased --train_batch_size=1024 --max_seq_length=128 --max_predictions_per_seq=20 --max_steps=7038 --warmup_proportion=0.2843 --num_steps_per_checkpoint=200 --learning_rate=6e-3 --seed=12439 --fp16 --gradient_accumulation_steps=128 --allreduce_post_accumulation --allreduce_post_accumulation_fp16 --do_train --json-summary /home/ubuntu/varuna_examples/DeepLearningExamples/PyTorch/LanguageModeling/BERT/results/dllogger.json --varuna --resume_step 386
device: cuda:0 n_gpu: 1, distributed training: True, 16-bits training: True
dry run time 0.19015836715698242
SHARED WEIGHTS ARE
[(0, 1)]
this rank  31 is part of pipeline replica  15
8 chunks
Begin to load checkpint from s3://spot-checkpoints/bert/ckpt_386.pt
2022-11-26 05:58:21.753076 resume step from  386
2022-11-26 05:59:22.803617 - Finished loading checkpoint, takes 61.023 secs
31 Overflow !!
31 : update_scale(): _has_overflow, dynamic. _loss_scale =  524288.0
[2022-11-26 05:59:39.102969] Finished iteration 386, CKPT_AND_STOP: False, flag: tensor([0], dtype=torch.int32), speed: 5371.860
31 Overflow !!
31 : update_scale(): _has_overflow, dynamic. _loss_scale =  262144.0
[2022-11-26 05:59:42.301368] Finished iteration 387, CKPT_AND_STOP: False, flag: tensor([0], dtype=torch.int32), speed: 3198.177
31 Overflow !!
31 : update_scale(): _has_overflow, dynamic. _loss_scale =  131072.0
[2022-11-26 05:59:45.487269] Finished iteration 388, CKPT_AND_STOP: False, flag: tensor([0], dtype=torch.int32), speed: 3185.892
31 Overflow !!
31 : update_scale(): _has_overflow, dynamic. _loss_scale =  65536.0
[2022-11-26 05:59:48.989681] Finished iteration 389, CKPT_AND_STOP: False, flag: tensor([0], dtype=torch.int32), speed: 3502.338
31 Overflow !!
31 : update_scale(): _has_overflow, dynamic. _loss_scale =  32768.0
[2022-11-26 05:59:52.211505] Finished iteration 390, CKPT_AND_STOP: False, flag: tensor([0], dtype=torch.int32), speed: 3221.784
31 Overflow !!
31 : update_scale(): _has_overflow, dynamic. _loss_scale =  16384.0
[2022-11-26 05:59:55.319327] Finished iteration 391, CKPT_AND_STOP: False, flag: tensor([0], dtype=torch.int32), speed: 3107.765
31 Overflow !!
31 : update_scale(): _has_overflow, dynamic. _loss_scale =  8192.0
[2022-11-26 05:59:58.792714] Finished iteration 392, CKPT_AND_STOP: False, flag: tensor([0], dtype=torch.int32), speed: 3473.340
31 Overflow !!
31 : update_scale(): _has_overflow, dynamic. _loss_scale =  4096.0
[2022-11-26 06:00:01.806528] Finished iteration 393, CKPT_AND_STOP: False, flag: tensor([0], dtype=torch.int32), speed: 3013.792
31 Overflow !!
31 : update_scale(): _has_overflow, dynamic. _loss_scale =  2048.0
[2022-11-26 06:00:04.456646] Finished iteration 394, CKPT_AND_STOP: False, flag: tensor([0], dtype=torch.int32), speed: 2650.102
31 Overflow !!
31 : update_scale(): _has_overflow, dynamic. _loss_scale =  1024.0
[2022-11-26 06:00:07.064348] Finished iteration 395, CKPT_AND_STOP: False, flag: tensor([0], dtype=torch.int32), speed: 2607.652
31 Overflow !!
31 : update_scale(): _has_overflow, dynamic. _loss_scale =  512.0
[2022-11-26 06:00:09.307606] Finished iteration 396, CKPT_AND_STOP: False, flag: tensor([0], dtype=torch.int32), speed: 2243.220
31 Overflow !!
31 : update_scale(): _has_overflow, dynamic. _loss_scale =  256.0
[2022-11-26 06:00:11.466105] Finished iteration 397, CKPT_AND_STOP: False, flag: tensor([0], dtype=torch.int32), speed: 2158.481
31 Overflow !!
31 : update_scale(): _has_overflow, dynamic. _loss_scale =  128.0
[2022-11-26 06:00:13.652097] Finished iteration 398, CKPT_AND_STOP: False, flag: tensor([0], dtype=torch.int32), speed: 2185.941
31 Overflow !!
31 : update_scale(): _has_overflow, dynamic. _loss_scale =  64.0
[2022-11-26 06:00:15.842795] Finished iteration 399, CKPT_AND_STOP: False, flag: tensor([0], dtype=torch.int32), speed: 2190.665
31 Overflow !!
31 : update_scale(): _has_overflow, dynamic. _loss_scale =  32.0
[2022-11-26 06:00:18.033035] Finished iteration 400, CKPT_AND_STOP: False, flag: tensor([0], dtype=torch.int32), speed: 2190.190
31 Overflow !!
31 : update_scale(): _has_overflow, dynamic. _loss_scale =  16.0
[2022-11-26 06:00:20.192738] Finished iteration 401, CKPT_AND_STOP: False, flag: tensor([0], dtype=torch.int32), speed: 2159.672
31 Overflow !!
31 : update_scale(): _has_overflow, dynamic. _loss_scale =  8.0
[2022-11-26 06:00:22.375112] Finished iteration 402, CKPT_AND_STOP: False, flag: tensor([0], dtype=torch.int32), speed: 2182.333
31 Overflow !!
31 : update_scale(): _has_overflow, dynamic. _loss_scale =  4.0
[2022-11-26 06:00:24.595943] Finished iteration 403, CKPT_AND_STOP: False, flag: tensor([0], dtype=torch.int32), speed: 2220.795
31 Overflow !!
31 : update_scale(): _has_overflow, dynamic. _loss_scale =  2.0
[2022-11-26 06:00:26.765608] Finished iteration 404, CKPT_AND_STOP: False, flag: tensor([0], dtype=torch.int32), speed: 2169.627
31 Overflow !!
31 : update_scale(): _has_overflow, dynamic. _loss_scale =  1.0
[2022-11-26 06:00:28.996197] Finished iteration 405, CKPT_AND_STOP: False, flag: tensor([0], dtype=torch.int32), speed: 2230.553
31 Overflow !!
31 : update_scale(): _has_overflow, dynamic. _loss_scale =  1.0
[2022-11-26 06:00:31.224362] Finished iteration 406, CKPT_AND_STOP: False, flag: tensor([0], dtype=torch.int32), speed: 2228.136
31 Overflow !!
31 : update_scale(): _has_overflow, dynamic. _loss_scale =  1.0
[2022-11-26 06:00:33.415645] Finished iteration 407, CKPT_AND_STOP: False, flag: tensor([0], dtype=torch.int32), speed: 2191.243
31 Overflow !!
31 : update_scale(): _has_overflow, dynamic. _loss_scale =  1.0
[2022-11-26 06:00:35.609691] Finished iteration 408, CKPT_AND_STOP: False, flag: tensor([0], dtype=torch.int32), speed: 2194.035
31 Overflow !!
31 : update_scale(): _has_overflow, dynamic. _loss_scale =  1.0
[2022-11-26 06:00:37.823519] Finished iteration 409, CKPT_AND_STOP: False, flag: tensor([0], dtype=torch.int32), speed: 2213.760
31 Overflow !!
31 : update_scale(): _has_overflow, dynamic. _loss_scale =  1.0
[2022-11-26 06:00:40.019786] Finished iteration 410, CKPT_AND_STOP: False, flag: tensor([0], dtype=torch.int32), speed: 2196.242
31 Overflow !!
31 : update_scale(): _has_overflow, dynamic. _loss_scale =  1.0
[2022-11-26 06:00:42.247147] Finished iteration 411, CKPT_AND_STOP: False, flag: tensor([0], dtype=torch.int32), speed: 2227.344
31 Overflow !!
31 : update_scale(): _has_overflow, dynamic. _loss_scale =  1.0
[2022-11-26 06:00:44.463899] Finished iteration 412, CKPT_AND_STOP: False, flag: tensor([0], dtype=torch.int32), speed: 2216.682
31 Overflow !!
31 : update_scale(): _has_overflow, dynamic. _loss_scale =  1.0
[2022-11-26 06:00:46.668183] Finished iteration 413, CKPT_AND_STOP: False, flag: tensor([0], dtype=torch.int32), speed: 2204.273
31 Overflow !!
31 : update_scale(): _has_overflow, dynamic. _loss_scale =  1.0
[2022-11-26 06:00:48.915081] Finished iteration 414, CKPT_AND_STOP: False, flag: tensor([0], dtype=torch.int32), speed: 2246.863
31 Overflow !!
31 : update_scale(): _has_overflow, dynamic. _loss_scale =  1.0
[2022-11-26 06:00:51.206348] Finished iteration 415, CKPT_AND_STOP: False, flag: tensor([0], dtype=torch.int32), speed: 2291.211
31 Overflow !!
31 : update_scale(): _has_overflow, dynamic. _loss_scale =  1.0
[2022-11-26 06:00:53.417241] Finished iteration 416, CKPT_AND_STOP: False, flag: tensor([0], dtype=torch.int32), speed: 2210.862
31 Overflow !!
31 : update_scale(): _has_overflow, dynamic. _loss_scale =  1.0
[2022-11-26 06:00:55.618177] Finished iteration 417, CKPT_AND_STOP: False, flag: tensor([0], dtype=torch.int32), speed: 2200.914
31 Overflow !!
31 : update_scale(): _has_overflow, dynamic. _loss_scale =  1.0
[2022-11-26 06:00:57.888421] Finished iteration 418, CKPT_AND_STOP: False, flag: tensor([0], dtype=torch.int32), speed: 2270.202
31 Overflow !!
31 : update_scale(): _has_overflow, dynamic. _loss_scale =  1.0
[2022-11-26 06:01:00.078857] Finished iteration 419, CKPT_AND_STOP: False, flag: tensor([0], dtype=torch.int32), speed: 2190.395
31 Overflow !!
31 : update_scale(): _has_overflow, dynamic. _loss_scale =  1.0
[2022-11-26 06:01:02.278927] Finished iteration 420, CKPT_AND_STOP: False, flag: tensor([0], dtype=torch.int32), speed: 2200.021
31 Overflow !!
31 : update_scale(): _has_overflow, dynamic. _loss_scale =  1.0
[2022-11-26 06:01:04.473560] Finished iteration 421, CKPT_AND_STOP: False, flag: tensor([0], dtype=torch.int32), speed: 2194.605
31 Overflow !!
31 : update_scale(): _has_overflow, dynamic. _loss_scale =  1.0
[2022-11-26 06:01:06.673564] Finished iteration 422, CKPT_AND_STOP: False, flag: tensor([0], dtype=torch.int32), speed: 2199.953
31 Overflow !!
31 : update_scale(): _has_overflow, dynamic. _loss_scale =  1.0
[2022-11-26 06:01:08.898365] Finished iteration 423, CKPT_AND_STOP: False, flag: tensor([0], dtype=torch.int32), speed: 2224.773
31 Overflow !!
31 : update_scale(): _has_overflow, dynamic. _loss_scale =  1.0
[2022-11-26 06:01:11.095600] Finished iteration 424, CKPT_AND_STOP: False, flag: tensor([0], dtype=torch.int32), speed: 2197.185
31 Overflow !!
31 : update_scale(): _has_overflow, dynamic. _loss_scale =  1.0
[2022-11-26 06:01:13.327252] Finished iteration 425, CKPT_AND_STOP: False, flag: tensor([0], dtype=torch.int32), speed: 2231.633
31 Overflow !!
31 : update_scale(): _has_overflow, dynamic. _loss_scale =  1.0
[2022-11-26 06:01:15.547176] Finished iteration 426, CKPT_AND_STOP: False, flag: tensor([0], dtype=torch.int32), speed: 2219.865
31 Overflow !!
31 : update_scale(): _has_overflow, dynamic. _loss_scale =  1.0
[2022-11-26 06:01:17.749127] Finished iteration 427, CKPT_AND_STOP: False, flag: tensor([0], dtype=torch.int32), speed: 2201.910
31 Overflow !!
31 : update_scale(): _has_overflow, dynamic. _loss_scale =  1.0
[2022-11-26 06:01:19.953603] Finished iteration 428, CKPT_AND_STOP: False, flag: tensor([0], dtype=torch.int32), speed: 2204.438
31 Overflow !!
31 : update_scale(): _has_overflow, dynamic. _loss_scale =  1.0
[2022-11-26 06:01:22.846012] Finished iteration 429, CKPT_AND_STOP: False, flag: tensor([0], dtype=torch.int32), speed: 2892.377
31 Overflow !!
31 : update_scale(): _has_overflow, dynamic. _loss_scale =  1.0
[2022-11-26 06:01:25.092408] Finished iteration 430, CKPT_AND_STOP: False, flag: tensor([0], dtype=torch.int32), speed: 2246.339
31 Overflow !!
31 : update_scale(): _has_overflow, dynamic. _loss_scale =  1.0
[2022-11-26 06:01:27.945615] Finished iteration 431, CKPT_AND_STOP: False, flag: tensor([0], dtype=torch.int32), speed: 2853.181
31 Overflow !!
31 : update_scale(): _has_overflow, dynamic. _loss_scale =  1.0
[2022-11-26 06:01:30.209505] Finished iteration 432, CKPT_AND_STOP: False, flag: tensor([0], dtype=torch.int32), speed: 2263.854
31 Overflow !!
31 : update_scale(): _has_overflow, dynamic. _loss_scale =  1.0
[2022-11-26 06:01:32.411120] Finished iteration 433, CKPT_AND_STOP: False, flag: tensor([0], dtype=torch.int32), speed: 2201.573
31 Overflow !!
31 : update_scale(): _has_overflow, dynamic. _loss_scale =  1.0
[2022-11-26 06:01:34.640217] Finished iteration 434, CKPT_AND_STOP: False, flag: tensor([0], dtype=torch.int32), speed: 2229.076
31 Overflow !!
31 : update_scale(): _has_overflow, dynamic. _loss_scale =  1.0
[2022-11-26 06:01:36.832302] Finished iteration 435, CKPT_AND_STOP: False, flag: tensor([0], dtype=torch.int32), speed: 2192.056
31 Overflow !!
31 : update_scale(): _has_overflow, dynamic. _loss_scale =  1.0
[2022-11-26 06:01:39.040994] Finished iteration 436, CKPT_AND_STOP: False, flag: tensor([0], dtype=torch.int32), speed: 2208.657
31 Overflow !!
31 : update_scale(): _has_overflow, dynamic. _loss_scale =  1.0
[2022-11-26 06:01:41.205851] Finished iteration 437, CKPT_AND_STOP: False, flag: tensor([0], dtype=torch.int32), speed: 2164.819
31 Overflow !!
31 : update_scale(): _has_overflow, dynamic. _loss_scale =  1.0
[2022-11-26 06:01:43.421194] Finished iteration 438, CKPT_AND_STOP: False, flag: tensor([0], dtype=torch.int32), speed: 2215.306
31 Overflow !!
31 : update_scale(): _has_overflow, dynamic. _loss_scale =  1.0
[2022-11-26 06:01:45.617927] Finished iteration 439, CKPT_AND_STOP: False, flag: tensor([0], dtype=torch.int32), speed: 2196.680
31 Overflow !!
31 : update_scale(): _has_overflow, dynamic. _loss_scale =  1.0
[2022-11-26 06:01:47.863653] Finished iteration 440, CKPT_AND_STOP: False, flag: tensor([0], dtype=torch.int32), speed: 2245.701
31 Overflow !!
31 : update_scale(): _has_overflow, dynamic. _loss_scale =  1.0
[2022-11-26 06:01:50.093089] Finished iteration 441, CKPT_AND_STOP: False, flag: tensor([0], dtype=torch.int32), speed: 2229.380
31 Overflow !!
31 : update_scale(): _has_overflow, dynamic. _loss_scale =  1.0
[2022-11-26 06:01:52.283856] Finished iteration 442, CKPT_AND_STOP: False, flag: tensor([0], dtype=torch.int32), speed: 2190.727
31 Overflow !!
31 : update_scale(): _has_overflow, dynamic. _loss_scale =  1.0
[2022-11-26 06:01:54.472156] Finished iteration 443, CKPT_AND_STOP: False, flag: tensor([0], dtype=torch.int32), speed: 2188.279
31 Overflow !!
31 : update_scale(): _has_overflow, dynamic. _loss_scale =  1.0
[2022-11-26 06:01:56.674680] Finished iteration 444, CKPT_AND_STOP: False, flag: tensor([0], dtype=torch.int32), speed: 2202.486
31 Overflow !!
31 : update_scale(): _has_overflow, dynamic. _loss_scale =  1.0
[2022-11-26 06:01:58.867348] Finished iteration 445, CKPT_AND_STOP: False, flag: tensor([0], dtype=torch.int32), speed: 2192.688
31 Overflow !!
31 : update_scale(): _has_overflow, dynamic. _loss_scale =  1.0
[2022-11-26 06:02:01.013655] Finished iteration 446, CKPT_AND_STOP: False, flag: tensor([0], dtype=torch.int32), speed: 2146.235
31 Overflow !!
31 : update_scale(): _has_overflow, dynamic. _loss_scale =  1.0
[2022-11-26 06:02:03.210228] Finished iteration 447, CKPT_AND_STOP: False, flag: tensor([0], dtype=torch.int32), speed: 2196.554
31 Overflow !!
31 : update_scale(): _has_overflow, dynamic. _loss_scale =  1.0
[2022-11-26 06:02:05.375908] Finished iteration 448, CKPT_AND_STOP: False, flag: tensor([0], dtype=torch.int32), speed: 2165.636
31 Overflow !!
31 : update_scale(): _has_overflow, dynamic. _loss_scale =  1.0
[2022-11-26 06:02:07.582477] Finished iteration 449, CKPT_AND_STOP: False, flag: tensor([0], dtype=torch.int32), speed: 2206.524
31 Overflow !!
31 : update_scale(): _has_overflow, dynamic. _loss_scale =  1.0
[2022-11-26 06:02:10.926149] Finished iteration 450, CKPT_AND_STOP: False, flag: tensor([0], dtype=torch.int32), speed: 3343.635
31 Overflow !!
31 : update_scale(): _has_overflow, dynamic. _loss_scale =  1.0
[2022-11-26 06:02:13.492331] Finished iteration 451, CKPT_AND_STOP: False, flag: tensor([0], dtype=torch.int32), speed: 2566.147
31 Overflow !!
31 : update_scale(): _has_overflow, dynamic. _loss_scale =  1.0
[2022-11-26 06:02:16.906997] Finished iteration 452, CKPT_AND_STOP: False, flag: tensor([0], dtype=torch.int32), speed: 3414.633
31 Overflow !!
31 : update_scale(): _has_overflow, dynamic. _loss_scale =  1.0
[2022-11-26 06:02:19.890821] Finished iteration 453, CKPT_AND_STOP: False, flag: tensor([0], dtype=torch.int32), speed: 2983.786
31 Overflow !!
31 : update_scale(): _has_overflow, dynamic. _loss_scale =  1.0
[2022-11-26 06:02:23.196210] Finished iteration 454, CKPT_AND_STOP: False, flag: tensor([0], dtype=torch.int32), speed: 3305.362
31 Overflow !!
31 : update_scale(): _has_overflow, dynamic. _loss_scale =  1.0
[2022-11-26 06:02:25.746136] Finished iteration 455, CKPT_AND_STOP: False, flag: tensor([0], dtype=torch.int32), speed: 2549.889
31 Overflow !!
31 : update_scale(): _has_overflow, dynamic. _loss_scale =  1.0
[2022-11-26 06:02:28.001376] Finished iteration 456, CKPT_AND_STOP: False, flag: tensor([2], dtype=torch.int32), speed: 2255.189
2022-11-26 06:02:28.005986 Begin to save checkpont to s3://spot-checkpoints/bert and exit
Opt ckpt time 3.740671157836914
Process done with return code 0
