Parent process ID: 49469 node: 172.31.26.140
32 cutpoints
Stages 1
Micro-bs 32 Max mem: 8675329024.0
Predicted microbatch size for 1: 32
comm size 0
GPUS_PER_VM=1 /home/ubuntu/varuna/tools/simulator/simulate-varuna 1 3 0 225670.0897216797 0
End of simulation:  Mini-batch time (usec) = 1392175
Min send: 10000000, max send 0
Min long send: 10000000, max long send 0
Min fwd: 10000000, max fwd 0; min bwd 10000000, max bwd 0
Min long fwd: 201398, max long fwd 202566; min long bwd 185117, max long bwd 189299
Time taken by simulation: 42 microseconds

Stages 2
Micro-bs 32 Max mem: 5306506956.799999
Predicted microbatch size for 2: 32
comm size 6422528
WARNING: no send time found, 2 partitions
GPUS_PER_VM=1 /home/ubuntu/varuna/tools/simulator/simulate-varuna 2 6 0 44736.85073852539 339993.4039718803
End of simulation:  Mini-batch time (usec) = 2419467
Min send: 10000000, max send 0
Min long send: 340325, max long send 353077
Min fwd: 55034, max fwd 61226; min bwd 80998, max bwd 85047
Min long fwd: 142688, max long fwd 147468; min long bwd 99967, max long bwd 105261
Time taken by simulation: 136 microseconds

Stages 4
Micro-bs 32 Max mem: 3266000179.2
Predicted microbatch size for 4: 32
comm size 12845056
WARNING: no send time found, 4 partitions
GPUS_PER_VM=1 /home/ubuntu/varuna/tools/simulator/simulate-varuna 4 13 0 6158.940315246582 632152.0801385244
End of simulation:  Mini-batch time (usec) = 7083334
Min send: 10000000, max send 0
Min long send: 632234, max long send 656857
Min fwd: 23449, max fwd 84148; min bwd 32759, max bwd 57093
Min long fwd: 59594, max long fwd 67404; min long bwd 46137, max long bwd 54005
Time taken by simulation: 584 microseconds

Stages 8
Micro-bs 32 Max mem: 1980926361.6
Predicted microbatch size for 8: 32
comm size 12845056
WARNING: no send time found, 8 partitions
GPUS_PER_VM=1 /home/ubuntu/varuna/tools/simulator/simulate-varuna 8 32 0 1084.3276977539062 632152.0801385244
End of simulation:  Mini-batch time (usec) = 17887923
Min send: 10000000, max send 0
Min long send: 632168, max long send 660373
Min fwd: 5425, max fwd 48670; min bwd 12684, max bwd 35373
Min long fwd: 26803, max long fwd 34176; min long bwd 16127, max long bwd 25418
Time taken by simulation: 3444 microseconds

Stages 16
Micro-bs 32 Max mem: 1128991948.8
Predicted microbatch size for 16: 32
comm size 25690112
WARNING: no send time found, 16 partitions
GPUS_PER_VM=1 /home/ubuntu/varuna/tools/simulator/simulate-varuna 16 64 0 0 1028093.6227904424
End of simulation:  Mini-batch time (usec) = 61731430
Min send: 10000000, max send 0
Min long send: 1028093, max long send 1062462
Min fwd: 56, max fwd 33543; min bwd 2591, max bwd 20855
Min long fwd: 1672, max long fwd 12532; min long bwd 2017, max long bwd 11294
Time taken by simulation: 14215 microseconds

{1: 1.392175, 2: 2.419467, 4: 7.083334, 8: 17.887923, 16: 61.73143}
{1: 32, 2: 32, 4: 32, 8: 32, 16: 32}
best config is: 2 32
expected time is 2.419467
11 per stage
22 servers!
22 22 I am of no use!
Parent process ID: 49803 node: 172.31.26.140
32 cutpoints
Stages 1
Micro-bs 32 Max mem: 8675329024.0
Predicted microbatch size for 1: 32
comm size 0
GPUS_PER_VM=1 /home/ubuntu/varuna/tools/simulator/simulate-varuna 1 3 0 227435.36376953125 0
End of simulation:  Mini-batch time (usec) = 1393940
Min send: 10000000, max send 0
Min long send: 10000000, max long send 0
Min fwd: 10000000, max fwd 0; min bwd 10000000, max bwd 0
Min long fwd: 201398, max long fwd 202566; min long bwd 185117, max long bwd 189299
Time taken by simulation: 42 microseconds

Stages 2
Micro-bs 32 Max mem: 5306506956.799999
Predicted microbatch size for 2: 32
comm size 6422528
WARNING: no send time found, 2 partitions
GPUS_PER_VM=1 /home/ubuntu/varuna/tools/simulator/simulate-varuna 2 6 0 42887.66098022461 339993.4039718803
End of simulation:  Mini-batch time (usec) = 2417618
Min send: 10000000, max send 0
Min long send: 340325, max long send 353077
Min fwd: 55034, max fwd 61226; min bwd 80998, max bwd 85047
Min long fwd: 142688, max long fwd 147468; min long bwd 99967, max long bwd 105261
Time taken by simulation: 130 microseconds

Stages 4
Micro-bs 32 Max mem: 3266000179.2
Predicted microbatch size for 4: 32
comm size 12845056
WARNING: no send time found, 4 partitions
GPUS_PER_VM=1 /home/ubuntu/varuna/tools/simulator/simulate-varuna 4 11 0 6564.140319824219 632152.0801385244
End of simulation:  Mini-batch time (usec) = 6158637
Min send: 10000000, max send 0
Min long send: 632484, max long send 655841
Min fwd: 23067, max fwd 86278; min bwd 32400, max bwd 55039
Min long fwd: 60172, max long fwd 65439; min long bwd 46688, max long bwd 54119
Time taken by simulation: 501 microseconds

Stages 8
Micro-bs 32 Max mem: 1980926361.6
Predicted microbatch size for 8: 32
comm size 12845056
WARNING: no send time found, 8 partitions
GPUS_PER_VM=1 /home/ubuntu/varuna/tools/simulator/simulate-varuna 8 22 0 1589.6161794662476 632152.0801385244
End of simulation:  Mini-batch time (usec) = 14742182
Min send: 10000000, max send 0
Min long send: 632340, max long send 662156
Min fwd: 3894, max fwd 48700; min bwd 12787, max bwd 33145
Min long fwd: 26481, max long fwd 34620; min long bwd 15612, max long bwd 22403
Time taken by simulation: 2151 microseconds

Stages 16
Micro-bs 32 Max mem: 1128991948.8
Predicted microbatch size for 16: 32
comm size 25690112
WARNING: no send time found, 16 partitions
GPUS_PER_VM=1 /home/ubuntu/varuna/tools/simulator/simulate-varuna 16 64 0 0 1028093.6227904424
End of simulation:  Mini-batch time (usec) = 61731430
Min send: 10000000, max send 0
Min long send: 1028093, max long send 1062462
Min fwd: 56, max fwd 33543; min bwd 2591, max bwd 20855
Min long fwd: 1672, max long fwd 12532; min long bwd 2017, max long bwd 11294
Time taken by simulation: 14225 microseconds

{1: 1.39394, 2: 2.417618, 4: 6.158637, 8: 14.742182, 16: 61.73143}
{1: 32, 2: 32, 4: 32, 8: 32, 16: 32}
best config is: 2 32
expected time is 2.417618
12 per stage
24 servers!
Config:
ranks: range(22, 23)
train batch size: 2048
partitions: 2
chunk_size: 32
data depth: 12
stage to rank map: 0,2,4,6,8,10,12,14,16,18,20,22;1,3,5,7,9,11,13,15,17,19,21,23;
World size is 24
/opt/conda/envs/varuna/bin/python -u main.py --rank=22 --chunk_size=32 --local_rank=0 --stage_to_rank_map=0,2,4,6,8,10,12,14,16,18,20,22;1,3,5,7,9,11,13,15,17,19,21,23; --batch-size=192 data -a resnet152 --varuna --lr 0.001 --epochs 1000 --resume s3://spot-checkpoints/resnet --resume_step 344
[2022-12-01 12:54:43.862491] => creating model 'resnet152'
Files already downloaded and verified
Num cutpoints is 31
dry run time 0.8754887580871582
SHARED WEIGHTS ARE
None
this rank  22 is part of pipeline replica  11
6 chunks
>>>>> [2022-12-01 12:55:29.088707] Time taken to load checkpoint: 40.277s
22 Overflow !!
22 : update_scale(): _has_overflow, dynamic. _loss_scale =  524288.0
[2022-12-01 12:55:51.091839] Finished iteration 345, CKPT_AND_STOP: False, flag: tensor([0], dtype=torch.int32), speed: 7319.405
22 Overflow !!
22 : update_scale(): _has_overflow, dynamic. _loss_scale =  262144.0
[2022-12-01 12:55:51.921401] Finished iteration 346, CKPT_AND_STOP: False, flag: tensor([0], dtype=torch.int32), speed: 829.333
[2022-12-01 12:55:53.784496] Finished iteration 347, CKPT_AND_STOP: False, flag: tensor([0], dtype=torch.int32), speed: 1863.120
[2022-12-01 12:55:55.621068] Finished iteration 348, CKPT_AND_STOP: False, flag: tensor([0], dtype=torch.int32), speed: 1836.494
22 Overflow !!
22 : update_scale(): _has_overflow, dynamic. _loss_scale =  131072.0
[2022-12-01 12:55:56.487623] Finished iteration 349, CKPT_AND_STOP: False, flag: tensor([0], dtype=torch.int32), speed: 866.473
22 Overflow !!
22 : update_scale(): _has_overflow, dynamic. _loss_scale =  65536.0
[2022-12-01 12:55:29.088924] Epoch: [0][350/260]	Time  0.835 ( 2.257)	Data  0.008 ( 0.567)	Loss 4.6074e+00 (4.6177e+00)	Acc@1   0.00 (  0.00)	Acc@5   0.00 (  0.00)
[2022-12-01 12:55:57.329851] Finished iteration 350, CKPT_AND_STOP: False, flag: tensor([0], dtype=torch.int32), speed: 842.177
[2022-12-01 12:55:58.217292] Finished iteration 351, CKPT_AND_STOP: False, flag: tensor([0], dtype=torch.int32), speed: 887.418
[2022-12-01 12:55:59.082823] Finished iteration 352, CKPT_AND_STOP: False, flag: tensor([0], dtype=torch.int32), speed: 865.526
[2022-12-01 12:55:59.932110] Finished iteration 353, CKPT_AND_STOP: False, flag: tensor([0], dtype=torch.int32), speed: 849.225
[2022-12-01 12:56:00.798942] Finished iteration 354, CKPT_AND_STOP: False, flag: tensor([0], dtype=torch.int32), speed: 866.794
[2022-12-01 12:56:01.673292] Finished iteration 355, CKPT_AND_STOP: False, flag: tensor([0], dtype=torch.int32), speed: 874.301
22 Overflow !!
22 : update_scale(): _has_overflow, dynamic. _loss_scale =  32768.0
[2022-12-01 12:56:02.549881] Finished iteration 356, CKPT_AND_STOP: False, flag: tensor([0], dtype=torch.int32), speed: 876.562
[2022-12-01 12:56:03.406387] Finished iteration 357, CKPT_AND_STOP: False, flag: tensor([0], dtype=torch.int32), speed: 856.449
[2022-12-01 12:56:04.243053] Finished iteration 358, CKPT_AND_STOP: False, flag: tensor([0], dtype=torch.int32), speed: 836.629
[2022-12-01 12:56:05.112116] Finished iteration 359, CKPT_AND_STOP: False, flag: tensor([0], dtype=torch.int32), speed: 869.087
[2022-12-01 12:55:29.088924] Epoch: [0][360/260]	Time  0.909 ( 1.390)	Data  0.013 ( 0.220)	Loss 4.6224e+00 (4.6215e+00)	Acc@1   0.00 (  0.00)	Acc@5   0.00 (  0.00)
[2022-12-01 12:56:06.017486] Finished iteration 360, CKPT_AND_STOP: False, flag: tensor([0], dtype=torch.int32), speed: 905.365
[2022-12-01 12:56:06.878102] Finished iteration 361, CKPT_AND_STOP: False, flag: tensor([0], dtype=torch.int32), speed: 860.474
[2022-12-01 12:56:07.784896] Finished iteration 362, CKPT_AND_STOP: False, flag: tensor([0], dtype=torch.int32), speed: 906.786
[2022-12-01 12:56:08.620534] Finished iteration 363, CKPT_AND_STOP: False, flag: tensor([0], dtype=torch.int32), speed: 835.587
[2022-12-01 12:56:09.468185] Finished iteration 364, CKPT_AND_STOP: False, flag: tensor([0], dtype=torch.int32), speed: 847.612
[2022-12-01 12:56:10.324539] Finished iteration 365, CKPT_AND_STOP: False, flag: tensor([0], dtype=torch.int32), speed: 856.293
[2022-12-01 12:56:11.175022] Finished iteration 366, CKPT_AND_STOP: False, flag: tensor([0], dtype=torch.int32), speed: 850.446
[2022-12-01 12:56:12.026307] Finished iteration 367, CKPT_AND_STOP: False, flag: tensor([0], dtype=torch.int32), speed: 851.261
[2022-12-01 12:56:12.869832] Finished iteration 368, CKPT_AND_STOP: False, flag: tensor([0], dtype=torch.int32), speed: 843.471
[2022-12-01 12:56:13.714024] Finished iteration 369, CKPT_AND_STOP: False, flag: tensor([0], dtype=torch.int32), speed: 844.156
[2022-12-01 12:55:29.088924] Epoch: [0][370/260]	Time  0.840 ( 1.184)	Data  0.009 ( 0.138)	Loss 4.6113e+00 (4.6216e+00)	Acc@1   0.00 (  0.00)	Acc@5   0.00 (  0.00)
[2022-12-01 12:56:14.551754] Finished iteration 370, CKPT_AND_STOP: False, flag: tensor([0], dtype=torch.int32), speed: 837.710
[2022-12-01 12:56:15.454795] Finished iteration 371, CKPT_AND_STOP: False, flag: tensor([0], dtype=torch.int32), speed: 903.006
[2022-12-01 12:56:16.305809] Finished iteration 372, CKPT_AND_STOP: False, flag: tensor([0], dtype=torch.int32), speed: 850.963
[2022-12-01 12:56:17.156401] Finished iteration 373, CKPT_AND_STOP: False, flag: tensor([0], dtype=torch.int32), speed: 850.539
[2022-12-01 12:56:18.024103] Finished iteration 374, CKPT_AND_STOP: False, flag: tensor([0], dtype=torch.int32), speed: 867.658
[2022-12-01 12:56:18.844564] Finished iteration 375, CKPT_AND_STOP: False, flag: tensor([0], dtype=torch.int32), speed: 820.418
[2022-12-01 12:56:19.681595] Finished iteration 376, CKPT_AND_STOP: False, flag: tensor([0], dtype=torch.int32), speed: 837.028
[2022-12-01 12:56:20.554683] Finished iteration 377, CKPT_AND_STOP: False, flag: tensor([0], dtype=torch.int32), speed: 873.006
[2022-12-01 12:56:21.388778] Finished iteration 378, CKPT_AND_STOP: False, flag: tensor([0], dtype=torch.int32), speed: 834.075
[2022-12-01 12:56:22.257778] Finished iteration 379, CKPT_AND_STOP: False, flag: tensor([0], dtype=torch.int32), speed: 869.019
[2022-12-01 12:55:29.088924] Epoch: [0][380/260]	Time  0.829 ( 1.092)	Data  0.016 ( 0.102)	Loss 4.6230e+00 (4.6205e+00)	Acc@1   0.00 (  0.00)	Acc@5   0.00 (  0.00)
[2022-12-01 12:56:23.082417] Finished iteration 380, CKPT_AND_STOP: False, flag: tensor([0], dtype=torch.int32), speed: 824.511
[2022-12-01 12:56:23.941836] Finished iteration 381, CKPT_AND_STOP: False, flag: tensor([0], dtype=torch.int32), speed: 859.388
[2022-12-01 12:56:24.846564] Finished iteration 382, CKPT_AND_STOP: False, flag: tensor([0], dtype=torch.int32), speed: 904.692
[2022-12-01 12:56:25.669650] Finished iteration 383, CKPT_AND_STOP: False, flag: tensor([0], dtype=torch.int32), speed: 823.078
[2022-12-01 12:56:26.568891] Finished iteration 384, CKPT_AND_STOP: False, flag: tensor([0], dtype=torch.int32), speed: 899.146
[2022-12-01 12:56:27.401117] Finished iteration 385, CKPT_AND_STOP: False, flag: tensor([0], dtype=torch.int32), speed: 832.209
[2022-12-01 12:56:28.237116] Finished iteration 386, CKPT_AND_STOP: False, flag: tensor([0], dtype=torch.int32), speed: 836.005
[2022-12-01 12:56:29.058765] Finished iteration 387, CKPT_AND_STOP: False, flag: tensor([0], dtype=torch.int32), speed: 821.543
[2022-12-01 12:56:29.899157] Finished iteration 388, CKPT_AND_STOP: False, flag: tensor([0], dtype=torch.int32), speed: 840.348
[2022-12-01 12:56:30.821075] Finished iteration 389, CKPT_AND_STOP: False, flag: tensor([0], dtype=torch.int32), speed: 921.882
[2022-12-01 12:55:29.088924] Epoch: [0][390/260]	Time  0.882 ( 1.042)	Data  0.005 ( 0.082)	Loss 4.6100e+00 (4.6195e+00)	Acc@1   0.00 (  0.00)	Acc@5   0.00 (  0.00)
[2022-12-01 12:56:31.703435] Finished iteration 390, CKPT_AND_STOP: False, flag: tensor([0], dtype=torch.int32), speed: 882.325
[2022-12-01 12:56:32.541168] Finished iteration 391, CKPT_AND_STOP: False, flag: tensor([0], dtype=torch.int32), speed: 837.732
[2022-12-01 12:56:33.364903] Finished iteration 392, CKPT_AND_STOP: False, flag: tensor([0], dtype=torch.int32), speed: 823.664
[2022-12-01 12:56:34.207879] Finished iteration 393, CKPT_AND_STOP: False, flag: tensor([0], dtype=torch.int32), speed: 842.994
[2022-12-01 12:56:35.013986] Finished iteration 394, CKPT_AND_STOP: False, flag: tensor([0], dtype=torch.int32), speed: 806.057
[2022-12-01 12:56:35.873973] Finished iteration 395, CKPT_AND_STOP: False, flag: tensor([0], dtype=torch.int32), speed: 859.992
[2022-12-01 12:56:36.754094] Finished iteration 396, CKPT_AND_STOP: False, flag: tensor([0], dtype=torch.int32), speed: 879.997
[2022-12-01 12:56:37.629339] Finished iteration 397, CKPT_AND_STOP: False, flag: tensor([0], dtype=torch.int32), speed: 875.196
[2022-12-01 12:56:38.441394] Finished iteration 398, CKPT_AND_STOP: False, flag: tensor([0], dtype=torch.int32), speed: 811.988
[2022-12-01 12:56:39.266173] Finished iteration 399, CKPT_AND_STOP: False, flag: tensor([0], dtype=torch.int32), speed: 824.753
[2022-12-01 12:55:29.088924] Epoch: [0][400/260]	Time  0.794 ( 1.005)	Data  0.005 ( 0.068)	Loss 4.6204e+00 (4.6203e+00)	Acc@1   0.00 (  0.00)	Acc@5   0.00 (  0.00)
[2022-12-01 12:56:40.062828] Finished iteration 400, CKPT_AND_STOP: False, flag: tensor([0], dtype=torch.int32), speed: 796.611
[2022-12-01 12:56:40.855874] Finished iteration 401, CKPT_AND_STOP: False, flag: tensor([0], dtype=torch.int32), speed: 793.021
[2022-12-01 12:56:41.709758] Finished iteration 402, CKPT_AND_STOP: False, flag: tensor([0], dtype=torch.int32), speed: 853.844
[2022-12-01 12:56:42.555264] Finished iteration 403, CKPT_AND_STOP: False, flag: tensor([0], dtype=torch.int32), speed: 845.455
[2022-12-01 12:56:43.394806] Finished iteration 404, CKPT_AND_STOP: False, flag: tensor([0], dtype=torch.int32), speed: 839.504
[2022-12-01 12:56:44.221249] Finished iteration 405, CKPT_AND_STOP: False, flag: tensor([0], dtype=torch.int32), speed: 826.420
[2022-12-01 12:56:45.044519] Finished iteration 406, CKPT_AND_STOP: False, flag: tensor([0], dtype=torch.int32), speed: 823.226
[2022-12-01 12:56:45.876322] Finished iteration 407, CKPT_AND_STOP: False, flag: tensor([0], dtype=torch.int32), speed: 831.806
[2022-12-01 12:56:46.787060] Finished iteration 408, CKPT_AND_STOP: False, flag: tensor([0], dtype=torch.int32), speed: 910.654
[2022-12-01 12:56:47.607849] Finished iteration 409, CKPT_AND_STOP: False, flag: tensor([0], dtype=torch.int32), speed: 820.737
[2022-12-01 12:55:29.088924] Epoch: [0][410/260]	Time  0.864 ( 0.980)	Data  0.005 ( 0.059)	Loss 4.6120e+00 (4.6202e+00)	Acc@1   0.00 (  0.00)	Acc@5   0.00 (  0.00)
[2022-12-01 12:56:48.474306] Finished iteration 410, CKPT_AND_STOP: False, flag: tensor([0], dtype=torch.int32), speed: 866.394
[2022-12-01 12:56:49.291008] Finished iteration 411, CKPT_AND_STOP: False, flag: tensor([0], dtype=torch.int32), speed: 816.667
[2022-12-01 12:56:50.100655] Finished iteration 412, CKPT_AND_STOP: False, flag: tensor([0], dtype=torch.int32), speed: 809.620
[2022-12-01 12:56:50.953752] Finished iteration 413, CKPT_AND_STOP: False, flag: tensor([0], dtype=torch.int32), speed: 853.112
[2022-12-01 12:56:51.773618] Finished iteration 414, CKPT_AND_STOP: False, flag: tensor([0], dtype=torch.int32), speed: 819.794
[2022-12-01 12:56:52.611431] Finished iteration 415, CKPT_AND_STOP: False, flag: tensor([0], dtype=torch.int32), speed: 837.720
[2022-12-01 12:56:53.435395] Finished iteration 416, CKPT_AND_STOP: False, flag: tensor([0], dtype=torch.int32), speed: 823.956
[2022-12-01 12:56:54.265460] Finished iteration 417, CKPT_AND_STOP: False, flag: tensor([0], dtype=torch.int32), speed: 830.004
[2022-12-01 12:56:55.084710] Finished iteration 418, CKPT_AND_STOP: False, flag: tensor([0], dtype=torch.int32), speed: 819.247
[2022-12-01 12:56:55.918333] Finished iteration 419, CKPT_AND_STOP: False, flag: tensor([0], dtype=torch.int32), speed: 833.575
[2022-12-01 12:55:29.088924] Epoch: [0][420/260]	Time  0.847 ( 0.960)	Data  0.006 ( 0.053)	Loss 4.6211e+00 (4.6199e+00)	Acc@1   0.00 (  0.00)	Acc@5   0.00 (  0.00)
[2022-12-01 12:56:56.767437] Finished iteration 420, CKPT_AND_STOP: False, flag: tensor([0], dtype=torch.int32), speed: 849.021
[2022-12-01 12:56:57.606144] Finished iteration 421, CKPT_AND_STOP: False, flag: tensor([0], dtype=torch.int32), speed: 838.695
[2022-12-01 12:56:58.444791] Finished iteration 422, CKPT_AND_STOP: False, flag: tensor([0], dtype=torch.int32), speed: 838.660
[2022-12-01 12:56:59.264889] Finished iteration 423, CKPT_AND_STOP: False, flag: tensor([0], dtype=torch.int32), speed: 820.032
[2022-12-01 12:57:00.121653] Finished iteration 424, CKPT_AND_STOP: False, flag: tensor([0], dtype=torch.int32), speed: 856.738
[2022-12-01 12:57:00.975973] Finished iteration 425, CKPT_AND_STOP: False, flag: tensor([0], dtype=torch.int32), speed: 854.245
[2022-12-01 12:57:01.874385] Finished iteration 426, CKPT_AND_STOP: False, flag: tensor([0], dtype=torch.int32), speed: 898.366
[2022-12-01 12:57:02.715890] Finished iteration 427, CKPT_AND_STOP: False, flag: tensor([0], dtype=torch.int32), speed: 841.467
[2022-12-01 12:57:03.585464] Finished iteration 428, CKPT_AND_STOP: False, flag: tensor([0], dtype=torch.int32), speed: 869.531
[2022-12-01 12:57:04.438958] Finished iteration 429, CKPT_AND_STOP: False, flag: tensor([0], dtype=torch.int32), speed: 853.455
[2022-12-01 12:55:29.088924] Epoch: [0][430/260]	Time  0.850 ( 0.948)	Data  0.008 ( 0.048)	Loss 4.5964e+00 (4.6189e+00)	Acc@1   0.00 (  0.00)	Acc@5   0.00 (  0.00)
[2022-12-01 12:57:05.291768] Finished iteration 430, CKPT_AND_STOP: False, flag: tensor([0], dtype=torch.int32), speed: 852.771
[2022-12-01 12:57:06.109625] Finished iteration 431, CKPT_AND_STOP: False, flag: tensor([0], dtype=torch.int32), speed: 817.878
[2022-12-01 12:57:06.964885] Finished iteration 432, CKPT_AND_STOP: False, flag: tensor([0], dtype=torch.int32), speed: 855.191
[2022-12-01 12:57:07.797953] Finished iteration 433, CKPT_AND_STOP: False, flag: tensor([0], dtype=torch.int32), speed: 833.032
[2022-12-01 12:57:08.663330] Finished iteration 434, CKPT_AND_STOP: False, flag: tensor([0], dtype=torch.int32), speed: 865.340
[2022-12-01 12:57:09.500659] Finished iteration 435, CKPT_AND_STOP: False, flag: tensor([0], dtype=torch.int32), speed: 837.281
[2022-12-01 12:57:10.331285] Finished iteration 436, CKPT_AND_STOP: False, flag: tensor([0], dtype=torch.int32), speed: 830.598
[2022-12-01 12:57:11.220043] Finished iteration 437, CKPT_AND_STOP: False, flag: tensor([0], dtype=torch.int32), speed: 888.675
[2022-12-01 12:57:12.073244] Finished iteration 438, CKPT_AND_STOP: False, flag: tensor([0], dtype=torch.int32), speed: 853.163
[2022-12-01 12:57:13.100412] Finished iteration 439, CKPT_AND_STOP: False, flag: tensor([0], dtype=torch.int32), speed: 1027.196
[2022-12-01 12:55:29.088924] Epoch: [0][440/260]	Time  1.027 ( 0.939)	Data  0.194 ( 0.046)	Loss 4.6035e+00 (4.6188e+00)	Acc@1   0.00 (  0.00)	Acc@5   0.00 (  0.00)
[2022-12-01 12:57:13.946123] Finished iteration 440, CKPT_AND_STOP: False, flag: tensor([0], dtype=torch.int32), speed: 845.603
[2022-12-01 12:57:14.794027] Finished iteration 441, CKPT_AND_STOP: False, flag: tensor([0], dtype=torch.int32), speed: 847.880
[2022-12-01 12:57:15.634321] Finished iteration 442, CKPT_AND_STOP: False, flag: tensor([0], dtype=torch.int32), speed: 840.260
[2022-12-01 12:57:16.468845] Finished iteration 443, CKPT_AND_STOP: False, flag: tensor([0], dtype=torch.int32), speed: 834.545
[2022-12-01 12:57:17.327423] Finished iteration 444, CKPT_AND_STOP: False, flag: tensor([0], dtype=torch.int32), speed: 858.480
[2022-12-01 12:57:18.177284] Finished iteration 445, CKPT_AND_STOP: False, flag: tensor([0], dtype=torch.int32), speed: 849.843
[2022-12-01 12:57:19.034651] Finished iteration 446, CKPT_AND_STOP: False, flag: tensor([0], dtype=torch.int32), speed: 857.308
[2022-12-01 12:57:19.936393] Finished iteration 447, CKPT_AND_STOP: False, flag: tensor([0], dtype=torch.int32), speed: 901.708
[2022-12-01 12:57:20.798672] Finished iteration 448, CKPT_AND_STOP: False, flag: tensor([0], dtype=torch.int32), speed: 862.248
[2022-12-01 12:57:21.635127] Finished iteration 449, CKPT_AND_STOP: False, flag: tensor([0], dtype=torch.int32), speed: 836.411
[2022-12-01 12:55:29.088924] Epoch: [0][450/260]	Time  0.819 ( 0.931)	Data  0.005 ( 0.043)	Loss 4.6081e+00 (4.6193e+00)	Acc@1   0.00 (  0.00)	Acc@5   0.00 (  0.00)
[2022-12-01 12:57:22.454502] Finished iteration 450, CKPT_AND_STOP: False, flag: tensor([0], dtype=torch.int32), speed: 819.335
[2022-12-01 12:57:23.283311] Finished iteration 451, CKPT_AND_STOP: False, flag: tensor([0], dtype=torch.int32), speed: 828.784
[2022-12-01 12:57:24.102717] Finished iteration 452, CKPT_AND_STOP: False, flag: tensor([0], dtype=torch.int32), speed: 819.371
[2022-12-01 12:57:24.985085] Finished iteration 453, CKPT_AND_STOP: False, flag: tensor([0], dtype=torch.int32), speed: 882.307
[2022-12-01 12:57:25.797682] Finished iteration 454, CKPT_AND_STOP: False, flag: tensor([0], dtype=torch.int32), speed: 812.590
[2022-12-01 12:57:26.630021] Finished iteration 455, CKPT_AND_STOP: False, flag: tensor([0], dtype=torch.int32), speed: 832.269
[2022-12-01 12:57:27.496318] Finished iteration 456, CKPT_AND_STOP: False, flag: tensor([0], dtype=torch.int32), speed: 866.256
[2022-12-01 12:57:28.601272] Finished iteration 457, CKPT_AND_STOP: False, flag: tensor([0], dtype=torch.int32), speed: 1104.922
[2022-12-01 12:57:30.367221] Finished iteration 458, CKPT_AND_STOP: False, flag: tensor([0], dtype=torch.int32), speed: 1765.910
[2022-12-01 12:57:31.197062] Finished iteration 459, CKPT_AND_STOP: False, flag: tensor([0], dtype=torch.int32), speed: 829.806
[2022-12-01 12:55:29.088924] Epoch: [0][460/260]	Time  1.506 ( 0.939)	Data  0.017 ( 0.040)	Loss 4.6185e+00 (4.6194e+00)	Acc@1   0.00 (  0.00)	Acc@5   0.00 (  0.00)
[2022-12-01 12:57:32.721232] Finished iteration 460, CKPT_AND_STOP: False, flag: tensor([0], dtype=torch.int32), speed: 1524.114
[2022-12-01 12:57:34.498690] Finished iteration 461, CKPT_AND_STOP: False, flag: tensor([0], dtype=torch.int32), speed: 1777.442
[2022-12-01 12:57:35.365152] Finished iteration 462, CKPT_AND_STOP: False, flag: tensor([0], dtype=torch.int32), speed: 866.413
[2022-12-01 12:57:36.213579] Finished iteration 463, CKPT_AND_STOP: False, flag: tensor([0], dtype=torch.int32), speed: 848.401
[2022-12-01 12:57:37.080076] Finished iteration 464, CKPT_AND_STOP: False, flag: tensor([0], dtype=torch.int32), speed: 866.480
[2022-12-01 12:57:37.946762] Finished iteration 465, CKPT_AND_STOP: False, flag: tensor([0], dtype=torch.int32), speed: 866.615
[2022-12-01 12:57:38.817112] Finished iteration 466, CKPT_AND_STOP: False, flag: tensor([0], dtype=torch.int32), speed: 870.331
[2022-12-01 12:57:39.648219] Finished iteration 467, CKPT_AND_STOP: False, flag: tensor([1], dtype=torch.int32), speed: 831.016
Opt ckpt time 3.0764100551605225
Process done with return code 0
