Parent process ID: 119032 node: 172.31.28.108
16 per stage
32 servers!
Config:
ranks: range(0, 1)
train batch size: 2048
partitions: 2
chunk_size: 32
data depth: 16
stage to rank map: 0,2,4,6,8,10,12,14,16,18,20,22,24,26,28,30;1,3,5,7,9,11,13,15,17,19,21,23,25,27,29,31;
Could not send message: starting job of size 32 [Errno 111] Connection refused
World size is 32
/opt/conda/envs/varuna/bin/python -u main.py --rank=0 --chunk_size=32 --local_rank=0 --stage_to_rank_map=0,2,4,6,8,10,12,14,16,18,20,22,24,26,28,30;1,3,5,7,9,11,13,15,17,19,21,23,25,27,29,31; --batch-size=128 data -a resnet152 --varuna --lr 0.001 --epochs 100 --resume s3://spot-checkpoints/resnet-profile --profiling
=> creating model 'resnet152'
Files already downloaded and verified
Num cutpoints is 31
Stages to profile: [0, 1, 2, 3, 4, 5, 6, 7, 8, 9, 10, 11, 12, 13, 14, 15, 16, 17, 18, 19, 20, 21, 22, 23, 24, 25, 26, 27, 28, 29, 30, 31]
factors [32, 16, 8, 4, 2, 1]
all reduce sizes [9536, 84544, 225344, 1444928, 13015104, 60192808]
STAGE 0
USED MODULES
Selected optimization level O2:  FP16 training with FP32 batchnorm and FP32 master weights.

Defaults for this optimization level are:
enabled                : True
opt_level              : O2
cast_model_type        : torch.float16
patch_torch_functions  : False
keep_batchnorm_fp32    : True
master_weights         : True
loss_scale             : dynamic
Processing user overrides (additional kwargs that are not None)...
After processing overrides, optimization options are:
enabled                : True
opt_level              : O2
cast_model_type        : torch.float16
patch_torch_functions  : False
keep_batchnorm_fp32    : True
master_weights         : True
loss_scale             : dynamic
1 1039.3600463867188 1458.5679769515991 286.11999750137335 10260787.2 401408
0 : update_scale(): _has_overflow, dynamic. _loss_scale =  524288.0
Gradient overflow.  Skipping step, loss scaler 0 reducing loss scale to 524288.0
2 820.7360059022902 1209.6533377965293 405.51040172576904 19979366.4 802816
0 : update_scale(): _has_overflow, dynamic. _loss_scale =  262144.0
Gradient overflow.  Skipping step, loss scaler 0 reducing loss scale to 262144.0
3 943.6160027980804 1188.0426804224649 448.68800789117813 29729075.2 1204224
4 1122.3040223121645 2173.392057418823 528.4693241119385 39463219.2 1605632
5 958.9760005474091 1386.6879940032961 743.8080072402955 50497843.2 2007040
6 878.9333502451577 1283.0400466918945 830.2335977554321 58931507.2 2408448
0 : update_scale(): _has_overflow, dynamic. _loss_scale =  131072.0
Gradient overflow.  Skipping step, loss scaler 0 reducing loss scale to 131072.0
7 1116.1600351333618 1577.888011932373 897.1520066261292 69250150.4 2809856
8 1189.2053286234539 3140.7361030578613 832.9600095748901 79405772.8 3211264
9 1125.1199841499329 1972.1039831638336 1055.306653181712 88363315.2 3612672
10 1133.5680186748505 1552.280008792877 1003.1919926404953 99670323.2 4014080
11 1190.9119784832 1600.9387175242105 1086.5680128335953 107931955.2 4415488
0 : update_scale(): _has_overflow, dynamic. _loss_scale =  65536.0
Gradient overflow.  Skipping step, loss scaler 0 reducing loss scale to 65536.0
12 1256.7893664042156 1633.9520215988157 1166.7840083440146 117320806.4 4816896
13 1720.8319902420044 1737.6213073730469 1187.4112129211426 127463731.2 5218304
14 1137.6640001932778 1742.047985394796 1116.063952445984 137394483.2 5619712
15 1234.9440157413483 2415.0080680847163 1228.2080054283142 146538803.2 6021120
16 1234.1760098934176 1872.2239732742312 1247.8560209274292 156502323.2 6422528
17 1245.6960082054138 1924.5333274205527 1387.9786332448325 166506803.2 6823936
18 1332.9066435496015 2049.3279695510864 1422.9839742183683 176199987.2 7225344
19 1231.8720221519468 2010.1226965586345 1423.2320388158162 186425651.2 7626752
20 1317.8880214691162 2762.687921524048 1490.8800125122073 195840307.2 8028160
21 1352.4479866027832 2293.056011199951 1329.4912099838257 204943667.2 8429568
22 1336.575984954834 2320.725361506144 1490.3360307216644 215005491.2 8830976
23 1409.7999930381775 2435.496032238006 1428.5333156585693 226062643.2 9232384
24 1400.8320172627768 2487.6239895820618 1552.0512104034424 234375475.2 9633792
25 1528.831958770752 2612.1813456217446 2036.064028739929 245682483.2 10035200
26 1528.3199846744537 2674.064040184021 2065.823912620545 254007603.2 10436608
27 1526.783972978592 2766.0720348358154 2463.5519981384273 264036659.2 10838016
28 1595.903992652893 2793.648004531861 2004.6480000019073 273082675.2 11239424
29 1603.5839915275571 2950.4319429397583 2575.551986694336 282816819.2 11640832
30 1672.874649365743 2981.173276901245 1958.1226507822676 292616499.2 12042240
31 1724.074681599935 3233.4479689598083 2176.3839960098267 302842163.2 12443648
32 1751.039981842041 3119.4319725036626 2319.111943244934 313067827.2 12845056
33 1757.952004671097 3184.7680211067204 2615.936040878296 321753395.2 13246464
34 1761.2799803415937 3175.440013408661 6703.423976898193 333019443.2 13647872
35 1833.7280154228213 3264.007985591889 2496.5823650360103 342278451.2 14049280
36 1909.7599983215334 3352.60804494222 2678.730646769206 352102707.2 14450688
37 1938.9439821243288 3433.288037776947 2794.809627532959 361480499.2 14852096
38 1926.8266757329302 4779.359817504883 2576.976001262665 370612531.2 15253504
39 1990.9120500087736 3664.6400690078735 2856.864035129547 380453171.2 15654912
40 1991.6799962520602 3646.944046020508 2546.1040139198303 390678835.2 16056320
41 2094.8480367660522 3856.42671585083 3122.063994407654 400105779.2 16457728
42 2104.0639877319336 4184.808075428009 2736.652898788452 409360691.2 16859136
43 2100.9066104888916 4342.732906341554 2636.2495899200435 419258675.2 17260544
44 2206.2079310417175 4210.700750350952 2864.744067192078 430254387.2 17661952
45 2192.3840045928955 4192.65604019165 3091.279983520508 438731059.2 18063360
46 2248.960077762604 4189.93592262268 3154.9439907073975 449128755.2 18464768
47 2294.528007507324 4251.6878843307495 3095.2800512313843 458594611.2 18866176
pre-alr mem 60928
alr 32 9536 2
alr 16 84544 2
alr 8 225344 2
alr 4 1444928 2
alr 2 13015104 2
alr 1 60192808 2
alr 32 9536 3
alr 16 84544 3
alr 8 225344 3
alr 4 1444928 3
alr 2 13015104 3
alr 1 60192808 3
alr 32 9536 4
alr 16 84544 4
alr 8 225344 4
alr 4 1444928 4
alr 2 13015104 4
alr 1 60192808 4
alr 32 9536 5
alr 16 84544 5
alr 8 225344 5
alr 4 1444928 5
alr 2 13015104 5
alr 1 60192808 5
alr 32 9536 6
alr 16 84544 6
alr 8 225344 6
alr 4 1444928 6
alr 2 13015104 6
alr 1 60192808 6
alr 32 9536 7
alr 16 84544 7
alr 8 225344 7
alr 4 1444928 7
alr 2 13015104 7
alr 1 60192808 7
alr 32 9536 8
alr 16 84544 8
alr 8 225344 8
alr 4 1444928 8
alr 2 13015104 8
alr 1 60192808 8
alr 32 9536 9
alr 16 84544 9
alr 8 225344 9
alr 4 1444928 9
alr 2 13015104 9
alr 1 60192808 9
alr 32 9536 10
alr 16 84544 10
alr 8 225344 10
alr 4 1444928 10
alr 2 13015104 10
alr 1 60192808 10
alr 32 9536 11
alr 16 84544 11
alr 8 225344 11
alr 4 1444928 11
alr 2 13015104 11
alr 1 60192808 11
alr 32 9536 12
alr 16 84544 12
alr 8 225344 12
alr 4 1444928 12
alr 2 13015104 12
alr 1 60192808 12
alr 32 9536 13
alr 16 84544 13
alr 8 225344 13
alr 4 1444928 13
alr 2 13015104 13
alr 1 60192808 13
alr 32 9536 14
alr 16 84544 14
alr 8 225344 14
alr 4 1444928 14
alr 2 13015104 14
alr 1 60192808 14
alr 32 9536 15
alr 16 84544 15
alr 8 225344 15
alr 4 1444928 15
alr 2 13015104 15
alr 1 60192808 15
alr 32 9536 16
alr 16 84544 16
alr 8 225344 16
alr 4 1444928 16
alr 2 13015104 16
alr 1 60192808 16
alr 32 9536 17
alr 16 84544 17
alr 8 225344 17
alr 4 1444928 17
alr 2 13015104 17
alr 1 60192808 17
alr 32 9536 18
alr 16 84544 18
alr 8 225344 18
alr 4 1444928 18
alr 2 13015104 18
alr 1 60192808 18
alr 32 9536 19
alr 16 84544 19
alr 8 225344 19
alr 4 1444928 19
alr 2 13015104 19
alr 1 60192808 19
alr 32 9536 20
alr 16 84544 20
alr 8 225344 20
alr 4 1444928 20
alr 2 13015104 20
alr 1 60192808 20
alr 32 9536 21
alr 16 84544 21
alr 8 225344 21
alr 4 1444928 21
alr 2 13015104 21
alr 1 60192808 21
alr 32 9536 22
alr 16 84544 22
alr 8 225344 22
alr 4 1444928 22
alr 2 13015104 22
alr 1 60192808 22
alr 32 9536 23
alr 16 84544 23
alr 8 225344 23
alr 4 1444928 23
alr 2 13015104 23
alr 1 60192808 23
alr 32 9536 24
alr 16 84544 24
alr 8 225344 24
alr 4 1444928 24
alr 2 13015104 24
alr 1 60192808 24
alr 32 9536 25
alr 16 84544 25
alr 8 225344 25
alr 4 1444928 25
alr 2 13015104 25
alr 1 60192808 25
alr 32 9536 26
alr 16 84544 26
alr 8 225344 26
alr 4 1444928 26
alr 2 13015104 26
alr 1 60192808 26
alr 32 9536 27
alr 16 84544 27
alr 8 225344 27
alr 4 1444928 27
alr 2 13015104 27
alr 1 60192808 27
alr 32 9536 28
alr 16 84544 28
alr 8 225344 28
alr 4 1444928 28
alr 2 13015104 28
alr 1 60192808 28
alr 32 9536 29
alr 16 84544 29
alr 8 225344 29
alr 4 1444928 29
alr 2 13015104 29
alr 1 60192808 29
alr 32 9536 30
alr 16 84544 30
alr 8 225344 30
alr 4 1444928 30
alr 2 13015104 30
alr 1 60192808 30
alr 32 9536 31
alr 16 84544 31
alr 8 225344 31
alr 4 1444928 31
alr 2 13015104 31
alr 1 60192808 31
alr 32 9536 32
alr 16 84544 32
alr 8 225344 32
alr 4 1444928 32
alr 2 13015104 32
alr 1 60192808 32
All reduce times
32 [0.0, 41495.91827392578, 50330.03234863281, 62953.43017578125, 58574.08905029297, 51340.58380126953, 77082.90100097656, 64389.02282714844, 72040.46630859375, 70200.0503540039, 73812.33215332031, 72950.68359375, 79363.66271972656, 82667.86193847656, 84857.36083984375, 90473.78540039062, 90362.92266845703, 80933.3724975586, 95210.60943603516, 84149.01733398438, 83284.5458984375, 83633.28552246094, 97170.2880859375, 87522.83477783203, 89892.71545410156, 99097.12219238281, 141197.57080078125, 137296.49353027344, 85101.50146484375, 95595.67260742188, 137664.09301757812, 143959.7625732422]
16 [0.0, 730.5145263671875, 1173.7877130508423, 1353.144645690918, 1874.9078512191772, 2139.5022869110107, 2587.420701980591, 2878.387689590454, 3031.827926635742, 3560.8372688293457, 3612.5328540802, 4060.5998039245605, 4248.973369598389, 4681.332111358643, 2544.482707977295, 5336.12060546875, 3131.838321685791, 3094.5892333984375, 2979.086399078369, 3054.396629333496, 2886.6965770721436, 2874.3133544921875, 2796.7710494995117, 2922.3461151123047, 2900.6447792053223, 2900.1083374023438, 6115.854740142822, 6103.990077972412, 2865.788698196411, 2874.363899230957, 6535.486698150635, 5174.301624298096]
8 [0.0, 1084.3276977539062, 1589.6161794662476, 2002.7358531951904, 2686.0716342926025, 2933.0122470855713, 3260.885000228882, 3640.6915187835693, 3584.667682647705, 3947.321653366089, 4408.742427825928, 4757.451057434082, 4982.49626159668, 5353.008270263672, 5618.56746673584, 6123.57234954834, 6503.731727600098, 6668.9958572387695, 6846.683025360107, 7242.81120300293, 7489.129066467285, 7852.623462677002, 8621.109008789062, 8609.848976135254, 8988.049507141113, 9432.380676269531, 15466.872215270996, 15514.799118041992, 9998.52180480957, 10078.231811523438, 14485.084533691406, 15014.791488647461]
4 [0.0, 2967.238426208496, 4118.363380432129, 5012.969017028809, 6158.940315246582, 6564.140319824219, 7401.375770568848, 7937.630176544189, 8637.419700622559, 9417.867660522461, 10352.828979492188, 9369.109153747559, 10021.008491516113, 10439.566612243652, 10638.232231140137, 11410.057067871094, 11370.841026306152, 12471.035957336426, 12554.566383361816, 13501.421928405762, 13276.168823242188, 13466.818809509277, 14725.107192993164, 13820.611953735352, 14464.310646057129, 14579.147338867188, 29879.30679321289, 30614.017486572266, 16082.902908325195, 16689.470291137695, 25247.96485900879, 25975.866317749023]
2 [0.0, 22296.031951904297, 30873.565673828125, 33199.310302734375, 38945.6901550293, 39667.26303100586, 41642.83752441406, 42123.68392944336, 42864.17007446289, 43248.783111572266, 44736.85073852539, 42887.66098022461, 43847.843170166016, 44899.10125732422, 47743.865966796875, 44732.65075683594, 45101.192474365234, 45257.90786743164, 47829.70428466797, 51291.51153564453, 51040.435791015625, 48404.02603149414, 53898.529052734375, 46827.80075073242, 43836.39144897461, 48287.06359863281, 109485.38970947266, 109347.30529785156, 50960.243225097656, 46808.35723876953, 80494.86541748047, 85857.61260986328]
1 [0.0, 99849.15161132812, 144229.40063476562, 170375.9307861328, 189126.7852783203, 191303.84826660156, 195635.6201171875, 198259.90295410156, 205307.373046875, 215730.9112548828, 207525.52795410156, 202740.72265625, 232631.591796875, 221873.0926513672, 226787.1551513672, 211804.62646484375, 217441.22314453125, 212259.09423828125, 222679.87060546875, 223272.43041992188, 219918.88427734375, 222329.60510253906, 225670.0897216797, 227435.36376953125, 244360.65673828125, 284490.6005859375, 441847.0764160156, 283447.1130371094, 219030.79223632812, 236278.30505371094, 355241.7907714844, 385381.5002441406]
WARNING: No comm times for size 200704 send!
200704 long_send: 0.01024697016155909
WARNING: No comm times for size 401408 send!
401408 long_send: 0.021497294164839247
WARNING: No comm times for size 602112 send!
602112 long_send: 0.03208921882841322
WARNING: No comm times for size 802816 send!
802816 long_send: 0.04404376745223999
WARNING: No comm times for size 1003520 send!
1003520 long_send: 0.056742533047993975
WARNING: No comm times for size 1204224 send!
1204224 long_send: 0.0834748089313507
WARNING: No comm times for size 1404928 send!
1404928 long_send: 0.08231513292070419
WARNING: No comm times for size 1605632 send!
1605632 long_send: 0.09745883928832187
WARNING: No comm times for size 1806336 send!
1806336 long_send: 0.10677592016401745
WARNING: No comm times for size 2007040 send!
2007040 long_send: 0.12152203988461267
WARNING: No comm times for size 2207744 send!
2207744 long_send: 0.1298097703191969
WARNING: No comm times for size 2408448 send!
2408448 long_send: 0.13998806989321144
WARNING: No comm times for size 2609152 send!
2609152 long_send: 0.1551108888217381
WARNING: No comm times for size 2809856 send!
2809856 long_send: 0.16042412292389643
WARNING: No comm times for size 3010560 send!
3010560 long_send: 0.17476237482494777
WARNING: No comm times for size 3211264 send!
3211264 long_send: 0.18211131775251
WARNING: No comm times for size 3411968 send!
3411968 long_send: 0.2200277252802773
WARNING: No comm times for size 3612672 send!
3612672 long_send: 0.20569737809044975
WARNING: No comm times for size 3813376 send!
3813376 long_send: 0.22624914665070792
WARNING: No comm times for size 4014080 send!
4014080 long_send: 0.2276083601418362
WARNING: No comm times for size 4214784 send!
4214784 long_send: 0.24495597301967562
WARNING: No comm times for size 4415488 send!
4415488 long_send: 0.2524787169127237
WARNING: No comm times for size 4616192 send!
4616192 long_send: 0.2603590039979844
WARNING: No comm times for size 4816896 send!
4816896 long_send: 0.26602031088423456
WARNING: No comm times for size 5017600 send!
5017600 long_send: 0.282422121156726
WARNING: No comm times for size 5218304 send!
5218304 long_send: 0.27766023125403966
WARNING: No comm times for size 5419008 send!
5419008 long_send: 0.2961484568160877
WARNING: No comm times for size 5619712 send!
5619712 long_send: 0.30888654637610774
WARNING: No comm times for size 5820416 send!
5820416 long_send: 0.31862379626223913
WARNING: No comm times for size 6021120 send!
6021120 long_send: 0.3190197791808691
WARNING: No comm times for size 6221824 send!
6221824 long_send: 0.33387211289322166
WARNING: No comm times for size 6422528 send!
6422528 long_send: 0.3399934039718803
WARNING: No comm times for size 6623232 send!
6623232 long_send: 0.36678152230747957
WARNING: No comm times for size 6823936 send!
6823936 long_send: 0.3831968202040746
WARNING: No comm times for size 7024640 send!
7024640 long_send: 0.38574241818043226
WARNING: No comm times for size 7225344 send!
7225344 long_send: 0.3774713524456682
WARNING: No comm times for size 7426048 send!
7426048 long_send: 0.39198249243853384
WARNING: No comm times for size 7626752 send!
7626752 long_send: 0.40934226436492727
WARNING: No comm times for size 7827456 send!
7827456 long_send: 0.42396746581060846
WARNING: No comm times for size 8028160 send!
8028160 long_send: 0.41562015681431214
WARNING: No comm times for size 8228864 send!
8228864 long_send: 0.4388492034192671
WARNING: No comm times for size 8429568 send!
8429568 long_send: 0.449807970951765
WARNING: No comm times for size 8630272 send!
8630272 long_send: 0.4659596087639792
WARNING: No comm times for size 8830976 send!
8830976 long_send: 0.45805760142446933
WARNING: No comm times for size 9031680 send!
9031680 long_send: 0.4722619224012944
WARNING: No comm times for size 9232384 send!
9232384 long_send: 0.47959411190106316
WARNING: No comm times for size 9433088 send!
9433088 long_send: 0.5097109365881535
WARNING: No comm times for size 9633792 send!
9633792 long_send: 0.4887540618578593
WARNING: No comm times for size 10436608 send!
10436608 long_send: 0.5103908324241638
WARNING: No comm times for size 11239424 send!
11239424 long_send: 0.5379872560501099
WARNING: No comm times for size 12042240 send!
12042240 long_send: 0.5695106903711955
WARNING: No comm times for size 12845056 send!
12845056 long_send: 0.6321520801385244
WARNING: No comm times for size 13647872 send!
13647872 long_send: 0.6585421013832092
WARNING: No comm times for size 14450688 send!
14450688 long_send: 0.6885484480857849
WARNING: No comm times for size 15253504 send!
15253504 long_send: 0.7086458170413971
WARNING: No comm times for size 16056320 send!
16056320 long_send: 0.7161870996157328
WARNING: No comm times for size 16859136 send!
16859136 long_send: 0.7627640875180562
WARNING: No comm times for size 17661952 send!
17661952 long_send: 0.8107199649016062
WARNING: No comm times for size 18464768 send!
18464768 long_send: 0.8320173851648967
WARNING: No comm times for size 19267584 send!
19267584 long_send: 0.7905682841936748
WARNING: No comm times for size 20070400 send!
20070400 long_send: 0.8185331026713053
WARNING: No comm times for size 20873216 send!
20873216 long_send: 0.8850621885723537
WARNING: No comm times for size 21676032 send!
21676032 long_send: 0.8823964966668023
WARNING: No comm times for size 22478848 send!
22478848 long_send: 0.8848758763737149
WARNING: No comm times for size 23281664 send!
23281664 long_send: 0.8909507009718153
WARNING: No comm times for size 24084480 send!
24084480 long_send: 0.9402096973525154
WARNING: No comm times for size 24887296 send!
24887296 long_send: 0.9353557811843024
WARNING: No comm times for size 25690112 send!
25690112 long_send: 1.0280936227904425
WARNING: No comm times for size 26492928 send!
26492928 long_send: 0.9984138117896186
WARNING: No comm times for size 27295744 send!
27295744 long_send: 1.0364421804745991
WARNING: No comm times for size 28098560 send!
28098560 long_send: 1.0651239262686836
WARNING: No comm times for size 28901376 send!
28901376 long_send: 1.101963574356503
WARNING: No comm times for size 29704192 send!
29704192 long_send: 1.1243910193443298
WARNING: No comm times for size 30507008 send!
30507008 long_send: 1.122470838493771
WARNING: No comm times for size 31309824 send!
31309824 long_send: 1.1765914718310038
WARNING: No comm times for size 32112640 send!
32112640 long_send: 1.19290851354599
WARNING: No comm times for size 32915456 send!
32915456 long_send: 1.1919021407763164
WARNING: No comm times for size 33718272 send!
33718272 long_send: 1.24379845990075
WARNING: No comm times for size 34521088 send!
34521088 long_send: 1.2772832949956259
WARNING: No comm times for size 35323904 send!
35323904 long_send: 1.2576980696784126
WARNING: No comm times for size 36126720 send!
36126720 long_send: 1.2903826223479378
WARNING: No comm times for size 36929536 send!
36929536 long_send: 1.3382330907715692
WARNING: No comm times for size 37732352 send!
37732352 long_send: 1.3577642917633057
WARNING: No comm times for size 10035200 send!
10035200 long_send: 0.5142398470924014
WARNING: No comm times for size 10838016 send!
10838016 long_send: 0.5318457699957349
WARNING: No comm times for size 11640832 send!
11640832 long_send: 0.5716271934055147
WARNING: No comm times for size 12443648 send!
12443648 long_send: 0.6160692862101964
WARNING: No comm times for size 13246464 send!
13246464 long_send: 0.6405508302506946
WARNING: No comm times for size 14049280 send!
14049280 long_send: 0.6704732826777867
WARNING: No comm times for size 14852096 send!
14852096 long_send: 0.7131056950205849
WARNING: No comm times for size 15654912 send!
15654912 long_send: 0.7318531195322673
WARNING: No comm times for size 16457728 send!
16457728 long_send: 0.7740927304540361
WARNING: No comm times for size 17260544 send!
17260544 long_send: 0.8216838603927976
WARNING: No comm times for size 18063360 send!
18063360 long_send: 0.8656800451732817
WARNING: No comm times for size 18866176 send!
18866176 long_send: 0.8909969988323393
WARNING: No comm times for size 100352 send!
100352 long_send: 0.00709917147954305
WARNING: No comm times for size 301056 send!
301056 long_send: 0.012202243010203043
WARNING: No comm times for size 501760 send!
501760 long_send: 0.01720632513364156
WARNING: No comm times for size 702464 send!
702464 long_send: 0.027700640757878623
WARNING: No comm times for size 903168 send!
903168 long_send: 0.04136692086855571
WARNING: No comm times for size 1103872 send!
1103872 long_send: 0.050094149510065716
WARNING: No comm times for size 1304576 send!
1304576 long_send: 0.08383323152860006
WARNING: No comm times for size 1505280 send!
1505280 long_send: 0.07644891738891602
WARNING: No comm times for size 1705984 send!
1705984 long_send: 0.06819241841634115
WARNING: No comm times for size 1906688 send!
1906688 long_send: 0.07868867715199789
WARNING: No comm times for size 2107392 send!
2107392 long_send: 0.13592502673467
WARNING: No comm times for size 2308096 send!
2308096 long_send: 0.12388731042544048
WARNING: No comm times for size 2508800 send!
2508800 long_send: 0.14380965232849122
WARNING: No comm times for size 2709504 send!
2709504 long_send: 0.1622187594572703
WARNING: No comm times for size 2910208 send!
2910208 long_send: 0.18217234214146932
WARNING: No comm times for size 3110912 send!
3110912 long_send: 0.17559655904769897
WARNING: No comm times for size 3311616 send!
3311616 long_send: 0.211406405766805
WARNING: No comm times for size 3512320 send!
3512320 long_send: 0.18486339449882508
WARNING: No comm times for size 3713024 send!
3713024 long_send: 0.2177720288435618
WARNING: No comm times for size 3913728 send!
3913728 long_send: 0.22498841087023416
WARNING: No comm times for size 4114432 send!
4114432 long_send: 0.2231326361497243
WARNING: No comm times for size 4315136 send!
4315136 long_send: 0.2667576789855957
WARNING: No comm times for size 4515840 send!
4515840 long_send: 0.2708077669143677
WARNING: No comm times for size 4716544 send!
4716544 long_send: 0.26761650840441387
Process done with return code 0
Could not send message: checkpoint done 169 [Errno 111] Connection refused
