Parent process ID: 3097 node: 172.31.28.143
24 cutpoints
Stages 1
Micro-bs 8 Max mem: 14622140211.200005
Predicted microbatch size for 1: 8
comm size 0
GPUS_PER_VM=1 /home/ubuntu/varuna/tools/simulator/simulate-varuna 1 6 0 2258812.98828125 0
End of simulation:  Mini-batch time (usec) = 4233458
Min send: 10000000, max send 0
Min long send: 10000000, max long send 0
Min fwd: 10000000, max fwd 0; min bwd 10000000, max bwd 0
Min long fwd: 140872, max long fwd 144458; min long bwd 182761, max long bwd 191040
Time taken by simulation: 48 microseconds

Stages 2
Micro-bs 8 Max mem: 7660942131.200001
Predicted microbatch size for 2: 8
comm size 4194304
WARNING: no send time found, 2 partitions
GPUS_PER_VM=1 /home/ubuntu/varuna/tools/simulator/simulate-varuna 2 11 0 656490.9057617188 248719.58977934244
End of simulation:  Mini-batch time (usec) = 3966187
Min send: 10000000, max send 0
Min long send: 249051, max long send 264414
Min fwd: 78473, max fwd 86627; min bwd 87174, max bwd 96382
Min long fwd: 58631, max long fwd 64048; min long bwd 93560, max long bwd 98662
Time taken by simulation: 221 microseconds

Stages 3
Micro-bs 8 Max mem: 5497876480.0
Predicted microbatch size for 3: 8
comm size 4194304
WARNING: no send time found, 3 partitions
GPUS_PER_VM=1 /home/ubuntu/varuna/tools/simulator/simulate-varuna 3 16 0 458491.3635253906 248719.58977934244
End of simulation:  Mini-batch time (usec) = 4073233
Min send: 10000000, max send 0
Min long send: 248907, max long send 271185
Min fwd: 34639, max fwd 68075; min bwd 55135, max bwd 63761
Min long fwd: 38640, max long fwd 45018; min long bwd 64291, max long bwd 71935
Time taken by simulation: 512 microseconds

Stages 4
Micro-bs 8 Max mem: 4406266675.2
Predicted microbatch size for 4: 8
comm size 4194304
WARNING: no send time found, 4 partitions
GPUS_PER_VM=1 /home/ubuntu/varuna/tools/simulator/simulate-varuna 4 22 0 364029.9377441406 248719.58977934244
End of simulation:  Mini-batch time (usec) = 4679330
Min send: 10000000, max send 0
Min long send: 248907, max long send 274819
Min fwd: 21514, max fwd 60961; min bwd 37461, max bwd 50759
Min long fwd: 29330, max long fwd 37152; min long bwd 47928, max long bwd 55195
Time taken by simulation: 993 microseconds

Stages 6
Micro-bs 8 Max mem: 3314656870.4
Predicted microbatch size for 6: 8
comm size 4194304
WARNING: no send time found, 6 partitions
GPUS_PER_VM=1 /home/ubuntu/varuna/tools/simulator/simulate-varuna 6 32 0 233226.318359375 248719.58977934244
End of simulation:  Mini-batch time (usec) = 6680183
Min send: 10000000, max send 0
Min long send: 248719, max long send 275881
Min fwd: 10965, max fwd 44004; min bwd 19992, max bwd 36467
Min long fwd: 22115, max long fwd 30954; min long bwd 32578, max long bwd 40795
Time taken by simulation: 2405 microseconds

Stages 8
Micro-bs 8 Max mem: 2758774988.8
Predicted microbatch size for 8: 8
comm size 4194304
WARNING: no send time found, 8 partitions
GPUS_PER_VM=1 /home/ubuntu/varuna/tools/simulator/simulate-varuna 8 43 0 178155.74645996094 248719.58977934244
End of simulation:  Mini-batch time (usec) = 9019309
Min send: 10000000, max send 0
Min long send: 248735, max long send 276940
Min fwd: 5776, max fwd 41014; min bwd 16548, max bwd 29492
Min long fwd: 17309, max long fwd 25772; min long bwd 25282, max long bwd 32088
Time taken by simulation: 4439 microseconds

Stages 12
Micro-bs 8 Max mem: 2202893107.2
Predicted microbatch size for 12: 8
comm size 4194304
WARNING: no send time found, 12 partitions
GPUS_PER_VM=1 /home/ubuntu/varuna/tools/simulator/simulate-varuna 12 64 0 117116.2109375 248719.58977934244
End of simulation:  Mini-batch time (usec) = 13687683
Min send: 10000000, max send 0
Min long send: 248720, max long send 280797
Min fwd: 141, max fwd 25024; min bwd 6433, max bwd 23373
Min long fwd: 7201, max long fwd 18161; min long bwd 16833, max long bwd 28389
Time taken by simulation: 10556 microseconds

{1: 4.233458, 2: 3.966187, 3: 4.073233, 4: 4.67933, 6: 6.680183, 8: 9.019309, 12: 13.687683}
{1: 8, 2: 8, 3: 8, 4: 8, 6: 8, 8: 8, 12: 8}
best config is: 2 8
expected time is 3.966187
12 per stage
24 servers!
Config:
ranks: range(23, 24)
train batch size: 1024
partitions: 2
chunk_size: 8
data depth: 12
stage to rank map: 0,2,4,6,8,10,12,14,16,18,20,22;1,3,5,7,9,11,13,15,17,19,21,23;
World size is 24
/opt/conda/envs/varuna/bin/python -u /home/ubuntu/varuna_examples/DeepLearningExamples/PyTorch/LanguageModeling/BERT/run_pretraining.py --rank=23 --chunk_size=8 --local_rank=0 --stage_to_rank_map=0,2,4,6,8,10,12,14,16,18,20,22;1,3,5,7,9,11,13,15,17,19,21,23; --batch-size=85 --input_dir=/hdf5_lower_case_1_seq_len_128_max_pred_20_masked_lm_prob_0.15_random_seed_12345_dupe_factor_5/wikicorpus_en/ --output_dir=s3://spot-checkpoints/bert --config_file=bert_config.json --bert_model=bert-large-uncased --train_batch_size=1024 --max_seq_length=128 --max_predictions_per_seq=20 --max_steps=7038 --warmup_proportion=0.2843 --num_steps_per_checkpoint=200 --learning_rate=6e-3 --seed=12439 --fp16 --gradient_accumulation_steps=128 --allreduce_post_accumulation --allreduce_post_accumulation_fp16 --do_train --json-summary /home/ubuntu/varuna_examples/DeepLearningExamples/PyTorch/LanguageModeling/BERT/results/dllogger.json --varuna --resume_step 95
device: cuda:0 n_gpu: 1, distributed training: True, 16-bits training: True
dry run time 0.1831367015838623
SHARED WEIGHTS ARE
[(0, 1)]
this rank  23 is part of pipeline replica  11
11 chunks
Begin to load checkpint from s3://spot-checkpoints/bert/ckpt_95.pt
2022-11-26 03:17:10.853338 resume step from  95
2022-11-26 03:17:59.514510 - Finished loading checkpoint, takes 48.628 secs
23 Overflow !!
23 : update_scale(): _has_overflow, dynamic. _loss_scale =  524288.0
[2022-11-26 03:18:18.056555] Finished iteration 95, CKPT_AND_STOP: False, flag: tensor([0], dtype=torch.int32), speed: 8905.634
23 Overflow !!
23 : update_scale(): _has_overflow, dynamic. _loss_scale =  262144.0
[2022-11-26 03:18:21.540803] Finished iteration 96, CKPT_AND_STOP: False, flag: tensor([0], dtype=torch.int32), speed: 3483.995
23 Overflow !!
23 : update_scale(): _has_overflow, dynamic. _loss_scale =  131072.0
[2022-11-26 03:18:24.999671] Finished iteration 97, CKPT_AND_STOP: False, flag: tensor([0], dtype=torch.int32), speed: 3458.850
23 Overflow !!
23 : update_scale(): _has_overflow, dynamic. _loss_scale =  65536.0
[2022-11-26 03:18:28.448117] Finished iteration 98, CKPT_AND_STOP: False, flag: tensor([0], dtype=torch.int32), speed: 3448.398
23 Overflow !!
23 : update_scale(): _has_overflow, dynamic. _loss_scale =  32768.0
[2022-11-26 03:18:31.912820] Finished iteration 99, CKPT_AND_STOP: False, flag: tensor([0], dtype=torch.int32), speed: 3464.625
23 Overflow !!
23 : update_scale(): _has_overflow, dynamic. _loss_scale =  16384.0
[2022-11-26 03:18:34.419644] Finished iteration 100, CKPT_AND_STOP: False, flag: tensor([0], dtype=torch.int32), speed: 2506.699
23 Overflow !!
23 : update_scale(): _has_overflow, dynamic. _loss_scale =  8192.0
[2022-11-26 03:18:36.882641] Finished iteration 101, CKPT_AND_STOP: False, flag: tensor([0], dtype=torch.int32), speed: 2462.963
23 Overflow !!
23 : update_scale(): _has_overflow, dynamic. _loss_scale =  4096.0
[2022-11-26 03:18:39.355508] Finished iteration 102, CKPT_AND_STOP: False, flag: tensor([0], dtype=torch.int32), speed: 2472.843
23 Overflow !!
23 : update_scale(): _has_overflow, dynamic. _loss_scale =  2048.0
[2022-11-26 03:18:41.874050] Finished iteration 103, CKPT_AND_STOP: False, flag: tensor([0], dtype=torch.int32), speed: 2518.520
23 Overflow !!
23 : update_scale(): _has_overflow, dynamic. _loss_scale =  1024.0
[2022-11-26 03:18:44.359301] Finished iteration 104, CKPT_AND_STOP: False, flag: tensor([0], dtype=torch.int32), speed: 2485.199
23 Overflow !!
23 : update_scale(): _has_overflow, dynamic. _loss_scale =  512.0
[2022-11-26 03:18:46.828510] Finished iteration 105, CKPT_AND_STOP: False, flag: tensor([0], dtype=torch.int32), speed: 2469.149
23 Overflow !!
23 : update_scale(): _has_overflow, dynamic. _loss_scale =  256.0
[2022-11-26 03:18:49.359434] Finished iteration 106, CKPT_AND_STOP: False, flag: tensor([0], dtype=torch.int32), speed: 2530.891
23 Overflow !!
23 : update_scale(): _has_overflow, dynamic. _loss_scale =  128.0
[2022-11-26 03:18:51.848124] Finished iteration 107, CKPT_AND_STOP: False, flag: tensor([0], dtype=torch.int32), speed: 2488.657
23 Overflow !!
23 : update_scale(): _has_overflow, dynamic. _loss_scale =  64.0
[2022-11-26 03:18:54.318699] Finished iteration 108, CKPT_AND_STOP: False, flag: tensor([0], dtype=torch.int32), speed: 2470.553
23 Overflow !!
23 : update_scale(): _has_overflow, dynamic. _loss_scale =  32.0
[2022-11-26 03:18:56.816368] Finished iteration 109, CKPT_AND_STOP: False, flag: tensor([0], dtype=torch.int32), speed: 2497.638
23 Overflow !!
23 : update_scale(): _has_overflow, dynamic. _loss_scale =  16.0
[2022-11-26 03:18:59.255461] Finished iteration 110, CKPT_AND_STOP: False, flag: tensor([0], dtype=torch.int32), speed: 2439.054
23 Overflow !!
23 : update_scale(): _has_overflow, dynamic. _loss_scale =  8.0
[2022-11-26 03:19:01.761540] Finished iteration 111, CKPT_AND_STOP: False, flag: tensor([0], dtype=torch.int32), speed: 2506.061
23 Overflow !!
23 : update_scale(): _has_overflow, dynamic. _loss_scale =  4.0
[2022-11-26 03:19:04.218785] Finished iteration 112, CKPT_AND_STOP: False, flag: tensor([0], dtype=torch.int32), speed: 2457.191
23 Overflow !!
23 : update_scale(): _has_overflow, dynamic. _loss_scale =  2.0
[2022-11-26 03:19:06.658316] Finished iteration 113, CKPT_AND_STOP: False, flag: tensor([0], dtype=torch.int32), speed: 2439.497
23 Overflow !!
23 : update_scale(): _has_overflow, dynamic. _loss_scale =  1.0
[2022-11-26 03:19:09.134601] Finished iteration 114, CKPT_AND_STOP: False, flag: tensor([0], dtype=torch.int32), speed: 2476.254
23 Overflow !!
23 : update_scale(): _has_overflow, dynamic. _loss_scale =  1.0
[2022-11-26 03:19:11.596707] Finished iteration 115, CKPT_AND_STOP: False, flag: tensor([0], dtype=torch.int32), speed: 2462.070
23 Overflow !!
23 : update_scale(): _has_overflow, dynamic. _loss_scale =  1.0
[2022-11-26 03:19:14.091622] Finished iteration 116, CKPT_AND_STOP: False, flag: tensor([0], dtype=torch.int32), speed: 2494.892
23 Overflow !!
23 : update_scale(): _has_overflow, dynamic. _loss_scale =  1.0
[2022-11-26 03:19:16.585884] Finished iteration 117, CKPT_AND_STOP: False, flag: tensor([0], dtype=torch.int32), speed: 2494.229
23 Overflow !!
23 : update_scale(): _has_overflow, dynamic. _loss_scale =  1.0
[2022-11-26 03:19:19.015420] Finished iteration 118, CKPT_AND_STOP: False, flag: tensor([0], dtype=torch.int32), speed: 2429.504
23 Overflow !!
23 : update_scale(): _has_overflow, dynamic. _loss_scale =  1.0
[2022-11-26 03:19:21.461141] Finished iteration 119, CKPT_AND_STOP: False, flag: tensor([0], dtype=torch.int32), speed: 2445.682
23 Overflow !!
23 : update_scale(): _has_overflow, dynamic. _loss_scale =  1.0
[2022-11-26 03:19:23.927834] Finished iteration 120, CKPT_AND_STOP: False, flag: tensor([0], dtype=torch.int32), speed: 2466.660
23 Overflow !!
23 : update_scale(): _has_overflow, dynamic. _loss_scale =  1.0
[2022-11-26 03:19:26.387251] Finished iteration 121, CKPT_AND_STOP: False, flag: tensor([0], dtype=torch.int32), speed: 2459.382
23 Overflow !!
23 : update_scale(): _has_overflow, dynamic. _loss_scale =  1.0
[2022-11-26 03:19:28.906777] Finished iteration 122, CKPT_AND_STOP: False, flag: tensor([0], dtype=torch.int32), speed: 2519.495
23 Overflow !!
23 : update_scale(): _has_overflow, dynamic. _loss_scale =  1.0
[2022-11-26 03:19:31.342507] Finished iteration 123, CKPT_AND_STOP: False, flag: tensor([0], dtype=torch.int32), speed: 2435.694
23 Overflow !!
23 : update_scale(): _has_overflow, dynamic. _loss_scale =  1.0
[2022-11-26 03:19:33.780185] Finished iteration 124, CKPT_AND_STOP: False, flag: tensor([0], dtype=torch.int32), speed: 2437.647
23 Overflow !!
23 : update_scale(): _has_overflow, dynamic. _loss_scale =  1.0
[2022-11-26 03:19:36.271511] Finished iteration 125, CKPT_AND_STOP: False, flag: tensor([0], dtype=torch.int32), speed: 2491.322
23 Overflow !!
23 : update_scale(): _has_overflow, dynamic. _loss_scale =  1.0
[2022-11-26 03:19:38.691417] Finished iteration 126, CKPT_AND_STOP: False, flag: tensor([1], dtype=torch.int32), speed: 2419.893
2022-11-26 03:19:38.696105 Begin to save checkpont to s3://spot-checkpoints/bert and exit
Opt ckpt time 5.583549976348877
Process done with return code 0
