Parent process ID: 4601 node: 172.31.19.171
2 per stage
16 servers!
Config:
ranks: range(10, 11)
train batch size: 1024
partitions: 8
chunk_size: 8
data depth: 2
stage to rank map: 0,8;1,9;2,10;3,11;4,12;5,13;6,14;7,15;
World size is 16
/opt/conda/envs/varuna/bin/python -u /home/ubuntu/varuna_examples/DeepLearningExamples/PyTorch/LanguageModeling/BERT/run_pretraining.py --rank=10 --chunk_size=8 --local_rank=0 --stage_to_rank_map=0,8;1,9;2,10;3,11;4,12;5,13;6,14;7,15; --batch-size=512 --input_dir=/hdf5_lower_case_1_seq_len_128_max_pred_20_masked_lm_prob_0.15_random_seed_12345_dupe_factor_5/wikicorpus_en/ --output_dir=s3://spot-checkpoints/bert --config_file=bert_config.json --bert_model=bert-large-uncased --train_batch_size=1024 --max_seq_length=128 --max_predictions_per_seq=20 --max_steps=7038 --warmup_proportion=0.2843 --num_steps_per_checkpoint=200 --learning_rate=6e-3 --seed=12439 --fp16 --gradient_accumulation_steps=128 --allreduce_post_accumulation --allreduce_post_accumulation_fp16 --do_train --json-summary /home/ubuntu/varuna_examples/DeepLearningExamples/PyTorch/LanguageModeling/BERT/results/dllogger.json --varuna
device: cuda:0 n_gpu: 1, distributed training: True, 16-bits training: True
dry run time 0.12759780883789062
SHARED WEIGHTS ARE
[(0, 7)]
this rank  10 is part of pipeline replica  1
64 chunks
Finished iteration 0, CKPT_AND_STOP: False, flag: tensor([0], dtype=torch.int32), speed: 9391.957
Finished iteration 1, CKPT_AND_STOP: False, flag: tensor([0], dtype=torch.int32), speed: 5645.776
Finished iteration 2, CKPT_AND_STOP: False, flag: tensor([0], dtype=torch.int32), speed: 5712.209
Finished iteration 3, CKPT_AND_STOP: False, flag: tensor([0], dtype=torch.int32), speed: 5486.961
Finished iteration 4, CKPT_AND_STOP: False, flag: tensor([0], dtype=torch.int32), speed: 5599.726
Finished iteration 5, CKPT_AND_STOP: False, flag: tensor([0], dtype=torch.int32), speed: 4542.495
Finished iteration 6, CKPT_AND_STOP: False, flag: tensor([0], dtype=torch.int32), speed: 4325.514
Finished iteration 7, CKPT_AND_STOP: False, flag: tensor([0], dtype=torch.int32), speed: 4191.292
Finished iteration 8, CKPT_AND_STOP: False, flag: tensor([0], dtype=torch.int32), speed: 4238.504
Finished iteration 9, CKPT_AND_STOP: False, flag: tensor([0], dtype=torch.int32), speed: 4320.169
Finished iteration 10, CKPT_AND_STOP: False, flag: tensor([0], dtype=torch.int32), speed: 4466.541
Finished iteration 11, CKPT_AND_STOP: False, flag: tensor([0], dtype=torch.int32), speed: 4526.965
10 : update_scale(): _has_overflow, dynamic. _loss_scale =  524288.0
Finished iteration 12, CKPT_AND_STOP: False, flag: tensor([0], dtype=torch.int32), speed: 4390.473
10 Overflow !!
10 : update_scale(): _has_overflow, dynamic. _loss_scale =  262144.0
Finished iteration 13, CKPT_AND_STOP: False, flag: tensor([0], dtype=torch.int32), speed: 4329.669
10 Overflow !!
10 : update_scale(): _has_overflow, dynamic. _loss_scale =  131072.0
Finished iteration 14, CKPT_AND_STOP: False, flag: tensor([0], dtype=torch.int32), speed: 4387.102
10 Overflow !!
10 : update_scale(): _has_overflow, dynamic. _loss_scale =  65536.0
Finished iteration 15, CKPT_AND_STOP: False, flag: tensor([0], dtype=torch.int32), speed: 4371.368
10 Overflow !!
10 : update_scale(): _has_overflow, dynamic. _loss_scale =  32768.0
Finished iteration 16, CKPT_AND_STOP: False, flag: tensor([0], dtype=torch.int32), speed: 4349.840
10 Overflow !!
10 : update_scale(): _has_overflow, dynamic. _loss_scale =  16384.0
Finished iteration 17, CKPT_AND_STOP: False, flag: tensor([0], dtype=torch.int32), speed: 4454.678
10 Overflow !!
10 : update_scale(): _has_overflow, dynamic. _loss_scale =  8192.0
Finished iteration 18, CKPT_AND_STOP: False, flag: tensor([0], dtype=torch.int32), speed: 4450.053
10 Overflow !!
10 : update_scale(): _has_overflow, dynamic. _loss_scale =  4096.0
Finished iteration 19, CKPT_AND_STOP: False, flag: tensor([0], dtype=torch.int32), speed: 4552.031
10 Overflow !!
10 : update_scale(): _has_overflow, dynamic. _loss_scale =  2048.0
Finished iteration 20, CKPT_AND_STOP: False, flag: tensor([2], dtype=torch.int32), speed: 4278.730
2022-11-23 14:17:30.266663 Begin to save checkpont to s3://spot-checkpoints/bert and exit
Opt ckpt time 3.149508476257324
Signal handler called with signal 10


 STOPPING VARUNA !!



Rank 10 signal handler called with signal 10
Process done with return code 0
Parent process ID: 5118 node: 172.31.28.236
2 per stage
16 servers!
Config:
ranks: range(10, 11)
train batch size: 1024
partitions: 8
chunk_size: 8
data depth: 2
stage to rank map: 0,8;1,9;2,10;3,11;4,12;5,13;6,14;7,15;
World size is 16
/opt/conda/envs/varuna/bin/python -u /home/ubuntu/varuna_examples/DeepLearningExamples/PyTorch/LanguageModeling/BERT/run_pretraining.py --rank=10 --chunk_size=8 --local_rank=0 --stage_to_rank_map=0,8;1,9;2,10;3,11;4,12;5,13;6,14;7,15; --batch-size=512 --input_dir=/hdf5_lower_case_1_seq_len_128_max_pred_20_masked_lm_prob_0.15_random_seed_12345_dupe_factor_5/wikicorpus_en/ --output_dir=s3://spot-checkpoints/bert --config_file=bert_config.json --bert_model=bert-large-uncased --train_batch_size=1024 --max_seq_length=128 --max_predictions_per_seq=20 --max_steps=7038 --warmup_proportion=0.2843 --num_steps_per_checkpoint=200 --learning_rate=6e-3 --seed=12439 --fp16 --gradient_accumulation_steps=128 --allreduce_post_accumulation --allreduce_post_accumulation_fp16 --do_train --json-summary /home/ubuntu/varuna_examples/DeepLearningExamples/PyTorch/LanguageModeling/BERT/results/dllogger.json --varuna --resume_step 21
device: cuda:0 n_gpu: 1, distributed training: True, 16-bits training: True
dry run time 0.14867067337036133
SHARED WEIGHTS ARE
[(0, 7)]
this rank  10 is part of pipeline replica  1
64 chunks
Begin to load checkpint from s3://spot-checkpoints/bert/ckpt_21.pt
2022-11-23 14:17:58.946016 resume step from  21
2022-11-23 14:18:06.135670 - Finished loading checkpoint, takes 7178.471 secs
10 Overflow !!
10 : update_scale(): _has_overflow, dynamic. _loss_scale =  524288.0
Finished iteration 21, CKPT_AND_STOP: False, flag: tensor([0], dtype=torch.int32), speed: 15374.398
10 Overflow !!
10 : update_scale(): _has_overflow, dynamic. _loss_scale =  262144.0
Finished iteration 22, CKPT_AND_STOP: False, flag: tensor([0], dtype=torch.int32), speed: 5301.116
10 Overflow !!
10 : update_scale(): _has_overflow, dynamic. _loss_scale =  131072.0
Finished iteration 23, CKPT_AND_STOP: False, flag: tensor([0], dtype=torch.int32), speed: 5354.238
10 Overflow !!
10 : update_scale(): _has_overflow, dynamic. _loss_scale =  65536.0
Finished iteration 24, CKPT_AND_STOP: False, flag: tensor([0], dtype=torch.int32), speed: 5331.653
10 Overflow !!
10 : update_scale(): _has_overflow, dynamic. _loss_scale =  32768.0
Finished iteration 25, CKPT_AND_STOP: False, flag: tensor([0], dtype=torch.int32), speed: 5369.829
10 Overflow !!
10 : update_scale(): _has_overflow, dynamic. _loss_scale =  16384.0
Finished iteration 26, CKPT_AND_STOP: False, flag: tensor([0], dtype=torch.int32), speed: 4187.973
10 Overflow !!
10 : update_scale(): _has_overflow, dynamic. _loss_scale =  8192.0
Finished iteration 27, CKPT_AND_STOP: False, flag: tensor([0], dtype=torch.int32), speed: 4146.413
10 Overflow !!
10 : update_scale(): _has_overflow, dynamic. _loss_scale =  4096.0
Finished iteration 28, CKPT_AND_STOP: False, flag: tensor([0], dtype=torch.int32), speed: 4280.039
10 Overflow !!
10 : update_scale(): _has_overflow, dynamic. _loss_scale =  2048.0
Finished iteration 29, CKPT_AND_STOP: False, flag: tensor([0], dtype=torch.int32), speed: 4187.482
10 Overflow !!
10 : update_scale(): _has_overflow, dynamic. _loss_scale =  1024.0
Finished iteration 30, CKPT_AND_STOP: False, flag: tensor([0], dtype=torch.int32), speed: 4301.436
10 Overflow !!
10 : update_scale(): _has_overflow, dynamic. _loss_scale =  512.0
Finished iteration 31, CKPT_AND_STOP: False, flag: tensor([0], dtype=torch.int32), speed: 4234.179
10 Overflow !!
10 : update_scale(): _has_overflow, dynamic. _loss_scale =  256.0
Finished iteration 32, CKPT_AND_STOP: False, flag: tensor([0], dtype=torch.int32), speed: 4227.165
10 Overflow !!
10 : update_scale(): _has_overflow, dynamic. _loss_scale =  128.0
Finished iteration 33, CKPT_AND_STOP: False, flag: tensor([0], dtype=torch.int32), speed: 4172.277
10 Overflow !!
10 : update_scale(): _has_overflow, dynamic. _loss_scale =  64.0
Finished iteration 34, CKPT_AND_STOP: False, flag: tensor([0], dtype=torch.int32), speed: 4229.831
10 Overflow !!
10 : update_scale(): _has_overflow, dynamic. _loss_scale =  32.0
Finished iteration 35, CKPT_AND_STOP: False, flag: tensor([0], dtype=torch.int32), speed: 4179.883
10 Overflow !!
10 : update_scale(): _has_overflow, dynamic. _loss_scale =  16.0
Finished iteration 36, CKPT_AND_STOP: False, flag: tensor([0], dtype=torch.int32), speed: 4187.517
10 Overflow !!
10 : update_scale(): _has_overflow, dynamic. _loss_scale =  8.0
Finished iteration 37, CKPT_AND_STOP: False, flag: tensor([0], dtype=torch.int32), speed: 4278.117
10 Overflow !!
10 : update_scale(): _has_overflow, dynamic. _loss_scale =  4.0
Finished iteration 38, CKPT_AND_STOP: False, flag: tensor([0], dtype=torch.int32), speed: 4217.748
10 Overflow !!
10 : update_scale(): _has_overflow, dynamic. _loss_scale =  2.0
Finished iteration 39, CKPT_AND_STOP: False, flag: tensor([0], dtype=torch.int32), speed: 4308.959
10 Overflow !!
10 : update_scale(): _has_overflow, dynamic. _loss_scale =  1.0
Finished iteration 40, CKPT_AND_STOP: False, flag: tensor([0], dtype=torch.int32), speed: 4223.843
10 Overflow !!
10 : update_scale(): _has_overflow, dynamic. _loss_scale =  1.0
Finished iteration 41, CKPT_AND_STOP: False, flag: tensor([0], dtype=torch.int32), speed: 4678.139
10 Overflow !!
10 : update_scale(): _has_overflow, dynamic. _loss_scale =  1.0
Finished iteration 42, CKPT_AND_STOP: False, flag: tensor([0], dtype=torch.int32), speed: 4303.663
10 Overflow !!
10 : update_scale(): _has_overflow, dynamic. _loss_scale =  1.0
Finished iteration 43, CKPT_AND_STOP: False, flag: tensor([0], dtype=torch.int32), speed: 4141.562
10 Overflow !!
10 : update_scale(): _has_overflow, dynamic. _loss_scale =  1.0
Finished iteration 44, CKPT_AND_STOP: False, flag: tensor([5], dtype=torch.int32), speed: 4160.441
2022-11-23 14:20:03.564443 Begin to save checkpont to s3://spot-checkpoints/bert and exit
Signal handler called with signal 10


 STOPPING VARUNA !!



Rank 10 signal handler called with signal 10
Opt ckpt time 3.820591449737549
Process done with return code 0
Parent process ID: 5701 node: 172.31.21.45
1 per stage
8 servers!
10 8 I am of no use!
Parent process ID: 6673 node: 172.31.21.109
1 per stage
8 servers!
10 8 I am of no use!
