Parent process ID: 27262 node: 172.31.27.216
2 per stage
16 servers!
Config:
ranks: range(3, 4)
train batch size: 1024
partitions: 8
chunk_size: 8
data depth: 2
stage to rank map: 0,8;1,9;2,10;3,11;4,12;5,13;6,14;7,15;
World size is 16
/opt/conda/envs/varuna/bin/python -u /home/ubuntu/varuna_examples/DeepLearningExamples/PyTorch/LanguageModeling/BERT/run_pretraining.py --rank=3 --chunk_size=8 --local_rank=0 --stage_to_rank_map=0,8;1,9;2,10;3,11;4,12;5,13;6,14;7,15; --batch-size=512 --input_dir=/hdf5_lower_case_1_seq_len_128_max_pred_20_masked_lm_prob_0.15_random_seed_12345_dupe_factor_5/wikicorpus_en/ --output_dir=s3://spot-checkpoints/bert --config_file=bert_config.json --bert_model=bert-large-uncased --train_batch_size=1024 --max_seq_length=128 --max_predictions_per_seq=20 --max_steps=7038 --warmup_proportion=0.2843 --num_steps_per_checkpoint=200 --learning_rate=6e-3 --seed=12439 --fp16 --gradient_accumulation_steps=128 --allreduce_post_accumulation --allreduce_post_accumulation_fp16 --do_train --json-summary /home/ubuntu/varuna_examples/DeepLearningExamples/PyTorch/LanguageModeling/BERT/results/dllogger.json --varuna
device: cuda:0 n_gpu: 1, distributed training: True, 16-bits training: True
dry run time 0.11523032188415527
SHARED WEIGHTS ARE
[(0, 7)]
this rank  3 is part of pipeline replica  0
64 chunks
Finished iteration 0, CKPT_AND_STOP: False, flag: tensor([0], dtype=torch.int32), speed: 9403.157
Finished iteration 1, CKPT_AND_STOP: False, flag: tensor([0], dtype=torch.int32), speed: 5646.910
Finished iteration 2, CKPT_AND_STOP: False, flag: tensor([0], dtype=torch.int32), speed: 5709.186
Finished iteration 3, CKPT_AND_STOP: False, flag: tensor([0], dtype=torch.int32), speed: 5486.907
Finished iteration 4, CKPT_AND_STOP: False, flag: tensor([0], dtype=torch.int32), speed: 5599.552
Finished iteration 5, CKPT_AND_STOP: False, flag: tensor([0], dtype=torch.int32), speed: 4542.500
Finished iteration 6, CKPT_AND_STOP: False, flag: tensor([0], dtype=torch.int32), speed: 4325.619
Finished iteration 7, CKPT_AND_STOP: False, flag: tensor([0], dtype=torch.int32), speed: 4191.241
Finished iteration 8, CKPT_AND_STOP: False, flag: tensor([0], dtype=torch.int32), speed: 4238.479
Finished iteration 9, CKPT_AND_STOP: False, flag: tensor([0], dtype=torch.int32), speed: 4320.188
Finished iteration 10, CKPT_AND_STOP: False, flag: tensor([0], dtype=torch.int32), speed: 4466.537
Finished iteration 11, CKPT_AND_STOP: False, flag: tensor([0], dtype=torch.int32), speed: 4527.018
3 : update_scale(): _has_overflow, dynamic. _loss_scale =  524288.0
Finished iteration 12, CKPT_AND_STOP: False, flag: tensor([0], dtype=torch.int32), speed: 4390.512
3 Overflow !!
3 : update_scale(): _has_overflow, dynamic. _loss_scale =  262144.0
Finished iteration 13, CKPT_AND_STOP: False, flag: tensor([0], dtype=torch.int32), speed: 4329.752
3 Overflow !!
3 : update_scale(): _has_overflow, dynamic. _loss_scale =  131072.0
Finished iteration 14, CKPT_AND_STOP: False, flag: tensor([0], dtype=torch.int32), speed: 4386.973
3 Overflow !!
3 : update_scale(): _has_overflow, dynamic. _loss_scale =  65536.0
Finished iteration 15, CKPT_AND_STOP: False, flag: tensor([0], dtype=torch.int32), speed: 4371.250
3 Overflow !!
3 : update_scale(): _has_overflow, dynamic. _loss_scale =  32768.0
Finished iteration 16, CKPT_AND_STOP: False, flag: tensor([0], dtype=torch.int32), speed: 4349.916
3 Overflow !!
3 : update_scale(): _has_overflow, dynamic. _loss_scale =  16384.0
Finished iteration 17, CKPT_AND_STOP: False, flag: tensor([0], dtype=torch.int32), speed: 4454.645
3 Overflow !!
3 : update_scale(): _has_overflow, dynamic. _loss_scale =  8192.0
Finished iteration 18, CKPT_AND_STOP: False, flag: tensor([0], dtype=torch.int32), speed: 4450.124
3 Overflow !!
3 : update_scale(): _has_overflow, dynamic. _loss_scale =  4096.0
Finished iteration 19, CKPT_AND_STOP: False, flag: tensor([0], dtype=torch.int32), speed: 4552.090
3 Overflow !!
3 : update_scale(): _has_overflow, dynamic. _loss_scale =  2048.0
Finished iteration 20, CKPT_AND_STOP: False, flag: tensor([2], dtype=torch.int32), speed: 4278.690
2022-11-23 14:17:30.265942 Begin to save checkpont to s3://spot-checkpoints/bert and exit
Signal handler called with signal 10


 STOPPING VARUNA !!



Rank 3 signal handler called with signal 10
Opt ckpt time 3.257153034210205
Process done with return code 0
Parent process ID: 5181 node: 172.31.30.99
2 per stage
16 servers!
Config:
ranks: range(3, 4)
train batch size: 1024
partitions: 8
chunk_size: 8
data depth: 2
stage to rank map: 0,8;1,9;2,10;3,11;4,12;5,13;6,14;7,15;
World size is 16
/opt/conda/envs/varuna/bin/python -u /home/ubuntu/varuna_examples/DeepLearningExamples/PyTorch/LanguageModeling/BERT/run_pretraining.py --rank=3 --chunk_size=8 --local_rank=0 --stage_to_rank_map=0,8;1,9;2,10;3,11;4,12;5,13;6,14;7,15; --batch-size=512 --input_dir=/hdf5_lower_case_1_seq_len_128_max_pred_20_masked_lm_prob_0.15_random_seed_12345_dupe_factor_5/wikicorpus_en/ --output_dir=s3://spot-checkpoints/bert --config_file=bert_config.json --bert_model=bert-large-uncased --train_batch_size=1024 --max_seq_length=128 --max_predictions_per_seq=20 --max_steps=7038 --warmup_proportion=0.2843 --num_steps_per_checkpoint=200 --learning_rate=6e-3 --seed=12439 --fp16 --gradient_accumulation_steps=128 --allreduce_post_accumulation --allreduce_post_accumulation_fp16 --do_train --json-summary /home/ubuntu/varuna_examples/DeepLearningExamples/PyTorch/LanguageModeling/BERT/results/dllogger.json --varuna --resume_step 21
device: cuda:0 n_gpu: 1, distributed training: True, 16-bits training: True
dry run time 0.13730382919311523
SHARED WEIGHTS ARE
[(0, 7)]
this rank  3 is part of pipeline replica  0
64 chunks
Begin to load checkpint from s3://spot-checkpoints/bert/ckpt_21.pt
2022-11-23 14:17:58.916791 resume step from  21
2022-11-23 14:18:05.857341 - Finished loading checkpoint, takes 6928.867 secs
3 Overflow !!
3 : update_scale(): _has_overflow, dynamic. _loss_scale =  524288.0
Finished iteration 21, CKPT_AND_STOP: False, flag: tensor([0], dtype=torch.int32), speed: 15647.774
3 Overflow !!
3 : update_scale(): _has_overflow, dynamic. _loss_scale =  262144.0
Finished iteration 22, CKPT_AND_STOP: False, flag: tensor([0], dtype=torch.int32), speed: 5300.961
3 Overflow !!
3 : update_scale(): _has_overflow, dynamic. _loss_scale =  131072.0
Finished iteration 23, CKPT_AND_STOP: False, flag: tensor([0], dtype=torch.int32), speed: 5354.344
3 Overflow !!
3 : update_scale(): _has_overflow, dynamic. _loss_scale =  65536.0
Finished iteration 24, CKPT_AND_STOP: False, flag: tensor([0], dtype=torch.int32), speed: 5331.806
3 Overflow !!
3 : update_scale(): _has_overflow, dynamic. _loss_scale =  32768.0
Finished iteration 25, CKPT_AND_STOP: False, flag: tensor([0], dtype=torch.int32), speed: 5369.739
3 Overflow !!
3 : update_scale(): _has_overflow, dynamic. _loss_scale =  16384.0
Finished iteration 26, CKPT_AND_STOP: False, flag: tensor([0], dtype=torch.int32), speed: 4187.940
3 Overflow !!
3 : update_scale(): _has_overflow, dynamic. _loss_scale =  8192.0
Finished iteration 27, CKPT_AND_STOP: False, flag: tensor([0], dtype=torch.int32), speed: 4146.530
3 Overflow !!
3 : update_scale(): _has_overflow, dynamic. _loss_scale =  4096.0
Finished iteration 28, CKPT_AND_STOP: False, flag: tensor([0], dtype=torch.int32), speed: 4279.938
3 Overflow !!
3 : update_scale(): _has_overflow, dynamic. _loss_scale =  2048.0
Finished iteration 29, CKPT_AND_STOP: False, flag: tensor([0], dtype=torch.int32), speed: 4187.448
3 Overflow !!
3 : update_scale(): _has_overflow, dynamic. _loss_scale =  1024.0
Finished iteration 30, CKPT_AND_STOP: False, flag: tensor([0], dtype=torch.int32), speed: 4301.320
3 Overflow !!
3 : update_scale(): _has_overflow, dynamic. _loss_scale =  512.0
Finished iteration 31, CKPT_AND_STOP: False, flag: tensor([0], dtype=torch.int32), speed: 4234.191
3 Overflow !!
3 : update_scale(): _has_overflow, dynamic. _loss_scale =  256.0
Finished iteration 32, CKPT_AND_STOP: False, flag: tensor([0], dtype=torch.int32), speed: 4227.186
3 Overflow !!
3 : update_scale(): _has_overflow, dynamic. _loss_scale =  128.0
Finished iteration 33, CKPT_AND_STOP: False, flag: tensor([0], dtype=torch.int32), speed: 4172.259
3 Overflow !!
3 : update_scale(): _has_overflow, dynamic. _loss_scale =  64.0
Finished iteration 34, CKPT_AND_STOP: False, flag: tensor([0], dtype=torch.int32), speed: 4229.857
3 Overflow !!
3 : update_scale(): _has_overflow, dynamic. _loss_scale =  32.0
Finished iteration 35, CKPT_AND_STOP: False, flag: tensor([0], dtype=torch.int32), speed: 4180.163
3 Overflow !!
3 : update_scale(): _has_overflow, dynamic. _loss_scale =  16.0
Finished iteration 36, CKPT_AND_STOP: False, flag: tensor([0], dtype=torch.int32), speed: 4187.199
3 Overflow !!
3 : update_scale(): _has_overflow, dynamic. _loss_scale =  8.0
Finished iteration 37, CKPT_AND_STOP: False, flag: tensor([0], dtype=torch.int32), speed: 4278.186
3 Overflow !!
3 : update_scale(): _has_overflow, dynamic. _loss_scale =  4.0
Finished iteration 38, CKPT_AND_STOP: False, flag: tensor([0], dtype=torch.int32), speed: 4217.594
3 Overflow !!
3 : update_scale(): _has_overflow, dynamic. _loss_scale =  2.0
Finished iteration 39, CKPT_AND_STOP: False, flag: tensor([0], dtype=torch.int32), speed: 4309.395
3 Overflow !!
3 : update_scale(): _has_overflow, dynamic. _loss_scale =  1.0
Finished iteration 40, CKPT_AND_STOP: False, flag: tensor([0], dtype=torch.int32), speed: 4223.584
3 Overflow !!
3 : update_scale(): _has_overflow, dynamic. _loss_scale =  1.0
Finished iteration 41, CKPT_AND_STOP: False, flag: tensor([0], dtype=torch.int32), speed: 4678.054
3 Overflow !!
3 : update_scale(): _has_overflow, dynamic. _loss_scale =  1.0
Finished iteration 42, CKPT_AND_STOP: False, flag: tensor([0], dtype=torch.int32), speed: 4303.668
3 Overflow !!
3 : update_scale(): _has_overflow, dynamic. _loss_scale =  1.0
Finished iteration 43, CKPT_AND_STOP: False, flag: tensor([0], dtype=torch.int32), speed: 4141.667
Signal handler called with signal 10


 STOPPING VARUNA !!



Rank 3 signal handler called with signal 10
3 Overflow !!
3 : update_scale(): _has_overflow, dynamic. _loss_scale =  1.0
Finished iteration 44, CKPT_AND_STOP: True, flag: tensor([5], dtype=torch.int32), speed: 4160.377
2022-11-23 14:20:03.563510 Begin to save checkpont to s3://spot-checkpoints/bert and exit
Opt ckpt time 4.078293323516846
Process done with return code 0
Parent process ID: 5783 node: 172.31.30.99
1 per stage
8 servers!
Config:
ranks: range(3, 4)
train batch size: 1024
partitions: 8
chunk_size: 8
data depth: 1
stage to rank map: 0;1;2;3;4;5;6;7;
World size is 8
/opt/conda/envs/varuna/bin/python -u /home/ubuntu/varuna_examples/DeepLearningExamples/PyTorch/LanguageModeling/BERT/run_pretraining.py --rank=3 --chunk_size=8 --local_rank=0 --stage_to_rank_map=0;1;2;3;4;5;6;7; --batch-size=1024 --input_dir=/hdf5_lower_case_1_seq_len_128_max_pred_20_masked_lm_prob_0.15_random_seed_12345_dupe_factor_5/wikicorpus_en/ --output_dir=s3://spot-checkpoints/bert --config_file=bert_config.json --bert_model=bert-large-uncased --train_batch_size=1024 --max_seq_length=128 --max_predictions_per_seq=20 --max_steps=7038 --warmup_proportion=0.2843 --num_steps_per_checkpoint=200 --learning_rate=6e-3 --seed=12439 --fp16 --gradient_accumulation_steps=128 --allreduce_post_accumulation --allreduce_post_accumulation_fp16 --do_train --json-summary /home/ubuntu/varuna_examples/DeepLearningExamples/PyTorch/LanguageModeling/BERT/results/dllogger.json --varuna --resume_step 45
device: cuda:0 n_gpu: 1, distributed training: True, 16-bits training: True
dry run time 0.07306361198425293
SHARED WEIGHTS ARE
[(0, 7)]
this rank  3 is part of pipeline replica  0
128 chunks
Begin to load checkpint from s3://spot-checkpoints/bert/ckpt_45.pt
2022-11-23 14:20:31.650582 resume step from  45
2022-11-23 14:20:38.668267 - Finished loading checkpoint, takes 7006.159 secs
3 Overflow !!
3 : update_scale(): _has_overflow, dynamic. _loss_scale =  524288.0
Finished iteration 45, CKPT_AND_STOP: False, flag: tensor([0], dtype=torch.int32), speed: 22120.669
3 Overflow !!
3 : update_scale(): _has_overflow, dynamic. _loss_scale =  262144.0
Finished iteration 46, CKPT_AND_STOP: False, flag: tensor([0], dtype=torch.int32), speed: 7527.627
3 Overflow !!
3 : update_scale(): _has_overflow, dynamic. _loss_scale =  131072.0
Finished iteration 47, CKPT_AND_STOP: False, flag: tensor([0], dtype=torch.int32), speed: 7349.906
3 Overflow !!
3 : update_scale(): _has_overflow, dynamic. _loss_scale =  65536.0
Finished iteration 48, CKPT_AND_STOP: False, flag: tensor([0], dtype=torch.int32), speed: 7462.617
3 Overflow !!
3 : update_scale(): _has_overflow, dynamic. _loss_scale =  32768.0
Finished iteration 49, CKPT_AND_STOP: False, flag: tensor([0], dtype=torch.int32), speed: 7355.696
3 Overflow !!
3 : update_scale(): _has_overflow, dynamic. _loss_scale =  16384.0
Finished iteration 50, CKPT_AND_STOP: False, flag: tensor([0], dtype=torch.int32), speed: 7361.768
3 Overflow !!
3 : update_scale(): _has_overflow, dynamic. _loss_scale =  8192.0
Finished iteration 51, CKPT_AND_STOP: False, flag: tensor([0], dtype=torch.int32), speed: 7467.735
3 Overflow !!
3 : update_scale(): _has_overflow, dynamic. _loss_scale =  4096.0
Finished iteration 52, CKPT_AND_STOP: False, flag: tensor([0], dtype=torch.int32), speed: 7250.935
3 Overflow !!
3 : update_scale(): _has_overflow, dynamic. _loss_scale =  2048.0
Finished iteration 53, CKPT_AND_STOP: False, flag: tensor([0], dtype=torch.int32), speed: 7430.423
3 Overflow !!
3 : update_scale(): _has_overflow, dynamic. _loss_scale =  1024.0
Finished iteration 54, CKPT_AND_STOP: False, flag: tensor([0], dtype=torch.int32), speed: 7903.232
3 Overflow !!
3 : update_scale(): _has_overflow, dynamic. _loss_scale =  512.0
Finished iteration 55, CKPT_AND_STOP: False, flag: tensor([0], dtype=torch.int32), speed: 7439.208
3 Overflow !!
3 : update_scale(): _has_overflow, dynamic. _loss_scale =  256.0
Finished iteration 56, CKPT_AND_STOP: False, flag: tensor([0], dtype=torch.int32), speed: 7336.138
3 Overflow !!
3 : update_scale(): _has_overflow, dynamic. _loss_scale =  128.0
Finished iteration 57, CKPT_AND_STOP: False, flag: tensor([1], dtype=torch.int32), speed: 7358.845
2022-11-23 14:22:30.078350 Begin to save checkpont to s3://spot-checkpoints/bert and exit
Signal handler called with signal 10


 STOPPING VARUNA !!



Rank 3 signal handler called with signal 10
Opt ckpt time 6.658390998840332
Process done with return code 0
Parent process ID: 6272 node: 172.31.16.100
1 per stage
8 servers!
Config:
ranks: range(3, 4)
train batch size: 1024
partitions: 8
chunk_size: 8
data depth: 1
stage to rank map: 0;1;2;3;4;5;6;7;
World size is 8
/opt/conda/envs/varuna/bin/python -u /home/ubuntu/varuna_examples/DeepLearningExamples/PyTorch/LanguageModeling/BERT/run_pretraining.py --rank=3 --chunk_size=8 --local_rank=0 --stage_to_rank_map=0;1;2;3;4;5;6;7; --batch-size=1024 --input_dir=/hdf5_lower_case_1_seq_len_128_max_pred_20_masked_lm_prob_0.15_random_seed_12345_dupe_factor_5/wikicorpus_en/ --output_dir=s3://spot-checkpoints/bert --config_file=bert_config.json --bert_model=bert-large-uncased --train_batch_size=1024 --max_seq_length=128 --max_predictions_per_seq=20 --max_steps=7038 --warmup_proportion=0.2843 --num_steps_per_checkpoint=200 --learning_rate=6e-3 --seed=12439 --fp16 --gradient_accumulation_steps=128 --allreduce_post_accumulation --allreduce_post_accumulation_fp16 --do_train --json-summary /home/ubuntu/varuna_examples/DeepLearningExamples/PyTorch/LanguageModeling/BERT/results/dllogger.json --varuna --resume_step 58
device: cuda:0 n_gpu: 1, distributed training: True, 16-bits training: True
dry run time 0.02871847152709961
SHARED WEIGHTS ARE
[(0, 7)]
this rank  3 is part of pipeline replica  0
128 chunks
Begin to load checkpint from s3://spot-checkpoints/bert/ckpt_58.pt
2022-11-23 14:22:58.739923 resume step from  58
2022-11-23 14:23:04.361834 - Finished loading checkpoint, takes 5609.473 secs
3 Overflow !!
3 : update_scale(): _has_overflow, dynamic. _loss_scale =  524288.0
Finished iteration 58, CKPT_AND_STOP: False, flag: tensor([0], dtype=torch.int32), speed: 18753.497
3 Overflow !!
3 : update_scale(): _has_overflow, dynamic. _loss_scale =  262144.0
Finished iteration 59, CKPT_AND_STOP: False, flag: tensor([0], dtype=torch.int32), speed: 7498.032
3 Overflow !!
3 : update_scale(): _has_overflow, dynamic. _loss_scale =  131072.0
Finished iteration 60, CKPT_AND_STOP: False, flag: tensor([0], dtype=torch.int32), speed: 7444.672
3 Overflow !!
3 : update_scale(): _has_overflow, dynamic. _loss_scale =  65536.0
Finished iteration 61, CKPT_AND_STOP: False, flag: tensor([0], dtype=torch.int32), speed: 7447.737
3 Overflow !!
3 : update_scale(): _has_overflow, dynamic. _loss_scale =  32768.0
Finished iteration 62, CKPT_AND_STOP: False, flag: tensor([0], dtype=torch.int32), speed: 7585.381
