Parent process ID: 5208 node: 172.31.21.109
2 per stage
16 servers!
Config:
ranks: range(14, 15)
train batch size: 1024
partitions: 8
chunk_size: 8
data depth: 2
stage to rank map: 0,8;1,9;2,10;3,11;4,12;5,13;6,14;7,15;
World size is 16
/opt/conda/envs/varuna/bin/python -u /home/ubuntu/varuna_examples/DeepLearningExamples/PyTorch/LanguageModeling/BERT/run_pretraining.py --rank=14 --chunk_size=8 --local_rank=0 --stage_to_rank_map=0,8;1,9;2,10;3,11;4,12;5,13;6,14;7,15; --batch-size=512 --input_dir=/hdf5_lower_case_1_seq_len_128_max_pred_20_masked_lm_prob_0.15_random_seed_12345_dupe_factor_5/wikicorpus_en/ --output_dir=s3://spot-checkpoints/bert --config_file=bert_config.json --bert_model=bert-large-uncased --train_batch_size=1024 --max_seq_length=128 --max_predictions_per_seq=20 --max_steps=7038 --warmup_proportion=0.2843 --num_steps_per_checkpoint=200 --learning_rate=6e-3 --seed=12439 --fp16 --gradient_accumulation_steps=128 --allreduce_post_accumulation --allreduce_post_accumulation_fp16 --do_train --json-summary /home/ubuntu/varuna_examples/DeepLearningExamples/PyTorch/LanguageModeling/BERT/results/dllogger.json --varuna
device: cuda:0 n_gpu: 1, distributed training: True, 16-bits training: True
dry run time 0.1175837516784668
SHARED WEIGHTS ARE
[(0, 7)]
this rank  14 is part of pipeline replica  1
64 chunks
Finished iteration 0, CKPT_AND_STOP: False, flag: tensor([0], dtype=torch.int32), speed: 9388.325
Finished iteration 1, CKPT_AND_STOP: False, flag: tensor([0], dtype=torch.int32), speed: 5645.907
Finished iteration 2, CKPT_AND_STOP: False, flag: tensor([0], dtype=torch.int32), speed: 5712.257
Finished iteration 3, CKPT_AND_STOP: False, flag: tensor([0], dtype=torch.int32), speed: 5486.912
Finished iteration 4, CKPT_AND_STOP: False, flag: tensor([0], dtype=torch.int32), speed: 5599.777
Finished iteration 5, CKPT_AND_STOP: False, flag: tensor([0], dtype=torch.int32), speed: 4542.349
Finished iteration 6, CKPT_AND_STOP: False, flag: tensor([0], dtype=torch.int32), speed: 4325.600
Finished iteration 7, CKPT_AND_STOP: False, flag: tensor([0], dtype=torch.int32), speed: 4191.262
Finished iteration 8, CKPT_AND_STOP: False, flag: tensor([0], dtype=torch.int32), speed: 4238.449
Finished iteration 9, CKPT_AND_STOP: False, flag: tensor([0], dtype=torch.int32), speed: 4320.231
Finished iteration 10, CKPT_AND_STOP: False, flag: tensor([0], dtype=torch.int32), speed: 4466.593
Finished iteration 11, CKPT_AND_STOP: False, flag: tensor([0], dtype=torch.int32), speed: 4526.949
14 : update_scale(): _has_overflow, dynamic. _loss_scale =  524288.0
Finished iteration 12, CKPT_AND_STOP: False, flag: tensor([0], dtype=torch.int32), speed: 4390.522
14 Overflow !!
14 : update_scale(): _has_overflow, dynamic. _loss_scale =  262144.0
Finished iteration 13, CKPT_AND_STOP: False, flag: tensor([0], dtype=torch.int32), speed: 4329.523
14 Overflow !!
14 : update_scale(): _has_overflow, dynamic. _loss_scale =  131072.0
Finished iteration 14, CKPT_AND_STOP: False, flag: tensor([0], dtype=torch.int32), speed: 4387.172
14 Overflow !!
14 : update_scale(): _has_overflow, dynamic. _loss_scale =  65536.0
Finished iteration 15, CKPT_AND_STOP: False, flag: tensor([0], dtype=torch.int32), speed: 4371.380
14 Overflow !!
14 : update_scale(): _has_overflow, dynamic. _loss_scale =  32768.0
Finished iteration 16, CKPT_AND_STOP: False, flag: tensor([0], dtype=torch.int32), speed: 4349.932
14 Overflow !!
14 : update_scale(): _has_overflow, dynamic. _loss_scale =  16384.0
Finished iteration 17, CKPT_AND_STOP: False, flag: tensor([0], dtype=torch.int32), speed: 4454.567
14 Overflow !!
14 : update_scale(): _has_overflow, dynamic. _loss_scale =  8192.0
Finished iteration 18, CKPT_AND_STOP: False, flag: tensor([0], dtype=torch.int32), speed: 4449.993
14 Overflow !!
14 : update_scale(): _has_overflow, dynamic. _loss_scale =  4096.0
Finished iteration 19, CKPT_AND_STOP: False, flag: tensor([0], dtype=torch.int32), speed: 4552.188
14 Overflow !!
14 : update_scale(): _has_overflow, dynamic. _loss_scale =  2048.0
Finished iteration 20, CKPT_AND_STOP: False, flag: tensor([2], dtype=torch.int32), speed: 4278.682
2022-11-23 14:17:30.265014 Begin to save checkpont to s3://spot-checkpoints/bert and exit
Opt ckpt time 3.1067452430725098
Signal handler called with signal 10


 STOPPING VARUNA !!



Rank 14 signal handler called with signal 10
Process done with return code 0
Parent process ID: 4732 node: 172.31.21.254
2 per stage
16 servers!
Config:
ranks: range(14, 15)
train batch size: 1024
partitions: 8
chunk_size: 8
data depth: 2
stage to rank map: 0,8;1,9;2,10;3,11;4,12;5,13;6,14;7,15;
World size is 16
/opt/conda/envs/varuna/bin/python -u /home/ubuntu/varuna_examples/DeepLearningExamples/PyTorch/LanguageModeling/BERT/run_pretraining.py --rank=14 --chunk_size=8 --local_rank=0 --stage_to_rank_map=0,8;1,9;2,10;3,11;4,12;5,13;6,14;7,15; --batch-size=512 --input_dir=/hdf5_lower_case_1_seq_len_128_max_pred_20_masked_lm_prob_0.15_random_seed_12345_dupe_factor_5/wikicorpus_en/ --output_dir=s3://spot-checkpoints/bert --config_file=bert_config.json --bert_model=bert-large-uncased --train_batch_size=1024 --max_seq_length=128 --max_predictions_per_seq=20 --max_steps=7038 --warmup_proportion=0.2843 --num_steps_per_checkpoint=200 --learning_rate=6e-3 --seed=12439 --fp16 --gradient_accumulation_steps=128 --allreduce_post_accumulation --allreduce_post_accumulation_fp16 --do_train --json-summary /home/ubuntu/varuna_examples/DeepLearningExamples/PyTorch/LanguageModeling/BERT/results/dllogger.json --varuna --resume_step 21
device: cuda:0 n_gpu: 1, distributed training: True, 16-bits training: True
dry run time 0.14810943603515625
SHARED WEIGHTS ARE
[(0, 7)]
this rank  14 is part of pipeline replica  1
64 chunks
Begin to load checkpint from s3://spot-checkpoints/bert/ckpt_21.pt
2022-11-23 14:17:58.873998 resume step from  21
2022-11-23 14:18:05.669828 - Finished loading checkpoint, takes 6784.948 secs
14 Overflow !!
14 : update_scale(): _has_overflow, dynamic. _loss_scale =  524288.0
Finished iteration 21, CKPT_AND_STOP: False, flag: tensor([0], dtype=torch.int32), speed: 15838.284
14 Overflow !!
14 : update_scale(): _has_overflow, dynamic. _loss_scale =  262144.0
Finished iteration 22, CKPT_AND_STOP: False, flag: tensor([0], dtype=torch.int32), speed: 5301.368
14 Overflow !!
14 : update_scale(): _has_overflow, dynamic. _loss_scale =  131072.0
Finished iteration 23, CKPT_AND_STOP: False, flag: tensor([0], dtype=torch.int32), speed: 5354.254
14 Overflow !!
14 : update_scale(): _has_overflow, dynamic. _loss_scale =  65536.0
Finished iteration 24, CKPT_AND_STOP: False, flag: tensor([0], dtype=torch.int32), speed: 5331.725
14 Overflow !!
14 : update_scale(): _has_overflow, dynamic. _loss_scale =  32768.0
Finished iteration 25, CKPT_AND_STOP: False, flag: tensor([0], dtype=torch.int32), speed: 5369.684
14 Overflow !!
14 : update_scale(): _has_overflow, dynamic. _loss_scale =  16384.0
Finished iteration 26, CKPT_AND_STOP: False, flag: tensor([0], dtype=torch.int32), speed: 4188.249
14 Overflow !!
14 : update_scale(): _has_overflow, dynamic. _loss_scale =  8192.0
Finished iteration 27, CKPT_AND_STOP: False, flag: tensor([0], dtype=torch.int32), speed: 4146.359
14 Overflow !!
14 : update_scale(): _has_overflow, dynamic. _loss_scale =  4096.0
Finished iteration 28, CKPT_AND_STOP: False, flag: tensor([0], dtype=torch.int32), speed: 4280.096
14 Overflow !!
14 : update_scale(): _has_overflow, dynamic. _loss_scale =  2048.0
Finished iteration 29, CKPT_AND_STOP: False, flag: tensor([0], dtype=torch.int32), speed: 4187.361
14 Overflow !!
14 : update_scale(): _has_overflow, dynamic. _loss_scale =  1024.0
Finished iteration 30, CKPT_AND_STOP: False, flag: tensor([0], dtype=torch.int32), speed: 4301.479
14 Overflow !!
14 : update_scale(): _has_overflow, dynamic. _loss_scale =  512.0
Finished iteration 31, CKPT_AND_STOP: False, flag: tensor([0], dtype=torch.int32), speed: 4234.281
14 Overflow !!
14 : update_scale(): _has_overflow, dynamic. _loss_scale =  256.0
Finished iteration 32, CKPT_AND_STOP: False, flag: tensor([0], dtype=torch.int32), speed: 4226.967
14 Overflow !!
14 : update_scale(): _has_overflow, dynamic. _loss_scale =  128.0
Finished iteration 33, CKPT_AND_STOP: False, flag: tensor([0], dtype=torch.int32), speed: 4172.470
14 Overflow !!
14 : update_scale(): _has_overflow, dynamic. _loss_scale =  64.0
Finished iteration 34, CKPT_AND_STOP: False, flag: tensor([0], dtype=torch.int32), speed: 4229.817
14 Overflow !!
14 : update_scale(): _has_overflow, dynamic. _loss_scale =  32.0
Finished iteration 35, CKPT_AND_STOP: False, flag: tensor([0], dtype=torch.int32), speed: 4179.817
14 Overflow !!
14 : update_scale(): _has_overflow, dynamic. _loss_scale =  16.0
Finished iteration 36, CKPT_AND_STOP: False, flag: tensor([0], dtype=torch.int32), speed: 4187.537
14 Overflow !!
14 : update_scale(): _has_overflow, dynamic. _loss_scale =  8.0
Finished iteration 37, CKPT_AND_STOP: False, flag: tensor([0], dtype=torch.int32), speed: 4278.193
14 Overflow !!
14 : update_scale(): _has_overflow, dynamic. _loss_scale =  4.0
Finished iteration 38, CKPT_AND_STOP: False, flag: tensor([0], dtype=torch.int32), speed: 4217.581
14 Overflow !!
14 : update_scale(): _has_overflow, dynamic. _loss_scale =  2.0
Finished iteration 39, CKPT_AND_STOP: False, flag: tensor([0], dtype=torch.int32), speed: 4308.990
14 Overflow !!
14 : update_scale(): _has_overflow, dynamic. _loss_scale =  1.0
Finished iteration 40, CKPT_AND_STOP: False, flag: tensor([0], dtype=torch.int32), speed: 4221.108
14 Overflow !!
14 : update_scale(): _has_overflow, dynamic. _loss_scale =  1.0
Finished iteration 41, CKPT_AND_STOP: False, flag: tensor([0], dtype=torch.int32), speed: 4680.717
14 Overflow !!
14 : update_scale(): _has_overflow, dynamic. _loss_scale =  1.0
Finished iteration 42, CKPT_AND_STOP: False, flag: tensor([0], dtype=torch.int32), speed: 4303.910
14 Overflow !!
14 : update_scale(): _has_overflow, dynamic. _loss_scale =  1.0
Finished iteration 43, CKPT_AND_STOP: False, flag: tensor([0], dtype=torch.int32), speed: 4141.203
14 Overflow !!
14 : update_scale(): _has_overflow, dynamic. _loss_scale =  1.0
Finished iteration 44, CKPT_AND_STOP: False, flag: tensor([5], dtype=torch.int32), speed: 4160.739
2022-11-23 14:20:03.557975 Begin to save checkpont to s3://spot-checkpoints/bert and exit
Opt ckpt time 5.9621217250823975
Signal handler called with signal 10


 STOPPING VARUNA !!



Rank 14 signal handler called with signal 10
Process done with return code 0
Parent process ID: 5295 node: 172.31.24.191
1 per stage
8 servers!
14 8 I am of no use!
