Parent process ID: 25776 node: 172.31.18.152
2 per stage
16 servers!
Config:
ranks: range(2, 3)
train batch size: 1024
partitions: 8
chunk_size: 8
data depth: 2
stage to rank map: 0,8;1,9;2,10;3,11;4,12;5,13;6,14;7,15;
World size is 16
/opt/conda/envs/varuna/bin/python -u /home/ubuntu/varuna_examples/DeepLearningExamples/PyTorch/LanguageModeling/BERT/run_pretraining.py --rank=2 --chunk_size=8 --local_rank=0 --stage_to_rank_map=0,8;1,9;2,10;3,11;4,12;5,13;6,14;7,15; --batch-size=512 --input_dir=/hdf5_lower_case_1_seq_len_128_max_pred_20_masked_lm_prob_0.15_random_seed_12345_dupe_factor_5/wikicorpus_en/ --output_dir=s3://spot-checkpoints/bert --config_file=bert_config.json --bert_model=bert-large-uncased --train_batch_size=1024 --max_seq_length=128 --max_predictions_per_seq=20 --max_steps=7038 --warmup_proportion=0.2843 --num_steps_per_checkpoint=200 --learning_rate=6e-3 --seed=12439 --fp16 --gradient_accumulation_steps=128 --allreduce_post_accumulation --allreduce_post_accumulation_fp16 --do_train --json-summary /home/ubuntu/varuna_examples/DeepLearningExamples/PyTorch/LanguageModeling/BERT/results/dllogger.json --varuna
device: cuda:0 n_gpu: 1, distributed training: True, 16-bits training: True
dry run time 0.003934144973754883
SHARED WEIGHTS ARE
[(0, 7)]
this rank  2 is part of pipeline replica  0
64 chunks
Finished iteration 0, CKPT_AND_STOP: False, flag: tensor([0], dtype=torch.int32), speed: 9391.551
Finished iteration 1, CKPT_AND_STOP: False, flag: tensor([0], dtype=torch.int32), speed: 5647.199
Finished iteration 2, CKPT_AND_STOP: False, flag: tensor([0], dtype=torch.int32), speed: 5708.727
Finished iteration 3, CKPT_AND_STOP: False, flag: tensor([0], dtype=torch.int32), speed: 5487.267
Finished iteration 4, CKPT_AND_STOP: False, flag: tensor([0], dtype=torch.int32), speed: 5599.818
Finished iteration 5, CKPT_AND_STOP: False, flag: tensor([0], dtype=torch.int32), speed: 4541.848
Finished iteration 6, CKPT_AND_STOP: False, flag: tensor([0], dtype=torch.int32), speed: 4325.471
Finished iteration 7, CKPT_AND_STOP: False, flag: tensor([0], dtype=torch.int32), speed: 4191.457
Finished iteration 8, CKPT_AND_STOP: False, flag: tensor([0], dtype=torch.int32), speed: 4238.453
Finished iteration 9, CKPT_AND_STOP: False, flag: tensor([0], dtype=torch.int32), speed: 4320.317
Finished iteration 10, CKPT_AND_STOP: False, flag: tensor([0], dtype=torch.int32), speed: 4466.554
Finished iteration 11, CKPT_AND_STOP: False, flag: tensor([0], dtype=torch.int32), speed: 4526.915
2 : update_scale(): _has_overflow, dynamic. _loss_scale =  524288.0
Finished iteration 12, CKPT_AND_STOP: False, flag: tensor([0], dtype=torch.int32), speed: 4390.245
2 Overflow !!
2 : update_scale(): _has_overflow, dynamic. _loss_scale =  262144.0
Finished iteration 13, CKPT_AND_STOP: False, flag: tensor([0], dtype=torch.int32), speed: 4330.090
2 Overflow !!
2 : update_scale(): _has_overflow, dynamic. _loss_scale =  131072.0
Finished iteration 14, CKPT_AND_STOP: False, flag: tensor([0], dtype=torch.int32), speed: 4386.804
2 Overflow !!
2 : update_scale(): _has_overflow, dynamic. _loss_scale =  65536.0
Finished iteration 15, CKPT_AND_STOP: False, flag: tensor([0], dtype=torch.int32), speed: 4371.165
2 Overflow !!
2 : update_scale(): _has_overflow, dynamic. _loss_scale =  32768.0
Finished iteration 16, CKPT_AND_STOP: False, flag: tensor([0], dtype=torch.int32), speed: 4349.902
2 Overflow !!
2 : update_scale(): _has_overflow, dynamic. _loss_scale =  16384.0
Finished iteration 17, CKPT_AND_STOP: False, flag: tensor([0], dtype=torch.int32), speed: 4454.798
2 Overflow !!
2 : update_scale(): _has_overflow, dynamic. _loss_scale =  8192.0
Finished iteration 18, CKPT_AND_STOP: False, flag: tensor([0], dtype=torch.int32), speed: 4450.112
2 Overflow !!
2 : update_scale(): _has_overflow, dynamic. _loss_scale =  4096.0
Finished iteration 19, CKPT_AND_STOP: False, flag: tensor([0], dtype=torch.int32), speed: 4551.894
2 Overflow !!
2 : update_scale(): _has_overflow, dynamic. _loss_scale =  2048.0
Finished iteration 20, CKPT_AND_STOP: False, flag: tensor([2], dtype=torch.int32), speed: 4278.649
2022-11-23 14:17:30.267420 Begin to save checkpont to s3://spot-checkpoints/bert and exit
Signal handler called with signal 10


 STOPPING VARUNA !!



Rank 2 signal handler called with signal 10
Opt ckpt time 3.9768900871276855
Process done with return code 0
Parent process ID: 27764 node: 172.31.27.216
2 per stage
16 servers!
Config:
ranks: range(2, 3)
train batch size: 1024
partitions: 8
chunk_size: 8
data depth: 2
stage to rank map: 0,8;1,9;2,10;3,11;4,12;5,13;6,14;7,15;
World size is 16
/opt/conda/envs/varuna/bin/python -u /home/ubuntu/varuna_examples/DeepLearningExamples/PyTorch/LanguageModeling/BERT/run_pretraining.py --rank=2 --chunk_size=8 --local_rank=0 --stage_to_rank_map=0,8;1,9;2,10;3,11;4,12;5,13;6,14;7,15; --batch-size=512 --input_dir=/hdf5_lower_case_1_seq_len_128_max_pred_20_masked_lm_prob_0.15_random_seed_12345_dupe_factor_5/wikicorpus_en/ --output_dir=s3://spot-checkpoints/bert --config_file=bert_config.json --bert_model=bert-large-uncased --train_batch_size=1024 --max_seq_length=128 --max_predictions_per_seq=20 --max_steps=7038 --warmup_proportion=0.2843 --num_steps_per_checkpoint=200 --learning_rate=6e-3 --seed=12439 --fp16 --gradient_accumulation_steps=128 --allreduce_post_accumulation --allreduce_post_accumulation_fp16 --do_train --json-summary /home/ubuntu/varuna_examples/DeepLearningExamples/PyTorch/LanguageModeling/BERT/results/dllogger.json --varuna --resume_step 21
device: cuda:0 n_gpu: 1, distributed training: True, 16-bits training: True
dry run time 0.15280961990356445
SHARED WEIGHTS ARE
[(0, 7)]
this rank  2 is part of pipeline replica  0
64 chunks
Begin to load checkpint from s3://spot-checkpoints/bert/ckpt_21.pt
2022-11-23 14:17:58.936376 resume step from  21
2022-11-23 14:18:06.034210 - Finished loading checkpoint, takes 7086.337 secs
2 Overflow !!
2 : update_scale(): _has_overflow, dynamic. _loss_scale =  524288.0
Finished iteration 21, CKPT_AND_STOP: False, flag: tensor([0], dtype=torch.int32), speed: 15471.998
2 Overflow !!
2 : update_scale(): _has_overflow, dynamic. _loss_scale =  262144.0
Finished iteration 22, CKPT_AND_STOP: False, flag: tensor([0], dtype=torch.int32), speed: 5301.081
2 Overflow !!
2 : update_scale(): _has_overflow, dynamic. _loss_scale =  131072.0
Finished iteration 23, CKPT_AND_STOP: False, flag: tensor([0], dtype=torch.int32), speed: 5354.522
2 Overflow !!
2 : update_scale(): _has_overflow, dynamic. _loss_scale =  65536.0
Finished iteration 24, CKPT_AND_STOP: False, flag: tensor([0], dtype=torch.int32), speed: 5331.488
2 Overflow !!
2 : update_scale(): _has_overflow, dynamic. _loss_scale =  32768.0
Finished iteration 25, CKPT_AND_STOP: False, flag: tensor([0], dtype=torch.int32), speed: 5369.755
2 Overflow !!
2 : update_scale(): _has_overflow, dynamic. _loss_scale =  16384.0
Finished iteration 26, CKPT_AND_STOP: False, flag: tensor([0], dtype=torch.int32), speed: 4188.085
2 Overflow !!
2 : update_scale(): _has_overflow, dynamic. _loss_scale =  8192.0
Finished iteration 27, CKPT_AND_STOP: False, flag: tensor([0], dtype=torch.int32), speed: 4146.488
2 Overflow !!
2 : update_scale(): _has_overflow, dynamic. _loss_scale =  4096.0
Finished iteration 28, CKPT_AND_STOP: False, flag: tensor([0], dtype=torch.int32), speed: 4279.902
2 Overflow !!
2 : update_scale(): _has_overflow, dynamic. _loss_scale =  2048.0
Finished iteration 29, CKPT_AND_STOP: False, flag: tensor([0], dtype=torch.int32), speed: 4187.671
2 Overflow !!
2 : update_scale(): _has_overflow, dynamic. _loss_scale =  1024.0
Finished iteration 30, CKPT_AND_STOP: False, flag: tensor([0], dtype=torch.int32), speed: 4301.176
2 Overflow !!
2 : update_scale(): _has_overflow, dynamic. _loss_scale =  512.0
Finished iteration 31, CKPT_AND_STOP: False, flag: tensor([0], dtype=torch.int32), speed: 4234.122
2 Overflow !!
2 : update_scale(): _has_overflow, dynamic. _loss_scale =  256.0
Finished iteration 32, CKPT_AND_STOP: False, flag: tensor([0], dtype=torch.int32), speed: 4227.230
2 Overflow !!
2 : update_scale(): _has_overflow, dynamic. _loss_scale =  128.0
Finished iteration 33, CKPT_AND_STOP: False, flag: tensor([0], dtype=torch.int32), speed: 4172.287
2 Overflow !!
2 : update_scale(): _has_overflow, dynamic. _loss_scale =  64.0
Finished iteration 34, CKPT_AND_STOP: False, flag: tensor([0], dtype=torch.int32), speed: 4229.858
2 Overflow !!
2 : update_scale(): _has_overflow, dynamic. _loss_scale =  32.0
Finished iteration 35, CKPT_AND_STOP: False, flag: tensor([0], dtype=torch.int32), speed: 4179.980
2 Overflow !!
2 : update_scale(): _has_overflow, dynamic. _loss_scale =  16.0
Finished iteration 36, CKPT_AND_STOP: False, flag: tensor([0], dtype=torch.int32), speed: 4187.388
2 Overflow !!
2 : update_scale(): _has_overflow, dynamic. _loss_scale =  8.0
Finished iteration 37, CKPT_AND_STOP: False, flag: tensor([0], dtype=torch.int32), speed: 4278.358
2 Overflow !!
2 : update_scale(): _has_overflow, dynamic. _loss_scale =  4.0
Finished iteration 38, CKPT_AND_STOP: False, flag: tensor([0], dtype=torch.int32), speed: 4217.564
2 Overflow !!
2 : update_scale(): _has_overflow, dynamic. _loss_scale =  2.0
Finished iteration 39, CKPT_AND_STOP: False, flag: tensor([0], dtype=torch.int32), speed: 4309.261
2 Overflow !!
2 : update_scale(): _has_overflow, dynamic. _loss_scale =  1.0
Finished iteration 40, CKPT_AND_STOP: False, flag: tensor([0], dtype=torch.int32), speed: 4223.587
2 Overflow !!
2 : update_scale(): _has_overflow, dynamic. _loss_scale =  1.0
Finished iteration 41, CKPT_AND_STOP: False, flag: tensor([0], dtype=torch.int32), speed: 4678.087
2 Overflow !!
2 : update_scale(): _has_overflow, dynamic. _loss_scale =  1.0
Finished iteration 42, CKPT_AND_STOP: False, flag: tensor([0], dtype=torch.int32), speed: 4303.811
2 Overflow !!
2 : update_scale(): _has_overflow, dynamic. _loss_scale =  1.0
Finished iteration 43, CKPT_AND_STOP: False, flag: tensor([0], dtype=torch.int32), speed: 4141.483
Signal handler called with signal 10


 STOPPING VARUNA !!



Rank 2 signal handler called with signal 10
2 Overflow !!
2 : update_scale(): _has_overflow, dynamic. _loss_scale =  1.0
Finished iteration 44, CKPT_AND_STOP: True, flag: tensor([5], dtype=torch.int32), speed: 4160.342
2022-11-23 14:20:03.560417 Begin to save checkpont to s3://spot-checkpoints/bert and exit
Opt ckpt time 5.0873823165893555
Process done with return code 0
Parent process ID: 28356 node: 172.31.27.216
1 per stage
8 servers!
Config:
ranks: range(2, 3)
train batch size: 1024
partitions: 8
chunk_size: 8
data depth: 1
stage to rank map: 0;1;2;3;4;5;6;7;
World size is 8
/opt/conda/envs/varuna/bin/python -u /home/ubuntu/varuna_examples/DeepLearningExamples/PyTorch/LanguageModeling/BERT/run_pretraining.py --rank=2 --chunk_size=8 --local_rank=0 --stage_to_rank_map=0;1;2;3;4;5;6;7; --batch-size=1024 --input_dir=/hdf5_lower_case_1_seq_len_128_max_pred_20_masked_lm_prob_0.15_random_seed_12345_dupe_factor_5/wikicorpus_en/ --output_dir=s3://spot-checkpoints/bert --config_file=bert_config.json --bert_model=bert-large-uncased --train_batch_size=1024 --max_seq_length=128 --max_predictions_per_seq=20 --max_steps=7038 --warmup_proportion=0.2843 --num_steps_per_checkpoint=200 --learning_rate=6e-3 --seed=12439 --fp16 --gradient_accumulation_steps=128 --allreduce_post_accumulation --allreduce_post_accumulation_fp16 --do_train --json-summary /home/ubuntu/varuna_examples/DeepLearningExamples/PyTorch/LanguageModeling/BERT/results/dllogger.json --varuna --resume_step 45
device: cuda:0 n_gpu: 1, distributed training: True, 16-bits training: True
dry run time 0.11712265014648438
SHARED WEIGHTS ARE
[(0, 7)]
this rank  2 is part of pipeline replica  0
128 chunks
Begin to load checkpint from s3://spot-checkpoints/bert/ckpt_45.pt
2022-11-23 14:20:31.642013 resume step from  45
2022-11-23 14:20:38.779919 - Finished loading checkpoint, takes 7126.611 secs
2 Overflow !!
2 : update_scale(): _has_overflow, dynamic. _loss_scale =  524288.0
Finished iteration 45, CKPT_AND_STOP: False, flag: tensor([0], dtype=torch.int32), speed: 21997.465
2 Overflow !!
2 : update_scale(): _has_overflow, dynamic. _loss_scale =  262144.0
Finished iteration 46, CKPT_AND_STOP: False, flag: tensor([0], dtype=torch.int32), speed: 7527.750
2 Overflow !!
2 : update_scale(): _has_overflow, dynamic. _loss_scale =  131072.0
Finished iteration 47, CKPT_AND_STOP: False, flag: tensor([0], dtype=torch.int32), speed: 7349.759
2 Overflow !!
2 : update_scale(): _has_overflow, dynamic. _loss_scale =  65536.0
Finished iteration 48, CKPT_AND_STOP: False, flag: tensor([0], dtype=torch.int32), speed: 7462.813
2 Overflow !!
2 : update_scale(): _has_overflow, dynamic. _loss_scale =  32768.0
Finished iteration 49, CKPT_AND_STOP: False, flag: tensor([0], dtype=torch.int32), speed: 7355.770
2 Overflow !!
2 : update_scale(): _has_overflow, dynamic. _loss_scale =  16384.0
Finished iteration 50, CKPT_AND_STOP: False, flag: tensor([0], dtype=torch.int32), speed: 7361.593
2 Overflow !!
2 : update_scale(): _has_overflow, dynamic. _loss_scale =  8192.0
Finished iteration 51, CKPT_AND_STOP: False, flag: tensor([0], dtype=torch.int32), speed: 7467.782
2 Overflow !!
2 : update_scale(): _has_overflow, dynamic. _loss_scale =  4096.0
Finished iteration 52, CKPT_AND_STOP: False, flag: tensor([0], dtype=torch.int32), speed: 7250.927
2 Overflow !!
2 : update_scale(): _has_overflow, dynamic. _loss_scale =  2048.0
Finished iteration 53, CKPT_AND_STOP: False, flag: tensor([0], dtype=torch.int32), speed: 7430.547
2 Overflow !!
2 : update_scale(): _has_overflow, dynamic. _loss_scale =  1024.0
Finished iteration 54, CKPT_AND_STOP: False, flag: tensor([0], dtype=torch.int32), speed: 7903.115
2 Overflow !!
2 : update_scale(): _has_overflow, dynamic. _loss_scale =  512.0
Finished iteration 55, CKPT_AND_STOP: False, flag: tensor([0], dtype=torch.int32), speed: 7439.113
2 Overflow !!
2 : update_scale(): _has_overflow, dynamic. _loss_scale =  256.0
Finished iteration 56, CKPT_AND_STOP: False, flag: tensor([0], dtype=torch.int32), speed: 7336.289
2 Overflow !!
2 : update_scale(): _has_overflow, dynamic. _loss_scale =  128.0
Finished iteration 57, CKPT_AND_STOP: False, flag: tensor([1], dtype=torch.int32), speed: 7358.784
2022-11-23 14:22:30.069719 Begin to save checkpont to s3://spot-checkpoints/bert and exit
Signal handler called with signal 10
Rank 2 signal handler called with signal 10


 STOPPING VARUNA !!



Opt ckpt time 5.214008569717407
Process done with return code 0
Parent process ID: 28888 node: 172.31.27.216
1 per stage
8 servers!
Config:
ranks: range(2, 3)
train batch size: 1024
partitions: 8
chunk_size: 8
data depth: 1
stage to rank map: 0;1;2;3;4;5;6;7;
World size is 8
/opt/conda/envs/varuna/bin/python -u /home/ubuntu/varuna_examples/DeepLearningExamples/PyTorch/LanguageModeling/BERT/run_pretraining.py --rank=2 --chunk_size=8 --local_rank=0 --stage_to_rank_map=0;1;2;3;4;5;6;7; --batch-size=1024 --input_dir=/hdf5_lower_case_1_seq_len_128_max_pred_20_masked_lm_prob_0.15_random_seed_12345_dupe_factor_5/wikicorpus_en/ --output_dir=s3://spot-checkpoints/bert --config_file=bert_config.json --bert_model=bert-large-uncased --train_batch_size=1024 --max_seq_length=128 --max_predictions_per_seq=20 --max_steps=7038 --warmup_proportion=0.2843 --num_steps_per_checkpoint=200 --learning_rate=6e-3 --seed=12439 --fp16 --gradient_accumulation_steps=128 --allreduce_post_accumulation --allreduce_post_accumulation_fp16 --do_train --json-summary /home/ubuntu/varuna_examples/DeepLearningExamples/PyTorch/LanguageModeling/BERT/results/dllogger.json --varuna --resume_step 58
device: cuda:0 n_gpu: 1, distributed training: True, 16-bits training: True
dry run time 0.11181855201721191
SHARED WEIGHTS ARE
[(0, 7)]
this rank  2 is part of pipeline replica  0
128 chunks
Begin to load checkpint from s3://spot-checkpoints/bert/ckpt_58.pt
2022-11-23 14:22:58.765753 resume step from  58
2022-11-23 14:23:04.656077 - Finished loading checkpoint, takes 5878.949 secs
2 Overflow !!
2 : update_scale(): _has_overflow, dynamic. _loss_scale =  524288.0
Finished iteration 58, CKPT_AND_STOP: False, flag: tensor([0], dtype=torch.int32), speed: 18457.297
2 Overflow !!
2 : update_scale(): _has_overflow, dynamic. _loss_scale =  262144.0
Finished iteration 59, CKPT_AND_STOP: False, flag: tensor([0], dtype=torch.int32), speed: 7498.093
2 Overflow !!
2 : update_scale(): _has_overflow, dynamic. _loss_scale =  131072.0
Finished iteration 60, CKPT_AND_STOP: False, flag: tensor([0], dtype=torch.int32), speed: 7444.625
2 Overflow !!
2 : update_scale(): _has_overflow, dynamic. _loss_scale =  65536.0
Finished iteration 61, CKPT_AND_STOP: False, flag: tensor([0], dtype=torch.int32), speed: 7447.801
2 Overflow !!
2 : update_scale(): _has_overflow, dynamic. _loss_scale =  32768.0
Finished iteration 62, CKPT_AND_STOP: False, flag: tensor([0], dtype=torch.int32), speed: 7585.431
