Parent process ID: 8335 node: 172.31.30.89
24 cutpoints
Stages 1
13 20868437708.800007
7 13915698585.599995
10 17153729331.199993
8 14622140211.200005
9 15846820659.199995
Predicted microbatch size for 1: 8
comm size 0
GPUS_PER_VM=1 /home/ubuntu/varuna/tools/simulator/simulate-varuna 1 4 0 3150942.3828125 0
End of simulation:  Mini-batch time (usec) = 4450032
Min send: 10000000, max send 0
Min long send: 10000000, max long send 0
Min fwd: 10000000, max fwd 0; min bwd 10000000, max bwd 0
Min long fwd: 127414, max long fwd 129698; min long bwd 194806, max long bwd 199310
Time taken by simulation: 44 microseconds

Stages 2
13 10987980083.2
19 14996390399.999996
22 16963644723.199997
20 15631126630.400002
Predicted microbatch size for 2: 19
comm size 9961472
WARNING: no send time found, 2 partitions
GPUS_PER_VM=1 /home/ubuntu/varuna/tools/simulator/simulate-varuna 2 4 0 673273.3154296875 542254.6839368516
End of simulation:  Mini-batch time (usec) = 3366713
Min send: 10000000, max send 0
Min long send: 542586, max long send 555338
Min fwd: 107744, max fwd 113936; min bwd 155753, max bwd 158782
Min long fwd: 131842, max long fwd 138676; min long bwd 169332, max long bwd 173300
Time taken by simulation: 97 microseconds

Stages 3
13 7832942284.800001
19 10697074380.8
22 12097432473.599998
23 12575272243.2
24 13035207577.6
Predicted microbatch size for 3: 24
comm size 12582912
WARNING: no send time found, 3 partitions
GPUS_PER_VM=1 /home/ubuntu/varuna/tools/simulator/simulate-varuna 3 5 0 448996.58203125 663682.2411979454
End of simulation:  Mini-batch time (usec) = 4994037
Min send: 10000000, max send 0
Min long send: 664014, max long send 679713
Min fwd: 72258, max fwd 88035; min bwd 119079, max bwd 130804
Min long fwd: 107414, max long fwd 112703; min long bwd 150032, max long bwd 153679
Time taken by simulation: 172 microseconds

Stages 4
13 6255423385.6
19 8547416371.2
22 9664326348.8
23 10045446451.2
24 10412856422.4
Predicted microbatch size for 4: 24
comm size 12582912
WARNING: no send time found, 4 partitions
GPUS_PER_VM=1 /home/ubuntu/varuna/tools/simulator/simulate-varuna 4 6 0 375752.13623046875 663682.2411979454
End of simulation:  Mini-batch time (usec) = 6314108
Min send: 10000000, max send 0
Min long send: 663764, max long send 688387
Min fwd: 53924, max fwd 66948; min bwd 83975, max bwd 98046
Min long fwd: 84759, max long fwd 91250; min long bwd 120659, max long bwd 125455
Time taken by simulation: 275 microseconds

Stages 6
13 4698582732.8
19 6397758361.599999
22 7231220224.0
23 7515620659.2
24 7790505267.2
Predicted microbatch size for 6: 24
comm size 12582912
WARNING: no send time found, 6 partitions
GPUS_PER_VM=1 /home/ubuntu/varuna/tools/simulator/simulate-varuna 6 9 0 241996.6583251953 663682.2411979454
End of simulation:  Mini-batch time (usec) = 9164548
Min send: 10000000, max send 0
Min long send: 663736, max long send 687371
Min fwd: 33746, max fwd 47347; min bwd 54554, max bwd 72477
Min long fwd: 65864, max long fwd 73316; min long bwd 84274, max long bwd 89413
Time taken by simulation: 665 microseconds

Stages 8
13 3930501529.6000004
19 5322929356.799999
22 6014667161.6
23 6250707763.2
24 6479329689.6
Predicted microbatch size for 8: 24
comm size 12582912
WARNING: no send time found, 8 partitions
GPUS_PER_VM=1 /home/ubuntu/varuna/tools/simulator/simulate-varuna 8 11 0 214379.08935546875 663682.2411979454
End of simulation:  Mini-batch time (usec) = 12421079
Min send: 10000000, max send 0
Min long send: 663682, max long send 689782
Min fwd: 22992, max fwd 37161; min bwd 37517, max bwd 55449
Min long fwd: 51419, max long fwd 57045; min long bwd 68935, max long bwd 77274
Time taken by simulation: 1033 microseconds

Stages 12
13 3141742080.0
19 4248100352.0
22 4798114099.200001
23 4985794867.2
24 5168154112.0
Predicted microbatch size for 12: 24
comm size 12582912
WARNING: no send time found, 12 partitions
GPUS_PER_VM=1 /home/ubuntu/varuna/tools/simulator/simulate-varuna 12 22 0 97192.52014160156 663682.2411979454
End of simulation:  Mini-batch time (usec) = 21189724
Min send: 10000000, max send 0
Min long send: 663682, max long send 690844
Min fwd: 10724, max fwd 28920; min bwd 23319, max bwd 41964
Min long fwd: 40826, max long fwd 50474; min long bwd 49192, max long bwd 58811
Time taken by simulation: 3405 microseconds

{1: 4.450032, 2: 3.366713, 3: 4.994037, 4: 6.314108, 6: 9.164548, 8: 12.421079, 12: 21.189724}
{1: 8, 2: 19, 3: 24, 4: 24, 6: 24, 8: 24, 12: 24}
best config is: 2 19
expected time is 3.366713
16 per stage
32 servers!
Config:
ranks: range(29, 30)
train batch size: 1024
partitions: 2
chunk_size: 19
data depth: 16
stage to rank map: 0,2,4,6,8,10,12,14,16,18,20,22,24,26,28,30;1,3,5,7,9,11,13,15,17,19,21,23,25,27,29,31;
World size is 32
/opt/conda/envs/varuna/bin/python -u /home/ubuntu/varuna_examples/DeepLearningExamples/PyTorch/LanguageModeling/BERT/run_pretraining.py --rank=29 --chunk_size=19 --local_rank=0 --stage_to_rank_map=0,2,4,6,8,10,12,14,16,18,20,22,24,26,28,30;1,3,5,7,9,11,13,15,17,19,21,23,25,27,29,31; --batch-size=64 --input_dir=/hdf5_lower_case_1_seq_len_128_max_pred_20_masked_lm_prob_0.15_random_seed_12345_dupe_factor_5/wikicorpus_en/ --output_dir=s3://spot-checkpoints/bert --config_file=bert_config.json --bert_model=bert-large-uncased --train_batch_size=1024 --max_seq_length=128 --max_predictions_per_seq=20 --max_steps=7038 --warmup_proportion=0.2843 --num_steps_per_checkpoint=200 --learning_rate=6e-3 --seed=12439 --fp16 --gradient_accumulation_steps=128 --allreduce_post_accumulation --allreduce_post_accumulation_fp16 --do_train --json-summary /home/ubuntu/varuna_examples/DeepLearningExamples/PyTorch/LanguageModeling/BERT/results/dllogger.json --varuna --resume_step 144
device: cuda:0 n_gpu: 1, distributed training: True, 16-bits training: True
dry run time 0.13501596450805664
SHARED WEIGHTS ARE
[(0, 1)]
this rank  29 is part of pipeline replica  14
4 chunks
Begin to load checkpint from s3://spot-checkpoints/bert/ckpt_144.pt
2022-11-24 14:00:52.818468 resume step from  144
2022-11-24 14:01:51.731660 - Finished loading checkpoint, takes 58.739 secs
29 Overflow !!
29 : update_scale(): _has_overflow, dynamic. _loss_scale =  524288.0
[2022-11-24 14:02:26.490046] Finished iteration 144, CKPT_AND_STOP: False, flag: tensor([0], dtype=torch.int32), speed: 5710.821
29 Overflow !!
29 : update_scale(): _has_overflow, dynamic. _loss_scale =  262144.0
[2022-11-24 14:02:29.716979] Finished iteration 145, CKPT_AND_STOP: False, flag: tensor([0], dtype=torch.int32), speed: 3226.671
29 Overflow !!
29 : update_scale(): _has_overflow, dynamic. _loss_scale =  131072.0
[2022-11-24 14:02:32.849760] Finished iteration 146, CKPT_AND_STOP: False, flag: tensor([0], dtype=torch.int32), speed: 3132.761
29 Overflow !!
29 : update_scale(): _has_overflow, dynamic. _loss_scale =  65536.0
[2022-11-24 14:02:35.992314] Finished iteration 147, CKPT_AND_STOP: False, flag: tensor([0], dtype=torch.int32), speed: 3142.486
29 Overflow !!
29 : update_scale(): _has_overflow, dynamic. _loss_scale =  32768.0
[2022-11-24 14:02:39.102050] Finished iteration 148, CKPT_AND_STOP: False, flag: tensor([0], dtype=torch.int32), speed: 3109.696
29 Overflow !!
29 : update_scale(): _has_overflow, dynamic. _loss_scale =  16384.0
[2022-11-24 14:02:41.201386] Finished iteration 149, CKPT_AND_STOP: False, flag: tensor([0], dtype=torch.int32), speed: 2099.267
29 Overflow !!
29 : update_scale(): _has_overflow, dynamic. _loss_scale =  8192.0
[2022-11-24 14:02:43.336948] Finished iteration 150, CKPT_AND_STOP: False, flag: tensor([0], dtype=torch.int32), speed: 2135.500
29 Overflow !!
29 : update_scale(): _has_overflow, dynamic. _loss_scale =  4096.0
[2022-11-24 14:02:45.389894] Finished iteration 151, CKPT_AND_STOP: False, flag: tensor([0], dtype=torch.int32), speed: 2052.919
29 Overflow !!
29 : update_scale(): _has_overflow, dynamic. _loss_scale =  2048.0
[2022-11-24 14:02:47.491381] Finished iteration 152, CKPT_AND_STOP: False, flag: tensor([0], dtype=torch.int32), speed: 2101.477
29 Overflow !!
29 : update_scale(): _has_overflow, dynamic. _loss_scale =  1024.0
[2022-11-24 14:02:49.609016] Finished iteration 153, CKPT_AND_STOP: False, flag: tensor([0], dtype=torch.int32), speed: 2117.581
29 Overflow !!
29 : update_scale(): _has_overflow, dynamic. _loss_scale =  512.0
[2022-11-24 14:02:51.708952] Finished iteration 154, CKPT_AND_STOP: False, flag: tensor([0], dtype=torch.int32), speed: 2099.905
29 Overflow !!
29 : update_scale(): _has_overflow, dynamic. _loss_scale =  256.0
[2022-11-24 14:02:53.786919] Finished iteration 155, CKPT_AND_STOP: False, flag: tensor([0], dtype=torch.int32), speed: 2077.933
29 Overflow !!
29 : update_scale(): _has_overflow, dynamic. _loss_scale =  128.0
[2022-11-24 14:02:55.939660] Finished iteration 156, CKPT_AND_STOP: False, flag: tensor([0], dtype=torch.int32), speed: 2152.714
29 Overflow !!
29 : update_scale(): _has_overflow, dynamic. _loss_scale =  64.0
[2022-11-24 14:02:58.044751] Finished iteration 157, CKPT_AND_STOP: False, flag: tensor([0], dtype=torch.int32), speed: 2105.065
29 Overflow !!
29 : update_scale(): _has_overflow, dynamic. _loss_scale =  32.0
[2022-11-24 14:03:00.148944] Finished iteration 158, CKPT_AND_STOP: False, flag: tensor([0], dtype=torch.int32), speed: 2104.203
29 Overflow !!
29 : update_scale(): _has_overflow, dynamic. _loss_scale =  16.0
[2022-11-24 14:03:02.263243] Finished iteration 159, CKPT_AND_STOP: False, flag: tensor([0], dtype=torch.int32), speed: 2114.240
29 Overflow !!
29 : update_scale(): _has_overflow, dynamic. _loss_scale =  8.0
[2022-11-24 14:03:04.355431] Finished iteration 160, CKPT_AND_STOP: False, flag: tensor([0], dtype=torch.int32), speed: 2092.177
29 Overflow !!
29 : update_scale(): _has_overflow, dynamic. _loss_scale =  4.0
[2022-11-24 14:03:06.508653] Finished iteration 161, CKPT_AND_STOP: False, flag: tensor([0], dtype=torch.int32), speed: 2153.205
29 Overflow !!
29 : update_scale(): _has_overflow, dynamic. _loss_scale =  2.0
[2022-11-24 14:03:08.602704] Finished iteration 162, CKPT_AND_STOP: False, flag: tensor([0], dtype=torch.int32), speed: 2093.973
29 Overflow !!
29 : update_scale(): _has_overflow, dynamic. _loss_scale =  1.0
[2022-11-24 14:03:11.888922] Finished iteration 163, CKPT_AND_STOP: False, flag: tensor([0], dtype=torch.int32), speed: 3286.188
29 Overflow !!
29 : update_scale(): _has_overflow, dynamic. _loss_scale =  1.0
[2022-11-24 14:03:14.007025] Finished iteration 164, CKPT_AND_STOP: False, flag: tensor([0], dtype=torch.int32), speed: 2118.073
29 Overflow !!
29 : update_scale(): _has_overflow, dynamic. _loss_scale =  1.0
[2022-11-24 14:03:16.135117] Finished iteration 165, CKPT_AND_STOP: False, flag: tensor([0], dtype=torch.int32), speed: 2128.053
29 Overflow !!
29 : update_scale(): _has_overflow, dynamic. _loss_scale =  1.0
[2022-11-24 14:03:18.235773] Finished iteration 166, CKPT_AND_STOP: False, flag: tensor([0], dtype=torch.int32), speed: 2100.632
29 Overflow !!
29 : update_scale(): _has_overflow, dynamic. _loss_scale =  1.0
[2022-11-24 14:03:20.377293] Finished iteration 167, CKPT_AND_STOP: False, flag: tensor([0], dtype=torch.int32), speed: 2141.493
29 Overflow !!
29 : update_scale(): _has_overflow, dynamic. _loss_scale =  1.0
[2022-11-24 14:03:22.444933] Finished iteration 168, CKPT_AND_STOP: False, flag: tensor([0], dtype=torch.int32), speed: 2067.652
29 Overflow !!
29 : update_scale(): _has_overflow, dynamic. _loss_scale =  1.0
[2022-11-24 14:03:24.590942] Finished iteration 169, CKPT_AND_STOP: False, flag: tensor([0], dtype=torch.int32), speed: 2145.931
29 Overflow !!
29 : update_scale(): _has_overflow, dynamic. _loss_scale =  1.0
[2022-11-24 14:03:26.737251] Finished iteration 170, CKPT_AND_STOP: False, flag: tensor([0], dtype=torch.int32), speed: 2146.271
29 Overflow !!
29 : update_scale(): _has_overflow, dynamic. _loss_scale =  1.0
[2022-11-24 14:03:28.898905] Finished iteration 171, CKPT_AND_STOP: False, flag: tensor([0], dtype=torch.int32), speed: 2161.622
29 Overflow !!
29 : update_scale(): _has_overflow, dynamic. _loss_scale =  1.0
[2022-11-24 14:03:31.041523] Finished iteration 172, CKPT_AND_STOP: False, flag: tensor([0], dtype=torch.int32), speed: 2142.610
29 Overflow !!
29 : update_scale(): _has_overflow, dynamic. _loss_scale =  1.0
[2022-11-24 14:03:33.202316] Finished iteration 173, CKPT_AND_STOP: False, flag: tensor([0], dtype=torch.int32), speed: 2160.745
29 Overflow !!
29 : update_scale(): _has_overflow, dynamic. _loss_scale =  1.0
[2022-11-24 14:03:35.286836] Finished iteration 174, CKPT_AND_STOP: False, flag: tensor([0], dtype=torch.int32), speed: 2084.486
29 Overflow !!
29 : update_scale(): _has_overflow, dynamic. _loss_scale =  1.0
[2022-11-24 14:03:37.402308] Finished iteration 175, CKPT_AND_STOP: False, flag: tensor([0], dtype=torch.int32), speed: 2115.441
29 Overflow !!
29 : update_scale(): _has_overflow, dynamic. _loss_scale =  1.0
[2022-11-24 14:03:39.479068] Finished iteration 176, CKPT_AND_STOP: False, flag: tensor([0], dtype=torch.int32), speed: 2076.707
29 Overflow !!
29 : update_scale(): _has_overflow, dynamic. _loss_scale =  1.0
[2022-11-24 14:03:41.593117] Finished iteration 177, CKPT_AND_STOP: False, flag: tensor([0], dtype=torch.int32), speed: 2114.018
29 Overflow !!
29 : update_scale(): _has_overflow, dynamic. _loss_scale =  1.0
[2022-11-24 14:03:43.755309] Finished iteration 178, CKPT_AND_STOP: False, flag: tensor([0], dtype=torch.int32), speed: 2162.153
29 Overflow !!
29 : update_scale(): _has_overflow, dynamic. _loss_scale =  1.0
[2022-11-24 14:03:45.955107] Finished iteration 179, CKPT_AND_STOP: False, flag: tensor([0], dtype=torch.int32), speed: 2199.773
29 Overflow !!
29 : update_scale(): _has_overflow, dynamic. _loss_scale =  1.0
[2022-11-24 14:03:48.050595] Finished iteration 180, CKPT_AND_STOP: False, flag: tensor([0], dtype=torch.int32), speed: 2095.480
29 Overflow !!
29 : update_scale(): _has_overflow, dynamic. _loss_scale =  1.0
[2022-11-24 14:03:50.180763] Finished iteration 181, CKPT_AND_STOP: False, flag: tensor([0], dtype=torch.int32), speed: 2130.096
29 Overflow !!
29 : update_scale(): _has_overflow, dynamic. _loss_scale =  1.0
[2022-11-24 14:03:52.295401] Finished iteration 182, CKPT_AND_STOP: False, flag: tensor([0], dtype=torch.int32), speed: 2114.619
29 Overflow !!
29 : update_scale(): _has_overflow, dynamic. _loss_scale =  1.0
[2022-11-24 14:03:54.411316] Finished iteration 183, CKPT_AND_STOP: False, flag: tensor([0], dtype=torch.int32), speed: 2115.871
29 Overflow !!
29 : update_scale(): _has_overflow, dynamic. _loss_scale =  1.0
[2022-11-24 14:03:56.556847] Finished iteration 184, CKPT_AND_STOP: False, flag: tensor([0], dtype=torch.int32), speed: 2145.497
29 Overflow !!
29 : update_scale(): _has_overflow, dynamic. _loss_scale =  1.0
[2022-11-24 14:03:58.643771] Finished iteration 185, CKPT_AND_STOP: False, flag: tensor([0], dtype=torch.int32), speed: 2086.901
29 Overflow !!
29 : update_scale(): _has_overflow, dynamic. _loss_scale =  1.0
[2022-11-24 14:04:00.755834] Finished iteration 186, CKPT_AND_STOP: False, flag: tensor([0], dtype=torch.int32), speed: 2112.033
29 Overflow !!
29 : update_scale(): _has_overflow, dynamic. _loss_scale =  1.0
[2022-11-24 14:04:02.904199] Finished iteration 187, CKPT_AND_STOP: False, flag: tensor([0], dtype=torch.int32), speed: 2148.328
29 Overflow !!
29 : update_scale(): _has_overflow, dynamic. _loss_scale =  1.0
[2022-11-24 14:04:04.988934] Finished iteration 188, CKPT_AND_STOP: False, flag: tensor([0], dtype=torch.int32), speed: 2084.716
29 Overflow !!
29 : update_scale(): _has_overflow, dynamic. _loss_scale =  1.0
[2022-11-24 14:04:07.124030] Finished iteration 189, CKPT_AND_STOP: False, flag: tensor([0], dtype=torch.int32), speed: 2135.054
29 Overflow !!
29 : update_scale(): _has_overflow, dynamic. _loss_scale =  1.0
[2022-11-24 14:04:09.251617] Finished iteration 190, CKPT_AND_STOP: False, flag: tensor([0], dtype=torch.int32), speed: 2127.567
29 Overflow !!
29 : update_scale(): _has_overflow, dynamic. _loss_scale =  1.0
[2022-11-24 14:04:11.353973] Finished iteration 191, CKPT_AND_STOP: False, flag: tensor([0], dtype=torch.int32), speed: 2102.354
29 Overflow !!
29 : update_scale(): _has_overflow, dynamic. _loss_scale =  1.0
[2022-11-24 14:04:13.487526] Finished iteration 192, CKPT_AND_STOP: False, flag: tensor([0], dtype=torch.int32), speed: 2133.473
29 Overflow !!
29 : update_scale(): _has_overflow, dynamic. _loss_scale =  1.0
[2022-11-24 14:04:15.598148] Finished iteration 193, CKPT_AND_STOP: False, flag: tensor([0], dtype=torch.int32), speed: 2110.592
29 Overflow !!
29 : update_scale(): _has_overflow, dynamic. _loss_scale =  1.0
[2022-11-24 14:04:17.698702] Finished iteration 194, CKPT_AND_STOP: False, flag: tensor([0], dtype=torch.int32), speed: 2100.525
29 Overflow !!
29 : update_scale(): _has_overflow, dynamic. _loss_scale =  1.0
[2022-11-24 14:04:19.827935] Finished iteration 195, CKPT_AND_STOP: False, flag: tensor([0], dtype=torch.int32), speed: 2129.194
29 Overflow !!
29 : update_scale(): _has_overflow, dynamic. _loss_scale =  1.0
[2022-11-24 14:04:21.956613] Finished iteration 196, CKPT_AND_STOP: False, flag: tensor([0], dtype=torch.int32), speed: 2128.645
29 Overflow !!
29 : update_scale(): _has_overflow, dynamic. _loss_scale =  1.0
[2022-11-24 14:04:24.113348] Finished iteration 197, CKPT_AND_STOP: False, flag: tensor([0], dtype=torch.int32), speed: 2156.720
29 Overflow !!
29 : update_scale(): _has_overflow, dynamic. _loss_scale =  1.0
[2022-11-24 14:04:26.181743] Finished iteration 198, CKPT_AND_STOP: False, flag: tensor([0], dtype=torch.int32), speed: 2068.347
29 Overflow !!
29 : update_scale(): _has_overflow, dynamic. _loss_scale =  1.0
[2022-11-24 14:04:28.231663] Finished iteration 199, CKPT_AND_STOP: False, flag: tensor([0], dtype=torch.int32), speed: 2049.908
29 Overflow !!
29 : update_scale(): _has_overflow, dynamic. _loss_scale =  1.0
[2022-11-24 14:04:30.357254] Finished iteration 200, CKPT_AND_STOP: False, flag: tensor([0], dtype=torch.int32), speed: 2125.553
29 Overflow !!
29 : update_scale(): _has_overflow, dynamic. _loss_scale =  1.0
[2022-11-24 14:04:32.472202] Finished iteration 201, CKPT_AND_STOP: False, flag: tensor([0], dtype=torch.int32), speed: 2114.924
29 Overflow !!
29 : update_scale(): _has_overflow, dynamic. _loss_scale =  1.0
[2022-11-24 14:04:34.592088] Finished iteration 202, CKPT_AND_STOP: False, flag: tensor([0], dtype=torch.int32), speed: 2119.851
29 Overflow !!
29 : update_scale(): _has_overflow, dynamic. _loss_scale =  1.0
[2022-11-24 14:04:36.706159] Finished iteration 203, CKPT_AND_STOP: False, flag: tensor([0], dtype=torch.int32), speed: 2114.018
29 Overflow !!
29 : update_scale(): _has_overflow, dynamic. _loss_scale =  1.0
[2022-11-24 14:04:38.818359] Finished iteration 204, CKPT_AND_STOP: False, flag: tensor([0], dtype=torch.int32), speed: 2112.181
29 Overflow !!
29 : update_scale(): _has_overflow, dynamic. _loss_scale =  1.0
[2022-11-24 14:04:41.276291] Finished iteration 205, CKPT_AND_STOP: False, flag: tensor([0], dtype=torch.int32), speed: 2457.876
29 Overflow !!
29 : update_scale(): _has_overflow, dynamic. _loss_scale =  1.0
[2022-11-24 14:04:43.729021] Finished iteration 206, CKPT_AND_STOP: False, flag: tensor([0], dtype=torch.int32), speed: 2452.729
29 Overflow !!
29 : update_scale(): _has_overflow, dynamic. _loss_scale =  1.0
[2022-11-24 14:04:45.869174] Finished iteration 207, CKPT_AND_STOP: False, flag: tensor([0], dtype=torch.int32), speed: 2140.112
29 Overflow !!
29 : update_scale(): _has_overflow, dynamic. _loss_scale =  1.0
[2022-11-24 14:04:49.107048] Finished iteration 208, CKPT_AND_STOP: False, flag: tensor([0], dtype=torch.int32), speed: 3237.863
29 Overflow !!
29 : update_scale(): _has_overflow, dynamic. _loss_scale =  1.0
[2022-11-24 14:04:51.567936] Finished iteration 209, CKPT_AND_STOP: False, flag: tensor([0], dtype=torch.int32), speed: 2460.829
29 Overflow !!
29 : update_scale(): _has_overflow, dynamic. _loss_scale =  1.0
[2022-11-24 14:04:53.753237] Finished iteration 210, CKPT_AND_STOP: False, flag: tensor([0], dtype=torch.int32), speed: 2185.302
29 Overflow !!
29 : update_scale(): _has_overflow, dynamic. _loss_scale =  1.0
[2022-11-24 14:04:55.855973] Finished iteration 211, CKPT_AND_STOP: False, flag: tensor([0], dtype=torch.int32), speed: 2102.691
29 Overflow !!
29 : update_scale(): _has_overflow, dynamic. _loss_scale =  1.0
[2022-11-24 14:04:57.915669] Finished iteration 212, CKPT_AND_STOP: False, flag: tensor([0], dtype=torch.int32), speed: 2059.638
29 Overflow !!
29 : update_scale(): _has_overflow, dynamic. _loss_scale =  1.0
[2022-11-24 14:05:00.059373] Finished iteration 213, CKPT_AND_STOP: False, flag: tensor([0], dtype=torch.int32), speed: 2143.676
29 Overflow !!
29 : update_scale(): _has_overflow, dynamic. _loss_scale =  1.0
[2022-11-24 14:05:02.199465] Finished iteration 214, CKPT_AND_STOP: False, flag: tensor([0], dtype=torch.int32), speed: 2140.049
29 Overflow !!
29 : update_scale(): _has_overflow, dynamic. _loss_scale =  1.0
[2022-11-24 14:05:04.276808] Finished iteration 215, CKPT_AND_STOP: False, flag: tensor([0], dtype=torch.int32), speed: 2077.300
29 Overflow !!
29 : update_scale(): _has_overflow, dynamic. _loss_scale =  1.0
[2022-11-24 14:05:06.411236] Finished iteration 216, CKPT_AND_STOP: False, flag: tensor([0], dtype=torch.int32), speed: 2134.392
29 Overflow !!
29 : update_scale(): _has_overflow, dynamic. _loss_scale =  1.0
[2022-11-24 14:05:08.543620] Finished iteration 217, CKPT_AND_STOP: False, flag: tensor([0], dtype=torch.int32), speed: 2132.344
29 Overflow !!
29 : update_scale(): _has_overflow, dynamic. _loss_scale =  1.0
[2022-11-24 14:05:10.632948] Finished iteration 218, CKPT_AND_STOP: False, flag: tensor([0], dtype=torch.int32), speed: 2089.293
29 Overflow !!
29 : update_scale(): _has_overflow, dynamic. _loss_scale =  1.0
[2022-11-24 14:05:12.761207] Finished iteration 219, CKPT_AND_STOP: False, flag: tensor([0], dtype=torch.int32), speed: 2128.230
29 Overflow !!
29 : update_scale(): _has_overflow, dynamic. _loss_scale =  1.0
[2022-11-24 14:05:14.889815] Finished iteration 220, CKPT_AND_STOP: False, flag: tensor([0], dtype=torch.int32), speed: 2128.576
29 Overflow !!
29 : update_scale(): _has_overflow, dynamic. _loss_scale =  1.0
[2022-11-24 14:05:16.966875] Finished iteration 221, CKPT_AND_STOP: False, flag: tensor([0], dtype=torch.int32), speed: 2077.032
29 Overflow !!
29 : update_scale(): _has_overflow, dynamic. _loss_scale =  1.0
[2022-11-24 14:05:19.084281] Finished iteration 222, CKPT_AND_STOP: False, flag: tensor([0], dtype=torch.int32), speed: 2117.373
29 Overflow !!
29 : update_scale(): _has_overflow, dynamic. _loss_scale =  1.0
[2022-11-24 14:05:21.198931] Finished iteration 223, CKPT_AND_STOP: False, flag: tensor([0], dtype=torch.int32), speed: 2114.625
29 Overflow !!
29 : update_scale(): _has_overflow, dynamic. _loss_scale =  1.0
[2022-11-24 14:05:23.322306] Finished iteration 224, CKPT_AND_STOP: False, flag: tensor([0], dtype=torch.int32), speed: 2123.343
29 Overflow !!
29 : update_scale(): _has_overflow, dynamic. _loss_scale =  1.0
[2022-11-24 14:05:25.455805] Finished iteration 225, CKPT_AND_STOP: False, flag: tensor([0], dtype=torch.int32), speed: 2133.461
29 Overflow !!
29 : update_scale(): _has_overflow, dynamic. _loss_scale =  1.0
[2022-11-24 14:05:27.575900] Finished iteration 226, CKPT_AND_STOP: False, flag: tensor([0], dtype=torch.int32), speed: 2120.065
29 Overflow !!
29 : update_scale(): _has_overflow, dynamic. _loss_scale =  1.0
[2022-11-24 14:05:29.673843] Finished iteration 227, CKPT_AND_STOP: False, flag: tensor([0], dtype=torch.int32), speed: 2097.914
29 Overflow !!
29 : update_scale(): _has_overflow, dynamic. _loss_scale =  1.0
[2022-11-24 14:05:31.832428] Finished iteration 228, CKPT_AND_STOP: False, flag: tensor([0], dtype=torch.int32), speed: 2158.555
29 Overflow !!
29 : update_scale(): _has_overflow, dynamic. _loss_scale =  1.0
[2022-11-24 14:05:33.997338] Finished iteration 229, CKPT_AND_STOP: False, flag: tensor([0], dtype=torch.int32), speed: 2164.880
29 Overflow !!
29 : update_scale(): _has_overflow, dynamic. _loss_scale =  1.0
[2022-11-24 14:05:36.151671] Finished iteration 230, CKPT_AND_STOP: False, flag: tensor([0], dtype=torch.int32), speed: 2154.304
29 Overflow !!
29 : update_scale(): _has_overflow, dynamic. _loss_scale =  1.0
[2022-11-24 14:05:38.253905] Finished iteration 231, CKPT_AND_STOP: False, flag: tensor([0], dtype=torch.int32), speed: 2102.189
29 Overflow !!
29 : update_scale(): _has_overflow, dynamic. _loss_scale =  1.0
[2022-11-24 14:05:40.369823] Finished iteration 232, CKPT_AND_STOP: False, flag: tensor([0], dtype=torch.int32), speed: 2115.894
29 Overflow !!
29 : update_scale(): _has_overflow, dynamic. _loss_scale =  1.0
[2022-11-24 14:05:42.484744] Finished iteration 233, CKPT_AND_STOP: False, flag: tensor([0], dtype=torch.int32), speed: 2114.877
29 Overflow !!
29 : update_scale(): _has_overflow, dynamic. _loss_scale =  1.0
[2022-11-24 14:05:44.597050] Finished iteration 234, CKPT_AND_STOP: False, flag: tensor([0], dtype=torch.int32), speed: 2112.295
29 Overflow !!
29 : update_scale(): _has_overflow, dynamic. _loss_scale =  1.0
[2022-11-24 14:05:46.746944] Finished iteration 235, CKPT_AND_STOP: False, flag: tensor([0], dtype=torch.int32), speed: 2149.829
29 Overflow !!
29 : update_scale(): _has_overflow, dynamic. _loss_scale =  1.0
[2022-11-24 14:05:48.841227] Finished iteration 236, CKPT_AND_STOP: False, flag: tensor([0], dtype=torch.int32), speed: 2094.255
29 Overflow !!
29 : update_scale(): _has_overflow, dynamic. _loss_scale =  1.0
[2022-11-24 14:05:50.953400] Finished iteration 237, CKPT_AND_STOP: False, flag: tensor([0], dtype=torch.int32), speed: 2112.170
29 Overflow !!
29 : update_scale(): _has_overflow, dynamic. _loss_scale =  1.0
[2022-11-24 14:05:53.032955] Finished iteration 238, CKPT_AND_STOP: False, flag: tensor([0], dtype=torch.int32), speed: 2079.484
29 Overflow !!
29 : update_scale(): _has_overflow, dynamic. _loss_scale =  1.0
[2022-11-24 14:05:55.132109] Finished iteration 239, CKPT_AND_STOP: False, flag: tensor([0], dtype=torch.int32), speed: 2099.146
29 Overflow !!
29 : update_scale(): _has_overflow, dynamic. _loss_scale =  1.0
[2022-11-24 14:05:57.224709] Finished iteration 240, CKPT_AND_STOP: False, flag: tensor([0], dtype=torch.int32), speed: 2092.557
29 Overflow !!
29 : update_scale(): _has_overflow, dynamic. _loss_scale =  1.0
[2022-11-24 14:06:00.134426] Finished iteration 241, CKPT_AND_STOP: False, flag: tensor([0], dtype=torch.int32), speed: 2909.724
29 Overflow !!
29 : update_scale(): _has_overflow, dynamic. _loss_scale =  1.0
[2022-11-24 14:06:02.247676] Finished iteration 242, CKPT_AND_STOP: False, flag: tensor([0], dtype=torch.int32), speed: 2113.196
29 Overflow !!
29 : update_scale(): _has_overflow, dynamic. _loss_scale =  1.0
[2022-11-24 14:06:04.373211] Finished iteration 243, CKPT_AND_STOP: False, flag: tensor([0], dtype=torch.int32), speed: 2125.488
29 Overflow !!
29 : update_scale(): _has_overflow, dynamic. _loss_scale =  1.0
[2022-11-24 14:06:06.469178] Finished iteration 244, CKPT_AND_STOP: False, flag: tensor([0], dtype=torch.int32), speed: 2095.946
29 Overflow !!
29 : update_scale(): _has_overflow, dynamic. _loss_scale =  1.0
[2022-11-24 14:06:08.570715] Finished iteration 245, CKPT_AND_STOP: False, flag: tensor([0], dtype=torch.int32), speed: 2101.530
29 Overflow !!
29 : update_scale(): _has_overflow, dynamic. _loss_scale =  1.0
[2022-11-24 14:06:10.730753] Finished iteration 246, CKPT_AND_STOP: False, flag: tensor([0], dtype=torch.int32), speed: 2159.977
29 Overflow !!
29 : update_scale(): _has_overflow, dynamic. _loss_scale =  1.0
[2022-11-24 14:06:12.786801] Finished iteration 247, CKPT_AND_STOP: False, flag: tensor([0], dtype=torch.int32), speed: 2056.015
29 Overflow !!
29 : update_scale(): _has_overflow, dynamic. _loss_scale =  1.0
[2022-11-24 14:06:14.890335] Finished iteration 248, CKPT_AND_STOP: False, flag: tensor([0], dtype=torch.int32), speed: 2103.517
29 Overflow !!
29 : update_scale(): _has_overflow, dynamic. _loss_scale =  1.0
[2022-11-24 14:06:17.012580] Finished iteration 249, CKPT_AND_STOP: False, flag: tensor([0], dtype=torch.int32), speed: 2122.209
29 Overflow !!
29 : update_scale(): _has_overflow, dynamic. _loss_scale =  1.0
[2022-11-24 14:06:19.118792] Finished iteration 250, CKPT_AND_STOP: False, flag: tensor([0], dtype=torch.int32), speed: 2106.187
29 Overflow !!
29 : update_scale(): _has_overflow, dynamic. _loss_scale =  1.0
[2022-11-24 14:06:21.218775] Finished iteration 251, CKPT_AND_STOP: False, flag: tensor([0], dtype=torch.int32), speed: 2099.932
29 Overflow !!
29 : update_scale(): _has_overflow, dynamic. _loss_scale =  1.0
[2022-11-24 14:06:23.339999] Finished iteration 252, CKPT_AND_STOP: False, flag: tensor([0], dtype=torch.int32), speed: 2121.210
29 Overflow !!
29 : update_scale(): _has_overflow, dynamic. _loss_scale =  1.0
[2022-11-24 14:06:25.428294] Finished iteration 253, CKPT_AND_STOP: False, flag: tensor([0], dtype=torch.int32), speed: 2088.306
29 Overflow !!
29 : update_scale(): _has_overflow, dynamic. _loss_scale =  1.0
[2022-11-24 14:06:27.535171] Finished iteration 254, CKPT_AND_STOP: False, flag: tensor([0], dtype=torch.int32), speed: 2106.787
29 Overflow !!
29 : update_scale(): _has_overflow, dynamic. _loss_scale =  1.0
[2022-11-24 14:06:29.639946] Finished iteration 255, CKPT_AND_STOP: False, flag: tensor([0], dtype=torch.int32), speed: 2104.773
29 Overflow !!
29 : update_scale(): _has_overflow, dynamic. _loss_scale =  1.0
[2022-11-24 14:06:31.760776] Finished iteration 256, CKPT_AND_STOP: False, flag: tensor([0], dtype=torch.int32), speed: 2120.819
29 Overflow !!
29 : update_scale(): _has_overflow, dynamic. _loss_scale =  1.0
[2022-11-24 14:06:33.950547] Finished iteration 257, CKPT_AND_STOP: False, flag: tensor([0], dtype=torch.int32), speed: 2189.752
29 Overflow !!
29 : update_scale(): _has_overflow, dynamic. _loss_scale =  1.0
[2022-11-24 14:06:36.047092] Finished iteration 258, CKPT_AND_STOP: False, flag: tensor([0], dtype=torch.int32), speed: 2096.490
29 Overflow !!
29 : update_scale(): _has_overflow, dynamic. _loss_scale =  1.0
[2022-11-24 14:06:38.099507] Finished iteration 259, CKPT_AND_STOP: False, flag: tensor([0], dtype=torch.int32), speed: 2052.356
29 Overflow !!
29 : update_scale(): _has_overflow, dynamic. _loss_scale =  1.0
[2022-11-24 14:06:40.173009] Finished iteration 260, CKPT_AND_STOP: False, flag: tensor([0], dtype=torch.int32), speed: 2073.475
29 Overflow !!
29 : update_scale(): _has_overflow, dynamic. _loss_scale =  1.0
[2022-11-24 14:06:42.338809] Finished iteration 261, CKPT_AND_STOP: False, flag: tensor([0], dtype=torch.int32), speed: 2165.789
29 Overflow !!
29 : update_scale(): _has_overflow, dynamic. _loss_scale =  1.0
[2022-11-24 14:06:44.436034] Finished iteration 262, CKPT_AND_STOP: False, flag: tensor([0], dtype=torch.int32), speed: 2097.173
29 Overflow !!
29 : update_scale(): _has_overflow, dynamic. _loss_scale =  1.0
[2022-11-24 14:06:46.529755] Finished iteration 263, CKPT_AND_STOP: False, flag: tensor([0], dtype=torch.int32), speed: 2093.683
29 Overflow !!
29 : update_scale(): _has_overflow, dynamic. _loss_scale =  1.0
[2022-11-24 14:06:48.624057] Finished iteration 264, CKPT_AND_STOP: False, flag: tensor([0], dtype=torch.int32), speed: 2094.263
29 Overflow !!
29 : update_scale(): _has_overflow, dynamic. _loss_scale =  1.0
[2022-11-24 14:06:50.765363] Finished iteration 265, CKPT_AND_STOP: False, flag: tensor([0], dtype=torch.int32), speed: 2141.296
29 Overflow !!
29 : update_scale(): _has_overflow, dynamic. _loss_scale =  1.0
[2022-11-24 14:06:52.907074] Finished iteration 266, CKPT_AND_STOP: False, flag: tensor([0], dtype=torch.int32), speed: 2141.646
29 Overflow !!
29 : update_scale(): _has_overflow, dynamic. _loss_scale =  1.0
[2022-11-24 14:06:55.001410] Finished iteration 267, CKPT_AND_STOP: False, flag: tensor([0], dtype=torch.int32), speed: 2094.318
29 Overflow !!
29 : update_scale(): _has_overflow, dynamic. _loss_scale =  1.0
[2022-11-24 14:06:57.069890] Finished iteration 268, CKPT_AND_STOP: False, flag: tensor([0], dtype=torch.int32), speed: 2068.436
29 Overflow !!
29 : update_scale(): _has_overflow, dynamic. _loss_scale =  1.0
[2022-11-24 14:06:59.209705] Finished iteration 269, CKPT_AND_STOP: False, flag: tensor([0], dtype=torch.int32), speed: 2139.758
29 Overflow !!
29 : update_scale(): _has_overflow, dynamic. _loss_scale =  1.0
[2022-11-24 14:07:01.335720] Finished iteration 270, CKPT_AND_STOP: False, flag: tensor([0], dtype=torch.int32), speed: 2125.983
29 Overflow !!
29 : update_scale(): _has_overflow, dynamic. _loss_scale =  1.0
[2022-11-24 14:07:03.424858] Finished iteration 271, CKPT_AND_STOP: False, flag: tensor([0], dtype=torch.int32), speed: 2089.121
29 Overflow !!
29 : update_scale(): _has_overflow, dynamic. _loss_scale =  1.0
[2022-11-24 14:07:05.553663] Finished iteration 272, CKPT_AND_STOP: False, flag: tensor([0], dtype=torch.int32), speed: 2128.756
29 Overflow !!
29 : update_scale(): _has_overflow, dynamic. _loss_scale =  1.0
[2022-11-24 14:07:07.620022] Finished iteration 273, CKPT_AND_STOP: False, flag: tensor([0], dtype=torch.int32), speed: 2066.320
29 Overflow !!
29 : update_scale(): _has_overflow, dynamic. _loss_scale =  1.0
[2022-11-24 14:07:09.661550] Finished iteration 274, CKPT_AND_STOP: False, flag: tensor([0], dtype=torch.int32), speed: 2041.556
29 Overflow !!
29 : update_scale(): _has_overflow, dynamic. _loss_scale =  1.0
[2022-11-24 14:07:11.776717] Finished iteration 275, CKPT_AND_STOP: False, flag: tensor([0], dtype=torch.int32), speed: 2115.058
29 Overflow !!
29 : update_scale(): _has_overflow, dynamic. _loss_scale =  1.0
[2022-11-24 14:07:13.952069] Finished iteration 276, CKPT_AND_STOP: False, flag: tensor([0], dtype=torch.int32), speed: 2175.318
29 Overflow !!
29 : update_scale(): _has_overflow, dynamic. _loss_scale =  1.0
[2022-11-24 14:07:16.758602] Finished iteration 277, CKPT_AND_STOP: False, flag: tensor([2], dtype=torch.int32), speed: 2806.516
2022-11-24 14:07:16.763228 Begin to save checkpont to s3://spot-checkpoints/bert and exit
Opt ckpt time 3.991086483001709
Process done with return code 0
Parent process ID: 9798 node: 172.31.25.155
24 cutpoints
Stages 1
13 20868437708.800007
7 13915698585.599995
10 17153729331.199993
8 14622140211.200005
9 15846820659.199995
Predicted microbatch size for 1: 8
comm size 0
GPUS_PER_VM=1 /home/ubuntu/varuna/tools/simulator/simulate-varuna 1 5 0 1286522.0947265625 0
End of simulation:  Mini-batch time (usec) = 2905085
Min send: 10000000, max send 0
Min long send: 10000000, max long send 0
Min fwd: 10000000, max fwd 0; min bwd 10000000, max bwd 0
Min long fwd: 126283, max long fwd 129698; min long bwd 193190, max long bwd 199310
Time taken by simulation: 42 microseconds

Stages 2
13 10987980083.2
19 14996390399.999996
22 16963644723.199997
20 15631126630.400002
Predicted microbatch size for 2: 19
comm size 9961472
WARNING: no send time found, 2 partitions
GPUS_PER_VM=1 /home/ubuntu/varuna/tools/simulator/simulate-varuna 2 4 0 638222.2290039062 542254.6839368516
End of simulation:  Mini-batch time (usec) = 3331662
Min send: 10000000, max send 0
Min long send: 542586, max long send 555338
Min fwd: 107744, max fwd 113936; min bwd 155753, max bwd 158782
Min long fwd: 131842, max long fwd 138676; min long bwd 169332, max long bwd 173300
Time taken by simulation: 99 microseconds

Stages 3
13 7832942284.800001
19 10697074380.8
22 12097432473.599998
23 12575272243.2
24 13035207577.6
Predicted microbatch size for 3: 24
comm size 12582912
WARNING: no send time found, 3 partitions
GPUS_PER_VM=1 /home/ubuntu/varuna/tools/simulator/simulate-varuna 3 5 0 448996.58203125 663682.2411979454
End of simulation:  Mini-batch time (usec) = 4994037
Min send: 10000000, max send 0
Min long send: 664014, max long send 679713
Min fwd: 72258, max fwd 88035; min bwd 119079, max bwd 130804
Min long fwd: 107414, max long fwd 112703; min long bwd 150032, max long bwd 153679
Time taken by simulation: 172 microseconds

Stages 4
13 6255423385.6
19 8547416371.2
22 9664326348.8
23 10045446451.2
24 10412856422.4
Predicted microbatch size for 4: 24
comm size 12582912
WARNING: no send time found, 4 partitions
GPUS_PER_VM=1 /home/ubuntu/varuna/tools/simulator/simulate-varuna 4 7 0 358221.00830078125 663682.2411979454
End of simulation:  Mini-batch time (usec) = 6464795
Min send: 10000000, max send 0
Min long send: 663870, max long send 683729
Min fwd: 53924, max fwd 67812; min bwd 83975, max bwd 97299
Min long fwd: 86081, max long fwd 91318; min long bwd 118237, max long bwd 121834
Time taken by simulation: 310 microseconds

Stages 6
13 4698582732.8
19 6397758361.599999
22 7231220224.0
23 7515620659.2
24 7790505267.2
Predicted microbatch size for 6: 24
comm size 12582912
WARNING: no send time found, 6 partitions
GPUS_PER_VM=1 /home/ubuntu/varuna/tools/simulator/simulate-varuna 6 9 0 241996.6583251953 663682.2411979454
End of simulation:  Mini-batch time (usec) = 9164548
Min send: 10000000, max send 0
Min long send: 663736, max long send 687371
Min fwd: 33746, max fwd 47347; min bwd 54554, max bwd 72477
Min long fwd: 65864, max long fwd 73316; min long bwd 84274, max long bwd 89413
Time taken by simulation: 619 microseconds

Stages 8
13 3930501529.6000004
19 5322929356.799999
22 6014667161.6
23 6250707763.2
24 6479329689.6
Predicted microbatch size for 8: 24
comm size 12582912
WARNING: no send time found, 8 partitions
GPUS_PER_VM=1 /home/ubuntu/varuna/tools/simulator/simulate-varuna 8 15 0 176039.7491455078 663682.2411979454
End of simulation:  Mini-batch time (usec) = 13724566
Min send: 10000000, max send 0
Min long send: 663736, max long send 690844
Min fwd: 22801, max fwd 38139; min bwd 36151, max bwd 55503
Min long fwd: 51106, max long fwd 59884; min long bwd 68124, max long bwd 75476
Time taken by simulation: 1460 microseconds

Stages 12
13 3141742080.0
19 4248100352.0
22 4798114099.200001
23 4985794867.2
24 5168154112.0
Predicted microbatch size for 12: 24
comm size 12582912
WARNING: no send time found, 12 partitions
GPUS_PER_VM=1 /home/ubuntu/varuna/tools/simulator/simulate-varuna 12 22 0 97192.52014160156 663682.2411979454
End of simulation:  Mini-batch time (usec) = 21189724
Min send: 10000000, max send 0
Min long send: 663682, max long send 690844
Min fwd: 10724, max fwd 28920; min bwd 23319, max bwd 41964
Min long fwd: 40826, max long fwd 50474; min long bwd 49192, max long bwd 58811
Time taken by simulation: 3398 microseconds

{1: 2.905085, 2: 3.331662, 3: 4.994037, 4: 6.464795, 6: 9.164548, 8: 13.724566, 12: 21.189724}
{1: 8, 2: 19, 3: 24, 4: 24, 6: 24, 8: 24, 12: 24}
best config is: 2 19
expected time is 3.331662
15 per stage
30 servers!
Config:
ranks: range(29, 30)
train batch size: 1024
partitions: 2
chunk_size: 19
data depth: 15
stage to rank map: 0,2,4,6,8,10,12,14,16,18,20,22,24,26,28;1,3,5,7,9,11,13,15,17,19,21,23,25,27,29;
World size is 30
/opt/conda/envs/varuna/bin/python -u /home/ubuntu/varuna_examples/DeepLearningExamples/PyTorch/LanguageModeling/BERT/run_pretraining.py --rank=29 --chunk_size=19 --local_rank=0 --stage_to_rank_map=0,2,4,6,8,10,12,14,16,18,20,22,24,26,28;1,3,5,7,9,11,13,15,17,19,21,23,25,27,29; --batch-size=68 --input_dir=/hdf5_lower_case_1_seq_len_128_max_pred_20_masked_lm_prob_0.15_random_seed_12345_dupe_factor_5/wikicorpus_en/ --output_dir=s3://spot-checkpoints/bert --config_file=bert_config.json --bert_model=bert-large-uncased --train_batch_size=1024 --max_seq_length=128 --max_predictions_per_seq=20 --max_steps=7038 --warmup_proportion=0.2843 --num_steps_per_checkpoint=200 --learning_rate=6e-3 --seed=12439 --fp16 --gradient_accumulation_steps=128 --allreduce_post_accumulation --allreduce_post_accumulation_fp16 --do_train --json-summary /home/ubuntu/varuna_examples/DeepLearningExamples/PyTorch/LanguageModeling/BERT/results/dllogger.json --varuna --resume_step 278
device: cuda:0 n_gpu: 1, distributed training: True, 16-bits training: True
dry run time 0.16959285736083984
SHARED WEIGHTS ARE
[(0, 1)]
this rank  29 is part of pipeline replica  14
4 chunks
Begin to load checkpint from s3://spot-checkpoints/bert/ckpt_278.pt
2022-11-24 14:08:27.234029 resume step from  278
2022-11-24 14:09:28.644927 - Finished loading checkpoint, takes 61.274 secs
Signal handler called with signal 10


 STOPPING VARUNA !!



Rank 29 signal handler called with signal 10
Process done with return code 1
Parent process ID: 10076 node: 172.31.27.155
24 cutpoints
Stages 1
13 20868437708.800007
7 13915698585.599995
10 17153729331.199993
8 14622140211.200005
9 15846820659.199995
Predicted microbatch size for 1: 8
comm size 0
GPUS_PER_VM=1 /home/ubuntu/varuna/tools/simulator/simulate-varuna 1 5 0 1286522.0947265625 0
End of simulation:  Mini-batch time (usec) = 2905085
Min send: 10000000, max send 0
Min long send: 10000000, max long send 0
Min fwd: 10000000, max fwd 0; min bwd 10000000, max bwd 0
Min long fwd: 126283, max long fwd 129698; min long bwd 193190, max long bwd 199310
Time taken by simulation: 51 microseconds

Stages 2
13 10987980083.2
19 14996390399.999996
22 16963644723.199997
20 15631126630.400002
Predicted microbatch size for 2: 19
comm size 9961472
WARNING: no send time found, 2 partitions
GPUS_PER_VM=1 /home/ubuntu/varuna/tools/simulator/simulate-varuna 2 4 0 638222.2290039062 542254.6839368516
End of simulation:  Mini-batch time (usec) = 3331662
Min send: 10000000, max send 0
Min long send: 542586, max long send 555338
Min fwd: 107744, max fwd 113936; min bwd 155753, max bwd 158782
Min long fwd: 131842, max long fwd 138676; min long bwd 169332, max long bwd 173300
Time taken by simulation: 101 microseconds

Stages 3
13 7832942284.800001
19 10697074380.8
22 12097432473.599998
23 12575272243.2
24 13035207577.6
Predicted microbatch size for 3: 24
comm size 12582912
WARNING: no send time found, 3 partitions
GPUS_PER_VM=1 /home/ubuntu/varuna/tools/simulator/simulate-varuna 3 5 0 448996.58203125 663682.2411979454
End of simulation:  Mini-batch time (usec) = 4994037
Min send: 10000000, max send 0
Min long send: 664014, max long send 679713
Min fwd: 72258, max fwd 88035; min bwd 119079, max bwd 130804
Min long fwd: 107414, max long fwd 112703; min long bwd 150032, max long bwd 153679
Time taken by simulation: 173 microseconds

Stages 4
13 6255423385.6
19 8547416371.2
22 9664326348.8
23 10045446451.2
24 10412856422.4
Predicted microbatch size for 4: 24
comm size 12582912
WARNING: no send time found, 4 partitions
GPUS_PER_VM=1 /home/ubuntu/varuna/tools/simulator/simulate-varuna 4 7 0 358221.00830078125 663682.2411979454
End of simulation:  Mini-batch time (usec) = 6464795
Min send: 10000000, max send 0
Min long send: 663870, max long send 683729
Min fwd: 53924, max fwd 67812; min bwd 83975, max bwd 97299
Min long fwd: 86081, max long fwd 91318; min long bwd 118237, max long bwd 121834
Time taken by simulation: 320 microseconds

Stages 6
13 4698582732.8
19 6397758361.599999
22 7231220224.0
23 7515620659.2
24 7790505267.2
Predicted microbatch size for 6: 24
comm size 12582912
WARNING: no send time found, 6 partitions
GPUS_PER_VM=1 /home/ubuntu/varuna/tools/simulator/simulate-varuna 6 9 0 241996.6583251953 663682.2411979454
End of simulation:  Mini-batch time (usec) = 9164548
Min send: 10000000, max send 0
Min long send: 663736, max long send 687371
Min fwd: 33746, max fwd 47347; min bwd 54554, max bwd 72477
Min long fwd: 65864, max long fwd 73316; min long bwd 84274, max long bwd 89413
Time taken by simulation: 624 microseconds

Stages 8
13 3930501529.6000004
19 5322929356.799999
22 6014667161.6
23 6250707763.2
24 6479329689.6
Predicted microbatch size for 8: 24
comm size 12582912
WARNING: no send time found, 8 partitions
GPUS_PER_VM=1 /home/ubuntu/varuna/tools/simulator/simulate-varuna 8 15 0 176039.7491455078 663682.2411979454
End of simulation:  Mini-batch time (usec) = 13724566
Min send: 10000000, max send 0
Min long send: 663736, max long send 690844
Min fwd: 22801, max fwd 38139; min bwd 36151, max bwd 55503
Min long fwd: 51106, max long fwd 59884; min long bwd 68124, max long bwd 75476
Time taken by simulation: 1455 microseconds

Stages 12
13 3141742080.0
19 4248100352.0
22 4798114099.200001
23 4985794867.2
24 5168154112.0
Predicted microbatch size for 12: 24
comm size 12582912
WARNING: no send time found, 12 partitions
GPUS_PER_VM=1 /home/ubuntu/varuna/tools/simulator/simulate-varuna 12 22 0 97192.52014160156 663682.2411979454
End of simulation:  Mini-batch time (usec) = 21189724
Min send: 10000000, max send 0
Min long send: 663682, max long send 690844
Min fwd: 10724, max fwd 28920; min bwd 23319, max bwd 41964
Min long fwd: 40826, max long fwd 50474; min long bwd 49192, max long bwd 58811
Time taken by simulation: 3506 microseconds

{1: 2.905085, 2: 3.331662, 3: 4.994037, 4: 6.464795, 6: 9.164548, 8: 13.724566, 12: 21.189724}
{1: 8, 2: 19, 3: 24, 4: 24, 6: 24, 8: 24, 12: 24}
best config is: 2 19
expected time is 3.331662
15 per stage
30 servers!
Config:
ranks: range(29, 30)
train batch size: 1024
partitions: 2
chunk_size: 19
data depth: 15
stage to rank map: 0,2,4,6,8,10,12,14,16,18,20,22,24,26,28;1,3,5,7,9,11,13,15,17,19,21,23,25,27,29;
World size is 30
/opt/conda/envs/varuna/bin/python -u /home/ubuntu/varuna_examples/DeepLearningExamples/PyTorch/LanguageModeling/BERT/run_pretraining.py --rank=29 --chunk_size=19 --local_rank=0 --stage_to_rank_map=0,2,4,6,8,10,12,14,16,18,20,22,24,26,28;1,3,5,7,9,11,13,15,17,19,21,23,25,27,29; --batch-size=68 --input_dir=/hdf5_lower_case_1_seq_len_128_max_pred_20_masked_lm_prob_0.15_random_seed_12345_dupe_factor_5/wikicorpus_en/ --output_dir=s3://spot-checkpoints/bert --config_file=bert_config.json --bert_model=bert-large-uncased --train_batch_size=1024 --max_seq_length=128 --max_predictions_per_seq=20 --max_steps=7038 --warmup_proportion=0.2843 --num_steps_per_checkpoint=200 --learning_rate=6e-3 --seed=12439 --fp16 --gradient_accumulation_steps=128 --allreduce_post_accumulation --allreduce_post_accumulation_fp16 --do_train --json-summary /home/ubuntu/varuna_examples/DeepLearningExamples/PyTorch/LanguageModeling/BERT/results/dllogger.json --varuna --resume_step 278
device: cuda:0 n_gpu: 1, distributed training: True, 16-bits training: True
dry run time 0.0059430599212646484
SHARED WEIGHTS ARE
[(0, 1)]
this rank  29 is part of pipeline replica  14
4 chunks
Begin to load checkpint from s3://spot-checkpoints/bert/ckpt_278.pt
2022-11-24 14:10:37.904072 resume step from  278
2022-11-24 14:11:47.908777 - Finished loading checkpoint, takes 69.842 secs
29 Overflow !!
29 : update_scale(): _has_overflow, dynamic. _loss_scale =  524288.0
[2022-11-24 14:12:03.154407] Finished iteration 278, CKPT_AND_STOP: False, flag: tensor([0], dtype=torch.int32), speed: 4743.303
29 Overflow !!
29 : update_scale(): _has_overflow, dynamic. _loss_scale =  262144.0
[2022-11-24 14:12:06.359233] Finished iteration 279, CKPT_AND_STOP: False, flag: tensor([0], dtype=torch.int32), speed: 3204.594
29 Overflow !!
29 : update_scale(): _has_overflow, dynamic. _loss_scale =  131072.0
[2022-11-24 14:12:09.536630] Finished iteration 280, CKPT_AND_STOP: False, flag: tensor([0], dtype=torch.int32), speed: 3177.330
29 Overflow !!
29 : update_scale(): _has_overflow, dynamic. _loss_scale =  65536.0
[2022-11-24 14:12:12.677541] Finished iteration 281, CKPT_AND_STOP: False, flag: tensor([0], dtype=torch.int32), speed: 3140.876
29 Overflow !!
29 : update_scale(): _has_overflow, dynamic. _loss_scale =  32768.0
[2022-11-24 14:12:16.116040] Finished iteration 282, CKPT_AND_STOP: False, flag: tensor([0], dtype=torch.int32), speed: 3438.449
29 Overflow !!
29 : update_scale(): _has_overflow, dynamic. _loss_scale =  16384.0
[2022-11-24 14:12:18.255549] Finished iteration 283, CKPT_AND_STOP: False, flag: tensor([0], dtype=torch.int32), speed: 2139.471
29 Overflow !!
29 : update_scale(): _has_overflow, dynamic. _loss_scale =  8192.0
[2022-11-24 14:12:20.398606] Finished iteration 284, CKPT_AND_STOP: False, flag: tensor([0], dtype=torch.int32), speed: 2142.992
29 Overflow !!
29 : update_scale(): _has_overflow, dynamic. _loss_scale =  4096.0
[2022-11-24 14:12:22.521834] Finished iteration 285, CKPT_AND_STOP: False, flag: tensor([0], dtype=torch.int32), speed: 2123.150
29 Overflow !!
29 : update_scale(): _has_overflow, dynamic. _loss_scale =  2048.0
[2022-11-24 14:12:24.632210] Finished iteration 286, CKPT_AND_STOP: False, flag: tensor([0], dtype=torch.int32), speed: 2110.349
29 Overflow !!
29 : update_scale(): _has_overflow, dynamic. _loss_scale =  1024.0
[2022-11-24 14:12:26.721454] Finished iteration 287, CKPT_AND_STOP: False, flag: tensor([0], dtype=torch.int32), speed: 2089.201
29 Overflow !!
29 : update_scale(): _has_overflow, dynamic. _loss_scale =  512.0
[2022-11-24 14:12:28.847393] Finished iteration 288, CKPT_AND_STOP: False, flag: tensor([0], dtype=torch.int32), speed: 2125.898
29 Overflow !!
29 : update_scale(): _has_overflow, dynamic. _loss_scale =  256.0
[2022-11-24 14:12:30.956038] Finished iteration 289, CKPT_AND_STOP: False, flag: tensor([0], dtype=torch.int32), speed: 2108.613
29 Overflow !!
29 : update_scale(): _has_overflow, dynamic. _loss_scale =  128.0
[2022-11-24 14:12:33.121745] Finished iteration 290, CKPT_AND_STOP: False, flag: tensor([0], dtype=torch.int32), speed: 2165.653
29 Overflow !!
29 : update_scale(): _has_overflow, dynamic. _loss_scale =  64.0
[2022-11-24 14:12:35.259059] Finished iteration 291, CKPT_AND_STOP: False, flag: tensor([0], dtype=torch.int32), speed: 2137.296
29 Overflow !!
29 : update_scale(): _has_overflow, dynamic. _loss_scale =  32.0
[2022-11-24 14:12:37.398015] Finished iteration 292, CKPT_AND_STOP: False, flag: tensor([0], dtype=torch.int32), speed: 2139.053
29 Overflow !!
29 : update_scale(): _has_overflow, dynamic. _loss_scale =  16.0
[2022-11-24 14:12:39.492444] Finished iteration 293, CKPT_AND_STOP: False, flag: tensor([0], dtype=torch.int32), speed: 2094.239
29 Overflow !!
29 : update_scale(): _has_overflow, dynamic. _loss_scale =  8.0
[2022-11-24 14:12:41.580485] Finished iteration 294, CKPT_AND_STOP: False, flag: tensor([0], dtype=torch.int32), speed: 2088.006
29 Overflow !!
29 : update_scale(): _has_overflow, dynamic. _loss_scale =  4.0
[2022-11-24 14:12:43.733144] Finished iteration 295, CKPT_AND_STOP: False, flag: tensor([0], dtype=torch.int32), speed: 2152.632
29 Overflow !!
29 : update_scale(): _has_overflow, dynamic. _loss_scale =  2.0
[2022-11-24 14:12:45.876013] Finished iteration 296, CKPT_AND_STOP: False, flag: tensor([0], dtype=torch.int32), speed: 2142.824
29 Overflow !!
29 : update_scale(): _has_overflow, dynamic. _loss_scale =  1.0
[2022-11-24 14:12:47.975587] Finished iteration 297, CKPT_AND_STOP: False, flag: tensor([0], dtype=torch.int32), speed: 2099.549
29 Overflow !!
29 : update_scale(): _has_overflow, dynamic. _loss_scale =  1.0
[2022-11-24 14:12:50.112274] Finished iteration 298, CKPT_AND_STOP: False, flag: tensor([0], dtype=torch.int32), speed: 2136.661
29 Overflow !!
29 : update_scale(): _has_overflow, dynamic. _loss_scale =  1.0
[2022-11-24 14:12:52.261083] Finished iteration 299, CKPT_AND_STOP: False, flag: tensor([0], dtype=torch.int32), speed: 2148.762
29 Overflow !!
29 : update_scale(): _has_overflow, dynamic. _loss_scale =  1.0
[2022-11-24 14:12:54.432402] Finished iteration 300, CKPT_AND_STOP: False, flag: tensor([0], dtype=torch.int32), speed: 2171.349
29 Overflow !!
29 : update_scale(): _has_overflow, dynamic. _loss_scale =  1.0
[2022-11-24 14:12:56.559264] Finished iteration 301, CKPT_AND_STOP: False, flag: tensor([0], dtype=torch.int32), speed: 2126.772
29 Overflow !!
29 : update_scale(): _has_overflow, dynamic. _loss_scale =  1.0
[2022-11-24 14:12:58.732189] Finished iteration 302, CKPT_AND_STOP: False, flag: tensor([0], dtype=torch.int32), speed: 2172.920
29 Overflow !!
29 : update_scale(): _has_overflow, dynamic. _loss_scale =  1.0
[2022-11-24 14:13:00.848886] Finished iteration 303, CKPT_AND_STOP: False, flag: tensor([0], dtype=torch.int32), speed: 2116.723
29 Overflow !!
29 : update_scale(): _has_overflow, dynamic. _loss_scale =  1.0
[2022-11-24 14:13:03.002555] Finished iteration 304, CKPT_AND_STOP: False, flag: tensor([0], dtype=torch.int32), speed: 2153.567
29 Overflow !!
29 : update_scale(): _has_overflow, dynamic. _loss_scale =  1.0
[2022-11-24 14:13:05.143957] Finished iteration 305, CKPT_AND_STOP: False, flag: tensor([0], dtype=torch.int32), speed: 2141.335
29 Overflow !!
29 : update_scale(): _has_overflow, dynamic. _loss_scale =  1.0
[2022-11-24 14:13:07.618066] Finished iteration 306, CKPT_AND_STOP: False, flag: tensor([0], dtype=torch.int32), speed: 2474.148
29 Overflow !!
29 : update_scale(): _has_overflow, dynamic. _loss_scale =  1.0
[2022-11-24 14:13:10.007139] Finished iteration 307, CKPT_AND_STOP: False, flag: tensor([0], dtype=torch.int32), speed: 2388.959
29 Overflow !!
29 : update_scale(): _has_overflow, dynamic. _loss_scale =  1.0
[2022-11-24 14:13:12.157467] Finished iteration 308, CKPT_AND_STOP: False, flag: tensor([0], dtype=torch.int32), speed: 2150.310
29 Overflow !!
29 : update_scale(): _has_overflow, dynamic. _loss_scale =  1.0
[2022-11-24 14:13:14.272264] Finished iteration 309, CKPT_AND_STOP: False, flag: tensor([0], dtype=torch.int32), speed: 2114.811
29 Overflow !!
29 : update_scale(): _has_overflow, dynamic. _loss_scale =  1.0
[2022-11-24 14:13:16.431952] Finished iteration 310, CKPT_AND_STOP: False, flag: tensor([0], dtype=torch.int32), speed: 2159.597
29 Overflow !!
29 : update_scale(): _has_overflow, dynamic. _loss_scale =  1.0
[2022-11-24 14:13:18.552366] Finished iteration 311, CKPT_AND_STOP: False, flag: tensor([0], dtype=torch.int32), speed: 2120.386
29 Overflow !!
29 : update_scale(): _has_overflow, dynamic. _loss_scale =  1.0
[2022-11-24 14:13:20.682907] Finished iteration 312, CKPT_AND_STOP: False, flag: tensor([0], dtype=torch.int32), speed: 2130.638
29 Overflow !!
29 : update_scale(): _has_overflow, dynamic. _loss_scale =  1.0
[2022-11-24 14:13:22.796045] Finished iteration 313, CKPT_AND_STOP: False, flag: tensor([0], dtype=torch.int32), speed: 2112.935
29 Overflow !!
29 : update_scale(): _has_overflow, dynamic. _loss_scale =  1.0
[2022-11-24 14:13:24.956828] Finished iteration 314, CKPT_AND_STOP: False, flag: tensor([0], dtype=torch.int32), speed: 2160.830
29 Overflow !!
29 : update_scale(): _has_overflow, dynamic. _loss_scale =  1.0
[2022-11-24 14:13:27.094303] Finished iteration 315, CKPT_AND_STOP: False, flag: tensor([0], dtype=torch.int32), speed: 2137.344
29 Overflow !!
29 : update_scale(): _has_overflow, dynamic. _loss_scale =  1.0
[2022-11-24 14:13:29.284390] Finished iteration 316, CKPT_AND_STOP: False, flag: tensor([0], dtype=torch.int32), speed: 2190.082
29 Overflow !!
29 : update_scale(): _has_overflow, dynamic. _loss_scale =  1.0
[2022-11-24 14:13:31.382565] Finished iteration 317, CKPT_AND_STOP: False, flag: tensor([0], dtype=torch.int32), speed: 2098.171
29 Overflow !!
29 : update_scale(): _has_overflow, dynamic. _loss_scale =  1.0
[2022-11-24 14:13:33.514309] Finished iteration 318, CKPT_AND_STOP: False, flag: tensor([0], dtype=torch.int32), speed: 2131.648
29 Overflow !!
29 : update_scale(): _has_overflow, dynamic. _loss_scale =  1.0
[2022-11-24 14:13:35.774971] Finished iteration 319, CKPT_AND_STOP: False, flag: tensor([0], dtype=torch.int32), speed: 2260.686
29 Overflow !!
29 : update_scale(): _has_overflow, dynamic. _loss_scale =  1.0
[2022-11-24 14:13:37.928368] Finished iteration 320, CKPT_AND_STOP: False, flag: tensor([0], dtype=torch.int32), speed: 2153.365
29 Overflow !!
29 : update_scale(): _has_overflow, dynamic. _loss_scale =  1.0
[2022-11-24 14:13:40.073358] Finished iteration 321, CKPT_AND_STOP: False, flag: tensor([0], dtype=torch.int32), speed: 2144.965
29 Overflow !!
29 : update_scale(): _has_overflow, dynamic. _loss_scale =  1.0
[2022-11-24 14:13:42.229581] Finished iteration 322, CKPT_AND_STOP: False, flag: tensor([0], dtype=torch.int32), speed: 2156.125
29 Overflow !!
29 : update_scale(): _has_overflow, dynamic. _loss_scale =  1.0
[2022-11-24 14:13:44.366638] Finished iteration 323, CKPT_AND_STOP: False, flag: tensor([0], dtype=torch.int32), speed: 2137.066
29 Overflow !!
29 : update_scale(): _has_overflow, dynamic. _loss_scale =  1.0
[2022-11-24 14:13:46.491980] Finished iteration 324, CKPT_AND_STOP: False, flag: tensor([0], dtype=torch.int32), speed: 2125.300
29 Overflow !!
29 : update_scale(): _has_overflow, dynamic. _loss_scale =  1.0
[2022-11-24 14:13:48.746961] Finished iteration 325, CKPT_AND_STOP: False, flag: tensor([0], dtype=torch.int32), speed: 2254.956
29 Overflow !!
29 : update_scale(): _has_overflow, dynamic. _loss_scale =  1.0
[2022-11-24 14:13:50.869762] Finished iteration 326, CKPT_AND_STOP: False, flag: tensor([0], dtype=torch.int32), speed: 2122.794
29 Overflow !!
29 : update_scale(): _has_overflow, dynamic. _loss_scale =  1.0
[2022-11-24 14:13:53.717991] Finished iteration 327, CKPT_AND_STOP: False, flag: tensor([0], dtype=torch.int32), speed: 2848.232
29 Overflow !!
29 : update_scale(): _has_overflow, dynamic. _loss_scale =  1.0
[2022-11-24 14:13:55.850280] Finished iteration 328, CKPT_AND_STOP: False, flag: tensor([0], dtype=torch.int32), speed: 2132.215
29 Overflow !!
29 : update_scale(): _has_overflow, dynamic. _loss_scale =  1.0
[2022-11-24 14:13:58.034647] Finished iteration 329, CKPT_AND_STOP: False, flag: tensor([0], dtype=torch.int32), speed: 2184.625
29 Overflow !!
29 : update_scale(): _has_overflow, dynamic. _loss_scale =  1.0
[2022-11-24 14:14:00.143079] Finished iteration 330, CKPT_AND_STOP: False, flag: tensor([0], dtype=torch.int32), speed: 2108.086
29 Overflow !!
29 : update_scale(): _has_overflow, dynamic. _loss_scale =  1.0
[2022-11-24 14:14:02.238399] Finished iteration 331, CKPT_AND_STOP: False, flag: tensor([0], dtype=torch.int32), speed: 2095.261
29 Overflow !!
29 : update_scale(): _has_overflow, dynamic. _loss_scale =  1.0
[2022-11-24 14:14:04.394697] Finished iteration 332, CKPT_AND_STOP: False, flag: tensor([0], dtype=torch.int32), speed: 2156.276
29 Overflow !!
29 : update_scale(): _has_overflow, dynamic. _loss_scale =  1.0
[2022-11-24 14:14:06.515598] Finished iteration 333, CKPT_AND_STOP: False, flag: tensor([0], dtype=torch.int32), speed: 2120.831
29 Overflow !!
29 : update_scale(): _has_overflow, dynamic. _loss_scale =  1.0
[2022-11-24 14:14:08.636775] Finished iteration 334, CKPT_AND_STOP: False, flag: tensor([0], dtype=torch.int32), speed: 2121.253
29 Overflow !!
29 : update_scale(): _has_overflow, dynamic. _loss_scale =  1.0
[2022-11-24 14:14:10.767770] Finished iteration 335, CKPT_AND_STOP: False, flag: tensor([0], dtype=torch.int32), speed: 2130.904
29 Overflow !!
29 : update_scale(): _has_overflow, dynamic. _loss_scale =  1.0
[2022-11-24 14:14:12.888615] Finished iteration 336, CKPT_AND_STOP: False, flag: tensor([0], dtype=torch.int32), speed: 2120.754
29 Overflow !!
29 : update_scale(): _has_overflow, dynamic. _loss_scale =  1.0
[2022-11-24 14:14:15.025394] Finished iteration 337, CKPT_AND_STOP: False, flag: tensor([0], dtype=torch.int32), speed: 2136.794
29 Overflow !!
29 : update_scale(): _has_overflow, dynamic. _loss_scale =  1.0
[2022-11-24 14:14:17.189294] Finished iteration 338, CKPT_AND_STOP: False, flag: tensor([0], dtype=torch.int32), speed: 2163.822
29 Overflow !!
29 : update_scale(): _has_overflow, dynamic. _loss_scale =  1.0
[2022-11-24 14:14:19.318013] Finished iteration 339, CKPT_AND_STOP: False, flag: tensor([0], dtype=torch.int32), speed: 2128.713
29 Overflow !!
29 : update_scale(): _has_overflow, dynamic. _loss_scale =  1.0
[2022-11-24 14:14:21.433077] Finished iteration 340, CKPT_AND_STOP: False, flag: tensor([0], dtype=torch.int32), speed: 2115.068
29 Overflow !!
29 : update_scale(): _has_overflow, dynamic. _loss_scale =  1.0
[2022-11-24 14:14:23.595626] Finished iteration 341, CKPT_AND_STOP: False, flag: tensor([0], dtype=torch.int32), speed: 2162.444
29 Overflow !!
29 : update_scale(): _has_overflow, dynamic. _loss_scale =  1.0
[2022-11-24 14:14:25.752744] Finished iteration 342, CKPT_AND_STOP: False, flag: tensor([0], dtype=torch.int32), speed: 2157.066
29 Overflow !!
29 : update_scale(): _has_overflow, dynamic. _loss_scale =  1.0
[2022-11-24 14:14:27.890718] Finished iteration 343, CKPT_AND_STOP: False, flag: tensor([0], dtype=torch.int32), speed: 2137.952
29 Overflow !!
29 : update_scale(): _has_overflow, dynamic. _loss_scale =  1.0
[2022-11-24 14:14:30.033596] Finished iteration 344, CKPT_AND_STOP: False, flag: tensor([0], dtype=torch.int32), speed: 2142.851
29 Overflow !!
29 : update_scale(): _has_overflow, dynamic. _loss_scale =  1.0
[2022-11-24 14:14:32.181867] Finished iteration 345, CKPT_AND_STOP: False, flag: tensor([0], dtype=torch.int32), speed: 2148.258
29 Overflow !!
29 : update_scale(): _has_overflow, dynamic. _loss_scale =  1.0
[2022-11-24 14:14:34.318747] Finished iteration 346, CKPT_AND_STOP: False, flag: tensor([0], dtype=torch.int32), speed: 2136.825
29 Overflow !!
29 : update_scale(): _has_overflow, dynamic. _loss_scale =  1.0
[2022-11-24 14:14:36.416698] Finished iteration 347, CKPT_AND_STOP: False, flag: tensor([0], dtype=torch.int32), speed: 2097.921
29 Overflow !!
29 : update_scale(): _has_overflow, dynamic. _loss_scale =  1.0
[2022-11-24 14:14:38.596656] Finished iteration 348, CKPT_AND_STOP: False, flag: tensor([0], dtype=torch.int32), speed: 2180.001
29 Overflow !!
29 : update_scale(): _has_overflow, dynamic. _loss_scale =  1.0
[2022-11-24 14:14:40.705836] Finished iteration 349, CKPT_AND_STOP: False, flag: tensor([0], dtype=torch.int32), speed: 2109.071
29 Overflow !!
29 : update_scale(): _has_overflow, dynamic. _loss_scale =  1.0
[2022-11-24 14:14:42.901153] Finished iteration 350, CKPT_AND_STOP: False, flag: tensor([0], dtype=torch.int32), speed: 2195.313
29 Overflow !!
29 : update_scale(): _has_overflow, dynamic. _loss_scale =  1.0
[2022-11-24 14:14:45.033721] Finished iteration 351, CKPT_AND_STOP: False, flag: tensor([0], dtype=torch.int32), speed: 2132.531
29 Overflow !!
29 : update_scale(): _has_overflow, dynamic. _loss_scale =  1.0
[2022-11-24 14:14:47.163943] Finished iteration 352, CKPT_AND_STOP: False, flag: tensor([0], dtype=torch.int32), speed: 2130.196
29 Overflow !!
29 : update_scale(): _has_overflow, dynamic. _loss_scale =  1.0
[2022-11-24 14:14:49.264039] Finished iteration 353, CKPT_AND_STOP: False, flag: tensor([0], dtype=torch.int32), speed: 2100.173
29 Overflow !!
29 : update_scale(): _has_overflow, dynamic. _loss_scale =  1.0
[2022-11-24 14:14:51.412170] Finished iteration 354, CKPT_AND_STOP: False, flag: tensor([0], dtype=torch.int32), speed: 2147.967
29 Overflow !!
29 : update_scale(): _has_overflow, dynamic. _loss_scale =  1.0
[2022-11-24 14:14:53.606251] Finished iteration 355, CKPT_AND_STOP: False, flag: tensor([0], dtype=torch.int32), speed: 2194.051
29 Overflow !!
29 : update_scale(): _has_overflow, dynamic. _loss_scale =  1.0
[2022-11-24 14:14:55.727596] Finished iteration 356, CKPT_AND_STOP: False, flag: tensor([0], dtype=torch.int32), speed: 2121.296
29 Overflow !!
29 : update_scale(): _has_overflow, dynamic. _loss_scale =  1.0
[2022-11-24 14:14:57.843841] Finished iteration 357, CKPT_AND_STOP: False, flag: tensor([0], dtype=torch.int32), speed: 2116.233
29 Overflow !!
29 : update_scale(): _has_overflow, dynamic. _loss_scale =  1.0
[2022-11-24 14:14:59.951749] Finished iteration 358, CKPT_AND_STOP: False, flag: tensor([0], dtype=torch.int32), speed: 2107.914
29 Overflow !!
29 : update_scale(): _has_overflow, dynamic. _loss_scale =  1.0
[2022-11-24 14:15:02.084124] Finished iteration 359, CKPT_AND_STOP: False, flag: tensor([0], dtype=torch.int32), speed: 2132.325
29 Overflow !!
29 : update_scale(): _has_overflow, dynamic. _loss_scale =  1.0
[2022-11-24 14:15:04.205824] Finished iteration 360, CKPT_AND_STOP: False, flag: tensor([0], dtype=torch.int32), speed: 2121.649
29 Overflow !!
29 : update_scale(): _has_overflow, dynamic. _loss_scale =  1.0
[2022-11-24 14:15:06.370829] Finished iteration 361, CKPT_AND_STOP: False, flag: tensor([0], dtype=torch.int32), speed: 2164.976
29 Overflow !!
29 : update_scale(): _has_overflow, dynamic. _loss_scale =  1.0
[2022-11-24 14:15:08.533013] Finished iteration 362, CKPT_AND_STOP: False, flag: tensor([0], dtype=torch.int32), speed: 2162.159
29 Overflow !!
29 : update_scale(): _has_overflow, dynamic. _loss_scale =  1.0
[2022-11-24 14:15:10.688327] Finished iteration 363, CKPT_AND_STOP: False, flag: tensor([0], dtype=torch.int32), speed: 2155.461
29 Overflow !!
29 : update_scale(): _has_overflow, dynamic. _loss_scale =  1.0
[2022-11-24 14:15:12.884485] Finished iteration 364, CKPT_AND_STOP: False, flag: tensor([0], dtype=torch.int32), speed: 2195.991
29 Overflow !!
29 : update_scale(): _has_overflow, dynamic. _loss_scale =  1.0
[2022-11-24 14:15:14.999944] Finished iteration 365, CKPT_AND_STOP: False, flag: tensor([0], dtype=torch.int32), speed: 2115.352
29 Overflow !!
29 : update_scale(): _has_overflow, dynamic. _loss_scale =  1.0
[2022-11-24 14:15:17.106755] Finished iteration 366, CKPT_AND_STOP: False, flag: tensor([0], dtype=torch.int32), speed: 2106.803
29 Overflow !!
29 : update_scale(): _has_overflow, dynamic. _loss_scale =  1.0
[2022-11-24 14:15:19.274104] Finished iteration 367, CKPT_AND_STOP: False, flag: tensor([0], dtype=torch.int32), speed: 2167.312
29 Overflow !!
29 : update_scale(): _has_overflow, dynamic. _loss_scale =  1.0
[2022-11-24 14:15:21.392801] Finished iteration 368, CKPT_AND_STOP: False, flag: tensor([0], dtype=torch.int32), speed: 2118.694
29 Overflow !!
29 : update_scale(): _has_overflow, dynamic. _loss_scale =  1.0
[2022-11-24 14:15:23.545309] Finished iteration 369, CKPT_AND_STOP: False, flag: tensor([0], dtype=torch.int32), speed: 2152.439
29 Overflow !!
29 : update_scale(): _has_overflow, dynamic. _loss_scale =  1.0
[2022-11-24 14:15:25.704966] Finished iteration 370, CKPT_AND_STOP: False, flag: tensor([0], dtype=torch.int32), speed: 2159.672
29 Overflow !!
29 : update_scale(): _has_overflow, dynamic. _loss_scale =  1.0
[2022-11-24 14:15:27.855801] Finished iteration 371, CKPT_AND_STOP: False, flag: tensor([0], dtype=torch.int32), speed: 2150.801
29 Overflow !!
29 : update_scale(): _has_overflow, dynamic. _loss_scale =  1.0
[2022-11-24 14:15:29.967788] Finished iteration 372, CKPT_AND_STOP: False, flag: tensor([0], dtype=torch.int32), speed: 2111.871
29 Overflow !!
29 : update_scale(): _has_overflow, dynamic. _loss_scale =  1.0
[2022-11-24 14:15:32.106240] Finished iteration 373, CKPT_AND_STOP: False, flag: tensor([0], dtype=torch.int32), speed: 2138.499
29 Overflow !!
29 : update_scale(): _has_overflow, dynamic. _loss_scale =  1.0
[2022-11-24 14:15:34.268343] Finished iteration 374, CKPT_AND_STOP: False, flag: tensor([0], dtype=torch.int32), speed: 2162.029
29 Overflow !!
29 : update_scale(): _has_overflow, dynamic. _loss_scale =  1.0
[2022-11-24 14:15:36.392920] Finished iteration 375, CKPT_AND_STOP: False, flag: tensor([0], dtype=torch.int32), speed: 2124.489
29 Overflow !!
29 : update_scale(): _has_overflow, dynamic. _loss_scale =  1.0
[2022-11-24 14:15:38.515734] Finished iteration 376, CKPT_AND_STOP: False, flag: tensor([0], dtype=torch.int32), speed: 2122.836
29 Overflow !!
29 : update_scale(): _has_overflow, dynamic. _loss_scale =  1.0
[2022-11-24 14:15:40.697864] Finished iteration 377, CKPT_AND_STOP: False, flag: tensor([0], dtype=torch.int32), speed: 2182.098
29 Overflow !!
29 : update_scale(): _has_overflow, dynamic. _loss_scale =  1.0
[2022-11-24 14:15:42.815858] Finished iteration 378, CKPT_AND_STOP: False, flag: tensor([0], dtype=torch.int32), speed: 2117.913
29 Overflow !!
29 : update_scale(): _has_overflow, dynamic. _loss_scale =  1.0
[2022-11-24 14:15:44.957080] Finished iteration 379, CKPT_AND_STOP: False, flag: tensor([1], dtype=torch.int32), speed: 2141.180
2022-11-24 14:15:44.961692 Begin to save checkpont to s3://spot-checkpoints/bert and exit
Opt ckpt time 8.22104787826538
Process done with return code 0
Parent process ID: 11787 node: 172.31.27.155
24 cutpoints
Stages 1
13 20868437708.800007
7 13915698585.599995
10 17153729331.199993
8 14622140211.200005
9 15846820659.199995
Predicted microbatch size for 1: 8
comm size 0
GPUS_PER_VM=1 /home/ubuntu/varuna/tools/simulator/simulate-varuna 1 5 0 1286522.0947265625 0
End of simulation:  Mini-batch time (usec) = 2905085
Min send: 10000000, max send 0
Min long send: 10000000, max long send 0
Min fwd: 10000000, max fwd 0; min bwd 10000000, max bwd 0
Min long fwd: 126283, max long fwd 129698; min long bwd 193190, max long bwd 199310
Time taken by simulation: 53 microseconds

Stages 2
13 10987980083.2
19 14996390399.999996
22 16963644723.199997
20 15631126630.400002
Predicted microbatch size for 2: 19
comm size 9961472
WARNING: no send time found, 2 partitions
GPUS_PER_VM=1 /home/ubuntu/varuna/tools/simulator/simulate-varuna 2 4 0 638222.2290039062 542254.6839368516
End of simulation:  Mini-batch time (usec) = 3331662
Min send: 10000000, max send 0
Min long send: 542586, max long send 555338
Min fwd: 107744, max fwd 113936; min bwd 155753, max bwd 158782
Min long fwd: 131842, max long fwd 138676; min long bwd 169332, max long bwd 173300
Time taken by simulation: 95 microseconds

Stages 3
13 7832942284.800001
19 10697074380.8
22 12097432473.599998
23 12575272243.2
24 13035207577.6
Predicted microbatch size for 3: 24
comm size 12582912
WARNING: no send time found, 3 partitions
GPUS_PER_VM=1 /home/ubuntu/varuna/tools/simulator/simulate-varuna 3 5 0 448996.58203125 663682.2411979454
End of simulation:  Mini-batch time (usec) = 4994037
Min send: 10000000, max send 0
Min long send: 664014, max long send 679713
Min fwd: 72258, max fwd 88035; min bwd 119079, max bwd 130804
Min long fwd: 107414, max long fwd 112703; min long bwd 150032, max long bwd 153679
Time taken by simulation: 167 microseconds

Stages 4
13 6255423385.6
19 8547416371.2
22 9664326348.8
23 10045446451.2
24 10412856422.4
Predicted microbatch size for 4: 24
comm size 12582912
WARNING: no send time found, 4 partitions
GPUS_PER_VM=1 /home/ubuntu/varuna/tools/simulator/simulate-varuna 4 7 0 358221.00830078125 663682.2411979454
End of simulation:  Mini-batch time (usec) = 6464795
Min send: 10000000, max send 0
Min long send: 663870, max long send 683729
Min fwd: 53924, max fwd 67812; min bwd 83975, max bwd 97299
Min long fwd: 86081, max long fwd 91318; min long bwd 118237, max long bwd 121834
Time taken by simulation: 312 microseconds

Stages 6
13 4698582732.8
19 6397758361.599999
22 7231220224.0
23 7515620659.2
24 7790505267.2
Predicted microbatch size for 6: 24
comm size 12582912
WARNING: no send time found, 6 partitions
GPUS_PER_VM=1 /home/ubuntu/varuna/tools/simulator/simulate-varuna 6 9 0 241996.6583251953 663682.2411979454
End of simulation:  Mini-batch time (usec) = 9164548
Min send: 10000000, max send 0
Min long send: 663736, max long send 687371
Min fwd: 33746, max fwd 47347; min bwd 54554, max bwd 72477
Min long fwd: 65864, max long fwd 73316; min long bwd 84274, max long bwd 89413
Time taken by simulation: 623 microseconds

Stages 8
13 3930501529.6000004
19 5322929356.799999
22 6014667161.6
23 6250707763.2
24 6479329689.6
Predicted microbatch size for 8: 24
comm size 12582912
WARNING: no send time found, 8 partitions
GPUS_PER_VM=1 /home/ubuntu/varuna/tools/simulator/simulate-varuna 8 15 0 176039.7491455078 663682.2411979454
End of simulation:  Mini-batch time (usec) = 13724566
Min send: 10000000, max send 0
Min long send: 663736, max long send 690844
Min fwd: 22801, max fwd 38139; min bwd 36151, max bwd 55503
Min long fwd: 51106, max long fwd 59884; min long bwd 68124, max long bwd 75476
Time taken by simulation: 1523 microseconds

Stages 12
13 3141742080.0
19 4248100352.0
22 4798114099.200001
23 4985794867.2
24 5168154112.0
Predicted microbatch size for 12: 24
comm size 12582912
WARNING: no send time found, 12 partitions
GPUS_PER_VM=1 /home/ubuntu/varuna/tools/simulator/simulate-varuna 12 22 0 97192.52014160156 663682.2411979454
End of simulation:  Mini-batch time (usec) = 21189724
Min send: 10000000, max send 0
Min long send: 663682, max long send 690844
Min fwd: 10724, max fwd 28920; min bwd 23319, max bwd 41964
Min long fwd: 40826, max long fwd 50474; min long bwd 49192, max long bwd 58811
Time taken by simulation: 3431 microseconds

{1: 2.905085, 2: 3.331662, 3: 4.994037, 4: 6.464795, 6: 9.164548, 8: 13.724566, 12: 21.189724}
{1: 8, 2: 19, 3: 24, 4: 24, 6: 24, 8: 24, 12: 24}
best config is: 2 19
expected time is 3.331662
15 per stage
30 servers!
Config:
ranks: range(29, 30)
train batch size: 1024
partitions: 2
chunk_size: 19
data depth: 15
stage to rank map: 0,2,4,6,8,10,12,14,16,18,20,22,24,26,28;1,3,5,7,9,11,13,15,17,19,21,23,25,27,29;
World size is 30
/opt/conda/envs/varuna/bin/python -u /home/ubuntu/varuna_examples/DeepLearningExamples/PyTorch/LanguageModeling/BERT/run_pretraining.py --rank=29 --chunk_size=19 --local_rank=0 --stage_to_rank_map=0,2,4,6,8,10,12,14,16,18,20,22,24,26,28;1,3,5,7,9,11,13,15,17,19,21,23,25,27,29; --batch-size=68 --input_dir=/hdf5_lower_case_1_seq_len_128_max_pred_20_masked_lm_prob_0.15_random_seed_12345_dupe_factor_5/wikicorpus_en/ --output_dir=s3://spot-checkpoints/bert --config_file=bert_config.json --bert_model=bert-large-uncased --train_batch_size=1024 --max_seq_length=128 --max_predictions_per_seq=20 --max_steps=7038 --warmup_proportion=0.2843 --num_steps_per_checkpoint=200 --learning_rate=6e-3 --seed=12439 --fp16 --gradient_accumulation_steps=128 --allreduce_post_accumulation --allreduce_post_accumulation_fp16 --do_train --json-summary /home/ubuntu/varuna_examples/DeepLearningExamples/PyTorch/LanguageModeling/BERT/results/dllogger.json --varuna --resume_step 380
device: cuda:0 n_gpu: 1, distributed training: True, 16-bits training: True
dry run time 1.0571675300598145
SHARED WEIGHTS ARE
[(0, 1)]
this rank  29 is part of pipeline replica  14
4 chunks
Begin to load checkpint from s3://spot-checkpoints/bert/ckpt_380.pt
2022-11-24 14:16:27.032186 resume step from  380
Signal handler called with signal 10


 STOPPING VARUNA !!



Rank 29 signal handler called with signal 10
2022-11-24 14:17:37.881962 - Finished loading checkpoint, takes 65.846 secs
2022-11-24 14:17:54.289300 Begin to exit
Process done with return code 0
Parent process ID: 13174 node: 172.31.27.155
24 cutpoints
Stages 1
13 20868437708.800007
7 13915698585.599995
10 17153729331.199993
8 14622140211.200005
9 15846820659.199995
Predicted microbatch size for 1: 8
comm size 0
GPUS_PER_VM=1 /home/ubuntu/varuna/tools/simulator/simulate-varuna 1 4 0 3150942.3828125 0
End of simulation:  Mini-batch time (usec) = 4450032
Min send: 10000000, max send 0
Min long send: 10000000, max long send 0
Min fwd: 10000000, max fwd 0; min bwd 10000000, max bwd 0
Min long fwd: 127414, max long fwd 129698; min long bwd 194806, max long bwd 199310
Time taken by simulation: 45 microseconds

Stages 2
13 10987980083.2
19 14996390399.999996
22 16963644723.199997
20 15631126630.400002
Predicted microbatch size for 2: 19
comm size 9961472
WARNING: no send time found, 2 partitions
GPUS_PER_VM=1 /home/ubuntu/varuna/tools/simulator/simulate-varuna 2 4 0 673273.3154296875 542254.6839368516
End of simulation:  Mini-batch time (usec) = 3366713
Min send: 10000000, max send 0
Min long send: 542586, max long send 555338
Min fwd: 107744, max fwd 113936; min bwd 155753, max bwd 158782
Min long fwd: 131842, max long fwd 138676; min long bwd 169332, max long bwd 173300
Time taken by simulation: 101 microseconds

Stages 3
13 7832942284.800001
19 10697074380.8
22 12097432473.599998
23 12575272243.2
24 13035207577.6
Predicted microbatch size for 3: 24
comm size 12582912
WARNING: no send time found, 3 partitions
GPUS_PER_VM=1 /home/ubuntu/varuna/tools/simulator/simulate-varuna 3 5 0 448996.58203125 663682.2411979454
End of simulation:  Mini-batch time (usec) = 4994037
Min send: 10000000, max send 0
Min long send: 664014, max long send 679713
Min fwd: 72258, max fwd 88035; min bwd 119079, max bwd 130804
Min long fwd: 107414, max long fwd 112703; min long bwd 150032, max long bwd 153679
Time taken by simulation: 176 microseconds

Stages 4
13 6255423385.6
19 8547416371.2
22 9664326348.8
23 10045446451.2
24 10412856422.4
Predicted microbatch size for 4: 24
comm size 12582912
WARNING: no send time found, 4 partitions
GPUS_PER_VM=1 /home/ubuntu/varuna/tools/simulator/simulate-varuna 4 6 0 375752.13623046875 663682.2411979454
End of simulation:  Mini-batch time (usec) = 6314108
Min send: 10000000, max send 0
Min long send: 663764, max long send 688387
Min fwd: 53924, max fwd 66948; min bwd 83975, max bwd 98046
Min long fwd: 84759, max long fwd 91250; min long bwd 120659, max long bwd 125455
Time taken by simulation: 286 microseconds

Stages 6
13 4698582732.8
19 6397758361.599999
22 7231220224.0
23 7515620659.2
24 7790505267.2
Predicted microbatch size for 6: 24
comm size 12582912
WARNING: no send time found, 6 partitions
GPUS_PER_VM=1 /home/ubuntu/varuna/tools/simulator/simulate-varuna 6 9 0 241996.6583251953 663682.2411979454
End of simulation:  Mini-batch time (usec) = 9164548
Min send: 10000000, max send 0
Min long send: 663736, max long send 687371
Min fwd: 33746, max fwd 47347; min bwd 54554, max bwd 72477
Min long fwd: 65864, max long fwd 73316; min long bwd 84274, max long bwd 89413
Time taken by simulation: 628 microseconds

Stages 8
13 3930501529.6000004
19 5322929356.799999
22 6014667161.6
23 6250707763.2
24 6479329689.6
Predicted microbatch size for 8: 24
comm size 12582912
WARNING: no send time found, 8 partitions
GPUS_PER_VM=1 /home/ubuntu/varuna/tools/simulator/simulate-varuna 8 11 0 214379.08935546875 663682.2411979454
End of simulation:  Mini-batch time (usec) = 12421079
Min send: 10000000, max send 0
Min long send: 663682, max long send 689782
Min fwd: 22992, max fwd 37161; min bwd 37517, max bwd 55449
Min long fwd: 51419, max long fwd 57045; min long bwd 68935, max long bwd 77274
Time taken by simulation: 1150 microseconds

Stages 12
13 3141742080.0
19 4248100352.0
22 4798114099.200001
23 4985794867.2
24 5168154112.0
Predicted microbatch size for 12: 24
comm size 12582912
WARNING: no send time found, 12 partitions
GPUS_PER_VM=1 /home/ubuntu/varuna/tools/simulator/simulate-varuna 12 22 0 97192.52014160156 663682.2411979454
End of simulation:  Mini-batch time (usec) = 21189724
Min send: 10000000, max send 0
Min long send: 663682, max long send 690844
Min fwd: 10724, max fwd 28920; min bwd 23319, max bwd 41964
Min long fwd: 40826, max long fwd 50474; min long bwd 49192, max long bwd 58811
Time taken by simulation: 3409 microseconds

{1: 4.450032, 2: 3.366713, 3: 4.994037, 4: 6.314108, 6: 9.164548, 8: 12.421079, 12: 21.189724}
{1: 8, 2: 19, 3: 24, 4: 24, 6: 24, 8: 24, 12: 24}
best config is: 2 19
expected time is 3.366713
16 per stage
32 servers!
Config:
ranks: range(29, 30)
train batch size: 1024
partitions: 2
chunk_size: 19
data depth: 16
stage to rank map: 0,2,4,6,8,10,12,14,16,18,20,22,24,26,28,30;1,3,5,7,9,11,13,15,17,19,21,23,25,27,29,31;
World size is 32
/opt/conda/envs/varuna/bin/python -u /home/ubuntu/varuna_examples/DeepLearningExamples/PyTorch/LanguageModeling/BERT/run_pretraining.py --rank=29 --chunk_size=19 --local_rank=0 --stage_to_rank_map=0,2,4,6,8,10,12,14,16,18,20,22,24,26,28,30;1,3,5,7,9,11,13,15,17,19,21,23,25,27,29,31; --batch-size=64 --input_dir=/hdf5_lower_case_1_seq_len_128_max_pred_20_masked_lm_prob_0.15_random_seed_12345_dupe_factor_5/wikicorpus_en/ --output_dir=s3://spot-checkpoints/bert --config_file=bert_config.json --bert_model=bert-large-uncased --train_batch_size=1024 --max_seq_length=128 --max_predictions_per_seq=20 --max_steps=7038 --warmup_proportion=0.2843 --num_steps_per_checkpoint=200 --learning_rate=6e-3 --seed=12439 --fp16 --gradient_accumulation_steps=128 --allreduce_post_accumulation --allreduce_post_accumulation_fp16 --do_train --json-summary /home/ubuntu/varuna_examples/DeepLearningExamples/PyTorch/LanguageModeling/BERT/results/dllogger.json --varuna --resume_step 380
device: cuda:0 n_gpu: 1, distributed training: True, 16-bits training: True
dry run time 0.14501452445983887
SHARED WEIGHTS ARE
[(0, 1)]
this rank  29 is part of pipeline replica  14
4 chunks
Begin to load checkpint from s3://spot-checkpoints/bert/ckpt_380.pt
2022-11-24 14:18:20.764367 resume step from  380
2022-11-24 14:19:21.960019 - Finished loading checkpoint, takes 61.159 secs
29 Overflow !!
29 : update_scale(): _has_overflow, dynamic. _loss_scale =  524288.0
[2022-11-24 14:19:34.548029] Finished iteration 380, CKPT_AND_STOP: False, flag: tensor([0], dtype=torch.int32), speed: 5719.721
29 Overflow !!
29 : update_scale(): _has_overflow, dynamic. _loss_scale =  262144.0
[2022-11-24 14:19:37.741703] Finished iteration 381, CKPT_AND_STOP: False, flag: tensor([0], dtype=torch.int32), speed: 3193.421
29 Overflow !!
29 : update_scale(): _has_overflow, dynamic. _loss_scale =  131072.0
[2022-11-24 14:19:40.910266] Finished iteration 382, CKPT_AND_STOP: False, flag: tensor([0], dtype=torch.int32), speed: 3168.541
29 Overflow !!
29 : update_scale(): _has_overflow, dynamic. _loss_scale =  65536.0
[2022-11-24 14:19:44.059363] Finished iteration 383, CKPT_AND_STOP: False, flag: tensor([0], dtype=torch.int32), speed: 3149.026
29 Overflow !!
29 : update_scale(): _has_overflow, dynamic. _loss_scale =  32768.0
[2022-11-24 14:19:47.213182] Finished iteration 384, CKPT_AND_STOP: False, flag: tensor([0], dtype=torch.int32), speed: 3153.776
29 Overflow !!
29 : update_scale(): _has_overflow, dynamic. _loss_scale =  16384.0
[2022-11-24 14:19:49.554408] Finished iteration 385, CKPT_AND_STOP: False, flag: tensor([0], dtype=torch.int32), speed: 2341.125
29 Overflow !!
29 : update_scale(): _has_overflow, dynamic. _loss_scale =  8192.0
[2022-11-24 14:19:51.663755] Finished iteration 386, CKPT_AND_STOP: False, flag: tensor([0], dtype=torch.int32), speed: 2109.326
29 Overflow !!
29 : update_scale(): _has_overflow, dynamic. _loss_scale =  4096.0
[2022-11-24 14:19:53.812790] Finished iteration 387, CKPT_AND_STOP: False, flag: tensor([0], dtype=torch.int32), speed: 2149.050
29 Overflow !!
29 : update_scale(): _has_overflow, dynamic. _loss_scale =  2048.0
[2022-11-24 14:19:55.880853] Finished iteration 388, CKPT_AND_STOP: False, flag: tensor([0], dtype=torch.int32), speed: 2067.991
29 Overflow !!
29 : update_scale(): _has_overflow, dynamic. _loss_scale =  1024.0
[2022-11-24 14:19:57.960415] Finished iteration 389, CKPT_AND_STOP: False, flag: tensor([0], dtype=torch.int32), speed: 2079.535
29 Overflow !!
29 : update_scale(): _has_overflow, dynamic. _loss_scale =  512.0
[2022-11-24 14:20:00.059989] Finished iteration 390, CKPT_AND_STOP: False, flag: tensor([0], dtype=torch.int32), speed: 2099.563
29 Overflow !!
29 : update_scale(): _has_overflow, dynamic. _loss_scale =  256.0
[2022-11-24 14:20:02.202126] Finished iteration 391, CKPT_AND_STOP: False, flag: tensor([0], dtype=torch.int32), speed: 2142.099
29 Overflow !!
29 : update_scale(): _has_overflow, dynamic. _loss_scale =  128.0
[2022-11-24 14:20:05.146880] Finished iteration 392, CKPT_AND_STOP: False, flag: tensor([0], dtype=torch.int32), speed: 2944.715
29 Overflow !!
29 : update_scale(): _has_overflow, dynamic. _loss_scale =  64.0
[2022-11-24 14:20:07.256502] Finished iteration 393, CKPT_AND_STOP: False, flag: tensor([0], dtype=torch.int32), speed: 2109.658
29 Overflow !!
29 : update_scale(): _has_overflow, dynamic. _loss_scale =  32.0
[2022-11-24 14:20:09.350723] Finished iteration 394, CKPT_AND_STOP: False, flag: tensor([0], dtype=torch.int32), speed: 2094.247
29 Overflow !!
29 : update_scale(): _has_overflow, dynamic. _loss_scale =  16.0
[2022-11-24 14:20:12.386566] Finished iteration 395, CKPT_AND_STOP: False, flag: tensor([0], dtype=torch.int32), speed: 3035.702
29 Overflow !!
29 : update_scale(): _has_overflow, dynamic. _loss_scale =  8.0
[2022-11-24 14:20:14.477552] Finished iteration 396, CKPT_AND_STOP: False, flag: tensor([0], dtype=torch.int32), speed: 2090.928
29 Overflow !!
29 : update_scale(): _has_overflow, dynamic. _loss_scale =  4.0
[2022-11-24 14:20:16.549774] Finished iteration 397, CKPT_AND_STOP: False, flag: tensor([0], dtype=torch.int32), speed: 2072.186
29 Overflow !!
29 : update_scale(): _has_overflow, dynamic. _loss_scale =  2.0
[2022-11-24 14:20:18.634793] Finished iteration 398, CKPT_AND_STOP: False, flag: tensor([0], dtype=torch.int32), speed: 2084.979
29 Overflow !!
29 : update_scale(): _has_overflow, dynamic. _loss_scale =  1.0
[2022-11-24 14:20:20.685650] Finished iteration 399, CKPT_AND_STOP: False, flag: tensor([0], dtype=torch.int32), speed: 2050.879
29 Overflow !!
29 : update_scale(): _has_overflow, dynamic. _loss_scale =  1.0
[2022-11-24 14:20:22.760683] Finished iteration 400, CKPT_AND_STOP: False, flag: tensor([0], dtype=torch.int32), speed: 2074.992
29 Overflow !!
29 : update_scale(): _has_overflow, dynamic. _loss_scale =  1.0
[2022-11-24 14:20:24.876202] Finished iteration 401, CKPT_AND_STOP: False, flag: tensor([0], dtype=torch.int32), speed: 2115.437
29 Overflow !!
29 : update_scale(): _has_overflow, dynamic. _loss_scale =  1.0
[2022-11-24 14:20:26.989507] Finished iteration 402, CKPT_AND_STOP: False, flag: tensor([0], dtype=torch.int32), speed: 2113.291
29 Overflow !!
29 : update_scale(): _has_overflow, dynamic. _loss_scale =  1.0
[2022-11-24 14:20:29.632167] Finished iteration 403, CKPT_AND_STOP: False, flag: tensor([0], dtype=torch.int32), speed: 2642.590
29 Overflow !!
29 : update_scale(): _has_overflow, dynamic. _loss_scale =  1.0
[2022-11-24 14:20:31.801121] Finished iteration 404, CKPT_AND_STOP: False, flag: tensor([0], dtype=torch.int32), speed: 2168.935
29 Overflow !!
29 : update_scale(): _has_overflow, dynamic. _loss_scale =  1.0
[2022-11-24 14:20:33.878592] Finished iteration 405, CKPT_AND_STOP: False, flag: tensor([0], dtype=torch.int32), speed: 2077.464
29 Overflow !!
29 : update_scale(): _has_overflow, dynamic. _loss_scale =  1.0
[2022-11-24 14:20:35.998034] Finished iteration 406, CKPT_AND_STOP: False, flag: tensor([0], dtype=torch.int32), speed: 2119.372
29 Overflow !!
29 : update_scale(): _has_overflow, dynamic. _loss_scale =  1.0
[2022-11-24 14:20:38.094561] Finished iteration 407, CKPT_AND_STOP: False, flag: tensor([0], dtype=torch.int32), speed: 2096.520
29 Overflow !!
29 : update_scale(): _has_overflow, dynamic. _loss_scale =  1.0
[2022-11-24 14:20:40.229679] Finished iteration 408, CKPT_AND_STOP: False, flag: tensor([0], dtype=torch.int32), speed: 2135.070
29 Overflow !!
29 : update_scale(): _has_overflow, dynamic. _loss_scale =  1.0
[2022-11-24 14:20:42.294851] Finished iteration 409, CKPT_AND_STOP: False, flag: tensor([0], dtype=torch.int32), speed: 2065.136
29 Overflow !!
29 : update_scale(): _has_overflow, dynamic. _loss_scale =  1.0
[2022-11-24 14:20:44.369406] Finished iteration 410, CKPT_AND_STOP: False, flag: tensor([0], dtype=torch.int32), speed: 2074.636
29 Overflow !!
29 : update_scale(): _has_overflow, dynamic. _loss_scale =  1.0
[2022-11-24 14:20:46.484520] Finished iteration 411, CKPT_AND_STOP: False, flag: tensor([0], dtype=torch.int32), speed: 2115.068
29 Overflow !!
29 : update_scale(): _has_overflow, dynamic. _loss_scale =  1.0
[2022-11-24 14:20:48.569607] Finished iteration 412, CKPT_AND_STOP: False, flag: tensor([0], dtype=torch.int32), speed: 2084.884
29 Overflow !!
29 : update_scale(): _has_overflow, dynamic. _loss_scale =  1.0
[2022-11-24 14:20:50.665721] Finished iteration 413, CKPT_AND_STOP: False, flag: tensor([0], dtype=torch.int32), speed: 2096.060
29 Overflow !!
29 : update_scale(): _has_overflow, dynamic. _loss_scale =  1.0
[2022-11-24 14:20:52.758001] Finished iteration 414, CKPT_AND_STOP: False, flag: tensor([0], dtype=torch.int32), speed: 2092.253
29 Overflow !!
29 : update_scale(): _has_overflow, dynamic. _loss_scale =  1.0
[2022-11-24 14:20:54.901459] Finished iteration 415, CKPT_AND_STOP: False, flag: tensor([0], dtype=torch.int32), speed: 2143.486
29 Overflow !!
29 : update_scale(): _has_overflow, dynamic. _loss_scale =  1.0
[2022-11-24 14:20:56.952313] Finished iteration 416, CKPT_AND_STOP: False, flag: tensor([0], dtype=torch.int32), speed: 2050.750
29 Overflow !!
29 : update_scale(): _has_overflow, dynamic. _loss_scale =  1.0
[2022-11-24 14:20:59.109233] Finished iteration 417, CKPT_AND_STOP: False, flag: tensor([0], dtype=torch.int32), speed: 2156.918
29 Overflow !!
29 : update_scale(): _has_overflow, dynamic. _loss_scale =  1.0
[2022-11-24 14:21:01.190898] Finished iteration 418, CKPT_AND_STOP: False, flag: tensor([0], dtype=torch.int32), speed: 2081.625
29 Overflow !!
29 : update_scale(): _has_overflow, dynamic. _loss_scale =  1.0
[2022-11-24 14:21:03.269399] Finished iteration 419, CKPT_AND_STOP: False, flag: tensor([0], dtype=torch.int32), speed: 2078.467
29 Overflow !!
29 : update_scale(): _has_overflow, dynamic. _loss_scale =  1.0
[2022-11-24 14:21:05.377690] Finished iteration 420, CKPT_AND_STOP: False, flag: tensor([0], dtype=torch.int32), speed: 2108.267
29 Overflow !!
29 : update_scale(): _has_overflow, dynamic. _loss_scale =  1.0
[2022-11-24 14:21:07.450755] Finished iteration 421, CKPT_AND_STOP: False, flag: tensor([0], dtype=torch.int32), speed: 2073.088
29 Overflow !!
29 : update_scale(): _has_overflow, dynamic. _loss_scale =  1.0
[2022-11-24 14:21:09.588533] Finished iteration 422, CKPT_AND_STOP: False, flag: tensor([0], dtype=torch.int32), speed: 2137.663
29 Overflow !!
29 : update_scale(): _has_overflow, dynamic. _loss_scale =  1.0
[2022-11-24 14:21:11.678914] Finished iteration 423, CKPT_AND_STOP: False, flag: tensor([0], dtype=torch.int32), speed: 2090.344
29 Overflow !!
29 : update_scale(): _has_overflow, dynamic. _loss_scale =  1.0
[2022-11-24 14:21:13.804417] Finished iteration 424, CKPT_AND_STOP: False, flag: tensor([0], dtype=torch.int32), speed: 2125.535
29 Overflow !!
29 : update_scale(): _has_overflow, dynamic. _loss_scale =  1.0
[2022-11-24 14:21:15.914849] Finished iteration 425, CKPT_AND_STOP: False, flag: tensor([0], dtype=torch.int32), speed: 2110.365
29 Overflow !!
29 : update_scale(): _has_overflow, dynamic. _loss_scale =  1.0
[2022-11-24 14:21:18.013873] Finished iteration 426, CKPT_AND_STOP: False, flag: tensor([0], dtype=torch.int32), speed: 2098.981
29 Overflow !!
29 : update_scale(): _has_overflow, dynamic. _loss_scale =  1.0
[2022-11-24 14:21:20.075799] Finished iteration 427, CKPT_AND_STOP: False, flag: tensor([0], dtype=torch.int32), speed: 2061.905
29 Overflow !!
29 : update_scale(): _has_overflow, dynamic. _loss_scale =  1.0
[2022-11-24 14:21:22.179447] Finished iteration 428, CKPT_AND_STOP: False, flag: tensor([0], dtype=torch.int32), speed: 2103.605
29 Overflow !!
29 : update_scale(): _has_overflow, dynamic. _loss_scale =  1.0
[2022-11-24 14:21:24.228903] Finished iteration 429, CKPT_AND_STOP: False, flag: tensor([0], dtype=torch.int32), speed: 2049.384
29 Overflow !!
29 : update_scale(): _has_overflow, dynamic. _loss_scale =  1.0
[2022-11-24 14:21:26.328010] Finished iteration 430, CKPT_AND_STOP: False, flag: tensor([0], dtype=torch.int32), speed: 2099.098
29 Overflow !!
29 : update_scale(): _has_overflow, dynamic. _loss_scale =  1.0
[2022-11-24 14:21:28.393465] Finished iteration 431, CKPT_AND_STOP: False, flag: tensor([0], dtype=torch.int32), speed: 2065.400
29 Overflow !!
29 : update_scale(): _has_overflow, dynamic. _loss_scale =  1.0
[2022-11-24 14:21:30.481540] Finished iteration 432, CKPT_AND_STOP: False, flag: tensor([0], dtype=torch.int32), speed: 2088.014
29 Overflow !!
29 : update_scale(): _has_overflow, dynamic. _loss_scale =  1.0
[2022-11-24 14:21:32.558014] Finished iteration 433, CKPT_AND_STOP: False, flag: tensor([0], dtype=torch.int32), speed: 2076.443
29 Overflow !!
29 : update_scale(): _has_overflow, dynamic. _loss_scale =  1.0
[2022-11-24 14:21:34.699142] Finished iteration 434, CKPT_AND_STOP: False, flag: tensor([0], dtype=torch.int32), speed: 2141.105
29 Overflow !!
29 : update_scale(): _has_overflow, dynamic. _loss_scale =  1.0
[2022-11-24 14:21:36.858482] Finished iteration 435, CKPT_AND_STOP: False, flag: tensor([0], dtype=torch.int32), speed: 2159.375
29 Overflow !!
29 : update_scale(): _has_overflow, dynamic. _loss_scale =  1.0
[2022-11-24 14:21:39.030139] Finished iteration 436, CKPT_AND_STOP: False, flag: tensor([0], dtype=torch.int32), speed: 2171.619
29 Overflow !!
29 : update_scale(): _has_overflow, dynamic. _loss_scale =  1.0
[2022-11-24 14:21:41.155389] Finished iteration 437, CKPT_AND_STOP: False, flag: tensor([0], dtype=torch.int32), speed: 2125.182
29 Overflow !!
29 : update_scale(): _has_overflow, dynamic. _loss_scale =  1.0
[2022-11-24 14:21:43.343573] Finished iteration 438, CKPT_AND_STOP: False, flag: tensor([0], dtype=torch.int32), speed: 2188.293
29 Overflow !!
29 : update_scale(): _has_overflow, dynamic. _loss_scale =  1.0
[2022-11-24 14:21:45.442299] Finished iteration 439, CKPT_AND_STOP: False, flag: tensor([0], dtype=torch.int32), speed: 2098.521
29 Overflow !!
29 : update_scale(): _has_overflow, dynamic. _loss_scale =  1.0
[2022-11-24 14:21:47.579529] Finished iteration 440, CKPT_AND_STOP: False, flag: tensor([0], dtype=torch.int32), speed: 2137.195
29 Overflow !!
29 : update_scale(): _has_overflow, dynamic. _loss_scale =  1.0
[2022-11-24 14:21:49.676062] Finished iteration 441, CKPT_AND_STOP: False, flag: tensor([0], dtype=torch.int32), speed: 2096.518
29 Overflow !!
29 : update_scale(): _has_overflow, dynamic. _loss_scale =  1.0
[2022-11-24 14:21:51.805903] Finished iteration 442, CKPT_AND_STOP: False, flag: tensor([0], dtype=torch.int32), speed: 2129.811
29 Overflow !!
29 : update_scale(): _has_overflow, dynamic. _loss_scale =  1.0
[2022-11-24 14:21:53.888324] Finished iteration 443, CKPT_AND_STOP: False, flag: tensor([0], dtype=torch.int32), speed: 2082.484
29 Overflow !!
29 : update_scale(): _has_overflow, dynamic. _loss_scale =  1.0
[2022-11-24 14:21:56.014600] Finished iteration 444, CKPT_AND_STOP: False, flag: tensor([0], dtype=torch.int32), speed: 2126.173
29 Overflow !!
29 : update_scale(): _has_overflow, dynamic. _loss_scale =  1.0
[2022-11-24 14:21:58.110374] Finished iteration 445, CKPT_AND_STOP: False, flag: tensor([0], dtype=torch.int32), speed: 2095.712
29 Overflow !!
29 : update_scale(): _has_overflow, dynamic. _loss_scale =  1.0
[2022-11-24 14:22:00.204315] Finished iteration 446, CKPT_AND_STOP: False, flag: tensor([0], dtype=torch.int32), speed: 2093.913
29 Overflow !!
29 : update_scale(): _has_overflow, dynamic. _loss_scale =  1.0
[2022-11-24 14:22:02.252571] Finished iteration 447, CKPT_AND_STOP: False, flag: tensor([0], dtype=torch.int32), speed: 2048.369
29 Overflow !!
29 : update_scale(): _has_overflow, dynamic. _loss_scale =  1.0
[2022-11-24 14:22:04.359373] Finished iteration 448, CKPT_AND_STOP: False, flag: tensor([0], dtype=torch.int32), speed: 2106.654
29 Overflow !!
29 : update_scale(): _has_overflow, dynamic. _loss_scale =  1.0
[2022-11-24 14:22:06.471453] Finished iteration 449, CKPT_AND_STOP: False, flag: tensor([0], dtype=torch.int32), speed: 2112.003
29 Overflow !!
29 : update_scale(): _has_overflow, dynamic. _loss_scale =  1.0
[2022-11-24 14:22:08.545903] Finished iteration 450, CKPT_AND_STOP: False, flag: tensor([0], dtype=torch.int32), speed: 2074.491
29 Overflow !!
29 : update_scale(): _has_overflow, dynamic. _loss_scale =  1.0
[2022-11-24 14:22:10.653206] Finished iteration 451, CKPT_AND_STOP: False, flag: tensor([0], dtype=torch.int32), speed: 2107.352
29 Overflow !!
29 : update_scale(): _has_overflow, dynamic. _loss_scale =  1.0
[2022-11-24 14:22:12.832587] Finished iteration 452, CKPT_AND_STOP: False, flag: tensor([0], dtype=torch.int32), speed: 2179.319
29 Overflow !!
29 : update_scale(): _has_overflow, dynamic. _loss_scale =  1.0
[2022-11-24 14:22:14.931921] Finished iteration 453, CKPT_AND_STOP: False, flag: tensor([0], dtype=torch.int32), speed: 2099.128
29 Overflow !!
29 : update_scale(): _has_overflow, dynamic. _loss_scale =  1.0
[2022-11-24 14:22:17.058288] Finished iteration 454, CKPT_AND_STOP: False, flag: tensor([0], dtype=torch.int32), speed: 2126.375
29 Overflow !!
29 : update_scale(): _has_overflow, dynamic. _loss_scale =  1.0
[2022-11-24 14:22:19.116502] Finished iteration 455, CKPT_AND_STOP: False, flag: tensor([0], dtype=torch.int32), speed: 2058.151
29 Overflow !!
29 : update_scale(): _has_overflow, dynamic. _loss_scale =  1.0
[2022-11-24 14:22:21.192835] Finished iteration 456, CKPT_AND_STOP: False, flag: tensor([0], dtype=torch.int32), speed: 2076.304
29 Overflow !!
29 : update_scale(): _has_overflow, dynamic. _loss_scale =  1.0
[2022-11-24 14:22:24.179411] Finished iteration 457, CKPT_AND_STOP: False, flag: tensor([0], dtype=torch.int32), speed: 2986.568
29 Overflow !!
29 : update_scale(): _has_overflow, dynamic. _loss_scale =  1.0
[2022-11-24 14:22:26.272575] Finished iteration 458, CKPT_AND_STOP: False, flag: tensor([0], dtype=torch.int32), speed: 2093.122
29 Overflow !!
29 : update_scale(): _has_overflow, dynamic. _loss_scale =  1.0
[2022-11-24 14:22:28.309028] Finished iteration 459, CKPT_AND_STOP: False, flag: tensor([0], dtype=torch.int32), speed: 2036.460
29 Overflow !!
29 : update_scale(): _has_overflow, dynamic. _loss_scale =  1.0
[2022-11-24 14:22:30.383721] Finished iteration 460, CKPT_AND_STOP: False, flag: tensor([0], dtype=torch.int32), speed: 2074.695
29 Overflow !!
29 : update_scale(): _has_overflow, dynamic. _loss_scale =  1.0
[2022-11-24 14:22:32.482663] Finished iteration 461, CKPT_AND_STOP: False, flag: tensor([0], dtype=torch.int32), speed: 2098.871
29 Overflow !!
29 : update_scale(): _has_overflow, dynamic. _loss_scale =  1.0
[2022-11-24 14:22:34.586033] Finished iteration 462, CKPT_AND_STOP: False, flag: tensor([0], dtype=torch.int32), speed: 2103.367
29 Overflow !!
29 : update_scale(): _has_overflow, dynamic. _loss_scale =  1.0
[2022-11-24 14:22:36.651724] Finished iteration 463, CKPT_AND_STOP: False, flag: tensor([0], dtype=torch.int32), speed: 2065.583
29 Overflow !!
29 : update_scale(): _has_overflow, dynamic. _loss_scale =  1.0
[2022-11-24 14:22:38.782737] Finished iteration 464, CKPT_AND_STOP: False, flag: tensor([0], dtype=torch.int32), speed: 2130.989
29 Overflow !!
29 : update_scale(): _has_overflow, dynamic. _loss_scale =  1.0
[2022-11-24 14:22:40.820931] Finished iteration 465, CKPT_AND_STOP: False, flag: tensor([0], dtype=torch.int32), speed: 2038.180
29 Overflow !!
29 : update_scale(): _has_overflow, dynamic. _loss_scale =  1.0
[2022-11-24 14:22:42.940979] Finished iteration 466, CKPT_AND_STOP: False, flag: tensor([0], dtype=torch.int32), speed: 2120.084
