Traceback (most recent call last):
  File "/home/ubuntu/varuna_examples/DeepLearningExamples/PyTorch/LanguageModeling/BERT/run_pretraining.py", line 846, in <module>
    args, final_loss, train_time_raw, global_step = main()
  File "/home/ubuntu/varuna_examples/DeepLearningExamples/PyTorch/LanguageModeling/BERT/run_pretraining.py", line 644, in main
    dist.all_reduce(flag)
  File "/opt/conda/envs/varuna/lib/python3.9/site-packages/torch/distributed/distributed_c10d.py", line 1321, in all_reduce
    work.wait()
RuntimeError: [/opt/conda/conda-bld/pytorch_1646755888534/work/third_party/gloo/gloo/transport/tcp/pair.cc:598] Connection closed by peer [172.31.30.133]:39086
Terminated

Usage:
 kill [options] <pid> [...]

Options:
 <pid> [...]            send signal to every <pid> listed
 -<signal>, -s, --signal <signal>
                        specify the <signal> to be sent
 -l, --list=[<signal>]  list all signal names, or convert one to a name
 -L, --table            list all signal names in a nice table

 -h, --help     display this help and exit
 -V, --version  output version information and exit

For more details see kill(1).
