Parent process ID: 29497 node: 172.31.17.44
24 cutpoints
Stages 1
13 20868437708.800007
7 13915698585.599995
10 17153729331.199993
8 14622140211.200005
9 15846820659.199995
Predicted microbatch size for 1: 8
comm size 0
GPUS_PER_VM=1 /home/ubuntu/varuna/tools/simulator/simulate-varuna 1 7 0 1318861.9384765625 0
End of simulation:  Mini-batch time (usec) = 3575127
Min send: 10000000, max send 0
Min long send: 10000000, max long send 0
Min fwd: 10000000, max fwd 0; min bwd 10000000, max bwd 0
Min long fwd: 125868, max long fwd 129698; min long bwd 191031, max long bwd 199310
Time taken by simulation: 50 microseconds

Stages 2
13 10987980083.2
19 14996390399.999996
22 16963644723.199997
20 15631126630.400002
Predicted microbatch size for 2: 19
comm size 9961472
WARNING: no send time found, 2 partitions
GPUS_PER_VM=1 /home/ubuntu/varuna/tools/simulator/simulate-varuna 2 6 0 608928.955078125 542254.6839368516
End of simulation:  Mini-batch time (usec) = 3931026
Min send: 10000000, max send 0
Min long send: 542586, max long send 555338
Min fwd: 106816, max fwd 113936; min bwd 153953, max bwd 157645
Min long fwd: 134083, max long fwd 138708; min long bwd 168934, max long bwd 174223
Time taken by simulation: 127 microseconds

Stages 3
13 7832942284.800001
19 10697074380.8
22 12097432473.599998
23 12575272243.2
24 13035207577.6
Predicted microbatch size for 3: 24
comm size 12582912
WARNING: no send time found, 3 partitions
GPUS_PER_VM=1 /home/ubuntu/varuna/tools/simulator/simulate-varuna 3 8 0 399702.3010253906 663682.2411979454
End of simulation:  Mini-batch time (usec) = 5733616
Min send: 10000000, max send 0
Min long send: 663764, max long send 684071
Min fwd: 70710, max fwd 87166; min bwd 113708, max bwd 132902
Min long fwd: 107949, max long fwd 112670; min long bwd 147972, max long bwd 155784
Time taken by simulation: 264 microseconds

Stages 4
13 6255423385.6
19 8547416371.2
22 9664326348.8
23 10045446451.2
24 10412856422.4
Predicted microbatch size for 4: 24
comm size 12582912
WARNING: no send time found, 4 partitions
GPUS_PER_VM=1 /home/ubuntu/varuna/tools/simulator/simulate-varuna 4 11 0 298590.2404785156 663682.2411979454
End of simulation:  Mini-batch time (usec) = 7279061
Min send: 10000000, max send 0
Min long send: 663870, max long send 686148
Min fwd: 51765, max fwd 67812; min bwd 85632, max bwd 99460
Min long fwd: 85707, max long fwd 91318; min long bwd 118788, max long bwd 124254
Time taken by simulation: 494 microseconds

Stages 6
13 4698582732.8
19 6397758361.599999
22 7231220224.0
23 7515620659.2
24 7790505267.2
Predicted microbatch size for 6: 24
comm size 12582912
WARNING: no send time found, 6 partitions
GPUS_PER_VM=1 /home/ubuntu/varuna/tools/simulator/simulate-varuna 6 15 0 205807.43408203125 663682.2411979454
End of simulation:  Mini-batch time (usec) = 11152793
Min send: 10000000, max send 0
Min long send: 663736, max long send 688387
Min fwd: 32603, max fwd 47172; min bwd 54003, max bwd 69793
Min long fwd: 66617, max long fwd 70492; min long bwd 81618, max long bwd 89601
Time taken by simulation: 1072 microseconds

Stages 8
13 3930501529.6000004
19 5322929356.799999
22 6014667161.6
23 6250707763.2
24 6479329689.6
Predicted microbatch size for 8: 24
comm size 12582912
WARNING: no send time found, 8 partitions
GPUS_PER_VM=1 /home/ubuntu/varuna/tools/simulator/simulate-varuna 8 22 0 120660.06469726562 663682.2411979454
End of simulation:  Mini-batch time (usec) = 15792286
Min send: 10000000, max send 0
Min long send: 663682, max long send 690844
Min fwd: 23237, max fwd 38139; min bwd 35712, max bwd 56890
Min long fwd: 51613, max long fwd 57677; min long bwd 69478, max long bwd 76496
Time taken by simulation: 2292 microseconds

Stages 12
13 3141742080.0
19 4248100352.0
22 4798114099.200001
23 4985794867.2
24 5168154112.0
Predicted microbatch size for 12: 24
comm size 12582912
WARNING: no send time found, 12 partitions
GPUS_PER_VM=1 /home/ubuntu/varuna/tools/simulator/simulate-varuna 12 43 0 0 663682.2411979454
End of simulation:  Mini-batch time (usec) = 28245316
Min send: 10000000, max send 0
Min long send: 663682, max long send 693511
Min fwd: 10606, max fwd 31119; min bwd 22396, max bwd 41317
Min long fwd: 40838, max long fwd 49874; min long bwd 47936, max long bwd 55473
Time taken by simulation: 6946 microseconds

{1: 3.575127, 2: 3.931026, 3: 5.733616, 4: 7.279061, 6: 11.152793, 8: 15.792286, 12: 28.245316}
{1: 8, 2: 19, 3: 24, 4: 24, 6: 24, 8: 24, 12: 24}
best config is: 2 19
expected time is 3.931026
9 per stage
18 servers!
Config:
ranks: range(11, 12)
train batch size: 1024
partitions: 2
chunk_size: 19
data depth: 9
stage to rank map: 0,2,4,6,8,10,12,14,16;1,3,5,7,9,11,13,15,17;
World size is 18
/opt/conda/envs/varuna/bin/python -u /home/ubuntu/varuna_examples/DeepLearningExamples/PyTorch/LanguageModeling/BERT/run_pretraining.py --rank=11 --chunk_size=19 --local_rank=0 --stage_to_rank_map=0,2,4,6,8,10,12,14,16;1,3,5,7,9,11,13,15,17; --batch-size=113 --input_dir=/hdf5_lower_case_1_seq_len_128_max_pred_20_masked_lm_prob_0.15_random_seed_12345_dupe_factor_5/wikicorpus_en/ --output_dir=s3://spot-checkpoints/bert --config_file=bert_config.json --bert_model=bert-large-uncased --train_batch_size=1024 --max_seq_length=128 --max_predictions_per_seq=20 --max_steps=7038 --warmup_proportion=0.2843 --num_steps_per_checkpoint=200 --learning_rate=6e-3 --seed=12439 --fp16 --gradient_accumulation_steps=128 --allreduce_post_accumulation --allreduce_post_accumulation_fp16 --do_train --json-summary /home/ubuntu/varuna_examples/DeepLearningExamples/PyTorch/LanguageModeling/BERT/results/dllogger.json --varuna
device: cuda:0 n_gpu: 1, distributed training: True, 16-bits training: True
dry run time 0.013515710830688477
SHARED WEIGHTS ARE
[(0, 1)]
this rank  11 is part of pipeline replica  5
6 chunks
11 Overflow !!
11 : update_scale(): _has_overflow, dynamic. _loss_scale =  524288.0
[2022-11-24 14:43:27.785998] Finished iteration 0, CKPT_AND_STOP: False, flag: tensor([0], dtype=torch.int32), speed: 5675.901
11 Overflow !!
11 : update_scale(): _has_overflow, dynamic. _loss_scale =  262144.0
[2022-11-24 14:43:30.654397] Finished iteration 1, CKPT_AND_STOP: False, flag: tensor([0], dtype=torch.int32), speed: 2868.055
11 Overflow !!
11 : update_scale(): _has_overflow, dynamic. _loss_scale =  131072.0
[2022-11-24 14:43:33.491270] Finished iteration 2, CKPT_AND_STOP: False, flag: tensor([0], dtype=torch.int32), speed: 2836.803
11 Overflow !!
11 : update_scale(): _has_overflow, dynamic. _loss_scale =  65536.0
[2022-11-24 14:43:37.334895] Finished iteration 3, CKPT_AND_STOP: False, flag: tensor([0], dtype=torch.int32), speed: 3843.696
11 Overflow !!
11 : update_scale(): _has_overflow, dynamic. _loss_scale =  32768.0
[2022-11-24 14:43:41.097425] Finished iteration 4, CKPT_AND_STOP: False, flag: tensor([0], dtype=torch.int32), speed: 3762.459
11 Overflow !!
11 : update_scale(): _has_overflow, dynamic. _loss_scale =  16384.0
[2022-11-24 14:43:43.839822] Finished iteration 5, CKPT_AND_STOP: False, flag: tensor([0], dtype=torch.int32), speed: 2742.325
11 Overflow !!
11 : update_scale(): _has_overflow, dynamic. _loss_scale =  8192.0
[2022-11-24 14:43:46.659099] Finished iteration 6, CKPT_AND_STOP: False, flag: tensor([0], dtype=torch.int32), speed: 2819.251
11 Overflow !!
11 : update_scale(): _has_overflow, dynamic. _loss_scale =  4096.0
[2022-11-24 14:43:49.465632] Finished iteration 7, CKPT_AND_STOP: False, flag: tensor([0], dtype=torch.int32), speed: 2806.488
11 Overflow !!
11 : update_scale(): _has_overflow, dynamic. _loss_scale =  2048.0
[2022-11-24 14:43:52.249845] Finished iteration 8, CKPT_AND_STOP: False, flag: tensor([0], dtype=torch.int32), speed: 2784.192
11 Overflow !!
11 : update_scale(): _has_overflow, dynamic. _loss_scale =  1024.0
[2022-11-24 14:43:55.237555] Finished iteration 9, CKPT_AND_STOP: False, flag: tensor([0], dtype=torch.int32), speed: 2987.660
11 Overflow !!
11 : update_scale(): _has_overflow, dynamic. _loss_scale =  512.0
[2022-11-24 14:43:58.025819] Finished iteration 10, CKPT_AND_STOP: False, flag: tensor([0], dtype=torch.int32), speed: 2788.358
11 Overflow !!
11 : update_scale(): _has_overflow, dynamic. _loss_scale =  256.0
[2022-11-24 14:44:00.815122] Finished iteration 11, CKPT_AND_STOP: False, flag: tensor([0], dtype=torch.int32), speed: 2789.306
11 Overflow !!
11 : update_scale(): _has_overflow, dynamic. _loss_scale =  128.0
[2022-11-24 14:44:03.615073] Finished iteration 12, CKPT_AND_STOP: False, flag: tensor([0], dtype=torch.int32), speed: 2799.756
11 Overflow !!
11 : update_scale(): _has_overflow, dynamic. _loss_scale =  64.0
[2022-11-24 14:44:06.456472] Finished iteration 13, CKPT_AND_STOP: False, flag: tensor([0], dtype=torch.int32), speed: 2841.306
11 Overflow !!
11 : update_scale(): _has_overflow, dynamic. _loss_scale =  32.0
[2022-11-24 14:44:09.275308] Finished iteration 14, CKPT_AND_STOP: False, flag: tensor([0], dtype=torch.int32), speed: 2818.803
11 Overflow !!
11 : update_scale(): _has_overflow, dynamic. _loss_scale =  16.0
[2022-11-24 14:44:12.098595] Finished iteration 15, CKPT_AND_STOP: False, flag: tensor([0], dtype=torch.int32), speed: 2823.248
11 Overflow !!
11 : update_scale(): _has_overflow, dynamic. _loss_scale =  8.0
[2022-11-24 14:44:14.902300] Finished iteration 16, CKPT_AND_STOP: False, flag: tensor([0], dtype=torch.int32), speed: 2803.813
11 Overflow !!
11 : update_scale(): _has_overflow, dynamic. _loss_scale =  4.0
[2022-11-24 14:44:17.741306] Finished iteration 17, CKPT_AND_STOP: False, flag: tensor([0], dtype=torch.int32), speed: 2838.940
11 Overflow !!
11 : update_scale(): _has_overflow, dynamic. _loss_scale =  2.0
[2022-11-24 14:44:20.581316] Finished iteration 18, CKPT_AND_STOP: False, flag: tensor([0], dtype=torch.int32), speed: 2839.862
11 Overflow !!
11 : update_scale(): _has_overflow, dynamic. _loss_scale =  1.0
[2022-11-24 14:44:23.371636] Finished iteration 19, CKPT_AND_STOP: False, flag: tensor([0], dtype=torch.int32), speed: 2790.283
11 Overflow !!
11 : update_scale(): _has_overflow, dynamic. _loss_scale =  1.0
[2022-11-24 14:44:26.140885] Finished iteration 20, CKPT_AND_STOP: False, flag: tensor([0], dtype=torch.int32), speed: 2769.362
11 Overflow !!
11 : update_scale(): _has_overflow, dynamic. _loss_scale =  1.0
[2022-11-24 14:44:28.969423] Finished iteration 21, CKPT_AND_STOP: False, flag: tensor([0], dtype=torch.int32), speed: 2828.520
11 Overflow !!
11 : update_scale(): _has_overflow, dynamic. _loss_scale =  1.0
[2022-11-24 14:44:31.797235] Finished iteration 22, CKPT_AND_STOP: False, flag: tensor([0], dtype=torch.int32), speed: 2827.719
11 Overflow !!
11 : update_scale(): _has_overflow, dynamic. _loss_scale =  1.0
[2022-11-24 14:44:34.645045] Finished iteration 23, CKPT_AND_STOP: False, flag: tensor([0], dtype=torch.int32), speed: 2847.634
11 Overflow !!
11 : update_scale(): _has_overflow, dynamic. _loss_scale =  1.0
[2022-11-24 14:44:37.812443] Finished iteration 24, CKPT_AND_STOP: False, flag: tensor([0], dtype=torch.int32), speed: 3167.491
11 Overflow !!
11 : update_scale(): _has_overflow, dynamic. _loss_scale =  1.0
[2022-11-24 14:44:40.611182] Finished iteration 25, CKPT_AND_STOP: False, flag: tensor([0], dtype=torch.int32), speed: 2798.603
11 Overflow !!
11 : update_scale(): _has_overflow, dynamic. _loss_scale =  1.0
[2022-11-24 14:44:43.390428] Finished iteration 26, CKPT_AND_STOP: False, flag: tensor([0], dtype=torch.int32), speed: 2779.176
11 Overflow !!
11 : update_scale(): _has_overflow, dynamic. _loss_scale =  1.0
[2022-11-24 14:44:46.230134] Finished iteration 27, CKPT_AND_STOP: False, flag: tensor([0], dtype=torch.int32), speed: 2839.676
11 Overflow !!
11 : update_scale(): _has_overflow, dynamic. _loss_scale =  1.0
[2022-11-24 14:44:49.032902] Finished iteration 28, CKPT_AND_STOP: False, flag: tensor([0], dtype=torch.int32), speed: 2802.752
11 Overflow !!
11 : update_scale(): _has_overflow, dynamic. _loss_scale =  1.0
[2022-11-24 14:44:51.829904] Finished iteration 29, CKPT_AND_STOP: False, flag: tensor([0], dtype=torch.int32), speed: 2797.111
11 Overflow !!
11 : update_scale(): _has_overflow, dynamic. _loss_scale =  1.0
[2022-11-24 14:44:54.632327] Finished iteration 30, CKPT_AND_STOP: False, flag: tensor([0], dtype=torch.int32), speed: 2802.232
11 Overflow !!
11 : update_scale(): _has_overflow, dynamic. _loss_scale =  1.0
[2022-11-24 14:44:57.469333] Finished iteration 31, CKPT_AND_STOP: False, flag: tensor([0], dtype=torch.int32), speed: 2836.957
11 Overflow !!
11 : update_scale(): _has_overflow, dynamic. _loss_scale =  1.0
[2022-11-24 14:45:00.235197] Finished iteration 32, CKPT_AND_STOP: False, flag: tensor([0], dtype=torch.int32), speed: 2766.003
11 Overflow !!
11 : update_scale(): _has_overflow, dynamic. _loss_scale =  1.0
[2022-11-24 14:45:03.049549] Finished iteration 33, CKPT_AND_STOP: False, flag: tensor([3], dtype=torch.int32), speed: 2814.122
2022-11-24 14:45:03.054080 Begin to save checkpont to s3://spot-checkpoints/bert and exit
Signal handler called with signal 10


 STOPPING VARUNA !!



Rank 11 signal handler called with signal 10
Opt ckpt time 6.414186000823975
Process done with return code 0
Parent process ID: 29873 node: 172.31.21.45
24 cutpoints
Stages 1
13 20868437708.800007
7 13915698585.599995
10 17153729331.199993
8 14622140211.200005
9 15846820659.199995
Predicted microbatch size for 1: 8
comm size 0
GPUS_PER_VM=1 /home/ubuntu/varuna/tools/simulator/simulate-varuna 1 8 0 1286522.0947265625 0
End of simulation:  Mini-batch time (usec) = 3866112
Min send: 10000000, max send 0
Min long send: 10000000, max long send 0
Min fwd: 10000000, max fwd 0; min bwd 10000000, max bwd 0
Min long fwd: 125868, max long fwd 129698; min long bwd 191031, max long bwd 199310
Time taken by simulation: 55 microseconds

Stages 2
13 10987980083.2
19 14996390399.999996
22 16963644723.199997
20 15631126630.400002
Predicted microbatch size for 2: 19
comm size 9961472
WARNING: no send time found, 2 partitions
GPUS_PER_VM=1 /home/ubuntu/varuna/tools/simulator/simulate-varuna 2 7 0 609002.8076171875 542254.6839368516
End of simulation:  Mini-batch time (usec) = 4220388
Min send: 10000000, max send 0
Min long send: 542586, max long send 556277
Min fwd: 106816, max fwd 113936; min bwd 154276, max bwd 159445
Min long fwd: 133244, max long fwd 138708; min long bwd 168934, max long bwd 174223
Time taken by simulation: 143 microseconds

Stages 3
13 7832942284.800001
19 10697074380.8
22 12097432473.599998
23 12575272243.2
24 13035207577.6
Predicted microbatch size for 3: 24
comm size 12582912
WARNING: no send time found, 3 partitions
GPUS_PER_VM=1 /home/ubuntu/varuna/tools/simulator/simulate-varuna 3 9 0 391075.1953125 663682.2411979454
End of simulation:  Mini-batch time (usec) = 5984079
Min send: 10000000, max send 0
Min long send: 664014, max long send 688387
Min fwd: 70710, max fwd 87989; min bwd 116815, max bwd 130195
Min long fwd: 106418, max long fwd 113434; min long bwd 146938, max long bwd 153983
Time taken by simulation: 292 microseconds

Stages 4
13 6255423385.6
19 8547416371.2
22 9664326348.8
23 10045446451.2
24 10412856422.4
Predicted microbatch size for 4: 24
comm size 12582912
WARNING: no send time found, 4 partitions
GPUS_PER_VM=1 /home/ubuntu/varuna/tools/simulator/simulate-varuna 4 11 0 298590.2404785156 663682.2411979454
End of simulation:  Mini-batch time (usec) = 7279061
Min send: 10000000, max send 0
Min long send: 663870, max long send 686148
Min fwd: 51765, max fwd 67812; min bwd 85632, max bwd 99460
Min long fwd: 85707, max long fwd 91318; min long bwd 118788, max long bwd 124254
Time taken by simulation: 501 microseconds

Stages 6
13 4698582732.8
19 6397758361.599999
22 7231220224.0
23 7515620659.2
24 7790505267.2
Predicted microbatch size for 6: 24
comm size 12582912
WARNING: no send time found, 6 partitions
GPUS_PER_VM=1 /home/ubuntu/varuna/tools/simulator/simulate-varuna 6 22 0 139487.73193359375 663682.2411979454
End of simulation:  Mini-batch time (usec) = 13247012
Min send: 10000000, max send 0
Min long send: 663764, max long send 688387
Min fwd: 32840, max fwd 46918; min bwd 55338, max bwd 72497
Min long fwd: 65566, max long fwd 72714; min long bwd 84609, max long bwd 89154
Time taken by simulation: 1593 microseconds

Stages 8
13 3930501529.6000004
19 5322929356.799999
22 6014667161.6
23 6250707763.2
24 6479329689.6
Predicted microbatch size for 8: 24
comm size 12582912
WARNING: no send time found, 8 partitions
GPUS_PER_VM=1 /home/ubuntu/varuna/tools/simulator/simulate-varuna 8 22 0 120660.06469726562 663682.2411979454
End of simulation:  Mini-batch time (usec) = 15792286
Min send: 10000000, max send 0
Min long send: 663682, max long send 690844
Min fwd: 23237, max fwd 38139; min bwd 35712, max bwd 56890
Min long fwd: 51613, max long fwd 57677; min long bwd 69478, max long bwd 76496
Time taken by simulation: 2164 microseconds

Stages 12
13 3141742080.0
19 4248100352.0
22 4798114099.200001
23 4985794867.2
24 5168154112.0
Predicted microbatch size for 12: 24
comm size 12582912
WARNING: no send time found, 12 partitions
GPUS_PER_VM=1 /home/ubuntu/varuna/tools/simulator/simulate-varuna 12 43 0 0 663682.2411979454
End of simulation:  Mini-batch time (usec) = 28245316
Min send: 10000000, max send 0
Min long send: 663682, max long send 693511
Min fwd: 10606, max fwd 31119; min bwd 22396, max bwd 41317
Min long fwd: 40838, max long fwd 49874; min long bwd 47936, max long bwd 55473
Time taken by simulation: 6884 microseconds

{1: 3.866112, 2: 4.220388, 3: 5.984079, 4: 7.279061, 6: 13.247012, 8: 15.792286, 12: 28.245316}
{1: 8, 2: 19, 3: 24, 4: 24, 6: 24, 8: 24, 12: 24}
best config is: 2 19
expected time is 4.220388
8 per stage
16 servers!
Config:
ranks: range(11, 12)
train batch size: 1024
partitions: 2
chunk_size: 19
data depth: 8
stage to rank map: 0,2,4,6,8,10,12,14;1,3,5,7,9,11,13,15;
World size is 16
/opt/conda/envs/varuna/bin/python -u /home/ubuntu/varuna_examples/DeepLearningExamples/PyTorch/LanguageModeling/BERT/run_pretraining.py --rank=11 --chunk_size=19 --local_rank=0 --stage_to_rank_map=0,2,4,6,8,10,12,14;1,3,5,7,9,11,13,15; --batch-size=128 --input_dir=/hdf5_lower_case_1_seq_len_128_max_pred_20_masked_lm_prob_0.15_random_seed_12345_dupe_factor_5/wikicorpus_en/ --output_dir=s3://spot-checkpoints/bert --config_file=bert_config.json --bert_model=bert-large-uncased --train_batch_size=1024 --max_seq_length=128 --max_predictions_per_seq=20 --max_steps=7038 --warmup_proportion=0.2843 --num_steps_per_checkpoint=200 --learning_rate=6e-3 --seed=12439 --fp16 --gradient_accumulation_steps=128 --allreduce_post_accumulation --allreduce_post_accumulation_fp16 --do_train --json-summary /home/ubuntu/varuna_examples/DeepLearningExamples/PyTorch/LanguageModeling/BERT/results/dllogger.json --varuna --resume_step 34
device: cuda:0 n_gpu: 1, distributed training: True, 16-bits training: True
dry run time 0.132537841796875
SHARED WEIGHTS ARE
[(0, 1)]
this rank  11 is part of pipeline replica  5
7 chunks
Begin to load checkpint from s3://spot-checkpoints/bert/ckpt_34.pt
2022-11-24 14:46:03.429199 resume step from  34
2022-11-24 14:46:50.875560 - Finished loading checkpoint, takes 47.399 secs
11 Overflow !!
11 : update_scale(): _has_overflow, dynamic. _loss_scale =  524288.0
[2022-11-24 14:47:00.844402] Finished iteration 34, CKPT_AND_STOP: False, flag: tensor([0], dtype=torch.int32), speed: 6983.367
11 Overflow !!
11 : update_scale(): _has_overflow, dynamic. _loss_scale =  262144.0
[2022-11-24 14:47:03.783027] Finished iteration 35, CKPT_AND_STOP: False, flag: tensor([0], dtype=torch.int32), speed: 2938.020
11 Overflow !!
11 : update_scale(): _has_overflow, dynamic. _loss_scale =  131072.0
[2022-11-24 14:47:07.932092] Finished iteration 36, CKPT_AND_STOP: False, flag: tensor([0], dtype=torch.int32), speed: 4149.109
11 Overflow !!
11 : update_scale(): _has_overflow, dynamic. _loss_scale =  65536.0
[2022-11-24 14:47:11.049495] Finished iteration 37, CKPT_AND_STOP: False, flag: tensor([0], dtype=torch.int32), speed: 3117.538
11 Overflow !!
11 : update_scale(): _has_overflow, dynamic. _loss_scale =  32768.0
[2022-11-24 14:47:14.266108] Finished iteration 38, CKPT_AND_STOP: False, flag: tensor([0], dtype=torch.int32), speed: 3216.307
11 Overflow !!
11 : update_scale(): _has_overflow, dynamic. _loss_scale =  16384.0
[2022-11-24 14:47:17.386432] Finished iteration 39, CKPT_AND_STOP: False, flag: tensor([0], dtype=torch.int32), speed: 3120.298
11 Overflow !!
11 : update_scale(): _has_overflow, dynamic. _loss_scale =  8192.0
[2022-11-24 14:47:20.482284] Finished iteration 40, CKPT_AND_STOP: False, flag: tensor([0], dtype=torch.int32), speed: 3095.946
11 Overflow !!
11 : update_scale(): _has_overflow, dynamic. _loss_scale =  4096.0
[2022-11-24 14:47:23.582339] Finished iteration 41, CKPT_AND_STOP: False, flag: tensor([0], dtype=torch.int32), speed: 3099.900
11 Overflow !!
11 : update_scale(): _has_overflow, dynamic. _loss_scale =  2048.0
[2022-11-24 14:47:26.660671] Finished iteration 42, CKPT_AND_STOP: False, flag: tensor([0], dtype=torch.int32), speed: 3078.297
11 Overflow !!
11 : update_scale(): _has_overflow, dynamic. _loss_scale =  1024.0
[2022-11-24 14:47:29.778540] Finished iteration 43, CKPT_AND_STOP: False, flag: tensor([0], dtype=torch.int32), speed: 3117.824
11 Overflow !!
11 : update_scale(): _has_overflow, dynamic. _loss_scale =  512.0
[2022-11-24 14:47:32.895177] Finished iteration 44, CKPT_AND_STOP: False, flag: tensor([3], dtype=torch.int32), speed: 3116.799
2022-11-24 14:47:32.904232 Begin to save checkpont to s3://spot-checkpoints/bert and exit
Opt ckpt time 6.083305597305298
Signal handler called with signal 10


 STOPPING VARUNA !!



Process done with return code -10
Parent process ID: 31136 node: 172.31.21.109
24 cutpoints
Stages 1
13 20868437708.800007
7 13915698585.599995
10 17153729331.199993
8 14622140211.200005
9 15846820659.199995
Predicted microbatch size for 1: 8
comm size 0
GPUS_PER_VM=1 /home/ubuntu/varuna/tools/simulator/simulate-varuna 1 9 0 1278524.7802734375 0
End of simulation:  Mini-batch time (usec) = 4182966
Min send: 10000000, max send 0
Min long send: 10000000, max long send 0
Min fwd: 10000000, max fwd 0; min bwd 10000000, max bwd 0
Min long fwd: 125868, max long fwd 130461; min long bwd 191031, max long bwd 199310
Time taken by simulation: 56 microseconds

Stages 2
13 10987980083.2
19 14996390399.999996
22 16963644723.199997
20 15631126630.400002
Predicted microbatch size for 2: 19
comm size 9961472
WARNING: no send time found, 2 partitions
GPUS_PER_VM=1 /home/ubuntu/varuna/tools/simulator/simulate-varuna 2 8 0 600510.986328125 542254.6839368516
End of simulation:  Mini-batch time (usec) = 4525989
Min send: 10000000, max send 0
Min long send: 542442, max long send 556435
Min fwd: 107744, max fwd 113936; min bwd 154028, max bwd 157296
Min long fwd: 133001, max long fwd 138295; min long bwd 169394, max long bwd 174223
Time taken by simulation: 166 microseconds

Stages 3
13 7832942284.800001
19 10697074380.8
22 12097432473.599998
23 12575272243.2
24 13035207577.6
Predicted microbatch size for 3: 24
comm size 12582912
WARNING: no send time found, 3 partitions
GPUS_PER_VM=1 /home/ubuntu/varuna/tools/simulator/simulate-varuna 3 9 0 391075.1953125 663682.2411979454
End of simulation:  Mini-batch time (usec) = 5984079
Min send: 10000000, max send 0
Min long send: 664014, max long send 688387
Min fwd: 70710, max fwd 87989; min bwd 116815, max bwd 130195
Min long fwd: 106418, max long fwd 113434; min long bwd 146938, max long bwd 153983
Time taken by simulation: 300 microseconds

Stages 4
13 6255423385.6
19 8547416371.2
22 9664326348.8
23 10045446451.2
24 10412856422.4
Predicted microbatch size for 4: 24
comm size 12582912
WARNING: no send time found, 4 partitions
GPUS_PER_VM=1 /home/ubuntu/varuna/tools/simulator/simulate-varuna 4 15 0 264588.56201171875 663682.2411979454
End of simulation:  Mini-batch time (usec) = 8956234
Min send: 10000000, max send 0
Min long send: 663870, max long send 688176
Min fwd: 51018, max fwd 67812; min bwd 86129, max bwd 98869
Min long fwd: 83628, max long fwd 91318; min long bwd 119532, max long bwd 124677
Time taken by simulation: 684 microseconds

Stages 6
13 4698582732.8
19 6397758361.599999
22 7231220224.0
23 7515620659.2
24 7790505267.2
Predicted microbatch size for 6: 24
comm size 12582912
WARNING: no send time found, 6 partitions
GPUS_PER_VM=1 /home/ubuntu/varuna/tools/simulator/simulate-varuna 6 22 0 139487.73193359375 663682.2411979454
End of simulation:  Mini-batch time (usec) = 13247012
Min send: 10000000, max send 0
Min long send: 663764, max long send 688387
Min fwd: 32840, max fwd 46918; min bwd 55338, max bwd 72497
Min long fwd: 65566, max long fwd 72714; min long bwd 84609, max long bwd 89154
Time taken by simulation: 1598 microseconds

Stages 8
13 3930501529.6000004
19 5322929356.799999
22 6014667161.6
23 6250707763.2
24 6479329689.6
Predicted microbatch size for 8: 24
comm size 12582912
WARNING: no send time found, 8 partitions
GPUS_PER_VM=1 /home/ubuntu/varuna/tools/simulator/simulate-varuna 8 43 0 0 663682.2411979454
End of simulation:  Mini-batch time (usec) = 22906615
Min send: 10000000, max send 0
Min long send: 663682, max long send 693511
Min fwd: 20179, max fwd 38698; min bwd 38108, max bwd 56452
Min long fwd: 50555, max long fwd 58723; min long bwd 68720, max long bwd 75958
Time taken by simulation: 4400 microseconds

Stages 12
13 3141742080.0
19 4248100352.0
22 4798114099.200001
23 4985794867.2
24 5168154112.0
Predicted microbatch size for 12: 24
comm size 12582912
WARNING: no send time found, 12 partitions
GPUS_PER_VM=1 /home/ubuntu/varuna/tools/simulator/simulate-varuna 12 43 0 0 663682.2411979454
End of simulation:  Mini-batch time (usec) = 28245316
Min send: 10000000, max send 0
Min long send: 663682, max long send 693511
Min fwd: 10606, max fwd 31119; min bwd 22396, max bwd 41317
Min long fwd: 40838, max long fwd 49874; min long bwd 47936, max long bwd 55473
Time taken by simulation: 6969 microseconds

{1: 4.182966, 2: 4.525989, 3: 5.984079, 4: 8.956234, 6: 13.247012, 8: 22.906615, 12: 28.245316}
{1: 8, 2: 19, 3: 24, 4: 24, 6: 24, 8: 24, 12: 24}
best config is: 2 19
expected time is 4.525989
7 per stage
14 servers!
Config:
ranks: range(11, 12)
train batch size: 1024
partitions: 2
chunk_size: 19
data depth: 7
stage to rank map: 0,2,4,6,8,10,12;1,3,5,7,9,11,13;
World size is 14
/opt/conda/envs/varuna/bin/python -u /home/ubuntu/varuna_examples/DeepLearningExamples/PyTorch/LanguageModeling/BERT/run_pretraining.py --rank=11 --chunk_size=19 --local_rank=0 --stage_to_rank_map=0,2,4,6,8,10,12;1,3,5,7,9,11,13; --batch-size=146 --input_dir=/hdf5_lower_case_1_seq_len_128_max_pred_20_masked_lm_prob_0.15_random_seed_12345_dupe_factor_5/wikicorpus_en/ --output_dir=s3://spot-checkpoints/bert --config_file=bert_config.json --bert_model=bert-large-uncased --train_batch_size=1024 --max_seq_length=128 --max_predictions_per_seq=20 --max_steps=7038 --warmup_proportion=0.2843 --num_steps_per_checkpoint=200 --learning_rate=6e-3 --seed=12439 --fp16 --gradient_accumulation_steps=128 --allreduce_post_accumulation --allreduce_post_accumulation_fp16 --do_train --json-summary /home/ubuntu/varuna_examples/DeepLearningExamples/PyTorch/LanguageModeling/BERT/results/dllogger.json --varuna --resume_step 45
device: cuda:0 n_gpu: 1, distributed training: True, 16-bits training: True
dry run time 0.08318591117858887
SHARED WEIGHTS ARE
[(0, 1)]
this rank  11 is part of pipeline replica  5
8 chunks
Begin to load checkpint from s3://spot-checkpoints/bert/ckpt_45.pt
2022-11-24 14:48:33.806891 resume step from  45
2022-11-24 14:49:18.999825 - Finished loading checkpoint, takes 45.149 secs
11 Overflow !!
11 : update_scale(): _has_overflow, dynamic. _loss_scale =  524288.0
[2022-11-24 14:49:33.711336] Finished iteration 45, CKPT_AND_STOP: False, flag: tensor([4], dtype=torch.int32), speed: 6822.071
2022-11-24 14:49:33.716912 Begin to save checkpont to s3://spot-checkpoints/bert and exit
Signal handler called with signal 10


 STOPPING VARUNA !!



Rank 11 signal handler called with signal 10
Opt ckpt time 5.5736048221588135
Process done with return code 0
Parent process ID: 33280 node: 172.31.19.112
24 cutpoints
Stages 1
13 20868437708.800007
7 13915698585.599995
10 17153729331.199993
8 14622140211.200005
9 15846820659.199995
Predicted microbatch size for 1: 8
comm size 0
GPUS_PER_VM=1 /home/ubuntu/varuna/tools/simulator/simulate-varuna 1 10 0 1298431.5185546875 0
End of simulation:  Mini-batch time (usec) = 4527444
Min send: 10000000, max send 0
Min long send: 10000000, max long send 0
Min fwd: 10000000, max fwd 0; min bwd 10000000, max bwd 0
Min long fwd: 125868, max long fwd 130461; min long bwd 191031, max long bwd 199310
Time taken by simulation: 60 microseconds

Stages 2
13 10987980083.2
19 14996390399.999996
22 16963644723.199997
20 15631126630.400002
Predicted microbatch size for 2: 19
comm size 9961472
WARNING: no send time found, 2 partitions
GPUS_PER_VM=1 /home/ubuntu/varuna/tools/simulator/simulate-varuna 2 8 0 600510.986328125 542254.6839368516
End of simulation:  Mini-batch time (usec) = 4525989
Min send: 10000000, max send 0
Min long send: 542442, max long send 556435
Min fwd: 107744, max fwd 113936; min bwd 154028, max bwd 157296
Min long fwd: 133001, max long fwd 138295; min long bwd 169394, max long bwd 174223
Time taken by simulation: 160 microseconds

Stages 3
13 7832942284.800001
19 10697074380.8
22 12097432473.599998
23 12575272243.2
24 13035207577.6
Predicted microbatch size for 3: 24
comm size 12582912
WARNING: no send time found, 3 partitions
GPUS_PER_VM=1 /home/ubuntu/varuna/tools/simulator/simulate-varuna 3 11 0 367036.0107421875 663682.2411979454
End of simulation:  Mini-batch time (usec) = 6485322
Min send: 10000000, max send 0
Min long send: 663870, max long send 686148
Min fwd: 70710, max fwd 87372; min bwd 114242, max bwd 132372
Min long fwd: 107507, max long fwd 114298; min long bwd 148697, max long bwd 154156
Time taken by simulation: 355 microseconds

Stages 4
13 6255423385.6
19 8547416371.2
22 9664326348.8
23 10045446451.2
24 10412856422.4
Predicted microbatch size for 4: 24
comm size 12582912
WARNING: no send time found, 4 partitions
GPUS_PER_VM=1 /home/ubuntu/varuna/tools/simulator/simulate-varuna 4 15 0 264588.56201171875 663682.2411979454
End of simulation:  Mini-batch time (usec) = 8956234
Min send: 10000000, max send 0
Min long send: 663870, max long send 688176
Min fwd: 51018, max fwd 67812; min bwd 86129, max bwd 98869
Min long fwd: 83628, max long fwd 91318; min long bwd 119532, max long bwd 124677
Time taken by simulation: 680 microseconds

Stages 6
13 4698582732.8
19 6397758361.599999
22 7231220224.0
23 7515620659.2
24 7790505267.2
Predicted microbatch size for 6: 24
comm size 12582912
WARNING: no send time found, 6 partitions
GPUS_PER_VM=1 /home/ubuntu/varuna/tools/simulator/simulate-varuna 6 22 0 139487.73193359375 663682.2411979454
End of simulation:  Mini-batch time (usec) = 13247012
Min send: 10000000, max send 0
Min long send: 663764, max long send 688387
Min fwd: 32840, max fwd 46918; min bwd 55338, max bwd 72497
Min long fwd: 65566, max long fwd 72714; min long bwd 84609, max long bwd 89154
Time taken by simulation: 1592 microseconds

Stages 8
13 3930501529.6000004
19 5322929356.799999
22 6014667161.6
23 6250707763.2
24 6479329689.6
Predicted microbatch size for 8: 24
comm size 12582912
WARNING: no send time found, 8 partitions
GPUS_PER_VM=1 /home/ubuntu/varuna/tools/simulator/simulate-varuna 8 43 0 0 663682.2411979454
End of simulation:  Mini-batch time (usec) = 22906615
Min send: 10000000, max send 0
Min long send: 663682, max long send 693511
Min fwd: 20179, max fwd 38698; min bwd 38108, max bwd 56452
Min long fwd: 50555, max long fwd 58723; min long bwd 68720, max long bwd 75958
Time taken by simulation: 4423 microseconds

Stages 12
13 3141742080.0
19 4248100352.0
22 4798114099.200001
23 4985794867.2
24 5168154112.0
Predicted microbatch size for 12: 24
comm size 12582912
WARNING: no send time found, 12 partitions
GPUS_PER_VM=1 /home/ubuntu/varuna/tools/simulator/simulate-varuna 12 43 0 0 663682.2411979454
End of simulation:  Mini-batch time (usec) = 28245316
Min send: 10000000, max send 0
Min long send: 663682, max long send 693511
Min fwd: 10606, max fwd 31119; min bwd 22396, max bwd 41317
Min long fwd: 40838, max long fwd 49874; min long bwd 47936, max long bwd 55473
Time taken by simulation: 6936 microseconds

{1: 4.527444, 2: 4.525989, 3: 6.485322, 4: 8.956234, 6: 13.247012, 8: 22.906615, 12: 28.245316}
{1: 8, 2: 19, 3: 24, 4: 24, 6: 24, 8: 24, 12: 24}
best config is: 2 19
expected time is 4.525989
7 per stage
14 servers!
Config:
ranks: range(11, 12)
train batch size: 1024
partitions: 2
chunk_size: 19
data depth: 7
stage to rank map: 0,2,4,6,8,10,12;1,3,5,7,9,11,13;
World size is 14
/opt/conda/envs/varuna/bin/python -u /home/ubuntu/varuna_examples/DeepLearningExamples/PyTorch/LanguageModeling/BERT/run_pretraining.py --rank=11 --chunk_size=19 --local_rank=0 --stage_to_rank_map=0,2,4,6,8,10,12;1,3,5,7,9,11,13; --batch-size=146 --input_dir=/hdf5_lower_case_1_seq_len_128_max_pred_20_masked_lm_prob_0.15_random_seed_12345_dupe_factor_5/wikicorpus_en/ --output_dir=s3://spot-checkpoints/bert --config_file=bert_config.json --bert_model=bert-large-uncased --train_batch_size=1024 --max_seq_length=128 --max_predictions_per_seq=20 --max_steps=7038 --warmup_proportion=0.2843 --num_steps_per_checkpoint=200 --learning_rate=6e-3 --seed=12439 --fp16 --gradient_accumulation_steps=128 --allreduce_post_accumulation --allreduce_post_accumulation_fp16 --do_train --json-summary /home/ubuntu/varuna_examples/DeepLearningExamples/PyTorch/LanguageModeling/BERT/results/dllogger.json --varuna --resume_step 46
device: cuda:0 n_gpu: 1, distributed training: True, 16-bits training: True
dry run time 0.23886942863464355
SHARED WEIGHTS ARE
[(0, 1)]
this rank  11 is part of pipeline replica  5
8 chunks
Begin to load checkpint from s3://spot-checkpoints/bert/ckpt_46.pt
2022-11-24 14:50:35.929620 resume step from  46
2022-11-24 14:51:20.558964 - Finished loading checkpoint, takes 44.598 secs
11 Overflow !!
11 : update_scale(): _has_overflow, dynamic. _loss_scale =  524288.0
[2022-11-24 14:51:32.636699] Finished iteration 46, CKPT_AND_STOP: False, flag: tensor([0], dtype=torch.int32), speed: 6798.613
11 Overflow !!
11 : update_scale(): _has_overflow, dynamic. _loss_scale =  262144.0
[2022-11-24 14:51:37.020205] Finished iteration 47, CKPT_AND_STOP: False, flag: tensor([0], dtype=torch.int32), speed: 4383.421
11 Overflow !!
11 : update_scale(): _has_overflow, dynamic. _loss_scale =  131072.0
[2022-11-24 14:51:40.391399] Finished iteration 48, CKPT_AND_STOP: False, flag: tensor([0], dtype=torch.int32), speed: 3371.063
11 Overflow !!
11 : update_scale(): _has_overflow, dynamic. _loss_scale =  65536.0
[2022-11-24 14:51:44.771381] Finished iteration 49, CKPT_AND_STOP: False, flag: tensor([0], dtype=torch.int32), speed: 4379.830
11 Overflow !!
11 : update_scale(): _has_overflow, dynamic. _loss_scale =  32768.0
[2022-11-24 14:51:49.155425] Finished iteration 50, CKPT_AND_STOP: False, flag: tensor([0], dtype=torch.int32), speed: 4384.007
11 Overflow !!
11 : update_scale(): _has_overflow, dynamic. _loss_scale =  16384.0
[2022-11-24 14:51:52.503533] Finished iteration 51, CKPT_AND_STOP: False, flag: tensor([0], dtype=torch.int32), speed: 3348.140
11 Overflow !!
11 : update_scale(): _has_overflow, dynamic. _loss_scale =  8192.0
[2022-11-24 14:51:55.875422] Finished iteration 52, CKPT_AND_STOP: False, flag: tensor([0], dtype=torch.int32), speed: 3371.895
11 Overflow !!
11 : update_scale(): _has_overflow, dynamic. _loss_scale =  4096.0
[2022-11-24 14:51:59.207534] Finished iteration 53, CKPT_AND_STOP: False, flag: tensor([0], dtype=torch.int32), speed: 3332.009
11 Overflow !!
11 : update_scale(): _has_overflow, dynamic. _loss_scale =  2048.0
[2022-11-24 14:52:02.596558] Finished iteration 54, CKPT_AND_STOP: False, flag: tensor([0], dtype=torch.int32), speed: 3389.046
11 Overflow !!
11 : update_scale(): _has_overflow, dynamic. _loss_scale =  1024.0
[2022-11-24 14:52:05.971086] Finished iteration 55, CKPT_AND_STOP: False, flag: tensor([0], dtype=torch.int32), speed: 3374.280
11 Overflow !!
11 : update_scale(): _has_overflow, dynamic. _loss_scale =  512.0
[2022-11-24 14:52:09.394740] Finished iteration 56, CKPT_AND_STOP: False, flag: tensor([0], dtype=torch.int32), speed: 3423.765
11 Overflow !!
11 : update_scale(): _has_overflow, dynamic. _loss_scale =  256.0
[2022-11-24 14:52:12.763816] Finished iteration 57, CKPT_AND_STOP: False, flag: tensor([0], dtype=torch.int32), speed: 3368.881
11 Overflow !!
11 : update_scale(): _has_overflow, dynamic. _loss_scale =  128.0
[2022-11-24 14:52:16.120026] Finished iteration 58, CKPT_AND_STOP: False, flag: tensor([0], dtype=torch.int32), speed: 3356.201
11 Overflow !!
11 : update_scale(): _has_overflow, dynamic. _loss_scale =  64.0
[2022-11-24 14:52:19.499285] Finished iteration 59, CKPT_AND_STOP: False, flag: tensor([0], dtype=torch.int32), speed: 3379.216
11 Overflow !!
11 : update_scale(): _has_overflow, dynamic. _loss_scale =  32.0
[2022-11-24 14:52:22.861186] Finished iteration 60, CKPT_AND_STOP: False, flag: tensor([0], dtype=torch.int32), speed: 3362.042
11 Overflow !!
11 : update_scale(): _has_overflow, dynamic. _loss_scale =  16.0
[2022-11-24 14:52:26.206778] Finished iteration 61, CKPT_AND_STOP: False, flag: tensor([0], dtype=torch.int32), speed: 3345.512
11 Overflow !!
11 : update_scale(): _has_overflow, dynamic. _loss_scale =  8.0
[2022-11-24 14:52:29.546356] Finished iteration 62, CKPT_AND_STOP: False, flag: tensor([0], dtype=torch.int32), speed: 3339.520
