Parent process ID: 1959 node: 172.31.27.21
24 cutpoints
Stages 1
Micro-bs 8 Max mem: 14622140211.200005
Predicted microbatch size for 1: 8
comm size 0
GPUS_PER_VM=1 /home/ubuntu/varuna/tools/simulator/simulate-varuna 1 4 0 3598379.5166015625 0
End of simulation:  Mini-batch time (usec) = 4923429
Min send: 10000000, max send 0
Min long send: 10000000, max long send 0
Min fwd: 10000000, max fwd 0; min bwd 10000000, max bwd 0
Min long fwd: 142174, max long fwd 144458; min long bwd 186536, max long bwd 191040
Time taken by simulation: 45 microseconds

Stages 2
Micro-bs 8 Max mem: 7660942131.200001
Predicted microbatch size for 2: 8
comm size 4194304
WARNING: no send time found, 2 partitions
GPUS_PER_VM=1 /home/ubuntu/varuna/tools/simulator/simulate-varuna 2 8 0 954047.119140625 248719.58977934244
End of simulation:  Mini-batch time (usec) = 3096062
Min send: 10000000, max send 0
Min long send: 249051, max long send 268766
Min fwd: 79507, max fwd 86627; min bwd 88131, max bwd 94131
Min long fwd: 58556, max long fwd 63385; min long bwd 92867, max long bwd 97582
Time taken by simulation: 169 microseconds

Stages 3
Micro-bs 8 Max mem: 5497876480.0
Predicted microbatch size for 3: 8
comm size 4194304
WARNING: no send time found, 3 partitions
GPUS_PER_VM=1 /home/ubuntu/varuna/tools/simulator/simulate-varuna 3 13 0 485476.6540527344 248719.58977934244
End of simulation:  Mini-batch time (usec) = 3469734
Min send: 10000000, max send 0
Min long send: 248801, max long send 271185
Min fwd: 34426, max fwd 67951; min bwd 53890, max bwd 64826
Min long fwd: 37108, max long fwd 45662; min long bwd 64919, max long bwd 72155
Time taken by simulation: 427 microseconds

Stages 4
Micro-bs 8 Max mem: 4406266675.2
Predicted microbatch size for 4: 8
comm size 4194304
WARNING: no send time found, 4 partitions
GPUS_PER_VM=1 /home/ubuntu/varuna/tools/simulator/simulate-varuna 4 16 0 364488.09814453125 248719.58977934244
End of simulation:  Mini-batch time (usec) = 3900556
Min send: 10000000, max send 0
Min long send: 248773, max long send 273424
Min fwd: 20622, max fwd 60312; min bwd 40311, max bwd 50179
Min long fwd: 29744, max long fwd 36491; min long bwd 47928, max long bwd 56568
Time taken by simulation: 729 microseconds

Stages 6
Micro-bs 8 Max mem: 3314656870.4
Predicted microbatch size for 6: 8
comm size 4194304
WARNING: no send time found, 6 partitions
GPUS_PER_VM=1 /home/ubuntu/varuna/tools/simulator/simulate-varuna 6 26 0 254962.82958984375 248719.58977934244
End of simulation:  Mini-batch time (usec) = 5944030
Min send: 10000000, max send 0
Min long send: 248735, max long send 278723
Min fwd: 10836, max fwd 44441; min bwd 24199, max bwd 35953
Min long fwd: 21303, max long fwd 29429; min long bwd 33298, max long bwd 40795
Time taken by simulation: 1894 microseconds

Stages 8
Micro-bs 8 Max mem: 2758774988.8
Predicted microbatch size for 8: 8
comm size 4194304
WARNING: no send time found, 8 partitions
GPUS_PER_VM=1 /home/ubuntu/varuna/tools/simulator/simulate-varuna 8 32 0 244280.30395507812 248719.58977934244
End of simulation:  Mini-batch time (usec) = 7674225
Min send: 10000000, max send 0
Min long send: 248719, max long send 278723
Min fwd: 6779, max fwd 41103; min bwd 15994, max bwd 28589
Min long fwd: 18906, max long fwd 26091; min long bwd 25267, max long bwd 32480
Time taken by simulation: 3253 microseconds

Stages 12
Micro-bs 8 Max mem: 2202893107.2
Predicted microbatch size for 12: 8
comm size 4194304
WARNING: no send time found, 12 partitions
GPUS_PER_VM=1 /home/ubuntu/varuna/tools/simulator/simulate-varuna 12 64 0 117116.2109375 248719.58977934244
End of simulation:  Mini-batch time (usec) = 13687683
Min send: 10000000, max send 0
Min long send: 248720, max long send 280797
Min fwd: 141, max fwd 25024; min bwd 6433, max bwd 23373
Min long fwd: 7201, max long fwd 18161; min long bwd 16833, max long bwd 28389
Time taken by simulation: 10553 microseconds

{1: 4.923429, 2: 3.096062, 3: 3.469734, 4: 3.900556, 6: 5.94403, 8: 7.674225, 12: 13.687683}
{1: 8, 2: 8, 3: 8, 4: 8, 6: 8, 8: 8, 12: 8}
best config is: 2 8
expected time is 3.096062
16 per stage
32 servers!
Config:
ranks: range(28, 29)
train batch size: 1024
partitions: 2
chunk_size: 8
data depth: 16
stage to rank map: 0,2,4,6,8,10,12,14,16,18,20,22,24,26,28,30;1,3,5,7,9,11,13,15,17,19,21,23,25,27,29,31;
World size is 32
/opt/conda/envs/varuna/bin/python -u /home/ubuntu/varuna_examples/DeepLearningExamples/PyTorch/LanguageModeling/BERT/run_pretraining.py --rank=28 --chunk_size=8 --local_rank=0 --stage_to_rank_map=0,2,4,6,8,10,12,14,16,18,20,22,24,26,28,30;1,3,5,7,9,11,13,15,17,19,21,23,25,27,29,31; --batch-size=64 --input_dir=/hdf5_lower_case_1_seq_len_128_max_pred_20_masked_lm_prob_0.15_random_seed_12345_dupe_factor_5/wikicorpus_en/ --output_dir=s3://spot-checkpoints/bert --config_file=bert_config.json --bert_model=bert-large-uncased --train_batch_size=1024 --max_seq_length=128 --max_predictions_per_seq=20 --max_steps=7038 --warmup_proportion=0.2843 --num_steps_per_checkpoint=200 --learning_rate=6e-3 --seed=12439 --fp16 --gradient_accumulation_steps=128 --allreduce_post_accumulation --allreduce_post_accumulation_fp16 --do_train --json-summary /home/ubuntu/varuna_examples/DeepLearningExamples/PyTorch/LanguageModeling/BERT/results/dllogger.json --varuna
device: cuda:0 n_gpu: 1, distributed training: True, 16-bits training: True
dry run time 0.14839839935302734
SHARED WEIGHTS ARE
[(0, 1)]
this rank  28 is part of pipeline replica  14
8 chunks
28 Overflow !!
28 : update_scale(): _has_overflow, dynamic. _loss_scale =  524288.0
[2022-11-26 03:57:36.557384] Finished iteration 0, CKPT_AND_STOP: False, flag: tensor([0], dtype=torch.int32), speed: 9760.112
28 Overflow !!
28 : update_scale(): _has_overflow, dynamic. _loss_scale =  262144.0
[2022-11-26 03:57:39.758937] Finished iteration 1, CKPT_AND_STOP: False, flag: tensor([0], dtype=torch.int32), speed: 3201.282
28 Overflow !!
28 : update_scale(): _has_overflow, dynamic. _loss_scale =  131072.0
[2022-11-26 03:57:42.975562] Finished iteration 2, CKPT_AND_STOP: False, flag: tensor([0], dtype=torch.int32), speed: 3216.608
28 Overflow !!
28 : update_scale(): _has_overflow, dynamic. _loss_scale =  65536.0
[2022-11-26 03:57:46.136131] Finished iteration 3, CKPT_AND_STOP: False, flag: tensor([0], dtype=torch.int32), speed: 3160.582
28 Overflow !!
28 : update_scale(): _has_overflow, dynamic. _loss_scale =  32768.0
[2022-11-26 03:57:49.304173] Finished iteration 4, CKPT_AND_STOP: False, flag: tensor([0], dtype=torch.int32), speed: 3167.985
28 Overflow !!
28 : update_scale(): _has_overflow, dynamic. _loss_scale =  16384.0
[2022-11-26 03:57:51.472642] Finished iteration 5, CKPT_AND_STOP: False, flag: tensor([0], dtype=torch.int32), speed: 2168.342
28 Overflow !!
28 : update_scale(): _has_overflow, dynamic. _loss_scale =  8192.0
[2022-11-26 03:57:53.654116] Finished iteration 6, CKPT_AND_STOP: False, flag: tensor([0], dtype=torch.int32), speed: 2181.434
28 Overflow !!
28 : update_scale(): _has_overflow, dynamic. _loss_scale =  4096.0
[2022-11-26 03:57:55.822182] Finished iteration 7, CKPT_AND_STOP: False, flag: tensor([0], dtype=torch.int32), speed: 2168.033
28 Overflow !!
28 : update_scale(): _has_overflow, dynamic. _loss_scale =  2048.0
[2022-11-26 03:57:57.978566] Finished iteration 8, CKPT_AND_STOP: False, flag: tensor([0], dtype=torch.int32), speed: 2156.330
28 Overflow !!
28 : update_scale(): _has_overflow, dynamic. _loss_scale =  1024.0
[2022-11-26 03:58:00.155686] Finished iteration 9, CKPT_AND_STOP: False, flag: tensor([0], dtype=torch.int32), speed: 2177.100
28 Overflow !!
28 : update_scale(): _has_overflow, dynamic. _loss_scale =  512.0
[2022-11-26 03:58:02.338695] Finished iteration 10, CKPT_AND_STOP: False, flag: tensor([0], dtype=torch.int32), speed: 2182.974
28 Overflow !!
28 : update_scale(): _has_overflow, dynamic. _loss_scale =  256.0
[2022-11-26 03:58:04.472528] Finished iteration 11, CKPT_AND_STOP: False, flag: tensor([0], dtype=torch.int32), speed: 2133.811
28 Overflow !!
28 : update_scale(): _has_overflow, dynamic. _loss_scale =  128.0
[2022-11-26 03:58:06.680051] Finished iteration 12, CKPT_AND_STOP: False, flag: tensor([0], dtype=torch.int32), speed: 2207.507
28 Overflow !!
28 : update_scale(): _has_overflow, dynamic. _loss_scale =  64.0
[2022-11-26 03:58:08.885821] Finished iteration 13, CKPT_AND_STOP: False, flag: tensor([0], dtype=torch.int32), speed: 2205.715
28 Overflow !!
28 : update_scale(): _has_overflow, dynamic. _loss_scale =  32.0
[2022-11-26 03:58:11.027086] Finished iteration 14, CKPT_AND_STOP: False, flag: tensor([0], dtype=torch.int32), speed: 2141.241
28 Overflow !!
28 : update_scale(): _has_overflow, dynamic. _loss_scale =  16.0
[2022-11-26 03:58:13.214835] Finished iteration 15, CKPT_AND_STOP: False, flag: tensor([0], dtype=torch.int32), speed: 2187.712
28 Overflow !!
28 : update_scale(): _has_overflow, dynamic. _loss_scale =  8.0
[2022-11-26 03:58:15.391987] Finished iteration 16, CKPT_AND_STOP: False, flag: tensor([0], dtype=torch.int32), speed: 2177.129
28 Overflow !!
28 : update_scale(): _has_overflow, dynamic. _loss_scale =  4.0
[2022-11-26 03:58:17.572345] Finished iteration 17, CKPT_AND_STOP: False, flag: tensor([0], dtype=torch.int32), speed: 2180.321
28 Overflow !!
28 : update_scale(): _has_overflow, dynamic. _loss_scale =  2.0
[2022-11-26 03:58:19.726069] Finished iteration 18, CKPT_AND_STOP: False, flag: tensor([0], dtype=torch.int32), speed: 2153.692
28 Overflow !!
28 : update_scale(): _has_overflow, dynamic. _loss_scale =  1.0
[2022-11-26 03:58:21.881693] Finished iteration 19, CKPT_AND_STOP: False, flag: tensor([0], dtype=torch.int32), speed: 2155.594
28 Overflow !!
28 : update_scale(): _has_overflow, dynamic. _loss_scale =  1.0
[2022-11-26 03:58:24.100168] Finished iteration 20, CKPT_AND_STOP: False, flag: tensor([0], dtype=torch.int32), speed: 2218.506
28 Overflow !!
28 : update_scale(): _has_overflow, dynamic. _loss_scale =  1.0
[2022-11-26 03:58:26.336797] Finished iteration 21, CKPT_AND_STOP: False, flag: tensor([0], dtype=torch.int32), speed: 2236.542
28 Overflow !!
28 : update_scale(): _has_overflow, dynamic. _loss_scale =  1.0
[2022-11-26 03:58:28.519034] Finished iteration 22, CKPT_AND_STOP: False, flag: tensor([0], dtype=torch.int32), speed: 2182.209
28 Overflow !!
28 : update_scale(): _has_overflow, dynamic. _loss_scale =  1.0
[2022-11-26 03:58:30.680900] Finished iteration 23, CKPT_AND_STOP: False, flag: tensor([0], dtype=torch.int32), speed: 2161.836
28 Overflow !!
28 : update_scale(): _has_overflow, dynamic. _loss_scale =  1.0
[2022-11-26 03:58:32.857120] Finished iteration 24, CKPT_AND_STOP: False, flag: tensor([0], dtype=torch.int32), speed: 2176.188
28 Overflow !!
28 : update_scale(): _has_overflow, dynamic. _loss_scale =  1.0
[2022-11-26 03:58:35.073511] Finished iteration 25, CKPT_AND_STOP: False, flag: tensor([0], dtype=torch.int32), speed: 2216.357
28 Overflow !!
28 : update_scale(): _has_overflow, dynamic. _loss_scale =  1.0
[2022-11-26 03:58:37.232806] Finished iteration 26, CKPT_AND_STOP: False, flag: tensor([0], dtype=torch.int32), speed: 2159.270
28 Overflow !!
28 : update_scale(): _has_overflow, dynamic. _loss_scale =  1.0
[2022-11-26 03:58:39.403419] Finished iteration 27, CKPT_AND_STOP: False, flag: tensor([0], dtype=torch.int32), speed: 2170.572
28 Overflow !!
28 : update_scale(): _has_overflow, dynamic. _loss_scale =  1.0
[2022-11-26 03:58:41.591864] Finished iteration 28, CKPT_AND_STOP: False, flag: tensor([0], dtype=torch.int32), speed: 2188.418
28 Overflow !!
28 : update_scale(): _has_overflow, dynamic. _loss_scale =  1.0
[2022-11-26 03:58:43.751834] Finished iteration 29, CKPT_AND_STOP: False, flag: tensor([0], dtype=torch.int32), speed: 2159.959
28 Overflow !!
28 : update_scale(): _has_overflow, dynamic. _loss_scale =  1.0
[2022-11-26 03:58:45.920689] Finished iteration 30, CKPT_AND_STOP: False, flag: tensor([0], dtype=torch.int32), speed: 2168.820
28 Overflow !!
28 : update_scale(): _has_overflow, dynamic. _loss_scale =  1.0
[2022-11-26 03:58:48.084028] Finished iteration 31, CKPT_AND_STOP: False, flag: tensor([0], dtype=torch.int32), speed: 2163.316
28 Overflow !!
28 : update_scale(): _has_overflow, dynamic. _loss_scale =  1.0
[2022-11-26 03:58:50.305931] Finished iteration 32, CKPT_AND_STOP: False, flag: tensor([0], dtype=torch.int32), speed: 2221.860
28 Overflow !!
28 : update_scale(): _has_overflow, dynamic. _loss_scale =  1.0
[2022-11-26 03:58:52.789173] Finished iteration 33, CKPT_AND_STOP: False, flag: tensor([0], dtype=torch.int32), speed: 2483.235
28 Overflow !!
28 : update_scale(): _has_overflow, dynamic. _loss_scale =  1.0
[2022-11-26 03:58:54.976817] Finished iteration 34, CKPT_AND_STOP: False, flag: tensor([0], dtype=torch.int32), speed: 2187.607
28 Overflow !!
28 : update_scale(): _has_overflow, dynamic. _loss_scale =  1.0
[2022-11-26 03:58:57.191791] Finished iteration 35, CKPT_AND_STOP: False, flag: tensor([0], dtype=torch.int32), speed: 2214.939
28 Overflow !!
28 : update_scale(): _has_overflow, dynamic. _loss_scale =  1.0
[2022-11-26 03:58:59.385480] Finished iteration 36, CKPT_AND_STOP: False, flag: tensor([0], dtype=torch.int32), speed: 2193.653
28 Overflow !!
28 : update_scale(): _has_overflow, dynamic. _loss_scale =  1.0
[2022-11-26 03:59:01.537405] Finished iteration 37, CKPT_AND_STOP: False, flag: tensor([0], dtype=torch.int32), speed: 2151.896
28 Overflow !!
28 : update_scale(): _has_overflow, dynamic. _loss_scale =  1.0
[2022-11-26 03:59:03.739538] Finished iteration 38, CKPT_AND_STOP: False, flag: tensor([0], dtype=torch.int32), speed: 2202.102
28 Overflow !!
28 : update_scale(): _has_overflow, dynamic. _loss_scale =  1.0
[2022-11-26 03:59:05.944100] Finished iteration 39, CKPT_AND_STOP: False, flag: tensor([0], dtype=torch.int32), speed: 2204.573
28 Overflow !!
28 : update_scale(): _has_overflow, dynamic. _loss_scale =  1.0
[2022-11-26 03:59:08.146752] Finished iteration 40, CKPT_AND_STOP: False, flag: tensor([0], dtype=torch.int32), speed: 2202.613
28 Overflow !!
28 : update_scale(): _has_overflow, dynamic. _loss_scale =  1.0
[2022-11-26 03:59:10.318266] Finished iteration 41, CKPT_AND_STOP: False, flag: tensor([0], dtype=torch.int32), speed: 2171.504
28 Overflow !!
28 : update_scale(): _has_overflow, dynamic. _loss_scale =  1.0
[2022-11-26 03:59:12.464590] Finished iteration 42, CKPT_AND_STOP: False, flag: tensor([0], dtype=torch.int32), speed: 2146.261
28 Overflow !!
28 : update_scale(): _has_overflow, dynamic. _loss_scale =  1.0
[2022-11-26 03:59:14.699686] Finished iteration 43, CKPT_AND_STOP: False, flag: tensor([0], dtype=torch.int32), speed: 2235.066
28 Overflow !!
28 : update_scale(): _has_overflow, dynamic. _loss_scale =  1.0
[2022-11-26 03:59:16.947430] Finished iteration 44, CKPT_AND_STOP: False, flag: tensor([0], dtype=torch.int32), speed: 2247.730
28 Overflow !!
28 : update_scale(): _has_overflow, dynamic. _loss_scale =  1.0
[2022-11-26 03:59:19.132494] Finished iteration 45, CKPT_AND_STOP: False, flag: tensor([0], dtype=torch.int32), speed: 2185.020
28 Overflow !!
28 : update_scale(): _has_overflow, dynamic. _loss_scale =  1.0
[2022-11-26 03:59:21.305823] Finished iteration 46, CKPT_AND_STOP: False, flag: tensor([0], dtype=torch.int32), speed: 2173.297
28 Overflow !!
28 : update_scale(): _has_overflow, dynamic. _loss_scale =  1.0
[2022-11-26 03:59:23.528349] Finished iteration 47, CKPT_AND_STOP: False, flag: tensor([0], dtype=torch.int32), speed: 2222.545
28 Overflow !!
28 : update_scale(): _has_overflow, dynamic. _loss_scale =  1.0
[2022-11-26 03:59:25.720244] Finished iteration 48, CKPT_AND_STOP: False, flag: tensor([0], dtype=torch.int32), speed: 2191.840
28 Overflow !!
28 : update_scale(): _has_overflow, dynamic. _loss_scale =  1.0
[2022-11-26 03:59:27.941906] Finished iteration 49, CKPT_AND_STOP: False, flag: tensor([1], dtype=torch.int32), speed: 2221.611
2022-11-26 03:59:27.949771 Begin to save checkpont to s3://spot-checkpoints/bert and exit
Opt ckpt time 4.42244815826416
Process done with return code 0
Parent process ID: 2485 node: 172.31.27.155
24 cutpoints
Stages 1
Micro-bs 8 Max mem: 14622140211.200005
Predicted microbatch size for 1: 8
comm size 0
GPUS_PER_VM=1 /home/ubuntu/varuna/tools/simulator/simulate-varuna 1 5 0 2493369.62890625 0
End of simulation:  Mini-batch time (usec) = 4144382
Min send: 10000000, max send 0
Min long send: 10000000, max long send 0
Min fwd: 10000000, max fwd 0; min bwd 10000000, max bwd 0
Min long fwd: 141043, max long fwd 144458; min long bwd 184920, max long bwd 191040
Time taken by simulation: 44 microseconds

Stages 2
Micro-bs 8 Max mem: 7660942131.200001
Predicted microbatch size for 2: 8
comm size 4194304
WARNING: no send time found, 2 partitions
GPUS_PER_VM=1 /home/ubuntu/varuna/tools/simulator/simulate-varuna 2 10 0 892117.1264648438 248719.58977934244
End of simulation:  Mini-batch time (usec) = 3456563
Min send: 10000000, max send 0
Min long send: 249051, max long send 264414
Min fwd: 78473, max fwd 86627; min bwd 87174, max bwd 96382
Min long fwd: 58631, max long fwd 64048; min long bwd 93560, max long bwd 98662
Time taken by simulation: 199 microseconds

Stages 3
Micro-bs 8 Max mem: 5497876480.0
Predicted microbatch size for 3: 8
comm size 4194304
WARNING: no send time found, 3 partitions
GPUS_PER_VM=1 /home/ubuntu/varuna/tools/simulator/simulate-varuna 3 15 0 476084.3811035156 248719.58977934244
End of simulation:  Mini-batch time (usec) = 3889823
Min send: 10000000, max send 0
Min long send: 248907, max long send 271185
Min fwd: 34426, max fwd 67951; min bwd 54355, max bwd 65681
Min long fwd: 38932, max long fwd 44034; min long bwd 64405, max long bwd 71935
Time taken by simulation: 489 microseconds

Stages 4
Micro-bs 8 Max mem: 4406266675.2
Predicted microbatch size for 4: 8
comm size 4194304
WARNING: no send time found, 4 partitions
GPUS_PER_VM=1 /home/ubuntu/varuna/tools/simulator/simulate-varuna 4 19 0 352272.7355957031 248719.58977934244
End of simulation:  Mini-batch time (usec) = 4275253
Min send: 10000000, max send 0
Min long send: 248773, max long send 273424
Min fwd: 22410, max fwd 61283; min bwd 39748, max bwd 51303
Min long fwd: 29385, max long fwd 37648; min long bwd 47928, max long bwd 54735
Time taken by simulation: 916 microseconds

Stages 6
Micro-bs 8 Max mem: 3314656870.4
Predicted microbatch size for 6: 8
comm size 4194304
WARNING: no send time found, 6 partitions
GPUS_PER_VM=1 /home/ubuntu/varuna/tools/simulator/simulate-varuna 6 32 0 233226.318359375 248719.58977934244
End of simulation:  Mini-batch time (usec) = 6680183
Min send: 10000000, max send 0
Min long send: 248719, max long send 275881
Min fwd: 10965, max fwd 44004; min bwd 19992, max bwd 36467
Min long fwd: 22115, max long fwd 30954; min long bwd 32578, max long bwd 40795
Time taken by simulation: 2333 microseconds

Stages 8
Micro-bs 8 Max mem: 2758774988.8
Predicted microbatch size for 8: 8
comm size 4194304
WARNING: no send time found, 8 partitions
GPUS_PER_VM=1 /home/ubuntu/varuna/tools/simulator/simulate-varuna 8 43 0 178155.74645996094 248719.58977934244
End of simulation:  Mini-batch time (usec) = 9019309
Min send: 10000000, max send 0
Min long send: 248735, max long send 276940
Min fwd: 5776, max fwd 41014; min bwd 16548, max bwd 29492
Min long fwd: 17309, max long fwd 25772; min long bwd 25282, max long bwd 32088
Time taken by simulation: 4485 microseconds

Stages 12
Micro-bs 8 Max mem: 2202893107.2
Predicted microbatch size for 12: 8
comm size 4194304
WARNING: no send time found, 12 partitions
GPUS_PER_VM=1 /home/ubuntu/varuna/tools/simulator/simulate-varuna 12 64 0 117116.2109375 248719.58977934244
End of simulation:  Mini-batch time (usec) = 13687683
Min send: 10000000, max send 0
Min long send: 248720, max long send 280797
Min fwd: 141, max fwd 25024; min bwd 6433, max bwd 23373
Min long fwd: 7201, max long fwd 18161; min long bwd 16833, max long bwd 28389
Time taken by simulation: 10465 microseconds

{1: 4.144382, 2: 3.456563, 3: 3.889823, 4: 4.275253, 6: 6.680183, 8: 9.019309, 12: 13.687683}
{1: 8, 2: 8, 3: 8, 4: 8, 6: 8, 8: 8, 12: 8}
best config is: 2 8
expected time is 3.456563
14 per stage
28 servers!
28 28 I am of no use!
Parent process ID: 29851 node: 172.31.30.99
24 cutpoints
Stages 1
Micro-bs 8 Max mem: 14622140211.200005
Predicted microbatch size for 1: 8
comm size 0
GPUS_PER_VM=1 /home/ubuntu/varuna/tools/simulator/simulate-varuna 1 5 0 2493369.62890625 0
End of simulation:  Mini-batch time (usec) = 4144382
Min send: 10000000, max send 0
Min long send: 10000000, max long send 0
Min fwd: 10000000, max fwd 0; min bwd 10000000, max bwd 0
Min long fwd: 141043, max long fwd 144458; min long bwd 184920, max long bwd 191040
Time taken by simulation: 43 microseconds

Stages 2
Micro-bs 8 Max mem: 7660942131.200001
Predicted microbatch size for 2: 8
comm size 4194304
WARNING: no send time found, 2 partitions
GPUS_PER_VM=1 /home/ubuntu/varuna/tools/simulator/simulate-varuna 2 9 0 970375.4272460938 248719.58977934244
End of simulation:  Mini-batch time (usec) = 3283515
Min send: 10000000, max send 0
Min long send: 249051, max long send 268766
Min fwd: 79750, max fwd 86627; min bwd 87708, max bwd 94754
Min long fwd: 58189, max long fwd 63385; min long bwd 92867, max long bwd 97330
Time taken by simulation: 188 microseconds

Stages 3
Micro-bs 8 Max mem: 5497876480.0
Predicted microbatch size for 3: 8
comm size 4194304
WARNING: no send time found, 3 partitions
GPUS_PER_VM=1 /home/ubuntu/varuna/tools/simulator/simulate-varuna 3 13 0 485476.6540527344 248719.58977934244
End of simulation:  Mini-batch time (usec) = 3469734
Min send: 10000000, max send 0
Min long send: 248801, max long send 271185
Min fwd: 34426, max fwd 67951; min bwd 53890, max bwd 64826
Min long fwd: 37108, max long fwd 45662; min long bwd 64919, max long bwd 72155
Time taken by simulation: 422 microseconds

Stages 4
Micro-bs 8 Max mem: 4406266675.2
Predicted microbatch size for 4: 8
comm size 4194304
WARNING: no send time found, 4 partitions
GPUS_PER_VM=1 /home/ubuntu/varuna/tools/simulator/simulate-varuna 4 19 0 352272.7355957031 248719.58977934244
End of simulation:  Mini-batch time (usec) = 4275253
Min send: 10000000, max send 0
Min long send: 248773, max long send 273424
Min fwd: 22410, max fwd 61283; min bwd 39748, max bwd 51303
Min long fwd: 29385, max long fwd 37648; min long bwd 47928, max long bwd 54735
Time taken by simulation: 870 microseconds

Stages 6
Micro-bs 8 Max mem: 3314656870.4
Predicted microbatch size for 6: 8
comm size 4194304
WARNING: no send time found, 6 partitions
GPUS_PER_VM=1 /home/ubuntu/varuna/tools/simulator/simulate-varuna 6 26 0 254962.82958984375 248719.58977934244
End of simulation:  Mini-batch time (usec) = 5944030
Min send: 10000000, max send 0
Min long send: 248735, max long send 278723
Min fwd: 10836, max fwd 44441; min bwd 24199, max bwd 35953
Min long fwd: 21303, max long fwd 29429; min long bwd 33298, max long bwd 40795
Time taken by simulation: 1950 microseconds

Stages 8
Micro-bs 8 Max mem: 2758774988.8
Predicted microbatch size for 8: 8
comm size 4194304
WARNING: no send time found, 8 partitions
GPUS_PER_VM=1 /home/ubuntu/varuna/tools/simulator/simulate-varuna 8 43 0 178155.74645996094 248719.58977934244
End of simulation:  Mini-batch time (usec) = 9019309
Min send: 10000000, max send 0
Min long send: 248735, max long send 276940
Min fwd: 5776, max fwd 41014; min bwd 16548, max bwd 29492
Min long fwd: 17309, max long fwd 25772; min long bwd 25282, max long bwd 32088
Time taken by simulation: 4414 microseconds

Stages 12
Micro-bs 8 Max mem: 2202893107.2
Predicted microbatch size for 12: 8
comm size 4194304
WARNING: no send time found, 12 partitions
GPUS_PER_VM=1 /home/ubuntu/varuna/tools/simulator/simulate-varuna 12 64 0 117116.2109375 248719.58977934244
End of simulation:  Mini-batch time (usec) = 13687683
Min send: 10000000, max send 0
Min long send: 248720, max long send 280797
Min fwd: 141, max fwd 25024; min bwd 6433, max bwd 23373
Min long fwd: 7201, max long fwd 18161; min long bwd 16833, max long bwd 28389
Time taken by simulation: 10488 microseconds

{1: 4.144382, 2: 3.283515, 3: 3.469734, 4: 4.275253, 6: 5.94403, 8: 9.019309, 12: 13.687683}
{1: 8, 2: 8, 3: 8, 4: 8, 6: 8, 8: 8, 12: 8}
best config is: 2 8
expected time is 3.283515
15 per stage
30 servers!
Config:
ranks: range(28, 29)
train batch size: 1024
partitions: 2
chunk_size: 8
data depth: 15
stage to rank map: 0,2,4,6,8,10,12,14,16,18,20,22,24,26,28;1,3,5,7,9,11,13,15,17,19,21,23,25,27,29;
World size is 30
/opt/conda/envs/varuna/bin/python -u /home/ubuntu/varuna_examples/DeepLearningExamples/PyTorch/LanguageModeling/BERT/run_pretraining.py --rank=28 --chunk_size=8 --local_rank=0 --stage_to_rank_map=0,2,4,6,8,10,12,14,16,18,20,22,24,26,28;1,3,5,7,9,11,13,15,17,19,21,23,25,27,29; --batch-size=68 --input_dir=/hdf5_lower_case_1_seq_len_128_max_pred_20_masked_lm_prob_0.15_random_seed_12345_dupe_factor_5/wikicorpus_en/ --output_dir=s3://spot-checkpoints/bert --config_file=bert_config.json --bert_model=bert-large-uncased --train_batch_size=1024 --max_seq_length=128 --max_predictions_per_seq=20 --max_steps=7038 --warmup_proportion=0.2843 --num_steps_per_checkpoint=200 --learning_rate=6e-3 --seed=12439 --fp16 --gradient_accumulation_steps=128 --allreduce_post_accumulation --allreduce_post_accumulation_fp16 --do_train --json-summary /home/ubuntu/varuna_examples/DeepLearningExamples/PyTorch/LanguageModeling/BERT/results/dllogger.json --varuna --resume_step 221
device: cuda:0 n_gpu: 1, distributed training: True, 16-bits training: True
dry run time 0.22033262252807617
SHARED WEIGHTS ARE
[(0, 1)]
this rank  28 is part of pipeline replica  14
9 chunks
Begin to load checkpint from s3://spot-checkpoints/bert/ckpt_221.pt
2022-11-26 04:28:32.719185 resume step from  221
Signal handler called with signal 10


 STOPPING VARUNA !!



Rank 28 signal handler called with signal 10
2022-11-26 04:29:20.172005 - Finished loading checkpoint, takes 47.426 secs
2022-11-26 04:29:40.051691 Begin to exit
Process done with return code 0
Parent process ID: 31044 node: 172.31.30.99
24 cutpoints
Stages 1
Micro-bs 8 Max mem: 14622140211.200005
Predicted microbatch size for 1: 8
comm size 0
GPUS_PER_VM=1 /home/ubuntu/varuna/tools/simulator/simulate-varuna 1 4 0 3598379.5166015625 0
End of simulation:  Mini-batch time (usec) = 4923429
Min send: 10000000, max send 0
Min long send: 10000000, max long send 0
Min fwd: 10000000, max fwd 0; min bwd 10000000, max bwd 0
Min long fwd: 142174, max long fwd 144458; min long bwd 186536, max long bwd 191040
Time taken by simulation: 42 microseconds

Stages 2
Micro-bs 8 Max mem: 7660942131.200001
Predicted microbatch size for 2: 8
comm size 4194304
WARNING: no send time found, 2 partitions
GPUS_PER_VM=1 /home/ubuntu/varuna/tools/simulator/simulate-varuna 2 8 0 954047.119140625 248719.58977934244
End of simulation:  Mini-batch time (usec) = 3096062
Min send: 10000000, max send 0
Min long send: 249051, max long send 268766
Min fwd: 79507, max fwd 86627; min bwd 88131, max bwd 94131
Min long fwd: 58556, max long fwd 63385; min long bwd 92867, max long bwd 97582
Time taken by simulation: 163 microseconds

Stages 3
Micro-bs 8 Max mem: 5497876480.0
Predicted microbatch size for 3: 8
comm size 4194304
WARNING: no send time found, 3 partitions
GPUS_PER_VM=1 /home/ubuntu/varuna/tools/simulator/simulate-varuna 3 13 0 485476.6540527344 248719.58977934244
End of simulation:  Mini-batch time (usec) = 3469734
Min send: 10000000, max send 0
Min long send: 248801, max long send 271185
Min fwd: 34426, max fwd 67951; min bwd 53890, max bwd 64826
Min long fwd: 37108, max long fwd 45662; min long bwd 64919, max long bwd 72155
Time taken by simulation: 477 microseconds

Stages 4
Micro-bs 8 Max mem: 4406266675.2
Predicted microbatch size for 4: 8
comm size 4194304
WARNING: no send time found, 4 partitions
GPUS_PER_VM=1 /home/ubuntu/varuna/tools/simulator/simulate-varuna 4 16 0 364488.09814453125 248719.58977934244
End of simulation:  Mini-batch time (usec) = 3900556
Min send: 10000000, max send 0
Min long send: 248773, max long send 273424
Min fwd: 20622, max fwd 60312; min bwd 40311, max bwd 50179
Min long fwd: 29744, max long fwd 36491; min long bwd 47928, max long bwd 56568
Time taken by simulation: 734 microseconds

Stages 6
Micro-bs 8 Max mem: 3314656870.4
Predicted microbatch size for 6: 8
comm size 4194304
WARNING: no send time found, 6 partitions
GPUS_PER_VM=1 /home/ubuntu/varuna/tools/simulator/simulate-varuna 6 26 0 254962.82958984375 248719.58977934244
End of simulation:  Mini-batch time (usec) = 5944030
Min send: 10000000, max send 0
Min long send: 248735, max long send 278723
Min fwd: 10836, max fwd 44441; min bwd 24199, max bwd 35953
Min long fwd: 21303, max long fwd 29429; min long bwd 33298, max long bwd 40795
Time taken by simulation: 1897 microseconds

Stages 8
Micro-bs 8 Max mem: 2758774988.8
Predicted microbatch size for 8: 8
comm size 4194304
WARNING: no send time found, 8 partitions
GPUS_PER_VM=1 /home/ubuntu/varuna/tools/simulator/simulate-varuna 8 32 0 244280.30395507812 248719.58977934244
End of simulation:  Mini-batch time (usec) = 7674225
Min send: 10000000, max send 0
Min long send: 248719, max long send 278723
Min fwd: 6779, max fwd 41103; min bwd 15994, max bwd 28589
Min long fwd: 18906, max long fwd 26091; min long bwd 25267, max long bwd 32480
Time taken by simulation: 3202 microseconds

Stages 12
Micro-bs 8 Max mem: 2202893107.2
Predicted microbatch size for 12: 8
comm size 4194304
WARNING: no send time found, 12 partitions
GPUS_PER_VM=1 /home/ubuntu/varuna/tools/simulator/simulate-varuna 12 64 0 117116.2109375 248719.58977934244
End of simulation:  Mini-batch time (usec) = 13687683
Min send: 10000000, max send 0
Min long send: 248720, max long send 280797
Min fwd: 141, max fwd 25024; min bwd 6433, max bwd 23373
Min long fwd: 7201, max long fwd 18161; min long bwd 16833, max long bwd 28389
Time taken by simulation: 10512 microseconds

{1: 4.923429, 2: 3.096062, 3: 3.469734, 4: 3.900556, 6: 5.94403, 8: 7.674225, 12: 13.687683}
{1: 8, 2: 8, 3: 8, 4: 8, 6: 8, 8: 8, 12: 8}
best config is: 2 8
expected time is 3.096062
16 per stage
32 servers!
Config:
ranks: range(28, 29)
train batch size: 1024
partitions: 2
chunk_size: 8
data depth: 16
stage to rank map: 0,2,4,6,8,10,12,14,16,18,20,22,24,26,28,30;1,3,5,7,9,11,13,15,17,19,21,23,25,27,29,31;
World size is 32
/opt/conda/envs/varuna/bin/python -u /home/ubuntu/varuna_examples/DeepLearningExamples/PyTorch/LanguageModeling/BERT/run_pretraining.py --rank=28 --chunk_size=8 --local_rank=0 --stage_to_rank_map=0,2,4,6,8,10,12,14,16,18,20,22,24,26,28,30;1,3,5,7,9,11,13,15,17,19,21,23,25,27,29,31; --batch-size=64 --input_dir=/hdf5_lower_case_1_seq_len_128_max_pred_20_masked_lm_prob_0.15_random_seed_12345_dupe_factor_5/wikicorpus_en/ --output_dir=s3://spot-checkpoints/bert --config_file=bert_config.json --bert_model=bert-large-uncased --train_batch_size=1024 --max_seq_length=128 --max_predictions_per_seq=20 --max_steps=7038 --warmup_proportion=0.2843 --num_steps_per_checkpoint=200 --learning_rate=6e-3 --seed=12439 --fp16 --gradient_accumulation_steps=128 --allreduce_post_accumulation --allreduce_post_accumulation_fp16 --do_train --json-summary /home/ubuntu/varuna_examples/DeepLearningExamples/PyTorch/LanguageModeling/BERT/results/dllogger.json --varuna --resume_step 221
device: cuda:0 n_gpu: 1, distributed training: True, 16-bits training: True
dry run time 0.21436095237731934
SHARED WEIGHTS ARE
[(0, 1)]
this rank  28 is part of pipeline replica  14
8 chunks
Begin to load checkpint from s3://spot-checkpoints/bert/ckpt_221.pt
2022-11-26 04:30:01.149947 resume step from  221
2022-11-26 04:30:49.812364 - Finished loading checkpoint, takes 48.634 secs
28 Overflow !!
28 : update_scale(): _has_overflow, dynamic. _loss_scale =  524288.0
[2022-11-26 04:31:09.085763] Finished iteration 221, CKPT_AND_STOP: False, flag: tensor([0], dtype=torch.int32), speed: 4238.424
28 Overflow !!
28 : update_scale(): _has_overflow, dynamic. _loss_scale =  262144.0
[2022-11-26 04:31:12.287655] Finished iteration 222, CKPT_AND_STOP: False, flag: tensor([0], dtype=torch.int32), speed: 3201.673
28 Overflow !!
28 : update_scale(): _has_overflow, dynamic. _loss_scale =  131072.0
[2022-11-26 04:31:14.424585] Finished iteration 223, CKPT_AND_STOP: False, flag: tensor([0], dtype=torch.int32), speed: 2136.823
28 Overflow !!
28 : update_scale(): _has_overflow, dynamic. _loss_scale =  65536.0
[2022-11-26 04:31:18.040433] Finished iteration 224, CKPT_AND_STOP: False, flag: tensor([0], dtype=torch.int32), speed: 3615.879
28 Overflow !!
28 : update_scale(): _has_overflow, dynamic. _loss_scale =  32768.0
[2022-11-26 04:31:21.215509] Finished iteration 225, CKPT_AND_STOP: False, flag: tensor([0], dtype=torch.int32), speed: 3175.054
28 Overflow !!
28 : update_scale(): _has_overflow, dynamic. _loss_scale =  16384.0
[2022-11-26 04:31:23.372035] Finished iteration 226, CKPT_AND_STOP: False, flag: tensor([0], dtype=torch.int32), speed: 2156.413
28 Overflow !!
28 : update_scale(): _has_overflow, dynamic. _loss_scale =  8192.0
[2022-11-26 04:31:25.506510] Finished iteration 227, CKPT_AND_STOP: False, flag: tensor([0], dtype=torch.int32), speed: 2134.447
28 Overflow !!
28 : update_scale(): _has_overflow, dynamic. _loss_scale =  4096.0
[2022-11-26 04:31:27.646583] Finished iteration 228, CKPT_AND_STOP: False, flag: tensor([0], dtype=torch.int32), speed: 2140.062
28 Overflow !!
28 : update_scale(): _has_overflow, dynamic. _loss_scale =  2048.0
[2022-11-26 04:31:29.831888] Finished iteration 229, CKPT_AND_STOP: False, flag: tensor([0], dtype=torch.int32), speed: 2185.266
28 Overflow !!
28 : update_scale(): _has_overflow, dynamic. _loss_scale =  1024.0
[2022-11-26 04:31:32.009806] Finished iteration 230, CKPT_AND_STOP: False, flag: tensor([0], dtype=torch.int32), speed: 2177.882
28 Overflow !!
28 : update_scale(): _has_overflow, dynamic. _loss_scale =  512.0
[2022-11-26 04:31:34.236022] Finished iteration 231, CKPT_AND_STOP: False, flag: tensor([0], dtype=torch.int32), speed: 2226.181
28 Overflow !!
28 : update_scale(): _has_overflow, dynamic. _loss_scale =  256.0
[2022-11-26 04:31:36.498676] Finished iteration 232, CKPT_AND_STOP: False, flag: tensor([0], dtype=torch.int32), speed: 2262.631
28 Overflow !!
28 : update_scale(): _has_overflow, dynamic. _loss_scale =  128.0
[2022-11-26 04:31:38.693247] Finished iteration 233, CKPT_AND_STOP: False, flag: tensor([0], dtype=torch.int32), speed: 2194.554
28 Overflow !!
28 : update_scale(): _has_overflow, dynamic. _loss_scale =  64.0
[2022-11-26 04:31:40.860315] Finished iteration 234, CKPT_AND_STOP: False, flag: tensor([0], dtype=torch.int32), speed: 2167.032
28 Overflow !!
28 : update_scale(): _has_overflow, dynamic. _loss_scale =  32.0
[2022-11-26 04:31:43.065604] Finished iteration 235, CKPT_AND_STOP: False, flag: tensor([0], dtype=torch.int32), speed: 2205.263
28 Overflow !!
28 : update_scale(): _has_overflow, dynamic. _loss_scale =  16.0
[2022-11-26 04:31:45.950799] Finished iteration 236, CKPT_AND_STOP: False, flag: tensor([0], dtype=torch.int32), speed: 2885.162
28 Overflow !!
28 : update_scale(): _has_overflow, dynamic. _loss_scale =  8.0
[2022-11-26 04:31:48.132613] Finished iteration 237, CKPT_AND_STOP: False, flag: tensor([0], dtype=torch.int32), speed: 2181.787
28 Overflow !!
28 : update_scale(): _has_overflow, dynamic. _loss_scale =  4.0
[2022-11-26 04:31:50.350145] Finished iteration 238, CKPT_AND_STOP: False, flag: tensor([0], dtype=torch.int32), speed: 2217.498
28 Overflow !!
28 : update_scale(): _has_overflow, dynamic. _loss_scale =  2.0
[2022-11-26 04:31:52.565342] Finished iteration 239, CKPT_AND_STOP: False, flag: tensor([0], dtype=torch.int32), speed: 2215.184
28 Overflow !!
28 : update_scale(): _has_overflow, dynamic. _loss_scale =  1.0
[2022-11-26 04:31:54.719140] Finished iteration 240, CKPT_AND_STOP: False, flag: tensor([0], dtype=torch.int32), speed: 2153.777
28 Overflow !!
28 : update_scale(): _has_overflow, dynamic. _loss_scale =  1.0
[2022-11-26 04:31:56.924082] Finished iteration 241, CKPT_AND_STOP: False, flag: tensor([0], dtype=torch.int32), speed: 2204.921
28 Overflow !!
28 : update_scale(): _has_overflow, dynamic. _loss_scale =  1.0
[2022-11-26 04:31:59.144143] Finished iteration 242, CKPT_AND_STOP: False, flag: tensor([0], dtype=torch.int32), speed: 2220.027
28 Overflow !!
28 : update_scale(): _has_overflow, dynamic. _loss_scale =  1.0
[2022-11-26 04:32:01.348045] Finished iteration 243, CKPT_AND_STOP: False, flag: tensor([0], dtype=torch.int32), speed: 2203.842
28 Overflow !!
28 : update_scale(): _has_overflow, dynamic. _loss_scale =  1.0
[2022-11-26 04:32:03.590633] Finished iteration 244, CKPT_AND_STOP: False, flag: tensor([0], dtype=torch.int32), speed: 2242.523
28 Overflow !!
28 : update_scale(): _has_overflow, dynamic. _loss_scale =  1.0
[2022-11-26 04:32:05.795176] Finished iteration 245, CKPT_AND_STOP: False, flag: tensor([0], dtype=torch.int32), speed: 2204.518
28 Overflow !!
28 : update_scale(): _has_overflow, dynamic. _loss_scale =  1.0
[2022-11-26 04:32:07.999847] Finished iteration 246, CKPT_AND_STOP: False, flag: tensor([0], dtype=torch.int32), speed: 2204.639
28 Overflow !!
28 : update_scale(): _has_overflow, dynamic. _loss_scale =  1.0
[2022-11-26 04:32:10.223830] Finished iteration 247, CKPT_AND_STOP: False, flag: tensor([0], dtype=torch.int32), speed: 2223.949
28 Overflow !!
28 : update_scale(): _has_overflow, dynamic. _loss_scale =  1.0
[2022-11-26 04:32:12.409532] Finished iteration 248, CKPT_AND_STOP: False, flag: tensor([0], dtype=torch.int32), speed: 2185.672
28 Overflow !!
28 : update_scale(): _has_overflow, dynamic. _loss_scale =  1.0
[2022-11-26 04:32:14.620914] Finished iteration 249, CKPT_AND_STOP: False, flag: tensor([0], dtype=torch.int32), speed: 2211.352
28 Overflow !!
28 : update_scale(): _has_overflow, dynamic. _loss_scale =  1.0
[2022-11-26 04:32:16.819709] Finished iteration 250, CKPT_AND_STOP: False, flag: tensor([0], dtype=torch.int32), speed: 2198.770
28 Overflow !!
28 : update_scale(): _has_overflow, dynamic. _loss_scale =  1.0
[2022-11-26 04:32:19.053556] Finished iteration 251, CKPT_AND_STOP: False, flag: tensor([0], dtype=torch.int32), speed: 2233.812
28 Overflow !!
28 : update_scale(): _has_overflow, dynamic. _loss_scale =  1.0
[2022-11-26 04:32:21.259089] Finished iteration 252, CKPT_AND_STOP: False, flag: tensor([0], dtype=torch.int32), speed: 2205.504
28 Overflow !!
28 : update_scale(): _has_overflow, dynamic. _loss_scale =  1.0
[2022-11-26 04:32:23.422679] Finished iteration 253, CKPT_AND_STOP: False, flag: tensor([0], dtype=torch.int32), speed: 2163.567
28 Overflow !!
28 : update_scale(): _has_overflow, dynamic. _loss_scale =  1.0
[2022-11-26 04:32:26.360542] Finished iteration 254, CKPT_AND_STOP: False, flag: tensor([0], dtype=torch.int32), speed: 2937.835
28 Overflow !!
28 : update_scale(): _has_overflow, dynamic. _loss_scale =  1.0
[2022-11-26 04:32:28.545622] Finished iteration 255, CKPT_AND_STOP: False, flag: tensor([0], dtype=torch.int32), speed: 2185.058
28 Overflow !!
28 : update_scale(): _has_overflow, dynamic. _loss_scale =  1.0
[2022-11-26 04:32:30.719477] Finished iteration 256, CKPT_AND_STOP: False, flag: tensor([0], dtype=torch.int32), speed: 2173.830
28 Overflow !!
28 : update_scale(): _has_overflow, dynamic. _loss_scale =  1.0
[2022-11-26 04:32:32.924723] Finished iteration 257, CKPT_AND_STOP: False, flag: tensor([0], dtype=torch.int32), speed: 2205.204
28 Overflow !!
28 : update_scale(): _has_overflow, dynamic. _loss_scale =  1.0
[2022-11-26 04:32:35.132838] Finished iteration 258, CKPT_AND_STOP: False, flag: tensor([0], dtype=torch.int32), speed: 2208.091
28 Overflow !!
28 : update_scale(): _has_overflow, dynamic. _loss_scale =  1.0
[2022-11-26 04:32:37.326350] Finished iteration 259, CKPT_AND_STOP: False, flag: tensor([0], dtype=torch.int32), speed: 2193.485
28 Overflow !!
28 : update_scale(): _has_overflow, dynamic. _loss_scale =  1.0
[2022-11-26 04:32:39.507179] Finished iteration 260, CKPT_AND_STOP: False, flag: tensor([0], dtype=torch.int32), speed: 2180.784
28 Overflow !!
28 : update_scale(): _has_overflow, dynamic. _loss_scale =  1.0
[2022-11-26 04:32:41.668424] Finished iteration 261, CKPT_AND_STOP: False, flag: tensor([0], dtype=torch.int32), speed: 2161.227
28 Overflow !!
28 : update_scale(): _has_overflow, dynamic. _loss_scale =  1.0
[2022-11-26 04:32:43.907591] Finished iteration 262, CKPT_AND_STOP: False, flag: tensor([0], dtype=torch.int32), speed: 2239.141
28 Overflow !!
28 : update_scale(): _has_overflow, dynamic. _loss_scale =  1.0
[2022-11-26 04:32:46.133842] Finished iteration 263, CKPT_AND_STOP: False, flag: tensor([0], dtype=torch.int32), speed: 2226.208
28 Overflow !!
28 : update_scale(): _has_overflow, dynamic. _loss_scale =  1.0
[2022-11-26 04:32:48.312708] Finished iteration 264, CKPT_AND_STOP: False, flag: tensor([0], dtype=torch.int32), speed: 2178.837
28 Overflow !!
28 : update_scale(): _has_overflow, dynamic. _loss_scale =  1.0
[2022-11-26 04:32:50.493394] Finished iteration 265, CKPT_AND_STOP: False, flag: tensor([0], dtype=torch.int32), speed: 2180.706
28 Overflow !!
28 : update_scale(): _has_overflow, dynamic. _loss_scale =  1.0
[2022-11-26 04:32:52.709826] Finished iteration 266, CKPT_AND_STOP: False, flag: tensor([0], dtype=torch.int32), speed: 2216.382
28 Overflow !!
28 : update_scale(): _has_overflow, dynamic. _loss_scale =  1.0
[2022-11-26 04:32:54.909972] Finished iteration 267, CKPT_AND_STOP: False, flag: tensor([0], dtype=torch.int32), speed: 2200.083
28 Overflow !!
28 : update_scale(): _has_overflow, dynamic. _loss_scale =  1.0
[2022-11-26 04:32:57.132825] Finished iteration 268, CKPT_AND_STOP: False, flag: tensor([0], dtype=torch.int32), speed: 2222.839
28 Overflow !!
28 : update_scale(): _has_overflow, dynamic. _loss_scale =  1.0
[2022-11-26 04:32:59.340983] Finished iteration 269, CKPT_AND_STOP: False, flag: tensor([0], dtype=torch.int32), speed: 2208.113
28 Overflow !!
28 : update_scale(): _has_overflow, dynamic. _loss_scale =  1.0
[2022-11-26 04:33:01.578831] Finished iteration 270, CKPT_AND_STOP: False, flag: tensor([0], dtype=torch.int32), speed: 2237.810
28 Overflow !!
28 : update_scale(): _has_overflow, dynamic. _loss_scale =  1.0
[2022-11-26 04:33:03.778444] Finished iteration 271, CKPT_AND_STOP: False, flag: tensor([0], dtype=torch.int32), speed: 2199.584
28 Overflow !!
28 : update_scale(): _has_overflow, dynamic. _loss_scale =  1.0
[2022-11-26 04:33:05.977336] Finished iteration 272, CKPT_AND_STOP: False, flag: tensor([0], dtype=torch.int32), speed: 2198.864
28 Overflow !!
28 : update_scale(): _has_overflow, dynamic. _loss_scale =  1.0
[2022-11-26 04:33:08.182417] Finished iteration 273, CKPT_AND_STOP: False, flag: tensor([0], dtype=torch.int32), speed: 2205.047
28 Overflow !!
28 : update_scale(): _has_overflow, dynamic. _loss_scale =  1.0
[2022-11-26 04:33:10.438062] Finished iteration 274, CKPT_AND_STOP: False, flag: tensor([0], dtype=torch.int32), speed: 2255.620
28 Overflow !!
28 : update_scale(): _has_overflow, dynamic. _loss_scale =  1.0
[2022-11-26 04:33:12.707677] Finished iteration 275, CKPT_AND_STOP: False, flag: tensor([0], dtype=torch.int32), speed: 2269.621
28 Overflow !!
28 : update_scale(): _has_overflow, dynamic. _loss_scale =  1.0
[2022-11-26 04:33:14.894365] Finished iteration 276, CKPT_AND_STOP: False, flag: tensor([0], dtype=torch.int32), speed: 2186.615
28 Overflow !!
28 : update_scale(): _has_overflow, dynamic. _loss_scale =  1.0
[2022-11-26 04:33:17.064215] Finished iteration 277, CKPT_AND_STOP: False, flag: tensor([0], dtype=torch.int32), speed: 2169.841
28 Overflow !!
28 : update_scale(): _has_overflow, dynamic. _loss_scale =  1.0
[2022-11-26 04:33:19.244514] Finished iteration 278, CKPT_AND_STOP: False, flag: tensor([0], dtype=torch.int32), speed: 2180.241
28 Overflow !!
28 : update_scale(): _has_overflow, dynamic. _loss_scale =  1.0
[2022-11-26 04:33:21.418713] Finished iteration 279, CKPT_AND_STOP: False, flag: tensor([0], dtype=torch.int32), speed: 2174.174
28 Overflow !!
28 : update_scale(): _has_overflow, dynamic. _loss_scale =  1.0
[2022-11-26 04:33:23.660803] Finished iteration 280, CKPT_AND_STOP: False, flag: tensor([0], dtype=torch.int32), speed: 2242.065
28 Overflow !!
28 : update_scale(): _has_overflow, dynamic. _loss_scale =  1.0
[2022-11-26 04:33:25.889554] Finished iteration 281, CKPT_AND_STOP: False, flag: tensor([0], dtype=torch.int32), speed: 2228.715
28 Overflow !!
28 : update_scale(): _has_overflow, dynamic. _loss_scale =  1.0
[2022-11-26 04:33:28.036202] Finished iteration 282, CKPT_AND_STOP: False, flag: tensor([0], dtype=torch.int32), speed: 2146.659
28 Overflow !!
28 : update_scale(): _has_overflow, dynamic. _loss_scale =  1.0
[2022-11-26 04:33:30.199172] Finished iteration 283, CKPT_AND_STOP: False, flag: tensor([0], dtype=torch.int32), speed: 2162.900
28 Overflow !!
28 : update_scale(): _has_overflow, dynamic. _loss_scale =  1.0
[2022-11-26 04:33:32.411181] Finished iteration 284, CKPT_AND_STOP: False, flag: tensor([0], dtype=torch.int32), speed: 2211.980
28 Overflow !!
28 : update_scale(): _has_overflow, dynamic. _loss_scale =  1.0
[2022-11-26 04:33:34.589112] Finished iteration 285, CKPT_AND_STOP: False, flag: tensor([0], dtype=torch.int32), speed: 2177.916
28 Overflow !!
28 : update_scale(): _has_overflow, dynamic. _loss_scale =  1.0
[2022-11-26 04:33:36.746270] Finished iteration 286, CKPT_AND_STOP: False, flag: tensor([0], dtype=torch.int32), speed: 2157.137
28 Overflow !!
28 : update_scale(): _has_overflow, dynamic. _loss_scale =  1.0
[2022-11-26 04:33:38.937230] Finished iteration 287, CKPT_AND_STOP: False, flag: tensor([0], dtype=torch.int32), speed: 2190.906
28 Overflow !!
28 : update_scale(): _has_overflow, dynamic. _loss_scale =  1.0
[2022-11-26 04:33:41.182849] Finished iteration 288, CKPT_AND_STOP: False, flag: tensor([0], dtype=torch.int32), speed: 2245.591
28 Overflow !!
28 : update_scale(): _has_overflow, dynamic. _loss_scale =  1.0
[2022-11-26 04:33:43.303849] Finished iteration 289, CKPT_AND_STOP: False, flag: tensor([0], dtype=torch.int32), speed: 2120.970
28 Overflow !!
28 : update_scale(): _has_overflow, dynamic. _loss_scale =  1.0
[2022-11-26 04:33:45.466272] Finished iteration 290, CKPT_AND_STOP: False, flag: tensor([0], dtype=torch.int32), speed: 2162.400
28 Overflow !!
28 : update_scale(): _has_overflow, dynamic. _loss_scale =  1.0
[2022-11-26 04:33:47.663025] Finished iteration 291, CKPT_AND_STOP: False, flag: tensor([0], dtype=torch.int32), speed: 2196.741
28 Overflow !!
28 : update_scale(): _has_overflow, dynamic. _loss_scale =  1.0
[2022-11-26 04:33:49.927340] Finished iteration 292, CKPT_AND_STOP: False, flag: tensor([0], dtype=torch.int32), speed: 2264.261
28 Overflow !!
28 : update_scale(): _has_overflow, dynamic. _loss_scale =  1.0
[2022-11-26 04:33:52.143278] Finished iteration 293, CKPT_AND_STOP: False, flag: tensor([0], dtype=torch.int32), speed: 2215.913
28 Overflow !!
28 : update_scale(): _has_overflow, dynamic. _loss_scale =  1.0
[2022-11-26 04:33:54.423718] Finished iteration 294, CKPT_AND_STOP: False, flag: tensor([0], dtype=torch.int32), speed: 2280.414
28 Overflow !!
28 : update_scale(): _has_overflow, dynamic. _loss_scale =  1.0
[2022-11-26 04:33:56.620073] Finished iteration 295, CKPT_AND_STOP: False, flag: tensor([0], dtype=torch.int32), speed: 2196.347
28 Overflow !!
28 : update_scale(): _has_overflow, dynamic. _loss_scale =  1.0
[2022-11-26 04:33:58.800302] Finished iteration 296, CKPT_AND_STOP: False, flag: tensor([0], dtype=torch.int32), speed: 2180.180
28 Overflow !!
28 : update_scale(): _has_overflow, dynamic. _loss_scale =  1.0
[2022-11-26 04:34:01.269604] Finished iteration 297, CKPT_AND_STOP: False, flag: tensor([0], dtype=torch.int32), speed: 2469.271
28 Overflow !!
28 : update_scale(): _has_overflow, dynamic. _loss_scale =  1.0
[2022-11-26 04:34:04.020065] Finished iteration 298, CKPT_AND_STOP: False, flag: tensor([0], dtype=torch.int32), speed: 2750.474
28 Overflow !!
28 : update_scale(): _has_overflow, dynamic. _loss_scale =  1.0
[2022-11-26 04:34:06.208143] Finished iteration 299, CKPT_AND_STOP: False, flag: tensor([0], dtype=torch.int32), speed: 2188.045
28 Overflow !!
28 : update_scale(): _has_overflow, dynamic. _loss_scale =  1.0
[2022-11-26 04:34:08.459646] Finished iteration 300, CKPT_AND_STOP: False, flag: tensor([0], dtype=torch.int32), speed: 2251.440
28 Overflow !!
28 : update_scale(): _has_overflow, dynamic. _loss_scale =  1.0
[2022-11-26 04:34:10.631781] Finished iteration 301, CKPT_AND_STOP: False, flag: tensor([0], dtype=torch.int32), speed: 2172.095
28 Overflow !!
28 : update_scale(): _has_overflow, dynamic. _loss_scale =  1.0
[2022-11-26 04:34:12.816397] Finished iteration 302, CKPT_AND_STOP: False, flag: tensor([0], dtype=torch.int32), speed: 2184.595
28 Overflow !!
28 : update_scale(): _has_overflow, dynamic. _loss_scale =  1.0
[2022-11-26 04:34:14.974138] Finished iteration 303, CKPT_AND_STOP: False, flag: tensor([0], dtype=torch.int32), speed: 2157.727
28 Overflow !!
28 : update_scale(): _has_overflow, dynamic. _loss_scale =  1.0
[2022-11-26 04:34:17.177912] Finished iteration 304, CKPT_AND_STOP: False, flag: tensor([0], dtype=torch.int32), speed: 2203.733
28 Overflow !!
28 : update_scale(): _has_overflow, dynamic. _loss_scale =  1.0
[2022-11-26 04:34:19.390588] Finished iteration 305, CKPT_AND_STOP: False, flag: tensor([0], dtype=torch.int32), speed: 2212.661
28 Overflow !!
28 : update_scale(): _has_overflow, dynamic. _loss_scale =  1.0
[2022-11-26 04:34:21.600087] Finished iteration 306, CKPT_AND_STOP: False, flag: tensor([0], dtype=torch.int32), speed: 2209.495
28 Overflow !!
28 : update_scale(): _has_overflow, dynamic. _loss_scale =  1.0
[2022-11-26 04:34:23.816727] Finished iteration 307, CKPT_AND_STOP: False, flag: tensor([0], dtype=torch.int32), speed: 2216.579
28 Overflow !!
28 : update_scale(): _has_overflow, dynamic. _loss_scale =  1.0
[2022-11-26 04:34:26.004120] Finished iteration 308, CKPT_AND_STOP: False, flag: tensor([0], dtype=torch.int32), speed: 2187.396
28 Overflow !!
28 : update_scale(): _has_overflow, dynamic. _loss_scale =  1.0
[2022-11-26 04:34:28.155094] Finished iteration 309, CKPT_AND_STOP: False, flag: tensor([0], dtype=torch.int32), speed: 2150.912
28 Overflow !!
28 : update_scale(): _has_overflow, dynamic. _loss_scale =  1.0
[2022-11-26 04:34:30.350987] Finished iteration 310, CKPT_AND_STOP: False, flag: tensor([0], dtype=torch.int32), speed: 2195.866
28 Overflow !!
28 : update_scale(): _has_overflow, dynamic. _loss_scale =  1.0
[2022-11-26 04:34:32.529662] Finished iteration 311, CKPT_AND_STOP: False, flag: tensor([0], dtype=torch.int32), speed: 2178.640
28 Overflow !!
28 : update_scale(): _has_overflow, dynamic. _loss_scale =  1.0
[2022-11-26 04:34:34.683703] Finished iteration 312, CKPT_AND_STOP: False, flag: tensor([0], dtype=torch.int32), speed: 2154.058
28 Overflow !!
28 : update_scale(): _has_overflow, dynamic. _loss_scale =  1.0
[2022-11-26 04:34:36.836986] Finished iteration 313, CKPT_AND_STOP: False, flag: tensor([0], dtype=torch.int32), speed: 2153.216
28 Overflow !!
28 : update_scale(): _has_overflow, dynamic. _loss_scale =  1.0
[2022-11-26 04:34:38.982236] Finished iteration 314, CKPT_AND_STOP: False, flag: tensor([0], dtype=torch.int32), speed: 2145.223
28 Overflow !!
28 : update_scale(): _has_overflow, dynamic. _loss_scale =  1.0
[2022-11-26 04:34:41.113706] Finished iteration 315, CKPT_AND_STOP: False, flag: tensor([0], dtype=torch.int32), speed: 2131.418
28 Overflow !!
28 : update_scale(): _has_overflow, dynamic. _loss_scale =  1.0
[2022-11-26 04:34:43.513590] Finished iteration 316, CKPT_AND_STOP: False, flag: tensor([0], dtype=torch.int32), speed: 2399.852
28 Overflow !!
28 : update_scale(): _has_overflow, dynamic. _loss_scale =  1.0
[2022-11-26 04:34:45.769235] Finished iteration 317, CKPT_AND_STOP: False, flag: tensor([0], dtype=torch.int32), speed: 2255.615
28 Overflow !!
28 : update_scale(): _has_overflow, dynamic. _loss_scale =  1.0
[2022-11-26 04:34:47.962374] Finished iteration 318, CKPT_AND_STOP: False, flag: tensor([0], dtype=torch.int32), speed: 2193.109
28 Overflow !!
28 : update_scale(): _has_overflow, dynamic. _loss_scale =  1.0
[2022-11-26 04:34:50.121090] Finished iteration 319, CKPT_AND_STOP: False, flag: tensor([0], dtype=torch.int32), speed: 2158.706
28 Overflow !!
28 : update_scale(): _has_overflow, dynamic. _loss_scale =  1.0
[2022-11-26 04:34:52.259402] Finished iteration 320, CKPT_AND_STOP: False, flag: tensor([0], dtype=torch.int32), speed: 2138.268
28 Overflow !!
28 : update_scale(): _has_overflow, dynamic. _loss_scale =  1.0
[2022-11-26 04:34:54.440838] Finished iteration 321, CKPT_AND_STOP: False, flag: tensor([0], dtype=torch.int32), speed: 2181.405
28 Overflow !!
28 : update_scale(): _has_overflow, dynamic. _loss_scale =  1.0
[2022-11-26 04:34:56.586138] Finished iteration 322, CKPT_AND_STOP: False, flag: tensor([0], dtype=torch.int32), speed: 2145.279
28 Overflow !!
28 : update_scale(): _has_overflow, dynamic. _loss_scale =  1.0
[2022-11-26 04:34:58.982525] Finished iteration 323, CKPT_AND_STOP: False, flag: tensor([0], dtype=torch.int32), speed: 2396.349
28 Overflow !!
28 : update_scale(): _has_overflow, dynamic. _loss_scale =  1.0
[2022-11-26 04:35:01.193216] Finished iteration 324, CKPT_AND_STOP: False, flag: tensor([0], dtype=torch.int32), speed: 2210.683
28 Overflow !!
28 : update_scale(): _has_overflow, dynamic. _loss_scale =  1.0
[2022-11-26 04:35:03.410832] Finished iteration 325, CKPT_AND_STOP: False, flag: tensor([0], dtype=torch.int32), speed: 2217.569
28 Overflow !!
28 : update_scale(): _has_overflow, dynamic. _loss_scale =  1.0
[2022-11-26 04:35:05.546914] Finished iteration 326, CKPT_AND_STOP: False, flag: tensor([0], dtype=torch.int32), speed: 2136.060
28 Overflow !!
28 : update_scale(): _has_overflow, dynamic. _loss_scale =  1.0
[2022-11-26 04:35:07.781953] Finished iteration 327, CKPT_AND_STOP: False, flag: tensor([0], dtype=torch.int32), speed: 2235.002
28 Overflow !!
28 : update_scale(): _has_overflow, dynamic. _loss_scale =  1.0
[2022-11-26 04:35:09.936710] Finished iteration 328, CKPT_AND_STOP: False, flag: tensor([0], dtype=torch.int32), speed: 2154.741
28 Overflow !!
28 : update_scale(): _has_overflow, dynamic. _loss_scale =  1.0
[2022-11-26 04:35:12.110645] Finished iteration 329, CKPT_AND_STOP: False, flag: tensor([0], dtype=torch.int32), speed: 2173.907
28 Overflow !!
28 : update_scale(): _has_overflow, dynamic. _loss_scale =  1.0
[2022-11-26 04:35:14.274689] Finished iteration 330, CKPT_AND_STOP: False, flag: tensor([0], dtype=torch.int32), speed: 2163.999
28 Overflow !!
28 : update_scale(): _has_overflow, dynamic. _loss_scale =  1.0
[2022-11-26 04:35:16.415281] Finished iteration 331, CKPT_AND_STOP: False, flag: tensor([0], dtype=torch.int32), speed: 2140.564
28 Overflow !!
28 : update_scale(): _has_overflow, dynamic. _loss_scale =  1.0
[2022-11-26 04:35:18.609049] Finished iteration 332, CKPT_AND_STOP: False, flag: tensor([0], dtype=torch.int32), speed: 2193.733
28 Overflow !!
28 : update_scale(): _has_overflow, dynamic. _loss_scale =  1.0
[2022-11-26 04:35:20.823983] Finished iteration 333, CKPT_AND_STOP: False, flag: tensor([0], dtype=torch.int32), speed: 2214.907
28 Overflow !!
28 : update_scale(): _has_overflow, dynamic. _loss_scale =  1.0
[2022-11-26 04:35:23.004975] Finished iteration 334, CKPT_AND_STOP: False, flag: tensor([0], dtype=torch.int32), speed: 2180.963
28 Overflow !!
28 : update_scale(): _has_overflow, dynamic. _loss_scale =  1.0
[2022-11-26 04:35:25.208683] Finished iteration 335, CKPT_AND_STOP: False, flag: tensor([0], dtype=torch.int32), speed: 2203.674
28 Overflow !!
28 : update_scale(): _has_overflow, dynamic. _loss_scale =  1.0
[2022-11-26 04:35:27.904780] Finished iteration 336, CKPT_AND_STOP: False, flag: tensor([1], dtype=torch.int32), speed: 2696.064
2022-11-26 04:35:27.909305 Begin to save checkpont to s3://spot-checkpoints/bert and exit
Opt ckpt time 4.157480955123901
Process done with return code 0
Parent process ID: 30753 node: 172.31.24.208
24 cutpoints
Stages 1
Micro-bs 8 Max mem: 14622140211.200005
Predicted microbatch size for 1: 8
comm size 0
GPUS_PER_VM=1 /home/ubuntu/varuna/tools/simulator/simulate-varuna 1 5 0 2493369.62890625 0
End of simulation:  Mini-batch time (usec) = 4144382
Min send: 10000000, max send 0
Min long send: 10000000, max long send 0
Min fwd: 10000000, max fwd 0; min bwd 10000000, max bwd 0
Min long fwd: 141043, max long fwd 144458; min long bwd 184920, max long bwd 191040
Time taken by simulation: 45 microseconds

Stages 2
Micro-bs 8 Max mem: 7660942131.200001
Predicted microbatch size for 2: 8
comm size 4194304
WARNING: no send time found, 2 partitions
GPUS_PER_VM=1 /home/ubuntu/varuna/tools/simulator/simulate-varuna 2 9 0 970375.4272460938 248719.58977934244
End of simulation:  Mini-batch time (usec) = 3283515
Min send: 10000000, max send 0
Min long send: 249051, max long send 268766
Min fwd: 79750, max fwd 86627; min bwd 87708, max bwd 94754
Min long fwd: 58189, max long fwd 63385; min long bwd 92867, max long bwd 97330
Time taken by simulation: 181 microseconds

Stages 3
Micro-bs 8 Max mem: 5497876480.0
Predicted microbatch size for 3: 8
comm size 4194304
WARNING: no send time found, 3 partitions
GPUS_PER_VM=1 /home/ubuntu/varuna/tools/simulator/simulate-varuna 3 13 0 485476.6540527344 248719.58977934244
End of simulation:  Mini-batch time (usec) = 3469734
Min send: 10000000, max send 0
Min long send: 248801, max long send 271185
Min fwd: 34426, max fwd 67951; min bwd 53890, max bwd 64826
Min long fwd: 37108, max long fwd 45662; min long bwd 64919, max long bwd 72155
Time taken by simulation: 420 microseconds

Stages 4
Micro-bs 8 Max mem: 4406266675.2
Predicted microbatch size for 4: 8
comm size 4194304
WARNING: no send time found, 4 partitions
GPUS_PER_VM=1 /home/ubuntu/varuna/tools/simulator/simulate-varuna 4 19 0 352272.7355957031 248719.58977934244
End of simulation:  Mini-batch time (usec) = 4275253
Min send: 10000000, max send 0
Min long send: 248773, max long send 273424
Min fwd: 22410, max fwd 61283; min bwd 39748, max bwd 51303
Min long fwd: 29385, max long fwd 37648; min long bwd 47928, max long bwd 54735
Time taken by simulation: 861 microseconds

Stages 6
Micro-bs 8 Max mem: 3314656870.4
Predicted microbatch size for 6: 8
comm size 4194304
WARNING: no send time found, 6 partitions
GPUS_PER_VM=1 /home/ubuntu/varuna/tools/simulator/simulate-varuna 6 26 0 254962.82958984375 248719.58977934244
End of simulation:  Mini-batch time (usec) = 5944030
Min send: 10000000, max send 0
Min long send: 248735, max long send 278723
Min fwd: 10836, max fwd 44441; min bwd 24199, max bwd 35953
Min long fwd: 21303, max long fwd 29429; min long bwd 33298, max long bwd 40795
Time taken by simulation: 1940 microseconds

Stages 8
Micro-bs 8 Max mem: 2758774988.8
Predicted microbatch size for 8: 8
comm size 4194304
WARNING: no send time found, 8 partitions
GPUS_PER_VM=1 /home/ubuntu/varuna/tools/simulator/simulate-varuna 8 43 0 178155.74645996094 248719.58977934244
End of simulation:  Mini-batch time (usec) = 9019309
Min send: 10000000, max send 0
Min long send: 248735, max long send 276940
Min fwd: 5776, max fwd 41014; min bwd 16548, max bwd 29492
Min long fwd: 17309, max long fwd 25772; min long bwd 25282, max long bwd 32088
Time taken by simulation: 4423 microseconds

Stages 12
Micro-bs 8 Max mem: 2202893107.2
Predicted microbatch size for 12: 8
comm size 4194304
WARNING: no send time found, 12 partitions
GPUS_PER_VM=1 /home/ubuntu/varuna/tools/simulator/simulate-varuna 12 64 0 117116.2109375 248719.58977934244
End of simulation:  Mini-batch time (usec) = 13687683
Min send: 10000000, max send 0
Min long send: 248720, max long send 280797
Min fwd: 141, max fwd 25024; min bwd 6433, max bwd 23373
Min long fwd: 7201, max long fwd 18161; min long bwd 16833, max long bwd 28389
Time taken by simulation: 10576 microseconds

{1: 4.144382, 2: 3.283515, 3: 3.469734, 4: 4.275253, 6: 5.94403, 8: 9.019309, 12: 13.687683}
{1: 8, 2: 8, 3: 8, 4: 8, 6: 8, 8: 8, 12: 8}
best config is: 2 8
expected time is 3.283515
15 per stage
30 servers!
Config:
ranks: range(28, 29)
train batch size: 1024
partitions: 2
chunk_size: 8
data depth: 15
stage to rank map: 0,2,4,6,8,10,12,14,16,18,20,22,24,26,28;1,3,5,7,9,11,13,15,17,19,21,23,25,27,29;
World size is 30
/opt/conda/envs/varuna/bin/python -u /home/ubuntu/varuna_examples/DeepLearningExamples/PyTorch/LanguageModeling/BERT/run_pretraining.py --rank=28 --chunk_size=8 --local_rank=0 --stage_to_rank_map=0,2,4,6,8,10,12,14,16,18,20,22,24,26,28;1,3,5,7,9,11,13,15,17,19,21,23,25,27,29; --batch-size=68 --input_dir=/hdf5_lower_case_1_seq_len_128_max_pred_20_masked_lm_prob_0.15_random_seed_12345_dupe_factor_5/wikicorpus_en/ --output_dir=s3://spot-checkpoints/bert --config_file=bert_config.json --bert_model=bert-large-uncased --train_batch_size=1024 --max_seq_length=128 --max_predictions_per_seq=20 --max_steps=7038 --warmup_proportion=0.2843 --num_steps_per_checkpoint=200 --learning_rate=6e-3 --seed=12439 --fp16 --gradient_accumulation_steps=128 --allreduce_post_accumulation --allreduce_post_accumulation_fp16 --do_train --json-summary /home/ubuntu/varuna_examples/DeepLearningExamples/PyTorch/LanguageModeling/BERT/results/dllogger.json --varuna --resume_step 337
device: cuda:0 n_gpu: 1, distributed training: True, 16-bits training: True
dry run time 0.23691248893737793
SHARED WEIGHTS ARE
[(0, 1)]
this rank  28 is part of pipeline replica  14
9 chunks
Begin to load checkpint from s3://spot-checkpoints/bert/ckpt_337.pt
2022-11-26 04:36:38.625996 resume step from  337
2022-11-26 04:37:39.658766 - Finished loading checkpoint, takes 61.004 secs
28 Overflow !!
28 : update_scale(): _has_overflow, dynamic. _loss_scale =  524288.0
[2022-11-26 04:38:06.288918] Finished iteration 337, CKPT_AND_STOP: False, flag: tensor([14], dtype=torch.int32), speed: 4409.410
2022-11-26 04:38:06.294000 Begin to save checkpont to s3://spot-checkpoints/bert and exit
Opt ckpt time 4.5473034381866455
Process done with return code 0
Parent process ID: 32256 node: 172.31.24.208
24 cutpoints
Stages 1
Micro-bs 8 Max mem: 14622140211.200005
Predicted microbatch size for 1: 8
comm size 0
GPUS_PER_VM=1 /home/ubuntu/varuna/tools/simulator/simulate-varuna 1 4 0 3598379.5166015625 0
End of simulation:  Mini-batch time (usec) = 4923429
Min send: 10000000, max send 0
Min long send: 10000000, max long send 0
Min fwd: 10000000, max fwd 0; min bwd 10000000, max bwd 0
Min long fwd: 142174, max long fwd 144458; min long bwd 186536, max long bwd 191040
Time taken by simulation: 42 microseconds

Stages 2
Micro-bs 8 Max mem: 7660942131.200001
Predicted microbatch size for 2: 8
comm size 4194304
WARNING: no send time found, 2 partitions
GPUS_PER_VM=1 /home/ubuntu/varuna/tools/simulator/simulate-varuna 2 8 0 954047.119140625 248719.58977934244
End of simulation:  Mini-batch time (usec) = 3096062
Min send: 10000000, max send 0
Min long send: 249051, max long send 268766
Min fwd: 79507, max fwd 86627; min bwd 88131, max bwd 94131
Min long fwd: 58556, max long fwd 63385; min long bwd 92867, max long bwd 97582
Time taken by simulation: 176 microseconds

Stages 3
Micro-bs 8 Max mem: 5497876480.0
Predicted microbatch size for 3: 8
comm size 4194304
WARNING: no send time found, 3 partitions
GPUS_PER_VM=1 /home/ubuntu/varuna/tools/simulator/simulate-varuna 3 13 0 485476.6540527344 248719.58977934244
End of simulation:  Mini-batch time (usec) = 3469734
Min send: 10000000, max send 0
Min long send: 248801, max long send 271185
Min fwd: 34426, max fwd 67951; min bwd 53890, max bwd 64826
Min long fwd: 37108, max long fwd 45662; min long bwd 64919, max long bwd 72155
Time taken by simulation: 457 microseconds

Stages 4
Micro-bs 8 Max mem: 4406266675.2
Predicted microbatch size for 4: 8
comm size 4194304
WARNING: no send time found, 4 partitions
GPUS_PER_VM=1 /home/ubuntu/varuna/tools/simulator/simulate-varuna 4 16 0 364488.09814453125 248719.58977934244
End of simulation:  Mini-batch time (usec) = 3900556
Min send: 10000000, max send 0
Min long send: 248773, max long send 273424
Min fwd: 20622, max fwd 60312; min bwd 40311, max bwd 50179
Min long fwd: 29744, max long fwd 36491; min long bwd 47928, max long bwd 56568
Time taken by simulation: 727 microseconds

Stages 6
Micro-bs 8 Max mem: 3314656870.4
Predicted microbatch size for 6: 8
comm size 4194304
WARNING: no send time found, 6 partitions
GPUS_PER_VM=1 /home/ubuntu/varuna/tools/simulator/simulate-varuna 6 26 0 254962.82958984375 248719.58977934244
End of simulation:  Mini-batch time (usec) = 5944030
Min send: 10000000, max send 0
Min long send: 248735, max long send 278723
Min fwd: 10836, max fwd 44441; min bwd 24199, max bwd 35953
Min long fwd: 21303, max long fwd 29429; min long bwd 33298, max long bwd 40795
Time taken by simulation: 1906 microseconds

Stages 8
Micro-bs 8 Max mem: 2758774988.8
Predicted microbatch size for 8: 8
comm size 4194304
WARNING: no send time found, 8 partitions
GPUS_PER_VM=1 /home/ubuntu/varuna/tools/simulator/simulate-varuna 8 32 0 244280.30395507812 248719.58977934244
End of simulation:  Mini-batch time (usec) = 7674225
Min send: 10000000, max send 0
Min long send: 248719, max long send 278723
Min fwd: 6779, max fwd 41103; min bwd 15994, max bwd 28589
Min long fwd: 18906, max long fwd 26091; min long bwd 25267, max long bwd 32480
Time taken by simulation: 3281 microseconds

Stages 12
Micro-bs 8 Max mem: 2202893107.2
Predicted microbatch size for 12: 8
comm size 4194304
WARNING: no send time found, 12 partitions
GPUS_PER_VM=1 /home/ubuntu/varuna/tools/simulator/simulate-varuna 12 64 0 117116.2109375 248719.58977934244
End of simulation:  Mini-batch time (usec) = 13687683
Min send: 10000000, max send 0
Min long send: 248720, max long send 280797
Min fwd: 141, max fwd 25024; min bwd 6433, max bwd 23373
Min long fwd: 7201, max long fwd 18161; min long bwd 16833, max long bwd 28389
Time taken by simulation: 10431 microseconds

{1: 4.923429, 2: 3.096062, 3: 3.469734, 4: 3.900556, 6: 5.94403, 8: 7.674225, 12: 13.687683}
{1: 8, 2: 8, 3: 8, 4: 8, 6: 8, 8: 8, 12: 8}
best config is: 2 8
expected time is 3.096062
16 per stage
32 servers!
Config:
ranks: range(28, 29)
train batch size: 1024
partitions: 2
chunk_size: 8
data depth: 16
stage to rank map: 0,2,4,6,8,10,12,14,16,18,20,22,24,26,28,30;1,3,5,7,9,11,13,15,17,19,21,23,25,27,29,31;
World size is 32
/opt/conda/envs/varuna/bin/python -u /home/ubuntu/varuna_examples/DeepLearningExamples/PyTorch/LanguageModeling/BERT/run_pretraining.py --rank=28 --chunk_size=8 --local_rank=0 --stage_to_rank_map=0,2,4,6,8,10,12,14,16,18,20,22,24,26,28,30;1,3,5,7,9,11,13,15,17,19,21,23,25,27,29,31; --batch-size=64 --input_dir=/hdf5_lower_case_1_seq_len_128_max_pred_20_masked_lm_prob_0.15_random_seed_12345_dupe_factor_5/wikicorpus_en/ --output_dir=s3://spot-checkpoints/bert --config_file=bert_config.json --bert_model=bert-large-uncased --train_batch_size=1024 --max_seq_length=128 --max_predictions_per_seq=20 --max_steps=7038 --warmup_proportion=0.2843 --num_steps_per_checkpoint=200 --learning_rate=6e-3 --seed=12439 --fp16 --gradient_accumulation_steps=128 --allreduce_post_accumulation --allreduce_post_accumulation_fp16 --do_train --json-summary /home/ubuntu/varuna_examples/DeepLearningExamples/PyTorch/LanguageModeling/BERT/results/dllogger.json --varuna --resume_step 338
device: cuda:0 n_gpu: 1, distributed training: True, 16-bits training: True
dry run time 0.20235371589660645
SHARED WEIGHTS ARE
[(0, 1)]
this rank  28 is part of pipeline replica  14
8 chunks
Begin to load checkpint from s3://spot-checkpoints/bert/ckpt_338.pt
2022-11-26 04:38:37.613123 resume step from  338
2022-11-26 04:39:42.982957 - Finished loading checkpoint, takes 65.341 secs
28 Overflow !!
28 : update_scale(): _has_overflow, dynamic. _loss_scale =  524288.0
[2022-11-26 04:40:09.758429] Finished iteration 338, CKPT_AND_STOP: False, flag: tensor([0], dtype=torch.int32), speed: 5335.067
28 Overflow !!
28 : update_scale(): _has_overflow, dynamic. _loss_scale =  262144.0
[2022-11-26 04:40:12.946542] Finished iteration 339, CKPT_AND_STOP: False, flag: tensor([0], dtype=torch.int32), speed: 3187.912
28 Overflow !!
28 : update_scale(): _has_overflow, dynamic. _loss_scale =  131072.0
[2022-11-26 04:40:16.101314] Finished iteration 340, CKPT_AND_STOP: False, flag: tensor([0], dtype=torch.int32), speed: 3154.701
28 Overflow !!
28 : update_scale(): _has_overflow, dynamic. _loss_scale =  65536.0
[2022-11-26 04:40:19.254677] Finished iteration 341, CKPT_AND_STOP: False, flag: tensor([0], dtype=torch.int32), speed: 3153.320
28 Overflow !!
28 : update_scale(): _has_overflow, dynamic. _loss_scale =  32768.0
[2022-11-26 04:40:21.409519] Finished iteration 342, CKPT_AND_STOP: False, flag: tensor([0], dtype=torch.int32), speed: 2154.805
28 Overflow !!
28 : update_scale(): _has_overflow, dynamic. _loss_scale =  16384.0
[2022-11-26 04:40:23.554501] Finished iteration 343, CKPT_AND_STOP: False, flag: tensor([0], dtype=torch.int32), speed: 2144.945
28 Overflow !!
28 : update_scale(): _has_overflow, dynamic. _loss_scale =  8192.0
[2022-11-26 04:40:25.708113] Finished iteration 344, CKPT_AND_STOP: False, flag: tensor([0], dtype=torch.int32), speed: 2153.577
28 Overflow !!
28 : update_scale(): _has_overflow, dynamic. _loss_scale =  4096.0
[2022-11-26 04:40:27.927534] Finished iteration 345, CKPT_AND_STOP: False, flag: tensor([0], dtype=torch.int32), speed: 2219.408
28 Overflow !!
28 : update_scale(): _has_overflow, dynamic. _loss_scale =  2048.0
[2022-11-26 04:40:30.073594] Finished iteration 346, CKPT_AND_STOP: False, flag: tensor([0], dtype=torch.int32), speed: 2146.016
28 Overflow !!
28 : update_scale(): _has_overflow, dynamic. _loss_scale =  1024.0
[2022-11-26 04:40:32.266046] Finished iteration 347, CKPT_AND_STOP: False, flag: tensor([0], dtype=torch.int32), speed: 2192.415
28 Overflow !!
28 : update_scale(): _has_overflow, dynamic. _loss_scale =  512.0
[2022-11-26 04:40:34.447725] Finished iteration 348, CKPT_AND_STOP: False, flag: tensor([0], dtype=torch.int32), speed: 2181.663
28 Overflow !!
28 : update_scale(): _has_overflow, dynamic. _loss_scale =  256.0
[2022-11-26 04:40:36.632294] Finished iteration 349, CKPT_AND_STOP: False, flag: tensor([0], dtype=torch.int32), speed: 2184.571
28 Overflow !!
28 : update_scale(): _has_overflow, dynamic. _loss_scale =  128.0
[2022-11-26 04:40:38.816953] Finished iteration 350, CKPT_AND_STOP: False, flag: tensor([0], dtype=torch.int32), speed: 2184.585
28 Overflow !!
28 : update_scale(): _has_overflow, dynamic. _loss_scale =  64.0
[2022-11-26 04:40:40.958267] Finished iteration 351, CKPT_AND_STOP: False, flag: tensor([0], dtype=torch.int32), speed: 2141.280
28 Overflow !!
28 : update_scale(): _has_overflow, dynamic. _loss_scale =  32.0
[2022-11-26 04:40:43.118240] Finished iteration 352, CKPT_AND_STOP: False, flag: tensor([0], dtype=torch.int32), speed: 2159.928
28 Overflow !!
28 : update_scale(): _has_overflow, dynamic. _loss_scale =  16.0
[2022-11-26 04:40:45.260127] Finished iteration 353, CKPT_AND_STOP: False, flag: tensor([0], dtype=torch.int32), speed: 2141.862
28 Overflow !!
28 : update_scale(): _has_overflow, dynamic. _loss_scale =  8.0
[2022-11-26 04:40:47.390478] Finished iteration 354, CKPT_AND_STOP: False, flag: tensor([0], dtype=torch.int32), speed: 2130.295
28 Overflow !!
28 : update_scale(): _has_overflow, dynamic. _loss_scale =  4.0
[2022-11-26 04:40:49.530931] Finished iteration 355, CKPT_AND_STOP: False, flag: tensor([0], dtype=torch.int32), speed: 2140.421
28 Overflow !!
28 : update_scale(): _has_overflow, dynamic. _loss_scale =  2.0
[2022-11-26 04:40:51.691279] Finished iteration 356, CKPT_AND_STOP: False, flag: tensor([0], dtype=torch.int32), speed: 2160.324
28 Overflow !!
28 : update_scale(): _has_overflow, dynamic. _loss_scale =  1.0
[2022-11-26 04:40:53.872825] Finished iteration 357, CKPT_AND_STOP: False, flag: tensor([0], dtype=torch.int32), speed: 2181.520
28 Overflow !!
28 : update_scale(): _has_overflow, dynamic. _loss_scale =  1.0
[2022-11-26 04:40:56.058318] Finished iteration 358, CKPT_AND_STOP: False, flag: tensor([0], dtype=torch.int32), speed: 2185.454
28 Overflow !!
28 : update_scale(): _has_overflow, dynamic. _loss_scale =  1.0
[2022-11-26 04:40:58.226546] Finished iteration 359, CKPT_AND_STOP: False, flag: tensor([0], dtype=torch.int32), speed: 2168.201
28 Overflow !!
28 : update_scale(): _has_overflow, dynamic. _loss_scale =  1.0
[2022-11-26 04:41:00.421462] Finished iteration 360, CKPT_AND_STOP: False, flag: tensor([0], dtype=torch.int32), speed: 2194.889
28 Overflow !!
28 : update_scale(): _has_overflow, dynamic. _loss_scale =  1.0
[2022-11-26 04:41:02.583602] Finished iteration 361, CKPT_AND_STOP: False, flag: tensor([0], dtype=torch.int32), speed: 2162.126
28 Overflow !!
28 : update_scale(): _has_overflow, dynamic. _loss_scale =  1.0
[2022-11-26 04:41:04.780445] Finished iteration 362, CKPT_AND_STOP: False, flag: tensor([0], dtype=torch.int32), speed: 2196.800
28 Overflow !!
28 : update_scale(): _has_overflow, dynamic. _loss_scale =  1.0
[2022-11-26 04:41:06.932389] Finished iteration 363, CKPT_AND_STOP: False, flag: tensor([0], dtype=torch.int32), speed: 2151.938
28 Overflow !!
28 : update_scale(): _has_overflow, dynamic. _loss_scale =  1.0
[2022-11-26 04:41:09.111217] Finished iteration 364, CKPT_AND_STOP: False, flag: tensor([0], dtype=torch.int32), speed: 2178.775
28 Overflow !!
28 : update_scale(): _has_overflow, dynamic. _loss_scale =  1.0
[2022-11-26 04:41:11.268244] Finished iteration 365, CKPT_AND_STOP: False, flag: tensor([0], dtype=torch.int32), speed: 2157.029
28 Overflow !!
28 : update_scale(): _has_overflow, dynamic. _loss_scale =  1.0
[2022-11-26 04:41:13.424739] Finished iteration 366, CKPT_AND_STOP: False, flag: tensor([0], dtype=torch.int32), speed: 2156.449
28 Overflow !!
28 : update_scale(): _has_overflow, dynamic. _loss_scale =  1.0
[2022-11-26 04:41:15.918579] Finished iteration 367, CKPT_AND_STOP: False, flag: tensor([0], dtype=torch.int32), speed: 2493.815
28 Overflow !!
28 : update_scale(): _has_overflow, dynamic. _loss_scale =  1.0
[2022-11-26 04:41:18.128887] Finished iteration 368, CKPT_AND_STOP: False, flag: tensor([0], dtype=torch.int32), speed: 2210.266
28 Overflow !!
28 : update_scale(): _has_overflow, dynamic. _loss_scale =  1.0
[2022-11-26 04:41:20.384114] Finished iteration 369, CKPT_AND_STOP: False, flag: tensor([0], dtype=torch.int32), speed: 2255.249
28 Overflow !!
28 : update_scale(): _has_overflow, dynamic. _loss_scale =  1.0
[2022-11-26 04:41:22.521480] Finished iteration 370, CKPT_AND_STOP: False, flag: tensor([0], dtype=torch.int32), speed: 2137.299
28 Overflow !!
28 : update_scale(): _has_overflow, dynamic. _loss_scale =  1.0
[2022-11-26 04:41:24.728937] Finished iteration 371, CKPT_AND_STOP: False, flag: tensor([0], dtype=torch.int32), speed: 2207.442
28 Overflow !!
28 : update_scale(): _has_overflow, dynamic. _loss_scale =  1.0
[2022-11-26 04:41:26.894369] Finished iteration 372, CKPT_AND_STOP: False, flag: tensor([0], dtype=torch.int32), speed: 2165.415
28 Overflow !!
28 : update_scale(): _has_overflow, dynamic. _loss_scale =  1.0
[2022-11-26 04:41:29.092947] Finished iteration 373, CKPT_AND_STOP: False, flag: tensor([0], dtype=torch.int32), speed: 2198.542
28 Overflow !!
28 : update_scale(): _has_overflow, dynamic. _loss_scale =  1.0
[2022-11-26 04:41:31.335621] Finished iteration 374, CKPT_AND_STOP: False, flag: tensor([0], dtype=torch.int32), speed: 2242.636
28 Overflow !!
28 : update_scale(): _has_overflow, dynamic. _loss_scale =  1.0
[2022-11-26 04:41:33.472594] Finished iteration 375, CKPT_AND_STOP: False, flag: tensor([0], dtype=torch.int32), speed: 2136.937
28 Overflow !!
28 : update_scale(): _has_overflow, dynamic. _loss_scale =  1.0
[2022-11-26 04:41:35.671044] Finished iteration 376, CKPT_AND_STOP: False, flag: tensor([0], dtype=torch.int32), speed: 2198.443
28 Overflow !!
28 : update_scale(): _has_overflow, dynamic. _loss_scale =  1.0
[2022-11-26 04:41:37.823940] Finished iteration 377, CKPT_AND_STOP: False, flag: tensor([0], dtype=torch.int32), speed: 2152.865
28 Overflow !!
28 : update_scale(): _has_overflow, dynamic. _loss_scale =  1.0
[2022-11-26 04:41:40.016104] Finished iteration 378, CKPT_AND_STOP: False, flag: tensor([0], dtype=torch.int32), speed: 2192.182
28 Overflow !!
28 : update_scale(): _has_overflow, dynamic. _loss_scale =  1.0
[2022-11-26 04:41:42.399658] Finished iteration 379, CKPT_AND_STOP: False, flag: tensor([0], dtype=torch.int32), speed: 2383.474
28 Overflow !!
28 : update_scale(): _has_overflow, dynamic. _loss_scale =  1.0
[2022-11-26 04:41:44.555289] Finished iteration 380, CKPT_AND_STOP: False, flag: tensor([0], dtype=torch.int32), speed: 2155.576
28 Overflow !!
28 : update_scale(): _has_overflow, dynamic. _loss_scale =  1.0
[2022-11-26 04:41:46.749408] Finished iteration 381, CKPT_AND_STOP: False, flag: tensor([0], dtype=torch.int32), speed: 2194.087
28 Overflow !!
28 : update_scale(): _has_overflow, dynamic. _loss_scale =  1.0
[2022-11-26 04:41:48.890126] Finished iteration 382, CKPT_AND_STOP: False, flag: tensor([0], dtype=torch.int32), speed: 2140.697
28 Overflow !!
28 : update_scale(): _has_overflow, dynamic. _loss_scale =  1.0
[2022-11-26 04:41:51.027598] Finished iteration 383, CKPT_AND_STOP: False, flag: tensor([0], dtype=torch.int32), speed: 2137.450
28 Overflow !!
28 : update_scale(): _has_overflow, dynamic. _loss_scale =  1.0
[2022-11-26 04:41:53.227294] Finished iteration 384, CKPT_AND_STOP: False, flag: tensor([0], dtype=torch.int32), speed: 2199.646
28 Overflow !!
28 : update_scale(): _has_overflow, dynamic. _loss_scale =  1.0
[2022-11-26 04:41:55.424248] Finished iteration 385, CKPT_AND_STOP: False, flag: tensor([0], dtype=torch.int32), speed: 2196.972
28 Overflow !!
28 : update_scale(): _has_overflow, dynamic. _loss_scale =  1.0
[2022-11-26 04:41:57.616226] Finished iteration 386, CKPT_AND_STOP: False, flag: tensor([0], dtype=torch.int32), speed: 2191.949
28 Overflow !!
28 : update_scale(): _has_overflow, dynamic. _loss_scale =  1.0
[2022-11-26 04:41:59.816029] Finished iteration 387, CKPT_AND_STOP: False, flag: tensor([0], dtype=torch.int32), speed: 2199.748
28 Overflow !!
28 : update_scale(): _has_overflow, dynamic. _loss_scale =  1.0
[2022-11-26 04:42:01.972855] Finished iteration 388, CKPT_AND_STOP: False, flag: tensor([0], dtype=torch.int32), speed: 2156.787
28 Overflow !!
28 : update_scale(): _has_overflow, dynamic. _loss_scale =  1.0
[2022-11-26 04:42:04.332834] Finished iteration 389, CKPT_AND_STOP: False, flag: tensor([0], dtype=torch.int32), speed: 2359.946
28 Overflow !!
28 : update_scale(): _has_overflow, dynamic. _loss_scale =  1.0
[2022-11-26 04:42:06.813471] Finished iteration 390, CKPT_AND_STOP: False, flag: tensor([0], dtype=torch.int32), speed: 2480.613
28 Overflow !!
28 : update_scale(): _has_overflow, dynamic. _loss_scale =  1.0
[2022-11-26 04:42:08.974126] Finished iteration 391, CKPT_AND_STOP: False, flag: tensor([0], dtype=torch.int32), speed: 2160.605
28 Overflow !!
28 : update_scale(): _has_overflow, dynamic. _loss_scale =  1.0
[2022-11-26 04:42:11.126996] Finished iteration 392, CKPT_AND_STOP: False, flag: tensor([0], dtype=torch.int32), speed: 2152.839
28 Overflow !!
28 : update_scale(): _has_overflow, dynamic. _loss_scale =  1.0
[2022-11-26 04:42:13.296232] Finished iteration 393, CKPT_AND_STOP: False, flag: tensor([0], dtype=torch.int32), speed: 2169.242
28 Overflow !!
28 : update_scale(): _has_overflow, dynamic. _loss_scale =  1.0
[2022-11-26 04:42:15.462583] Finished iteration 394, CKPT_AND_STOP: False, flag: tensor([0], dtype=torch.int32), speed: 2166.283
28 Overflow !!
28 : update_scale(): _has_overflow, dynamic. _loss_scale =  1.0
[2022-11-26 04:42:17.669435] Finished iteration 395, CKPT_AND_STOP: False, flag: tensor([0], dtype=torch.int32), speed: 2206.822
28 Overflow !!
28 : update_scale(): _has_overflow, dynamic. _loss_scale =  1.0
[2022-11-26 04:42:19.894422] Finished iteration 396, CKPT_AND_STOP: False, flag: tensor([0], dtype=torch.int32), speed: 2224.959
28 Overflow !!
28 : update_scale(): _has_overflow, dynamic. _loss_scale =  1.0
[2022-11-26 04:42:22.080947] Finished iteration 397, CKPT_AND_STOP: False, flag: tensor([0], dtype=torch.int32), speed: 2186.520
28 Overflow !!
28 : update_scale(): _has_overflow, dynamic. _loss_scale =  1.0
[2022-11-26 04:42:24.264379] Finished iteration 398, CKPT_AND_STOP: False, flag: tensor([0], dtype=torch.int32), speed: 2183.376
28 Overflow !!
28 : update_scale(): _has_overflow, dynamic. _loss_scale =  1.0
[2022-11-26 04:42:26.394598] Finished iteration 399, CKPT_AND_STOP: False, flag: tensor([0], dtype=torch.int32), speed: 2130.192
28 Overflow !!
28 : update_scale(): _has_overflow, dynamic. _loss_scale =  1.0
[2022-11-26 04:42:28.602339] Finished iteration 400, CKPT_AND_STOP: False, flag: tensor([0], dtype=torch.int32), speed: 2207.707
28 Overflow !!
28 : update_scale(): _has_overflow, dynamic. _loss_scale =  1.0
[2022-11-26 04:42:30.797596] Finished iteration 401, CKPT_AND_STOP: False, flag: tensor([0], dtype=torch.int32), speed: 2195.230
28 Overflow !!
28 : update_scale(): _has_overflow, dynamic. _loss_scale =  1.0
[2022-11-26 04:42:33.003884] Finished iteration 402, CKPT_AND_STOP: False, flag: tensor([0], dtype=torch.int32), speed: 2206.265
28 Overflow !!
28 : update_scale(): _has_overflow, dynamic. _loss_scale =  1.0
[2022-11-26 04:42:35.169936] Finished iteration 403, CKPT_AND_STOP: False, flag: tensor([0], dtype=torch.int32), speed: 2166.011
28 Overflow !!
28 : update_scale(): _has_overflow, dynamic. _loss_scale =  1.0
[2022-11-26 04:42:37.328313] Finished iteration 404, CKPT_AND_STOP: False, flag: tensor([0], dtype=torch.int32), speed: 2158.377
28 Overflow !!
28 : update_scale(): _has_overflow, dynamic. _loss_scale =  1.0
[2022-11-26 04:42:39.494883] Finished iteration 405, CKPT_AND_STOP: False, flag: tensor([0], dtype=torch.int32), speed: 2166.509
28 Overflow !!
28 : update_scale(): _has_overflow, dynamic. _loss_scale =  1.0
[2022-11-26 04:42:41.668847] Finished iteration 406, CKPT_AND_STOP: False, flag: tensor([0], dtype=torch.int32), speed: 2173.968
28 Overflow !!
28 : update_scale(): _has_overflow, dynamic. _loss_scale =  1.0
[2022-11-26 04:42:43.886963] Finished iteration 407, CKPT_AND_STOP: False, flag: tensor([0], dtype=torch.int32), speed: 2218.073
28 Overflow !!
28 : update_scale(): _has_overflow, dynamic. _loss_scale =  1.0
[2022-11-26 04:42:46.066651] Finished iteration 408, CKPT_AND_STOP: False, flag: tensor([0], dtype=torch.int32), speed: 2179.658
28 Overflow !!
28 : update_scale(): _has_overflow, dynamic. _loss_scale =  1.0
[2022-11-26 04:42:48.275547] Finished iteration 409, CKPT_AND_STOP: False, flag: tensor([0], dtype=torch.int32), speed: 2208.852
28 Overflow !!
28 : update_scale(): _has_overflow, dynamic. _loss_scale =  1.0
[2022-11-26 04:42:50.446701] Finished iteration 410, CKPT_AND_STOP: False, flag: tensor([0], dtype=torch.int32), speed: 2171.154
28 Overflow !!
28 : update_scale(): _has_overflow, dynamic. _loss_scale =  1.0
[2022-11-26 04:42:52.664414] Finished iteration 411, CKPT_AND_STOP: False, flag: tensor([0], dtype=torch.int32), speed: 2217.655
28 Overflow !!
28 : update_scale(): _has_overflow, dynamic. _loss_scale =  1.0
[2022-11-26 04:42:54.868270] Finished iteration 412, CKPT_AND_STOP: False, flag: tensor([0], dtype=torch.int32), speed: 2203.878
28 Overflow !!
28 : update_scale(): _has_overflow, dynamic. _loss_scale =  1.0
[2022-11-26 04:42:57.053897] Finished iteration 413, CKPT_AND_STOP: False, flag: tensor([0], dtype=torch.int32), speed: 2185.549
28 Overflow !!
28 : update_scale(): _has_overflow, dynamic. _loss_scale =  1.0
[2022-11-26 04:42:59.287317] Finished iteration 414, CKPT_AND_STOP: False, flag: tensor([0], dtype=torch.int32), speed: 2233.388
28 Overflow !!
28 : update_scale(): _has_overflow, dynamic. _loss_scale =  1.0
[2022-11-26 04:43:01.438179] Finished iteration 415, CKPT_AND_STOP: False, flag: tensor([0], dtype=torch.int32), speed: 2150.829
28 Overflow !!
28 : update_scale(): _has_overflow, dynamic. _loss_scale =  1.0
[2022-11-26 04:43:03.697425] Finished iteration 416, CKPT_AND_STOP: False, flag: tensor([0], dtype=torch.int32), speed: 2259.218
28 Overflow !!
28 : update_scale(): _has_overflow, dynamic. _loss_scale =  1.0
[2022-11-26 04:43:05.895063] Finished iteration 417, CKPT_AND_STOP: False, flag: tensor([0], dtype=torch.int32), speed: 2197.596
28 Overflow !!
28 : update_scale(): _has_overflow, dynamic. _loss_scale =  1.0
[2022-11-26 04:43:08.077098] Finished iteration 418, CKPT_AND_STOP: False, flag: tensor([0], dtype=torch.int32), speed: 2182.017
28 Overflow !!
28 : update_scale(): _has_overflow, dynamic. _loss_scale =  1.0
[2022-11-26 04:43:10.232508] Finished iteration 419, CKPT_AND_STOP: False, flag: tensor([0], dtype=torch.int32), speed: 2155.368
28 Overflow !!
28 : update_scale(): _has_overflow, dynamic. _loss_scale =  1.0
[2022-11-26 04:43:12.437547] Finished iteration 420, CKPT_AND_STOP: False, flag: tensor([0], dtype=torch.int32), speed: 2205.011
28 Overflow !!
28 : update_scale(): _has_overflow, dynamic. _loss_scale =  1.0
[2022-11-26 04:43:14.572943] Finished iteration 421, CKPT_AND_STOP: False, flag: tensor([0], dtype=torch.int32), speed: 2135.353
28 Overflow !!
28 : update_scale(): _has_overflow, dynamic. _loss_scale =  1.0
[2022-11-26 04:43:16.794845] Finished iteration 422, CKPT_AND_STOP: False, flag: tensor([0], dtype=torch.int32), speed: 2221.871
28 Overflow !!
28 : update_scale(): _has_overflow, dynamic. _loss_scale =  1.0
[2022-11-26 04:43:19.003053] Finished iteration 423, CKPT_AND_STOP: False, flag: tensor([0], dtype=torch.int32), speed: 2208.170
28 Overflow !!
28 : update_scale(): _has_overflow, dynamic. _loss_scale =  1.0
[2022-11-26 04:43:21.192599] Finished iteration 424, CKPT_AND_STOP: False, flag: tensor([0], dtype=torch.int32), speed: 2189.513
28 Overflow !!
28 : update_scale(): _has_overflow, dynamic. _loss_scale =  1.0
[2022-11-26 04:43:23.376161] Finished iteration 425, CKPT_AND_STOP: False, flag: tensor([0], dtype=torch.int32), speed: 2183.618
28 Overflow !!
28 : update_scale(): _has_overflow, dynamic. _loss_scale =  1.0
[2022-11-26 04:43:25.548317] Finished iteration 426, CKPT_AND_STOP: False, flag: tensor([0], dtype=torch.int32), speed: 2172.081
28 Overflow !!
28 : update_scale(): _has_overflow, dynamic. _loss_scale =  1.0
[2022-11-26 04:43:27.735546] Finished iteration 427, CKPT_AND_STOP: False, flag: tensor([1], dtype=torch.int32), speed: 2187.193
2022-11-26 04:43:27.739942 Begin to save checkpont to s3://spot-checkpoints/bert and exit
Opt ckpt time 3.95719575881958
Process done with return code 0
Parent process ID: 46555 node: 172.31.16.100
24 cutpoints
Stages 1
Micro-bs 8 Max mem: 14622140211.200005
Predicted microbatch size for 1: 8
comm size 0
GPUS_PER_VM=1 /home/ubuntu/varuna/tools/simulator/simulate-varuna 1 5 0 2493369.62890625 0
End of simulation:  Mini-batch time (usec) = 4144382
Min send: 10000000, max send 0
Min long send: 10000000, max long send 0
Min fwd: 10000000, max fwd 0; min bwd 10000000, max bwd 0
Min long fwd: 141043, max long fwd 144458; min long bwd 184920, max long bwd 191040
Time taken by simulation: 45 microseconds

Stages 2
Micro-bs 8 Max mem: 7660942131.200001
Predicted microbatch size for 2: 8
comm size 4194304
WARNING: no send time found, 2 partitions
GPUS_PER_VM=1 /home/ubuntu/varuna/tools/simulator/simulate-varuna 2 10 0 892117.1264648438 248719.58977934244
End of simulation:  Mini-batch time (usec) = 3456563
Min send: 10000000, max send 0
Min long send: 249051, max long send 264414
Min fwd: 78473, max fwd 86627; min bwd 87174, max bwd 96382
Min long fwd: 58631, max long fwd 64048; min long bwd 93560, max long bwd 98662
Time taken by simulation: 194 microseconds

Stages 3
Micro-bs 8 Max mem: 5497876480.0
Predicted microbatch size for 3: 8
comm size 4194304
WARNING: no send time found, 3 partitions
GPUS_PER_VM=1 /home/ubuntu/varuna/tools/simulator/simulate-varuna 3 15 0 476084.3811035156 248719.58977934244
End of simulation:  Mini-batch time (usec) = 3889823
Min send: 10000000, max send 0
Min long send: 248907, max long send 271185
Min fwd: 34426, max fwd 67951; min bwd 54355, max bwd 65681
Min long fwd: 38932, max long fwd 44034; min long bwd 64405, max long bwd 71935
Time taken by simulation: 479 microseconds

Stages 4
Micro-bs 8 Max mem: 4406266675.2
Predicted microbatch size for 4: 8
comm size 4194304
WARNING: no send time found, 4 partitions
GPUS_PER_VM=1 /home/ubuntu/varuna/tools/simulator/simulate-varuna 4 19 0 352272.7355957031 248719.58977934244
End of simulation:  Mini-batch time (usec) = 4275253
Min send: 10000000, max send 0
Min long send: 248773, max long send 273424
Min fwd: 22410, max fwd 61283; min bwd 39748, max bwd 51303
Min long fwd: 29385, max long fwd 37648; min long bwd 47928, max long bwd 54735
Time taken by simulation: 894 microseconds

Stages 6
Micro-bs 8 Max mem: 3314656870.4
Predicted microbatch size for 6: 8
comm size 4194304
WARNING: no send time found, 6 partitions
GPUS_PER_VM=1 /home/ubuntu/varuna/tools/simulator/simulate-varuna 6 32 0 233226.318359375 248719.58977934244
End of simulation:  Mini-batch time (usec) = 6680183
Min send: 10000000, max send 0
Min long send: 248719, max long send 275881
Min fwd: 10965, max fwd 44004; min bwd 19992, max bwd 36467
Min long fwd: 22115, max long fwd 30954; min long bwd 32578, max long bwd 40795
Time taken by simulation: 2355 microseconds

Stages 8
Micro-bs 8 Max mem: 2758774988.8
Predicted microbatch size for 8: 8
comm size 4194304
WARNING: no send time found, 8 partitions
GPUS_PER_VM=1 /home/ubuntu/varuna/tools/simulator/simulate-varuna 8 43 0 178155.74645996094 248719.58977934244
End of simulation:  Mini-batch time (usec) = 9019309
Min send: 10000000, max send 0
Min long send: 248735, max long send 276940
Min fwd: 5776, max fwd 41014; min bwd 16548, max bwd 29492
Min long fwd: 17309, max long fwd 25772; min long bwd 25282, max long bwd 32088
Time taken by simulation: 4497 microseconds

Stages 12
Micro-bs 8 Max mem: 2202893107.2
Predicted microbatch size for 12: 8
comm size 4194304
WARNING: no send time found, 12 partitions
GPUS_PER_VM=1 /home/ubuntu/varuna/tools/simulator/simulate-varuna 12 64 0 117116.2109375 248719.58977934244
End of simulation:  Mini-batch time (usec) = 13687683
Min send: 10000000, max send 0
Min long send: 248720, max long send 280797
Min fwd: 141, max fwd 25024; min bwd 6433, max bwd 23373
Min long fwd: 7201, max long fwd 18161; min long bwd 16833, max long bwd 28389
Time taken by simulation: 10496 microseconds

{1: 4.144382, 2: 3.456563, 3: 3.889823, 4: 4.275253, 6: 6.680183, 8: 9.019309, 12: 13.687683}
{1: 8, 2: 8, 3: 8, 4: 8, 6: 8, 8: 8, 12: 8}
best config is: 2 8
expected time is 3.456563
14 per stage
28 servers!
28 28 I am of no use!
