Parent process ID: 1958 node: 172.31.29.147
24 cutpoints
Stages 1
Micro-bs 8 Max mem: 14622140211.200005
Predicted microbatch size for 1: 8
comm size 0
GPUS_PER_VM=1 /home/ubuntu/varuna/tools/simulator/simulate-varuna 1 4 0 3598379.5166015625 0
End of simulation:  Mini-batch time (usec) = 4923429
Min send: 10000000, max send 0
Min long send: 10000000, max long send 0
Min fwd: 10000000, max fwd 0; min bwd 10000000, max bwd 0
Min long fwd: 142174, max long fwd 144458; min long bwd 186536, max long bwd 191040
Time taken by simulation: 45 microseconds

Stages 2
Micro-bs 8 Max mem: 7660942131.200001
Predicted microbatch size for 2: 8
comm size 4194304
WARNING: no send time found, 2 partitions
GPUS_PER_VM=1 /home/ubuntu/varuna/tools/simulator/simulate-varuna 2 8 0 954047.119140625 248719.58977934244
End of simulation:  Mini-batch time (usec) = 3096062
Min send: 10000000, max send 0
Min long send: 249051, max long send 268766
Min fwd: 79507, max fwd 86627; min bwd 88131, max bwd 94131
Min long fwd: 58556, max long fwd 63385; min long bwd 92867, max long bwd 97582
Time taken by simulation: 167 microseconds

Stages 3
Micro-bs 8 Max mem: 5497876480.0
Predicted microbatch size for 3: 8
comm size 4194304
WARNING: no send time found, 3 partitions
GPUS_PER_VM=1 /home/ubuntu/varuna/tools/simulator/simulate-varuna 3 13 0 485476.6540527344 248719.58977934244
End of simulation:  Mini-batch time (usec) = 3469734
Min send: 10000000, max send 0
Min long send: 248801, max long send 271185
Min fwd: 34426, max fwd 67951; min bwd 53890, max bwd 64826
Min long fwd: 37108, max long fwd 45662; min long bwd 64919, max long bwd 72155
Time taken by simulation: 424 microseconds

Stages 4
Micro-bs 8 Max mem: 4406266675.2
Predicted microbatch size for 4: 8
comm size 4194304
WARNING: no send time found, 4 partitions
GPUS_PER_VM=1 /home/ubuntu/varuna/tools/simulator/simulate-varuna 4 16 0 364488.09814453125 248719.58977934244
End of simulation:  Mini-batch time (usec) = 3900556
Min send: 10000000, max send 0
Min long send: 248773, max long send 273424
Min fwd: 20622, max fwd 60312; min bwd 40311, max bwd 50179
Min long fwd: 29744, max long fwd 36491; min long bwd 47928, max long bwd 56568
Time taken by simulation: 778 microseconds

Stages 6
Micro-bs 8 Max mem: 3314656870.4
Predicted microbatch size for 6: 8
comm size 4194304
WARNING: no send time found, 6 partitions
GPUS_PER_VM=1 /home/ubuntu/varuna/tools/simulator/simulate-varuna 6 26 0 254962.82958984375 248719.58977934244
End of simulation:  Mini-batch time (usec) = 5944030
Min send: 10000000, max send 0
Min long send: 248735, max long send 278723
Min fwd: 10836, max fwd 44441; min bwd 24199, max bwd 35953
Min long fwd: 21303, max long fwd 29429; min long bwd 33298, max long bwd 40795
Time taken by simulation: 1929 microseconds

Stages 8
Micro-bs 8 Max mem: 2758774988.8
Predicted microbatch size for 8: 8
comm size 4194304
WARNING: no send time found, 8 partitions
GPUS_PER_VM=1 /home/ubuntu/varuna/tools/simulator/simulate-varuna 8 32 0 244280.30395507812 248719.58977934244
End of simulation:  Mini-batch time (usec) = 7674225
Min send: 10000000, max send 0
Min long send: 248719, max long send 278723
Min fwd: 6779, max fwd 41103; min bwd 15994, max bwd 28589
Min long fwd: 18906, max long fwd 26091; min long bwd 25267, max long bwd 32480
Time taken by simulation: 3283 microseconds

Stages 12
Micro-bs 8 Max mem: 2202893107.2
Predicted microbatch size for 12: 8
comm size 4194304
WARNING: no send time found, 12 partitions
GPUS_PER_VM=1 /home/ubuntu/varuna/tools/simulator/simulate-varuna 12 64 0 117116.2109375 248719.58977934244
End of simulation:  Mini-batch time (usec) = 13687683
Min send: 10000000, max send 0
Min long send: 248720, max long send 280797
Min fwd: 141, max fwd 25024; min bwd 6433, max bwd 23373
Min long fwd: 7201, max long fwd 18161; min long bwd 16833, max long bwd 28389
Time taken by simulation: 10491 microseconds

{1: 4.923429, 2: 3.096062, 3: 3.469734, 4: 3.900556, 6: 5.94403, 8: 7.674225, 12: 13.687683}
{1: 8, 2: 8, 3: 8, 4: 8, 6: 8, 8: 8, 12: 8}
best config is: 2 8
expected time is 3.096062
16 per stage
32 servers!
Config:
ranks: range(27, 28)
train batch size: 1024
partitions: 2
chunk_size: 8
data depth: 16
stage to rank map: 0,2,4,6,8,10,12,14,16,18,20,22,24,26,28,30;1,3,5,7,9,11,13,15,17,19,21,23,25,27,29,31;
World size is 32
/opt/conda/envs/varuna/bin/python -u /home/ubuntu/varuna_examples/DeepLearningExamples/PyTorch/LanguageModeling/BERT/run_pretraining.py --rank=27 --chunk_size=8 --local_rank=0 --stage_to_rank_map=0,2,4,6,8,10,12,14,16,18,20,22,24,26,28,30;1,3,5,7,9,11,13,15,17,19,21,23,25,27,29,31; --batch-size=64 --input_dir=/hdf5_lower_case_1_seq_len_128_max_pred_20_masked_lm_prob_0.15_random_seed_12345_dupe_factor_5/wikicorpus_en/ --output_dir=s3://spot-checkpoints/bert --config_file=bert_config.json --bert_model=bert-large-uncased --train_batch_size=1024 --max_seq_length=128 --max_predictions_per_seq=20 --max_steps=7038 --warmup_proportion=0.2843 --num_steps_per_checkpoint=200 --learning_rate=6e-3 --seed=12439 --fp16 --gradient_accumulation_steps=128 --allreduce_post_accumulation --allreduce_post_accumulation_fp16 --do_train --json-summary /home/ubuntu/varuna_examples/DeepLearningExamples/PyTorch/LanguageModeling/BERT/results/dllogger.json --varuna
device: cuda:0 n_gpu: 1, distributed training: True, 16-bits training: True
dry run time 0.18874382972717285
SHARED WEIGHTS ARE
[(0, 1)]
this rank  27 is part of pipeline replica  13
8 chunks
27 Overflow !!
27 : update_scale(): _has_overflow, dynamic. _loss_scale =  524288.0
[2022-11-26 03:57:36.548404] Finished iteration 0, CKPT_AND_STOP: False, flag: tensor([0], dtype=torch.int32), speed: 9760.773
27 Overflow !!
27 : update_scale(): _has_overflow, dynamic. _loss_scale =  262144.0
[2022-11-26 03:57:39.750032] Finished iteration 1, CKPT_AND_STOP: False, flag: tensor([0], dtype=torch.int32), speed: 3201.431
27 Overflow !!
27 : update_scale(): _has_overflow, dynamic. _loss_scale =  131072.0
[2022-11-26 03:57:42.966431] Finished iteration 2, CKPT_AND_STOP: False, flag: tensor([0], dtype=torch.int32), speed: 3216.316
27 Overflow !!
27 : update_scale(): _has_overflow, dynamic. _loss_scale =  65536.0
[2022-11-26 03:57:46.127112] Finished iteration 3, CKPT_AND_STOP: False, flag: tensor([0], dtype=torch.int32), speed: 3160.653
27 Overflow !!
27 : update_scale(): _has_overflow, dynamic. _loss_scale =  32768.0
[2022-11-26 03:57:49.295050] Finished iteration 4, CKPT_AND_STOP: False, flag: tensor([0], dtype=torch.int32), speed: 3167.869
27 Overflow !!
27 : update_scale(): _has_overflow, dynamic. _loss_scale =  16384.0
[2022-11-26 03:57:51.463373] Finished iteration 5, CKPT_AND_STOP: False, flag: tensor([0], dtype=torch.int32), speed: 2168.247
27 Overflow !!
27 : update_scale(): _has_overflow, dynamic. _loss_scale =  8192.0
[2022-11-26 03:57:53.644973] Finished iteration 6, CKPT_AND_STOP: False, flag: tensor([0], dtype=torch.int32), speed: 2181.692
27 Overflow !!
27 : update_scale(): _has_overflow, dynamic. _loss_scale =  4096.0
[2022-11-26 03:57:55.813245] Finished iteration 7, CKPT_AND_STOP: False, flag: tensor([0], dtype=torch.int32), speed: 2168.135
27 Overflow !!
27 : update_scale(): _has_overflow, dynamic. _loss_scale =  2048.0
[2022-11-26 03:57:57.969328] Finished iteration 8, CKPT_AND_STOP: False, flag: tensor([0], dtype=torch.int32), speed: 2156.056
27 Overflow !!
27 : update_scale(): _has_overflow, dynamic. _loss_scale =  1024.0
[2022-11-26 03:58:00.146481] Finished iteration 9, CKPT_AND_STOP: False, flag: tensor([0], dtype=torch.int32), speed: 2177.136
27 Overflow !!
27 : update_scale(): _has_overflow, dynamic. _loss_scale =  512.0
[2022-11-26 03:58:02.329496] Finished iteration 10, CKPT_AND_STOP: False, flag: tensor([0], dtype=torch.int32), speed: 2182.987
27 Overflow !!
27 : update_scale(): _has_overflow, dynamic. _loss_scale =  256.0
[2022-11-26 03:58:04.463360] Finished iteration 11, CKPT_AND_STOP: False, flag: tensor([0], dtype=torch.int32), speed: 2133.840
27 Overflow !!
27 : update_scale(): _has_overflow, dynamic. _loss_scale =  128.0
[2022-11-26 03:58:06.670856] Finished iteration 12, CKPT_AND_STOP: False, flag: tensor([0], dtype=torch.int32), speed: 2207.479
27 Overflow !!
27 : update_scale(): _has_overflow, dynamic. _loss_scale =  64.0
[2022-11-26 03:58:08.876635] Finished iteration 13, CKPT_AND_STOP: False, flag: tensor([0], dtype=torch.int32), speed: 2205.751
27 Overflow !!
27 : update_scale(): _has_overflow, dynamic. _loss_scale =  32.0
[2022-11-26 03:58:11.017898] Finished iteration 14, CKPT_AND_STOP: False, flag: tensor([0], dtype=torch.int32), speed: 2141.243
27 Overflow !!
27 : update_scale(): _has_overflow, dynamic. _loss_scale =  16.0
[2022-11-26 03:58:13.205663] Finished iteration 15, CKPT_AND_STOP: False, flag: tensor([0], dtype=torch.int32), speed: 2187.736
27 Overflow !!
27 : update_scale(): _has_overflow, dynamic. _loss_scale =  8.0
[2022-11-26 03:58:15.382822] Finished iteration 16, CKPT_AND_STOP: False, flag: tensor([0], dtype=torch.int32), speed: 2177.129
27 Overflow !!
27 : update_scale(): _has_overflow, dynamic. _loss_scale =  4.0
[2022-11-26 03:58:17.563179] Finished iteration 17, CKPT_AND_STOP: False, flag: tensor([0], dtype=torch.int32), speed: 2180.333
27 Overflow !!
27 : update_scale(): _has_overflow, dynamic. _loss_scale =  2.0
[2022-11-26 03:58:19.716956] Finished iteration 18, CKPT_AND_STOP: False, flag: tensor([0], dtype=torch.int32), speed: 2153.752
27 Overflow !!
27 : update_scale(): _has_overflow, dynamic. _loss_scale =  1.0
[2022-11-26 03:58:21.872556] Finished iteration 19, CKPT_AND_STOP: False, flag: tensor([0], dtype=torch.int32), speed: 2155.584
27 Overflow !!
27 : update_scale(): _has_overflow, dynamic. _loss_scale =  1.0
[2022-11-26 03:58:24.091060] Finished iteration 20, CKPT_AND_STOP: False, flag: tensor([0], dtype=torch.int32), speed: 2218.480
27 Overflow !!
27 : update_scale(): _has_overflow, dynamic. _loss_scale =  1.0
[2022-11-26 03:58:26.327712] Finished iteration 21, CKPT_AND_STOP: False, flag: tensor([0], dtype=torch.int32), speed: 2236.624
27 Overflow !!
27 : update_scale(): _has_overflow, dynamic. _loss_scale =  1.0
[2022-11-26 03:58:28.509948] Finished iteration 22, CKPT_AND_STOP: False, flag: tensor([0], dtype=torch.int32), speed: 2182.209
27 Overflow !!
27 : update_scale(): _has_overflow, dynamic. _loss_scale =  1.0
[2022-11-26 03:58:30.671822] Finished iteration 23, CKPT_AND_STOP: False, flag: tensor([0], dtype=torch.int32), speed: 2161.849
27 Overflow !!
27 : update_scale(): _has_overflow, dynamic. _loss_scale =  1.0
[2022-11-26 03:58:32.848113] Finished iteration 24, CKPT_AND_STOP: False, flag: tensor([0], dtype=torch.int32), speed: 2176.262
27 Overflow !!
27 : update_scale(): _has_overflow, dynamic. _loss_scale =  1.0
[2022-11-26 03:58:35.064433] Finished iteration 25, CKPT_AND_STOP: False, flag: tensor([0], dtype=torch.int32), speed: 2216.292
27 Overflow !!
27 : update_scale(): _has_overflow, dynamic. _loss_scale =  1.0
[2022-11-26 03:58:37.223894] Finished iteration 26, CKPT_AND_STOP: False, flag: tensor([0], dtype=torch.int32), speed: 2159.518
27 Overflow !!
27 : update_scale(): _has_overflow, dynamic. _loss_scale =  1.0
[2022-11-26 03:58:39.394397] Finished iteration 27, CKPT_AND_STOP: False, flag: tensor([0], dtype=torch.int32), speed: 2170.403
27 Overflow !!
27 : update_scale(): _has_overflow, dynamic. _loss_scale =  1.0
[2022-11-26 03:58:41.582845] Finished iteration 28, CKPT_AND_STOP: False, flag: tensor([0], dtype=torch.int32), speed: 2188.419
27 Overflow !!
27 : update_scale(): _has_overflow, dynamic. _loss_scale =  1.0
[2022-11-26 03:58:43.742798] Finished iteration 29, CKPT_AND_STOP: False, flag: tensor([0], dtype=torch.int32), speed: 2159.927
27 Overflow !!
27 : update_scale(): _has_overflow, dynamic. _loss_scale =  1.0
[2022-11-26 03:58:45.911778] Finished iteration 30, CKPT_AND_STOP: False, flag: tensor([0], dtype=torch.int32), speed: 2168.991
27 Overflow !!
27 : update_scale(): _has_overflow, dynamic. _loss_scale =  1.0
[2022-11-26 03:58:48.075114] Finished iteration 31, CKPT_AND_STOP: False, flag: tensor([0], dtype=torch.int32), speed: 2163.320
27 Overflow !!
27 : update_scale(): _has_overflow, dynamic. _loss_scale =  1.0
[2022-11-26 03:58:50.296940] Finished iteration 32, CKPT_AND_STOP: False, flag: tensor([0], dtype=torch.int32), speed: 2221.756
27 Overflow !!
27 : update_scale(): _has_overflow, dynamic. _loss_scale =  1.0
[2022-11-26 03:58:52.780212] Finished iteration 33, CKPT_AND_STOP: False, flag: tensor([0], dtype=torch.int32), speed: 2483.248
27 Overflow !!
27 : update_scale(): _has_overflow, dynamic. _loss_scale =  1.0
[2022-11-26 03:58:54.967876] Finished iteration 34, CKPT_AND_STOP: False, flag: tensor([0], dtype=torch.int32), speed: 2187.631
27 Overflow !!
27 : update_scale(): _has_overflow, dynamic. _loss_scale =  1.0
[2022-11-26 03:58:57.182930] Finished iteration 35, CKPT_AND_STOP: False, flag: tensor([0], dtype=torch.int32), speed: 2215.036
27 Overflow !!
27 : update_scale(): _has_overflow, dynamic. _loss_scale =  1.0
[2022-11-26 03:58:59.376649] Finished iteration 36, CKPT_AND_STOP: False, flag: tensor([0], dtype=torch.int32), speed: 2193.697
27 Overflow !!
27 : update_scale(): _has_overflow, dynamic. _loss_scale =  1.0
[2022-11-26 03:59:01.528606] Finished iteration 37, CKPT_AND_STOP: False, flag: tensor([0], dtype=torch.int32), speed: 2151.927
27 Overflow !!
27 : update_scale(): _has_overflow, dynamic. _loss_scale =  1.0
[2022-11-26 03:59:03.730762] Finished iteration 38, CKPT_AND_STOP: False, flag: tensor([0], dtype=torch.int32), speed: 2202.132
27 Overflow !!
27 : update_scale(): _has_overflow, dynamic. _loss_scale =  1.0
[2022-11-26 03:59:05.935489] Finished iteration 39, CKPT_AND_STOP: False, flag: tensor([0], dtype=torch.int32), speed: 2204.781
27 Overflow !!
27 : update_scale(): _has_overflow, dynamic. _loss_scale =  1.0
[2022-11-26 03:59:08.138054] Finished iteration 40, CKPT_AND_STOP: False, flag: tensor([0], dtype=torch.int32), speed: 2202.464
27 Overflow !!
27 : update_scale(): _has_overflow, dynamic. _loss_scale =  1.0
[2022-11-26 03:59:10.309602] Finished iteration 41, CKPT_AND_STOP: False, flag: tensor([0], dtype=torch.int32), speed: 2171.518
27 Overflow !!
27 : update_scale(): _has_overflow, dynamic. _loss_scale =  1.0
[2022-11-26 03:59:12.455955] Finished iteration 42, CKPT_AND_STOP: False, flag: tensor([0], dtype=torch.int32), speed: 2146.329
27 Overflow !!
27 : update_scale(): _has_overflow, dynamic. _loss_scale =  1.0
[2022-11-26 03:59:14.691087] Finished iteration 43, CKPT_AND_STOP: False, flag: tensor([0], dtype=torch.int32), speed: 2235.101
27 Overflow !!
27 : update_scale(): _has_overflow, dynamic. _loss_scale =  1.0
[2022-11-26 03:59:16.938862] Finished iteration 44, CKPT_AND_STOP: False, flag: tensor([0], dtype=torch.int32), speed: 2247.748
27 Overflow !!
27 : update_scale(): _has_overflow, dynamic. _loss_scale =  1.0
[2022-11-26 03:59:19.123987] Finished iteration 45, CKPT_AND_STOP: False, flag: tensor([0], dtype=torch.int32), speed: 2185.097
27 Overflow !!
27 : update_scale(): _has_overflow, dynamic. _loss_scale =  1.0
[2022-11-26 03:59:21.297316] Finished iteration 46, CKPT_AND_STOP: False, flag: tensor([0], dtype=torch.int32), speed: 2173.319
27 Overflow !!
27 : update_scale(): _has_overflow, dynamic. _loss_scale =  1.0
[2022-11-26 03:59:23.519848] Finished iteration 47, CKPT_AND_STOP: False, flag: tensor([0], dtype=torch.int32), speed: 2222.497
27 Overflow !!
27 : update_scale(): _has_overflow, dynamic. _loss_scale =  1.0
[2022-11-26 03:59:25.711798] Finished iteration 48, CKPT_AND_STOP: False, flag: tensor([0], dtype=torch.int32), speed: 2191.922
27 Overflow !!
27 : update_scale(): _has_overflow, dynamic. _loss_scale =  1.0
[2022-11-26 03:59:27.933471] Finished iteration 49, CKPT_AND_STOP: False, flag: tensor([1], dtype=torch.int32), speed: 2221.687
2022-11-26 03:59:27.937971 Begin to save checkpont to s3://spot-checkpoints/bert and exit
Opt ckpt time 3.5747663974761963
Process done with return code 0
Parent process ID: 2476 node: 172.31.25.155
24 cutpoints
Stages 1
Micro-bs 8 Max mem: 14622140211.200005
Predicted microbatch size for 1: 8
comm size 0
GPUS_PER_VM=1 /home/ubuntu/varuna/tools/simulator/simulate-varuna 1 5 0 2493369.62890625 0
End of simulation:  Mini-batch time (usec) = 4144382
Min send: 10000000, max send 0
Min long send: 10000000, max long send 0
Min fwd: 10000000, max fwd 0; min bwd 10000000, max bwd 0
Min long fwd: 141043, max long fwd 144458; min long bwd 184920, max long bwd 191040
Time taken by simulation: 50 microseconds

Stages 2
Micro-bs 8 Max mem: 7660942131.200001
Predicted microbatch size for 2: 8
comm size 4194304
WARNING: no send time found, 2 partitions
GPUS_PER_VM=1 /home/ubuntu/varuna/tools/simulator/simulate-varuna 2 10 0 892117.1264648438 248719.58977934244
End of simulation:  Mini-batch time (usec) = 3456563
Min send: 10000000, max send 0
Min long send: 249051, max long send 264414
Min fwd: 78473, max fwd 86627; min bwd 87174, max bwd 96382
Min long fwd: 58631, max long fwd 64048; min long bwd 93560, max long bwd 98662
Time taken by simulation: 207 microseconds

Stages 3
Micro-bs 8 Max mem: 5497876480.0
Predicted microbatch size for 3: 8
comm size 4194304
WARNING: no send time found, 3 partitions
GPUS_PER_VM=1 /home/ubuntu/varuna/tools/simulator/simulate-varuna 3 15 0 476084.3811035156 248719.58977934244
End of simulation:  Mini-batch time (usec) = 3889823
Min send: 10000000, max send 0
Min long send: 248907, max long send 271185
Min fwd: 34426, max fwd 67951; min bwd 54355, max bwd 65681
Min long fwd: 38932, max long fwd 44034; min long bwd 64405, max long bwd 71935
Time taken by simulation: 489 microseconds

Stages 4
Micro-bs 8 Max mem: 4406266675.2
Predicted microbatch size for 4: 8
comm size 4194304
WARNING: no send time found, 4 partitions
GPUS_PER_VM=1 /home/ubuntu/varuna/tools/simulator/simulate-varuna 4 19 0 352272.7355957031 248719.58977934244
End of simulation:  Mini-batch time (usec) = 4275253
Min send: 10000000, max send 0
Min long send: 248773, max long send 273424
Min fwd: 22410, max fwd 61283; min bwd 39748, max bwd 51303
Min long fwd: 29385, max long fwd 37648; min long bwd 47928, max long bwd 54735
Time taken by simulation: 910 microseconds

Stages 6
Micro-bs 8 Max mem: 3314656870.4
Predicted microbatch size for 6: 8
comm size 4194304
WARNING: no send time found, 6 partitions
GPUS_PER_VM=1 /home/ubuntu/varuna/tools/simulator/simulate-varuna 6 32 0 233226.318359375 248719.58977934244
End of simulation:  Mini-batch time (usec) = 6680183
Min send: 10000000, max send 0
Min long send: 248719, max long send 275881
Min fwd: 10965, max fwd 44004; min bwd 19992, max bwd 36467
Min long fwd: 22115, max long fwd 30954; min long bwd 32578, max long bwd 40795
Time taken by simulation: 2341 microseconds

Stages 8
Micro-bs 8 Max mem: 2758774988.8
Predicted microbatch size for 8: 8
comm size 4194304
WARNING: no send time found, 8 partitions
GPUS_PER_VM=1 /home/ubuntu/varuna/tools/simulator/simulate-varuna 8 43 0 178155.74645996094 248719.58977934244
End of simulation:  Mini-batch time (usec) = 9019309
Min send: 10000000, max send 0
Min long send: 248735, max long send 276940
Min fwd: 5776, max fwd 41014; min bwd 16548, max bwd 29492
Min long fwd: 17309, max long fwd 25772; min long bwd 25282, max long bwd 32088
Time taken by simulation: 4410 microseconds

Stages 12
Micro-bs 8 Max mem: 2202893107.2
Predicted microbatch size for 12: 8
comm size 4194304
WARNING: no send time found, 12 partitions
GPUS_PER_VM=1 /home/ubuntu/varuna/tools/simulator/simulate-varuna 12 64 0 117116.2109375 248719.58977934244
End of simulation:  Mini-batch time (usec) = 13687683
Min send: 10000000, max send 0
Min long send: 248720, max long send 280797
Min fwd: 141, max fwd 25024; min bwd 6433, max bwd 23373
Min long fwd: 7201, max long fwd 18161; min long bwd 16833, max long bwd 28389
Time taken by simulation: 10517 microseconds

{1: 4.144382, 2: 3.456563, 3: 3.889823, 4: 4.275253, 6: 6.680183, 8: 9.019309, 12: 13.687683}
{1: 8, 2: 8, 3: 8, 4: 8, 6: 8, 8: 8, 12: 8}
best config is: 2 8
expected time is 3.456563
14 per stage
28 servers!
Config:
ranks: range(27, 28)
train batch size: 1024
partitions: 2
chunk_size: 8
data depth: 14
stage to rank map: 0,2,4,6,8,10,12,14,16,18,20,22,24,26;1,3,5,7,9,11,13,15,17,19,21,23,25,27;
World size is 28
/opt/conda/envs/varuna/bin/python -u /home/ubuntu/varuna_examples/DeepLearningExamples/PyTorch/LanguageModeling/BERT/run_pretraining.py --rank=27 --chunk_size=8 --local_rank=0 --stage_to_rank_map=0,2,4,6,8,10,12,14,16,18,20,22,24,26;1,3,5,7,9,11,13,15,17,19,21,23,25,27; --batch-size=73 --input_dir=/hdf5_lower_case_1_seq_len_128_max_pred_20_masked_lm_prob_0.15_random_seed_12345_dupe_factor_5/wikicorpus_en/ --output_dir=s3://spot-checkpoints/bert --config_file=bert_config.json --bert_model=bert-large-uncased --train_batch_size=1024 --max_seq_length=128 --max_predictions_per_seq=20 --max_steps=7038 --warmup_proportion=0.2843 --num_steps_per_checkpoint=200 --learning_rate=6e-3 --seed=12439 --fp16 --gradient_accumulation_steps=128 --allreduce_post_accumulation --allreduce_post_accumulation_fp16 --do_train --json-summary /home/ubuntu/varuna_examples/DeepLearningExamples/PyTorch/LanguageModeling/BERT/results/dllogger.json --varuna --resume_step 50
device: cuda:0 n_gpu: 1, distributed training: True, 16-bits training: True
dry run time 0.22909021377563477
SHARED WEIGHTS ARE
[(0, 1)]
this rank  27 is part of pipeline replica  13
10 chunks
Begin to load checkpint from s3://spot-checkpoints/bert/ckpt_50.pt
2022-11-26 04:00:43.656456 resume step from  50
Signal handler called with signal 10


 STOPPING VARUNA !!



Rank 27 signal handler called with signal 10
2022-11-26 04:01:48.566369 - Finished loading checkpoint, takes 64.881 secs
Parent process ID: 45643 node: 172.31.28.236
24 cutpoints
Stages 1
Micro-bs 8 Max mem: 14622140211.200005
Predicted microbatch size for 1: 8
comm size 0
GPUS_PER_VM=1 /home/ubuntu/varuna/tools/simulator/simulate-varuna 1 5 0 2493369.62890625 0
End of simulation:  Mini-batch time (usec) = 4144382
Min send: 10000000, max send 0
Min long send: 10000000, max long send 0
Min fwd: 10000000, max fwd 0; min bwd 10000000, max bwd 0
Min long fwd: 141043, max long fwd 144458; min long bwd 184920, max long bwd 191040
Time taken by simulation: 48 microseconds

Stages 2
Micro-bs 8 Max mem: 7660942131.200001
Predicted microbatch size for 2: 8
comm size 4194304
WARNING: no send time found, 2 partitions
GPUS_PER_VM=1 /home/ubuntu/varuna/tools/simulator/simulate-varuna 2 9 0 970375.4272460938 248719.58977934244
End of simulation:  Mini-batch time (usec) = 3283515
Min send: 10000000, max send 0
Min long send: 249051, max long send 268766
Min fwd: 79750, max fwd 86627; min bwd 87708, max bwd 94754
Min long fwd: 58189, max long fwd 63385; min long bwd 92867, max long bwd 97330
Time taken by simulation: 179 microseconds

Stages 3
Micro-bs 8 Max mem: 5497876480.0
Predicted microbatch size for 3: 8
comm size 4194304
WARNING: no send time found, 3 partitions
GPUS_PER_VM=1 /home/ubuntu/varuna/tools/simulator/simulate-varuna 3 13 0 485476.6540527344 248719.58977934244
End of simulation:  Mini-batch time (usec) = 3469734
Min send: 10000000, max send 0
Min long send: 248801, max long send 271185
Min fwd: 34426, max fwd 67951; min bwd 53890, max bwd 64826
Min long fwd: 37108, max long fwd 45662; min long bwd 64919, max long bwd 72155
Time taken by simulation: 423 microseconds

Stages 4
Micro-bs 8 Max mem: 4406266675.2
Predicted microbatch size for 4: 8
comm size 4194304
WARNING: no send time found, 4 partitions
GPUS_PER_VM=1 /home/ubuntu/varuna/tools/simulator/simulate-varuna 4 19 0 352272.7355957031 248719.58977934244
End of simulation:  Mini-batch time (usec) = 4275253
Min send: 10000000, max send 0
Min long send: 248773, max long send 273424
Min fwd: 22410, max fwd 61283; min bwd 39748, max bwd 51303
Min long fwd: 29385, max long fwd 37648; min long bwd 47928, max long bwd 54735
Time taken by simulation: 854 microseconds

Stages 6
Micro-bs 8 Max mem: 3314656870.4
Predicted microbatch size for 6: 8
comm size 4194304
WARNING: no send time found, 6 partitions
GPUS_PER_VM=1 /home/ubuntu/varuna/tools/simulator/simulate-varuna 6 26 0 254962.82958984375 248719.58977934244
End of simulation:  Mini-batch time (usec) = 5944030
Min send: 10000000, max send 0
Min long send: 248735, max long send 278723
Min fwd: 10836, max fwd 44441; min bwd 24199, max bwd 35953
Min long fwd: 21303, max long fwd 29429; min long bwd 33298, max long bwd 40795
Time taken by simulation: 1930 microseconds

Stages 8
Micro-bs 8 Max mem: 2758774988.8
Predicted microbatch size for 8: 8
comm size 4194304
WARNING: no send time found, 8 partitions
GPUS_PER_VM=1 /home/ubuntu/varuna/tools/simulator/simulate-varuna 8 43 0 178155.74645996094 248719.58977934244
End of simulation:  Mini-batch time (usec) = 9019309
Min send: 10000000, max send 0
Min long send: 248735, max long send 276940
Min fwd: 5776, max fwd 41014; min bwd 16548, max bwd 29492
Min long fwd: 17309, max long fwd 25772; min long bwd 25282, max long bwd 32088
Time taken by simulation: 4438 microseconds

Stages 12
Micro-bs 8 Max mem: 2202893107.2
Predicted microbatch size for 12: 8
comm size 4194304
WARNING: no send time found, 12 partitions
GPUS_PER_VM=1 /home/ubuntu/varuna/tools/simulator/simulate-varuna 12 64 0 117116.2109375 248719.58977934244
End of simulation:  Mini-batch time (usec) = 13687683
Min send: 10000000, max send 0
Min long send: 248720, max long send 280797
Min fwd: 141, max fwd 25024; min bwd 6433, max bwd 23373
Min long fwd: 7201, max long fwd 18161; min long bwd 16833, max long bwd 28389
Time taken by simulation: 10592 microseconds

{1: 4.144382, 2: 3.283515, 3: 3.469734, 4: 4.275253, 6: 5.94403, 8: 9.019309, 12: 13.687683}
{1: 8, 2: 8, 3: 8, 4: 8, 6: 8, 8: 8, 12: 8}
best config is: 2 8
expected time is 3.283515
15 per stage
30 servers!
Config:
ranks: range(27, 28)
train batch size: 1024
partitions: 2
chunk_size: 8
data depth: 15
stage to rank map: 0,2,4,6,8,10,12,14,16,18,20,22,24,26,28;1,3,5,7,9,11,13,15,17,19,21,23,25,27,29;
World size is 30
/opt/conda/envs/varuna/bin/python -u /home/ubuntu/varuna_examples/DeepLearningExamples/PyTorch/LanguageModeling/BERT/run_pretraining.py --rank=27 --chunk_size=8 --local_rank=0 --stage_to_rank_map=0,2,4,6,8,10,12,14,16,18,20,22,24,26,28;1,3,5,7,9,11,13,15,17,19,21,23,25,27,29; --batch-size=68 --input_dir=/hdf5_lower_case_1_seq_len_128_max_pred_20_masked_lm_prob_0.15_random_seed_12345_dupe_factor_5/wikicorpus_en/ --output_dir=s3://spot-checkpoints/bert --config_file=bert_config.json --bert_model=bert-large-uncased --train_batch_size=1024 --max_seq_length=128 --max_predictions_per_seq=20 --max_steps=7038 --warmup_proportion=0.2843 --num_steps_per_checkpoint=200 --learning_rate=6e-3 --seed=12439 --fp16 --gradient_accumulation_steps=128 --allreduce_post_accumulation --allreduce_post_accumulation_fp16 --do_train --json-summary /home/ubuntu/varuna_examples/DeepLearningExamples/PyTorch/LanguageModeling/BERT/results/dllogger.json --varuna --resume_step 221
device: cuda:0 n_gpu: 1, distributed training: True, 16-bits training: True
dry run time 0.1776871681213379
SHARED WEIGHTS ARE
[(0, 1)]
this rank  27 is part of pipeline replica  13
9 chunks
Begin to load checkpint from s3://spot-checkpoints/bert/ckpt_221.pt
2022-11-26 04:28:37.738874 resume step from  221
Signal handler called with signal 10


 STOPPING VARUNA !!



Rank 27 signal handler called with signal 10
2022-11-26 04:29:40.039536 - Finished loading checkpoint, takes 62.271 secs
2022-11-26 04:29:40.049579 Begin to exit
Process done with return code 0
Parent process ID: 46842 node: 172.31.28.236
24 cutpoints
Stages 1
Micro-bs 8 Max mem: 14622140211.200005
Predicted microbatch size for 1: 8
comm size 0
GPUS_PER_VM=1 /home/ubuntu/varuna/tools/simulator/simulate-varuna 1 4 0 3598379.5166015625 0
End of simulation:  Mini-batch time (usec) = 4923429
Min send: 10000000, max send 0
Min long send: 10000000, max long send 0
Min fwd: 10000000, max fwd 0; min bwd 10000000, max bwd 0
Min long fwd: 142174, max long fwd 144458; min long bwd 186536, max long bwd 191040
Time taken by simulation: 41 microseconds

Stages 2
Micro-bs 8 Max mem: 7660942131.200001
Predicted microbatch size for 2: 8
comm size 4194304
WARNING: no send time found, 2 partitions
GPUS_PER_VM=1 /home/ubuntu/varuna/tools/simulator/simulate-varuna 2 8 0 954047.119140625 248719.58977934244
End of simulation:  Mini-batch time (usec) = 3096062
Min send: 10000000, max send 0
Min long send: 249051, max long send 268766
Min fwd: 79507, max fwd 86627; min bwd 88131, max bwd 94131
Min long fwd: 58556, max long fwd 63385; min long bwd 92867, max long bwd 97582
Time taken by simulation: 166 microseconds

Stages 3
Micro-bs 8 Max mem: 5497876480.0
Predicted microbatch size for 3: 8
comm size 4194304
WARNING: no send time found, 3 partitions
GPUS_PER_VM=1 /home/ubuntu/varuna/tools/simulator/simulate-varuna 3 13 0 485476.6540527344 248719.58977934244
End of simulation:  Mini-batch time (usec) = 3469734
Min send: 10000000, max send 0
Min long send: 248801, max long send 271185
Min fwd: 34426, max fwd 67951; min bwd 53890, max bwd 64826
Min long fwd: 37108, max long fwd 45662; min long bwd 64919, max long bwd 72155
Time taken by simulation: 429 microseconds

Stages 4
Micro-bs 8 Max mem: 4406266675.2
Predicted microbatch size for 4: 8
comm size 4194304
WARNING: no send time found, 4 partitions
GPUS_PER_VM=1 /home/ubuntu/varuna/tools/simulator/simulate-varuna 4 16 0 364488.09814453125 248719.58977934244
End of simulation:  Mini-batch time (usec) = 3900556
Min send: 10000000, max send 0
Min long send: 248773, max long send 273424
Min fwd: 20622, max fwd 60312; min bwd 40311, max bwd 50179
Min long fwd: 29744, max long fwd 36491; min long bwd 47928, max long bwd 56568
Time taken by simulation: 830 microseconds

Stages 6
Micro-bs 8 Max mem: 3314656870.4
Predicted microbatch size for 6: 8
comm size 4194304
WARNING: no send time found, 6 partitions
GPUS_PER_VM=1 /home/ubuntu/varuna/tools/simulator/simulate-varuna 6 26 0 254962.82958984375 248719.58977934244
End of simulation:  Mini-batch time (usec) = 5944030
Min send: 10000000, max send 0
Min long send: 248735, max long send 278723
Min fwd: 10836, max fwd 44441; min bwd 24199, max bwd 35953
Min long fwd: 21303, max long fwd 29429; min long bwd 33298, max long bwd 40795
Time taken by simulation: 1891 microseconds

Stages 8
Micro-bs 8 Max mem: 2758774988.8
Predicted microbatch size for 8: 8
comm size 4194304
WARNING: no send time found, 8 partitions
GPUS_PER_VM=1 /home/ubuntu/varuna/tools/simulator/simulate-varuna 8 32 0 244280.30395507812 248719.58977934244
End of simulation:  Mini-batch time (usec) = 7674225
Min send: 10000000, max send 0
Min long send: 248719, max long send 278723
Min fwd: 6779, max fwd 41103; min bwd 15994, max bwd 28589
Min long fwd: 18906, max long fwd 26091; min long bwd 25267, max long bwd 32480
Time taken by simulation: 3293 microseconds

Stages 12
Micro-bs 8 Max mem: 2202893107.2
Predicted microbatch size for 12: 8
comm size 4194304
WARNING: no send time found, 12 partitions
GPUS_PER_VM=1 /home/ubuntu/varuna/tools/simulator/simulate-varuna 12 64 0 117116.2109375 248719.58977934244
End of simulation:  Mini-batch time (usec) = 13687683
Min send: 10000000, max send 0
Min long send: 248720, max long send 280797
Min fwd: 141, max fwd 25024; min bwd 6433, max bwd 23373
Min long fwd: 7201, max long fwd 18161; min long bwd 16833, max long bwd 28389
Time taken by simulation: 10655 microseconds

{1: 4.923429, 2: 3.096062, 3: 3.469734, 4: 3.900556, 6: 5.94403, 8: 7.674225, 12: 13.687683}
{1: 8, 2: 8, 3: 8, 4: 8, 6: 8, 8: 8, 12: 8}
best config is: 2 8
expected time is 3.096062
16 per stage
32 servers!
Config:
ranks: range(27, 28)
train batch size: 1024
partitions: 2
chunk_size: 8
data depth: 16
stage to rank map: 0,2,4,6,8,10,12,14,16,18,20,22,24,26,28,30;1,3,5,7,9,11,13,15,17,19,21,23,25,27,29,31;
World size is 32
/opt/conda/envs/varuna/bin/python -u /home/ubuntu/varuna_examples/DeepLearningExamples/PyTorch/LanguageModeling/BERT/run_pretraining.py --rank=27 --chunk_size=8 --local_rank=0 --stage_to_rank_map=0,2,4,6,8,10,12,14,16,18,20,22,24,26,28,30;1,3,5,7,9,11,13,15,17,19,21,23,25,27,29,31; --batch-size=64 --input_dir=/hdf5_lower_case_1_seq_len_128_max_pred_20_masked_lm_prob_0.15_random_seed_12345_dupe_factor_5/wikicorpus_en/ --output_dir=s3://spot-checkpoints/bert --config_file=bert_config.json --bert_model=bert-large-uncased --train_batch_size=1024 --max_seq_length=128 --max_predictions_per_seq=20 --max_steps=7038 --warmup_proportion=0.2843 --num_steps_per_checkpoint=200 --learning_rate=6e-3 --seed=12439 --fp16 --gradient_accumulation_steps=128 --allreduce_post_accumulation --allreduce_post_accumulation_fp16 --do_train --json-summary /home/ubuntu/varuna_examples/DeepLearningExamples/PyTorch/LanguageModeling/BERT/results/dllogger.json --varuna --resume_step 221
device: cuda:0 n_gpu: 1, distributed training: True, 16-bits training: True
dry run time 0.21243762969970703
SHARED WEIGHTS ARE
[(0, 1)]
this rank  27 is part of pipeline replica  13
8 chunks
Begin to load checkpint from s3://spot-checkpoints/bert/ckpt_221.pt
2022-11-26 04:30:01.165375 resume step from  221
2022-11-26 04:30:54.979466 - Finished loading checkpoint, takes 53.785 secs
27 Overflow !!
27 : update_scale(): _has_overflow, dynamic. _loss_scale =  524288.0
[2022-11-26 04:31:09.083787] Finished iteration 221, CKPT_AND_STOP: False, flag: tensor([0], dtype=torch.int32), speed: 4238.205
27 Overflow !!
27 : update_scale(): _has_overflow, dynamic. _loss_scale =  262144.0
[2022-11-26 04:31:12.285679] Finished iteration 222, CKPT_AND_STOP: False, flag: tensor([0], dtype=torch.int32), speed: 3201.696
27 Overflow !!
27 : update_scale(): _has_overflow, dynamic. _loss_scale =  131072.0
[2022-11-26 04:31:14.422626] Finished iteration 223, CKPT_AND_STOP: False, flag: tensor([0], dtype=torch.int32), speed: 2136.885
27 Overflow !!
27 : update_scale(): _has_overflow, dynamic. _loss_scale =  65536.0
[2022-11-26 04:31:18.038442] Finished iteration 224, CKPT_AND_STOP: False, flag: tensor([0], dtype=torch.int32), speed: 3615.795
27 Overflow !!
27 : update_scale(): _has_overflow, dynamic. _loss_scale =  32768.0
[2022-11-26 04:31:21.213570] Finished iteration 225, CKPT_AND_STOP: False, flag: tensor([0], dtype=torch.int32), speed: 3175.097
27 Overflow !!
27 : update_scale(): _has_overflow, dynamic. _loss_scale =  16384.0
[2022-11-26 04:31:23.370104] Finished iteration 226, CKPT_AND_STOP: False, flag: tensor([0], dtype=torch.int32), speed: 2156.440
27 Overflow !!
27 : update_scale(): _has_overflow, dynamic. _loss_scale =  8192.0
[2022-11-26 04:31:25.504563] Finished iteration 227, CKPT_AND_STOP: False, flag: tensor([0], dtype=torch.int32), speed: 2134.444
27 Overflow !!
27 : update_scale(): _has_overflow, dynamic. _loss_scale =  4096.0
[2022-11-26 04:31:27.644628] Finished iteration 228, CKPT_AND_STOP: False, flag: tensor([0], dtype=torch.int32), speed: 2140.005
27 Overflow !!
27 : update_scale(): _has_overflow, dynamic. _loss_scale =  2048.0
[2022-11-26 04:31:29.829957] Finished iteration 229, CKPT_AND_STOP: False, flag: tensor([0], dtype=torch.int32), speed: 2185.310
27 Overflow !!
27 : update_scale(): _has_overflow, dynamic. _loss_scale =  1024.0
[2022-11-26 04:31:32.007868] Finished iteration 230, CKPT_AND_STOP: False, flag: tensor([0], dtype=torch.int32), speed: 2177.855
27 Overflow !!
27 : update_scale(): _has_overflow, dynamic. _loss_scale =  512.0
[2022-11-26 04:31:34.234063] Finished iteration 231, CKPT_AND_STOP: False, flag: tensor([0], dtype=torch.int32), speed: 2226.129
27 Overflow !!
27 : update_scale(): _has_overflow, dynamic. _loss_scale =  256.0
[2022-11-26 04:31:36.496733] Finished iteration 232, CKPT_AND_STOP: False, flag: tensor([0], dtype=torch.int32), speed: 2262.617
27 Overflow !!
27 : update_scale(): _has_overflow, dynamic. _loss_scale =  128.0
[2022-11-26 04:31:38.691322] Finished iteration 233, CKPT_AND_STOP: False, flag: tensor([0], dtype=torch.int32), speed: 2194.580
27 Overflow !!
27 : update_scale(): _has_overflow, dynamic. _loss_scale =  64.0
[2022-11-26 04:31:40.858336] Finished iteration 234, CKPT_AND_STOP: False, flag: tensor([0], dtype=torch.int32), speed: 2166.999
27 Overflow !!
27 : update_scale(): _has_overflow, dynamic. _loss_scale =  32.0
[2022-11-26 04:31:43.063679] Finished iteration 235, CKPT_AND_STOP: False, flag: tensor([0], dtype=torch.int32), speed: 2205.279
27 Overflow !!
27 : update_scale(): _has_overflow, dynamic. _loss_scale =  16.0
[2022-11-26 04:31:45.948844] Finished iteration 236, CKPT_AND_STOP: False, flag: tensor([0], dtype=torch.int32), speed: 2885.119
27 Overflow !!
27 : update_scale(): _has_overflow, dynamic. _loss_scale =  8.0
[2022-11-26 04:31:48.130649] Finished iteration 237, CKPT_AND_STOP: False, flag: tensor([0], dtype=torch.int32), speed: 2181.758
27 Overflow !!
27 : update_scale(): _has_overflow, dynamic. _loss_scale =  4.0
[2022-11-26 04:31:50.348176] Finished iteration 238, CKPT_AND_STOP: False, flag: tensor([0], dtype=torch.int32), speed: 2217.473
27 Overflow !!
27 : update_scale(): _has_overflow, dynamic. _loss_scale =  2.0
[2022-11-26 04:31:52.563401] Finished iteration 239, CKPT_AND_STOP: False, flag: tensor([0], dtype=torch.int32), speed: 2215.211
27 Overflow !!
27 : update_scale(): _has_overflow, dynamic. _loss_scale =  1.0
[2022-11-26 04:31:54.717187] Finished iteration 240, CKPT_AND_STOP: False, flag: tensor([0], dtype=torch.int32), speed: 2153.704
27 Overflow !!
27 : update_scale(): _has_overflow, dynamic. _loss_scale =  1.0
[2022-11-26 04:31:56.922238] Finished iteration 241, CKPT_AND_STOP: False, flag: tensor([0], dtype=torch.int32), speed: 2205.003
27 Overflow !!
27 : update_scale(): _has_overflow, dynamic. _loss_scale =  1.0
[2022-11-26 04:31:59.142218] Finished iteration 242, CKPT_AND_STOP: False, flag: tensor([0], dtype=torch.int32), speed: 2219.980
27 Overflow !!
27 : update_scale(): _has_overflow, dynamic. _loss_scale =  1.0
[2022-11-26 04:32:01.346096] Finished iteration 243, CKPT_AND_STOP: False, flag: tensor([0], dtype=torch.int32), speed: 2203.812
27 Overflow !!
27 : update_scale(): _has_overflow, dynamic. _loss_scale =  1.0
[2022-11-26 04:32:03.588685] Finished iteration 244, CKPT_AND_STOP: False, flag: tensor([0], dtype=torch.int32), speed: 2242.599
27 Overflow !!
27 : update_scale(): _has_overflow, dynamic. _loss_scale =  1.0
[2022-11-26 04:32:05.793253] Finished iteration 245, CKPT_AND_STOP: False, flag: tensor([0], dtype=torch.int32), speed: 2204.524
27 Overflow !!
27 : update_scale(): _has_overflow, dynamic. _loss_scale =  1.0
[2022-11-26 04:32:07.997982] Finished iteration 246, CKPT_AND_STOP: False, flag: tensor([0], dtype=torch.int32), speed: 2204.677
27 Overflow !!
27 : update_scale(): _has_overflow, dynamic. _loss_scale =  1.0
[2022-11-26 04:32:10.221893] Finished iteration 247, CKPT_AND_STOP: False, flag: tensor([0], dtype=torch.int32), speed: 2223.885
27 Overflow !!
27 : update_scale(): _has_overflow, dynamic. _loss_scale =  1.0
[2022-11-26 04:32:12.407603] Finished iteration 248, CKPT_AND_STOP: False, flag: tensor([0], dtype=torch.int32), speed: 2185.672
27 Overflow !!
27 : update_scale(): _has_overflow, dynamic. _loss_scale =  1.0
[2022-11-26 04:32:14.618980] Finished iteration 249, CKPT_AND_STOP: False, flag: tensor([0], dtype=torch.int32), speed: 2211.387
27 Overflow !!
27 : update_scale(): _has_overflow, dynamic. _loss_scale =  1.0
[2022-11-26 04:32:16.817754] Finished iteration 250, CKPT_AND_STOP: False, flag: tensor([0], dtype=torch.int32), speed: 2198.714
27 Overflow !!
27 : update_scale(): _has_overflow, dynamic. _loss_scale =  1.0
[2022-11-26 04:32:19.051618] Finished iteration 251, CKPT_AND_STOP: False, flag: tensor([0], dtype=torch.int32), speed: 2233.830
27 Overflow !!
27 : update_scale(): _has_overflow, dynamic. _loss_scale =  1.0
[2022-11-26 04:32:21.257138] Finished iteration 252, CKPT_AND_STOP: False, flag: tensor([0], dtype=torch.int32), speed: 2205.491
27 Overflow !!
27 : update_scale(): _has_overflow, dynamic. _loss_scale =  1.0
[2022-11-26 04:32:23.420739] Finished iteration 253, CKPT_AND_STOP: False, flag: tensor([0], dtype=torch.int32), speed: 2163.572
27 Overflow !!
27 : update_scale(): _has_overflow, dynamic. _loss_scale =  1.0
[2022-11-26 04:32:26.358597] Finished iteration 254, CKPT_AND_STOP: False, flag: tensor([0], dtype=torch.int32), speed: 2937.824
27 Overflow !!
27 : update_scale(): _has_overflow, dynamic. _loss_scale =  1.0
[2022-11-26 04:32:28.543699] Finished iteration 255, CKPT_AND_STOP: False, flag: tensor([0], dtype=torch.int32), speed: 2185.114
27 Overflow !!
27 : update_scale(): _has_overflow, dynamic. _loss_scale =  1.0
[2022-11-26 04:32:30.717577] Finished iteration 256, CKPT_AND_STOP: False, flag: tensor([0], dtype=torch.int32), speed: 2173.827
27 Overflow !!
27 : update_scale(): _has_overflow, dynamic. _loss_scale =  1.0
[2022-11-26 04:32:32.922786] Finished iteration 257, CKPT_AND_STOP: False, flag: tensor([0], dtype=torch.int32), speed: 2205.165
27 Overflow !!
27 : update_scale(): _has_overflow, dynamic. _loss_scale =  1.0
[2022-11-26 04:32:35.130903] Finished iteration 258, CKPT_AND_STOP: False, flag: tensor([0], dtype=torch.int32), speed: 2208.082
27 Overflow !!
27 : update_scale(): _has_overflow, dynamic. _loss_scale =  1.0
[2022-11-26 04:32:37.324412] Finished iteration 259, CKPT_AND_STOP: False, flag: tensor([0], dtype=torch.int32), speed: 2193.483
27 Overflow !!
27 : update_scale(): _has_overflow, dynamic. _loss_scale =  1.0
[2022-11-26 04:32:39.505251] Finished iteration 260, CKPT_AND_STOP: False, flag: tensor([0], dtype=torch.int32), speed: 2180.809
27 Overflow !!
27 : update_scale(): _has_overflow, dynamic. _loss_scale =  1.0
[2022-11-26 04:32:41.666487] Finished iteration 261, CKPT_AND_STOP: False, flag: tensor([0], dtype=torch.int32), speed: 2161.211
27 Overflow !!
27 : update_scale(): _has_overflow, dynamic. _loss_scale =  1.0
[2022-11-26 04:32:43.905655] Finished iteration 262, CKPT_AND_STOP: False, flag: tensor([0], dtype=torch.int32), speed: 2239.131
27 Overflow !!
27 : update_scale(): _has_overflow, dynamic. _loss_scale =  1.0
[2022-11-26 04:32:46.131916] Finished iteration 263, CKPT_AND_STOP: False, flag: tensor([0], dtype=torch.int32), speed: 2226.234
27 Overflow !!
27 : update_scale(): _has_overflow, dynamic. _loss_scale =  1.0
[2022-11-26 04:32:48.310774] Finished iteration 264, CKPT_AND_STOP: False, flag: tensor([0], dtype=torch.int32), speed: 2178.835
27 Overflow !!
27 : update_scale(): _has_overflow, dynamic. _loss_scale =  1.0
[2022-11-26 04:32:50.491447] Finished iteration 265, CKPT_AND_STOP: False, flag: tensor([0], dtype=torch.int32), speed: 2180.641
27 Overflow !!
27 : update_scale(): _has_overflow, dynamic. _loss_scale =  1.0
[2022-11-26 04:32:52.707893] Finished iteration 266, CKPT_AND_STOP: False, flag: tensor([0], dtype=torch.int32), speed: 2216.418
27 Overflow !!
27 : update_scale(): _has_overflow, dynamic. _loss_scale =  1.0
[2022-11-26 04:32:54.908044] Finished iteration 267, CKPT_AND_STOP: False, flag: tensor([0], dtype=torch.int32), speed: 2200.137
27 Overflow !!
27 : update_scale(): _has_overflow, dynamic. _loss_scale =  1.0
[2022-11-26 04:32:57.130903] Finished iteration 268, CKPT_AND_STOP: False, flag: tensor([0], dtype=torch.int32), speed: 2222.843
27 Overflow !!
27 : update_scale(): _has_overflow, dynamic. _loss_scale =  1.0
[2022-11-26 04:32:59.339068] Finished iteration 269, CKPT_AND_STOP: False, flag: tensor([0], dtype=torch.int32), speed: 2208.095
27 Overflow !!
27 : update_scale(): _has_overflow, dynamic. _loss_scale =  1.0
[2022-11-26 04:33:01.576913] Finished iteration 270, CKPT_AND_STOP: False, flag: tensor([0], dtype=torch.int32), speed: 2237.787
27 Overflow !!
27 : update_scale(): _has_overflow, dynamic. _loss_scale =  1.0
[2022-11-26 04:33:03.776525] Finished iteration 271, CKPT_AND_STOP: False, flag: tensor([0], dtype=torch.int32), speed: 2199.569
27 Overflow !!
27 : update_scale(): _has_overflow, dynamic. _loss_scale =  1.0
[2022-11-26 04:33:05.975412] Finished iteration 272, CKPT_AND_STOP: False, flag: tensor([0], dtype=torch.int32), speed: 2198.851
27 Overflow !!
27 : update_scale(): _has_overflow, dynamic. _loss_scale =  1.0
[2022-11-26 04:33:08.180502] Finished iteration 273, CKPT_AND_STOP: False, flag: tensor([0], dtype=torch.int32), speed: 2205.050
27 Overflow !!
27 : update_scale(): _has_overflow, dynamic. _loss_scale =  1.0
[2022-11-26 04:33:10.436148] Finished iteration 274, CKPT_AND_STOP: False, flag: tensor([0], dtype=torch.int32), speed: 2255.606
27 Overflow !!
27 : update_scale(): _has_overflow, dynamic. _loss_scale =  1.0
[2022-11-26 04:33:12.705753] Finished iteration 275, CKPT_AND_STOP: False, flag: tensor([0], dtype=torch.int32), speed: 2269.549
27 Overflow !!
27 : update_scale(): _has_overflow, dynamic. _loss_scale =  1.0
[2022-11-26 04:33:14.892436] Finished iteration 276, CKPT_AND_STOP: False, flag: tensor([0], dtype=torch.int32), speed: 2186.636
27 Overflow !!
27 : update_scale(): _has_overflow, dynamic. _loss_scale =  1.0
[2022-11-26 04:33:17.062291] Finished iteration 277, CKPT_AND_STOP: False, flag: tensor([0], dtype=torch.int32), speed: 2169.802
27 Overflow !!
27 : update_scale(): _has_overflow, dynamic. _loss_scale =  1.0
[2022-11-26 04:33:19.242577] Finished iteration 278, CKPT_AND_STOP: False, flag: tensor([0], dtype=torch.int32), speed: 2180.246
27 Overflow !!
27 : update_scale(): _has_overflow, dynamic. _loss_scale =  1.0
[2022-11-26 04:33:21.416776] Finished iteration 279, CKPT_AND_STOP: False, flag: tensor([0], dtype=torch.int32), speed: 2174.159
27 Overflow !!
27 : update_scale(): _has_overflow, dynamic. _loss_scale =  1.0
[2022-11-26 04:33:23.658871] Finished iteration 280, CKPT_AND_STOP: False, flag: tensor([0], dtype=torch.int32), speed: 2242.060
27 Overflow !!
27 : update_scale(): _has_overflow, dynamic. _loss_scale =  1.0
[2022-11-26 04:33:25.887623] Finished iteration 281, CKPT_AND_STOP: False, flag: tensor([0], dtype=torch.int32), speed: 2228.704
27 Overflow !!
27 : update_scale(): _has_overflow, dynamic. _loss_scale =  1.0
[2022-11-26 04:33:28.034296] Finished iteration 282, CKPT_AND_STOP: False, flag: tensor([0], dtype=torch.int32), speed: 2146.639
27 Overflow !!
27 : update_scale(): _has_overflow, dynamic. _loss_scale =  1.0
[2022-11-26 04:33:30.197265] Finished iteration 283, CKPT_AND_STOP: False, flag: tensor([0], dtype=torch.int32), speed: 2162.967
27 Overflow !!
27 : update_scale(): _has_overflow, dynamic. _loss_scale =  1.0
[2022-11-26 04:33:32.409265] Finished iteration 284, CKPT_AND_STOP: False, flag: tensor([0], dtype=torch.int32), speed: 2211.935
27 Overflow !!
27 : update_scale(): _has_overflow, dynamic. _loss_scale =  1.0
[2022-11-26 04:33:34.587202] Finished iteration 285, CKPT_AND_STOP: False, flag: tensor([0], dtype=torch.int32), speed: 2177.917
27 Overflow !!
27 : update_scale(): _has_overflow, dynamic. _loss_scale =  1.0
[2022-11-26 04:33:36.744375] Finished iteration 286, CKPT_AND_STOP: False, flag: tensor([0], dtype=torch.int32), speed: 2157.146
27 Overflow !!
27 : update_scale(): _has_overflow, dynamic. _loss_scale =  1.0
[2022-11-26 04:33:38.935317] Finished iteration 287, CKPT_AND_STOP: False, flag: tensor([0], dtype=torch.int32), speed: 2190.885
27 Overflow !!
27 : update_scale(): _has_overflow, dynamic. _loss_scale =  1.0
[2022-11-26 04:33:41.180968] Finished iteration 288, CKPT_AND_STOP: False, flag: tensor([0], dtype=torch.int32), speed: 2245.654
27 Overflow !!
27 : update_scale(): _has_overflow, dynamic. _loss_scale =  1.0
[2022-11-26 04:33:43.301935] Finished iteration 289, CKPT_AND_STOP: False, flag: tensor([0], dtype=torch.int32), speed: 2120.896
27 Overflow !!
27 : update_scale(): _has_overflow, dynamic. _loss_scale =  1.0
[2022-11-26 04:33:45.464461] Finished iteration 290, CKPT_AND_STOP: False, flag: tensor([0], dtype=torch.int32), speed: 2162.494
27 Overflow !!
27 : update_scale(): _has_overflow, dynamic. _loss_scale =  1.0
[2022-11-26 04:33:47.661148] Finished iteration 291, CKPT_AND_STOP: False, flag: tensor([0], dtype=torch.int32), speed: 2196.712
27 Overflow !!
27 : update_scale(): _has_overflow, dynamic. _loss_scale =  1.0
[2022-11-26 04:33:49.925431] Finished iteration 292, CKPT_AND_STOP: False, flag: tensor([0], dtype=torch.int32), speed: 2264.241
27 Overflow !!
27 : update_scale(): _has_overflow, dynamic. _loss_scale =  1.0
[2022-11-26 04:33:52.141368] Finished iteration 293, CKPT_AND_STOP: False, flag: tensor([0], dtype=torch.int32), speed: 2215.856
27 Overflow !!
27 : update_scale(): _has_overflow, dynamic. _loss_scale =  1.0
[2022-11-26 04:33:54.421812] Finished iteration 294, CKPT_AND_STOP: False, flag: tensor([0], dtype=torch.int32), speed: 2280.419
27 Overflow !!
27 : update_scale(): _has_overflow, dynamic. _loss_scale =  1.0
[2022-11-26 04:33:56.618156] Finished iteration 295, CKPT_AND_STOP: False, flag: tensor([0], dtype=torch.int32), speed: 2196.321
27 Overflow !!
27 : update_scale(): _has_overflow, dynamic. _loss_scale =  1.0
[2022-11-26 04:33:58.798380] Finished iteration 296, CKPT_AND_STOP: False, flag: tensor([0], dtype=torch.int32), speed: 2180.188
27 Overflow !!
27 : update_scale(): _has_overflow, dynamic. _loss_scale =  1.0
[2022-11-26 04:34:01.267707] Finished iteration 297, CKPT_AND_STOP: False, flag: tensor([0], dtype=torch.int32), speed: 2469.295
27 Overflow !!
27 : update_scale(): _has_overflow, dynamic. _loss_scale =  1.0
[2022-11-26 04:34:04.018181] Finished iteration 298, CKPT_AND_STOP: False, flag: tensor([0], dtype=torch.int32), speed: 2750.450
27 Overflow !!
27 : update_scale(): _has_overflow, dynamic. _loss_scale =  1.0
[2022-11-26 04:34:06.206256] Finished iteration 299, CKPT_AND_STOP: False, flag: tensor([0], dtype=torch.int32), speed: 2188.082
27 Overflow !!
27 : update_scale(): _has_overflow, dynamic. _loss_scale =  1.0
[2022-11-26 04:34:08.457764] Finished iteration 300, CKPT_AND_STOP: False, flag: tensor([0], dtype=torch.int32), speed: 2251.455
27 Overflow !!
27 : update_scale(): _has_overflow, dynamic. _loss_scale =  1.0
[2022-11-26 04:34:10.629877] Finished iteration 301, CKPT_AND_STOP: False, flag: tensor([0], dtype=torch.int32), speed: 2172.054
27 Overflow !!
27 : update_scale(): _has_overflow, dynamic. _loss_scale =  1.0
[2022-11-26 04:34:12.814486] Finished iteration 302, CKPT_AND_STOP: False, flag: tensor([0], dtype=torch.int32), speed: 2184.578
27 Overflow !!
27 : update_scale(): _has_overflow, dynamic. _loss_scale =  1.0
[2022-11-26 04:34:14.972272] Finished iteration 303, CKPT_AND_STOP: False, flag: tensor([0], dtype=torch.int32), speed: 2157.798
27 Overflow !!
27 : update_scale(): _has_overflow, dynamic. _loss_scale =  1.0
[2022-11-26 04:34:17.176015] Finished iteration 304, CKPT_AND_STOP: False, flag: tensor([0], dtype=torch.int32), speed: 2203.714
27 Overflow !!
27 : update_scale(): _has_overflow, dynamic. _loss_scale =  1.0
[2022-11-26 04:34:19.388696] Finished iteration 305, CKPT_AND_STOP: False, flag: tensor([0], dtype=torch.int32), speed: 2212.655
27 Overflow !!
27 : update_scale(): _has_overflow, dynamic. _loss_scale =  1.0
[2022-11-26 04:34:21.598189] Finished iteration 306, CKPT_AND_STOP: False, flag: tensor([0], dtype=torch.int32), speed: 2209.435
27 Overflow !!
27 : update_scale(): _has_overflow, dynamic. _loss_scale =  1.0
[2022-11-26 04:34:23.814837] Finished iteration 307, CKPT_AND_STOP: False, flag: tensor([0], dtype=torch.int32), speed: 2216.580
27 Overflow !!
27 : update_scale(): _has_overflow, dynamic. _loss_scale =  1.0
[2022-11-26 04:34:26.002256] Finished iteration 308, CKPT_AND_STOP: False, flag: tensor([0], dtype=torch.int32), speed: 2187.376
27 Overflow !!
27 : update_scale(): _has_overflow, dynamic. _loss_scale =  1.0
[2022-11-26 04:34:28.153191] Finished iteration 309, CKPT_AND_STOP: False, flag: tensor([0], dtype=torch.int32), speed: 2150.882
27 Overflow !!
27 : update_scale(): _has_overflow, dynamic. _loss_scale =  1.0
[2022-11-26 04:34:30.349083] Finished iteration 310, CKPT_AND_STOP: False, flag: tensor([0], dtype=torch.int32), speed: 2195.853
27 Overflow !!
27 : update_scale(): _has_overflow, dynamic. _loss_scale =  1.0
[2022-11-26 04:34:32.527755] Finished iteration 311, CKPT_AND_STOP: False, flag: tensor([0], dtype=torch.int32), speed: 2178.632
27 Overflow !!
27 : update_scale(): _has_overflow, dynamic. _loss_scale =  1.0
[2022-11-26 04:34:34.681800] Finished iteration 312, CKPT_AND_STOP: False, flag: tensor([0], dtype=torch.int32), speed: 2153.986
27 Overflow !!
27 : update_scale(): _has_overflow, dynamic. _loss_scale =  1.0
[2022-11-26 04:34:36.835080] Finished iteration 313, CKPT_AND_STOP: False, flag: tensor([0], dtype=torch.int32), speed: 2153.275
27 Overflow !!
27 : update_scale(): _has_overflow, dynamic. _loss_scale =  1.0
[2022-11-26 04:34:38.980335] Finished iteration 314, CKPT_AND_STOP: False, flag: tensor([0], dtype=torch.int32), speed: 2145.186
27 Overflow !!
27 : update_scale(): _has_overflow, dynamic. _loss_scale =  1.0
[2022-11-26 04:34:41.111825] Finished iteration 315, CKPT_AND_STOP: False, flag: tensor([0], dtype=torch.int32), speed: 2131.444
27 Overflow !!
27 : update_scale(): _has_overflow, dynamic. _loss_scale =  1.0
[2022-11-26 04:34:43.511706] Finished iteration 316, CKPT_AND_STOP: False, flag: tensor([0], dtype=torch.int32), speed: 2399.830
27 Overflow !!
27 : update_scale(): _has_overflow, dynamic. _loss_scale =  1.0
[2022-11-26 04:34:45.767342] Finished iteration 317, CKPT_AND_STOP: False, flag: tensor([0], dtype=torch.int32), speed: 2255.602
27 Overflow !!
27 : update_scale(): _has_overflow, dynamic. _loss_scale =  1.0
[2022-11-26 04:34:47.960478] Finished iteration 318, CKPT_AND_STOP: False, flag: tensor([0], dtype=torch.int32), speed: 2193.091
27 Overflow !!
27 : update_scale(): _has_overflow, dynamic. _loss_scale =  1.0
[2022-11-26 04:34:50.119221] Finished iteration 319, CKPT_AND_STOP: False, flag: tensor([0], dtype=torch.int32), speed: 2158.689
27 Overflow !!
27 : update_scale(): _has_overflow, dynamic. _loss_scale =  1.0
[2022-11-26 04:34:52.257510] Finished iteration 320, CKPT_AND_STOP: False, flag: tensor([0], dtype=torch.int32), speed: 2138.262
27 Overflow !!
27 : update_scale(): _has_overflow, dynamic. _loss_scale =  1.0
[2022-11-26 04:34:54.438957] Finished iteration 321, CKPT_AND_STOP: False, flag: tensor([0], dtype=torch.int32), speed: 2181.395
27 Overflow !!
27 : update_scale(): _has_overflow, dynamic. _loss_scale =  1.0
[2022-11-26 04:34:56.584236] Finished iteration 322, CKPT_AND_STOP: False, flag: tensor([0], dtype=torch.int32), speed: 2145.214
27 Overflow !!
27 : update_scale(): _has_overflow, dynamic. _loss_scale =  1.0
[2022-11-26 04:34:58.980656] Finished iteration 323, CKPT_AND_STOP: False, flag: tensor([0], dtype=torch.int32), speed: 2396.373
27 Overflow !!
27 : update_scale(): _has_overflow, dynamic. _loss_scale =  1.0
[2022-11-26 04:35:01.191332] Finished iteration 324, CKPT_AND_STOP: False, flag: tensor([0], dtype=torch.int32), speed: 2210.677
27 Overflow !!
27 : update_scale(): _has_overflow, dynamic. _loss_scale =  1.0
[2022-11-26 04:35:03.408951] Finished iteration 325, CKPT_AND_STOP: False, flag: tensor([0], dtype=torch.int32), speed: 2217.594
27 Overflow !!
27 : update_scale(): _has_overflow, dynamic. _loss_scale =  1.0
[2022-11-26 04:35:05.545037] Finished iteration 326, CKPT_AND_STOP: False, flag: tensor([0], dtype=torch.int32), speed: 2136.045
27 Overflow !!
27 : update_scale(): _has_overflow, dynamic. _loss_scale =  1.0
[2022-11-26 04:35:07.780082] Finished iteration 327, CKPT_AND_STOP: False, flag: tensor([0], dtype=torch.int32), speed: 2234.995
27 Overflow !!
27 : update_scale(): _has_overflow, dynamic. _loss_scale =  1.0
[2022-11-26 04:35:09.934816] Finished iteration 328, CKPT_AND_STOP: False, flag: tensor([0], dtype=torch.int32), speed: 2154.688
27 Overflow !!
27 : update_scale(): _has_overflow, dynamic. _loss_scale =  1.0
[2022-11-26 04:35:12.108763] Finished iteration 329, CKPT_AND_STOP: False, flag: tensor([0], dtype=torch.int32), speed: 2173.919
27 Overflow !!
27 : update_scale(): _has_overflow, dynamic. _loss_scale =  1.0
[2022-11-26 04:35:14.272807] Finished iteration 330, CKPT_AND_STOP: False, flag: tensor([0], dtype=torch.int32), speed: 2163.988
27 Overflow !!
27 : update_scale(): _has_overflow, dynamic. _loss_scale =  1.0
[2022-11-26 04:35:16.413382] Finished iteration 331, CKPT_AND_STOP: False, flag: tensor([0], dtype=torch.int32), speed: 2140.540
27 Overflow !!
27 : update_scale(): _has_overflow, dynamic. _loss_scale =  1.0
[2022-11-26 04:35:18.607157] Finished iteration 332, CKPT_AND_STOP: False, flag: tensor([0], dtype=torch.int32), speed: 2193.732
27 Overflow !!
27 : update_scale(): _has_overflow, dynamic. _loss_scale =  1.0
[2022-11-26 04:35:20.822090] Finished iteration 333, CKPT_AND_STOP: False, flag: tensor([0], dtype=torch.int32), speed: 2214.886
27 Overflow !!
27 : update_scale(): _has_overflow, dynamic. _loss_scale =  1.0
[2022-11-26 04:35:23.003099] Finished iteration 334, CKPT_AND_STOP: False, flag: tensor([0], dtype=torch.int32), speed: 2181.009
27 Overflow !!
27 : update_scale(): _has_overflow, dynamic. _loss_scale =  1.0
[2022-11-26 04:35:25.206777] Finished iteration 335, CKPT_AND_STOP: False, flag: tensor([0], dtype=torch.int32), speed: 2203.601
27 Overflow !!
27 : update_scale(): _has_overflow, dynamic. _loss_scale =  1.0
[2022-11-26 04:35:27.902884] Finished iteration 336, CKPT_AND_STOP: False, flag: tensor([1], dtype=torch.int32), speed: 2696.053
2022-11-26 04:35:27.907467 Begin to save checkpont to s3://spot-checkpoints/bert and exit
Opt ckpt time 3.50519061088562
Process done with return code 0
Parent process ID: 32559 node: 172.31.30.99
24 cutpoints
Stages 1
Micro-bs 8 Max mem: 14622140211.200005
Predicted microbatch size for 1: 8
comm size 0
GPUS_PER_VM=1 /home/ubuntu/varuna/tools/simulator/simulate-varuna 1 5 0 2493369.62890625 0
End of simulation:  Mini-batch time (usec) = 4144382
Min send: 10000000, max send 0
Min long send: 10000000, max long send 0
Min fwd: 10000000, max fwd 0; min bwd 10000000, max bwd 0
Min long fwd: 141043, max long fwd 144458; min long bwd 184920, max long bwd 191040
Time taken by simulation: 43 microseconds

Stages 2
Micro-bs 8 Max mem: 7660942131.200001
Predicted microbatch size for 2: 8
comm size 4194304
WARNING: no send time found, 2 partitions
GPUS_PER_VM=1 /home/ubuntu/varuna/tools/simulator/simulate-varuna 2 9 0 970375.4272460938 248719.58977934244
End of simulation:  Mini-batch time (usec) = 3283515
Min send: 10000000, max send 0
Min long send: 249051, max long send 268766
Min fwd: 79750, max fwd 86627; min bwd 87708, max bwd 94754
Min long fwd: 58189, max long fwd 63385; min long bwd 92867, max long bwd 97330
Time taken by simulation: 182 microseconds

Stages 3
Micro-bs 8 Max mem: 5497876480.0
Predicted microbatch size for 3: 8
comm size 4194304
WARNING: no send time found, 3 partitions
GPUS_PER_VM=1 /home/ubuntu/varuna/tools/simulator/simulate-varuna 3 13 0 485476.6540527344 248719.58977934244
End of simulation:  Mini-batch time (usec) = 3469734
Min send: 10000000, max send 0
Min long send: 248801, max long send 271185
Min fwd: 34426, max fwd 67951; min bwd 53890, max bwd 64826
Min long fwd: 37108, max long fwd 45662; min long bwd 64919, max long bwd 72155
Time taken by simulation: 449 microseconds

Stages 4
Micro-bs 8 Max mem: 4406266675.2
Predicted microbatch size for 4: 8
comm size 4194304
WARNING: no send time found, 4 partitions
GPUS_PER_VM=1 /home/ubuntu/varuna/tools/simulator/simulate-varuna 4 19 0 352272.7355957031 248719.58977934244
End of simulation:  Mini-batch time (usec) = 4275253
Min send: 10000000, max send 0
Min long send: 248773, max long send 273424
Min fwd: 22410, max fwd 61283; min bwd 39748, max bwd 51303
Min long fwd: 29385, max long fwd 37648; min long bwd 47928, max long bwd 54735
Time taken by simulation: 859 microseconds

Stages 6
Micro-bs 8 Max mem: 3314656870.4
Predicted microbatch size for 6: 8
comm size 4194304
WARNING: no send time found, 6 partitions
GPUS_PER_VM=1 /home/ubuntu/varuna/tools/simulator/simulate-varuna 6 26 0 254962.82958984375 248719.58977934244
End of simulation:  Mini-batch time (usec) = 5944030
Min send: 10000000, max send 0
Min long send: 248735, max long send 278723
Min fwd: 10836, max fwd 44441; min bwd 24199, max bwd 35953
Min long fwd: 21303, max long fwd 29429; min long bwd 33298, max long bwd 40795
Time taken by simulation: 1899 microseconds

Stages 8
Micro-bs 8 Max mem: 2758774988.8
Predicted microbatch size for 8: 8
comm size 4194304
WARNING: no send time found, 8 partitions
GPUS_PER_VM=1 /home/ubuntu/varuna/tools/simulator/simulate-varuna 8 43 0 178155.74645996094 248719.58977934244
End of simulation:  Mini-batch time (usec) = 9019309
Min send: 10000000, max send 0
Min long send: 248735, max long send 276940
Min fwd: 5776, max fwd 41014; min bwd 16548, max bwd 29492
Min long fwd: 17309, max long fwd 25772; min long bwd 25282, max long bwd 32088
Time taken by simulation: 4427 microseconds

Stages 12
Micro-bs 8 Max mem: 2202893107.2
Predicted microbatch size for 12: 8
comm size 4194304
WARNING: no send time found, 12 partitions
GPUS_PER_VM=1 /home/ubuntu/varuna/tools/simulator/simulate-varuna 12 64 0 117116.2109375 248719.58977934244
End of simulation:  Mini-batch time (usec) = 13687683
Min send: 10000000, max send 0
Min long send: 248720, max long send 280797
Min fwd: 141, max fwd 25024; min bwd 6433, max bwd 23373
Min long fwd: 7201, max long fwd 18161; min long bwd 16833, max long bwd 28389
Time taken by simulation: 10460 microseconds

{1: 4.144382, 2: 3.283515, 3: 3.469734, 4: 4.275253, 6: 5.94403, 8: 9.019309, 12: 13.687683}
{1: 8, 2: 8, 3: 8, 4: 8, 6: 8, 8: 8, 12: 8}
best config is: 2 8
expected time is 3.283515
15 per stage
30 servers!
Config:
ranks: range(27, 28)
train batch size: 1024
partitions: 2
chunk_size: 8
data depth: 15
stage to rank map: 0,2,4,6,8,10,12,14,16,18,20,22,24,26,28;1,3,5,7,9,11,13,15,17,19,21,23,25,27,29;
World size is 30
/opt/conda/envs/varuna/bin/python -u /home/ubuntu/varuna_examples/DeepLearningExamples/PyTorch/LanguageModeling/BERT/run_pretraining.py --rank=27 --chunk_size=8 --local_rank=0 --stage_to_rank_map=0,2,4,6,8,10,12,14,16,18,20,22,24,26,28;1,3,5,7,9,11,13,15,17,19,21,23,25,27,29; --batch-size=68 --input_dir=/hdf5_lower_case_1_seq_len_128_max_pred_20_masked_lm_prob_0.15_random_seed_12345_dupe_factor_5/wikicorpus_en/ --output_dir=s3://spot-checkpoints/bert --config_file=bert_config.json --bert_model=bert-large-uncased --train_batch_size=1024 --max_seq_length=128 --max_predictions_per_seq=20 --max_steps=7038 --warmup_proportion=0.2843 --num_steps_per_checkpoint=200 --learning_rate=6e-3 --seed=12439 --fp16 --gradient_accumulation_steps=128 --allreduce_post_accumulation --allreduce_post_accumulation_fp16 --do_train --json-summary /home/ubuntu/varuna_examples/DeepLearningExamples/PyTorch/LanguageModeling/BERT/results/dllogger.json --varuna --resume_step 337
device: cuda:0 n_gpu: 1, distributed training: True, 16-bits training: True
dry run time 0.24670147895812988
SHARED WEIGHTS ARE
[(0, 1)]
this rank  27 is part of pipeline replica  13
9 chunks
Begin to load checkpint from s3://spot-checkpoints/bert/ckpt_337.pt
2022-11-26 04:36:38.624666 resume step from  337
2022-11-26 04:37:40.150992 - Finished loading checkpoint, takes 61.497 secs
27 Overflow !!
27 : update_scale(): _has_overflow, dynamic. _loss_scale =  524288.0
[2022-11-26 04:38:06.289650] Finished iteration 337, CKPT_AND_STOP: False, flag: tensor([14], dtype=torch.int32), speed: 4409.257
2022-11-26 04:38:06.295228 Begin to save checkpont to s3://spot-checkpoints/bert and exit
Opt ckpt time 4.10411810874939
Process done with return code 0
Parent process ID: 34061 node: 172.31.30.99
24 cutpoints
Stages 1
Micro-bs 8 Max mem: 14622140211.200005
Predicted microbatch size for 1: 8
comm size 0
GPUS_PER_VM=1 /home/ubuntu/varuna/tools/simulator/simulate-varuna 1 4 0 3598379.5166015625 0
End of simulation:  Mini-batch time (usec) = 4923429
Min send: 10000000, max send 0
Min long send: 10000000, max long send 0
Min fwd: 10000000, max fwd 0; min bwd 10000000, max bwd 0
Min long fwd: 142174, max long fwd 144458; min long bwd 186536, max long bwd 191040
Time taken by simulation: 48 microseconds

Stages 2
Micro-bs 8 Max mem: 7660942131.200001
Predicted microbatch size for 2: 8
comm size 4194304
WARNING: no send time found, 2 partitions
GPUS_PER_VM=1 /home/ubuntu/varuna/tools/simulator/simulate-varuna 2 8 0 954047.119140625 248719.58977934244
End of simulation:  Mini-batch time (usec) = 3096062
Min send: 10000000, max send 0
Min long send: 249051, max long send 268766
Min fwd: 79507, max fwd 86627; min bwd 88131, max bwd 94131
Min long fwd: 58556, max long fwd 63385; min long bwd 92867, max long bwd 97582
Time taken by simulation: 175 microseconds

Stages 3
Micro-bs 8 Max mem: 5497876480.0
Predicted microbatch size for 3: 8
comm size 4194304
WARNING: no send time found, 3 partitions
GPUS_PER_VM=1 /home/ubuntu/varuna/tools/simulator/simulate-varuna 3 13 0 485476.6540527344 248719.58977934244
End of simulation:  Mini-batch time (usec) = 3469734
Min send: 10000000, max send 0
Min long send: 248801, max long send 271185
Min fwd: 34426, max fwd 67951; min bwd 53890, max bwd 64826
Min long fwd: 37108, max long fwd 45662; min long bwd 64919, max long bwd 72155
Time taken by simulation: 424 microseconds

Stages 4
Micro-bs 8 Max mem: 4406266675.2
Predicted microbatch size for 4: 8
comm size 4194304
WARNING: no send time found, 4 partitions
GPUS_PER_VM=1 /home/ubuntu/varuna/tools/simulator/simulate-varuna 4 16 0 364488.09814453125 248719.58977934244
End of simulation:  Mini-batch time (usec) = 3900556
Min send: 10000000, max send 0
Min long send: 248773, max long send 273424
Min fwd: 20622, max fwd 60312; min bwd 40311, max bwd 50179
Min long fwd: 29744, max long fwd 36491; min long bwd 47928, max long bwd 56568
Time taken by simulation: 725 microseconds

Stages 6
Micro-bs 8 Max mem: 3314656870.4
Predicted microbatch size for 6: 8
comm size 4194304
WARNING: no send time found, 6 partitions
GPUS_PER_VM=1 /home/ubuntu/varuna/tools/simulator/simulate-varuna 6 26 0 254962.82958984375 248719.58977934244
End of simulation:  Mini-batch time (usec) = 5944030
Min send: 10000000, max send 0
Min long send: 248735, max long send 278723
Min fwd: 10836, max fwd 44441; min bwd 24199, max bwd 35953
Min long fwd: 21303, max long fwd 29429; min long bwd 33298, max long bwd 40795
Time taken by simulation: 1967 microseconds

Stages 8
Micro-bs 8 Max mem: 2758774988.8
Predicted microbatch size for 8: 8
comm size 4194304
WARNING: no send time found, 8 partitions
GPUS_PER_VM=1 /home/ubuntu/varuna/tools/simulator/simulate-varuna 8 32 0 244280.30395507812 248719.58977934244
End of simulation:  Mini-batch time (usec) = 7674225
Min send: 10000000, max send 0
Min long send: 248719, max long send 278723
Min fwd: 6779, max fwd 41103; min bwd 15994, max bwd 28589
Min long fwd: 18906, max long fwd 26091; min long bwd 25267, max long bwd 32480
Time taken by simulation: 3257 microseconds

Stages 12
Micro-bs 8 Max mem: 2202893107.2
Predicted microbatch size for 12: 8
comm size 4194304
WARNING: no send time found, 12 partitions
GPUS_PER_VM=1 /home/ubuntu/varuna/tools/simulator/simulate-varuna 12 64 0 117116.2109375 248719.58977934244
End of simulation:  Mini-batch time (usec) = 13687683
Min send: 10000000, max send 0
Min long send: 248720, max long send 280797
Min fwd: 141, max fwd 25024; min bwd 6433, max bwd 23373
Min long fwd: 7201, max long fwd 18161; min long bwd 16833, max long bwd 28389
Time taken by simulation: 10518 microseconds

{1: 4.923429, 2: 3.096062, 3: 3.469734, 4: 3.900556, 6: 5.94403, 8: 7.674225, 12: 13.687683}
{1: 8, 2: 8, 3: 8, 4: 8, 6: 8, 8: 8, 12: 8}
best config is: 2 8
expected time is 3.096062
16 per stage
32 servers!
Config:
ranks: range(27, 28)
train batch size: 1024
partitions: 2
chunk_size: 8
data depth: 16
stage to rank map: 0,2,4,6,8,10,12,14,16,18,20,22,24,26,28,30;1,3,5,7,9,11,13,15,17,19,21,23,25,27,29,31;
World size is 32
/opt/conda/envs/varuna/bin/python -u /home/ubuntu/varuna_examples/DeepLearningExamples/PyTorch/LanguageModeling/BERT/run_pretraining.py --rank=27 --chunk_size=8 --local_rank=0 --stage_to_rank_map=0,2,4,6,8,10,12,14,16,18,20,22,24,26,28,30;1,3,5,7,9,11,13,15,17,19,21,23,25,27,29,31; --batch-size=64 --input_dir=/hdf5_lower_case_1_seq_len_128_max_pred_20_masked_lm_prob_0.15_random_seed_12345_dupe_factor_5/wikicorpus_en/ --output_dir=s3://spot-checkpoints/bert --config_file=bert_config.json --bert_model=bert-large-uncased --train_batch_size=1024 --max_seq_length=128 --max_predictions_per_seq=20 --max_steps=7038 --warmup_proportion=0.2843 --num_steps_per_checkpoint=200 --learning_rate=6e-3 --seed=12439 --fp16 --gradient_accumulation_steps=128 --allreduce_post_accumulation --allreduce_post_accumulation_fp16 --do_train --json-summary /home/ubuntu/varuna_examples/DeepLearningExamples/PyTorch/LanguageModeling/BERT/results/dllogger.json --varuna --resume_step 338
device: cuda:0 n_gpu: 1, distributed training: True, 16-bits training: True
dry run time 0.2051377296447754
SHARED WEIGHTS ARE
[(0, 1)]
this rank  27 is part of pipeline replica  13
8 chunks
Begin to load checkpint from s3://spot-checkpoints/bert/ckpt_338.pt
2022-11-26 04:38:37.601707 resume step from  338
2022-11-26 04:39:34.222840 - Finished loading checkpoint, takes 56.593 secs
27 Overflow !!
27 : update_scale(): _has_overflow, dynamic. _loss_scale =  524288.0
[2022-11-26 04:40:09.759174] Finished iteration 338, CKPT_AND_STOP: False, flag: tensor([0], dtype=torch.int32), speed: 5334.924
27 Overflow !!
27 : update_scale(): _has_overflow, dynamic. _loss_scale =  262144.0
[2022-11-26 04:40:12.947285] Finished iteration 339, CKPT_AND_STOP: False, flag: tensor([0], dtype=torch.int32), speed: 3187.833
27 Overflow !!
27 : update_scale(): _has_overflow, dynamic. _loss_scale =  131072.0
[2022-11-26 04:40:16.102081] Finished iteration 340, CKPT_AND_STOP: False, flag: tensor([0], dtype=torch.int32), speed: 3154.754
27 Overflow !!
27 : update_scale(): _has_overflow, dynamic. _loss_scale =  65536.0
[2022-11-26 04:40:19.255532] Finished iteration 341, CKPT_AND_STOP: False, flag: tensor([0], dtype=torch.int32), speed: 3153.451
27 Overflow !!
27 : update_scale(): _has_overflow, dynamic. _loss_scale =  32768.0
[2022-11-26 04:40:21.410266] Finished iteration 342, CKPT_AND_STOP: False, flag: tensor([0], dtype=torch.int32), speed: 2154.630
27 Overflow !!
27 : update_scale(): _has_overflow, dynamic. _loss_scale =  16384.0
[2022-11-26 04:40:23.555274] Finished iteration 343, CKPT_AND_STOP: False, flag: tensor([0], dtype=torch.int32), speed: 2144.984
27 Overflow !!
27 : update_scale(): _has_overflow, dynamic. _loss_scale =  8192.0
[2022-11-26 04:40:25.708854] Finished iteration 344, CKPT_AND_STOP: False, flag: tensor([0], dtype=torch.int32), speed: 2153.549
27 Overflow !!
27 : update_scale(): _has_overflow, dynamic. _loss_scale =  4096.0
[2022-11-26 04:40:27.928309] Finished iteration 345, CKPT_AND_STOP: False, flag: tensor([0], dtype=torch.int32), speed: 2219.439
27 Overflow !!
27 : update_scale(): _has_overflow, dynamic. _loss_scale =  2048.0
[2022-11-26 04:40:30.074347] Finished iteration 346, CKPT_AND_STOP: False, flag: tensor([0], dtype=torch.int32), speed: 2146.005
27 Overflow !!
27 : update_scale(): _has_overflow, dynamic. _loss_scale =  1024.0
[2022-11-26 04:40:32.266793] Finished iteration 347, CKPT_AND_STOP: False, flag: tensor([0], dtype=torch.int32), speed: 2192.405
27 Overflow !!
27 : update_scale(): _has_overflow, dynamic. _loss_scale =  512.0
[2022-11-26 04:40:34.448476] Finished iteration 348, CKPT_AND_STOP: False, flag: tensor([0], dtype=torch.int32), speed: 2181.656
27 Overflow !!
27 : update_scale(): _has_overflow, dynamic. _loss_scale =  256.0
[2022-11-26 04:40:36.633057] Finished iteration 349, CKPT_AND_STOP: False, flag: tensor([0], dtype=torch.int32), speed: 2184.556
27 Overflow !!
27 : update_scale(): _has_overflow, dynamic. _loss_scale =  128.0
[2022-11-26 04:40:38.817754] Finished iteration 350, CKPT_AND_STOP: False, flag: tensor([0], dtype=torch.int32), speed: 2184.660
27 Overflow !!
27 : update_scale(): _has_overflow, dynamic. _loss_scale =  64.0
[2022-11-26 04:40:40.959027] Finished iteration 351, CKPT_AND_STOP: False, flag: tensor([0], dtype=torch.int32), speed: 2141.245
27 Overflow !!
27 : update_scale(): _has_overflow, dynamic. _loss_scale =  32.0
[2022-11-26 04:40:43.119007] Finished iteration 352, CKPT_AND_STOP: False, flag: tensor([0], dtype=torch.int32), speed: 2159.948
27 Overflow !!
27 : update_scale(): _has_overflow, dynamic. _loss_scale =  16.0
[2022-11-26 04:40:45.260878] Finished iteration 353, CKPT_AND_STOP: False, flag: tensor([0], dtype=torch.int32), speed: 2141.849
27 Overflow !!
27 : update_scale(): _has_overflow, dynamic. _loss_scale =  8.0
[2022-11-26 04:40:47.391240] Finished iteration 354, CKPT_AND_STOP: False, flag: tensor([0], dtype=torch.int32), speed: 2130.328
27 Overflow !!
27 : update_scale(): _has_overflow, dynamic. _loss_scale =  4.0
[2022-11-26 04:40:49.531714] Finished iteration 355, CKPT_AND_STOP: False, flag: tensor([0], dtype=torch.int32), speed: 2140.443
27 Overflow !!
27 : update_scale(): _has_overflow, dynamic. _loss_scale =  2.0
[2022-11-26 04:40:51.692046] Finished iteration 356, CKPT_AND_STOP: False, flag: tensor([0], dtype=torch.int32), speed: 2160.299
27 Overflow !!
27 : update_scale(): _has_overflow, dynamic. _loss_scale =  1.0
[2022-11-26 04:40:53.873597] Finished iteration 357, CKPT_AND_STOP: False, flag: tensor([0], dtype=torch.int32), speed: 2181.500
27 Overflow !!
27 : update_scale(): _has_overflow, dynamic. _loss_scale =  1.0
[2022-11-26 04:40:56.059084] Finished iteration 358, CKPT_AND_STOP: False, flag: tensor([0], dtype=torch.int32), speed: 2185.459
27 Overflow !!
27 : update_scale(): _has_overflow, dynamic. _loss_scale =  1.0
[2022-11-26 04:40:58.227326] Finished iteration 359, CKPT_AND_STOP: False, flag: tensor([0], dtype=torch.int32), speed: 2168.207
27 Overflow !!
27 : update_scale(): _has_overflow, dynamic. _loss_scale =  1.0
[2022-11-26 04:41:00.422224] Finished iteration 360, CKPT_AND_STOP: False, flag: tensor([0], dtype=torch.int32), speed: 2194.880
27 Overflow !!
27 : update_scale(): _has_overflow, dynamic. _loss_scale =  1.0
[2022-11-26 04:41:02.584425] Finished iteration 361, CKPT_AND_STOP: False, flag: tensor([0], dtype=torch.int32), speed: 2162.170
27 Overflow !!
27 : update_scale(): _has_overflow, dynamic. _loss_scale =  1.0
[2022-11-26 04:41:04.781219] Finished iteration 362, CKPT_AND_STOP: False, flag: tensor([0], dtype=torch.int32), speed: 2196.759
27 Overflow !!
27 : update_scale(): _has_overflow, dynamic. _loss_scale =  1.0
[2022-11-26 04:41:06.933144] Finished iteration 363, CKPT_AND_STOP: False, flag: tensor([0], dtype=torch.int32), speed: 2151.894
27 Overflow !!
27 : update_scale(): _has_overflow, dynamic. _loss_scale =  1.0
[2022-11-26 04:41:09.111990] Finished iteration 364, CKPT_AND_STOP: False, flag: tensor([0], dtype=torch.int32), speed: 2178.802
27 Overflow !!
27 : update_scale(): _has_overflow, dynamic. _loss_scale =  1.0
[2022-11-26 04:41:11.269021] Finished iteration 365, CKPT_AND_STOP: False, flag: tensor([0], dtype=torch.int32), speed: 2157.011
27 Overflow !!
27 : update_scale(): _has_overflow, dynamic. _loss_scale =  1.0
[2022-11-26 04:41:13.425511] Finished iteration 366, CKPT_AND_STOP: False, flag: tensor([0], dtype=torch.int32), speed: 2156.466
27 Overflow !!
27 : update_scale(): _has_overflow, dynamic. _loss_scale =  1.0
[2022-11-26 04:41:15.919372] Finished iteration 367, CKPT_AND_STOP: False, flag: tensor([0], dtype=torch.int32), speed: 2493.836
27 Overflow !!
27 : update_scale(): _has_overflow, dynamic. _loss_scale =  1.0
[2022-11-26 04:41:18.129664] Finished iteration 368, CKPT_AND_STOP: False, flag: tensor([0], dtype=torch.int32), speed: 2210.275
27 Overflow !!
27 : update_scale(): _has_overflow, dynamic. _loss_scale =  1.0
[2022-11-26 04:41:20.384895] Finished iteration 369, CKPT_AND_STOP: False, flag: tensor([0], dtype=torch.int32), speed: 2255.185
27 Overflow !!
27 : update_scale(): _has_overflow, dynamic. _loss_scale =  1.0
[2022-11-26 04:41:22.522258] Finished iteration 370, CKPT_AND_STOP: False, flag: tensor([0], dtype=torch.int32), speed: 2137.339
27 Overflow !!
27 : update_scale(): _has_overflow, dynamic. _loss_scale =  1.0
[2022-11-26 04:41:24.729703] Finished iteration 371, CKPT_AND_STOP: False, flag: tensor([0], dtype=torch.int32), speed: 2207.412
27 Overflow !!
27 : update_scale(): _has_overflow, dynamic. _loss_scale =  1.0
[2022-11-26 04:41:26.895145] Finished iteration 372, CKPT_AND_STOP: False, flag: tensor([0], dtype=torch.int32), speed: 2165.410
27 Overflow !!
27 : update_scale(): _has_overflow, dynamic. _loss_scale =  1.0
[2022-11-26 04:41:29.093737] Finished iteration 373, CKPT_AND_STOP: False, flag: tensor([0], dtype=torch.int32), speed: 2198.579
27 Overflow !!
27 : update_scale(): _has_overflow, dynamic. _loss_scale =  1.0
[2022-11-26 04:41:31.336416] Finished iteration 374, CKPT_AND_STOP: False, flag: tensor([0], dtype=torch.int32), speed: 2242.628
27 Overflow !!
27 : update_scale(): _has_overflow, dynamic. _loss_scale =  1.0
[2022-11-26 04:41:33.473391] Finished iteration 375, CKPT_AND_STOP: False, flag: tensor([0], dtype=torch.int32), speed: 2136.946
27 Overflow !!
27 : update_scale(): _has_overflow, dynamic. _loss_scale =  1.0
[2022-11-26 04:41:35.671834] Finished iteration 376, CKPT_AND_STOP: False, flag: tensor([0], dtype=torch.int32), speed: 2198.427
27 Overflow !!
27 : update_scale(): _has_overflow, dynamic. _loss_scale =  1.0
[2022-11-26 04:41:37.824739] Finished iteration 377, CKPT_AND_STOP: False, flag: tensor([0], dtype=torch.int32), speed: 2152.879
27 Overflow !!
27 : update_scale(): _has_overflow, dynamic. _loss_scale =  1.0
[2022-11-26 04:41:40.016891] Finished iteration 378, CKPT_AND_STOP: False, flag: tensor([0], dtype=torch.int32), speed: 2192.118
27 Overflow !!
27 : update_scale(): _has_overflow, dynamic. _loss_scale =  1.0
[2022-11-26 04:41:42.400467] Finished iteration 379, CKPT_AND_STOP: False, flag: tensor([0], dtype=torch.int32), speed: 2383.543
27 Overflow !!
27 : update_scale(): _has_overflow, dynamic. _loss_scale =  1.0
[2022-11-26 04:41:44.556092] Finished iteration 380, CKPT_AND_STOP: False, flag: tensor([0], dtype=torch.int32), speed: 2155.620
27 Overflow !!
27 : update_scale(): _has_overflow, dynamic. _loss_scale =  1.0
[2022-11-26 04:41:46.750215] Finished iteration 381, CKPT_AND_STOP: False, flag: tensor([0], dtype=torch.int32), speed: 2194.076
27 Overflow !!
27 : update_scale(): _has_overflow, dynamic. _loss_scale =  1.0
[2022-11-26 04:41:48.890921] Finished iteration 382, CKPT_AND_STOP: False, flag: tensor([0], dtype=torch.int32), speed: 2140.668
27 Overflow !!
27 : update_scale(): _has_overflow, dynamic. _loss_scale =  1.0
[2022-11-26 04:41:51.028410] Finished iteration 383, CKPT_AND_STOP: False, flag: tensor([0], dtype=torch.int32), speed: 2137.464
27 Overflow !!
27 : update_scale(): _has_overflow, dynamic. _loss_scale =  1.0
[2022-11-26 04:41:53.228078] Finished iteration 384, CKPT_AND_STOP: False, flag: tensor([0], dtype=torch.int32), speed: 2199.654
27 Overflow !!
27 : update_scale(): _has_overflow, dynamic. _loss_scale =  1.0
[2022-11-26 04:41:55.425052] Finished iteration 385, CKPT_AND_STOP: False, flag: tensor([0], dtype=torch.int32), speed: 2196.944
27 Overflow !!
27 : update_scale(): _has_overflow, dynamic. _loss_scale =  1.0
[2022-11-26 04:41:57.617038] Finished iteration 386, CKPT_AND_STOP: False, flag: tensor([0], dtype=torch.int32), speed: 2191.957
27 Overflow !!
27 : update_scale(): _has_overflow, dynamic. _loss_scale =  1.0
[2022-11-26 04:41:59.816831] Finished iteration 387, CKPT_AND_STOP: False, flag: tensor([0], dtype=torch.int32), speed: 2199.755
27 Overflow !!
27 : update_scale(): _has_overflow, dynamic. _loss_scale =  1.0
[2022-11-26 04:42:01.973672] Finished iteration 388, CKPT_AND_STOP: False, flag: tensor([0], dtype=torch.int32), speed: 2156.816
27 Overflow !!
27 : update_scale(): _has_overflow, dynamic. _loss_scale =  1.0
[2022-11-26 04:42:04.333635] Finished iteration 389, CKPT_AND_STOP: False, flag: tensor([0], dtype=torch.int32), speed: 2359.927
27 Overflow !!
27 : update_scale(): _has_overflow, dynamic. _loss_scale =  1.0
[2022-11-26 04:42:06.814268] Finished iteration 390, CKPT_AND_STOP: False, flag: tensor([0], dtype=torch.int32), speed: 2480.598
27 Overflow !!
27 : update_scale(): _has_overflow, dynamic. _loss_scale =  1.0
[2022-11-26 04:42:08.974940] Finished iteration 391, CKPT_AND_STOP: False, flag: tensor([0], dtype=torch.int32), speed: 2160.639
27 Overflow !!
27 : update_scale(): _has_overflow, dynamic. _loss_scale =  1.0
[2022-11-26 04:42:11.127809] Finished iteration 392, CKPT_AND_STOP: False, flag: tensor([0], dtype=torch.int32), speed: 2152.844
27 Overflow !!
27 : update_scale(): _has_overflow, dynamic. _loss_scale =  1.0
[2022-11-26 04:42:13.297039] Finished iteration 393, CKPT_AND_STOP: False, flag: tensor([0], dtype=torch.int32), speed: 2169.196
27 Overflow !!
27 : update_scale(): _has_overflow, dynamic. _loss_scale =  1.0
[2022-11-26 04:42:15.463376] Finished iteration 394, CKPT_AND_STOP: False, flag: tensor([0], dtype=torch.int32), speed: 2166.312
27 Overflow !!
27 : update_scale(): _has_overflow, dynamic. _loss_scale =  1.0
[2022-11-26 04:42:17.670246] Finished iteration 395, CKPT_AND_STOP: False, flag: tensor([0], dtype=torch.int32), speed: 2206.850
27 Overflow !!
27 : update_scale(): _has_overflow, dynamic. _loss_scale =  1.0
[2022-11-26 04:42:19.895231] Finished iteration 396, CKPT_AND_STOP: False, flag: tensor([0], dtype=torch.int32), speed: 2224.945
27 Overflow !!
27 : update_scale(): _has_overflow, dynamic. _loss_scale =  1.0
[2022-11-26 04:42:22.081766] Finished iteration 397, CKPT_AND_STOP: False, flag: tensor([0], dtype=torch.int32), speed: 2186.511
27 Overflow !!
27 : update_scale(): _has_overflow, dynamic. _loss_scale =  1.0
[2022-11-26 04:42:24.265181] Finished iteration 398, CKPT_AND_STOP: False, flag: tensor([0], dtype=torch.int32), speed: 2183.393
27 Overflow !!
27 : update_scale(): _has_overflow, dynamic. _loss_scale =  1.0
[2022-11-26 04:42:26.395417] Finished iteration 399, CKPT_AND_STOP: False, flag: tensor([0], dtype=torch.int32), speed: 2130.199
27 Overflow !!
27 : update_scale(): _has_overflow, dynamic. _loss_scale =  1.0
[2022-11-26 04:42:28.603159] Finished iteration 400, CKPT_AND_STOP: False, flag: tensor([0], dtype=torch.int32), speed: 2207.731
27 Overflow !!
27 : update_scale(): _has_overflow, dynamic. _loss_scale =  1.0
[2022-11-26 04:42:30.798541] Finished iteration 401, CKPT_AND_STOP: False, flag: tensor([0], dtype=torch.int32), speed: 2195.332
27 Overflow !!
27 : update_scale(): _has_overflow, dynamic. _loss_scale =  1.0
[2022-11-26 04:42:33.004714] Finished iteration 402, CKPT_AND_STOP: False, flag: tensor([0], dtype=torch.int32), speed: 2206.157
27 Overflow !!
27 : update_scale(): _has_overflow, dynamic. _loss_scale =  1.0
[2022-11-26 04:42:35.170776] Finished iteration 403, CKPT_AND_STOP: False, flag: tensor([0], dtype=torch.int32), speed: 2166.044
27 Overflow !!
27 : update_scale(): _has_overflow, dynamic. _loss_scale =  1.0
[2022-11-26 04:42:37.329214] Finished iteration 404, CKPT_AND_STOP: False, flag: tensor([0], dtype=torch.int32), speed: 2158.408
27 Overflow !!
27 : update_scale(): _has_overflow, dynamic. _loss_scale =  1.0
[2022-11-26 04:42:39.495719] Finished iteration 405, CKPT_AND_STOP: False, flag: tensor([0], dtype=torch.int32), speed: 2166.472
27 Overflow !!
27 : update_scale(): _has_overflow, dynamic. _loss_scale =  1.0
[2022-11-26 04:42:41.669682] Finished iteration 406, CKPT_AND_STOP: False, flag: tensor([0], dtype=torch.int32), speed: 2173.933
27 Overflow !!
27 : update_scale(): _has_overflow, dynamic. _loss_scale =  1.0
[2022-11-26 04:42:43.887828] Finished iteration 407, CKPT_AND_STOP: False, flag: tensor([0], dtype=torch.int32), speed: 2218.116
27 Overflow !!
27 : update_scale(): _has_overflow, dynamic. _loss_scale =  1.0
[2022-11-26 04:42:46.067492] Finished iteration 408, CKPT_AND_STOP: False, flag: tensor([0], dtype=torch.int32), speed: 2179.626
27 Overflow !!
27 : update_scale(): _has_overflow, dynamic. _loss_scale =  1.0
[2022-11-26 04:42:48.276388] Finished iteration 409, CKPT_AND_STOP: False, flag: tensor([0], dtype=torch.int32), speed: 2208.873
27 Overflow !!
27 : update_scale(): _has_overflow, dynamic. _loss_scale =  1.0
[2022-11-26 04:42:50.447533] Finished iteration 410, CKPT_AND_STOP: False, flag: tensor([0], dtype=torch.int32), speed: 2171.104
27 Overflow !!
27 : update_scale(): _has_overflow, dynamic. _loss_scale =  1.0
[2022-11-26 04:42:52.665246] Finished iteration 411, CKPT_AND_STOP: False, flag: tensor([0], dtype=torch.int32), speed: 2217.697
27 Overflow !!
27 : update_scale(): _has_overflow, dynamic. _loss_scale =  1.0
[2022-11-26 04:42:54.869105] Finished iteration 412, CKPT_AND_STOP: False, flag: tensor([0], dtype=torch.int32), speed: 2203.831
27 Overflow !!
27 : update_scale(): _has_overflow, dynamic. _loss_scale =  1.0
[2022-11-26 04:42:57.054740] Finished iteration 413, CKPT_AND_STOP: False, flag: tensor([0], dtype=torch.int32), speed: 2185.601
27 Overflow !!
27 : update_scale(): _has_overflow, dynamic. _loss_scale =  1.0
[2022-11-26 04:42:59.288146] Finished iteration 414, CKPT_AND_STOP: False, flag: tensor([0], dtype=torch.int32), speed: 2233.396
27 Overflow !!
27 : update_scale(): _has_overflow, dynamic. _loss_scale =  1.0
[2022-11-26 04:43:01.439032] Finished iteration 415, CKPT_AND_STOP: False, flag: tensor([0], dtype=torch.int32), speed: 2150.845
27 Overflow !!
27 : update_scale(): _has_overflow, dynamic. _loss_scale =  1.0
[2022-11-26 04:43:03.698263] Finished iteration 416, CKPT_AND_STOP: False, flag: tensor([0], dtype=torch.int32), speed: 2259.192
27 Overflow !!
27 : update_scale(): _has_overflow, dynamic. _loss_scale =  1.0
[2022-11-26 04:43:05.895932] Finished iteration 417, CKPT_AND_STOP: False, flag: tensor([0], dtype=torch.int32), speed: 2197.658
27 Overflow !!
27 : update_scale(): _has_overflow, dynamic. _loss_scale =  1.0
[2022-11-26 04:43:08.078068] Finished iteration 418, CKPT_AND_STOP: False, flag: tensor([0], dtype=torch.int32), speed: 2182.089
27 Overflow !!
27 : update_scale(): _has_overflow, dynamic. _loss_scale =  1.0
[2022-11-26 04:43:10.233359] Finished iteration 419, CKPT_AND_STOP: False, flag: tensor([0], dtype=torch.int32), speed: 2155.269
27 Overflow !!
27 : update_scale(): _has_overflow, dynamic. _loss_scale =  1.0
[2022-11-26 04:43:12.438405] Finished iteration 420, CKPT_AND_STOP: False, flag: tensor([0], dtype=torch.int32), speed: 2205.012
27 Overflow !!
27 : update_scale(): _has_overflow, dynamic. _loss_scale =  1.0
[2022-11-26 04:43:14.573818] Finished iteration 421, CKPT_AND_STOP: False, flag: tensor([0], dtype=torch.int32), speed: 2135.384
27 Overflow !!
27 : update_scale(): _has_overflow, dynamic. _loss_scale =  1.0
[2022-11-26 04:43:16.795692] Finished iteration 422, CKPT_AND_STOP: False, flag: tensor([0], dtype=torch.int32), speed: 2221.839
27 Overflow !!
27 : update_scale(): _has_overflow, dynamic. _loss_scale =  1.0
[2022-11-26 04:43:19.003904] Finished iteration 423, CKPT_AND_STOP: False, flag: tensor([0], dtype=torch.int32), speed: 2208.180
27 Overflow !!
27 : update_scale(): _has_overflow, dynamic. _loss_scale =  1.0
[2022-11-26 04:43:21.193428] Finished iteration 424, CKPT_AND_STOP: False, flag: tensor([0], dtype=torch.int32), speed: 2189.493
27 Overflow !!
27 : update_scale(): _has_overflow, dynamic. _loss_scale =  1.0
[2022-11-26 04:43:23.377015] Finished iteration 425, CKPT_AND_STOP: False, flag: tensor([0], dtype=torch.int32), speed: 2183.563
27 Overflow !!
27 : update_scale(): _has_overflow, dynamic. _loss_scale =  1.0
[2022-11-26 04:43:25.549179] Finished iteration 426, CKPT_AND_STOP: False, flag: tensor([0], dtype=torch.int32), speed: 2172.137
27 Overflow !!
27 : update_scale(): _has_overflow, dynamic. _loss_scale =  1.0
[2022-11-26 04:43:27.736422] Finished iteration 427, CKPT_AND_STOP: False, flag: tensor([1], dtype=torch.int32), speed: 2187.233
2022-11-26 04:43:27.741061 Begin to save checkpont to s3://spot-checkpoints/bert and exit
Opt ckpt time 3.708714485168457
Process done with return code 0
Parent process ID: 16969 node: 172.31.28.16
24 cutpoints
Stages 1
Micro-bs 8 Max mem: 14622140211.200005
Predicted microbatch size for 1: 8
comm size 0
GPUS_PER_VM=1 /home/ubuntu/varuna/tools/simulator/simulate-varuna 1 5 0 2493369.62890625 0
End of simulation:  Mini-batch time (usec) = 4144382
Min send: 10000000, max send 0
Min long send: 10000000, max long send 0
Min fwd: 10000000, max fwd 0; min bwd 10000000, max bwd 0
Min long fwd: 141043, max long fwd 144458; min long bwd 184920, max long bwd 191040
Time taken by simulation: 46 microseconds

Stages 2
Micro-bs 8 Max mem: 7660942131.200001
Predicted microbatch size for 2: 8
comm size 4194304
WARNING: no send time found, 2 partitions
GPUS_PER_VM=1 /home/ubuntu/varuna/tools/simulator/simulate-varuna 2 10 0 892117.1264648438 248719.58977934244
End of simulation:  Mini-batch time (usec) = 3456563
Min send: 10000000, max send 0
Min long send: 249051, max long send 264414
Min fwd: 78473, max fwd 86627; min bwd 87174, max bwd 96382
Min long fwd: 58631, max long fwd 64048; min long bwd 93560, max long bwd 98662
Time taken by simulation: 192 microseconds

Stages 3
Micro-bs 8 Max mem: 5497876480.0
Predicted microbatch size for 3: 8
comm size 4194304
WARNING: no send time found, 3 partitions
GPUS_PER_VM=1 /home/ubuntu/varuna/tools/simulator/simulate-varuna 3 15 0 476084.3811035156 248719.58977934244
End of simulation:  Mini-batch time (usec) = 3889823
Min send: 10000000, max send 0
Min long send: 248907, max long send 271185
Min fwd: 34426, max fwd 67951; min bwd 54355, max bwd 65681
Min long fwd: 38932, max long fwd 44034; min long bwd 64405, max long bwd 71935
Time taken by simulation: 506 microseconds

Stages 4
Micro-bs 8 Max mem: 4406266675.2
Predicted microbatch size for 4: 8
comm size 4194304
WARNING: no send time found, 4 partitions
GPUS_PER_VM=1 /home/ubuntu/varuna/tools/simulator/simulate-varuna 4 19 0 352272.7355957031 248719.58977934244
End of simulation:  Mini-batch time (usec) = 4275253
Min send: 10000000, max send 0
Min long send: 248773, max long send 273424
Min fwd: 22410, max fwd 61283; min bwd 39748, max bwd 51303
Min long fwd: 29385, max long fwd 37648; min long bwd 47928, max long bwd 54735
Time taken by simulation: 859 microseconds

Stages 6
Micro-bs 8 Max mem: 3314656870.4
Predicted microbatch size for 6: 8
comm size 4194304
WARNING: no send time found, 6 partitions
GPUS_PER_VM=1 /home/ubuntu/varuna/tools/simulator/simulate-varuna 6 32 0 233226.318359375 248719.58977934244
End of simulation:  Mini-batch time (usec) = 6680183
Min send: 10000000, max send 0
Min long send: 248719, max long send 275881
Min fwd: 10965, max fwd 44004; min bwd 19992, max bwd 36467
Min long fwd: 22115, max long fwd 30954; min long bwd 32578, max long bwd 40795
Time taken by simulation: 2334 microseconds

Stages 8
Micro-bs 8 Max mem: 2758774988.8
Predicted microbatch size for 8: 8
comm size 4194304
WARNING: no send time found, 8 partitions
GPUS_PER_VM=1 /home/ubuntu/varuna/tools/simulator/simulate-varuna 8 43 0 178155.74645996094 248719.58977934244
End of simulation:  Mini-batch time (usec) = 9019309
Min send: 10000000, max send 0
Min long send: 248735, max long send 276940
Min fwd: 5776, max fwd 41014; min bwd 16548, max bwd 29492
Min long fwd: 17309, max long fwd 25772; min long bwd 25282, max long bwd 32088
Time taken by simulation: 4435 microseconds

Stages 12
Micro-bs 8 Max mem: 2202893107.2
Predicted microbatch size for 12: 8
comm size 4194304
WARNING: no send time found, 12 partitions
GPUS_PER_VM=1 /home/ubuntu/varuna/tools/simulator/simulate-varuna 12 64 0 117116.2109375 248719.58977934244
End of simulation:  Mini-batch time (usec) = 13687683
Min send: 10000000, max send 0
Min long send: 248720, max long send 280797
Min fwd: 141, max fwd 25024; min bwd 6433, max bwd 23373
Min long fwd: 7201, max long fwd 18161; min long bwd 16833, max long bwd 28389
Time taken by simulation: 10503 microseconds

{1: 4.144382, 2: 3.456563, 3: 3.889823, 4: 4.275253, 6: 6.680183, 8: 9.019309, 12: 13.687683}
{1: 8, 2: 8, 3: 8, 4: 8, 6: 8, 8: 8, 12: 8}
best config is: 2 8
expected time is 3.456563
14 per stage
28 servers!
Config:
ranks: range(27, 28)
train batch size: 1024
partitions: 2
chunk_size: 8
data depth: 14
stage to rank map: 0,2,4,6,8,10,12,14,16,18,20,22,24,26;1,3,5,7,9,11,13,15,17,19,21,23,25,27;
World size is 28
/opt/conda/envs/varuna/bin/python -u /home/ubuntu/varuna_examples/DeepLearningExamples/PyTorch/LanguageModeling/BERT/run_pretraining.py --rank=27 --chunk_size=8 --local_rank=0 --stage_to_rank_map=0,2,4,6,8,10,12,14,16,18,20,22,24,26;1,3,5,7,9,11,13,15,17,19,21,23,25,27; --batch-size=73 --input_dir=/hdf5_lower_case_1_seq_len_128_max_pred_20_masked_lm_prob_0.15_random_seed_12345_dupe_factor_5/wikicorpus_en/ --output_dir=s3://spot-checkpoints/bert --config_file=bert_config.json --bert_model=bert-large-uncased --train_batch_size=1024 --max_seq_length=128 --max_predictions_per_seq=20 --max_steps=7038 --warmup_proportion=0.2843 --num_steps_per_checkpoint=200 --learning_rate=6e-3 --seed=12439 --fp16 --gradient_accumulation_steps=128 --allreduce_post_accumulation --allreduce_post_accumulation_fp16 --do_train --json-summary /home/ubuntu/varuna_examples/DeepLearningExamples/PyTorch/LanguageModeling/BERT/results/dllogger.json --varuna --resume_step 428
