Parent process ID: 1935 node: 172.31.25.155
24 cutpoints
Stages 1
Micro-bs 8 Max mem: 14622140211.200005
Predicted microbatch size for 1: 8
comm size 0
GPUS_PER_VM=1 /home/ubuntu/varuna/tools/simulator/simulate-varuna 1 4 0 3598379.5166015625 0
End of simulation:  Mini-batch time (usec) = 4923429
Min send: 10000000, max send 0
Min long send: 10000000, max long send 0
Min fwd: 10000000, max fwd 0; min bwd 10000000, max bwd 0
Min long fwd: 142174, max long fwd 144458; min long bwd 186536, max long bwd 191040
Time taken by simulation: 48 microseconds

Stages 2
Micro-bs 8 Max mem: 7660942131.200001
Predicted microbatch size for 2: 8
comm size 4194304
WARNING: no send time found, 2 partitions
GPUS_PER_VM=1 /home/ubuntu/varuna/tools/simulator/simulate-varuna 2 8 0 954047.119140625 248719.58977934244
End of simulation:  Mini-batch time (usec) = 3096062
Min send: 10000000, max send 0
Min long send: 249051, max long send 268766
Min fwd: 79507, max fwd 86627; min bwd 88131, max bwd 94131
Min long fwd: 58556, max long fwd 63385; min long bwd 92867, max long bwd 97582
Time taken by simulation: 168 microseconds

Stages 3
Micro-bs 8 Max mem: 5497876480.0
Predicted microbatch size for 3: 8
comm size 4194304
WARNING: no send time found, 3 partitions
GPUS_PER_VM=1 /home/ubuntu/varuna/tools/simulator/simulate-varuna 3 13 0 485476.6540527344 248719.58977934244
End of simulation:  Mini-batch time (usec) = 3469734
Min send: 10000000, max send 0
Min long send: 248801, max long send 271185
Min fwd: 34426, max fwd 67951; min bwd 53890, max bwd 64826
Min long fwd: 37108, max long fwd 45662; min long bwd 64919, max long bwd 72155
Time taken by simulation: 421 microseconds

Stages 4
Micro-bs 8 Max mem: 4406266675.2
Predicted microbatch size for 4: 8
comm size 4194304
WARNING: no send time found, 4 partitions
GPUS_PER_VM=1 /home/ubuntu/varuna/tools/simulator/simulate-varuna 4 16 0 364488.09814453125 248719.58977934244
End of simulation:  Mini-batch time (usec) = 3900556
Min send: 10000000, max send 0
Min long send: 248773, max long send 273424
Min fwd: 20622, max fwd 60312; min bwd 40311, max bwd 50179
Min long fwd: 29744, max long fwd 36491; min long bwd 47928, max long bwd 56568
Time taken by simulation: 729 microseconds

Stages 6
Micro-bs 8 Max mem: 3314656870.4
Predicted microbatch size for 6: 8
comm size 4194304
WARNING: no send time found, 6 partitions
GPUS_PER_VM=1 /home/ubuntu/varuna/tools/simulator/simulate-varuna 6 26 0 254962.82958984375 248719.58977934244
End of simulation:  Mini-batch time (usec) = 5944030
Min send: 10000000, max send 0
Min long send: 248735, max long send 278723
Min fwd: 10836, max fwd 44441; min bwd 24199, max bwd 35953
Min long fwd: 21303, max long fwd 29429; min long bwd 33298, max long bwd 40795
Time taken by simulation: 1990 microseconds

Stages 8
Micro-bs 8 Max mem: 2758774988.8
Predicted microbatch size for 8: 8
comm size 4194304
WARNING: no send time found, 8 partitions
GPUS_PER_VM=1 /home/ubuntu/varuna/tools/simulator/simulate-varuna 8 32 0 244280.30395507812 248719.58977934244
End of simulation:  Mini-batch time (usec) = 7674225
Min send: 10000000, max send 0
Min long send: 248719, max long send 278723
Min fwd: 6779, max fwd 41103; min bwd 15994, max bwd 28589
Min long fwd: 18906, max long fwd 26091; min long bwd 25267, max long bwd 32480
Time taken by simulation: 3244 microseconds

Stages 12
Micro-bs 8 Max mem: 2202893107.2
Predicted microbatch size for 12: 8
comm size 4194304
WARNING: no send time found, 12 partitions
GPUS_PER_VM=1 /home/ubuntu/varuna/tools/simulator/simulate-varuna 12 64 0 117116.2109375 248719.58977934244
End of simulation:  Mini-batch time (usec) = 13687683
Min send: 10000000, max send 0
Min long send: 248720, max long send 280797
Min fwd: 141, max fwd 25024; min bwd 6433, max bwd 23373
Min long fwd: 7201, max long fwd 18161; min long bwd 16833, max long bwd 28389
Time taken by simulation: 10602 microseconds

{1: 4.923429, 2: 3.096062, 3: 3.469734, 4: 3.900556, 6: 5.94403, 8: 7.674225, 12: 13.687683}
{1: 8, 2: 8, 3: 8, 4: 8, 6: 8, 8: 8, 12: 8}
best config is: 2 8
expected time is 3.096062
16 per stage
32 servers!
Config:
ranks: range(30, 31)
train batch size: 1024
partitions: 2
chunk_size: 8
data depth: 16
stage to rank map: 0,2,4,6,8,10,12,14,16,18,20,22,24,26,28,30;1,3,5,7,9,11,13,15,17,19,21,23,25,27,29,31;
World size is 32
/opt/conda/envs/varuna/bin/python -u /home/ubuntu/varuna_examples/DeepLearningExamples/PyTorch/LanguageModeling/BERT/run_pretraining.py --rank=30 --chunk_size=8 --local_rank=0 --stage_to_rank_map=0,2,4,6,8,10,12,14,16,18,20,22,24,26,28,30;1,3,5,7,9,11,13,15,17,19,21,23,25,27,29,31; --batch-size=64 --input_dir=/hdf5_lower_case_1_seq_len_128_max_pred_20_masked_lm_prob_0.15_random_seed_12345_dupe_factor_5/wikicorpus_en/ --output_dir=s3://spot-checkpoints/bert --config_file=bert_config.json --bert_model=bert-large-uncased --train_batch_size=1024 --max_seq_length=128 --max_predictions_per_seq=20 --max_steps=7038 --warmup_proportion=0.2843 --num_steps_per_checkpoint=200 --learning_rate=6e-3 --seed=12439 --fp16 --gradient_accumulation_steps=128 --allreduce_post_accumulation --allreduce_post_accumulation_fp16 --do_train --json-summary /home/ubuntu/varuna_examples/DeepLearningExamples/PyTorch/LanguageModeling/BERT/results/dllogger.json --varuna
device: cuda:0 n_gpu: 1, distributed training: True, 16-bits training: True
dry run time 0.17385625839233398
SHARED WEIGHTS ARE
[(0, 1)]
this rank  30 is part of pipeline replica  15
8 chunks
30 Overflow !!
30 : update_scale(): _has_overflow, dynamic. _loss_scale =  524288.0
[2022-11-26 03:57:36.554188] Finished iteration 0, CKPT_AND_STOP: False, flag: tensor([0], dtype=torch.int32), speed: 9759.784
30 Overflow !!
30 : update_scale(): _has_overflow, dynamic. _loss_scale =  262144.0
[2022-11-26 03:57:39.755633] Finished iteration 1, CKPT_AND_STOP: False, flag: tensor([0], dtype=torch.int32), speed: 3201.166
30 Overflow !!
30 : update_scale(): _has_overflow, dynamic. _loss_scale =  131072.0
[2022-11-26 03:57:42.972100] Finished iteration 2, CKPT_AND_STOP: False, flag: tensor([0], dtype=torch.int32), speed: 3216.436
30 Overflow !!
30 : update_scale(): _has_overflow, dynamic. _loss_scale =  65536.0
[2022-11-26 03:57:46.132494] Finished iteration 3, CKPT_AND_STOP: False, flag: tensor([0], dtype=torch.int32), speed: 3160.361
30 Overflow !!
30 : update_scale(): _has_overflow, dynamic. _loss_scale =  32768.0
[2022-11-26 03:57:49.300524] Finished iteration 4, CKPT_AND_STOP: False, flag: tensor([0], dtype=torch.int32), speed: 3168.018
30 Overflow !!
30 : update_scale(): _has_overflow, dynamic. _loss_scale =  16384.0
[2022-11-26 03:57:51.468975] Finished iteration 5, CKPT_AND_STOP: False, flag: tensor([0], dtype=torch.int32), speed: 2168.426
30 Overflow !!
30 : update_scale(): _has_overflow, dynamic. _loss_scale =  8192.0
[2022-11-26 03:57:53.650382] Finished iteration 6, CKPT_AND_STOP: False, flag: tensor([0], dtype=torch.int32), speed: 2181.385
30 Overflow !!
30 : update_scale(): _has_overflow, dynamic. _loss_scale =  4096.0
[2022-11-26 03:57:55.818475] Finished iteration 7, CKPT_AND_STOP: False, flag: tensor([0], dtype=torch.int32), speed: 2168.045
30 Overflow !!
30 : update_scale(): _has_overflow, dynamic. _loss_scale =  2048.0
[2022-11-26 03:57:57.974873] Finished iteration 8, CKPT_AND_STOP: False, flag: tensor([0], dtype=torch.int32), speed: 2156.375
30 Overflow !!
30 : update_scale(): _has_overflow, dynamic. _loss_scale =  1024.0
[2022-11-26 03:58:00.151958] Finished iteration 9, CKPT_AND_STOP: False, flag: tensor([0], dtype=torch.int32), speed: 2177.055
30 Overflow !!
30 : update_scale(): _has_overflow, dynamic. _loss_scale =  512.0
[2022-11-26 03:58:02.334940] Finished iteration 10, CKPT_AND_STOP: False, flag: tensor([0], dtype=torch.int32), speed: 2182.945
30 Overflow !!
30 : update_scale(): _has_overflow, dynamic. _loss_scale =  256.0
[2022-11-26 03:58:04.468759] Finished iteration 11, CKPT_AND_STOP: False, flag: tensor([0], dtype=torch.int32), speed: 2133.825
30 Overflow !!
30 : update_scale(): _has_overflow, dynamic. _loss_scale =  128.0
[2022-11-26 03:58:06.676273] Finished iteration 12, CKPT_AND_STOP: False, flag: tensor([0], dtype=torch.int32), speed: 2207.439
30 Overflow !!
30 : update_scale(): _has_overflow, dynamic. _loss_scale =  64.0
[2022-11-26 03:58:08.881938] Finished iteration 13, CKPT_AND_STOP: False, flag: tensor([0], dtype=torch.int32), speed: 2205.638
30 Overflow !!
30 : update_scale(): _has_overflow, dynamic. _loss_scale =  32.0
[2022-11-26 03:58:11.023242] Finished iteration 14, CKPT_AND_STOP: False, flag: tensor([0], dtype=torch.int32), speed: 2141.273
30 Overflow !!
30 : update_scale(): _has_overflow, dynamic. _loss_scale =  16.0
[2022-11-26 03:58:13.210994] Finished iteration 15, CKPT_AND_STOP: False, flag: tensor([0], dtype=torch.int32), speed: 2187.711
30 Overflow !!
30 : update_scale(): _has_overflow, dynamic. _loss_scale =  8.0
[2022-11-26 03:58:15.388131] Finished iteration 16, CKPT_AND_STOP: False, flag: tensor([0], dtype=torch.int32), speed: 2177.112
30 Overflow !!
30 : update_scale(): _has_overflow, dynamic. _loss_scale =  4.0
[2022-11-26 03:58:17.568380] Finished iteration 17, CKPT_AND_STOP: False, flag: tensor([0], dtype=torch.int32), speed: 2180.215
30 Overflow !!
30 : update_scale(): _has_overflow, dynamic. _loss_scale =  2.0
[2022-11-26 03:58:19.722198] Finished iteration 18, CKPT_AND_STOP: False, flag: tensor([0], dtype=torch.int32), speed: 2153.785
30 Overflow !!
30 : update_scale(): _has_overflow, dynamic. _loss_scale =  1.0
[2022-11-26 03:58:21.877691] Finished iteration 19, CKPT_AND_STOP: False, flag: tensor([0], dtype=torch.int32), speed: 2155.461
30 Overflow !!
30 : update_scale(): _has_overflow, dynamic. _loss_scale =  1.0
[2022-11-26 03:58:24.096242] Finished iteration 20, CKPT_AND_STOP: False, flag: tensor([0], dtype=torch.int32), speed: 2218.518
30 Overflow !!
30 : update_scale(): _has_overflow, dynamic. _loss_scale =  1.0
[2022-11-26 03:58:26.332783] Finished iteration 21, CKPT_AND_STOP: False, flag: tensor([0], dtype=torch.int32), speed: 2236.533
30 Overflow !!
30 : update_scale(): _has_overflow, dynamic. _loss_scale =  1.0
[2022-11-26 03:58:28.515074] Finished iteration 22, CKPT_AND_STOP: False, flag: tensor([0], dtype=torch.int32), speed: 2182.227
30 Overflow !!
30 : update_scale(): _has_overflow, dynamic. _loss_scale =  1.0
[2022-11-26 03:58:30.676925] Finished iteration 23, CKPT_AND_STOP: False, flag: tensor([0], dtype=torch.int32), speed: 2161.809
30 Overflow !!
30 : update_scale(): _has_overflow, dynamic. _loss_scale =  1.0
[2022-11-26 03:58:32.853040] Finished iteration 24, CKPT_AND_STOP: False, flag: tensor([0], dtype=torch.int32), speed: 2176.096
30 Overflow !!
30 : update_scale(): _has_overflow, dynamic. _loss_scale =  1.0
[2022-11-26 03:58:35.069488] Finished iteration 25, CKPT_AND_STOP: False, flag: tensor([0], dtype=torch.int32), speed: 2216.420
30 Overflow !!
30 : update_scale(): _has_overflow, dynamic. _loss_scale =  1.0
[2022-11-26 03:58:37.228774] Finished iteration 26, CKPT_AND_STOP: False, flag: tensor([0], dtype=torch.int32), speed: 2159.289
30 Overflow !!
30 : update_scale(): _has_overflow, dynamic. _loss_scale =  1.0
[2022-11-26 03:58:39.399364] Finished iteration 27, CKPT_AND_STOP: False, flag: tensor([0], dtype=torch.int32), speed: 2170.514
30 Overflow !!
30 : update_scale(): _has_overflow, dynamic. _loss_scale =  1.0
[2022-11-26 03:58:41.587802] Finished iteration 28, CKPT_AND_STOP: False, flag: tensor([0], dtype=torch.int32), speed: 2188.409
30 Overflow !!
30 : update_scale(): _has_overflow, dynamic. _loss_scale =  1.0
[2022-11-26 03:58:43.747680] Finished iteration 29, CKPT_AND_STOP: False, flag: tensor([0], dtype=torch.int32), speed: 2159.857
30 Overflow !!
30 : update_scale(): _has_overflow, dynamic. _loss_scale =  1.0
[2022-11-26 03:58:45.916518] Finished iteration 30, CKPT_AND_STOP: False, flag: tensor([0], dtype=torch.int32), speed: 2168.796
30 Overflow !!
30 : update_scale(): _has_overflow, dynamic. _loss_scale =  1.0
[2022-11-26 03:58:48.079878] Finished iteration 31, CKPT_AND_STOP: False, flag: tensor([0], dtype=torch.int32), speed: 2163.323
30 Overflow !!
30 : update_scale(): _has_overflow, dynamic. _loss_scale =  1.0
[2022-11-26 03:58:50.301768] Finished iteration 32, CKPT_AND_STOP: False, flag: tensor([0], dtype=torch.int32), speed: 2221.864
30 Overflow !!
30 : update_scale(): _has_overflow, dynamic. _loss_scale =  1.0
[2022-11-26 03:58:52.784994] Finished iteration 33, CKPT_AND_STOP: False, flag: tensor([0], dtype=torch.int32), speed: 2483.188
30 Overflow !!
30 : update_scale(): _has_overflow, dynamic. _loss_scale =  1.0
[2022-11-26 03:58:54.972617] Finished iteration 34, CKPT_AND_STOP: False, flag: tensor([0], dtype=torch.int32), speed: 2187.594
30 Overflow !!
30 : update_scale(): _has_overflow, dynamic. _loss_scale =  1.0
[2022-11-26 03:58:57.187601] Finished iteration 35, CKPT_AND_STOP: False, flag: tensor([0], dtype=torch.int32), speed: 2214.947
30 Overflow !!
30 : update_scale(): _has_overflow, dynamic. _loss_scale =  1.0
[2022-11-26 03:58:59.381273] Finished iteration 36, CKPT_AND_STOP: False, flag: tensor([0], dtype=torch.int32), speed: 2193.637
30 Overflow !!
30 : update_scale(): _has_overflow, dynamic. _loss_scale =  1.0
[2022-11-26 03:59:01.533202] Finished iteration 37, CKPT_AND_STOP: False, flag: tensor([0], dtype=torch.int32), speed: 2151.896
30 Overflow !!
30 : update_scale(): _has_overflow, dynamic. _loss_scale =  1.0
[2022-11-26 03:59:03.735323] Finished iteration 38, CKPT_AND_STOP: False, flag: tensor([0], dtype=torch.int32), speed: 2202.083
30 Overflow !!
30 : update_scale(): _has_overflow, dynamic. _loss_scale =  1.0
[2022-11-26 03:59:05.939852] Finished iteration 39, CKPT_AND_STOP: False, flag: tensor([0], dtype=torch.int32), speed: 2204.504
30 Overflow !!
30 : update_scale(): _has_overflow, dynamic. _loss_scale =  1.0
[2022-11-26 03:59:08.142467] Finished iteration 40, CKPT_AND_STOP: False, flag: tensor([0], dtype=torch.int32), speed: 2202.574
30 Overflow !!
30 : update_scale(): _has_overflow, dynamic. _loss_scale =  1.0
[2022-11-26 03:59:10.313987] Finished iteration 41, CKPT_AND_STOP: False, flag: tensor([0], dtype=torch.int32), speed: 2171.477
30 Overflow !!
30 : update_scale(): _has_overflow, dynamic. _loss_scale =  1.0
[2022-11-26 03:59:12.460303] Finished iteration 42, CKPT_AND_STOP: False, flag: tensor([0], dtype=torch.int32), speed: 2146.281
30 Overflow !!
30 : update_scale(): _has_overflow, dynamic. _loss_scale =  1.0
[2022-11-26 03:59:14.695397] Finished iteration 43, CKPT_AND_STOP: False, flag: tensor([0], dtype=torch.int32), speed: 2235.057
30 Overflow !!
30 : update_scale(): _has_overflow, dynamic. _loss_scale =  1.0
[2022-11-26 03:59:16.943118] Finished iteration 44, CKPT_AND_STOP: False, flag: tensor([0], dtype=torch.int32), speed: 2247.685
30 Overflow !!
30 : update_scale(): _has_overflow, dynamic. _loss_scale =  1.0
[2022-11-26 03:59:19.128163] Finished iteration 45, CKPT_AND_STOP: False, flag: tensor([0], dtype=torch.int32), speed: 2185.011
30 Overflow !!
30 : update_scale(): _has_overflow, dynamic. _loss_scale =  1.0
[2022-11-26 03:59:21.301479] Finished iteration 46, CKPT_AND_STOP: False, flag: tensor([0], dtype=torch.int32), speed: 2173.289
30 Overflow !!
30 : update_scale(): _has_overflow, dynamic. _loss_scale =  1.0
[2022-11-26 03:59:23.523948] Finished iteration 47, CKPT_AND_STOP: False, flag: tensor([0], dtype=torch.int32), speed: 2222.429
30 Overflow !!
30 : update_scale(): _has_overflow, dynamic. _loss_scale =  1.0
[2022-11-26 03:59:25.715937] Finished iteration 48, CKPT_AND_STOP: False, flag: tensor([0], dtype=torch.int32), speed: 2192.006
30 Overflow !!
30 : update_scale(): _has_overflow, dynamic. _loss_scale =  1.0
[2022-11-26 03:59:27.937505] Finished iteration 49, CKPT_AND_STOP: False, flag: tensor([1], dtype=torch.int32), speed: 2221.486
2022-11-26 03:59:27.941997 Begin to save checkpont to s3://spot-checkpoints/bert and exit
Opt ckpt time 3.696842670440674
Process done with return code 0
Parent process ID: 45643 node: 172.31.21.254
24 cutpoints
Stages 1
Micro-bs 8 Max mem: 14622140211.200005
Predicted microbatch size for 1: 8
comm size 0
GPUS_PER_VM=1 /home/ubuntu/varuna/tools/simulator/simulate-varuna 1 4 0 3598379.5166015625 0
End of simulation:  Mini-batch time (usec) = 4923429
Min send: 10000000, max send 0
Min long send: 10000000, max long send 0
Min fwd: 10000000, max fwd 0; min bwd 10000000, max bwd 0
Min long fwd: 142174, max long fwd 144458; min long bwd 186536, max long bwd 191040
Time taken by simulation: 44 microseconds

Stages 2
Micro-bs 8 Max mem: 7660942131.200001
Predicted microbatch size for 2: 8
comm size 4194304
WARNING: no send time found, 2 partitions
GPUS_PER_VM=1 /home/ubuntu/varuna/tools/simulator/simulate-varuna 2 8 0 954047.119140625 248719.58977934244
End of simulation:  Mini-batch time (usec) = 3096062
Min send: 10000000, max send 0
Min long send: 249051, max long send 268766
Min fwd: 79507, max fwd 86627; min bwd 88131, max bwd 94131
Min long fwd: 58556, max long fwd 63385; min long bwd 92867, max long bwd 97582
Time taken by simulation: 170 microseconds

Stages 3
Micro-bs 8 Max mem: 5497876480.0
Predicted microbatch size for 3: 8
comm size 4194304
WARNING: no send time found, 3 partitions
GPUS_PER_VM=1 /home/ubuntu/varuna/tools/simulator/simulate-varuna 3 13 0 485476.6540527344 248719.58977934244
End of simulation:  Mini-batch time (usec) = 3469734
Min send: 10000000, max send 0
Min long send: 248801, max long send 271185
Min fwd: 34426, max fwd 67951; min bwd 53890, max bwd 64826
Min long fwd: 37108, max long fwd 45662; min long bwd 64919, max long bwd 72155
Time taken by simulation: 427 microseconds

Stages 4
Micro-bs 8 Max mem: 4406266675.2
Predicted microbatch size for 4: 8
comm size 4194304
WARNING: no send time found, 4 partitions
GPUS_PER_VM=1 /home/ubuntu/varuna/tools/simulator/simulate-varuna 4 16 0 364488.09814453125 248719.58977934244
End of simulation:  Mini-batch time (usec) = 3900556
Min send: 10000000, max send 0
Min long send: 248773, max long send 273424
Min fwd: 20622, max fwd 60312; min bwd 40311, max bwd 50179
Min long fwd: 29744, max long fwd 36491; min long bwd 47928, max long bwd 56568
Time taken by simulation: 769 microseconds

Stages 6
Micro-bs 8 Max mem: 3314656870.4
Predicted microbatch size for 6: 8
comm size 4194304
WARNING: no send time found, 6 partitions
GPUS_PER_VM=1 /home/ubuntu/varuna/tools/simulator/simulate-varuna 6 26 0 254962.82958984375 248719.58977934244
End of simulation:  Mini-batch time (usec) = 5944030
Min send: 10000000, max send 0
Min long send: 248735, max long send 278723
Min fwd: 10836, max fwd 44441; min bwd 24199, max bwd 35953
Min long fwd: 21303, max long fwd 29429; min long bwd 33298, max long bwd 40795
Time taken by simulation: 1894 microseconds

Stages 8
Micro-bs 8 Max mem: 2758774988.8
Predicted microbatch size for 8: 8
comm size 4194304
WARNING: no send time found, 8 partitions
GPUS_PER_VM=1 /home/ubuntu/varuna/tools/simulator/simulate-varuna 8 32 0 244280.30395507812 248719.58977934244
End of simulation:  Mini-batch time (usec) = 7674225
Min send: 10000000, max send 0
Min long send: 248719, max long send 278723
Min fwd: 6779, max fwd 41103; min bwd 15994, max bwd 28589
Min long fwd: 18906, max long fwd 26091; min long bwd 25267, max long bwd 32480
Time taken by simulation: 3254 microseconds

Stages 12
Micro-bs 8 Max mem: 2202893107.2
Predicted microbatch size for 12: 8
comm size 4194304
WARNING: no send time found, 12 partitions
GPUS_PER_VM=1 /home/ubuntu/varuna/tools/simulator/simulate-varuna 12 64 0 117116.2109375 248719.58977934244
End of simulation:  Mini-batch time (usec) = 13687683
Min send: 10000000, max send 0
Min long send: 248720, max long send 280797
Min fwd: 141, max fwd 25024; min bwd 6433, max bwd 23373
Min long fwd: 7201, max long fwd 18161; min long bwd 16833, max long bwd 28389
Time taken by simulation: 10543 microseconds

{1: 4.923429, 2: 3.096062, 3: 3.469734, 4: 3.900556, 6: 5.94403, 8: 7.674225, 12: 13.687683}
{1: 8, 2: 8, 3: 8, 4: 8, 6: 8, 8: 8, 12: 8}
best config is: 2 8
expected time is 3.096062
16 per stage
32 servers!
Config:
ranks: range(30, 31)
train batch size: 1024
partitions: 2
chunk_size: 8
data depth: 16
stage to rank map: 0,2,4,6,8,10,12,14,16,18,20,22,24,26,28,30;1,3,5,7,9,11,13,15,17,19,21,23,25,27,29,31;
World size is 32
/opt/conda/envs/varuna/bin/python -u /home/ubuntu/varuna_examples/DeepLearningExamples/PyTorch/LanguageModeling/BERT/run_pretraining.py --rank=30 --chunk_size=8 --local_rank=0 --stage_to_rank_map=0,2,4,6,8,10,12,14,16,18,20,22,24,26,28,30;1,3,5,7,9,11,13,15,17,19,21,23,25,27,29,31; --batch-size=64 --input_dir=/hdf5_lower_case_1_seq_len_128_max_pred_20_masked_lm_prob_0.15_random_seed_12345_dupe_factor_5/wikicorpus_en/ --output_dir=s3://spot-checkpoints/bert --config_file=bert_config.json --bert_model=bert-large-uncased --train_batch_size=1024 --max_seq_length=128 --max_predictions_per_seq=20 --max_steps=7038 --warmup_proportion=0.2843 --num_steps_per_checkpoint=200 --learning_rate=6e-3 --seed=12439 --fp16 --gradient_accumulation_steps=128 --allreduce_post_accumulation --allreduce_post_accumulation_fp16 --do_train --json-summary /home/ubuntu/varuna_examples/DeepLearningExamples/PyTorch/LanguageModeling/BERT/results/dllogger.json --varuna --resume_step 221
device: cuda:0 n_gpu: 1, distributed training: True, 16-bits training: True
dry run time 0.2097795009613037
SHARED WEIGHTS ARE
[(0, 1)]
this rank  30 is part of pipeline replica  15
8 chunks
Begin to load checkpint from s3://spot-checkpoints/bert/ckpt_221.pt
2022-11-26 04:30:01.128156 resume step from  221
2022-11-26 04:30:48.025498 - Finished loading checkpoint, takes 46.869 secs
30 Overflow !!
30 : update_scale(): _has_overflow, dynamic. _loss_scale =  524288.0
[2022-11-26 04:31:09.086022] Finished iteration 221, CKPT_AND_STOP: False, flag: tensor([0], dtype=torch.int32), speed: 4238.596
30 Overflow !!
30 : update_scale(): _has_overflow, dynamic. _loss_scale =  262144.0
[2022-11-26 04:31:12.287864] Finished iteration 222, CKPT_AND_STOP: False, flag: tensor([0], dtype=torch.int32), speed: 3201.646
30 Overflow !!
30 : update_scale(): _has_overflow, dynamic. _loss_scale =  131072.0
[2022-11-26 04:31:14.424862] Finished iteration 223, CKPT_AND_STOP: False, flag: tensor([0], dtype=torch.int32), speed: 2136.902
30 Overflow !!
30 : update_scale(): _has_overflow, dynamic. _loss_scale =  65536.0
[2022-11-26 04:31:18.040663] Finished iteration 224, CKPT_AND_STOP: False, flag: tensor([0], dtype=torch.int32), speed: 3615.801
30 Overflow !!
30 : update_scale(): _has_overflow, dynamic. _loss_scale =  32768.0
[2022-11-26 04:31:21.215643] Finished iteration 225, CKPT_AND_STOP: False, flag: tensor([0], dtype=torch.int32), speed: 3174.972
30 Overflow !!
30 : update_scale(): _has_overflow, dynamic. _loss_scale =  16384.0
[2022-11-26 04:31:23.372308] Finished iteration 226, CKPT_AND_STOP: False, flag: tensor([0], dtype=torch.int32), speed: 2156.569
30 Overflow !!
30 : update_scale(): _has_overflow, dynamic. _loss_scale =  8192.0
[2022-11-26 04:31:25.506761] Finished iteration 227, CKPT_AND_STOP: False, flag: tensor([0], dtype=torch.int32), speed: 2134.429
30 Overflow !!
30 : update_scale(): _has_overflow, dynamic. _loss_scale =  4096.0
[2022-11-26 04:31:27.646871] Finished iteration 228, CKPT_AND_STOP: False, flag: tensor([0], dtype=torch.int32), speed: 2140.065
30 Overflow !!
30 : update_scale(): _has_overflow, dynamic. _loss_scale =  2048.0
[2022-11-26 04:31:29.832167] Finished iteration 229, CKPT_AND_STOP: False, flag: tensor([0], dtype=torch.int32), speed: 2185.269
30 Overflow !!
30 : update_scale(): _has_overflow, dynamic. _loss_scale =  1024.0
[2022-11-26 04:31:32.010079] Finished iteration 230, CKPT_AND_STOP: False, flag: tensor([0], dtype=torch.int32), speed: 2177.869
30 Overflow !!
30 : update_scale(): _has_overflow, dynamic. _loss_scale =  512.0
[2022-11-26 04:31:34.236239] Finished iteration 231, CKPT_AND_STOP: False, flag: tensor([0], dtype=torch.int32), speed: 2226.177
30 Overflow !!
30 : update_scale(): _has_overflow, dynamic. _loss_scale =  256.0
[2022-11-26 04:31:36.498943] Finished iteration 232, CKPT_AND_STOP: False, flag: tensor([0], dtype=torch.int32), speed: 2262.623
30 Overflow !!
30 : update_scale(): _has_overflow, dynamic. _loss_scale =  128.0
[2022-11-26 04:31:38.693527] Finished iteration 233, CKPT_AND_STOP: False, flag: tensor([0], dtype=torch.int32), speed: 2194.562
30 Overflow !!
30 : update_scale(): _has_overflow, dynamic. _loss_scale =  64.0
[2022-11-26 04:31:40.860580] Finished iteration 234, CKPT_AND_STOP: False, flag: tensor([0], dtype=torch.int32), speed: 2167.068
30 Overflow !!
30 : update_scale(): _has_overflow, dynamic. _loss_scale =  32.0
[2022-11-26 04:31:43.065886] Finished iteration 235, CKPT_AND_STOP: False, flag: tensor([0], dtype=torch.int32), speed: 2205.236
30 Overflow !!
30 : update_scale(): _has_overflow, dynamic. _loss_scale =  16.0
[2022-11-26 04:31:45.951093] Finished iteration 236, CKPT_AND_STOP: False, flag: tensor([0], dtype=torch.int32), speed: 2885.177
30 Overflow !!
30 : update_scale(): _has_overflow, dynamic. _loss_scale =  8.0
[2022-11-26 04:31:48.132889] Finished iteration 237, CKPT_AND_STOP: False, flag: tensor([0], dtype=torch.int32), speed: 2181.770
30 Overflow !!
30 : update_scale(): _has_overflow, dynamic. _loss_scale =  4.0
[2022-11-26 04:31:50.350416] Finished iteration 238, CKPT_AND_STOP: False, flag: tensor([0], dtype=torch.int32), speed: 2217.497
30 Overflow !!
30 : update_scale(): _has_overflow, dynamic. _loss_scale =  2.0
[2022-11-26 04:31:52.565615] Finished iteration 239, CKPT_AND_STOP: False, flag: tensor([0], dtype=torch.int32), speed: 2215.173
30 Overflow !!
30 : update_scale(): _has_overflow, dynamic. _loss_scale =  1.0
[2022-11-26 04:31:54.719424] Finished iteration 240, CKPT_AND_STOP: False, flag: tensor([0], dtype=torch.int32), speed: 2153.771
30 Overflow !!
30 : update_scale(): _has_overflow, dynamic. _loss_scale =  1.0
[2022-11-26 04:31:56.924371] Finished iteration 241, CKPT_AND_STOP: False, flag: tensor([0], dtype=torch.int32), speed: 2204.924
30 Overflow !!
30 : update_scale(): _has_overflow, dynamic. _loss_scale =  1.0
[2022-11-26 04:31:59.144421] Finished iteration 242, CKPT_AND_STOP: False, flag: tensor([0], dtype=torch.int32), speed: 2220.018
30 Overflow !!
30 : update_scale(): _has_overflow, dynamic. _loss_scale =  1.0
[2022-11-26 04:32:01.348352] Finished iteration 243, CKPT_AND_STOP: False, flag: tensor([0], dtype=torch.int32), speed: 2203.917
30 Overflow !!
30 : update_scale(): _has_overflow, dynamic. _loss_scale =  1.0
[2022-11-26 04:32:03.590911] Finished iteration 244, CKPT_AND_STOP: False, flag: tensor([0], dtype=torch.int32), speed: 2242.516
30 Overflow !!
30 : update_scale(): _has_overflow, dynamic. _loss_scale =  1.0
[2022-11-26 04:32:05.795373] Finished iteration 245, CKPT_AND_STOP: False, flag: tensor([0], dtype=torch.int32), speed: 2204.449
30 Overflow !!
30 : update_scale(): _has_overflow, dynamic. _loss_scale =  1.0
[2022-11-26 04:32:08.000116] Finished iteration 246, CKPT_AND_STOP: False, flag: tensor([0], dtype=torch.int32), speed: 2204.689
30 Overflow !!
30 : update_scale(): _has_overflow, dynamic. _loss_scale =  1.0
[2022-11-26 04:32:10.224122] Finished iteration 247, CKPT_AND_STOP: False, flag: tensor([0], dtype=torch.int32), speed: 2223.980
30 Overflow !!
30 : update_scale(): _has_overflow, dynamic. _loss_scale =  1.0
[2022-11-26 04:32:12.409808] Finished iteration 248, CKPT_AND_STOP: False, flag: tensor([0], dtype=torch.int32), speed: 2185.683
30 Overflow !!
30 : update_scale(): _has_overflow, dynamic. _loss_scale =  1.0
[2022-11-26 04:32:14.621194] Finished iteration 249, CKPT_AND_STOP: False, flag: tensor([0], dtype=torch.int32), speed: 2211.356
30 Overflow !!
30 : update_scale(): _has_overflow, dynamic. _loss_scale =  1.0
[2022-11-26 04:32:16.819984] Finished iteration 250, CKPT_AND_STOP: False, flag: tensor([0], dtype=torch.int32), speed: 2198.755
30 Overflow !!
30 : update_scale(): _has_overflow, dynamic. _loss_scale =  1.0
[2022-11-26 04:32:19.053835] Finished iteration 251, CKPT_AND_STOP: False, flag: tensor([0], dtype=torch.int32), speed: 2233.797
30 Overflow !!
30 : update_scale(): _has_overflow, dynamic. _loss_scale =  1.0
[2022-11-26 04:32:21.259377] Finished iteration 252, CKPT_AND_STOP: False, flag: tensor([0], dtype=torch.int32), speed: 2205.515
30 Overflow !!
30 : update_scale(): _has_overflow, dynamic. _loss_scale =  1.0
[2022-11-26 04:32:23.422960] Finished iteration 253, CKPT_AND_STOP: False, flag: tensor([0], dtype=torch.int32), speed: 2163.581
30 Overflow !!
30 : update_scale(): _has_overflow, dynamic. _loss_scale =  1.0
[2022-11-26 04:32:26.360825] Finished iteration 254, CKPT_AND_STOP: False, flag: tensor([0], dtype=torch.int32), speed: 2937.804
30 Overflow !!
30 : update_scale(): _has_overflow, dynamic. _loss_scale =  1.0
[2022-11-26 04:32:28.545893] Finished iteration 255, CKPT_AND_STOP: False, flag: tensor([0], dtype=torch.int32), speed: 2185.057
30 Overflow !!
30 : update_scale(): _has_overflow, dynamic. _loss_scale =  1.0
[2022-11-26 04:32:30.719762] Finished iteration 256, CKPT_AND_STOP: False, flag: tensor([0], dtype=torch.int32), speed: 2173.849
30 Overflow !!
30 : update_scale(): _has_overflow, dynamic. _loss_scale =  1.0
[2022-11-26 04:32:32.924995] Finished iteration 257, CKPT_AND_STOP: False, flag: tensor([0], dtype=torch.int32), speed: 2205.198
30 Overflow !!
30 : update_scale(): _has_overflow, dynamic. _loss_scale =  1.0
[2022-11-26 04:32:35.133134] Finished iteration 258, CKPT_AND_STOP: False, flag: tensor([0], dtype=torch.int32), speed: 2208.114
30 Overflow !!
30 : update_scale(): _has_overflow, dynamic. _loss_scale =  1.0
[2022-11-26 04:32:37.326643] Finished iteration 259, CKPT_AND_STOP: False, flag: tensor([0], dtype=torch.int32), speed: 2193.456
30 Overflow !!
30 : update_scale(): _has_overflow, dynamic. _loss_scale =  1.0
[2022-11-26 04:32:39.507464] Finished iteration 260, CKPT_AND_STOP: False, flag: tensor([0], dtype=torch.int32), speed: 2180.793
30 Overflow !!
30 : update_scale(): _has_overflow, dynamic. _loss_scale =  1.0
[2022-11-26 04:32:41.668706] Finished iteration 261, CKPT_AND_STOP: False, flag: tensor([0], dtype=torch.int32), speed: 2161.247
30 Overflow !!
30 : update_scale(): _has_overflow, dynamic. _loss_scale =  1.0
[2022-11-26 04:32:43.907877] Finished iteration 262, CKPT_AND_STOP: False, flag: tensor([0], dtype=torch.int32), speed: 2239.110
30 Overflow !!
30 : update_scale(): _has_overflow, dynamic. _loss_scale =  1.0
[2022-11-26 04:32:46.134121] Finished iteration 263, CKPT_AND_STOP: False, flag: tensor([0], dtype=torch.int32), speed: 2226.209
30 Overflow !!
30 : update_scale(): _has_overflow, dynamic. _loss_scale =  1.0
[2022-11-26 04:32:48.312985] Finished iteration 264, CKPT_AND_STOP: False, flag: tensor([0], dtype=torch.int32), speed: 2178.859
30 Overflow !!
30 : update_scale(): _has_overflow, dynamic. _loss_scale =  1.0
[2022-11-26 04:32:50.493628] Finished iteration 265, CKPT_AND_STOP: False, flag: tensor([0], dtype=torch.int32), speed: 2180.592
30 Overflow !!
30 : update_scale(): _has_overflow, dynamic. _loss_scale =  1.0
[2022-11-26 04:32:52.710084] Finished iteration 266, CKPT_AND_STOP: False, flag: tensor([0], dtype=torch.int32), speed: 2216.424
30 Overflow !!
30 : update_scale(): _has_overflow, dynamic. _loss_scale =  1.0
[2022-11-26 04:32:54.910246] Finished iteration 267, CKPT_AND_STOP: False, flag: tensor([0], dtype=torch.int32), speed: 2200.155
30 Overflow !!
30 : update_scale(): _has_overflow, dynamic. _loss_scale =  1.0
[2022-11-26 04:32:57.133104] Finished iteration 268, CKPT_AND_STOP: False, flag: tensor([0], dtype=torch.int32), speed: 2222.821
30 Overflow !!
30 : update_scale(): _has_overflow, dynamic. _loss_scale =  1.0
[2022-11-26 04:32:59.341211] Finished iteration 269, CKPT_AND_STOP: False, flag: tensor([0], dtype=torch.int32), speed: 2208.096
30 Overflow !!
30 : update_scale(): _has_overflow, dynamic. _loss_scale =  1.0
[2022-11-26 04:33:01.579106] Finished iteration 270, CKPT_AND_STOP: False, flag: tensor([0], dtype=torch.int32), speed: 2237.859
30 Overflow !!
30 : update_scale(): _has_overflow, dynamic. _loss_scale =  1.0
[2022-11-26 04:33:03.778787] Finished iteration 271, CKPT_AND_STOP: False, flag: tensor([0], dtype=torch.int32), speed: 2199.718
30 Overflow !!
30 : update_scale(): _has_overflow, dynamic. _loss_scale =  1.0
[2022-11-26 04:33:05.977627] Finished iteration 272, CKPT_AND_STOP: False, flag: tensor([0], dtype=torch.int32), speed: 2198.751
30 Overflow !!
30 : update_scale(): _has_overflow, dynamic. _loss_scale =  1.0
[2022-11-26 04:33:08.182718] Finished iteration 273, CKPT_AND_STOP: False, flag: tensor([0], dtype=torch.int32), speed: 2205.041
30 Overflow !!
30 : update_scale(): _has_overflow, dynamic. _loss_scale =  1.0
[2022-11-26 04:33:10.438357] Finished iteration 274, CKPT_AND_STOP: False, flag: tensor([0], dtype=torch.int32), speed: 2255.608
30 Overflow !!
30 : update_scale(): _has_overflow, dynamic. _loss_scale =  1.0
[2022-11-26 04:33:12.707924] Finished iteration 275, CKPT_AND_STOP: False, flag: tensor([0], dtype=torch.int32), speed: 2269.533
30 Overflow !!
30 : update_scale(): _has_overflow, dynamic. _loss_scale =  1.0
[2022-11-26 04:33:14.894657] Finished iteration 276, CKPT_AND_STOP: False, flag: tensor([0], dtype=torch.int32), speed: 2186.738
30 Overflow !!
30 : update_scale(): _has_overflow, dynamic. _loss_scale =  1.0
[2022-11-26 04:33:17.064510] Finished iteration 277, CKPT_AND_STOP: False, flag: tensor([0], dtype=torch.int32), speed: 2169.823
30 Overflow !!
30 : update_scale(): _has_overflow, dynamic. _loss_scale =  1.0
[2022-11-26 04:33:19.244814] Finished iteration 278, CKPT_AND_STOP: False, flag: tensor([0], dtype=torch.int32), speed: 2180.233
30 Overflow !!
30 : update_scale(): _has_overflow, dynamic. _loss_scale =  1.0
[2022-11-26 04:33:21.419007] Finished iteration 279, CKPT_AND_STOP: False, flag: tensor([0], dtype=torch.int32), speed: 2174.184
30 Overflow !!
30 : update_scale(): _has_overflow, dynamic. _loss_scale =  1.0
[2022-11-26 04:33:23.661108] Finished iteration 280, CKPT_AND_STOP: False, flag: tensor([0], dtype=torch.int32), speed: 2242.070
30 Overflow !!
30 : update_scale(): _has_overflow, dynamic. _loss_scale =  1.0
[2022-11-26 04:33:25.889848] Finished iteration 281, CKPT_AND_STOP: False, flag: tensor([0], dtype=torch.int32), speed: 2228.703
30 Overflow !!
30 : update_scale(): _has_overflow, dynamic. _loss_scale =  1.0
[2022-11-26 04:33:28.036494] Finished iteration 282, CKPT_AND_STOP: False, flag: tensor([0], dtype=torch.int32), speed: 2146.618
30 Overflow !!
30 : update_scale(): _has_overflow, dynamic. _loss_scale =  1.0
[2022-11-26 04:33:30.199466] Finished iteration 283, CKPT_AND_STOP: False, flag: tensor([0], dtype=torch.int32), speed: 2162.947
30 Overflow !!
30 : update_scale(): _has_overflow, dynamic. _loss_scale =  1.0
[2022-11-26 04:33:32.411473] Finished iteration 284, CKPT_AND_STOP: False, flag: tensor([0], dtype=torch.int32), speed: 2211.977
30 Overflow !!
30 : update_scale(): _has_overflow, dynamic. _loss_scale =  1.0
[2022-11-26 04:33:34.589407] Finished iteration 285, CKPT_AND_STOP: False, flag: tensor([0], dtype=torch.int32), speed: 2177.914
30 Overflow !!
30 : update_scale(): _has_overflow, dynamic. _loss_scale =  1.0
[2022-11-26 04:33:36.746571] Finished iteration 286, CKPT_AND_STOP: False, flag: tensor([0], dtype=torch.int32), speed: 2157.134
30 Overflow !!
30 : update_scale(): _has_overflow, dynamic. _loss_scale =  1.0
[2022-11-26 04:33:38.937535] Finished iteration 287, CKPT_AND_STOP: False, flag: tensor([0], dtype=torch.int32), speed: 2190.978
30 Overflow !!
30 : update_scale(): _has_overflow, dynamic. _loss_scale =  1.0
[2022-11-26 04:33:41.183131] Finished iteration 288, CKPT_AND_STOP: False, flag: tensor([0], dtype=torch.int32), speed: 2245.519
30 Overflow !!
30 : update_scale(): _has_overflow, dynamic. _loss_scale =  1.0
[2022-11-26 04:33:43.304156] Finished iteration 289, CKPT_AND_STOP: False, flag: tensor([0], dtype=torch.int32), speed: 2120.977
30 Overflow !!
30 : update_scale(): _has_overflow, dynamic. _loss_scale =  1.0
[2022-11-26 04:33:45.466578] Finished iteration 290, CKPT_AND_STOP: False, flag: tensor([0], dtype=torch.int32), speed: 2162.390
30 Overflow !!
30 : update_scale(): _has_overflow, dynamic. _loss_scale =  1.0
[2022-11-26 04:33:47.663329] Finished iteration 291, CKPT_AND_STOP: False, flag: tensor([0], dtype=torch.int32), speed: 2196.728
30 Overflow !!
30 : update_scale(): _has_overflow, dynamic. _loss_scale =  1.0
[2022-11-26 04:33:49.927623] Finished iteration 292, CKPT_AND_STOP: False, flag: tensor([0], dtype=torch.int32), speed: 2264.256
30 Overflow !!
30 : update_scale(): _has_overflow, dynamic. _loss_scale =  1.0
[2022-11-26 04:33:52.143587] Finished iteration 293, CKPT_AND_STOP: False, flag: tensor([0], dtype=torch.int32), speed: 2215.942
30 Overflow !!
30 : update_scale(): _has_overflow, dynamic. _loss_scale =  1.0
[2022-11-26 04:33:54.424070] Finished iteration 294, CKPT_AND_STOP: False, flag: tensor([0], dtype=torch.int32), speed: 2280.533
30 Overflow !!
30 : update_scale(): _has_overflow, dynamic. _loss_scale =  1.0
[2022-11-26 04:33:56.620378] Finished iteration 295, CKPT_AND_STOP: False, flag: tensor([0], dtype=torch.int32), speed: 2196.184
30 Overflow !!
30 : update_scale(): _has_overflow, dynamic. _loss_scale =  1.0
[2022-11-26 04:33:58.800586] Finished iteration 296, CKPT_AND_STOP: False, flag: tensor([0], dtype=torch.int32), speed: 2180.214
30 Overflow !!
30 : update_scale(): _has_overflow, dynamic. _loss_scale =  1.0
[2022-11-26 04:34:01.269884] Finished iteration 297, CKPT_AND_STOP: False, flag: tensor([0], dtype=torch.int32), speed: 2469.239
30 Overflow !!
30 : update_scale(): _has_overflow, dynamic. _loss_scale =  1.0
[2022-11-26 04:34:04.020365] Finished iteration 298, CKPT_AND_STOP: False, flag: tensor([0], dtype=torch.int32), speed: 2750.469
30 Overflow !!
30 : update_scale(): _has_overflow, dynamic. _loss_scale =  1.0
[2022-11-26 04:34:06.208443] Finished iteration 299, CKPT_AND_STOP: False, flag: tensor([0], dtype=torch.int32), speed: 2188.041
30 Overflow !!
30 : update_scale(): _has_overflow, dynamic. _loss_scale =  1.0
[2022-11-26 04:34:08.459950] Finished iteration 300, CKPT_AND_STOP: False, flag: tensor([0], dtype=torch.int32), speed: 2251.466
30 Overflow !!
30 : update_scale(): _has_overflow, dynamic. _loss_scale =  1.0
[2022-11-26 04:34:10.632088] Finished iteration 301, CKPT_AND_STOP: False, flag: tensor([0], dtype=torch.int32), speed: 2172.105
30 Overflow !!
30 : update_scale(): _has_overflow, dynamic. _loss_scale =  1.0
[2022-11-26 04:34:12.816670] Finished iteration 302, CKPT_AND_STOP: False, flag: tensor([0], dtype=torch.int32), speed: 2184.608
30 Overflow !!
30 : update_scale(): _has_overflow, dynamic. _loss_scale =  1.0
[2022-11-26 04:34:14.974455] Finished iteration 303, CKPT_AND_STOP: False, flag: tensor([0], dtype=torch.int32), speed: 2157.718
30 Overflow !!
30 : update_scale(): _has_overflow, dynamic. _loss_scale =  1.0
[2022-11-26 04:34:17.178259] Finished iteration 304, CKPT_AND_STOP: False, flag: tensor([0], dtype=torch.int32), speed: 2203.834
30 Overflow !!
30 : update_scale(): _has_overflow, dynamic. _loss_scale =  1.0
[2022-11-26 04:34:19.390910] Finished iteration 305, CKPT_AND_STOP: False, flag: tensor([0], dtype=torch.int32), speed: 2212.558
30 Overflow !!
30 : update_scale(): _has_overflow, dynamic. _loss_scale =  1.0
[2022-11-26 04:34:21.600387] Finished iteration 306, CKPT_AND_STOP: False, flag: tensor([0], dtype=torch.int32), speed: 2209.443
30 Overflow !!
30 : update_scale(): _has_overflow, dynamic. _loss_scale =  1.0
[2022-11-26 04:34:23.817036] Finished iteration 307, CKPT_AND_STOP: False, flag: tensor([0], dtype=torch.int32), speed: 2216.622
30 Overflow !!
30 : update_scale(): _has_overflow, dynamic. _loss_scale =  1.0
[2022-11-26 04:34:26.004412] Finished iteration 308, CKPT_AND_STOP: False, flag: tensor([0], dtype=torch.int32), speed: 2187.344
30 Overflow !!
30 : update_scale(): _has_overflow, dynamic. _loss_scale =  1.0
[2022-11-26 04:34:28.155397] Finished iteration 309, CKPT_AND_STOP: False, flag: tensor([0], dtype=torch.int32), speed: 2150.947
30 Overflow !!
30 : update_scale(): _has_overflow, dynamic. _loss_scale =  1.0
[2022-11-26 04:34:30.351390] Finished iteration 310, CKPT_AND_STOP: False, flag: tensor([0], dtype=torch.int32), speed: 2196.055
30 Overflow !!
30 : update_scale(): _has_overflow, dynamic. _loss_scale =  1.0
[2022-11-26 04:34:32.529966] Finished iteration 311, CKPT_AND_STOP: False, flag: tensor([0], dtype=torch.int32), speed: 2178.477
30 Overflow !!
30 : update_scale(): _has_overflow, dynamic. _loss_scale =  1.0
[2022-11-26 04:34:34.683976] Finished iteration 312, CKPT_AND_STOP: False, flag: tensor([0], dtype=torch.int32), speed: 2153.968
30 Overflow !!
30 : update_scale(): _has_overflow, dynamic. _loss_scale =  1.0
[2022-11-26 04:34:36.837314] Finished iteration 313, CKPT_AND_STOP: False, flag: tensor([0], dtype=torch.int32), speed: 2153.308
30 Overflow !!
30 : update_scale(): _has_overflow, dynamic. _loss_scale =  1.0
[2022-11-26 04:34:38.982572] Finished iteration 314, CKPT_AND_STOP: False, flag: tensor([0], dtype=torch.int32), speed: 2145.332
30 Overflow !!
30 : update_scale(): _has_overflow, dynamic. _loss_scale =  1.0
[2022-11-26 04:34:41.114020] Finished iteration 315, CKPT_AND_STOP: False, flag: tensor([0], dtype=torch.int32), speed: 2131.333
30 Overflow !!
30 : update_scale(): _has_overflow, dynamic. _loss_scale =  1.0
[2022-11-26 04:34:43.513897] Finished iteration 316, CKPT_AND_STOP: False, flag: tensor([0], dtype=torch.int32), speed: 2399.851
30 Overflow !!
30 : update_scale(): _has_overflow, dynamic. _loss_scale =  1.0
[2022-11-26 04:34:45.769603] Finished iteration 317, CKPT_AND_STOP: False, flag: tensor([0], dtype=torch.int32), speed: 2255.703
30 Overflow !!
30 : update_scale(): _has_overflow, dynamic. _loss_scale =  1.0
[2022-11-26 04:34:47.962676] Finished iteration 318, CKPT_AND_STOP: False, flag: tensor([0], dtype=torch.int32), speed: 2192.997
30 Overflow !!
30 : update_scale(): _has_overflow, dynamic. _loss_scale =  1.0
[2022-11-26 04:34:50.121402] Finished iteration 319, CKPT_AND_STOP: False, flag: tensor([0], dtype=torch.int32), speed: 2158.711
30 Overflow !!
30 : update_scale(): _has_overflow, dynamic. _loss_scale =  1.0
[2022-11-26 04:34:52.259720] Finished iteration 320, CKPT_AND_STOP: False, flag: tensor([0], dtype=torch.int32), speed: 2138.296
30 Overflow !!
30 : update_scale(): _has_overflow, dynamic. _loss_scale =  1.0
[2022-11-26 04:34:54.441146] Finished iteration 321, CKPT_AND_STOP: False, flag: tensor([0], dtype=torch.int32), speed: 2181.373
30 Overflow !!
30 : update_scale(): _has_overflow, dynamic. _loss_scale =  1.0
[2022-11-26 04:34:56.586413] Finished iteration 322, CKPT_AND_STOP: False, flag: tensor([0], dtype=torch.int32), speed: 2145.256
30 Overflow !!
30 : update_scale(): _has_overflow, dynamic. _loss_scale =  1.0
[2022-11-26 04:34:58.982857] Finished iteration 323, CKPT_AND_STOP: False, flag: tensor([0], dtype=torch.int32), speed: 2396.393
30 Overflow !!
30 : update_scale(): _has_overflow, dynamic. _loss_scale =  1.0
[2022-11-26 04:35:01.193547] Finished iteration 324, CKPT_AND_STOP: False, flag: tensor([0], dtype=torch.int32), speed: 2210.761
30 Overflow !!
30 : update_scale(): _has_overflow, dynamic. _loss_scale =  1.0
[2022-11-26 04:35:03.411142] Finished iteration 325, CKPT_AND_STOP: False, flag: tensor([0], dtype=torch.int32), speed: 2217.485
30 Overflow !!
30 : update_scale(): _has_overflow, dynamic. _loss_scale =  1.0
[2022-11-26 04:35:05.547225] Finished iteration 326, CKPT_AND_STOP: False, flag: tensor([0], dtype=torch.int32), speed: 2136.031
30 Overflow !!
30 : update_scale(): _has_overflow, dynamic. _loss_scale =  1.0
[2022-11-26 04:35:07.782274] Finished iteration 327, CKPT_AND_STOP: False, flag: tensor([0], dtype=torch.int32), speed: 2235.023
30 Overflow !!
30 : update_scale(): _has_overflow, dynamic. _loss_scale =  1.0
[2022-11-26 04:35:09.937032] Finished iteration 328, CKPT_AND_STOP: False, flag: tensor([0], dtype=torch.int32), speed: 2154.736
30 Overflow !!
30 : update_scale(): _has_overflow, dynamic. _loss_scale =  1.0
[2022-11-26 04:35:12.110952] Finished iteration 329, CKPT_AND_STOP: False, flag: tensor([0], dtype=torch.int32), speed: 2173.892
30 Overflow !!
30 : update_scale(): _has_overflow, dynamic. _loss_scale =  1.0
[2022-11-26 04:35:14.275008] Finished iteration 330, CKPT_AND_STOP: False, flag: tensor([0], dtype=torch.int32), speed: 2164.029
30 Overflow !!
30 : update_scale(): _has_overflow, dynamic. _loss_scale =  1.0
[2022-11-26 04:35:16.415597] Finished iteration 331, CKPT_AND_STOP: False, flag: tensor([0], dtype=torch.int32), speed: 2140.579
30 Overflow !!
30 : update_scale(): _has_overflow, dynamic. _loss_scale =  1.0
[2022-11-26 04:35:18.609370] Finished iteration 332, CKPT_AND_STOP: False, flag: tensor([0], dtype=torch.int32), speed: 2193.722
30 Overflow !!
30 : update_scale(): _has_overflow, dynamic. _loss_scale =  1.0
[2022-11-26 04:35:20.824283] Finished iteration 333, CKPT_AND_STOP: False, flag: tensor([0], dtype=torch.int32), speed: 2214.883
30 Overflow !!
30 : update_scale(): _has_overflow, dynamic. _loss_scale =  1.0
[2022-11-26 04:35:23.005306] Finished iteration 334, CKPT_AND_STOP: False, flag: tensor([0], dtype=torch.int32), speed: 2181.007
30 Overflow !!
30 : update_scale(): _has_overflow, dynamic. _loss_scale =  1.0
[2022-11-26 04:35:25.208997] Finished iteration 335, CKPT_AND_STOP: False, flag: tensor([0], dtype=torch.int32), speed: 2203.647
30 Overflow !!
30 : update_scale(): _has_overflow, dynamic. _loss_scale =  1.0
[2022-11-26 04:35:27.905108] Finished iteration 336, CKPT_AND_STOP: False, flag: tensor([1], dtype=torch.int32), speed: 2696.102
2022-11-26 04:35:27.909680 Begin to save checkpont to s3://spot-checkpoints/bert and exit
Opt ckpt time 3.574154853820801
Process done with return code 0
Parent process ID: 14943 node: 172.31.28.16
24 cutpoints
Stages 1
Micro-bs 8 Max mem: 14622140211.200005
Predicted microbatch size for 1: 8
comm size 0
GPUS_PER_VM=1 /home/ubuntu/varuna/tools/simulator/simulate-varuna 1 5 0 2493369.62890625 0
End of simulation:  Mini-batch time (usec) = 4144382
Min send: 10000000, max send 0
Min long send: 10000000, max long send 0
Min fwd: 10000000, max fwd 0; min bwd 10000000, max bwd 0
Min long fwd: 141043, max long fwd 144458; min long bwd 184920, max long bwd 191040
Time taken by simulation: 48 microseconds

Stages 2
Micro-bs 8 Max mem: 7660942131.200001
Predicted microbatch size for 2: 8
comm size 4194304
WARNING: no send time found, 2 partitions
GPUS_PER_VM=1 /home/ubuntu/varuna/tools/simulator/simulate-varuna 2 9 0 970375.4272460938 248719.58977934244
End of simulation:  Mini-batch time (usec) = 3283515
Min send: 10000000, max send 0
Min long send: 249051, max long send 268766
Min fwd: 79750, max fwd 86627; min bwd 87708, max bwd 94754
Min long fwd: 58189, max long fwd 63385; min long bwd 92867, max long bwd 97330
Time taken by simulation: 189 microseconds

Stages 3
Micro-bs 8 Max mem: 5497876480.0
Predicted microbatch size for 3: 8
comm size 4194304
WARNING: no send time found, 3 partitions
GPUS_PER_VM=1 /home/ubuntu/varuna/tools/simulator/simulate-varuna 3 13 0 485476.6540527344 248719.58977934244
End of simulation:  Mini-batch time (usec) = 3469734
Min send: 10000000, max send 0
Min long send: 248801, max long send 271185
Min fwd: 34426, max fwd 67951; min bwd 53890, max bwd 64826
Min long fwd: 37108, max long fwd 45662; min long bwd 64919, max long bwd 72155
Time taken by simulation: 432 microseconds

Stages 4
Micro-bs 8 Max mem: 4406266675.2
Predicted microbatch size for 4: 8
comm size 4194304
WARNING: no send time found, 4 partitions
GPUS_PER_VM=1 /home/ubuntu/varuna/tools/simulator/simulate-varuna 4 19 0 352272.7355957031 248719.58977934244
End of simulation:  Mini-batch time (usec) = 4275253
Min send: 10000000, max send 0
Min long send: 248773, max long send 273424
Min fwd: 22410, max fwd 61283; min bwd 39748, max bwd 51303
Min long fwd: 29385, max long fwd 37648; min long bwd 47928, max long bwd 54735
Time taken by simulation: 867 microseconds

Stages 6
Micro-bs 8 Max mem: 3314656870.4
Predicted microbatch size for 6: 8
comm size 4194304
WARNING: no send time found, 6 partitions
GPUS_PER_VM=1 /home/ubuntu/varuna/tools/simulator/simulate-varuna 6 26 0 254962.82958984375 248719.58977934244
End of simulation:  Mini-batch time (usec) = 5944030
Min send: 10000000, max send 0
Min long send: 248735, max long send 278723
Min fwd: 10836, max fwd 44441; min bwd 24199, max bwd 35953
Min long fwd: 21303, max long fwd 29429; min long bwd 33298, max long bwd 40795
Time taken by simulation: 1951 microseconds

Stages 8
Micro-bs 8 Max mem: 2758774988.8
Predicted microbatch size for 8: 8
comm size 4194304
WARNING: no send time found, 8 partitions
GPUS_PER_VM=1 /home/ubuntu/varuna/tools/simulator/simulate-varuna 8 43 0 178155.74645996094 248719.58977934244
End of simulation:  Mini-batch time (usec) = 9019309
Min send: 10000000, max send 0
Min long send: 248735, max long send 276940
Min fwd: 5776, max fwd 41014; min bwd 16548, max bwd 29492
Min long fwd: 17309, max long fwd 25772; min long bwd 25282, max long bwd 32088
Time taken by simulation: 4422 microseconds

Stages 12
Micro-bs 8 Max mem: 2202893107.2
Predicted microbatch size for 12: 8
comm size 4194304
WARNING: no send time found, 12 partitions
GPUS_PER_VM=1 /home/ubuntu/varuna/tools/simulator/simulate-varuna 12 64 0 117116.2109375 248719.58977934244
End of simulation:  Mini-batch time (usec) = 13687683
Min send: 10000000, max send 0
Min long send: 248720, max long send 280797
Min fwd: 141, max fwd 25024; min bwd 6433, max bwd 23373
Min long fwd: 7201, max long fwd 18161; min long bwd 16833, max long bwd 28389
Time taken by simulation: 10570 microseconds

{1: 4.144382, 2: 3.283515, 3: 3.469734, 4: 4.275253, 6: 5.94403, 8: 9.019309, 12: 13.687683}
{1: 8, 2: 8, 3: 8, 4: 8, 6: 8, 8: 8, 12: 8}
best config is: 2 8
expected time is 3.283515
15 per stage
30 servers!
30 30 I am of no use!
Parent process ID: 15294 node: 172.31.28.16
24 cutpoints
Stages 1
Micro-bs 8 Max mem: 14622140211.200005
Predicted microbatch size for 1: 8
comm size 0
GPUS_PER_VM=1 /home/ubuntu/varuna/tools/simulator/simulate-varuna 1 4 0 3598379.5166015625 0
End of simulation:  Mini-batch time (usec) = 4923429
Min send: 10000000, max send 0
Min long send: 10000000, max long send 0
Min fwd: 10000000, max fwd 0; min bwd 10000000, max bwd 0
Min long fwd: 142174, max long fwd 144458; min long bwd 186536, max long bwd 191040
Time taken by simulation: 45 microseconds

Stages 2
Micro-bs 8 Max mem: 7660942131.200001
Predicted microbatch size for 2: 8
comm size 4194304
WARNING: no send time found, 2 partitions
GPUS_PER_VM=1 /home/ubuntu/varuna/tools/simulator/simulate-varuna 2 8 0 954047.119140625 248719.58977934244
End of simulation:  Mini-batch time (usec) = 3096062
Min send: 10000000, max send 0
Min long send: 249051, max long send 268766
Min fwd: 79507, max fwd 86627; min bwd 88131, max bwd 94131
Min long fwd: 58556, max long fwd 63385; min long bwd 92867, max long bwd 97582
Time taken by simulation: 168 microseconds

Stages 3
Micro-bs 8 Max mem: 5497876480.0
Predicted microbatch size for 3: 8
comm size 4194304
WARNING: no send time found, 3 partitions
GPUS_PER_VM=1 /home/ubuntu/varuna/tools/simulator/simulate-varuna 3 13 0 485476.6540527344 248719.58977934244
End of simulation:  Mini-batch time (usec) = 3469734
Min send: 10000000, max send 0
Min long send: 248801, max long send 271185
Min fwd: 34426, max fwd 67951; min bwd 53890, max bwd 64826
Min long fwd: 37108, max long fwd 45662; min long bwd 64919, max long bwd 72155
Time taken by simulation: 424 microseconds

Stages 4
Micro-bs 8 Max mem: 4406266675.2
Predicted microbatch size for 4: 8
comm size 4194304
WARNING: no send time found, 4 partitions
GPUS_PER_VM=1 /home/ubuntu/varuna/tools/simulator/simulate-varuna 4 16 0 364488.09814453125 248719.58977934244
End of simulation:  Mini-batch time (usec) = 3900556
Min send: 10000000, max send 0
Min long send: 248773, max long send 273424
Min fwd: 20622, max fwd 60312; min bwd 40311, max bwd 50179
Min long fwd: 29744, max long fwd 36491; min long bwd 47928, max long bwd 56568
Time taken by simulation: 727 microseconds

Stages 6
Micro-bs 8 Max mem: 3314656870.4
Predicted microbatch size for 6: 8
comm size 4194304
WARNING: no send time found, 6 partitions
GPUS_PER_VM=1 /home/ubuntu/varuna/tools/simulator/simulate-varuna 6 26 0 254962.82958984375 248719.58977934244
End of simulation:  Mini-batch time (usec) = 5944030
Min send: 10000000, max send 0
Min long send: 248735, max long send 278723
Min fwd: 10836, max fwd 44441; min bwd 24199, max bwd 35953
Min long fwd: 21303, max long fwd 29429; min long bwd 33298, max long bwd 40795
Time taken by simulation: 1940 microseconds

Stages 8
Micro-bs 8 Max mem: 2758774988.8
Predicted microbatch size for 8: 8
comm size 4194304
WARNING: no send time found, 8 partitions
GPUS_PER_VM=1 /home/ubuntu/varuna/tools/simulator/simulate-varuna 8 32 0 244280.30395507812 248719.58977934244
End of simulation:  Mini-batch time (usec) = 7674225
Min send: 10000000, max send 0
Min long send: 248719, max long send 278723
Min fwd: 6779, max fwd 41103; min bwd 15994, max bwd 28589
Min long fwd: 18906, max long fwd 26091; min long bwd 25267, max long bwd 32480
Time taken by simulation: 3207 microseconds

Stages 12
Micro-bs 8 Max mem: 2202893107.2
Predicted microbatch size for 12: 8
comm size 4194304
WARNING: no send time found, 12 partitions
GPUS_PER_VM=1 /home/ubuntu/varuna/tools/simulator/simulate-varuna 12 64 0 117116.2109375 248719.58977934244
End of simulation:  Mini-batch time (usec) = 13687683
Min send: 10000000, max send 0
Min long send: 248720, max long send 280797
Min fwd: 141, max fwd 25024; min bwd 6433, max bwd 23373
Min long fwd: 7201, max long fwd 18161; min long bwd 16833, max long bwd 28389
Time taken by simulation: 10455 microseconds

{1: 4.923429, 2: 3.096062, 3: 3.469734, 4: 3.900556, 6: 5.94403, 8: 7.674225, 12: 13.687683}
{1: 8, 2: 8, 3: 8, 4: 8, 6: 8, 8: 8, 12: 8}
best config is: 2 8
expected time is 3.096062
16 per stage
32 servers!
Config:
ranks: range(30, 31)
train batch size: 1024
partitions: 2
chunk_size: 8
data depth: 16
stage to rank map: 0,2,4,6,8,10,12,14,16,18,20,22,24,26,28,30;1,3,5,7,9,11,13,15,17,19,21,23,25,27,29,31;
World size is 32
/opt/conda/envs/varuna/bin/python -u /home/ubuntu/varuna_examples/DeepLearningExamples/PyTorch/LanguageModeling/BERT/run_pretraining.py --rank=30 --chunk_size=8 --local_rank=0 --stage_to_rank_map=0,2,4,6,8,10,12,14,16,18,20,22,24,26,28,30;1,3,5,7,9,11,13,15,17,19,21,23,25,27,29,31; --batch-size=64 --input_dir=/hdf5_lower_case_1_seq_len_128_max_pred_20_masked_lm_prob_0.15_random_seed_12345_dupe_factor_5/wikicorpus_en/ --output_dir=s3://spot-checkpoints/bert --config_file=bert_config.json --bert_model=bert-large-uncased --train_batch_size=1024 --max_seq_length=128 --max_predictions_per_seq=20 --max_steps=7038 --warmup_proportion=0.2843 --num_steps_per_checkpoint=200 --learning_rate=6e-3 --seed=12439 --fp16 --gradient_accumulation_steps=128 --allreduce_post_accumulation --allreduce_post_accumulation_fp16 --do_train --json-summary /home/ubuntu/varuna_examples/DeepLearningExamples/PyTorch/LanguageModeling/BERT/results/dllogger.json --varuna --resume_step 338
device: cuda:0 n_gpu: 1, distributed training: True, 16-bits training: True
dry run time 0.23929882049560547
SHARED WEIGHTS ARE
[(0, 1)]
this rank  30 is part of pipeline replica  15
8 chunks
Begin to load checkpint from s3://spot-checkpoints/bert/ckpt_338.pt
2022-11-26 04:38:37.603089 resume step from  338
2022-11-26 04:39:33.482950 - Finished loading checkpoint, takes 55.853 secs
30 Overflow !!
30 : update_scale(): _has_overflow, dynamic. _loss_scale =  524288.0
[2022-11-26 04:40:09.755821] Finished iteration 338, CKPT_AND_STOP: False, flag: tensor([0], dtype=torch.int32), speed: 5335.123
30 Overflow !!
30 : update_scale(): _has_overflow, dynamic. _loss_scale =  262144.0
[2022-11-26 04:40:12.943936] Finished iteration 339, CKPT_AND_STOP: False, flag: tensor([0], dtype=torch.int32), speed: 3187.919
30 Overflow !!
30 : update_scale(): _has_overflow, dynamic. _loss_scale =  131072.0
[2022-11-26 04:40:16.098802] Finished iteration 340, CKPT_AND_STOP: False, flag: tensor([0], dtype=torch.int32), speed: 3154.844
30 Overflow !!
30 : update_scale(): _has_overflow, dynamic. _loss_scale =  65536.0
[2022-11-26 04:40:19.252010] Finished iteration 341, CKPT_AND_STOP: False, flag: tensor([0], dtype=torch.int32), speed: 3153.169
30 Overflow !!
30 : update_scale(): _has_overflow, dynamic. _loss_scale =  32768.0
[2022-11-26 04:40:21.407018] Finished iteration 342, CKPT_AND_STOP: False, flag: tensor([0], dtype=torch.int32), speed: 2155.025
30 Overflow !!
30 : update_scale(): _has_overflow, dynamic. _loss_scale =  16384.0
[2022-11-26 04:40:23.551956] Finished iteration 343, CKPT_AND_STOP: False, flag: tensor([0], dtype=torch.int32), speed: 2144.902
30 Overflow !!
30 : update_scale(): _has_overflow, dynamic. _loss_scale =  8192.0
[2022-11-26 04:40:25.705543] Finished iteration 344, CKPT_AND_STOP: False, flag: tensor([0], dtype=torch.int32), speed: 2153.542
30 Overflow !!
30 : update_scale(): _has_overflow, dynamic. _loss_scale =  4096.0
[2022-11-26 04:40:27.924999] Finished iteration 345, CKPT_AND_STOP: False, flag: tensor([0], dtype=torch.int32), speed: 2219.454
30 Overflow !!
30 : update_scale(): _has_overflow, dynamic. _loss_scale =  2048.0
[2022-11-26 04:40:30.071045] Finished iteration 346, CKPT_AND_STOP: False, flag: tensor([0], dtype=torch.int32), speed: 2146.002
30 Overflow !!
30 : update_scale(): _has_overflow, dynamic. _loss_scale =  1024.0
[2022-11-26 04:40:32.263462] Finished iteration 347, CKPT_AND_STOP: False, flag: tensor([0], dtype=torch.int32), speed: 2192.395
30 Overflow !!
30 : update_scale(): _has_overflow, dynamic. _loss_scale =  512.0
[2022-11-26 04:40:34.445195] Finished iteration 348, CKPT_AND_STOP: False, flag: tensor([0], dtype=torch.int32), speed: 2181.715
30 Overflow !!
30 : update_scale(): _has_overflow, dynamic. _loss_scale =  256.0
[2022-11-26 04:40:36.629766] Finished iteration 349, CKPT_AND_STOP: False, flag: tensor([0], dtype=torch.int32), speed: 2184.535
30 Overflow !!
30 : update_scale(): _has_overflow, dynamic. _loss_scale =  128.0
[2022-11-26 04:40:38.814431] Finished iteration 350, CKPT_AND_STOP: False, flag: tensor([0], dtype=torch.int32), speed: 2184.715
30 Overflow !!
30 : update_scale(): _has_overflow, dynamic. _loss_scale =  64.0
[2022-11-26 04:40:40.955702] Finished iteration 351, CKPT_AND_STOP: False, flag: tensor([0], dtype=torch.int32), speed: 2141.189
30 Overflow !!
30 : update_scale(): _has_overflow, dynamic. _loss_scale =  32.0
[2022-11-26 04:40:43.115677] Finished iteration 352, CKPT_AND_STOP: False, flag: tensor([0], dtype=torch.int32), speed: 2159.940
30 Overflow !!
30 : update_scale(): _has_overflow, dynamic. _loss_scale =  16.0
[2022-11-26 04:40:45.257549] Finished iteration 353, CKPT_AND_STOP: False, flag: tensor([0], dtype=torch.int32), speed: 2141.858
30 Overflow !!
30 : update_scale(): _has_overflow, dynamic. _loss_scale =  8.0
[2022-11-26 04:40:47.387927] Finished iteration 354, CKPT_AND_STOP: False, flag: tensor([0], dtype=torch.int32), speed: 2130.320
30 Overflow !!
30 : update_scale(): _has_overflow, dynamic. _loss_scale =  4.0
[2022-11-26 04:40:49.528449] Finished iteration 355, CKPT_AND_STOP: False, flag: tensor([0], dtype=torch.int32), speed: 2140.575
30 Overflow !!
30 : update_scale(): _has_overflow, dynamic. _loss_scale =  2.0
[2022-11-26 04:40:51.688728] Finished iteration 356, CKPT_AND_STOP: False, flag: tensor([0], dtype=torch.int32), speed: 2160.190
30 Overflow !!
30 : update_scale(): _has_overflow, dynamic. _loss_scale =  1.0
[2022-11-26 04:40:53.870282] Finished iteration 357, CKPT_AND_STOP: False, flag: tensor([0], dtype=torch.int32), speed: 2181.530
30 Overflow !!
30 : update_scale(): _has_overflow, dynamic. _loss_scale =  1.0
[2022-11-26 04:40:56.055763] Finished iteration 358, CKPT_AND_STOP: False, flag: tensor([0], dtype=torch.int32), speed: 2185.452
30 Overflow !!
30 : update_scale(): _has_overflow, dynamic. _loss_scale =  1.0
[2022-11-26 04:40:58.223971] Finished iteration 359, CKPT_AND_STOP: False, flag: tensor([0], dtype=torch.int32), speed: 2168.170
30 Overflow !!
30 : update_scale(): _has_overflow, dynamic. _loss_scale =  1.0
[2022-11-26 04:41:00.418880] Finished iteration 360, CKPT_AND_STOP: False, flag: tensor([0], dtype=torch.int32), speed: 2194.889
30 Overflow !!
30 : update_scale(): _has_overflow, dynamic. _loss_scale =  1.0
[2022-11-26 04:41:02.581024] Finished iteration 361, CKPT_AND_STOP: False, flag: tensor([0], dtype=torch.int32), speed: 2162.121
30 Overflow !!
30 : update_scale(): _has_overflow, dynamic. _loss_scale =  1.0
[2022-11-26 04:41:04.777872] Finished iteration 362, CKPT_AND_STOP: False, flag: tensor([0], dtype=torch.int32), speed: 2196.853
30 Overflow !!
30 : update_scale(): _has_overflow, dynamic. _loss_scale =  1.0
[2022-11-26 04:41:06.929800] Finished iteration 363, CKPT_AND_STOP: False, flag: tensor([0], dtype=torch.int32), speed: 2151.868
30 Overflow !!
30 : update_scale(): _has_overflow, dynamic. _loss_scale =  1.0
[2022-11-26 04:41:09.108655] Finished iteration 364, CKPT_AND_STOP: False, flag: tensor([0], dtype=torch.int32), speed: 2178.797
30 Overflow !!
30 : update_scale(): _has_overflow, dynamic. _loss_scale =  1.0
[2022-11-26 04:41:11.265705] Finished iteration 365, CKPT_AND_STOP: False, flag: tensor([0], dtype=torch.int32), speed: 2157.031
30 Overflow !!
30 : update_scale(): _has_overflow, dynamic. _loss_scale =  1.0
[2022-11-26 04:41:13.422193] Finished iteration 366, CKPT_AND_STOP: False, flag: tensor([0], dtype=torch.int32), speed: 2156.469
30 Overflow !!
30 : update_scale(): _has_overflow, dynamic. _loss_scale =  1.0
[2022-11-26 04:41:15.916024] Finished iteration 367, CKPT_AND_STOP: False, flag: tensor([0], dtype=torch.int32), speed: 2493.801
30 Overflow !!
30 : update_scale(): _has_overflow, dynamic. _loss_scale =  1.0
[2022-11-26 04:41:18.126346] Finished iteration 368, CKPT_AND_STOP: False, flag: tensor([0], dtype=torch.int32), speed: 2210.315
30 Overflow !!
30 : update_scale(): _has_overflow, dynamic. _loss_scale =  1.0
[2022-11-26 04:41:20.381548] Finished iteration 369, CKPT_AND_STOP: False, flag: tensor([0], dtype=torch.int32), speed: 2255.161
30 Overflow !!
30 : update_scale(): _has_overflow, dynamic. _loss_scale =  1.0
[2022-11-26 04:41:22.518949] Finished iteration 370, CKPT_AND_STOP: False, flag: tensor([0], dtype=torch.int32), speed: 2137.380
30 Overflow !!
30 : update_scale(): _has_overflow, dynamic. _loss_scale =  1.0
[2022-11-26 04:41:24.726390] Finished iteration 371, CKPT_AND_STOP: False, flag: tensor([0], dtype=torch.int32), speed: 2207.407
30 Overflow !!
30 : update_scale(): _has_overflow, dynamic. _loss_scale =  1.0
[2022-11-26 04:41:26.891757] Finished iteration 372, CKPT_AND_STOP: False, flag: tensor([0], dtype=torch.int32), speed: 2165.365
30 Overflow !!
30 : update_scale(): _has_overflow, dynamic. _loss_scale =  1.0
[2022-11-26 04:41:29.090391] Finished iteration 373, CKPT_AND_STOP: False, flag: tensor([0], dtype=torch.int32), speed: 2198.585
30 Overflow !!
30 : update_scale(): _has_overflow, dynamic. _loss_scale =  1.0
[2022-11-26 04:41:31.333086] Finished iteration 374, CKPT_AND_STOP: False, flag: tensor([0], dtype=torch.int32), speed: 2242.666
30 Overflow !!
30 : update_scale(): _has_overflow, dynamic. _loss_scale =  1.0
[2022-11-26 04:41:33.470067] Finished iteration 375, CKPT_AND_STOP: False, flag: tensor([0], dtype=torch.int32), speed: 2136.972
30 Overflow !!
30 : update_scale(): _has_overflow, dynamic. _loss_scale =  1.0
[2022-11-26 04:41:35.668374] Finished iteration 376, CKPT_AND_STOP: False, flag: tensor([0], dtype=torch.int32), speed: 2198.264
30 Overflow !!
30 : update_scale(): _has_overflow, dynamic. _loss_scale =  1.0
[2022-11-26 04:41:37.821397] Finished iteration 377, CKPT_AND_STOP: False, flag: tensor([0], dtype=torch.int32), speed: 2153.005
30 Overflow !!
30 : update_scale(): _has_overflow, dynamic. _loss_scale =  1.0
[2022-11-26 04:41:40.013494] Finished iteration 378, CKPT_AND_STOP: False, flag: tensor([0], dtype=torch.int32), speed: 2192.069
30 Overflow !!
30 : update_scale(): _has_overflow, dynamic. _loss_scale =  1.0
[2022-11-26 04:41:42.397101] Finished iteration 379, CKPT_AND_STOP: False, flag: tensor([0], dtype=torch.int32), speed: 2383.571
30 Overflow !!
30 : update_scale(): _has_overflow, dynamic. _loss_scale =  1.0
[2022-11-26 04:41:44.552780] Finished iteration 380, CKPT_AND_STOP: False, flag: tensor([0], dtype=torch.int32), speed: 2155.744
30 Overflow !!
30 : update_scale(): _has_overflow, dynamic. _loss_scale =  1.0
[2022-11-26 04:41:46.746872] Finished iteration 381, CKPT_AND_STOP: False, flag: tensor([0], dtype=torch.int32), speed: 2194.004
30 Overflow !!
30 : update_scale(): _has_overflow, dynamic. _loss_scale =  1.0
[2022-11-26 04:41:48.887588] Finished iteration 382, CKPT_AND_STOP: False, flag: tensor([0], dtype=torch.int32), speed: 2140.676
30 Overflow !!
30 : update_scale(): _has_overflow, dynamic. _loss_scale =  1.0
[2022-11-26 04:41:51.025035] Finished iteration 383, CKPT_AND_STOP: False, flag: tensor([0], dtype=torch.int32), speed: 2137.449
30 Overflow !!
30 : update_scale(): _has_overflow, dynamic. _loss_scale =  1.0
[2022-11-26 04:41:53.224726] Finished iteration 384, CKPT_AND_STOP: False, flag: tensor([0], dtype=torch.int32), speed: 2199.627
30 Overflow !!
30 : update_scale(): _has_overflow, dynamic. _loss_scale =  1.0
[2022-11-26 04:41:55.421689] Finished iteration 385, CKPT_AND_STOP: False, flag: tensor([0], dtype=torch.int32), speed: 2196.934
30 Overflow !!
30 : update_scale(): _has_overflow, dynamic. _loss_scale =  1.0
[2022-11-26 04:41:57.613663] Finished iteration 386, CKPT_AND_STOP: False, flag: tensor([0], dtype=torch.int32), speed: 2191.962
30 Overflow !!
30 : update_scale(): _has_overflow, dynamic. _loss_scale =  1.0
[2022-11-26 04:41:59.813462] Finished iteration 387, CKPT_AND_STOP: False, flag: tensor([0], dtype=torch.int32), speed: 2199.868
30 Overflow !!
30 : update_scale(): _has_overflow, dynamic. _loss_scale =  1.0
[2022-11-26 04:42:01.970309] Finished iteration 388, CKPT_AND_STOP: False, flag: tensor([0], dtype=torch.int32), speed: 2156.723
30 Overflow !!
30 : update_scale(): _has_overflow, dynamic. _loss_scale =  1.0
[2022-11-26 04:42:04.330270] Finished iteration 389, CKPT_AND_STOP: False, flag: tensor([0], dtype=torch.int32), speed: 2359.933
30 Overflow !!
30 : update_scale(): _has_overflow, dynamic. _loss_scale =  1.0
[2022-11-26 04:42:06.810894] Finished iteration 390, CKPT_AND_STOP: False, flag: tensor([0], dtype=torch.int32), speed: 2480.594
30 Overflow !!
30 : update_scale(): _has_overflow, dynamic. _loss_scale =  1.0
[2022-11-26 04:42:08.971591] Finished iteration 391, CKPT_AND_STOP: False, flag: tensor([0], dtype=torch.int32), speed: 2160.673
30 Overflow !!
30 : update_scale(): _has_overflow, dynamic. _loss_scale =  1.0
[2022-11-26 04:42:11.124446] Finished iteration 392, CKPT_AND_STOP: False, flag: tensor([0], dtype=torch.int32), speed: 2152.832
30 Overflow !!
30 : update_scale(): _has_overflow, dynamic. _loss_scale =  1.0
[2022-11-26 04:42:13.293701] Finished iteration 393, CKPT_AND_STOP: False, flag: tensor([0], dtype=torch.int32), speed: 2169.240
30 Overflow !!
30 : update_scale(): _has_overflow, dynamic. _loss_scale =  1.0
[2022-11-26 04:42:15.460025] Finished iteration 394, CKPT_AND_STOP: False, flag: tensor([0], dtype=torch.int32), speed: 2166.282
30 Overflow !!
30 : update_scale(): _has_overflow, dynamic. _loss_scale =  1.0
[2022-11-26 04:42:17.666919] Finished iteration 395, CKPT_AND_STOP: False, flag: tensor([0], dtype=torch.int32), speed: 2206.886
30 Overflow !!
30 : update_scale(): _has_overflow, dynamic. _loss_scale =  1.0
[2022-11-26 04:42:19.891860] Finished iteration 396, CKPT_AND_STOP: False, flag: tensor([0], dtype=torch.int32), speed: 2224.914
30 Overflow !!
30 : update_scale(): _has_overflow, dynamic. _loss_scale =  1.0
[2022-11-26 04:42:22.078402] Finished iteration 397, CKPT_AND_STOP: False, flag: tensor([0], dtype=torch.int32), speed: 2186.515
30 Overflow !!
30 : update_scale(): _has_overflow, dynamic. _loss_scale =  1.0
[2022-11-26 04:42:24.261818] Finished iteration 398, CKPT_AND_STOP: False, flag: tensor([0], dtype=torch.int32), speed: 2183.443
30 Overflow !!
30 : update_scale(): _has_overflow, dynamic. _loss_scale =  1.0
[2022-11-26 04:42:26.392065] Finished iteration 399, CKPT_AND_STOP: False, flag: tensor([0], dtype=torch.int32), speed: 2130.193
30 Overflow !!
30 : update_scale(): _has_overflow, dynamic. _loss_scale =  1.0
[2022-11-26 04:42:28.599751] Finished iteration 400, CKPT_AND_STOP: False, flag: tensor([0], dtype=torch.int32), speed: 2207.659
30 Overflow !!
30 : update_scale(): _has_overflow, dynamic. _loss_scale =  1.0
[2022-11-26 04:42:30.795043] Finished iteration 401, CKPT_AND_STOP: False, flag: tensor([0], dtype=torch.int32), speed: 2195.271
30 Overflow !!
30 : update_scale(): _has_overflow, dynamic. _loss_scale =  1.0
[2022-11-26 04:42:33.001332] Finished iteration 402, CKPT_AND_STOP: False, flag: tensor([0], dtype=torch.int32), speed: 2206.229
30 Overflow !!
30 : update_scale(): _has_overflow, dynamic. _loss_scale =  1.0
[2022-11-26 04:42:35.167322] Finished iteration 403, CKPT_AND_STOP: False, flag: tensor([0], dtype=torch.int32), speed: 2165.953
30 Overflow !!
30 : update_scale(): _has_overflow, dynamic. _loss_scale =  1.0
[2022-11-26 04:42:37.325769] Finished iteration 404, CKPT_AND_STOP: False, flag: tensor([0], dtype=torch.int32), speed: 2158.430
30 Overflow !!
30 : update_scale(): _has_overflow, dynamic. _loss_scale =  1.0
[2022-11-26 04:42:39.492336] Finished iteration 405, CKPT_AND_STOP: False, flag: tensor([0], dtype=torch.int32), speed: 2166.510
30 Overflow !!
30 : update_scale(): _has_overflow, dynamic. _loss_scale =  1.0
[2022-11-26 04:42:41.666290] Finished iteration 406, CKPT_AND_STOP: False, flag: tensor([0], dtype=torch.int32), speed: 2173.946
30 Overflow !!
30 : update_scale(): _has_overflow, dynamic. _loss_scale =  1.0
[2022-11-26 04:42:43.884413] Finished iteration 407, CKPT_AND_STOP: False, flag: tensor([0], dtype=torch.int32), speed: 2218.109
30 Overflow !!
30 : update_scale(): _has_overflow, dynamic. _loss_scale =  1.0
[2022-11-26 04:42:46.064088] Finished iteration 408, CKPT_AND_STOP: False, flag: tensor([0], dtype=torch.int32), speed: 2179.624
30 Overflow !!
30 : update_scale(): _has_overflow, dynamic. _loss_scale =  1.0
[2022-11-26 04:42:48.273012] Finished iteration 409, CKPT_AND_STOP: False, flag: tensor([0], dtype=torch.int32), speed: 2208.926
30 Overflow !!
30 : update_scale(): _has_overflow, dynamic. _loss_scale =  1.0
[2022-11-26 04:42:50.444130] Finished iteration 410, CKPT_AND_STOP: False, flag: tensor([0], dtype=torch.int32), speed: 2171.063
30 Overflow !!
30 : update_scale(): _has_overflow, dynamic. _loss_scale =  1.0
[2022-11-26 04:42:52.661838] Finished iteration 411, CKPT_AND_STOP: False, flag: tensor([0], dtype=torch.int32), speed: 2217.724
30 Overflow !!
30 : update_scale(): _has_overflow, dynamic. _loss_scale =  1.0
[2022-11-26 04:42:54.865614] Finished iteration 412, CKPT_AND_STOP: False, flag: tensor([0], dtype=torch.int32), speed: 2203.720
30 Overflow !!
30 : update_scale(): _has_overflow, dynamic. _loss_scale =  1.0
[2022-11-26 04:42:57.051363] Finished iteration 413, CKPT_AND_STOP: False, flag: tensor([0], dtype=torch.int32), speed: 2185.707
30 Overflow !!
30 : update_scale(): _has_overflow, dynamic. _loss_scale =  1.0
[2022-11-26 04:42:59.284774] Finished iteration 414, CKPT_AND_STOP: False, flag: tensor([0], dtype=torch.int32), speed: 2233.388
30 Overflow !!
30 : update_scale(): _has_overflow, dynamic. _loss_scale =  1.0
[2022-11-26 04:43:01.435642] Finished iteration 415, CKPT_AND_STOP: False, flag: tensor([0], dtype=torch.int32), speed: 2150.841
30 Overflow !!
30 : update_scale(): _has_overflow, dynamic. _loss_scale =  1.0
[2022-11-26 04:43:03.694913] Finished iteration 416, CKPT_AND_STOP: False, flag: tensor([0], dtype=torch.int32), speed: 2259.270
30 Overflow !!
30 : update_scale(): _has_overflow, dynamic. _loss_scale =  1.0
[2022-11-26 04:43:05.892524] Finished iteration 417, CKPT_AND_STOP: False, flag: tensor([0], dtype=torch.int32), speed: 2197.559
30 Overflow !!
30 : update_scale(): _has_overflow, dynamic. _loss_scale =  1.0
[2022-11-26 04:43:08.074538] Finished iteration 418, CKPT_AND_STOP: False, flag: tensor([0], dtype=torch.int32), speed: 2181.989
30 Overflow !!
30 : update_scale(): _has_overflow, dynamic. _loss_scale =  1.0
[2022-11-26 04:43:10.229967] Finished iteration 419, CKPT_AND_STOP: False, flag: tensor([0], dtype=torch.int32), speed: 2155.437
30 Overflow !!
30 : update_scale(): _has_overflow, dynamic. _loss_scale =  1.0
[2022-11-26 04:43:12.435021] Finished iteration 420, CKPT_AND_STOP: False, flag: tensor([0], dtype=torch.int32), speed: 2205.010
30 Overflow !!
30 : update_scale(): _has_overflow, dynamic. _loss_scale =  1.0
[2022-11-26 04:43:14.570413] Finished iteration 421, CKPT_AND_STOP: False, flag: tensor([0], dtype=torch.int32), speed: 2135.359
30 Overflow !!
30 : update_scale(): _has_overflow, dynamic. _loss_scale =  1.0
[2022-11-26 04:43:16.792328] Finished iteration 422, CKPT_AND_STOP: False, flag: tensor([0], dtype=torch.int32), speed: 2221.886
30 Overflow !!
30 : update_scale(): _has_overflow, dynamic. _loss_scale =  1.0
[2022-11-26 04:43:19.000564] Finished iteration 423, CKPT_AND_STOP: False, flag: tensor([0], dtype=torch.int32), speed: 2208.233
30 Overflow !!
30 : update_scale(): _has_overflow, dynamic. _loss_scale =  1.0
[2022-11-26 04:43:21.190100] Finished iteration 424, CKPT_AND_STOP: False, flag: tensor([0], dtype=torch.int32), speed: 2189.476
30 Overflow !!
30 : update_scale(): _has_overflow, dynamic. _loss_scale =  1.0
[2022-11-26 04:43:23.373633] Finished iteration 425, CKPT_AND_STOP: False, flag: tensor([0], dtype=torch.int32), speed: 2183.509
30 Overflow !!
30 : update_scale(): _has_overflow, dynamic. _loss_scale =  1.0
[2022-11-26 04:43:25.545828] Finished iteration 426, CKPT_AND_STOP: False, flag: tensor([0], dtype=torch.int32), speed: 2172.215
30 Overflow !!
30 : update_scale(): _has_overflow, dynamic. _loss_scale =  1.0
[2022-11-26 04:43:27.733011] Finished iteration 427, CKPT_AND_STOP: False, flag: tensor([1], dtype=torch.int32), speed: 2187.111
2022-11-26 04:43:27.737516 Begin to save checkpont to s3://spot-checkpoints/bert and exit
Opt ckpt time 3.7059037685394287
Process done with return code 0
