Parent process ID: 1980 node: 172.31.30.89
24 cutpoints
Stages 1
Micro-bs 8 Max mem: 14622140211.200005
Predicted microbatch size for 1: 8
comm size 0
GPUS_PER_VM=1 /home/ubuntu/varuna/tools/simulator/simulate-varuna 1 4 0 3598379.5166015625 0
End of simulation:  Mini-batch time (usec) = 4923429
Min send: 10000000, max send 0
Min long send: 10000000, max long send 0
Min fwd: 10000000, max fwd 0; min bwd 10000000, max bwd 0
Min long fwd: 142174, max long fwd 144458; min long bwd 186536, max long bwd 191040
Time taken by simulation: 42 microseconds

Stages 2
Micro-bs 8 Max mem: 7660942131.200001
Predicted microbatch size for 2: 8
comm size 4194304
WARNING: no send time found, 2 partitions
GPUS_PER_VM=1 /home/ubuntu/varuna/tools/simulator/simulate-varuna 2 8 0 954047.119140625 248719.58977934244
End of simulation:  Mini-batch time (usec) = 3096062
Min send: 10000000, max send 0
Min long send: 249051, max long send 268766
Min fwd: 79507, max fwd 86627; min bwd 88131, max bwd 94131
Min long fwd: 58556, max long fwd 63385; min long bwd 92867, max long bwd 97582
Time taken by simulation: 164 microseconds

Stages 3
Micro-bs 8 Max mem: 5497876480.0
Predicted microbatch size for 3: 8
comm size 4194304
WARNING: no send time found, 3 partitions
GPUS_PER_VM=1 /home/ubuntu/varuna/tools/simulator/simulate-varuna 3 13 0 485476.6540527344 248719.58977934244
End of simulation:  Mini-batch time (usec) = 3469734
Min send: 10000000, max send 0
Min long send: 248801, max long send 271185
Min fwd: 34426, max fwd 67951; min bwd 53890, max bwd 64826
Min long fwd: 37108, max long fwd 45662; min long bwd 64919, max long bwd 72155
Time taken by simulation: 425 microseconds

Stages 4
Micro-bs 8 Max mem: 4406266675.2
Predicted microbatch size for 4: 8
comm size 4194304
WARNING: no send time found, 4 partitions
GPUS_PER_VM=1 /home/ubuntu/varuna/tools/simulator/simulate-varuna 4 16 0 364488.09814453125 248719.58977934244
End of simulation:  Mini-batch time (usec) = 3900556
Min send: 10000000, max send 0
Min long send: 248773, max long send 273424
Min fwd: 20622, max fwd 60312; min bwd 40311, max bwd 50179
Min long fwd: 29744, max long fwd 36491; min long bwd 47928, max long bwd 56568
Time taken by simulation: 724 microseconds

Stages 6
Micro-bs 8 Max mem: 3314656870.4
Predicted microbatch size for 6: 8
comm size 4194304
WARNING: no send time found, 6 partitions
GPUS_PER_VM=1 /home/ubuntu/varuna/tools/simulator/simulate-varuna 6 26 0 254962.82958984375 248719.58977934244
End of simulation:  Mini-batch time (usec) = 5944030
Min send: 10000000, max send 0
Min long send: 248735, max long send 278723
Min fwd: 10836, max fwd 44441; min bwd 24199, max bwd 35953
Min long fwd: 21303, max long fwd 29429; min long bwd 33298, max long bwd 40795
Time taken by simulation: 1894 microseconds

Stages 8
Micro-bs 8 Max mem: 2758774988.8
Predicted microbatch size for 8: 8
comm size 4194304
WARNING: no send time found, 8 partitions
GPUS_PER_VM=1 /home/ubuntu/varuna/tools/simulator/simulate-varuna 8 32 0 244280.30395507812 248719.58977934244
End of simulation:  Mini-batch time (usec) = 7674225
Min send: 10000000, max send 0
Min long send: 248719, max long send 278723
Min fwd: 6779, max fwd 41103; min bwd 15994, max bwd 28589
Min long fwd: 18906, max long fwd 26091; min long bwd 25267, max long bwd 32480
Time taken by simulation: 3251 microseconds

Stages 12
Micro-bs 8 Max mem: 2202893107.2
Predicted microbatch size for 12: 8
comm size 4194304
WARNING: no send time found, 12 partitions
GPUS_PER_VM=1 /home/ubuntu/varuna/tools/simulator/simulate-varuna 12 64 0 117116.2109375 248719.58977934244
End of simulation:  Mini-batch time (usec) = 13687683
Min send: 10000000, max send 0
Min long send: 248720, max long send 280797
Min fwd: 141, max fwd 25024; min bwd 6433, max bwd 23373
Min long fwd: 7201, max long fwd 18161; min long bwd 16833, max long bwd 28389
Time taken by simulation: 10585 microseconds

{1: 4.923429, 2: 3.096062, 3: 3.469734, 4: 3.900556, 6: 5.94403, 8: 7.674225, 12: 13.687683}
{1: 8, 2: 8, 3: 8, 4: 8, 6: 8, 8: 8, 12: 8}
best config is: 2 8
expected time is 3.096062
16 per stage
32 servers!
Config:
ranks: range(29, 30)
train batch size: 1024
partitions: 2
chunk_size: 8
data depth: 16
stage to rank map: 0,2,4,6,8,10,12,14,16,18,20,22,24,26,28,30;1,3,5,7,9,11,13,15,17,19,21,23,25,27,29,31;
World size is 32
/opt/conda/envs/varuna/bin/python -u /home/ubuntu/varuna_examples/DeepLearningExamples/PyTorch/LanguageModeling/BERT/run_pretraining.py --rank=29 --chunk_size=8 --local_rank=0 --stage_to_rank_map=0,2,4,6,8,10,12,14,16,18,20,22,24,26,28,30;1,3,5,7,9,11,13,15,17,19,21,23,25,27,29,31; --batch-size=64 --input_dir=/hdf5_lower_case_1_seq_len_128_max_pred_20_masked_lm_prob_0.15_random_seed_12345_dupe_factor_5/wikicorpus_en/ --output_dir=s3://spot-checkpoints/bert --config_file=bert_config.json --bert_model=bert-large-uncased --train_batch_size=1024 --max_seq_length=128 --max_predictions_per_seq=20 --max_steps=7038 --warmup_proportion=0.2843 --num_steps_per_checkpoint=200 --learning_rate=6e-3 --seed=12439 --fp16 --gradient_accumulation_steps=128 --allreduce_post_accumulation --allreduce_post_accumulation_fp16 --do_train --json-summary /home/ubuntu/varuna_examples/DeepLearningExamples/PyTorch/LanguageModeling/BERT/results/dllogger.json --varuna
device: cuda:0 n_gpu: 1, distributed training: True, 16-bits training: True
dry run time 0.14771485328674316
SHARED WEIGHTS ARE
[(0, 1)]
this rank  29 is part of pipeline replica  14
8 chunks
29 Overflow !!
29 : update_scale(): _has_overflow, dynamic. _loss_scale =  524288.0
[2022-11-26 03:57:36.549486] Finished iteration 0, CKPT_AND_STOP: False, flag: tensor([0], dtype=torch.int32), speed: 9759.657
29 Overflow !!
29 : update_scale(): _has_overflow, dynamic. _loss_scale =  262144.0
[2022-11-26 03:57:39.750921] Finished iteration 1, CKPT_AND_STOP: False, flag: tensor([0], dtype=torch.int32), speed: 3201.204
29 Overflow !!
29 : update_scale(): _has_overflow, dynamic. _loss_scale =  131072.0
[2022-11-26 03:57:42.967477] Finished iteration 2, CKPT_AND_STOP: False, flag: tensor([0], dtype=torch.int32), speed: 3216.541
29 Overflow !!
29 : update_scale(): _has_overflow, dynamic. _loss_scale =  65536.0
[2022-11-26 03:57:46.127954] Finished iteration 3, CKPT_AND_STOP: False, flag: tensor([0], dtype=torch.int32), speed: 3160.416
29 Overflow !!
29 : update_scale(): _has_overflow, dynamic. _loss_scale =  32768.0
[2022-11-26 03:57:49.296013] Finished iteration 4, CKPT_AND_STOP: False, flag: tensor([0], dtype=torch.int32), speed: 3167.985
29 Overflow !!
29 : update_scale(): _has_overflow, dynamic. _loss_scale =  16384.0
[2022-11-26 03:57:51.464496] Finished iteration 5, CKPT_AND_STOP: False, flag: tensor([0], dtype=torch.int32), speed: 2168.443
29 Overflow !!
29 : update_scale(): _has_overflow, dynamic. _loss_scale =  8192.0
[2022-11-26 03:57:53.646084] Finished iteration 6, CKPT_AND_STOP: False, flag: tensor([0], dtype=torch.int32), speed: 2181.599
29 Overflow !!
29 : update_scale(): _has_overflow, dynamic. _loss_scale =  4096.0
[2022-11-26 03:57:55.814101] Finished iteration 7, CKPT_AND_STOP: False, flag: tensor([0], dtype=torch.int32), speed: 2167.946
29 Overflow !!
29 : update_scale(): _has_overflow, dynamic. _loss_scale =  2048.0
[2022-11-26 03:57:57.970544] Finished iteration 8, CKPT_AND_STOP: False, flag: tensor([0], dtype=torch.int32), speed: 2156.411
29 Overflow !!
29 : update_scale(): _has_overflow, dynamic. _loss_scale =  1024.0
[2022-11-26 03:58:00.147698] Finished iteration 9, CKPT_AND_STOP: False, flag: tensor([0], dtype=torch.int32), speed: 2177.119
29 Overflow !!
29 : update_scale(): _has_overflow, dynamic. _loss_scale =  512.0
[2022-11-26 03:58:02.330728] Finished iteration 10, CKPT_AND_STOP: False, flag: tensor([0], dtype=torch.int32), speed: 2182.996
29 Overflow !!
29 : update_scale(): _has_overflow, dynamic. _loss_scale =  256.0
[2022-11-26 03:58:04.464613] Finished iteration 11, CKPT_AND_STOP: False, flag: tensor([0], dtype=torch.int32), speed: 2133.870
29 Overflow !!
29 : update_scale(): _has_overflow, dynamic. _loss_scale =  128.0
[2022-11-26 03:58:06.672164] Finished iteration 12, CKPT_AND_STOP: False, flag: tensor([0], dtype=torch.int32), speed: 2207.521
29 Overflow !!
29 : update_scale(): _has_overflow, dynamic. _loss_scale =  64.0
[2022-11-26 03:58:08.877988] Finished iteration 13, CKPT_AND_STOP: False, flag: tensor([0], dtype=torch.int32), speed: 2205.864
29 Overflow !!
29 : update_scale(): _has_overflow, dynamic. _loss_scale =  32.0
[2022-11-26 03:58:11.019243] Finished iteration 14, CKPT_AND_STOP: False, flag: tensor([0], dtype=torch.int32), speed: 2141.164
29 Overflow !!
29 : update_scale(): _has_overflow, dynamic. _loss_scale =  16.0
[2022-11-26 03:58:13.207040] Finished iteration 15, CKPT_AND_STOP: False, flag: tensor([0], dtype=torch.int32), speed: 2187.744
29 Overflow !!
29 : update_scale(): _has_overflow, dynamic. _loss_scale =  8.0
[2022-11-26 03:58:15.384223] Finished iteration 16, CKPT_AND_STOP: False, flag: tensor([0], dtype=torch.int32), speed: 2177.149
29 Overflow !!
29 : update_scale(): _has_overflow, dynamic. _loss_scale =  4.0
[2022-11-26 03:58:17.564533] Finished iteration 17, CKPT_AND_STOP: False, flag: tensor([0], dtype=torch.int32), speed: 2180.280
29 Overflow !!
29 : update_scale(): _has_overflow, dynamic. _loss_scale =  2.0
[2022-11-26 03:58:19.718416] Finished iteration 18, CKPT_AND_STOP: False, flag: tensor([0], dtype=torch.int32), speed: 2153.852
29 Overflow !!
29 : update_scale(): _has_overflow, dynamic. _loss_scale =  1.0
[2022-11-26 03:58:21.874066] Finished iteration 19, CKPT_AND_STOP: False, flag: tensor([0], dtype=torch.int32), speed: 2155.675
29 Overflow !!
29 : update_scale(): _has_overflow, dynamic. _loss_scale =  1.0
[2022-11-26 03:58:24.092542] Finished iteration 20, CKPT_AND_STOP: False, flag: tensor([0], dtype=torch.int32), speed: 2218.389
29 Overflow !!
29 : update_scale(): _has_overflow, dynamic. _loss_scale =  1.0
[2022-11-26 03:58:26.329273] Finished iteration 21, CKPT_AND_STOP: False, flag: tensor([0], dtype=torch.int32), speed: 2236.782
29 Overflow !!
29 : update_scale(): _has_overflow, dynamic. _loss_scale =  1.0
[2022-11-26 03:58:28.511504] Finished iteration 22, CKPT_AND_STOP: False, flag: tensor([0], dtype=torch.int32), speed: 2182.120
29 Overflow !!
29 : update_scale(): _has_overflow, dynamic. _loss_scale =  1.0
[2022-11-26 03:58:30.673404] Finished iteration 23, CKPT_AND_STOP: False, flag: tensor([0], dtype=torch.int32), speed: 2161.871
29 Overflow !!
29 : update_scale(): _has_overflow, dynamic. _loss_scale =  1.0
[2022-11-26 03:58:32.849655] Finished iteration 24, CKPT_AND_STOP: False, flag: tensor([0], dtype=torch.int32), speed: 2176.225
29 Overflow !!
29 : update_scale(): _has_overflow, dynamic. _loss_scale =  1.0
[2022-11-26 03:58:35.066045] Finished iteration 25, CKPT_AND_STOP: False, flag: tensor([0], dtype=torch.int32), speed: 2216.351
29 Overflow !!
29 : update_scale(): _has_overflow, dynamic. _loss_scale =  1.0
[2022-11-26 03:58:37.225387] Finished iteration 26, CKPT_AND_STOP: False, flag: tensor([0], dtype=torch.int32), speed: 2159.314
29 Overflow !!
29 : update_scale(): _has_overflow, dynamic. _loss_scale =  1.0
[2022-11-26 03:58:39.396042] Finished iteration 27, CKPT_AND_STOP: False, flag: tensor([0], dtype=torch.int32), speed: 2170.627
29 Overflow !!
29 : update_scale(): _has_overflow, dynamic. _loss_scale =  1.0
[2022-11-26 03:58:41.584526] Finished iteration 28, CKPT_AND_STOP: False, flag: tensor([0], dtype=torch.int32), speed: 2188.456
29 Overflow !!
29 : update_scale(): _has_overflow, dynamic. _loss_scale =  1.0
[2022-11-26 03:58:43.744507] Finished iteration 29, CKPT_AND_STOP: False, flag: tensor([0], dtype=torch.int32), speed: 2159.952
29 Overflow !!
29 : update_scale(): _has_overflow, dynamic. _loss_scale =  1.0
[2022-11-26 03:58:45.913380] Finished iteration 30, CKPT_AND_STOP: False, flag: tensor([0], dtype=torch.int32), speed: 2168.836
29 Overflow !!
29 : update_scale(): _has_overflow, dynamic. _loss_scale =  1.0
[2022-11-26 03:58:48.076756] Finished iteration 31, CKPT_AND_STOP: False, flag: tensor([0], dtype=torch.int32), speed: 2163.346
29 Overflow !!
29 : update_scale(): _has_overflow, dynamic. _loss_scale =  1.0
[2022-11-26 03:58:50.298706] Finished iteration 32, CKPT_AND_STOP: False, flag: tensor([0], dtype=torch.int32), speed: 2221.911
29 Overflow !!
29 : update_scale(): _has_overflow, dynamic. _loss_scale =  1.0
[2022-11-26 03:58:52.781987] Finished iteration 33, CKPT_AND_STOP: False, flag: tensor([0], dtype=torch.int32), speed: 2483.256
29 Overflow !!
29 : update_scale(): _has_overflow, dynamic. _loss_scale =  1.0
[2022-11-26 03:58:54.969635] Finished iteration 34, CKPT_AND_STOP: False, flag: tensor([0], dtype=torch.int32), speed: 2187.616
29 Overflow !!
29 : update_scale(): _has_overflow, dynamic. _loss_scale =  1.0
[2022-11-26 03:58:57.184643] Finished iteration 35, CKPT_AND_STOP: False, flag: tensor([0], dtype=torch.int32), speed: 2214.989
29 Overflow !!
29 : update_scale(): _has_overflow, dynamic. _loss_scale =  1.0
[2022-11-26 03:58:59.378343] Finished iteration 36, CKPT_AND_STOP: False, flag: tensor([0], dtype=torch.int32), speed: 2193.710
29 Overflow !!
29 : update_scale(): _has_overflow, dynamic. _loss_scale =  1.0
[2022-11-26 03:59:01.530290] Finished iteration 37, CKPT_AND_STOP: False, flag: tensor([0], dtype=torch.int32), speed: 2151.918
29 Overflow !!
29 : update_scale(): _has_overflow, dynamic. _loss_scale =  1.0
[2022-11-26 03:59:03.732431] Finished iteration 38, CKPT_AND_STOP: False, flag: tensor([0], dtype=torch.int32), speed: 2202.066
29 Overflow !!
29 : update_scale(): _has_overflow, dynamic. _loss_scale =  1.0
[2022-11-26 03:59:05.936984] Finished iteration 39, CKPT_AND_STOP: False, flag: tensor([0], dtype=torch.int32), speed: 2204.523
29 Overflow !!
29 : update_scale(): _has_overflow, dynamic. _loss_scale =  1.0
[2022-11-26 03:59:08.139634] Finished iteration 40, CKPT_AND_STOP: False, flag: tensor([0], dtype=torch.int32), speed: 2202.626
29 Overflow !!
29 : update_scale(): _has_overflow, dynamic. _loss_scale =  1.0
[2022-11-26 03:59:10.311168] Finished iteration 41, CKPT_AND_STOP: False, flag: tensor([0], dtype=torch.int32), speed: 2171.504
29 Overflow !!
29 : update_scale(): _has_overflow, dynamic. _loss_scale =  1.0
[2022-11-26 03:59:12.457519] Finished iteration 42, CKPT_AND_STOP: False, flag: tensor([0], dtype=torch.int32), speed: 2146.320
29 Overflow !!
29 : update_scale(): _has_overflow, dynamic. _loss_scale =  1.0
[2022-11-26 03:59:14.692620] Finished iteration 43, CKPT_AND_STOP: False, flag: tensor([0], dtype=torch.int32), speed: 2235.070
29 Overflow !!
29 : update_scale(): _has_overflow, dynamic. _loss_scale =  1.0
[2022-11-26 03:59:16.940375] Finished iteration 44, CKPT_AND_STOP: False, flag: tensor([0], dtype=torch.int32), speed: 2247.726
29 Overflow !!
29 : update_scale(): _has_overflow, dynamic. _loss_scale =  1.0
[2022-11-26 03:59:19.125450] Finished iteration 45, CKPT_AND_STOP: False, flag: tensor([0], dtype=torch.int32), speed: 2185.056
29 Overflow !!
29 : update_scale(): _has_overflow, dynamic. _loss_scale =  1.0
[2022-11-26 03:59:21.298765] Finished iteration 46, CKPT_AND_STOP: False, flag: tensor([0], dtype=torch.int32), speed: 2173.286
29 Overflow !!
29 : update_scale(): _has_overflow, dynamic. _loss_scale =  1.0
[2022-11-26 03:59:23.521296] Finished iteration 47, CKPT_AND_STOP: False, flag: tensor([0], dtype=torch.int32), speed: 2222.501
29 Overflow !!
29 : update_scale(): _has_overflow, dynamic. _loss_scale =  1.0
[2022-11-26 03:59:25.713210] Finished iteration 48, CKPT_AND_STOP: False, flag: tensor([0], dtype=torch.int32), speed: 2191.882
29 Overflow !!
29 : update_scale(): _has_overflow, dynamic. _loss_scale =  1.0
[2022-11-26 03:59:27.934862] Finished iteration 49, CKPT_AND_STOP: False, flag: tensor([1], dtype=torch.int32), speed: 2221.630
2022-11-26 03:59:27.939365 Begin to save checkpont to s3://spot-checkpoints/bert and exit
Opt ckpt time 3.5846025943756104
Process done with return code 0
Parent process ID: 28034 node: 172.31.24.208
24 cutpoints
Stages 1
Micro-bs 8 Max mem: 14622140211.200005
Predicted microbatch size for 1: 8
comm size 0
GPUS_PER_VM=1 /home/ubuntu/varuna/tools/simulator/simulate-varuna 1 5 0 2493369.62890625 0
End of simulation:  Mini-batch time (usec) = 4144382
Min send: 10000000, max send 0
Min long send: 10000000, max long send 0
Min fwd: 10000000, max fwd 0; min bwd 10000000, max bwd 0
Min long fwd: 141043, max long fwd 144458; min long bwd 184920, max long bwd 191040
Time taken by simulation: 50 microseconds

Stages 2
Micro-bs 8 Max mem: 7660942131.200001
Predicted microbatch size for 2: 8
comm size 4194304
WARNING: no send time found, 2 partitions
GPUS_PER_VM=1 /home/ubuntu/varuna/tools/simulator/simulate-varuna 2 9 0 970375.4272460938 248719.58977934244
End of simulation:  Mini-batch time (usec) = 3283515
Min send: 10000000, max send 0
Min long send: 249051, max long send 268766
Min fwd: 79750, max fwd 86627; min bwd 87708, max bwd 94754
Min long fwd: 58189, max long fwd 63385; min long bwd 92867, max long bwd 97330
Time taken by simulation: 183 microseconds

Stages 3
Micro-bs 8 Max mem: 5497876480.0
Predicted microbatch size for 3: 8
comm size 4194304
WARNING: no send time found, 3 partitions
GPUS_PER_VM=1 /home/ubuntu/varuna/tools/simulator/simulate-varuna 3 13 0 485476.6540527344 248719.58977934244
End of simulation:  Mini-batch time (usec) = 3469734
Min send: 10000000, max send 0
Min long send: 248801, max long send 271185
Min fwd: 34426, max fwd 67951; min bwd 53890, max bwd 64826
Min long fwd: 37108, max long fwd 45662; min long bwd 64919, max long bwd 72155
Time taken by simulation: 428 microseconds

Stages 4
Micro-bs 8 Max mem: 4406266675.2
Predicted microbatch size for 4: 8
comm size 4194304
WARNING: no send time found, 4 partitions
GPUS_PER_VM=1 /home/ubuntu/varuna/tools/simulator/simulate-varuna 4 19 0 352272.7355957031 248719.58977934244
End of simulation:  Mini-batch time (usec) = 4275253
Min send: 10000000, max send 0
Min long send: 248773, max long send 273424
Min fwd: 22410, max fwd 61283; min bwd 39748, max bwd 51303
Min long fwd: 29385, max long fwd 37648; min long bwd 47928, max long bwd 54735
Time taken by simulation: 893 microseconds

Stages 6
Micro-bs 8 Max mem: 3314656870.4
Predicted microbatch size for 6: 8
comm size 4194304
WARNING: no send time found, 6 partitions
GPUS_PER_VM=1 /home/ubuntu/varuna/tools/simulator/simulate-varuna 6 26 0 254962.82958984375 248719.58977934244
End of simulation:  Mini-batch time (usec) = 5944030
Min send: 10000000, max send 0
Min long send: 248735, max long send 278723
Min fwd: 10836, max fwd 44441; min bwd 24199, max bwd 35953
Min long fwd: 21303, max long fwd 29429; min long bwd 33298, max long bwd 40795
Time taken by simulation: 1903 microseconds

Stages 8
Micro-bs 8 Max mem: 2758774988.8
Predicted microbatch size for 8: 8
comm size 4194304
WARNING: no send time found, 8 partitions
GPUS_PER_VM=1 /home/ubuntu/varuna/tools/simulator/simulate-varuna 8 43 0 178155.74645996094 248719.58977934244
End of simulation:  Mini-batch time (usec) = 9019309
Min send: 10000000, max send 0
Min long send: 248735, max long send 276940
Min fwd: 5776, max fwd 41014; min bwd 16548, max bwd 29492
Min long fwd: 17309, max long fwd 25772; min long bwd 25282, max long bwd 32088
Time taken by simulation: 4493 microseconds

Stages 12
Micro-bs 8 Max mem: 2202893107.2
Predicted microbatch size for 12: 8
comm size 4194304
WARNING: no send time found, 12 partitions
GPUS_PER_VM=1 /home/ubuntu/varuna/tools/simulator/simulate-varuna 12 64 0 117116.2109375 248719.58977934244
End of simulation:  Mini-batch time (usec) = 13687683
Min send: 10000000, max send 0
Min long send: 248720, max long send 280797
Min fwd: 141, max fwd 25024; min bwd 6433, max bwd 23373
Min long fwd: 7201, max long fwd 18161; min long bwd 16833, max long bwd 28389
Time taken by simulation: 10477 microseconds

{1: 4.144382, 2: 3.283515, 3: 3.469734, 4: 4.275253, 6: 5.94403, 8: 9.019309, 12: 13.687683}
{1: 8, 2: 8, 3: 8, 4: 8, 6: 8, 8: 8, 12: 8}
best config is: 2 8
expected time is 3.283515
15 per stage
30 servers!
Config:
ranks: range(29, 30)
train batch size: 1024
partitions: 2
chunk_size: 8
data depth: 15
stage to rank map: 0,2,4,6,8,10,12,14,16,18,20,22,24,26,28;1,3,5,7,9,11,13,15,17,19,21,23,25,27,29;
World size is 30
/opt/conda/envs/varuna/bin/python -u /home/ubuntu/varuna_examples/DeepLearningExamples/PyTorch/LanguageModeling/BERT/run_pretraining.py --rank=29 --chunk_size=8 --local_rank=0 --stage_to_rank_map=0,2,4,6,8,10,12,14,16,18,20,22,24,26,28;1,3,5,7,9,11,13,15,17,19,21,23,25,27,29; --batch-size=68 --input_dir=/hdf5_lower_case_1_seq_len_128_max_pred_20_masked_lm_prob_0.15_random_seed_12345_dupe_factor_5/wikicorpus_en/ --output_dir=s3://spot-checkpoints/bert --config_file=bert_config.json --bert_model=bert-large-uncased --train_batch_size=1024 --max_seq_length=128 --max_predictions_per_seq=20 --max_steps=7038 --warmup_proportion=0.2843 --num_steps_per_checkpoint=200 --learning_rate=6e-3 --seed=12439 --fp16 --gradient_accumulation_steps=128 --allreduce_post_accumulation --allreduce_post_accumulation_fp16 --do_train --json-summary /home/ubuntu/varuna_examples/DeepLearningExamples/PyTorch/LanguageModeling/BERT/results/dllogger.json --varuna --resume_step 221
device: cuda:0 n_gpu: 1, distributed training: True, 16-bits training: True
dry run time 0.19798493385314941
SHARED WEIGHTS ARE
[(0, 1)]
this rank  29 is part of pipeline replica  14
9 chunks
Begin to load checkpint from s3://spot-checkpoints/bert/ckpt_221.pt
2022-11-26 04:28:32.730365 resume step from  221
Signal handler called with signal 10


 STOPPING VARUNA !!



Rank 29 signal handler called with signal 10
2022-11-26 04:29:25.491438 - Finished loading checkpoint, takes 52.733 secs
2022-11-26 04:29:40.050811 Begin to exit
Process done with return code 0
Parent process ID: 29234 node: 172.31.24.208
24 cutpoints
Stages 1
Micro-bs 8 Max mem: 14622140211.200005
Predicted microbatch size for 1: 8
comm size 0
GPUS_PER_VM=1 /home/ubuntu/varuna/tools/simulator/simulate-varuna 1 4 0 3598379.5166015625 0
End of simulation:  Mini-batch time (usec) = 4923429
Min send: 10000000, max send 0
Min long send: 10000000, max long send 0
Min fwd: 10000000, max fwd 0; min bwd 10000000, max bwd 0
Min long fwd: 142174, max long fwd 144458; min long bwd 186536, max long bwd 191040
Time taken by simulation: 44 microseconds

Stages 2
Micro-bs 8 Max mem: 7660942131.200001
Predicted microbatch size for 2: 8
comm size 4194304
WARNING: no send time found, 2 partitions
GPUS_PER_VM=1 /home/ubuntu/varuna/tools/simulator/simulate-varuna 2 8 0 954047.119140625 248719.58977934244
End of simulation:  Mini-batch time (usec) = 3096062
Min send: 10000000, max send 0
Min long send: 249051, max long send 268766
Min fwd: 79507, max fwd 86627; min bwd 88131, max bwd 94131
Min long fwd: 58556, max long fwd 63385; min long bwd 92867, max long bwd 97582
Time taken by simulation: 179 microseconds

Stages 3
Micro-bs 8 Max mem: 5497876480.0
Predicted microbatch size for 3: 8
comm size 4194304
WARNING: no send time found, 3 partitions
GPUS_PER_VM=1 /home/ubuntu/varuna/tools/simulator/simulate-varuna 3 13 0 485476.6540527344 248719.58977934244
End of simulation:  Mini-batch time (usec) = 3469734
Min send: 10000000, max send 0
Min long send: 248801, max long send 271185
Min fwd: 34426, max fwd 67951; min bwd 53890, max bwd 64826
Min long fwd: 37108, max long fwd 45662; min long bwd 64919, max long bwd 72155
Time taken by simulation: 424 microseconds

Stages 4
Micro-bs 8 Max mem: 4406266675.2
Predicted microbatch size for 4: 8
comm size 4194304
WARNING: no send time found, 4 partitions
GPUS_PER_VM=1 /home/ubuntu/varuna/tools/simulator/simulate-varuna 4 16 0 364488.09814453125 248719.58977934244
End of simulation:  Mini-batch time (usec) = 3900556
Min send: 10000000, max send 0
Min long send: 248773, max long send 273424
Min fwd: 20622, max fwd 60312; min bwd 40311, max bwd 50179
Min long fwd: 29744, max long fwd 36491; min long bwd 47928, max long bwd 56568
Time taken by simulation: 728 microseconds

Stages 6
Micro-bs 8 Max mem: 3314656870.4
Predicted microbatch size for 6: 8
comm size 4194304
WARNING: no send time found, 6 partitions
GPUS_PER_VM=1 /home/ubuntu/varuna/tools/simulator/simulate-varuna 6 26 0 254962.82958984375 248719.58977934244
End of simulation:  Mini-batch time (usec) = 5944030
Min send: 10000000, max send 0
Min long send: 248735, max long send 278723
Min fwd: 10836, max fwd 44441; min bwd 24199, max bwd 35953
Min long fwd: 21303, max long fwd 29429; min long bwd 33298, max long bwd 40795
Time taken by simulation: 1928 microseconds

Stages 8
Micro-bs 8 Max mem: 2758774988.8
Predicted microbatch size for 8: 8
comm size 4194304
WARNING: no send time found, 8 partitions
GPUS_PER_VM=1 /home/ubuntu/varuna/tools/simulator/simulate-varuna 8 32 0 244280.30395507812 248719.58977934244
End of simulation:  Mini-batch time (usec) = 7674225
Min send: 10000000, max send 0
Min long send: 248719, max long send 278723
Min fwd: 6779, max fwd 41103; min bwd 15994, max bwd 28589
Min long fwd: 18906, max long fwd 26091; min long bwd 25267, max long bwd 32480
Time taken by simulation: 3256 microseconds

Stages 12
Micro-bs 8 Max mem: 2202893107.2
Predicted microbatch size for 12: 8
comm size 4194304
WARNING: no send time found, 12 partitions
GPUS_PER_VM=1 /home/ubuntu/varuna/tools/simulator/simulate-varuna 12 64 0 117116.2109375 248719.58977934244
End of simulation:  Mini-batch time (usec) = 13687683
Min send: 10000000, max send 0
Min long send: 248720, max long send 280797
Min fwd: 141, max fwd 25024; min bwd 6433, max bwd 23373
Min long fwd: 7201, max long fwd 18161; min long bwd 16833, max long bwd 28389
Time taken by simulation: 10499 microseconds

{1: 4.923429, 2: 3.096062, 3: 3.469734, 4: 3.900556, 6: 5.94403, 8: 7.674225, 12: 13.687683}
{1: 8, 2: 8, 3: 8, 4: 8, 6: 8, 8: 8, 12: 8}
best config is: 2 8
expected time is 3.096062
16 per stage
32 servers!
Config:
ranks: range(29, 30)
train batch size: 1024
partitions: 2
chunk_size: 8
data depth: 16
stage to rank map: 0,2,4,6,8,10,12,14,16,18,20,22,24,26,28,30;1,3,5,7,9,11,13,15,17,19,21,23,25,27,29,31;
World size is 32
/opt/conda/envs/varuna/bin/python -u /home/ubuntu/varuna_examples/DeepLearningExamples/PyTorch/LanguageModeling/BERT/run_pretraining.py --rank=29 --chunk_size=8 --local_rank=0 --stage_to_rank_map=0,2,4,6,8,10,12,14,16,18,20,22,24,26,28,30;1,3,5,7,9,11,13,15,17,19,21,23,25,27,29,31; --batch-size=64 --input_dir=/hdf5_lower_case_1_seq_len_128_max_pred_20_masked_lm_prob_0.15_random_seed_12345_dupe_factor_5/wikicorpus_en/ --output_dir=s3://spot-checkpoints/bert --config_file=bert_config.json --bert_model=bert-large-uncased --train_batch_size=1024 --max_seq_length=128 --max_predictions_per_seq=20 --max_steps=7038 --warmup_proportion=0.2843 --num_steps_per_checkpoint=200 --learning_rate=6e-3 --seed=12439 --fp16 --gradient_accumulation_steps=128 --allreduce_post_accumulation --allreduce_post_accumulation_fp16 --do_train --json-summary /home/ubuntu/varuna_examples/DeepLearningExamples/PyTorch/LanguageModeling/BERT/results/dllogger.json --varuna --resume_step 221
device: cuda:0 n_gpu: 1, distributed training: True, 16-bits training: True
dry run time 0.19165945053100586
SHARED WEIGHTS ARE
[(0, 1)]
this rank  29 is part of pipeline replica  14
8 chunks
Begin to load checkpint from s3://spot-checkpoints/bert/ckpt_221.pt
2022-11-26 04:30:01.178159 resume step from  221
2022-11-26 04:30:53.751036 - Finished loading checkpoint, takes 52.545 secs
29 Overflow !!
29 : update_scale(): _has_overflow, dynamic. _loss_scale =  524288.0
[2022-11-26 04:31:09.085003] Finished iteration 221, CKPT_AND_STOP: False, flag: tensor([0], dtype=torch.int32), speed: 4238.297
29 Overflow !!
29 : update_scale(): _has_overflow, dynamic. _loss_scale =  262144.0
[2022-11-26 04:31:12.286800] Finished iteration 222, CKPT_AND_STOP: False, flag: tensor([0], dtype=torch.int32), speed: 3201.591
29 Overflow !!
29 : update_scale(): _has_overflow, dynamic. _loss_scale =  131072.0
[2022-11-26 04:31:14.423832] Finished iteration 223, CKPT_AND_STOP: False, flag: tensor([0], dtype=torch.int32), speed: 2136.990
29 Overflow !!
29 : update_scale(): _has_overflow, dynamic. _loss_scale =  65536.0
[2022-11-26 04:31:18.039655] Finished iteration 224, CKPT_AND_STOP: False, flag: tensor([0], dtype=torch.int32), speed: 3615.800
29 Overflow !!
29 : update_scale(): _has_overflow, dynamic. _loss_scale =  32768.0
[2022-11-26 04:31:21.214683] Finished iteration 225, CKPT_AND_STOP: False, flag: tensor([0], dtype=torch.int32), speed: 3175.019
29 Overflow !!
29 : update_scale(): _has_overflow, dynamic. _loss_scale =  16384.0
[2022-11-26 04:31:23.371292] Finished iteration 226, CKPT_AND_STOP: False, flag: tensor([0], dtype=torch.int32), speed: 2156.542
29 Overflow !!
29 : update_scale(): _has_overflow, dynamic. _loss_scale =  8192.0
[2022-11-26 04:31:25.505751] Finished iteration 227, CKPT_AND_STOP: False, flag: tensor([0], dtype=torch.int32), speed: 2134.420
29 Overflow !!
29 : update_scale(): _has_overflow, dynamic. _loss_scale =  4096.0
[2022-11-26 04:31:27.645854] Finished iteration 228, CKPT_AND_STOP: False, flag: tensor([0], dtype=torch.int32), speed: 2140.081
29 Overflow !!
29 : update_scale(): _has_overflow, dynamic. _loss_scale =  2048.0
[2022-11-26 04:31:29.831159] Finished iteration 229, CKPT_AND_STOP: False, flag: tensor([0], dtype=torch.int32), speed: 2185.265
29 Overflow !!
29 : update_scale(): _has_overflow, dynamic. _loss_scale =  1024.0
[2022-11-26 04:31:32.009054] Finished iteration 230, CKPT_AND_STOP: False, flag: tensor([0], dtype=torch.int32), speed: 2177.869
29 Overflow !!
29 : update_scale(): _has_overflow, dynamic. _loss_scale =  512.0
[2022-11-26 04:31:34.235203] Finished iteration 231, CKPT_AND_STOP: False, flag: tensor([0], dtype=torch.int32), speed: 2226.126
29 Overflow !!
29 : update_scale(): _has_overflow, dynamic. _loss_scale =  256.0
[2022-11-26 04:31:36.497906] Finished iteration 232, CKPT_AND_STOP: False, flag: tensor([0], dtype=torch.int32), speed: 2262.691
29 Overflow !!
29 : update_scale(): _has_overflow, dynamic. _loss_scale =  128.0
[2022-11-26 04:31:38.692506] Finished iteration 233, CKPT_AND_STOP: False, flag: tensor([0], dtype=torch.int32), speed: 2194.572
29 Overflow !!
29 : update_scale(): _has_overflow, dynamic. _loss_scale =  64.0
[2022-11-26 04:31:40.859542] Finished iteration 234, CKPT_AND_STOP: False, flag: tensor([0], dtype=torch.int32), speed: 2166.998
29 Overflow !!
29 : update_scale(): _has_overflow, dynamic. _loss_scale =  32.0
[2022-11-26 04:31:43.064887] Finished iteration 235, CKPT_AND_STOP: False, flag: tensor([0], dtype=torch.int32), speed: 2205.305
29 Overflow !!
29 : update_scale(): _has_overflow, dynamic. _loss_scale =  16.0
[2022-11-26 04:31:45.950052] Finished iteration 236, CKPT_AND_STOP: False, flag: tensor([0], dtype=torch.int32), speed: 2885.146
29 Overflow !!
29 : update_scale(): _has_overflow, dynamic. _loss_scale =  8.0
[2022-11-26 04:31:48.131868] Finished iteration 237, CKPT_AND_STOP: False, flag: tensor([0], dtype=torch.int32), speed: 2181.774
29 Overflow !!
29 : update_scale(): _has_overflow, dynamic. _loss_scale =  4.0
[2022-11-26 04:31:50.349384] Finished iteration 238, CKPT_AND_STOP: False, flag: tensor([0], dtype=torch.int32), speed: 2217.503
29 Overflow !!
29 : update_scale(): _has_overflow, dynamic. _loss_scale =  2.0
[2022-11-26 04:31:52.564584] Finished iteration 239, CKPT_AND_STOP: False, flag: tensor([0], dtype=torch.int32), speed: 2215.156
29 Overflow !!
29 : update_scale(): _has_overflow, dynamic. _loss_scale =  1.0
[2022-11-26 04:31:54.718410] Finished iteration 240, CKPT_AND_STOP: False, flag: tensor([0], dtype=torch.int32), speed: 2153.800
29 Overflow !!
29 : update_scale(): _has_overflow, dynamic. _loss_scale =  1.0
[2022-11-26 04:31:56.923338] Finished iteration 241, CKPT_AND_STOP: False, flag: tensor([0], dtype=torch.int32), speed: 2204.892
29 Overflow !!
29 : update_scale(): _has_overflow, dynamic. _loss_scale =  1.0
[2022-11-26 04:31:59.143407] Finished iteration 242, CKPT_AND_STOP: False, flag: tensor([0], dtype=torch.int32), speed: 2220.037
29 Overflow !!
29 : update_scale(): _has_overflow, dynamic. _loss_scale =  1.0
[2022-11-26 04:32:01.347329] Finished iteration 243, CKPT_AND_STOP: False, flag: tensor([0], dtype=torch.int32), speed: 2203.891
29 Overflow !!
29 : update_scale(): _has_overflow, dynamic. _loss_scale =  1.0
[2022-11-26 04:32:03.589886] Finished iteration 244, CKPT_AND_STOP: False, flag: tensor([0], dtype=torch.int32), speed: 2242.522
29 Overflow !!
29 : update_scale(): _has_overflow, dynamic. _loss_scale =  1.0
[2022-11-26 04:32:05.794373] Finished iteration 245, CKPT_AND_STOP: False, flag: tensor([0], dtype=torch.int32), speed: 2204.457
29 Overflow !!
29 : update_scale(): _has_overflow, dynamic. _loss_scale =  1.0
[2022-11-26 04:32:07.999101] Finished iteration 246, CKPT_AND_STOP: False, flag: tensor([0], dtype=torch.int32), speed: 2204.694
29 Overflow !!
29 : update_scale(): _has_overflow, dynamic. _loss_scale =  1.0
[2022-11-26 04:32:10.223087] Finished iteration 247, CKPT_AND_STOP: False, flag: tensor([0], dtype=torch.int32), speed: 2223.956
29 Overflow !!
29 : update_scale(): _has_overflow, dynamic. _loss_scale =  1.0
[2022-11-26 04:32:12.408784] Finished iteration 248, CKPT_AND_STOP: False, flag: tensor([0], dtype=torch.int32), speed: 2185.666
29 Overflow !!
29 : update_scale(): _has_overflow, dynamic. _loss_scale =  1.0
[2022-11-26 04:32:14.620177] Finished iteration 249, CKPT_AND_STOP: False, flag: tensor([0], dtype=torch.int32), speed: 2211.408
29 Overflow !!
29 : update_scale(): _has_overflow, dynamic. _loss_scale =  1.0
[2022-11-26 04:32:16.818960] Finished iteration 250, CKPT_AND_STOP: False, flag: tensor([0], dtype=torch.int32), speed: 2198.727
29 Overflow !!
29 : update_scale(): _has_overflow, dynamic. _loss_scale =  1.0
[2022-11-26 04:32:19.052830] Finished iteration 251, CKPT_AND_STOP: False, flag: tensor([0], dtype=torch.int32), speed: 2233.831
29 Overflow !!
29 : update_scale(): _has_overflow, dynamic. _loss_scale =  1.0
[2022-11-26 04:32:21.258341] Finished iteration 252, CKPT_AND_STOP: False, flag: tensor([0], dtype=torch.int32), speed: 2205.490
29 Overflow !!
29 : update_scale(): _has_overflow, dynamic. _loss_scale =  1.0
[2022-11-26 04:32:23.421929] Finished iteration 253, CKPT_AND_STOP: False, flag: tensor([0], dtype=torch.int32), speed: 2163.551
29 Overflow !!
29 : update_scale(): _has_overflow, dynamic. _loss_scale =  1.0
[2022-11-26 04:32:26.359799] Finished iteration 254, CKPT_AND_STOP: False, flag: tensor([0], dtype=torch.int32), speed: 2937.833
29 Overflow !!
29 : update_scale(): _has_overflow, dynamic. _loss_scale =  1.0
[2022-11-26 04:32:28.544853] Finished iteration 255, CKPT_AND_STOP: False, flag: tensor([0], dtype=torch.int32), speed: 2185.019
29 Overflow !!
29 : update_scale(): _has_overflow, dynamic. _loss_scale =  1.0
[2022-11-26 04:32:30.718717] Finished iteration 256, CKPT_AND_STOP: False, flag: tensor([0], dtype=torch.int32), speed: 2173.836
29 Overflow !!
29 : update_scale(): _has_overflow, dynamic. _loss_scale =  1.0
[2022-11-26 04:32:32.923977] Finished iteration 257, CKPT_AND_STOP: False, flag: tensor([0], dtype=torch.int32), speed: 2205.222
29 Overflow !!
29 : update_scale(): _has_overflow, dynamic. _loss_scale =  1.0
[2022-11-26 04:32:35.132114] Finished iteration 258, CKPT_AND_STOP: False, flag: tensor([0], dtype=torch.int32), speed: 2208.108
29 Overflow !!
29 : update_scale(): _has_overflow, dynamic. _loss_scale =  1.0
[2022-11-26 04:32:37.325625] Finished iteration 259, CKPT_AND_STOP: False, flag: tensor([0], dtype=torch.int32), speed: 2193.460
29 Overflow !!
29 : update_scale(): _has_overflow, dynamic. _loss_scale =  1.0
[2022-11-26 04:32:39.506446] Finished iteration 260, CKPT_AND_STOP: False, flag: tensor([0], dtype=torch.int32), speed: 2180.792
29 Overflow !!
29 : update_scale(): _has_overflow, dynamic. _loss_scale =  1.0
[2022-11-26 04:32:41.667690] Finished iteration 261, CKPT_AND_STOP: False, flag: tensor([0], dtype=torch.int32), speed: 2161.219
29 Overflow !!
29 : update_scale(): _has_overflow, dynamic. _loss_scale =  1.0
[2022-11-26 04:32:43.906874] Finished iteration 262, CKPT_AND_STOP: False, flag: tensor([0], dtype=torch.int32), speed: 2239.153
29 Overflow !!
29 : update_scale(): _has_overflow, dynamic. _loss_scale =  1.0
[2022-11-26 04:32:46.133108] Finished iteration 263, CKPT_AND_STOP: False, flag: tensor([0], dtype=torch.int32), speed: 2226.203
29 Overflow !!
29 : update_scale(): _has_overflow, dynamic. _loss_scale =  1.0
[2022-11-26 04:32:48.311980] Finished iteration 264, CKPT_AND_STOP: False, flag: tensor([0], dtype=torch.int32), speed: 2178.844
29 Overflow !!
29 : update_scale(): _has_overflow, dynamic. _loss_scale =  1.0
[2022-11-26 04:32:50.492626] Finished iteration 265, CKPT_AND_STOP: False, flag: tensor([0], dtype=torch.int32), speed: 2180.640
29 Overflow !!
29 : update_scale(): _has_overflow, dynamic. _loss_scale =  1.0
[2022-11-26 04:32:52.709056] Finished iteration 266, CKPT_AND_STOP: False, flag: tensor([0], dtype=torch.int32), speed: 2216.405
29 Overflow !!
29 : update_scale(): _has_overflow, dynamic. _loss_scale =  1.0
[2022-11-26 04:32:54.909211] Finished iteration 267, CKPT_AND_STOP: False, flag: tensor([0], dtype=torch.int32), speed: 2200.136
29 Overflow !!
29 : update_scale(): _has_overflow, dynamic. _loss_scale =  1.0
[2022-11-26 04:32:57.132068] Finished iteration 268, CKPT_AND_STOP: False, flag: tensor([0], dtype=torch.int32), speed: 2222.791
29 Overflow !!
29 : update_scale(): _has_overflow, dynamic. _loss_scale =  1.0
[2022-11-26 04:32:59.340173] Finished iteration 269, CKPT_AND_STOP: False, flag: tensor([0], dtype=torch.int32), speed: 2208.124
29 Overflow !!
29 : update_scale(): _has_overflow, dynamic. _loss_scale =  1.0
[2022-11-26 04:33:01.578069] Finished iteration 270, CKPT_AND_STOP: False, flag: tensor([0], dtype=torch.int32), speed: 2237.830
29 Overflow !!
29 : update_scale(): _has_overflow, dynamic. _loss_scale =  1.0
[2022-11-26 04:33:03.777699] Finished iteration 271, CKPT_AND_STOP: False, flag: tensor([0], dtype=torch.int32), speed: 2199.619
29 Overflow !!
29 : update_scale(): _has_overflow, dynamic. _loss_scale =  1.0
[2022-11-26 04:33:05.976587] Finished iteration 272, CKPT_AND_STOP: False, flag: tensor([0], dtype=torch.int32), speed: 2198.832
29 Overflow !!
29 : update_scale(): _has_overflow, dynamic. _loss_scale =  1.0
[2022-11-26 04:33:08.181700] Finished iteration 273, CKPT_AND_STOP: False, flag: tensor([0], dtype=torch.int32), speed: 2205.101
29 Overflow !!
29 : update_scale(): _has_overflow, dynamic. _loss_scale =  1.0
[2022-11-26 04:33:10.437329] Finished iteration 274, CKPT_AND_STOP: False, flag: tensor([0], dtype=torch.int32), speed: 2255.592
29 Overflow !!
29 : update_scale(): _has_overflow, dynamic. _loss_scale =  1.0
[2022-11-26 04:33:12.706909] Finished iteration 275, CKPT_AND_STOP: False, flag: tensor([0], dtype=torch.int32), speed: 2269.544
29 Overflow !!
29 : update_scale(): _has_overflow, dynamic. _loss_scale =  1.0
[2022-11-26 04:33:14.893626] Finished iteration 276, CKPT_AND_STOP: False, flag: tensor([0], dtype=torch.int32), speed: 2186.688
29 Overflow !!
29 : update_scale(): _has_overflow, dynamic. _loss_scale =  1.0
[2022-11-26 04:33:17.063490] Finished iteration 277, CKPT_AND_STOP: False, flag: tensor([0], dtype=torch.int32), speed: 2169.822
29 Overflow !!
29 : update_scale(): _has_overflow, dynamic. _loss_scale =  1.0
[2022-11-26 04:33:19.243778] Finished iteration 278, CKPT_AND_STOP: False, flag: tensor([0], dtype=torch.int32), speed: 2180.263
29 Overflow !!
29 : update_scale(): _has_overflow, dynamic. _loss_scale =  1.0
[2022-11-26 04:33:21.417993] Finished iteration 279, CKPT_AND_STOP: False, flag: tensor([0], dtype=torch.int32), speed: 2174.186
29 Overflow !!
29 : update_scale(): _has_overflow, dynamic. _loss_scale =  1.0
[2022-11-26 04:33:23.660086] Finished iteration 280, CKPT_AND_STOP: False, flag: tensor([0], dtype=torch.int32), speed: 2242.066
29 Overflow !!
29 : update_scale(): _has_overflow, dynamic. _loss_scale =  1.0
[2022-11-26 04:33:25.888825] Finished iteration 281, CKPT_AND_STOP: False, flag: tensor([0], dtype=torch.int32), speed: 2228.710
29 Overflow !!
29 : update_scale(): _has_overflow, dynamic. _loss_scale =  1.0
[2022-11-26 04:33:28.035475] Finished iteration 282, CKPT_AND_STOP: False, flag: tensor([0], dtype=torch.int32), speed: 2146.619
29 Overflow !!
29 : update_scale(): _has_overflow, dynamic. _loss_scale =  1.0
[2022-11-26 04:33:30.198458] Finished iteration 283, CKPT_AND_STOP: False, flag: tensor([0], dtype=torch.int32), speed: 2162.954
29 Overflow !!
29 : update_scale(): _has_overflow, dynamic. _loss_scale =  1.0
[2022-11-26 04:33:32.410455] Finished iteration 284, CKPT_AND_STOP: False, flag: tensor([0], dtype=torch.int32), speed: 2211.969
29 Overflow !!
29 : update_scale(): _has_overflow, dynamic. _loss_scale =  1.0
[2022-11-26 04:33:34.588392] Finished iteration 285, CKPT_AND_STOP: False, flag: tensor([0], dtype=torch.int32), speed: 2177.907
29 Overflow !!
29 : update_scale(): _has_overflow, dynamic. _loss_scale =  1.0
[2022-11-26 04:33:36.745558] Finished iteration 286, CKPT_AND_STOP: False, flag: tensor([0], dtype=torch.int32), speed: 2157.136
29 Overflow !!
29 : update_scale(): _has_overflow, dynamic. _loss_scale =  1.0
[2022-11-26 04:33:38.936493] Finished iteration 287, CKPT_AND_STOP: False, flag: tensor([0], dtype=torch.int32), speed: 2190.916
29 Overflow !!
29 : update_scale(): _has_overflow, dynamic. _loss_scale =  1.0
[2022-11-26 04:33:41.182111] Finished iteration 288, CKPT_AND_STOP: False, flag: tensor([0], dtype=torch.int32), speed: 2245.582
29 Overflow !!
29 : update_scale(): _has_overflow, dynamic. _loss_scale =  1.0
[2022-11-26 04:33:43.303139] Finished iteration 289, CKPT_AND_STOP: False, flag: tensor([0], dtype=torch.int32), speed: 2120.994
29 Overflow !!
29 : update_scale(): _has_overflow, dynamic. _loss_scale =  1.0
[2022-11-26 04:33:45.465568] Finished iteration 290, CKPT_AND_STOP: False, flag: tensor([0], dtype=torch.int32), speed: 2162.395
29 Overflow !!
29 : update_scale(): _has_overflow, dynamic. _loss_scale =  1.0
[2022-11-26 04:33:47.662306] Finished iteration 291, CKPT_AND_STOP: False, flag: tensor([0], dtype=torch.int32), speed: 2196.716
29 Overflow !!
29 : update_scale(): _has_overflow, dynamic. _loss_scale =  1.0
[2022-11-26 04:33:49.926587] Finished iteration 292, CKPT_AND_STOP: False, flag: tensor([0], dtype=torch.int32), speed: 2264.247
29 Overflow !!
29 : update_scale(): _has_overflow, dynamic. _loss_scale =  1.0
[2022-11-26 04:33:52.142548] Finished iteration 293, CKPT_AND_STOP: False, flag: tensor([0], dtype=torch.int32), speed: 2215.937
29 Overflow !!
29 : update_scale(): _has_overflow, dynamic. _loss_scale =  1.0
[2022-11-26 04:33:54.422981] Finished iteration 294, CKPT_AND_STOP: False, flag: tensor([0], dtype=torch.int32), speed: 2280.407
29 Overflow !!
29 : update_scale(): _has_overflow, dynamic. _loss_scale =  1.0
[2022-11-26 04:33:56.619337] Finished iteration 295, CKPT_AND_STOP: False, flag: tensor([0], dtype=torch.int32), speed: 2196.326
29 Overflow !!
29 : update_scale(): _has_overflow, dynamic. _loss_scale =  1.0
[2022-11-26 04:33:58.799554] Finished iteration 296, CKPT_AND_STOP: False, flag: tensor([0], dtype=torch.int32), speed: 2180.195
29 Overflow !!
29 : update_scale(): _has_overflow, dynamic. _loss_scale =  1.0
[2022-11-26 04:34:01.268860] Finished iteration 297, CKPT_AND_STOP: False, flag: tensor([0], dtype=torch.int32), speed: 2469.266
29 Overflow !!
29 : update_scale(): _has_overflow, dynamic. _loss_scale =  1.0
[2022-11-26 04:34:04.019328] Finished iteration 298, CKPT_AND_STOP: False, flag: tensor([0], dtype=torch.int32), speed: 2750.448
29 Overflow !!
29 : update_scale(): _has_overflow, dynamic. _loss_scale =  1.0
[2022-11-26 04:34:06.207442] Finished iteration 299, CKPT_AND_STOP: False, flag: tensor([0], dtype=torch.int32), speed: 2188.089
29 Overflow !!
29 : update_scale(): _has_overflow, dynamic. _loss_scale =  1.0
[2022-11-26 04:34:08.458945] Finished iteration 300, CKPT_AND_STOP: False, flag: tensor([0], dtype=torch.int32), speed: 2251.461
29 Overflow !!
29 : update_scale(): _has_overflow, dynamic. _loss_scale =  1.0
[2022-11-26 04:34:10.631077] Finished iteration 301, CKPT_AND_STOP: False, flag: tensor([0], dtype=torch.int32), speed: 2172.107
29 Overflow !!
29 : update_scale(): _has_overflow, dynamic. _loss_scale =  1.0
[2022-11-26 04:34:12.815644] Finished iteration 302, CKPT_AND_STOP: False, flag: tensor([0], dtype=torch.int32), speed: 2184.582
29 Overflow !!
29 : update_scale(): _has_overflow, dynamic. _loss_scale =  1.0
[2022-11-26 04:34:14.973414] Finished iteration 303, CKPT_AND_STOP: False, flag: tensor([0], dtype=torch.int32), speed: 2157.722
29 Overflow !!
29 : update_scale(): _has_overflow, dynamic. _loss_scale =  1.0
[2022-11-26 04:34:17.177194] Finished iteration 304, CKPT_AND_STOP: False, flag: tensor([0], dtype=torch.int32), speed: 2203.739
29 Overflow !!
29 : update_scale(): _has_overflow, dynamic. _loss_scale =  1.0
[2022-11-26 04:34:19.389905] Finished iteration 305, CKPT_AND_STOP: False, flag: tensor([0], dtype=torch.int32), speed: 2212.679
29 Overflow !!
29 : update_scale(): _has_overflow, dynamic. _loss_scale =  1.0
[2022-11-26 04:34:21.599401] Finished iteration 306, CKPT_AND_STOP: False, flag: tensor([0], dtype=torch.int32), speed: 2209.476
29 Overflow !!
29 : update_scale(): _has_overflow, dynamic. _loss_scale =  1.0
[2022-11-26 04:34:23.816021] Finished iteration 307, CKPT_AND_STOP: False, flag: tensor([0], dtype=torch.int32), speed: 2216.587
29 Overflow !!
29 : update_scale(): _has_overflow, dynamic. _loss_scale =  1.0
[2022-11-26 04:34:26.003393] Finished iteration 308, CKPT_AND_STOP: False, flag: tensor([0], dtype=torch.int32), speed: 2187.354
29 Overflow !!
29 : update_scale(): _has_overflow, dynamic. _loss_scale =  1.0
[2022-11-26 04:34:28.154367] Finished iteration 309, CKPT_AND_STOP: False, flag: tensor([0], dtype=torch.int32), speed: 2150.942
29 Overflow !!
29 : update_scale(): _has_overflow, dynamic. _loss_scale =  1.0
[2022-11-26 04:34:30.350283] Finished iteration 310, CKPT_AND_STOP: False, flag: tensor([0], dtype=torch.int32), speed: 2195.888
29 Overflow !!
29 : update_scale(): _has_overflow, dynamic. _loss_scale =  1.0
[2022-11-26 04:34:32.528964] Finished iteration 311, CKPT_AND_STOP: False, flag: tensor([0], dtype=torch.int32), speed: 2178.630
29 Overflow !!
29 : update_scale(): _has_overflow, dynamic. _loss_scale =  1.0
[2022-11-26 04:34:34.682965] Finished iteration 312, CKPT_AND_STOP: False, flag: tensor([0], dtype=torch.int32), speed: 2153.970
29 Overflow !!
29 : update_scale(): _has_overflow, dynamic. _loss_scale =  1.0
[2022-11-26 04:34:36.836283] Finished iteration 313, CKPT_AND_STOP: False, flag: tensor([0], dtype=torch.int32), speed: 2153.327
29 Overflow !!
29 : update_scale(): _has_overflow, dynamic. _loss_scale =  1.0
[2022-11-26 04:34:38.981525] Finished iteration 314, CKPT_AND_STOP: False, flag: tensor([0], dtype=torch.int32), speed: 2145.174
29 Overflow !!
29 : update_scale(): _has_overflow, dynamic. _loss_scale =  1.0
[2022-11-26 04:34:41.113005] Finished iteration 315, CKPT_AND_STOP: False, flag: tensor([0], dtype=torch.int32), speed: 2131.452
29 Overflow !!
29 : update_scale(): _has_overflow, dynamic. _loss_scale =  1.0
[2022-11-26 04:34:43.512867] Finished iteration 316, CKPT_AND_STOP: False, flag: tensor([0], dtype=torch.int32), speed: 2399.832
29 Overflow !!
29 : update_scale(): _has_overflow, dynamic. _loss_scale =  1.0
[2022-11-26 04:34:45.768535] Finished iteration 317, CKPT_AND_STOP: False, flag: tensor([0], dtype=torch.int32), speed: 2255.663
29 Overflow !!
29 : update_scale(): _has_overflow, dynamic. _loss_scale =  1.0
[2022-11-26 04:34:47.961659] Finished iteration 318, CKPT_AND_STOP: False, flag: tensor([0], dtype=torch.int32), speed: 2193.087
29 Overflow !!
29 : update_scale(): _has_overflow, dynamic. _loss_scale =  1.0
[2022-11-26 04:34:50.120383] Finished iteration 319, CKPT_AND_STOP: False, flag: tensor([0], dtype=torch.int32), speed: 2158.683
29 Overflow !!
29 : update_scale(): _has_overflow, dynamic. _loss_scale =  1.0
[2022-11-26 04:34:52.258716] Finished iteration 320, CKPT_AND_STOP: False, flag: tensor([0], dtype=torch.int32), speed: 2138.304
29 Overflow !!
29 : update_scale(): _has_overflow, dynamic. _loss_scale =  1.0
[2022-11-26 04:34:54.440146] Finished iteration 321, CKPT_AND_STOP: False, flag: tensor([0], dtype=torch.int32), speed: 2181.422
29 Overflow !!
29 : update_scale(): _has_overflow, dynamic. _loss_scale =  1.0
[2022-11-26 04:34:56.585401] Finished iteration 322, CKPT_AND_STOP: False, flag: tensor([0], dtype=torch.int32), speed: 2145.204
29 Overflow !!
29 : update_scale(): _has_overflow, dynamic. _loss_scale =  1.0
[2022-11-26 04:34:58.981837] Finished iteration 323, CKPT_AND_STOP: False, flag: tensor([0], dtype=torch.int32), speed: 2396.404
29 Overflow !!
29 : update_scale(): _has_overflow, dynamic. _loss_scale =  1.0
[2022-11-26 04:35:01.192502] Finished iteration 324, CKPT_AND_STOP: False, flag: tensor([0], dtype=torch.int32), speed: 2210.639
29 Overflow !!
29 : update_scale(): _has_overflow, dynamic. _loss_scale =  1.0
[2022-11-26 04:35:03.410144] Finished iteration 325, CKPT_AND_STOP: False, flag: tensor([0], dtype=torch.int32), speed: 2217.620
29 Overflow !!
29 : update_scale(): _has_overflow, dynamic. _loss_scale =  1.0
[2022-11-26 04:35:05.546217] Finished iteration 326, CKPT_AND_STOP: False, flag: tensor([0], dtype=torch.int32), speed: 2136.040
29 Overflow !!
29 : update_scale(): _has_overflow, dynamic. _loss_scale =  1.0
[2022-11-26 04:35:07.781267] Finished iteration 327, CKPT_AND_STOP: False, flag: tensor([0], dtype=torch.int32), speed: 2235.020
29 Overflow !!
29 : update_scale(): _has_overflow, dynamic. _loss_scale =  1.0
[2022-11-26 04:35:09.936014] Finished iteration 328, CKPT_AND_STOP: False, flag: tensor([0], dtype=torch.int32), speed: 2154.721
29 Overflow !!
29 : update_scale(): _has_overflow, dynamic. _loss_scale =  1.0
[2022-11-26 04:35:12.109950] Finished iteration 329, CKPT_AND_STOP: False, flag: tensor([0], dtype=torch.int32), speed: 2173.907
29 Overflow !!
29 : update_scale(): _has_overflow, dynamic. _loss_scale =  1.0
[2022-11-26 04:35:14.273993] Finished iteration 330, CKPT_AND_STOP: False, flag: tensor([0], dtype=torch.int32), speed: 2164.006
29 Overflow !!
29 : update_scale(): _has_overflow, dynamic. _loss_scale =  1.0
[2022-11-26 04:35:16.414582] Finished iteration 331, CKPT_AND_STOP: False, flag: tensor([0], dtype=torch.int32), speed: 2140.560
29 Overflow !!
29 : update_scale(): _has_overflow, dynamic. _loss_scale =  1.0
[2022-11-26 04:35:18.608356] Finished iteration 332, CKPT_AND_STOP: False, flag: tensor([0], dtype=torch.int32), speed: 2193.748
29 Overflow !!
29 : update_scale(): _has_overflow, dynamic. _loss_scale =  1.0
[2022-11-26 04:35:20.823284] Finished iteration 333, CKPT_AND_STOP: False, flag: tensor([0], dtype=torch.int32), speed: 2214.900
29 Overflow !!
29 : update_scale(): _has_overflow, dynamic. _loss_scale =  1.0
[2022-11-26 04:35:23.004269] Finished iteration 334, CKPT_AND_STOP: False, flag: tensor([0], dtype=torch.int32), speed: 2181.012
29 Overflow !!
29 : update_scale(): _has_overflow, dynamic. _loss_scale =  1.0
[2022-11-26 04:35:25.207969] Finished iteration 335, CKPT_AND_STOP: False, flag: tensor([0], dtype=torch.int32), speed: 2203.646
29 Overflow !!
29 : update_scale(): _has_overflow, dynamic. _loss_scale =  1.0
[2022-11-26 04:35:27.904071] Finished iteration 336, CKPT_AND_STOP: False, flag: tensor([1], dtype=torch.int32), speed: 2696.076
2022-11-26 04:35:27.908534 Begin to save checkpont to s3://spot-checkpoints/bert and exit
Opt ckpt time 3.7533531188964844
Process done with return code 0
Parent process ID: 47159 node: 172.31.21.254
24 cutpoints
Stages 1
Micro-bs 8 Max mem: 14622140211.200005
Predicted microbatch size for 1: 8
comm size 0
GPUS_PER_VM=1 /home/ubuntu/varuna/tools/simulator/simulate-varuna 1 5 0 2493369.62890625 0
End of simulation:  Mini-batch time (usec) = 4144382
Min send: 10000000, max send 0
Min long send: 10000000, max long send 0
Min fwd: 10000000, max fwd 0; min bwd 10000000, max bwd 0
Min long fwd: 141043, max long fwd 144458; min long bwd 184920, max long bwd 191040
Time taken by simulation: 49 microseconds

Stages 2
Micro-bs 8 Max mem: 7660942131.200001
Predicted microbatch size for 2: 8
comm size 4194304
WARNING: no send time found, 2 partitions
GPUS_PER_VM=1 /home/ubuntu/varuna/tools/simulator/simulate-varuna 2 9 0 970375.4272460938 248719.58977934244
End of simulation:  Mini-batch time (usec) = 3283515
Min send: 10000000, max send 0
Min long send: 249051, max long send 268766
Min fwd: 79750, max fwd 86627; min bwd 87708, max bwd 94754
Min long fwd: 58189, max long fwd 63385; min long bwd 92867, max long bwd 97330
Time taken by simulation: 182 microseconds

Stages 3
Micro-bs 8 Max mem: 5497876480.0
Predicted microbatch size for 3: 8
comm size 4194304
WARNING: no send time found, 3 partitions
GPUS_PER_VM=1 /home/ubuntu/varuna/tools/simulator/simulate-varuna 3 13 0 485476.6540527344 248719.58977934244
End of simulation:  Mini-batch time (usec) = 3469734
Min send: 10000000, max send 0
Min long send: 248801, max long send 271185
Min fwd: 34426, max fwd 67951; min bwd 53890, max bwd 64826
Min long fwd: 37108, max long fwd 45662; min long bwd 64919, max long bwd 72155
Time taken by simulation: 423 microseconds

Stages 4
Micro-bs 8 Max mem: 4406266675.2
Predicted microbatch size for 4: 8
comm size 4194304
WARNING: no send time found, 4 partitions
GPUS_PER_VM=1 /home/ubuntu/varuna/tools/simulator/simulate-varuna 4 19 0 352272.7355957031 248719.58977934244
End of simulation:  Mini-batch time (usec) = 4275253
Min send: 10000000, max send 0
Min long send: 248773, max long send 273424
Min fwd: 22410, max fwd 61283; min bwd 39748, max bwd 51303
Min long fwd: 29385, max long fwd 37648; min long bwd 47928, max long bwd 54735
Time taken by simulation: 859 microseconds

Stages 6
Micro-bs 8 Max mem: 3314656870.4
Predicted microbatch size for 6: 8
comm size 4194304
WARNING: no send time found, 6 partitions
GPUS_PER_VM=1 /home/ubuntu/varuna/tools/simulator/simulate-varuna 6 26 0 254962.82958984375 248719.58977934244
End of simulation:  Mini-batch time (usec) = 5944030
Min send: 10000000, max send 0
Min long send: 248735, max long send 278723
Min fwd: 10836, max fwd 44441; min bwd 24199, max bwd 35953
Min long fwd: 21303, max long fwd 29429; min long bwd 33298, max long bwd 40795
Time taken by simulation: 1987 microseconds

Stages 8
Micro-bs 8 Max mem: 2758774988.8
Predicted microbatch size for 8: 8
comm size 4194304
WARNING: no send time found, 8 partitions
GPUS_PER_VM=1 /home/ubuntu/varuna/tools/simulator/simulate-varuna 8 43 0 178155.74645996094 248719.58977934244
End of simulation:  Mini-batch time (usec) = 9019309
Min send: 10000000, max send 0
Min long send: 248735, max long send 276940
Min fwd: 5776, max fwd 41014; min bwd 16548, max bwd 29492
Min long fwd: 17309, max long fwd 25772; min long bwd 25282, max long bwd 32088
Time taken by simulation: 4407 microseconds

Stages 12
Micro-bs 8 Max mem: 2202893107.2
Predicted microbatch size for 12: 8
comm size 4194304
WARNING: no send time found, 12 partitions
GPUS_PER_VM=1 /home/ubuntu/varuna/tools/simulator/simulate-varuna 12 64 0 117116.2109375 248719.58977934244
End of simulation:  Mini-batch time (usec) = 13687683
Min send: 10000000, max send 0
Min long send: 248720, max long send 280797
Min fwd: 141, max fwd 25024; min bwd 6433, max bwd 23373
Min long fwd: 7201, max long fwd 18161; min long bwd 16833, max long bwd 28389
Time taken by simulation: 10551 microseconds

{1: 4.144382, 2: 3.283515, 3: 3.469734, 4: 4.275253, 6: 5.94403, 8: 9.019309, 12: 13.687683}
{1: 8, 2: 8, 3: 8, 4: 8, 6: 8, 8: 8, 12: 8}
best config is: 2 8
expected time is 3.283515
15 per stage
30 servers!
Config:
ranks: range(29, 30)
train batch size: 1024
partitions: 2
chunk_size: 8
data depth: 15
stage to rank map: 0,2,4,6,8,10,12,14,16,18,20,22,24,26,28;1,3,5,7,9,11,13,15,17,19,21,23,25,27,29;
World size is 30
/opt/conda/envs/varuna/bin/python -u /home/ubuntu/varuna_examples/DeepLearningExamples/PyTorch/LanguageModeling/BERT/run_pretraining.py --rank=29 --chunk_size=8 --local_rank=0 --stage_to_rank_map=0,2,4,6,8,10,12,14,16,18,20,22,24,26,28;1,3,5,7,9,11,13,15,17,19,21,23,25,27,29; --batch-size=68 --input_dir=/hdf5_lower_case_1_seq_len_128_max_pred_20_masked_lm_prob_0.15_random_seed_12345_dupe_factor_5/wikicorpus_en/ --output_dir=s3://spot-checkpoints/bert --config_file=bert_config.json --bert_model=bert-large-uncased --train_batch_size=1024 --max_seq_length=128 --max_predictions_per_seq=20 --max_steps=7038 --warmup_proportion=0.2843 --num_steps_per_checkpoint=200 --learning_rate=6e-3 --seed=12439 --fp16 --gradient_accumulation_steps=128 --allreduce_post_accumulation --allreduce_post_accumulation_fp16 --do_train --json-summary /home/ubuntu/varuna_examples/DeepLearningExamples/PyTorch/LanguageModeling/BERT/results/dllogger.json --varuna --resume_step 337
device: cuda:0 n_gpu: 1, distributed training: True, 16-bits training: True
dry run time 0.24988389015197754
SHARED WEIGHTS ARE
[(0, 1)]
this rank  29 is part of pipeline replica  14
9 chunks
Begin to load checkpint from s3://spot-checkpoints/bert/ckpt_337.pt
2022-11-26 04:36:38.620627 resume step from  337
2022-11-26 04:37:40.058791 - Finished loading checkpoint, takes 61.410 secs
29 Overflow !!
29 : update_scale(): _has_overflow, dynamic. _loss_scale =  524288.0
[2022-11-26 04:38:06.289970] Finished iteration 337, CKPT_AND_STOP: False, flag: tensor([14], dtype=torch.int32), speed: 4409.430
2022-11-26 04:38:06.295481 Begin to save checkpont to s3://spot-checkpoints/bert and exit
Opt ckpt time 7.612634897232056
Process done with return code 0
Parent process ID: 48664 node: 172.31.21.254
24 cutpoints
Stages 1
Micro-bs 8 Max mem: 14622140211.200005
Predicted microbatch size for 1: 8
comm size 0
GPUS_PER_VM=1 /home/ubuntu/varuna/tools/simulator/simulate-varuna 1 4 0 3598379.5166015625 0
End of simulation:  Mini-batch time (usec) = 4923429
Min send: 10000000, max send 0
Min long send: 10000000, max long send 0
Min fwd: 10000000, max fwd 0; min bwd 10000000, max bwd 0
Min long fwd: 142174, max long fwd 144458; min long bwd 186536, max long bwd 191040
Time taken by simulation: 45 microseconds

Stages 2
Micro-bs 8 Max mem: 7660942131.200001
Predicted microbatch size for 2: 8
comm size 4194304
WARNING: no send time found, 2 partitions
GPUS_PER_VM=1 /home/ubuntu/varuna/tools/simulator/simulate-varuna 2 8 0 954047.119140625 248719.58977934244
End of simulation:  Mini-batch time (usec) = 3096062
Min send: 10000000, max send 0
Min long send: 249051, max long send 268766
Min fwd: 79507, max fwd 86627; min bwd 88131, max bwd 94131
Min long fwd: 58556, max long fwd 63385; min long bwd 92867, max long bwd 97582
Time taken by simulation: 167 microseconds

Stages 3
Micro-bs 8 Max mem: 5497876480.0
Predicted microbatch size for 3: 8
comm size 4194304
WARNING: no send time found, 3 partitions
GPUS_PER_VM=1 /home/ubuntu/varuna/tools/simulator/simulate-varuna 3 13 0 485476.6540527344 248719.58977934244
End of simulation:  Mini-batch time (usec) = 3469734
Min send: 10000000, max send 0
Min long send: 248801, max long send 271185
Min fwd: 34426, max fwd 67951; min bwd 53890, max bwd 64826
Min long fwd: 37108, max long fwd 45662; min long bwd 64919, max long bwd 72155
Time taken by simulation: 476 microseconds

Stages 4
Micro-bs 8 Max mem: 4406266675.2
Predicted microbatch size for 4: 8
comm size 4194304
WARNING: no send time found, 4 partitions
GPUS_PER_VM=1 /home/ubuntu/varuna/tools/simulator/simulate-varuna 4 16 0 364488.09814453125 248719.58977934244
End of simulation:  Mini-batch time (usec) = 3900556
Min send: 10000000, max send 0
Min long send: 248773, max long send 273424
Min fwd: 20622, max fwd 60312; min bwd 40311, max bwd 50179
Min long fwd: 29744, max long fwd 36491; min long bwd 47928, max long bwd 56568
Time taken by simulation: 722 microseconds

Stages 6
Micro-bs 8 Max mem: 3314656870.4
Predicted microbatch size for 6: 8
comm size 4194304
WARNING: no send time found, 6 partitions
GPUS_PER_VM=1 /home/ubuntu/varuna/tools/simulator/simulate-varuna 6 26 0 254962.82958984375 248719.58977934244
End of simulation:  Mini-batch time (usec) = 5944030
Min send: 10000000, max send 0
Min long send: 248735, max long send 278723
Min fwd: 10836, max fwd 44441; min bwd 24199, max bwd 35953
Min long fwd: 21303, max long fwd 29429; min long bwd 33298, max long bwd 40795
Time taken by simulation: 1930 microseconds

Stages 8
Micro-bs 8 Max mem: 2758774988.8
Predicted microbatch size for 8: 8
comm size 4194304
WARNING: no send time found, 8 partitions
GPUS_PER_VM=1 /home/ubuntu/varuna/tools/simulator/simulate-varuna 8 32 0 244280.30395507812 248719.58977934244
End of simulation:  Mini-batch time (usec) = 7674225
Min send: 10000000, max send 0
Min long send: 248719, max long send 278723
Min fwd: 6779, max fwd 41103; min bwd 15994, max bwd 28589
Min long fwd: 18906, max long fwd 26091; min long bwd 25267, max long bwd 32480
Time taken by simulation: 3217 microseconds

Stages 12
Micro-bs 8 Max mem: 2202893107.2
Predicted microbatch size for 12: 8
comm size 4194304
WARNING: no send time found, 12 partitions
GPUS_PER_VM=1 /home/ubuntu/varuna/tools/simulator/simulate-varuna 12 64 0 117116.2109375 248719.58977934244
End of simulation:  Mini-batch time (usec) = 13687683
Min send: 10000000, max send 0
Min long send: 248720, max long send 280797
Min fwd: 141, max fwd 25024; min bwd 6433, max bwd 23373
Min long fwd: 7201, max long fwd 18161; min long bwd 16833, max long bwd 28389
Time taken by simulation: 10490 microseconds

{1: 4.923429, 2: 3.096062, 3: 3.469734, 4: 3.900556, 6: 5.94403, 8: 7.674225, 12: 13.687683}
{1: 8, 2: 8, 3: 8, 4: 8, 6: 8, 8: 8, 12: 8}
best config is: 2 8
expected time is 3.096062
16 per stage
32 servers!
Config:
ranks: range(29, 30)
train batch size: 1024
partitions: 2
chunk_size: 8
data depth: 16
stage to rank map: 0,2,4,6,8,10,12,14,16,18,20,22,24,26,28,30;1,3,5,7,9,11,13,15,17,19,21,23,25,27,29,31;
World size is 32
/opt/conda/envs/varuna/bin/python -u /home/ubuntu/varuna_examples/DeepLearningExamples/PyTorch/LanguageModeling/BERT/run_pretraining.py --rank=29 --chunk_size=8 --local_rank=0 --stage_to_rank_map=0,2,4,6,8,10,12,14,16,18,20,22,24,26,28,30;1,3,5,7,9,11,13,15,17,19,21,23,25,27,29,31; --batch-size=64 --input_dir=/hdf5_lower_case_1_seq_len_128_max_pred_20_masked_lm_prob_0.15_random_seed_12345_dupe_factor_5/wikicorpus_en/ --output_dir=s3://spot-checkpoints/bert --config_file=bert_config.json --bert_model=bert-large-uncased --train_batch_size=1024 --max_seq_length=128 --max_predictions_per_seq=20 --max_steps=7038 --warmup_proportion=0.2843 --num_steps_per_checkpoint=200 --learning_rate=6e-3 --seed=12439 --fp16 --gradient_accumulation_steps=128 --allreduce_post_accumulation --allreduce_post_accumulation_fp16 --do_train --json-summary /home/ubuntu/varuna_examples/DeepLearningExamples/PyTorch/LanguageModeling/BERT/results/dllogger.json --varuna --resume_step 338
device: cuda:0 n_gpu: 1, distributed training: True, 16-bits training: True
dry run time 0.21905303001403809
SHARED WEIGHTS ARE
[(0, 1)]
this rank  29 is part of pipeline replica  14
8 chunks
Begin to load checkpint from s3://spot-checkpoints/bert/ckpt_338.pt
2022-11-26 04:38:37.631439 resume step from  338
2022-11-26 04:39:33.947185 - Finished loading checkpoint, takes 56.289 secs
29 Overflow !!
29 : update_scale(): _has_overflow, dynamic. _loss_scale =  524288.0
[2022-11-26 04:40:09.759446] Finished iteration 338, CKPT_AND_STOP: False, flag: tensor([0], dtype=torch.int32), speed: 5335.012
29 Overflow !!
29 : update_scale(): _has_overflow, dynamic. _loss_scale =  262144.0
[2022-11-26 04:40:12.947561] Finished iteration 339, CKPT_AND_STOP: False, flag: tensor([0], dtype=torch.int32), speed: 3187.813
29 Overflow !!
29 : update_scale(): _has_overflow, dynamic. _loss_scale =  131072.0
[2022-11-26 04:40:16.102351] Finished iteration 340, CKPT_AND_STOP: False, flag: tensor([0], dtype=torch.int32), speed: 3154.750
29 Overflow !!
29 : update_scale(): _has_overflow, dynamic. _loss_scale =  65536.0
[2022-11-26 04:40:19.255708] Finished iteration 341, CKPT_AND_STOP: False, flag: tensor([0], dtype=torch.int32), speed: 3153.360
29 Overflow !!
29 : update_scale(): _has_overflow, dynamic. _loss_scale =  32768.0
[2022-11-26 04:40:21.410553] Finished iteration 342, CKPT_AND_STOP: False, flag: tensor([0], dtype=torch.int32), speed: 2154.760
29 Overflow !!
29 : update_scale(): _has_overflow, dynamic. _loss_scale =  16384.0
[2022-11-26 04:40:23.555558] Finished iteration 343, CKPT_AND_STOP: False, flag: tensor([0], dtype=torch.int32), speed: 2144.975
29 Overflow !!
29 : update_scale(): _has_overflow, dynamic. _loss_scale =  8192.0
[2022-11-26 04:40:25.709151] Finished iteration 344, CKPT_AND_STOP: False, flag: tensor([0], dtype=torch.int32), speed: 2153.555
29 Overflow !!
29 : update_scale(): _has_overflow, dynamic. _loss_scale =  4096.0
[2022-11-26 04:40:27.928574] Finished iteration 345, CKPT_AND_STOP: False, flag: tensor([0], dtype=torch.int32), speed: 2219.430
29 Overflow !!
29 : update_scale(): _has_overflow, dynamic. _loss_scale =  2048.0
[2022-11-26 04:40:30.074632] Finished iteration 346, CKPT_AND_STOP: False, flag: tensor([0], dtype=torch.int32), speed: 2146.004
29 Overflow !!
29 : update_scale(): _has_overflow, dynamic. _loss_scale =  1024.0
[2022-11-26 04:40:32.267062] Finished iteration 347, CKPT_AND_STOP: False, flag: tensor([0], dtype=torch.int32), speed: 2192.385
29 Overflow !!
29 : update_scale(): _has_overflow, dynamic. _loss_scale =  512.0
[2022-11-26 04:40:34.448761] Finished iteration 348, CKPT_AND_STOP: False, flag: tensor([0], dtype=torch.int32), speed: 2181.702
29 Overflow !!
29 : update_scale(): _has_overflow, dynamic. _loss_scale =  256.0
[2022-11-26 04:40:36.633333] Finished iteration 349, CKPT_AND_STOP: False, flag: tensor([0], dtype=torch.int32), speed: 2184.514
29 Overflow !!
29 : update_scale(): _has_overflow, dynamic. _loss_scale =  128.0
[2022-11-26 04:40:38.817981] Finished iteration 350, CKPT_AND_STOP: False, flag: tensor([0], dtype=torch.int32), speed: 2184.619
29 Overflow !!
29 : update_scale(): _has_overflow, dynamic. _loss_scale =  64.0
[2022-11-26 04:40:40.959295] Finished iteration 351, CKPT_AND_STOP: False, flag: tensor([0], dtype=torch.int32), speed: 2141.286
29 Overflow !!
29 : update_scale(): _has_overflow, dynamic. _loss_scale =  32.0
[2022-11-26 04:40:43.119275] Finished iteration 352, CKPT_AND_STOP: False, flag: tensor([0], dtype=torch.int32), speed: 2159.977
29 Overflow !!
29 : update_scale(): _has_overflow, dynamic. _loss_scale =  16.0
[2022-11-26 04:40:45.261151] Finished iteration 353, CKPT_AND_STOP: False, flag: tensor([0], dtype=torch.int32), speed: 2141.827
29 Overflow !!
29 : update_scale(): _has_overflow, dynamic. _loss_scale =  8.0
[2022-11-26 04:40:47.391512] Finished iteration 354, CKPT_AND_STOP: False, flag: tensor([0], dtype=torch.int32), speed: 2130.328
29 Overflow !!
29 : update_scale(): _has_overflow, dynamic. _loss_scale =  4.0
[2022-11-26 04:40:49.531972] Finished iteration 355, CKPT_AND_STOP: False, flag: tensor([0], dtype=torch.int32), speed: 2140.430
29 Overflow !!
29 : update_scale(): _has_overflow, dynamic. _loss_scale =  2.0
[2022-11-26 04:40:51.692309] Finished iteration 356, CKPT_AND_STOP: False, flag: tensor([0], dtype=torch.int32), speed: 2160.320
29 Overflow !!
29 : update_scale(): _has_overflow, dynamic. _loss_scale =  1.0
[2022-11-26 04:40:53.873861] Finished iteration 357, CKPT_AND_STOP: False, flag: tensor([0], dtype=torch.int32), speed: 2181.540
29 Overflow !!
29 : update_scale(): _has_overflow, dynamic. _loss_scale =  1.0
[2022-11-26 04:40:56.059359] Finished iteration 358, CKPT_AND_STOP: False, flag: tensor([0], dtype=torch.int32), speed: 2185.442
29 Overflow !!
29 : update_scale(): _has_overflow, dynamic. _loss_scale =  1.0
[2022-11-26 04:40:58.227588] Finished iteration 359, CKPT_AND_STOP: False, flag: tensor([0], dtype=torch.int32), speed: 2168.208
29 Overflow !!
29 : update_scale(): _has_overflow, dynamic. _loss_scale =  1.0
[2022-11-26 04:41:00.422476] Finished iteration 360, CKPT_AND_STOP: False, flag: tensor([0], dtype=torch.int32), speed: 2194.859
29 Overflow !!
29 : update_scale(): _has_overflow, dynamic. _loss_scale =  1.0
[2022-11-26 04:41:02.584624] Finished iteration 361, CKPT_AND_STOP: False, flag: tensor([0], dtype=torch.int32), speed: 2162.142
29 Overflow !!
29 : update_scale(): _has_overflow, dynamic. _loss_scale =  1.0
[2022-11-26 04:41:04.781471] Finished iteration 362, CKPT_AND_STOP: False, flag: tensor([0], dtype=torch.int32), speed: 2196.795
29 Overflow !!
29 : update_scale(): _has_overflow, dynamic. _loss_scale =  1.0
[2022-11-26 04:41:06.933393] Finished iteration 363, CKPT_AND_STOP: False, flag: tensor([0], dtype=torch.int32), speed: 2151.888
29 Overflow !!
29 : update_scale(): _has_overflow, dynamic. _loss_scale =  1.0
[2022-11-26 04:41:09.112246] Finished iteration 364, CKPT_AND_STOP: False, flag: tensor([0], dtype=torch.int32), speed: 2178.827
29 Overflow !!
29 : update_scale(): _has_overflow, dynamic. _loss_scale =  1.0
[2022-11-26 04:41:11.269266] Finished iteration 365, CKPT_AND_STOP: False, flag: tensor([0], dtype=torch.int32), speed: 2156.988
29 Overflow !!
29 : update_scale(): _has_overflow, dynamic. _loss_scale =  1.0
[2022-11-26 04:41:13.425764] Finished iteration 366, CKPT_AND_STOP: False, flag: tensor([0], dtype=torch.int32), speed: 2156.471
29 Overflow !!
29 : update_scale(): _has_overflow, dynamic. _loss_scale =  1.0
[2022-11-26 04:41:15.919595] Finished iteration 367, CKPT_AND_STOP: False, flag: tensor([0], dtype=torch.int32), speed: 2493.812
29 Overflow !!
29 : update_scale(): _has_overflow, dynamic. _loss_scale =  1.0
[2022-11-26 04:41:18.129918] Finished iteration 368, CKPT_AND_STOP: False, flag: tensor([0], dtype=torch.int32), speed: 2210.301
29 Overflow !!
29 : update_scale(): _has_overflow, dynamic. _loss_scale =  1.0
[2022-11-26 04:41:20.385115] Finished iteration 369, CKPT_AND_STOP: False, flag: tensor([0], dtype=torch.int32), speed: 2255.159
29 Overflow !!
29 : update_scale(): _has_overflow, dynamic. _loss_scale =  1.0
[2022-11-26 04:41:22.522508] Finished iteration 370, CKPT_AND_STOP: False, flag: tensor([0], dtype=torch.int32), speed: 2137.372
29 Overflow !!
29 : update_scale(): _has_overflow, dynamic. _loss_scale =  1.0
[2022-11-26 04:41:24.729972] Finished iteration 371, CKPT_AND_STOP: False, flag: tensor([0], dtype=torch.int32), speed: 2207.419
29 Overflow !!
29 : update_scale(): _has_overflow, dynamic. _loss_scale =  1.0
[2022-11-26 04:41:26.895344] Finished iteration 372, CKPT_AND_STOP: False, flag: tensor([0], dtype=torch.int32), speed: 2165.350
29 Overflow !!
29 : update_scale(): _has_overflow, dynamic. _loss_scale =  1.0
[2022-11-26 04:41:29.093983] Finished iteration 373, CKPT_AND_STOP: False, flag: tensor([0], dtype=torch.int32), speed: 2198.609
29 Overflow !!
29 : update_scale(): _has_overflow, dynamic. _loss_scale =  1.0
[2022-11-26 04:41:31.336653] Finished iteration 374, CKPT_AND_STOP: False, flag: tensor([0], dtype=torch.int32), speed: 2242.668
29 Overflow !!
29 : update_scale(): _has_overflow, dynamic. _loss_scale =  1.0
[2022-11-26 04:41:33.473635] Finished iteration 375, CKPT_AND_STOP: False, flag: tensor([0], dtype=torch.int32), speed: 2136.934
29 Overflow !!
29 : update_scale(): _has_overflow, dynamic. _loss_scale =  1.0
[2022-11-26 04:41:35.671935] Finished iteration 376, CKPT_AND_STOP: False, flag: tensor([0], dtype=torch.int32), speed: 2198.275
29 Overflow !!
29 : update_scale(): _has_overflow, dynamic. _loss_scale =  1.0
[2022-11-26 04:41:37.824965] Finished iteration 377, CKPT_AND_STOP: False, flag: tensor([0], dtype=torch.int32), speed: 2153.012
29 Overflow !!
29 : update_scale(): _has_overflow, dynamic. _loss_scale =  1.0
[2022-11-26 04:41:40.017176] Finished iteration 378, CKPT_AND_STOP: False, flag: tensor([0], dtype=torch.int32), speed: 2192.158
29 Overflow !!
29 : update_scale(): _has_overflow, dynamic. _loss_scale =  1.0
[2022-11-26 04:41:42.400663] Finished iteration 379, CKPT_AND_STOP: False, flag: tensor([0], dtype=torch.int32), speed: 2383.500
29 Overflow !!
29 : update_scale(): _has_overflow, dynamic. _loss_scale =  1.0
[2022-11-26 04:41:44.556315] Finished iteration 380, CKPT_AND_STOP: False, flag: tensor([0], dtype=torch.int32), speed: 2155.588
29 Overflow !!
29 : update_scale(): _has_overflow, dynamic. _loss_scale =  1.0
[2022-11-26 04:41:46.750451] Finished iteration 381, CKPT_AND_STOP: False, flag: tensor([0], dtype=torch.int32), speed: 2194.109
29 Overflow !!
29 : update_scale(): _has_overflow, dynamic. _loss_scale =  1.0
[2022-11-26 04:41:48.891159] Finished iteration 382, CKPT_AND_STOP: False, flag: tensor([0], dtype=torch.int32), speed: 2140.682
29 Overflow !!
29 : update_scale(): _has_overflow, dynamic. _loss_scale =  1.0
[2022-11-26 04:41:51.028613] Finished iteration 383, CKPT_AND_STOP: False, flag: tensor([0], dtype=torch.int32), speed: 2137.448
29 Overflow !!
29 : update_scale(): _has_overflow, dynamic. _loss_scale =  1.0
[2022-11-26 04:41:53.228314] Finished iteration 384, CKPT_AND_STOP: False, flag: tensor([0], dtype=torch.int32), speed: 2199.650
29 Overflow !!
29 : update_scale(): _has_overflow, dynamic. _loss_scale =  1.0
[2022-11-26 04:41:55.425277] Finished iteration 385, CKPT_AND_STOP: False, flag: tensor([0], dtype=torch.int32), speed: 2196.951
29 Overflow !!
29 : update_scale(): _has_overflow, dynamic. _loss_scale =  1.0
[2022-11-26 04:41:57.617248] Finished iteration 386, CKPT_AND_STOP: False, flag: tensor([0], dtype=torch.int32), speed: 2191.916
29 Overflow !!
29 : update_scale(): _has_overflow, dynamic. _loss_scale =  1.0
[2022-11-26 04:41:59.817054] Finished iteration 387, CKPT_AND_STOP: False, flag: tensor([0], dtype=torch.int32), speed: 2199.777
29 Overflow !!
29 : update_scale(): _has_overflow, dynamic. _loss_scale =  1.0
[2022-11-26 04:42:01.973880] Finished iteration 388, CKPT_AND_STOP: False, flag: tensor([0], dtype=torch.int32), speed: 2156.805
29 Overflow !!
29 : update_scale(): _has_overflow, dynamic. _loss_scale =  1.0
[2022-11-26 04:42:04.333831] Finished iteration 389, CKPT_AND_STOP: False, flag: tensor([0], dtype=torch.int32), speed: 2359.920
29 Overflow !!
29 : update_scale(): _has_overflow, dynamic. _loss_scale =  1.0
[2022-11-26 04:42:06.814479] Finished iteration 390, CKPT_AND_STOP: False, flag: tensor([0], dtype=torch.int32), speed: 2480.646
29 Overflow !!
29 : update_scale(): _has_overflow, dynamic. _loss_scale =  1.0
[2022-11-26 04:42:08.975169] Finished iteration 391, CKPT_AND_STOP: False, flag: tensor([0], dtype=torch.int32), speed: 2160.641
29 Overflow !!
29 : update_scale(): _has_overflow, dynamic. _loss_scale =  1.0
[2022-11-26 04:42:11.128012] Finished iteration 392, CKPT_AND_STOP: False, flag: tensor([0], dtype=torch.int32), speed: 2152.824
29 Overflow !!
29 : update_scale(): _has_overflow, dynamic. _loss_scale =  1.0
[2022-11-26 04:42:13.297251] Finished iteration 393, CKPT_AND_STOP: False, flag: tensor([0], dtype=torch.int32), speed: 2169.216
29 Overflow !!
29 : update_scale(): _has_overflow, dynamic. _loss_scale =  1.0
[2022-11-26 04:42:15.463600] Finished iteration 394, CKPT_AND_STOP: False, flag: tensor([0], dtype=torch.int32), speed: 2166.306
29 Overflow !!
29 : update_scale(): _has_overflow, dynamic. _loss_scale =  1.0
[2022-11-26 04:42:17.670469] Finished iteration 395, CKPT_AND_STOP: False, flag: tensor([0], dtype=torch.int32), speed: 2206.837
29 Overflow !!
29 : update_scale(): _has_overflow, dynamic. _loss_scale =  1.0
[2022-11-26 04:42:19.895431] Finished iteration 396, CKPT_AND_STOP: False, flag: tensor([0], dtype=torch.int32), speed: 2224.939
29 Overflow !!
29 : update_scale(): _has_overflow, dynamic. _loss_scale =  1.0
[2022-11-26 04:42:22.081961] Finished iteration 397, CKPT_AND_STOP: False, flag: tensor([0], dtype=torch.int32), speed: 2186.524
29 Overflow !!
29 : update_scale(): _has_overflow, dynamic. _loss_scale =  1.0
[2022-11-26 04:42:24.265381] Finished iteration 398, CKPT_AND_STOP: False, flag: tensor([0], dtype=torch.int32), speed: 2183.372
29 Overflow !!
29 : update_scale(): _has_overflow, dynamic. _loss_scale =  1.0
[2022-11-26 04:42:26.395626] Finished iteration 399, CKPT_AND_STOP: False, flag: tensor([0], dtype=torch.int32), speed: 2130.201
29 Overflow !!
29 : update_scale(): _has_overflow, dynamic. _loss_scale =  1.0
[2022-11-26 04:42:28.603359] Finished iteration 400, CKPT_AND_STOP: False, flag: tensor([0], dtype=torch.int32), speed: 2207.713
29 Overflow !!
29 : update_scale(): _has_overflow, dynamic. _loss_scale =  1.0
[2022-11-26 04:42:30.798617] Finished iteration 401, CKPT_AND_STOP: False, flag: tensor([0], dtype=torch.int32), speed: 2195.224
29 Overflow !!
29 : update_scale(): _has_overflow, dynamic. _loss_scale =  1.0
[2022-11-26 04:42:33.004911] Finished iteration 402, CKPT_AND_STOP: False, flag: tensor([0], dtype=torch.int32), speed: 2206.286
29 Overflow !!
29 : update_scale(): _has_overflow, dynamic. _loss_scale =  1.0
[2022-11-26 04:42:35.171028] Finished iteration 403, CKPT_AND_STOP: False, flag: tensor([0], dtype=torch.int32), speed: 2166.102
29 Overflow !!
29 : update_scale(): _has_overflow, dynamic. _loss_scale =  1.0
[2022-11-26 04:42:37.329333] Finished iteration 404, CKPT_AND_STOP: False, flag: tensor([0], dtype=torch.int32), speed: 2158.254
29 Overflow !!
29 : update_scale(): _has_overflow, dynamic. _loss_scale =  1.0
[2022-11-26 04:42:39.495902] Finished iteration 405, CKPT_AND_STOP: False, flag: tensor([0], dtype=torch.int32), speed: 2166.534
29 Overflow !!
29 : update_scale(): _has_overflow, dynamic. _loss_scale =  1.0
[2022-11-26 04:42:41.669860] Finished iteration 406, CKPT_AND_STOP: False, flag: tensor([0], dtype=torch.int32), speed: 2173.928
29 Overflow !!
29 : update_scale(): _has_overflow, dynamic. _loss_scale =  1.0
[2022-11-26 04:42:43.887989] Finished iteration 407, CKPT_AND_STOP: False, flag: tensor([0], dtype=torch.int32), speed: 2218.104
29 Overflow !!
29 : update_scale(): _has_overflow, dynamic. _loss_scale =  1.0
[2022-11-26 04:42:46.067690] Finished iteration 408, CKPT_AND_STOP: False, flag: tensor([0], dtype=torch.int32), speed: 2179.670
29 Overflow !!
29 : update_scale(): _has_overflow, dynamic. _loss_scale =  1.0
[2022-11-26 04:42:48.276565] Finished iteration 409, CKPT_AND_STOP: False, flag: tensor([0], dtype=torch.int32), speed: 2208.871
29 Overflow !!
29 : update_scale(): _has_overflow, dynamic. _loss_scale =  1.0
[2022-11-26 04:42:50.447640] Finished iteration 410, CKPT_AND_STOP: False, flag: tensor([0], dtype=torch.int32), speed: 2171.027
29 Overflow !!
29 : update_scale(): _has_overflow, dynamic. _loss_scale =  1.0
[2022-11-26 04:42:52.665409] Finished iteration 411, CKPT_AND_STOP: False, flag: tensor([0], dtype=torch.int32), speed: 2217.737
29 Overflow !!
29 : update_scale(): _has_overflow, dynamic. _loss_scale =  1.0
[2022-11-26 04:42:54.869354] Finished iteration 412, CKPT_AND_STOP: False, flag: tensor([0], dtype=torch.int32), speed: 2204.002
29 Overflow !!
29 : update_scale(): _has_overflow, dynamic. _loss_scale =  1.0
[2022-11-26 04:42:57.054936] Finished iteration 413, CKPT_AND_STOP: False, flag: tensor([0], dtype=torch.int32), speed: 2185.478
29 Overflow !!
29 : update_scale(): _has_overflow, dynamic. _loss_scale =  1.0
[2022-11-26 04:42:59.288344] Finished iteration 414, CKPT_AND_STOP: False, flag: tensor([0], dtype=torch.int32), speed: 2233.397
29 Overflow !!
29 : update_scale(): _has_overflow, dynamic. _loss_scale =  1.0
[2022-11-26 04:43:01.439185] Finished iteration 415, CKPT_AND_STOP: False, flag: tensor([0], dtype=torch.int32), speed: 2150.791
29 Overflow !!
29 : update_scale(): _has_overflow, dynamic. _loss_scale =  1.0
[2022-11-26 04:43:03.698441] Finished iteration 416, CKPT_AND_STOP: False, flag: tensor([0], dtype=torch.int32), speed: 2259.232
29 Overflow !!
29 : update_scale(): _has_overflow, dynamic. _loss_scale =  1.0
[2022-11-26 04:43:05.896090] Finished iteration 417, CKPT_AND_STOP: False, flag: tensor([0], dtype=torch.int32), speed: 2197.623
29 Overflow !!
29 : update_scale(): _has_overflow, dynamic. _loss_scale =  1.0
[2022-11-26 04:43:08.078125] Finished iteration 418, CKPT_AND_STOP: False, flag: tensor([0], dtype=torch.int32), speed: 2181.999
29 Overflow !!
29 : update_scale(): _has_overflow, dynamic. _loss_scale =  1.0
[2022-11-26 04:43:10.233538] Finished iteration 419, CKPT_AND_STOP: False, flag: tensor([0], dtype=torch.int32), speed: 2155.385
29 Overflow !!
29 : update_scale(): _has_overflow, dynamic. _loss_scale =  1.0
[2022-11-26 04:43:12.438562] Finished iteration 420, CKPT_AND_STOP: False, flag: tensor([0], dtype=torch.int32), speed: 2205.004
29 Overflow !!
29 : update_scale(): _has_overflow, dynamic. _loss_scale =  1.0
[2022-11-26 04:43:14.573981] Finished iteration 421, CKPT_AND_STOP: False, flag: tensor([0], dtype=torch.int32), speed: 2135.391
29 Overflow !!
29 : update_scale(): _has_overflow, dynamic. _loss_scale =  1.0
[2022-11-26 04:43:16.795880] Finished iteration 422, CKPT_AND_STOP: False, flag: tensor([0], dtype=torch.int32), speed: 2221.859
29 Overflow !!
29 : update_scale(): _has_overflow, dynamic. _loss_scale =  1.0
[2022-11-26 04:43:19.004065] Finished iteration 423, CKPT_AND_STOP: False, flag: tensor([0], dtype=torch.int32), speed: 2208.161
29 Overflow !!
29 : update_scale(): _has_overflow, dynamic. _loss_scale =  1.0
[2022-11-26 04:43:21.193610] Finished iteration 424, CKPT_AND_STOP: False, flag: tensor([0], dtype=torch.int32), speed: 2189.517
29 Overflow !!
29 : update_scale(): _has_overflow, dynamic. _loss_scale =  1.0
[2022-11-26 04:43:23.377186] Finished iteration 425, CKPT_AND_STOP: False, flag: tensor([0], dtype=torch.int32), speed: 2183.544
29 Overflow !!
29 : update_scale(): _has_overflow, dynamic. _loss_scale =  1.0
[2022-11-26 04:43:25.549344] Finished iteration 426, CKPT_AND_STOP: False, flag: tensor([0], dtype=torch.int32), speed: 2172.132
29 Overflow !!
29 : update_scale(): _has_overflow, dynamic. _loss_scale =  1.0
[2022-11-26 04:43:27.736566] Finished iteration 427, CKPT_AND_STOP: False, flag: tensor([1], dtype=torch.int32), speed: 2187.253
2022-11-26 04:43:27.741132 Begin to save checkpont to s3://spot-checkpoints/bert and exit
Opt ckpt time 3.565108060836792
Process done with return code 0
