Parent process ID: 1941 node: 172.31.27.155
24 cutpoints
Stages 1
Micro-bs 8 Max mem: 14622140211.200005
Predicted microbatch size for 1: 8
comm size 0
GPUS_PER_VM=1 /home/ubuntu/varuna/tools/simulator/simulate-varuna 1 4 0 3598379.5166015625 0
End of simulation:  Mini-batch time (usec) = 4923429
Min send: 10000000, max send 0
Min long send: 10000000, max long send 0
Min fwd: 10000000, max fwd 0; min bwd 10000000, max bwd 0
Min long fwd: 142174, max long fwd 144458; min long bwd 186536, max long bwd 191040
Time taken by simulation: 42 microseconds

Stages 2
Micro-bs 8 Max mem: 7660942131.200001
Predicted microbatch size for 2: 8
comm size 4194304
WARNING: no send time found, 2 partitions
GPUS_PER_VM=1 /home/ubuntu/varuna/tools/simulator/simulate-varuna 2 8 0 954047.119140625 248719.58977934244
End of simulation:  Mini-batch time (usec) = 3096062
Min send: 10000000, max send 0
Min long send: 249051, max long send 268766
Min fwd: 79507, max fwd 86627; min bwd 88131, max bwd 94131
Min long fwd: 58556, max long fwd 63385; min long bwd 92867, max long bwd 97582
Time taken by simulation: 172 microseconds

Stages 3
Micro-bs 8 Max mem: 5497876480.0
Predicted microbatch size for 3: 8
comm size 4194304
WARNING: no send time found, 3 partitions
GPUS_PER_VM=1 /home/ubuntu/varuna/tools/simulator/simulate-varuna 3 13 0 485476.6540527344 248719.58977934244
End of simulation:  Mini-batch time (usec) = 3469734
Min send: 10000000, max send 0
Min long send: 248801, max long send 271185
Min fwd: 34426, max fwd 67951; min bwd 53890, max bwd 64826
Min long fwd: 37108, max long fwd 45662; min long bwd 64919, max long bwd 72155
Time taken by simulation: 432 microseconds

Stages 4
Micro-bs 8 Max mem: 4406266675.2
Predicted microbatch size for 4: 8
comm size 4194304
WARNING: no send time found, 4 partitions
GPUS_PER_VM=1 /home/ubuntu/varuna/tools/simulator/simulate-varuna 4 16 0 364488.09814453125 248719.58977934244
End of simulation:  Mini-batch time (usec) = 3900556
Min send: 10000000, max send 0
Min long send: 248773, max long send 273424
Min fwd: 20622, max fwd 60312; min bwd 40311, max bwd 50179
Min long fwd: 29744, max long fwd 36491; min long bwd 47928, max long bwd 56568
Time taken by simulation: 731 microseconds

Stages 6
Micro-bs 8 Max mem: 3314656870.4
Predicted microbatch size for 6: 8
comm size 4194304
WARNING: no send time found, 6 partitions
GPUS_PER_VM=1 /home/ubuntu/varuna/tools/simulator/simulate-varuna 6 26 0 254962.82958984375 248719.58977934244
End of simulation:  Mini-batch time (usec) = 5944030
Min send: 10000000, max send 0
Min long send: 248735, max long send 278723
Min fwd: 10836, max fwd 44441; min bwd 24199, max bwd 35953
Min long fwd: 21303, max long fwd 29429; min long bwd 33298, max long bwd 40795
Time taken by simulation: 1962 microseconds

Stages 8
Micro-bs 8 Max mem: 2758774988.8
Predicted microbatch size for 8: 8
comm size 4194304
WARNING: no send time found, 8 partitions
GPUS_PER_VM=1 /home/ubuntu/varuna/tools/simulator/simulate-varuna 8 32 0 244280.30395507812 248719.58977934244
End of simulation:  Mini-batch time (usec) = 7674225
Min send: 10000000, max send 0
Min long send: 248719, max long send 278723
Min fwd: 6779, max fwd 41103; min bwd 15994, max bwd 28589
Min long fwd: 18906, max long fwd 26091; min long bwd 25267, max long bwd 32480
Time taken by simulation: 3246 microseconds

Stages 12
Micro-bs 8 Max mem: 2202893107.2
Predicted microbatch size for 12: 8
comm size 4194304
WARNING: no send time found, 12 partitions
GPUS_PER_VM=1 /home/ubuntu/varuna/tools/simulator/simulate-varuna 12 64 0 117116.2109375 248719.58977934244
End of simulation:  Mini-batch time (usec) = 13687683
Min send: 10000000, max send 0
Min long send: 248720, max long send 280797
Min fwd: 141, max fwd 25024; min bwd 6433, max bwd 23373
Min long fwd: 7201, max long fwd 18161; min long bwd 16833, max long bwd 28389
Time taken by simulation: 10449 microseconds

{1: 4.923429, 2: 3.096062, 3: 3.469734, 4: 3.900556, 6: 5.94403, 8: 7.674225, 12: 13.687683}
{1: 8, 2: 8, 3: 8, 4: 8, 6: 8, 8: 8, 12: 8}
best config is: 2 8
expected time is 3.096062
16 per stage
32 servers!
Config:
ranks: range(31, 32)
train batch size: 1024
partitions: 2
chunk_size: 8
data depth: 16
stage to rank map: 0,2,4,6,8,10,12,14,16,18,20,22,24,26,28,30;1,3,5,7,9,11,13,15,17,19,21,23,25,27,29,31;
World size is 32
/opt/conda/envs/varuna/bin/python -u /home/ubuntu/varuna_examples/DeepLearningExamples/PyTorch/LanguageModeling/BERT/run_pretraining.py --rank=31 --chunk_size=8 --local_rank=0 --stage_to_rank_map=0,2,4,6,8,10,12,14,16,18,20,22,24,26,28,30;1,3,5,7,9,11,13,15,17,19,21,23,25,27,29,31; --batch-size=64 --input_dir=/hdf5_lower_case_1_seq_len_128_max_pred_20_masked_lm_prob_0.15_random_seed_12345_dupe_factor_5/wikicorpus_en/ --output_dir=s3://spot-checkpoints/bert --config_file=bert_config.json --bert_model=bert-large-uncased --train_batch_size=1024 --max_seq_length=128 --max_predictions_per_seq=20 --max_steps=7038 --warmup_proportion=0.2843 --num_steps_per_checkpoint=200 --learning_rate=6e-3 --seed=12439 --fp16 --gradient_accumulation_steps=128 --allreduce_post_accumulation --allreduce_post_accumulation_fp16 --do_train --json-summary /home/ubuntu/varuna_examples/DeepLearningExamples/PyTorch/LanguageModeling/BERT/results/dllogger.json --varuna
device: cuda:0 n_gpu: 1, distributed training: True, 16-bits training: True
dry run time 0.19083929061889648
SHARED WEIGHTS ARE
[(0, 1)]
this rank  31 is part of pipeline replica  15
8 chunks
31 Overflow !!
31 : update_scale(): _has_overflow, dynamic. _loss_scale =  524288.0
[2022-11-26 03:57:36.549599] Finished iteration 0, CKPT_AND_STOP: False, flag: tensor([0], dtype=torch.int32), speed: 9760.636
31 Overflow !!
31 : update_scale(): _has_overflow, dynamic. _loss_scale =  262144.0
[2022-11-26 03:57:39.751090] Finished iteration 1, CKPT_AND_STOP: False, flag: tensor([0], dtype=torch.int32), speed: 3201.228
31 Overflow !!
31 : update_scale(): _has_overflow, dynamic. _loss_scale =  131072.0
[2022-11-26 03:57:42.967514] Finished iteration 2, CKPT_AND_STOP: False, flag: tensor([0], dtype=torch.int32), speed: 3216.413
31 Overflow !!
31 : update_scale(): _has_overflow, dynamic. _loss_scale =  65536.0
[2022-11-26 03:57:46.128070] Finished iteration 3, CKPT_AND_STOP: False, flag: tensor([0], dtype=torch.int32), speed: 3160.557
31 Overflow !!
31 : update_scale(): _has_overflow, dynamic. _loss_scale =  32768.0
[2022-11-26 03:57:49.296137] Finished iteration 4, CKPT_AND_STOP: False, flag: tensor([0], dtype=torch.int32), speed: 3167.990
31 Overflow !!
31 : update_scale(): _has_overflow, dynamic. _loss_scale =  16384.0
[2022-11-26 03:57:51.464606] Finished iteration 5, CKPT_AND_STOP: False, flag: tensor([0], dtype=torch.int32), speed: 2168.443
31 Overflow !!
31 : update_scale(): _has_overflow, dynamic. _loss_scale =  8192.0
[2022-11-26 03:57:53.646095] Finished iteration 6, CKPT_AND_STOP: False, flag: tensor([0], dtype=torch.int32), speed: 2181.463
31 Overflow !!
31 : update_scale(): _has_overflow, dynamic. _loss_scale =  4096.0
[2022-11-26 03:57:55.814274] Finished iteration 7, CKPT_AND_STOP: False, flag: tensor([0], dtype=torch.int32), speed: 2168.165
31 Overflow !!
31 : update_scale(): _has_overflow, dynamic. _loss_scale =  2048.0
[2022-11-26 03:57:57.970720] Finished iteration 8, CKPT_AND_STOP: False, flag: tensor([0], dtype=torch.int32), speed: 2156.400
31 Overflow !!
31 : update_scale(): _has_overflow, dynamic. _loss_scale =  1024.0
[2022-11-26 03:58:00.147802] Finished iteration 9, CKPT_AND_STOP: False, flag: tensor([0], dtype=torch.int32), speed: 2177.048
31 Overflow !!
31 : update_scale(): _has_overflow, dynamic. _loss_scale =  512.0
[2022-11-26 03:58:02.330867] Finished iteration 10, CKPT_AND_STOP: False, flag: tensor([0], dtype=torch.int32), speed: 2183.056
31 Overflow !!
31 : update_scale(): _has_overflow, dynamic. _loss_scale =  256.0
[2022-11-26 03:58:04.464694] Finished iteration 11, CKPT_AND_STOP: False, flag: tensor([0], dtype=torch.int32), speed: 2133.795
31 Overflow !!
31 : update_scale(): _has_overflow, dynamic. _loss_scale =  128.0
[2022-11-26 03:58:06.672242] Finished iteration 12, CKPT_AND_STOP: False, flag: tensor([0], dtype=torch.int32), speed: 2207.501
31 Overflow !!
31 : update_scale(): _has_overflow, dynamic. _loss_scale =  64.0
[2022-11-26 03:58:08.877948] Finished iteration 13, CKPT_AND_STOP: False, flag: tensor([0], dtype=torch.int32), speed: 2205.686
31 Overflow !!
31 : update_scale(): _has_overflow, dynamic. _loss_scale =  32.0
[2022-11-26 03:58:11.019292] Finished iteration 14, CKPT_AND_STOP: False, flag: tensor([0], dtype=torch.int32), speed: 2141.308
31 Overflow !!
31 : update_scale(): _has_overflow, dynamic. _loss_scale =  16.0
[2022-11-26 03:58:13.207128] Finished iteration 15, CKPT_AND_STOP: False, flag: tensor([0], dtype=torch.int32), speed: 2187.806
31 Overflow !!
31 : update_scale(): _has_overflow, dynamic. _loss_scale =  8.0
[2022-11-26 03:58:15.384308] Finished iteration 16, CKPT_AND_STOP: False, flag: tensor([0], dtype=torch.int32), speed: 2177.150
31 Overflow !!
31 : update_scale(): _has_overflow, dynamic. _loss_scale =  4.0
[2022-11-26 03:58:17.564575] Finished iteration 17, CKPT_AND_STOP: False, flag: tensor([0], dtype=torch.int32), speed: 2180.241
31 Overflow !!
31 : update_scale(): _has_overflow, dynamic. _loss_scale =  2.0
[2022-11-26 03:58:19.718441] Finished iteration 18, CKPT_AND_STOP: False, flag: tensor([0], dtype=torch.int32), speed: 2153.832
31 Overflow !!
31 : update_scale(): _has_overflow, dynamic. _loss_scale =  1.0
[2022-11-26 03:58:21.874047] Finished iteration 19, CKPT_AND_STOP: False, flag: tensor([0], dtype=torch.int32), speed: 2155.584
31 Overflow !!
31 : update_scale(): _has_overflow, dynamic. _loss_scale =  1.0
[2022-11-26 03:58:24.092578] Finished iteration 20, CKPT_AND_STOP: False, flag: tensor([0], dtype=torch.int32), speed: 2218.500
31 Overflow !!
31 : update_scale(): _has_overflow, dynamic. _loss_scale =  1.0
[2022-11-26 03:58:26.329217] Finished iteration 21, CKPT_AND_STOP: False, flag: tensor([0], dtype=torch.int32), speed: 2236.610
31 Overflow !!
31 : update_scale(): _has_overflow, dynamic. _loss_scale =  1.0
[2022-11-26 03:58:28.511507] Finished iteration 22, CKPT_AND_STOP: False, flag: tensor([0], dtype=torch.int32), speed: 2182.264
31 Overflow !!
31 : update_scale(): _has_overflow, dynamic. _loss_scale =  1.0
[2022-11-26 03:58:30.673377] Finished iteration 23, CKPT_AND_STOP: False, flag: tensor([0], dtype=torch.int32), speed: 2161.848
31 Overflow !!
31 : update_scale(): _has_overflow, dynamic. _loss_scale =  1.0
[2022-11-26 03:58:32.849551] Finished iteration 24, CKPT_AND_STOP: False, flag: tensor([0], dtype=torch.int32), speed: 2176.139
31 Overflow !!
31 : update_scale(): _has_overflow, dynamic. _loss_scale =  1.0
[2022-11-26 03:58:35.066039] Finished iteration 25, CKPT_AND_STOP: False, flag: tensor([0], dtype=torch.int32), speed: 2216.457
31 Overflow !!
31 : update_scale(): _has_overflow, dynamic. _loss_scale =  1.0
[2022-11-26 03:58:37.225378] Finished iteration 26, CKPT_AND_STOP: False, flag: tensor([0], dtype=torch.int32), speed: 2159.337
31 Overflow !!
31 : update_scale(): _has_overflow, dynamic. _loss_scale =  1.0
[2022-11-26 03:58:39.396069] Finished iteration 27, CKPT_AND_STOP: False, flag: tensor([0], dtype=torch.int32), speed: 2170.674
31 Overflow !!
31 : update_scale(): _has_overflow, dynamic. _loss_scale =  1.0
[2022-11-26 03:58:41.584482] Finished iteration 28, CKPT_AND_STOP: False, flag: tensor([0], dtype=torch.int32), speed: 2188.371
31 Overflow !!
31 : update_scale(): _has_overflow, dynamic. _loss_scale =  1.0
[2022-11-26 03:58:43.744423] Finished iteration 29, CKPT_AND_STOP: False, flag: tensor([0], dtype=torch.int32), speed: 2159.892
31 Overflow !!
31 : update_scale(): _has_overflow, dynamic. _loss_scale =  1.0
[2022-11-26 03:58:45.913300] Finished iteration 30, CKPT_AND_STOP: False, flag: tensor([0], dtype=torch.int32), speed: 2168.873
31 Overflow !!
31 : update_scale(): _has_overflow, dynamic. _loss_scale =  1.0
[2022-11-26 03:58:48.076714] Finished iteration 31, CKPT_AND_STOP: False, flag: tensor([0], dtype=torch.int32), speed: 2163.378
31 Overflow !!
31 : update_scale(): _has_overflow, dynamic. _loss_scale =  1.0
[2022-11-26 03:58:50.298637] Finished iteration 32, CKPT_AND_STOP: False, flag: tensor([0], dtype=torch.int32), speed: 2221.879
31 Overflow !!
31 : update_scale(): _has_overflow, dynamic. _loss_scale =  1.0
[2022-11-26 03:58:52.781954] Finished iteration 33, CKPT_AND_STOP: False, flag: tensor([0], dtype=torch.int32), speed: 2483.324
31 Overflow !!
31 : update_scale(): _has_overflow, dynamic. _loss_scale =  1.0
[2022-11-26 03:58:54.969553] Finished iteration 34, CKPT_AND_STOP: False, flag: tensor([0], dtype=torch.int32), speed: 2187.543
31 Overflow !!
31 : update_scale(): _has_overflow, dynamic. _loss_scale =  1.0
[2022-11-26 03:58:57.184581] Finished iteration 35, CKPT_AND_STOP: False, flag: tensor([0], dtype=torch.int32), speed: 2215.002
31 Overflow !!
31 : update_scale(): _has_overflow, dynamic. _loss_scale =  1.0
[2022-11-26 03:58:59.378287] Finished iteration 36, CKPT_AND_STOP: False, flag: tensor([0], dtype=torch.int32), speed: 2193.680
31 Overflow !!
31 : update_scale(): _has_overflow, dynamic. _loss_scale =  1.0
[2022-11-26 03:59:01.530215] Finished iteration 37, CKPT_AND_STOP: False, flag: tensor([0], dtype=torch.int32), speed: 2151.917
31 Overflow !!
31 : update_scale(): _has_overflow, dynamic. _loss_scale =  1.0
[2022-11-26 03:59:03.732352] Finished iteration 38, CKPT_AND_STOP: False, flag: tensor([0], dtype=torch.int32), speed: 2202.091
31 Overflow !!
31 : update_scale(): _has_overflow, dynamic. _loss_scale =  1.0
[2022-11-26 03:59:05.936929] Finished iteration 39, CKPT_AND_STOP: False, flag: tensor([0], dtype=torch.int32), speed: 2204.569
31 Overflow !!
31 : update_scale(): _has_overflow, dynamic. _loss_scale =  1.0
[2022-11-26 03:59:08.139582] Finished iteration 40, CKPT_AND_STOP: False, flag: tensor([0], dtype=torch.int32), speed: 2202.606
31 Overflow !!
31 : update_scale(): _has_overflow, dynamic. _loss_scale =  1.0
[2022-11-26 03:59:10.311122] Finished iteration 41, CKPT_AND_STOP: False, flag: tensor([0], dtype=torch.int32), speed: 2171.492
31 Overflow !!
31 : update_scale(): _has_overflow, dynamic. _loss_scale =  1.0
[2022-11-26 03:59:12.457450] Finished iteration 42, CKPT_AND_STOP: False, flag: tensor([0], dtype=torch.int32), speed: 2146.318
31 Overflow !!
31 : update_scale(): _has_overflow, dynamic. _loss_scale =  1.0
[2022-11-26 03:59:14.692568] Finished iteration 43, CKPT_AND_STOP: False, flag: tensor([0], dtype=torch.int32), speed: 2235.090
31 Overflow !!
31 : update_scale(): _has_overflow, dynamic. _loss_scale =  1.0
[2022-11-26 03:59:16.940285] Finished iteration 44, CKPT_AND_STOP: False, flag: tensor([0], dtype=torch.int32), speed: 2247.687
31 Overflow !!
31 : update_scale(): _has_overflow, dynamic. _loss_scale =  1.0
[2022-11-26 03:59:19.125392] Finished iteration 45, CKPT_AND_STOP: False, flag: tensor([0], dtype=torch.int32), speed: 2185.066
31 Overflow !!
31 : update_scale(): _has_overflow, dynamic. _loss_scale =  1.0
[2022-11-26 03:59:21.298705] Finished iteration 46, CKPT_AND_STOP: False, flag: tensor([0], dtype=torch.int32), speed: 2173.283
31 Overflow !!
31 : update_scale(): _has_overflow, dynamic. _loss_scale =  1.0
[2022-11-26 03:59:23.521221] Finished iteration 47, CKPT_AND_STOP: False, flag: tensor([0], dtype=torch.int32), speed: 2222.489
31 Overflow !!
31 : update_scale(): _has_overflow, dynamic. _loss_scale =  1.0
[2022-11-26 03:59:25.713121] Finished iteration 48, CKPT_AND_STOP: False, flag: tensor([0], dtype=torch.int32), speed: 2191.871
31 Overflow !!
31 : update_scale(): _has_overflow, dynamic. _loss_scale =  1.0
[2022-11-26 03:59:27.934814] Finished iteration 49, CKPT_AND_STOP: False, flag: tensor([1], dtype=torch.int32), speed: 2221.661
2022-11-26 03:59:27.939154 Begin to save checkpont to s3://spot-checkpoints/bert and exit
Opt ckpt time 4.299349069595337
Process done with return code 0
Parent process ID: 13407 node: 172.31.28.16
24 cutpoints
Stages 1
Micro-bs 8 Max mem: 14622140211.200005
Predicted microbatch size for 1: 8
comm size 0
GPUS_PER_VM=1 /home/ubuntu/varuna/tools/simulator/simulate-varuna 1 4 0 3598379.5166015625 0
End of simulation:  Mini-batch time (usec) = 4923429
Min send: 10000000, max send 0
Min long send: 10000000, max long send 0
Min fwd: 10000000, max fwd 0; min bwd 10000000, max bwd 0
Min long fwd: 142174, max long fwd 144458; min long bwd 186536, max long bwd 191040
Time taken by simulation: 43 microseconds

Stages 2
Micro-bs 8 Max mem: 7660942131.200001
Predicted microbatch size for 2: 8
comm size 4194304
WARNING: no send time found, 2 partitions
GPUS_PER_VM=1 /home/ubuntu/varuna/tools/simulator/simulate-varuna 2 8 0 954047.119140625 248719.58977934244
End of simulation:  Mini-batch time (usec) = 3096062
Min send: 10000000, max send 0
Min long send: 249051, max long send 268766
Min fwd: 79507, max fwd 86627; min bwd 88131, max bwd 94131
Min long fwd: 58556, max long fwd 63385; min long bwd 92867, max long bwd 97582
Time taken by simulation: 169 microseconds

Stages 3
Micro-bs 8 Max mem: 5497876480.0
Predicted microbatch size for 3: 8
comm size 4194304
WARNING: no send time found, 3 partitions
GPUS_PER_VM=1 /home/ubuntu/varuna/tools/simulator/simulate-varuna 3 13 0 485476.6540527344 248719.58977934244
End of simulation:  Mini-batch time (usec) = 3469734
Min send: 10000000, max send 0
Min long send: 248801, max long send 271185
Min fwd: 34426, max fwd 67951; min bwd 53890, max bwd 64826
Min long fwd: 37108, max long fwd 45662; min long bwd 64919, max long bwd 72155
Time taken by simulation: 420 microseconds

Stages 4
Micro-bs 8 Max mem: 4406266675.2
Predicted microbatch size for 4: 8
comm size 4194304
WARNING: no send time found, 4 partitions
GPUS_PER_VM=1 /home/ubuntu/varuna/tools/simulator/simulate-varuna 4 16 0 364488.09814453125 248719.58977934244
End of simulation:  Mini-batch time (usec) = 3900556
Min send: 10000000, max send 0
Min long send: 248773, max long send 273424
Min fwd: 20622, max fwd 60312; min bwd 40311, max bwd 50179
Min long fwd: 29744, max long fwd 36491; min long bwd 47928, max long bwd 56568
Time taken by simulation: 726 microseconds

Stages 6
Micro-bs 8 Max mem: 3314656870.4
Predicted microbatch size for 6: 8
comm size 4194304
WARNING: no send time found, 6 partitions
GPUS_PER_VM=1 /home/ubuntu/varuna/tools/simulator/simulate-varuna 6 26 0 254962.82958984375 248719.58977934244
End of simulation:  Mini-batch time (usec) = 5944030
Min send: 10000000, max send 0
Min long send: 248735, max long send 278723
Min fwd: 10836, max fwd 44441; min bwd 24199, max bwd 35953
Min long fwd: 21303, max long fwd 29429; min long bwd 33298, max long bwd 40795
Time taken by simulation: 1921 microseconds

Stages 8
Micro-bs 8 Max mem: 2758774988.8
Predicted microbatch size for 8: 8
comm size 4194304
WARNING: no send time found, 8 partitions
GPUS_PER_VM=1 /home/ubuntu/varuna/tools/simulator/simulate-varuna 8 32 0 244280.30395507812 248719.58977934244
End of simulation:  Mini-batch time (usec) = 7674225
Min send: 10000000, max send 0
Min long send: 248719, max long send 278723
Min fwd: 6779, max fwd 41103; min bwd 15994, max bwd 28589
Min long fwd: 18906, max long fwd 26091; min long bwd 25267, max long bwd 32480
Time taken by simulation: 3206 microseconds

Stages 12
Micro-bs 8 Max mem: 2202893107.2
Predicted microbatch size for 12: 8
comm size 4194304
WARNING: no send time found, 12 partitions
GPUS_PER_VM=1 /home/ubuntu/varuna/tools/simulator/simulate-varuna 12 64 0 117116.2109375 248719.58977934244
End of simulation:  Mini-batch time (usec) = 13687683
Min send: 10000000, max send 0
Min long send: 248720, max long send 280797
Min fwd: 141, max fwd 25024; min bwd 6433, max bwd 23373
Min long fwd: 7201, max long fwd 18161; min long bwd 16833, max long bwd 28389
Time taken by simulation: 10506 microseconds

{1: 4.923429, 2: 3.096062, 3: 3.469734, 4: 3.900556, 6: 5.94403, 8: 7.674225, 12: 13.687683}
{1: 8, 2: 8, 3: 8, 4: 8, 6: 8, 8: 8, 12: 8}
best config is: 2 8
expected time is 3.096062
16 per stage
32 servers!
Config:
ranks: range(31, 32)
train batch size: 1024
partitions: 2
chunk_size: 8
data depth: 16
stage to rank map: 0,2,4,6,8,10,12,14,16,18,20,22,24,26,28,30;1,3,5,7,9,11,13,15,17,19,21,23,25,27,29,31;
World size is 32
/opt/conda/envs/varuna/bin/python -u /home/ubuntu/varuna_examples/DeepLearningExamples/PyTorch/LanguageModeling/BERT/run_pretraining.py --rank=31 --chunk_size=8 --local_rank=0 --stage_to_rank_map=0,2,4,6,8,10,12,14,16,18,20,22,24,26,28,30;1,3,5,7,9,11,13,15,17,19,21,23,25,27,29,31; --batch-size=64 --input_dir=/hdf5_lower_case_1_seq_len_128_max_pred_20_masked_lm_prob_0.15_random_seed_12345_dupe_factor_5/wikicorpus_en/ --output_dir=s3://spot-checkpoints/bert --config_file=bert_config.json --bert_model=bert-large-uncased --train_batch_size=1024 --max_seq_length=128 --max_predictions_per_seq=20 --max_steps=7038 --warmup_proportion=0.2843 --num_steps_per_checkpoint=200 --learning_rate=6e-3 --seed=12439 --fp16 --gradient_accumulation_steps=128 --allreduce_post_accumulation --allreduce_post_accumulation_fp16 --do_train --json-summary /home/ubuntu/varuna_examples/DeepLearningExamples/PyTorch/LanguageModeling/BERT/results/dllogger.json --varuna --resume_step 221
device: cuda:0 n_gpu: 1, distributed training: True, 16-bits training: True
dry run time 0.2238023281097412
SHARED WEIGHTS ARE
[(0, 1)]
this rank  31 is part of pipeline replica  15
8 chunks
Begin to load checkpint from s3://spot-checkpoints/bert/ckpt_221.pt
2022-11-26 04:30:01.107442 resume step from  221
2022-11-26 04:30:48.222773 - Finished loading checkpoint, takes 47.088 secs
31 Overflow !!
31 : update_scale(): _has_overflow, dynamic. _loss_scale =  524288.0
[2022-11-26 04:31:09.082392] Finished iteration 221, CKPT_AND_STOP: False, flag: tensor([0], dtype=torch.int32), speed: 4238.884
31 Overflow !!
31 : update_scale(): _has_overflow, dynamic. _loss_scale =  262144.0
[2022-11-26 04:31:12.283975] Finished iteration 222, CKPT_AND_STOP: False, flag: tensor([0], dtype=torch.int32), speed: 3201.370
31 Overflow !!
31 : update_scale(): _has_overflow, dynamic. _loss_scale =  131072.0
[2022-11-26 04:31:14.421197] Finished iteration 223, CKPT_AND_STOP: False, flag: tensor([0], dtype=torch.int32), speed: 2137.191
31 Overflow !!
31 : update_scale(): _has_overflow, dynamic. _loss_scale =  65536.0
[2022-11-26 04:31:18.037002] Finished iteration 224, CKPT_AND_STOP: False, flag: tensor([0], dtype=torch.int32), speed: 3615.779
31 Overflow !!
31 : update_scale(): _has_overflow, dynamic. _loss_scale =  32768.0
[2022-11-26 04:31:21.211929] Finished iteration 225, CKPT_AND_STOP: False, flag: tensor([0], dtype=torch.int32), speed: 3174.920
31 Overflow !!
31 : update_scale(): _has_overflow, dynamic. _loss_scale =  16384.0
[2022-11-26 04:31:23.368635] Finished iteration 226, CKPT_AND_STOP: False, flag: tensor([0], dtype=torch.int32), speed: 2156.726
31 Overflow !!
31 : update_scale(): _has_overflow, dynamic. _loss_scale =  8192.0
[2022-11-26 04:31:25.503176] Finished iteration 227, CKPT_AND_STOP: False, flag: tensor([0], dtype=torch.int32), speed: 2134.504
31 Overflow !!
31 : update_scale(): _has_overflow, dynamic. _loss_scale =  4096.0
[2022-11-26 04:31:27.643279] Finished iteration 228, CKPT_AND_STOP: False, flag: tensor([0], dtype=torch.int32), speed: 2140.026
31 Overflow !!
31 : update_scale(): _has_overflow, dynamic. _loss_scale =  2048.0
[2022-11-26 04:31:29.828571] Finished iteration 229, CKPT_AND_STOP: False, flag: tensor([0], dtype=torch.int32), speed: 2185.367
31 Overflow !!
31 : update_scale(): _has_overflow, dynamic. _loss_scale =  1024.0
[2022-11-26 04:31:32.006445] Finished iteration 230, CKPT_AND_STOP: False, flag: tensor([0], dtype=torch.int32), speed: 2177.744
31 Overflow !!
31 : update_scale(): _has_overflow, dynamic. _loss_scale =  512.0
[2022-11-26 04:31:34.232461] Finished iteration 231, CKPT_AND_STOP: False, flag: tensor([0], dtype=torch.int32), speed: 2225.990
31 Overflow !!
31 : update_scale(): _has_overflow, dynamic. _loss_scale =  256.0
[2022-11-26 04:31:36.495311] Finished iteration 232, CKPT_AND_STOP: False, flag: tensor([0], dtype=torch.int32), speed: 2262.820
31 Overflow !!
31 : update_scale(): _has_overflow, dynamic. _loss_scale =  128.0
[2022-11-26 04:31:38.689929] Finished iteration 233, CKPT_AND_STOP: False, flag: tensor([0], dtype=torch.int32), speed: 2194.701
31 Overflow !!
31 : update_scale(): _has_overflow, dynamic. _loss_scale =  64.0
[2022-11-26 04:31:40.856933] Finished iteration 234, CKPT_AND_STOP: False, flag: tensor([0], dtype=torch.int32), speed: 2166.876
31 Overflow !!
31 : update_scale(): _has_overflow, dynamic. _loss_scale =  32.0
[2022-11-26 04:31:43.062225] Finished iteration 235, CKPT_AND_STOP: False, flag: tensor([0], dtype=torch.int32), speed: 2205.266
31 Overflow !!
31 : update_scale(): _has_overflow, dynamic. _loss_scale =  16.0
[2022-11-26 04:31:45.947506] Finished iteration 236, CKPT_AND_STOP: False, flag: tensor([0], dtype=torch.int32), speed: 2885.247
31 Overflow !!
31 : update_scale(): _has_overflow, dynamic. _loss_scale =  8.0
[2022-11-26 04:31:48.129277] Finished iteration 237, CKPT_AND_STOP: False, flag: tensor([0], dtype=torch.int32), speed: 2181.750
31 Overflow !!
31 : update_scale(): _has_overflow, dynamic. _loss_scale =  4.0
[2022-11-26 04:31:50.346803] Finished iteration 238, CKPT_AND_STOP: False, flag: tensor([0], dtype=torch.int32), speed: 2217.500
31 Overflow !!
31 : update_scale(): _has_overflow, dynamic. _loss_scale =  2.0
[2022-11-26 04:31:52.561990] Finished iteration 239, CKPT_AND_STOP: False, flag: tensor([0], dtype=torch.int32), speed: 2215.196
31 Overflow !!
31 : update_scale(): _has_overflow, dynamic. _loss_scale =  1.0
[2022-11-26 04:31:54.715799] Finished iteration 240, CKPT_AND_STOP: False, flag: tensor([0], dtype=torch.int32), speed: 2153.749
31 Overflow !!
31 : update_scale(): _has_overflow, dynamic. _loss_scale =  1.0
[2022-11-26 04:31:56.920759] Finished iteration 241, CKPT_AND_STOP: False, flag: tensor([0], dtype=torch.int32), speed: 2204.931
31 Overflow !!
31 : update_scale(): _has_overflow, dynamic. _loss_scale =  1.0
[2022-11-26 04:31:59.140786] Finished iteration 242, CKPT_AND_STOP: False, flag: tensor([0], dtype=torch.int32), speed: 2220.006
31 Overflow !!
31 : update_scale(): _has_overflow, dynamic. _loss_scale =  1.0
[2022-11-26 04:32:01.344741] Finished iteration 243, CKPT_AND_STOP: False, flag: tensor([0], dtype=torch.int32), speed: 2203.925
31 Overflow !!
31 : update_scale(): _has_overflow, dynamic. _loss_scale =  1.0
[2022-11-26 04:32:03.587265] Finished iteration 244, CKPT_AND_STOP: False, flag: tensor([0], dtype=torch.int32), speed: 2242.502
31 Overflow !!
31 : update_scale(): _has_overflow, dynamic. _loss_scale =  1.0
[2022-11-26 04:32:05.791735] Finished iteration 245, CKPT_AND_STOP: False, flag: tensor([0], dtype=torch.int32), speed: 2204.445
31 Overflow !!
31 : update_scale(): _has_overflow, dynamic. _loss_scale =  1.0
[2022-11-26 04:32:07.996515] Finished iteration 246, CKPT_AND_STOP: False, flag: tensor([0], dtype=torch.int32), speed: 2204.779
31 Overflow !!
31 : update_scale(): _has_overflow, dynamic. _loss_scale =  1.0
[2022-11-26 04:32:10.220548] Finished iteration 247, CKPT_AND_STOP: False, flag: tensor([0], dtype=torch.int32), speed: 2224.029
31 Overflow !!
31 : update_scale(): _has_overflow, dynamic. _loss_scale =  1.0
[2022-11-26 04:32:12.406170] Finished iteration 248, CKPT_AND_STOP: False, flag: tensor([0], dtype=torch.int32), speed: 2185.551
31 Overflow !!
31 : update_scale(): _has_overflow, dynamic. _loss_scale =  1.0
[2022-11-26 04:32:14.617560] Finished iteration 249, CKPT_AND_STOP: False, flag: tensor([0], dtype=torch.int32), speed: 2211.437
31 Overflow !!
31 : update_scale(): _has_overflow, dynamic. _loss_scale =  1.0
[2022-11-26 04:32:16.816329] Finished iteration 250, CKPT_AND_STOP: False, flag: tensor([0], dtype=torch.int32), speed: 2198.664
31 Overflow !!
31 : update_scale(): _has_overflow, dynamic. _loss_scale =  1.0
[2022-11-26 04:32:19.050190] Finished iteration 251, CKPT_AND_STOP: False, flag: tensor([0], dtype=torch.int32), speed: 2233.840
31 Overflow !!
31 : update_scale(): _has_overflow, dynamic. _loss_scale =  1.0
[2022-11-26 04:32:21.255760] Finished iteration 252, CKPT_AND_STOP: False, flag: tensor([0], dtype=torch.int32), speed: 2205.543
31 Overflow !!
31 : update_scale(): _has_overflow, dynamic. _loss_scale =  1.0
[2022-11-26 04:32:23.419409] Finished iteration 253, CKPT_AND_STOP: False, flag: tensor([0], dtype=torch.int32), speed: 2163.717
31 Overflow !!
31 : update_scale(): _has_overflow, dynamic. _loss_scale =  1.0
[2022-11-26 04:32:26.357161] Finished iteration 254, CKPT_AND_STOP: False, flag: tensor([0], dtype=torch.int32), speed: 2937.626
31 Overflow !!
31 : update_scale(): _has_overflow, dynamic. _loss_scale =  1.0
[2022-11-26 04:32:28.542298] Finished iteration 255, CKPT_AND_STOP: False, flag: tensor([0], dtype=torch.int32), speed: 2185.207
31 Overflow !!
31 : update_scale(): _has_overflow, dynamic. _loss_scale =  1.0
[2022-11-26 04:32:30.716144] Finished iteration 256, CKPT_AND_STOP: False, flag: tensor([0], dtype=torch.int32), speed: 2173.728
31 Overflow !!
31 : update_scale(): _has_overflow, dynamic. _loss_scale =  1.0
[2022-11-26 04:32:32.921321] Finished iteration 257, CKPT_AND_STOP: False, flag: tensor([0], dtype=torch.int32), speed: 2205.155
31 Overflow !!
31 : update_scale(): _has_overflow, dynamic. _loss_scale =  1.0
[2022-11-26 04:32:35.129484] Finished iteration 258, CKPT_AND_STOP: False, flag: tensor([0], dtype=torch.int32), speed: 2208.133
31 Overflow !!
31 : update_scale(): _has_overflow, dynamic. _loss_scale =  1.0
[2022-11-26 04:32:37.323028] Finished iteration 259, CKPT_AND_STOP: False, flag: tensor([0], dtype=torch.int32), speed: 2193.512
31 Overflow !!
31 : update_scale(): _has_overflow, dynamic. _loss_scale =  1.0
[2022-11-26 04:32:39.503798] Finished iteration 260, CKPT_AND_STOP: False, flag: tensor([0], dtype=torch.int32), speed: 2180.766
31 Overflow !!
31 : update_scale(): _has_overflow, dynamic. _loss_scale =  1.0
[2022-11-26 04:32:41.665075] Finished iteration 261, CKPT_AND_STOP: False, flag: tensor([0], dtype=torch.int32), speed: 2161.241
31 Overflow !!
31 : update_scale(): _has_overflow, dynamic. _loss_scale =  1.0
[2022-11-26 04:32:43.904252] Finished iteration 262, CKPT_AND_STOP: False, flag: tensor([0], dtype=torch.int32), speed: 2239.147
31 Overflow !!
31 : update_scale(): _has_overflow, dynamic. _loss_scale =  1.0
[2022-11-26 04:32:46.130525] Finished iteration 263, CKPT_AND_STOP: False, flag: tensor([0], dtype=torch.int32), speed: 2226.243
31 Overflow !!
31 : update_scale(): _has_overflow, dynamic. _loss_scale =  1.0
[2022-11-26 04:32:48.309364] Finished iteration 264, CKPT_AND_STOP: False, flag: tensor([0], dtype=torch.int32), speed: 2178.808
31 Overflow !!
31 : update_scale(): _has_overflow, dynamic. _loss_scale =  1.0
[2022-11-26 04:32:50.490002] Finished iteration 265, CKPT_AND_STOP: False, flag: tensor([0], dtype=torch.int32), speed: 2180.613
31 Overflow !!
31 : update_scale(): _has_overflow, dynamic. _loss_scale =  1.0
[2022-11-26 04:32:52.706461] Finished iteration 266, CKPT_AND_STOP: False, flag: tensor([0], dtype=torch.int32), speed: 2216.433
31 Overflow !!
31 : update_scale(): _has_overflow, dynamic. _loss_scale =  1.0
[2022-11-26 04:32:54.906657] Finished iteration 267, CKPT_AND_STOP: False, flag: tensor([0], dtype=torch.int32), speed: 2200.278
31 Overflow !!
31 : update_scale(): _has_overflow, dynamic. _loss_scale =  1.0
[2022-11-26 04:32:57.129461] Finished iteration 268, CKPT_AND_STOP: False, flag: tensor([0], dtype=torch.int32), speed: 2222.673
31 Overflow !!
31 : update_scale(): _has_overflow, dynamic. _loss_scale =  1.0
[2022-11-26 04:32:59.337588] Finished iteration 269, CKPT_AND_STOP: False, flag: tensor([0], dtype=torch.int32), speed: 2208.106
31 Overflow !!
31 : update_scale(): _has_overflow, dynamic. _loss_scale =  1.0
[2022-11-26 04:33:01.575506] Finished iteration 270, CKPT_AND_STOP: False, flag: tensor([0], dtype=torch.int32), speed: 2237.885
31 Overflow !!
31 : update_scale(): _has_overflow, dynamic. _loss_scale =  1.0
[2022-11-26 04:33:03.775077] Finished iteration 271, CKPT_AND_STOP: False, flag: tensor([0], dtype=torch.int32), speed: 2199.585
31 Overflow !!
31 : update_scale(): _has_overflow, dynamic. _loss_scale =  1.0
[2022-11-26 04:33:05.973972] Finished iteration 272, CKPT_AND_STOP: False, flag: tensor([0], dtype=torch.int32), speed: 2198.866
31 Overflow !!
31 : update_scale(): _has_overflow, dynamic. _loss_scale =  1.0
[2022-11-26 04:33:08.179071] Finished iteration 273, CKPT_AND_STOP: False, flag: tensor([0], dtype=torch.int32), speed: 2205.040
31 Overflow !!
31 : update_scale(): _has_overflow, dynamic. _loss_scale =  1.0
[2022-11-26 04:33:10.434727] Finished iteration 274, CKPT_AND_STOP: False, flag: tensor([0], dtype=torch.int32), speed: 2255.630
31 Overflow !!
31 : update_scale(): _has_overflow, dynamic. _loss_scale =  1.0
[2022-11-26 04:33:12.704282] Finished iteration 275, CKPT_AND_STOP: False, flag: tensor([0], dtype=torch.int32), speed: 2269.536
31 Overflow !!
31 : update_scale(): _has_overflow, dynamic. _loss_scale =  1.0
[2022-11-26 04:33:14.891023] Finished iteration 276, CKPT_AND_STOP: False, flag: tensor([0], dtype=torch.int32), speed: 2186.718
31 Overflow !!
31 : update_scale(): _has_overflow, dynamic. _loss_scale =  1.0
[2022-11-26 04:33:17.060911] Finished iteration 277, CKPT_AND_STOP: False, flag: tensor([0], dtype=torch.int32), speed: 2169.882
31 Overflow !!
31 : update_scale(): _has_overflow, dynamic. _loss_scale =  1.0
[2022-11-26 04:33:19.241177] Finished iteration 278, CKPT_AND_STOP: False, flag: tensor([0], dtype=torch.int32), speed: 2180.303
31 Overflow !!
31 : update_scale(): _has_overflow, dynamic. _loss_scale =  1.0
[2022-11-26 04:33:21.415402] Finished iteration 279, CKPT_AND_STOP: False, flag: tensor([0], dtype=torch.int32), speed: 2174.104
31 Overflow !!
31 : update_scale(): _has_overflow, dynamic. _loss_scale =  1.0
[2022-11-26 04:33:23.657498] Finished iteration 280, CKPT_AND_STOP: False, flag: tensor([0], dtype=torch.int32), speed: 2242.074
31 Overflow !!
31 : update_scale(): _has_overflow, dynamic. _loss_scale =  1.0
[2022-11-26 04:33:25.886225] Finished iteration 281, CKPT_AND_STOP: False, flag: tensor([0], dtype=torch.int32), speed: 2228.708
31 Overflow !!
31 : update_scale(): _has_overflow, dynamic. _loss_scale =  1.0
[2022-11-26 04:33:28.032921] Finished iteration 282, CKPT_AND_STOP: False, flag: tensor([0], dtype=torch.int32), speed: 2146.729
31 Overflow !!
31 : update_scale(): _has_overflow, dynamic. _loss_scale =  1.0
[2022-11-26 04:33:30.195926] Finished iteration 283, CKPT_AND_STOP: False, flag: tensor([0], dtype=torch.int32), speed: 2162.912
31 Overflow !!
31 : update_scale(): _has_overflow, dynamic. _loss_scale =  1.0
[2022-11-26 04:33:32.407929] Finished iteration 284, CKPT_AND_STOP: False, flag: tensor([0], dtype=torch.int32), speed: 2211.979
31 Overflow !!
31 : update_scale(): _has_overflow, dynamic. _loss_scale =  1.0
[2022-11-26 04:33:34.585842] Finished iteration 285, CKPT_AND_STOP: False, flag: tensor([0], dtype=torch.int32), speed: 2177.980
31 Overflow !!
31 : update_scale(): _has_overflow, dynamic. _loss_scale =  1.0
[2022-11-26 04:33:36.742942] Finished iteration 286, CKPT_AND_STOP: False, flag: tensor([0], dtype=torch.int32), speed: 2156.976
31 Overflow !!
31 : update_scale(): _has_overflow, dynamic. _loss_scale =  1.0
[2022-11-26 04:33:38.933770] Finished iteration 287, CKPT_AND_STOP: False, flag: tensor([0], dtype=torch.int32), speed: 2190.806
31 Overflow !!
31 : update_scale(): _has_overflow, dynamic. _loss_scale =  1.0
[2022-11-26 04:33:41.179474] Finished iteration 288, CKPT_AND_STOP: False, flag: tensor([0], dtype=torch.int32), speed: 2245.681
31 Overflow !!
31 : update_scale(): _has_overflow, dynamic. _loss_scale =  1.0
[2022-11-26 04:33:43.300546] Finished iteration 289, CKPT_AND_STOP: False, flag: tensor([0], dtype=torch.int32), speed: 2121.049
31 Overflow !!
31 : update_scale(): _has_overflow, dynamic. _loss_scale =  1.0
[2022-11-26 04:33:45.462963] Finished iteration 290, CKPT_AND_STOP: False, flag: tensor([0], dtype=torch.int32), speed: 2162.383
31 Overflow !!
31 : update_scale(): _has_overflow, dynamic. _loss_scale =  1.0
[2022-11-26 04:33:47.659721] Finished iteration 291, CKPT_AND_STOP: False, flag: tensor([0], dtype=torch.int32), speed: 2196.731
31 Overflow !!
31 : update_scale(): _has_overflow, dynamic. _loss_scale =  1.0
[2022-11-26 04:33:49.923988] Finished iteration 292, CKPT_AND_STOP: False, flag: tensor([0], dtype=torch.int32), speed: 2264.266
31 Overflow !!
31 : update_scale(): _has_overflow, dynamic. _loss_scale =  1.0
[2022-11-26 04:33:52.139949] Finished iteration 293, CKPT_AND_STOP: False, flag: tensor([0], dtype=torch.int32), speed: 2215.921
31 Overflow !!
31 : update_scale(): _has_overflow, dynamic. _loss_scale =  1.0
[2022-11-26 04:33:54.420319] Finished iteration 294, CKPT_AND_STOP: False, flag: tensor([0], dtype=torch.int32), speed: 2280.339
31 Overflow !!
31 : update_scale(): _has_overflow, dynamic. _loss_scale =  1.0
[2022-11-26 04:33:56.616753] Finished iteration 295, CKPT_AND_STOP: False, flag: tensor([0], dtype=torch.int32), speed: 2196.405
31 Overflow !!
31 : update_scale(): _has_overflow, dynamic. _loss_scale =  1.0
[2022-11-26 04:33:58.797012] Finished iteration 296, CKPT_AND_STOP: False, flag: tensor([0], dtype=torch.int32), speed: 2180.266
31 Overflow !!
31 : update_scale(): _has_overflow, dynamic. _loss_scale =  1.0
[2022-11-26 04:34:01.266270] Finished iteration 297, CKPT_AND_STOP: False, flag: tensor([0], dtype=torch.int32), speed: 2469.205
31 Overflow !!
31 : update_scale(): _has_overflow, dynamic. _loss_scale =  1.0
[2022-11-26 04:34:04.016729] Finished iteration 298, CKPT_AND_STOP: False, flag: tensor([0], dtype=torch.int32), speed: 2750.442
31 Overflow !!
31 : update_scale(): _has_overflow, dynamic. _loss_scale =  1.0
[2022-11-26 04:34:06.204905] Finished iteration 299, CKPT_AND_STOP: False, flag: tensor([0], dtype=torch.int32), speed: 2188.224
31 Overflow !!
31 : update_scale(): _has_overflow, dynamic. _loss_scale =  1.0
[2022-11-26 04:34:08.456346] Finished iteration 300, CKPT_AND_STOP: False, flag: tensor([0], dtype=torch.int32), speed: 2251.326
31 Overflow !!
31 : update_scale(): _has_overflow, dynamic. _loss_scale =  1.0
[2022-11-26 04:34:10.628491] Finished iteration 301, CKPT_AND_STOP: False, flag: tensor([0], dtype=torch.int32), speed: 2172.117
31 Overflow !!
31 : update_scale(): _has_overflow, dynamic. _loss_scale =  1.0
[2022-11-26 04:34:12.813115] Finished iteration 302, CKPT_AND_STOP: False, flag: tensor([0], dtype=torch.int32), speed: 2184.698
31 Overflow !!
31 : update_scale(): _has_overflow, dynamic. _loss_scale =  1.0
[2022-11-26 04:34:14.970837] Finished iteration 303, CKPT_AND_STOP: False, flag: tensor([0], dtype=torch.int32), speed: 2157.619
31 Overflow !!
31 : update_scale(): _has_overflow, dynamic. _loss_scale =  1.0
[2022-11-26 04:34:17.174518] Finished iteration 304, CKPT_AND_STOP: False, flag: tensor([0], dtype=torch.int32), speed: 2203.640
31 Overflow !!
31 : update_scale(): _has_overflow, dynamic. _loss_scale =  1.0
[2022-11-26 04:34:19.387284] Finished iteration 305, CKPT_AND_STOP: False, flag: tensor([0], dtype=torch.int32), speed: 2212.735
31 Overflow !!
31 : update_scale(): _has_overflow, dynamic. _loss_scale =  1.0
[2022-11-26 04:34:21.596767] Finished iteration 306, CKPT_AND_STOP: False, flag: tensor([0], dtype=torch.int32), speed: 2209.471
31 Overflow !!
31 : update_scale(): _has_overflow, dynamic. _loss_scale =  1.0
[2022-11-26 04:34:23.813470] Finished iteration 307, CKPT_AND_STOP: False, flag: tensor([0], dtype=torch.int32), speed: 2216.762
31 Overflow !!
31 : update_scale(): _has_overflow, dynamic. _loss_scale =  1.0
[2022-11-26 04:34:26.000806] Finished iteration 308, CKPT_AND_STOP: False, flag: tensor([0], dtype=torch.int32), speed: 2187.221
31 Overflow !!
31 : update_scale(): _has_overflow, dynamic. _loss_scale =  1.0
[2022-11-26 04:34:28.151740] Finished iteration 309, CKPT_AND_STOP: False, flag: tensor([0], dtype=torch.int32), speed: 2150.908
31 Overflow !!
31 : update_scale(): _has_overflow, dynamic. _loss_scale =  1.0
[2022-11-26 04:34:30.347629] Finished iteration 310, CKPT_AND_STOP: False, flag: tensor([0], dtype=torch.int32), speed: 2195.864
31 Overflow !!
31 : update_scale(): _has_overflow, dynamic. _loss_scale =  1.0
[2022-11-26 04:34:32.526259] Finished iteration 311, CKPT_AND_STOP: False, flag: tensor([0], dtype=torch.int32), speed: 2178.601
31 Overflow !!
31 : update_scale(): _has_overflow, dynamic. _loss_scale =  1.0
[2022-11-26 04:34:34.680225] Finished iteration 312, CKPT_AND_STOP: False, flag: tensor([0], dtype=torch.int32), speed: 2153.939
31 Overflow !!
31 : update_scale(): _has_overflow, dynamic. _loss_scale =  1.0
[2022-11-26 04:34:36.833578] Finished iteration 313, CKPT_AND_STOP: False, flag: tensor([0], dtype=torch.int32), speed: 2153.331
31 Overflow !!
31 : update_scale(): _has_overflow, dynamic. _loss_scale =  1.0
[2022-11-26 04:34:38.978849] Finished iteration 314, CKPT_AND_STOP: False, flag: tensor([0], dtype=torch.int32), speed: 2145.244
31 Overflow !!
31 : update_scale(): _has_overflow, dynamic. _loss_scale =  1.0
[2022-11-26 04:34:41.110405] Finished iteration 315, CKPT_AND_STOP: False, flag: tensor([0], dtype=torch.int32), speed: 2131.532
31 Overflow !!
31 : update_scale(): _has_overflow, dynamic. _loss_scale =  1.0
[2022-11-26 04:34:43.510289] Finished iteration 316, CKPT_AND_STOP: False, flag: tensor([0], dtype=torch.int32), speed: 2399.858
31 Overflow !!
31 : update_scale(): _has_overflow, dynamic. _loss_scale =  1.0
[2022-11-26 04:34:45.765874] Finished iteration 317, CKPT_AND_STOP: False, flag: tensor([0], dtype=torch.int32), speed: 2255.592
31 Overflow !!
31 : update_scale(): _has_overflow, dynamic. _loss_scale =  1.0
[2022-11-26 04:34:47.959043] Finished iteration 318, CKPT_AND_STOP: False, flag: tensor([0], dtype=torch.int32), speed: 2193.147
31 Overflow !!
31 : update_scale(): _has_overflow, dynamic. _loss_scale =  1.0
[2022-11-26 04:34:50.117759] Finished iteration 319, CKPT_AND_STOP: False, flag: tensor([0], dtype=torch.int32), speed: 2158.669
31 Overflow !!
31 : update_scale(): _has_overflow, dynamic. _loss_scale =  1.0
[2022-11-26 04:34:52.256130] Finished iteration 320, CKPT_AND_STOP: False, flag: tensor([0], dtype=torch.int32), speed: 2138.334
31 Overflow !!
31 : update_scale(): _has_overflow, dynamic. _loss_scale =  1.0
[2022-11-26 04:34:54.437586] Finished iteration 321, CKPT_AND_STOP: False, flag: tensor([0], dtype=torch.int32), speed: 2181.507
31 Overflow !!
31 : update_scale(): _has_overflow, dynamic. _loss_scale =  1.0
[2022-11-26 04:34:56.582802] Finished iteration 322, CKPT_AND_STOP: False, flag: tensor([0], dtype=torch.int32), speed: 2145.114
31 Overflow !!
31 : update_scale(): _has_overflow, dynamic. _loss_scale =  1.0
[2022-11-26 04:34:58.979234] Finished iteration 323, CKPT_AND_STOP: False, flag: tensor([0], dtype=torch.int32), speed: 2396.411
31 Overflow !!
31 : update_scale(): _has_overflow, dynamic. _loss_scale =  1.0
[2022-11-26 04:35:01.189813] Finished iteration 324, CKPT_AND_STOP: False, flag: tensor([0], dtype=torch.int32), speed: 2210.588
31 Overflow !!
31 : update_scale(): _has_overflow, dynamic. _loss_scale =  1.0
[2022-11-26 04:35:03.407539] Finished iteration 325, CKPT_AND_STOP: False, flag: tensor([0], dtype=torch.int32), speed: 2217.665
31 Overflow !!
31 : update_scale(): _has_overflow, dynamic. _loss_scale =  1.0
[2022-11-26 04:35:05.543613] Finished iteration 326, CKPT_AND_STOP: False, flag: tensor([0], dtype=torch.int32), speed: 2136.048
31 Overflow !!
31 : update_scale(): _has_overflow, dynamic. _loss_scale =  1.0
[2022-11-26 04:35:07.778665] Finished iteration 327, CKPT_AND_STOP: False, flag: tensor([0], dtype=torch.int32), speed: 2235.026
31 Overflow !!
31 : update_scale(): _has_overflow, dynamic. _loss_scale =  1.0
[2022-11-26 04:35:09.933416] Finished iteration 328, CKPT_AND_STOP: False, flag: tensor([0], dtype=torch.int32), speed: 2154.728
31 Overflow !!
31 : update_scale(): _has_overflow, dynamic. _loss_scale =  1.0
[2022-11-26 04:35:12.107340] Finished iteration 329, CKPT_AND_STOP: False, flag: tensor([0], dtype=torch.int32), speed: 2173.904
31 Overflow !!
31 : update_scale(): _has_overflow, dynamic. _loss_scale =  1.0
[2022-11-26 04:35:14.271461] Finished iteration 330, CKPT_AND_STOP: False, flag: tensor([0], dtype=torch.int32), speed: 2164.126
31 Overflow !!
31 : update_scale(): _has_overflow, dynamic. _loss_scale =  1.0
[2022-11-26 04:35:16.411988] Finished iteration 331, CKPT_AND_STOP: False, flag: tensor([0], dtype=torch.int32), speed: 2140.465
31 Overflow !!
31 : update_scale(): _has_overflow, dynamic. _loss_scale =  1.0
[2022-11-26 04:35:18.605819] Finished iteration 332, CKPT_AND_STOP: False, flag: tensor([0], dtype=torch.int32), speed: 2193.934
31 Overflow !!
31 : update_scale(): _has_overflow, dynamic. _loss_scale =  1.0
[2022-11-26 04:35:20.820678] Finished iteration 333, CKPT_AND_STOP: False, flag: tensor([0], dtype=torch.int32), speed: 2214.701
31 Overflow !!
31 : update_scale(): _has_overflow, dynamic. _loss_scale =  1.0
[2022-11-26 04:35:23.001716] Finished iteration 334, CKPT_AND_STOP: False, flag: tensor([0], dtype=torch.int32), speed: 2181.051
31 Overflow !!
31 : update_scale(): _has_overflow, dynamic. _loss_scale =  1.0
[2022-11-26 04:35:25.205426] Finished iteration 335, CKPT_AND_STOP: False, flag: tensor([0], dtype=torch.int32), speed: 2203.759
31 Overflow !!
31 : update_scale(): _has_overflow, dynamic. _loss_scale =  1.0
[2022-11-26 04:35:27.901484] Finished iteration 336, CKPT_AND_STOP: False, flag: tensor([1], dtype=torch.int32), speed: 2695.923
2022-11-26 04:35:27.905982 Begin to save checkpont to s3://spot-checkpoints/bert and exit
Opt ckpt time 3.5717880725860596
Process done with return code 0
Parent process ID: 44869 node: 172.31.16.100
24 cutpoints
Stages 1
Micro-bs 8 Max mem: 14622140211.200005
Predicted microbatch size for 1: 8
comm size 0
GPUS_PER_VM=1 /home/ubuntu/varuna/tools/simulator/simulate-varuna 1 4 0 3598379.5166015625 0
End of simulation:  Mini-batch time (usec) = 4923429
Min send: 10000000, max send 0
Min long send: 10000000, max long send 0
Min fwd: 10000000, max fwd 0; min bwd 10000000, max bwd 0
Min long fwd: 142174, max long fwd 144458; min long bwd 186536, max long bwd 191040
Time taken by simulation: 39 microseconds

Stages 2
Micro-bs 8 Max mem: 7660942131.200001
Predicted microbatch size for 2: 8
comm size 4194304
WARNING: no send time found, 2 partitions
GPUS_PER_VM=1 /home/ubuntu/varuna/tools/simulator/simulate-varuna 2 8 0 954047.119140625 248719.58977934244
End of simulation:  Mini-batch time (usec) = 3096062
Min send: 10000000, max send 0
Min long send: 249051, max long send 268766
Min fwd: 79507, max fwd 86627; min bwd 88131, max bwd 94131
Min long fwd: 58556, max long fwd 63385; min long bwd 92867, max long bwd 97582
Time taken by simulation: 162 microseconds

Stages 3
Micro-bs 8 Max mem: 5497876480.0
Predicted microbatch size for 3: 8
comm size 4194304
WARNING: no send time found, 3 partitions
GPUS_PER_VM=1 /home/ubuntu/varuna/tools/simulator/simulate-varuna 3 13 0 485476.6540527344 248719.58977934244
End of simulation:  Mini-batch time (usec) = 3469734
Min send: 10000000, max send 0
Min long send: 248801, max long send 271185
Min fwd: 34426, max fwd 67951; min bwd 53890, max bwd 64826
Min long fwd: 37108, max long fwd 45662; min long bwd 64919, max long bwd 72155
Time taken by simulation: 457 microseconds

Stages 4
Micro-bs 8 Max mem: 4406266675.2
Predicted microbatch size for 4: 8
comm size 4194304
WARNING: no send time found, 4 partitions
GPUS_PER_VM=1 /home/ubuntu/varuna/tools/simulator/simulate-varuna 4 16 0 364488.09814453125 248719.58977934244
End of simulation:  Mini-batch time (usec) = 3900556
Min send: 10000000, max send 0
Min long send: 248773, max long send 273424
Min fwd: 20622, max fwd 60312; min bwd 40311, max bwd 50179
Min long fwd: 29744, max long fwd 36491; min long bwd 47928, max long bwd 56568
Time taken by simulation: 728 microseconds

Stages 6
Micro-bs 8 Max mem: 3314656870.4
Predicted microbatch size for 6: 8
comm size 4194304
WARNING: no send time found, 6 partitions
GPUS_PER_VM=1 /home/ubuntu/varuna/tools/simulator/simulate-varuna 6 26 0 254962.82958984375 248719.58977934244
End of simulation:  Mini-batch time (usec) = 5944030
Min send: 10000000, max send 0
Min long send: 248735, max long send 278723
Min fwd: 10836, max fwd 44441; min bwd 24199, max bwd 35953
Min long fwd: 21303, max long fwd 29429; min long bwd 33298, max long bwd 40795
Time taken by simulation: 1895 microseconds

Stages 8
Micro-bs 8 Max mem: 2758774988.8
Predicted microbatch size for 8: 8
comm size 4194304
WARNING: no send time found, 8 partitions
GPUS_PER_VM=1 /home/ubuntu/varuna/tools/simulator/simulate-varuna 8 32 0 244280.30395507812 248719.58977934244
End of simulation:  Mini-batch time (usec) = 7674225
Min send: 10000000, max send 0
Min long send: 248719, max long send 278723
Min fwd: 6779, max fwd 41103; min bwd 15994, max bwd 28589
Min long fwd: 18906, max long fwd 26091; min long bwd 25267, max long bwd 32480
Time taken by simulation: 3229 microseconds

Stages 12
Micro-bs 8 Max mem: 2202893107.2
Predicted microbatch size for 12: 8
comm size 4194304
WARNING: no send time found, 12 partitions
GPUS_PER_VM=1 /home/ubuntu/varuna/tools/simulator/simulate-varuna 12 64 0 117116.2109375 248719.58977934244
End of simulation:  Mini-batch time (usec) = 13687683
Min send: 10000000, max send 0
Min long send: 248720, max long send 280797
Min fwd: 141, max fwd 25024; min bwd 6433, max bwd 23373
Min long fwd: 7201, max long fwd 18161; min long bwd 16833, max long bwd 28389
Time taken by simulation: 10503 microseconds

{1: 4.923429, 2: 3.096062, 3: 3.469734, 4: 3.900556, 6: 5.94403, 8: 7.674225, 12: 13.687683}
{1: 8, 2: 8, 3: 8, 4: 8, 6: 8, 8: 8, 12: 8}
best config is: 2 8
expected time is 3.096062
16 per stage
32 servers!
Config:
ranks: range(31, 32)
train batch size: 1024
partitions: 2
chunk_size: 8
data depth: 16
stage to rank map: 0,2,4,6,8,10,12,14,16,18,20,22,24,26,28,30;1,3,5,7,9,11,13,15,17,19,21,23,25,27,29,31;
World size is 32
/opt/conda/envs/varuna/bin/python -u /home/ubuntu/varuna_examples/DeepLearningExamples/PyTorch/LanguageModeling/BERT/run_pretraining.py --rank=31 --chunk_size=8 --local_rank=0 --stage_to_rank_map=0,2,4,6,8,10,12,14,16,18,20,22,24,26,28,30;1,3,5,7,9,11,13,15,17,19,21,23,25,27,29,31; --batch-size=64 --input_dir=/hdf5_lower_case_1_seq_len_128_max_pred_20_masked_lm_prob_0.15_random_seed_12345_dupe_factor_5/wikicorpus_en/ --output_dir=s3://spot-checkpoints/bert --config_file=bert_config.json --bert_model=bert-large-uncased --train_batch_size=1024 --max_seq_length=128 --max_predictions_per_seq=20 --max_steps=7038 --warmup_proportion=0.2843 --num_steps_per_checkpoint=200 --learning_rate=6e-3 --seed=12439 --fp16 --gradient_accumulation_steps=128 --allreduce_post_accumulation --allreduce_post_accumulation_fp16 --do_train --json-summary /home/ubuntu/varuna_examples/DeepLearningExamples/PyTorch/LanguageModeling/BERT/results/dllogger.json --varuna --resume_step 338
device: cuda:0 n_gpu: 1, distributed training: True, 16-bits training: True
dry run time 0.2008342742919922
SHARED WEIGHTS ARE
[(0, 1)]
this rank  31 is part of pipeline replica  15
8 chunks
Begin to load checkpint from s3://spot-checkpoints/bert/ckpt_338.pt
2022-11-26 04:38:37.622771 resume step from  338
2022-11-26 04:39:43.292261 - Finished loading checkpoint, takes 65.640 secs
31 Overflow !!
31 : update_scale(): _has_overflow, dynamic. _loss_scale =  524288.0
[2022-11-26 04:40:09.756337] Finished iteration 338, CKPT_AND_STOP: False, flag: tensor([0], dtype=torch.int32), speed: 5335.273
31 Overflow !!
31 : update_scale(): _has_overflow, dynamic. _loss_scale =  262144.0
[2022-11-26 04:40:12.944489] Finished iteration 339, CKPT_AND_STOP: False, flag: tensor([0], dtype=torch.int32), speed: 3187.865
31 Overflow !!
31 : update_scale(): _has_overflow, dynamic. _loss_scale =  131072.0
[2022-11-26 04:40:16.099230] Finished iteration 340, CKPT_AND_STOP: False, flag: tensor([0], dtype=torch.int32), speed: 3154.701
31 Overflow !!
31 : update_scale(): _has_overflow, dynamic. _loss_scale =  65536.0
[2022-11-26 04:40:19.252554] Finished iteration 341, CKPT_AND_STOP: False, flag: tensor([0], dtype=torch.int32), speed: 3153.291
31 Overflow !!
31 : update_scale(): _has_overflow, dynamic. _loss_scale =  32768.0
[2022-11-26 04:40:21.407449] Finished iteration 342, CKPT_AND_STOP: False, flag: tensor([0], dtype=torch.int32), speed: 2154.796
31 Overflow !!
31 : update_scale(): _has_overflow, dynamic. _loss_scale =  16384.0
[2022-11-26 04:40:23.552509] Finished iteration 343, CKPT_AND_STOP: False, flag: tensor([0], dtype=torch.int32), speed: 2145.008
31 Overflow !!
31 : update_scale(): _has_overflow, dynamic. _loss_scale =  8192.0
[2022-11-26 04:40:25.706115] Finished iteration 344, CKPT_AND_STOP: False, flag: tensor([0], dtype=torch.int32), speed: 2153.583
31 Overflow !!
31 : update_scale(): _has_overflow, dynamic. _loss_scale =  4096.0
[2022-11-26 04:40:27.925575] Finished iteration 345, CKPT_AND_STOP: False, flag: tensor([0], dtype=torch.int32), speed: 2219.398
31 Overflow !!
31 : update_scale(): _has_overflow, dynamic. _loss_scale =  2048.0
[2022-11-26 04:40:30.071616] Finished iteration 346, CKPT_AND_STOP: False, flag: tensor([0], dtype=torch.int32), speed: 2146.008
31 Overflow !!
31 : update_scale(): _has_overflow, dynamic. _loss_scale =  1024.0
[2022-11-26 04:40:32.263978] Finished iteration 347, CKPT_AND_STOP: False, flag: tensor([0], dtype=torch.int32), speed: 2192.361
31 Overflow !!
31 : update_scale(): _has_overflow, dynamic. _loss_scale =  512.0
[2022-11-26 04:40:34.445764] Finished iteration 348, CKPT_AND_STOP: False, flag: tensor([0], dtype=torch.int32), speed: 2181.706
31 Overflow !!
31 : update_scale(): _has_overflow, dynamic. _loss_scale =  256.0
[2022-11-26 04:40:36.630338] Finished iteration 349, CKPT_AND_STOP: False, flag: tensor([0], dtype=torch.int32), speed: 2184.544
31 Overflow !!
31 : update_scale(): _has_overflow, dynamic. _loss_scale =  128.0
[2022-11-26 04:40:38.814878] Finished iteration 350, CKPT_AND_STOP: False, flag: tensor([0], dtype=torch.int32), speed: 2184.523
31 Overflow !!
31 : update_scale(): _has_overflow, dynamic. _loss_scale =  64.0
[2022-11-26 04:40:40.956269] Finished iteration 351, CKPT_AND_STOP: False, flag: tensor([0], dtype=torch.int32), speed: 2141.380
31 Overflow !!
31 : update_scale(): _has_overflow, dynamic. _loss_scale =  32.0
[2022-11-26 04:40:43.116244] Finished iteration 352, CKPT_AND_STOP: False, flag: tensor([0], dtype=torch.int32), speed: 2159.911
31 Overflow !!
31 : update_scale(): _has_overflow, dynamic. _loss_scale =  16.0
[2022-11-26 04:40:45.258131] Finished iteration 353, CKPT_AND_STOP: False, flag: tensor([0], dtype=torch.int32), speed: 2141.884
31 Overflow !!
31 : update_scale(): _has_overflow, dynamic. _loss_scale =  8.0
[2022-11-26 04:40:47.388507] Finished iteration 354, CKPT_AND_STOP: False, flag: tensor([0], dtype=torch.int32), speed: 2130.309
31 Overflow !!
31 : update_scale(): _has_overflow, dynamic. _loss_scale =  4.0
[2022-11-26 04:40:49.528863] Finished iteration 355, CKPT_AND_STOP: False, flag: tensor([0], dtype=torch.int32), speed: 2140.364
31 Overflow !!
31 : update_scale(): _has_overflow, dynamic. _loss_scale =  2.0
[2022-11-26 04:40:51.689251] Finished iteration 356, CKPT_AND_STOP: False, flag: tensor([0], dtype=torch.int32), speed: 2160.334
31 Overflow !!
31 : update_scale(): _has_overflow, dynamic. _loss_scale =  1.0
[2022-11-26 04:40:53.870837] Finished iteration 357, CKPT_AND_STOP: False, flag: tensor([0], dtype=torch.int32), speed: 2181.556
31 Overflow !!
31 : update_scale(): _has_overflow, dynamic. _loss_scale =  1.0
[2022-11-26 04:40:56.056345] Finished iteration 358, CKPT_AND_STOP: False, flag: tensor([0], dtype=torch.int32), speed: 2185.479
31 Overflow !!
31 : update_scale(): _has_overflow, dynamic. _loss_scale =  1.0
[2022-11-26 04:40:58.224559] Finished iteration 359, CKPT_AND_STOP: False, flag: tensor([0], dtype=torch.int32), speed: 2168.185
31 Overflow !!
31 : update_scale(): _has_overflow, dynamic. _loss_scale =  1.0
[2022-11-26 04:41:00.419448] Finished iteration 360, CKPT_AND_STOP: False, flag: tensor([0], dtype=torch.int32), speed: 2194.867
31 Overflow !!
31 : update_scale(): _has_overflow, dynamic. _loss_scale =  1.0
[2022-11-26 04:41:02.581603] Finished iteration 361, CKPT_AND_STOP: False, flag: tensor([0], dtype=torch.int32), speed: 2162.129
31 Overflow !!
31 : update_scale(): _has_overflow, dynamic. _loss_scale =  1.0
[2022-11-26 04:41:04.778438] Finished iteration 362, CKPT_AND_STOP: False, flag: tensor([0], dtype=torch.int32), speed: 2196.798
31 Overflow !!
31 : update_scale(): _has_overflow, dynamic. _loss_scale =  1.0
[2022-11-26 04:41:06.930340] Finished iteration 363, CKPT_AND_STOP: False, flag: tensor([0], dtype=torch.int32), speed: 2151.875
31 Overflow !!
31 : update_scale(): _has_overflow, dynamic. _loss_scale =  1.0
[2022-11-26 04:41:09.109235] Finished iteration 364, CKPT_AND_STOP: False, flag: tensor([0], dtype=torch.int32), speed: 2178.866
31 Overflow !!
31 : update_scale(): _has_overflow, dynamic. _loss_scale =  1.0
[2022-11-26 04:41:11.266270] Finished iteration 365, CKPT_AND_STOP: False, flag: tensor([0], dtype=torch.int32), speed: 2157.007
31 Overflow !!
31 : update_scale(): _has_overflow, dynamic. _loss_scale =  1.0
[2022-11-26 04:41:13.422761] Finished iteration 366, CKPT_AND_STOP: False, flag: tensor([0], dtype=torch.int32), speed: 2156.467
31 Overflow !!
31 : update_scale(): _has_overflow, dynamic. _loss_scale =  1.0
[2022-11-26 04:41:15.916595] Finished iteration 367, CKPT_AND_STOP: False, flag: tensor([0], dtype=torch.int32), speed: 2493.807
31 Overflow !!
31 : update_scale(): _has_overflow, dynamic. _loss_scale =  1.0
[2022-11-26 04:41:18.126915] Finished iteration 368, CKPT_AND_STOP: False, flag: tensor([0], dtype=torch.int32), speed: 2210.296
31 Overflow !!
31 : update_scale(): _has_overflow, dynamic. _loss_scale =  1.0
[2022-11-26 04:41:20.382091] Finished iteration 369, CKPT_AND_STOP: False, flag: tensor([0], dtype=torch.int32), speed: 2255.153
31 Overflow !!
31 : update_scale(): _has_overflow, dynamic. _loss_scale =  1.0
[2022-11-26 04:41:22.519515] Finished iteration 370, CKPT_AND_STOP: False, flag: tensor([0], dtype=torch.int32), speed: 2137.383
31 Overflow !!
31 : update_scale(): _has_overflow, dynamic. _loss_scale =  1.0
[2022-11-26 04:41:24.726956] Finished iteration 371, CKPT_AND_STOP: False, flag: tensor([0], dtype=torch.int32), speed: 2207.414
31 Overflow !!
31 : update_scale(): _has_overflow, dynamic. _loss_scale =  1.0
[2022-11-26 04:41:26.892301] Finished iteration 372, CKPT_AND_STOP: False, flag: tensor([0], dtype=torch.int32), speed: 2165.313
31 Overflow !!
31 : update_scale(): _has_overflow, dynamic. _loss_scale =  1.0
[2022-11-26 04:41:29.090968] Finished iteration 373, CKPT_AND_STOP: False, flag: tensor([0], dtype=torch.int32), speed: 2198.636
31 Overflow !!
31 : update_scale(): _has_overflow, dynamic. _loss_scale =  1.0
[2022-11-26 04:41:31.333642] Finished iteration 374, CKPT_AND_STOP: False, flag: tensor([0], dtype=torch.int32), speed: 2242.646
31 Overflow !!
31 : update_scale(): _has_overflow, dynamic. _loss_scale =  1.0
[2022-11-26 04:41:33.470609] Finished iteration 375, CKPT_AND_STOP: False, flag: tensor([0], dtype=torch.int32), speed: 2136.945
31 Overflow !!
31 : update_scale(): _has_overflow, dynamic. _loss_scale =  1.0
[2022-11-26 04:41:35.668928] Finished iteration 376, CKPT_AND_STOP: False, flag: tensor([0], dtype=torch.int32), speed: 2198.312
31 Overflow !!
31 : update_scale(): _has_overflow, dynamic. _loss_scale =  1.0
[2022-11-26 04:41:37.821959] Finished iteration 377, CKPT_AND_STOP: False, flag: tensor([0], dtype=torch.int32), speed: 2152.977
31 Overflow !!
31 : update_scale(): _has_overflow, dynamic. _loss_scale =  1.0
[2022-11-26 04:41:40.014072] Finished iteration 378, CKPT_AND_STOP: False, flag: tensor([0], dtype=torch.int32), speed: 2192.090
31 Overflow !!
31 : update_scale(): _has_overflow, dynamic. _loss_scale =  1.0
[2022-11-26 04:41:42.397661] Finished iteration 379, CKPT_AND_STOP: False, flag: tensor([0], dtype=torch.int32), speed: 2383.564
31 Overflow !!
31 : update_scale(): _has_overflow, dynamic. _loss_scale =  1.0
[2022-11-26 04:41:44.553245] Finished iteration 380, CKPT_AND_STOP: False, flag: tensor([0], dtype=torch.int32), speed: 2155.551
31 Overflow !!
31 : update_scale(): _has_overflow, dynamic. _loss_scale =  1.0
[2022-11-26 04:41:46.747437] Finished iteration 381, CKPT_AND_STOP: False, flag: tensor([0], dtype=torch.int32), speed: 2194.165
31 Overflow !!
31 : update_scale(): _has_overflow, dynamic. _loss_scale =  1.0
[2022-11-26 04:41:48.888166] Finished iteration 382, CKPT_AND_STOP: False, flag: tensor([0], dtype=torch.int32), speed: 2140.692
31 Overflow !!
31 : update_scale(): _has_overflow, dynamic. _loss_scale =  1.0
[2022-11-26 04:41:51.025607] Finished iteration 383, CKPT_AND_STOP: False, flag: tensor([0], dtype=torch.int32), speed: 2137.425
31 Overflow !!
31 : update_scale(): _has_overflow, dynamic. _loss_scale =  1.0
[2022-11-26 04:41:53.225313] Finished iteration 384, CKPT_AND_STOP: False, flag: tensor([0], dtype=torch.int32), speed: 2199.672
31 Overflow !!
31 : update_scale(): _has_overflow, dynamic. _loss_scale =  1.0
[2022-11-26 04:41:55.422269] Finished iteration 385, CKPT_AND_STOP: False, flag: tensor([0], dtype=torch.int32), speed: 2196.916
31 Overflow !!
31 : update_scale(): _has_overflow, dynamic. _loss_scale =  1.0
[2022-11-26 04:41:57.614244] Finished iteration 386, CKPT_AND_STOP: False, flag: tensor([0], dtype=torch.int32), speed: 2191.953
31 Overflow !!
31 : update_scale(): _has_overflow, dynamic. _loss_scale =  1.0
[2022-11-26 04:41:59.813914] Finished iteration 387, CKPT_AND_STOP: False, flag: tensor([0], dtype=torch.int32), speed: 2199.640
31 Overflow !!
31 : update_scale(): _has_overflow, dynamic. _loss_scale =  1.0
[2022-11-26 04:42:01.970899] Finished iteration 388, CKPT_AND_STOP: False, flag: tensor([0], dtype=torch.int32), speed: 2156.952
31 Overflow !!
31 : update_scale(): _has_overflow, dynamic. _loss_scale =  1.0
[2022-11-26 04:42:04.330832] Finished iteration 389, CKPT_AND_STOP: False, flag: tensor([0], dtype=torch.int32), speed: 2359.916
31 Overflow !!
31 : update_scale(): _has_overflow, dynamic. _loss_scale =  1.0
[2022-11-26 04:42:06.811468] Finished iteration 390, CKPT_AND_STOP: False, flag: tensor([0], dtype=torch.int32), speed: 2480.606
31 Overflow !!
31 : update_scale(): _has_overflow, dynamic. _loss_scale =  1.0
[2022-11-26 04:42:08.972123] Finished iteration 391, CKPT_AND_STOP: False, flag: tensor([0], dtype=torch.int32), speed: 2160.620
31 Overflow !!
31 : update_scale(): _has_overflow, dynamic. _loss_scale =  1.0
[2022-11-26 04:42:11.125019] Finished iteration 392, CKPT_AND_STOP: False, flag: tensor([0], dtype=torch.int32), speed: 2152.906
31 Overflow !!
31 : update_scale(): _has_overflow, dynamic. _loss_scale =  1.0
[2022-11-26 04:42:13.294257] Finished iteration 393, CKPT_AND_STOP: False, flag: tensor([0], dtype=torch.int32), speed: 2169.173
31 Overflow !!
31 : update_scale(): _has_overflow, dynamic. _loss_scale =  1.0
[2022-11-26 04:42:15.460585] Finished iteration 394, CKPT_AND_STOP: False, flag: tensor([0], dtype=torch.int32), speed: 2166.303
31 Overflow !!
31 : update_scale(): _has_overflow, dynamic. _loss_scale =  1.0
[2022-11-26 04:42:17.667454] Finished iteration 395, CKPT_AND_STOP: False, flag: tensor([0], dtype=torch.int32), speed: 2206.875
31 Overflow !!
31 : update_scale(): _has_overflow, dynamic. _loss_scale =  1.0
[2022-11-26 04:42:19.892433] Finished iteration 396, CKPT_AND_STOP: False, flag: tensor([0], dtype=torch.int32), speed: 2224.924
31 Overflow !!
31 : update_scale(): _has_overflow, dynamic. _loss_scale =  1.0
[2022-11-26 04:42:22.078965] Finished iteration 397, CKPT_AND_STOP: False, flag: tensor([0], dtype=torch.int32), speed: 2186.516
31 Overflow !!
31 : update_scale(): _has_overflow, dynamic. _loss_scale =  1.0
[2022-11-26 04:42:24.262387] Finished iteration 398, CKPT_AND_STOP: False, flag: tensor([0], dtype=torch.int32), speed: 2183.345
31 Overflow !!
31 : update_scale(): _has_overflow, dynamic. _loss_scale =  1.0
[2022-11-26 04:42:26.392615] Finished iteration 399, CKPT_AND_STOP: False, flag: tensor([0], dtype=torch.int32), speed: 2130.195
31 Overflow !!
31 : update_scale(): _has_overflow, dynamic. _loss_scale =  1.0
[2022-11-26 04:42:28.600302] Finished iteration 400, CKPT_AND_STOP: False, flag: tensor([0], dtype=torch.int32), speed: 2207.699
31 Overflow !!
31 : update_scale(): _has_overflow, dynamic. _loss_scale =  1.0
[2022-11-26 04:42:30.795620] Finished iteration 401, CKPT_AND_STOP: False, flag: tensor([0], dtype=torch.int32), speed: 2195.245
31 Overflow !!
31 : update_scale(): _has_overflow, dynamic. _loss_scale =  1.0
[2022-11-26 04:42:33.001910] Finished iteration 402, CKPT_AND_STOP: False, flag: tensor([0], dtype=torch.int32), speed: 2206.300
31 Overflow !!
31 : update_scale(): _has_overflow, dynamic. _loss_scale =  1.0
[2022-11-26 04:42:35.167905] Finished iteration 403, CKPT_AND_STOP: False, flag: tensor([0], dtype=torch.int32), speed: 2165.970
31 Overflow !!
31 : update_scale(): _has_overflow, dynamic. _loss_scale =  1.0
[2022-11-26 04:42:37.326297] Finished iteration 404, CKPT_AND_STOP: False, flag: tensor([0], dtype=torch.int32), speed: 2158.354
31 Overflow !!
31 : update_scale(): _has_overflow, dynamic. _loss_scale =  1.0
[2022-11-26 04:42:39.492897] Finished iteration 405, CKPT_AND_STOP: False, flag: tensor([0], dtype=torch.int32), speed: 2166.576
31 Overflow !!
31 : update_scale(): _has_overflow, dynamic. _loss_scale =  1.0
[2022-11-26 04:42:41.666845] Finished iteration 406, CKPT_AND_STOP: False, flag: tensor([0], dtype=torch.int32), speed: 2173.895
31 Overflow !!
31 : update_scale(): _has_overflow, dynamic. _loss_scale =  1.0
[2022-11-26 04:42:43.884974] Finished iteration 407, CKPT_AND_STOP: False, flag: tensor([0], dtype=torch.int32), speed: 2218.076
31 Overflow !!
31 : update_scale(): _has_overflow, dynamic. _loss_scale =  1.0
[2022-11-26 04:42:46.064657] Finished iteration 408, CKPT_AND_STOP: False, flag: tensor([0], dtype=torch.int32), speed: 2179.661
31 Overflow !!
31 : update_scale(): _has_overflow, dynamic. _loss_scale =  1.0
[2022-11-26 04:42:48.273572] Finished iteration 409, CKPT_AND_STOP: False, flag: tensor([0], dtype=torch.int32), speed: 2208.872
31 Overflow !!
31 : update_scale(): _has_overflow, dynamic. _loss_scale =  1.0
[2022-11-26 04:42:50.444653] Finished iteration 410, CKPT_AND_STOP: False, flag: tensor([0], dtype=torch.int32), speed: 2171.051
31 Overflow !!
31 : update_scale(): _has_overflow, dynamic. _loss_scale =  1.0
[2022-11-26 04:42:52.662418] Finished iteration 411, CKPT_AND_STOP: False, flag: tensor([0], dtype=torch.int32), speed: 2217.711
31 Overflow !!
31 : update_scale(): _has_overflow, dynamic. _loss_scale =  1.0
[2022-11-26 04:42:54.866188] Finished iteration 412, CKPT_AND_STOP: False, flag: tensor([0], dtype=torch.int32), speed: 2203.730
31 Overflow !!
31 : update_scale(): _has_overflow, dynamic. _loss_scale =  1.0
[2022-11-26 04:42:57.051947] Finished iteration 413, CKPT_AND_STOP: False, flag: tensor([0], dtype=torch.int32), speed: 2185.707
31 Overflow !!
31 : update_scale(): _has_overflow, dynamic. _loss_scale =  1.0
[2022-11-26 04:42:59.285345] Finished iteration 414, CKPT_AND_STOP: False, flag: tensor([0], dtype=torch.int32), speed: 2233.370
31 Overflow !!
31 : update_scale(): _has_overflow, dynamic. _loss_scale =  1.0
[2022-11-26 04:43:01.436206] Finished iteration 415, CKPT_AND_STOP: False, flag: tensor([0], dtype=torch.int32), speed: 2150.869
31 Overflow !!
31 : update_scale(): _has_overflow, dynamic. _loss_scale =  1.0
[2022-11-26 04:43:03.695370] Finished iteration 416, CKPT_AND_STOP: False, flag: tensor([0], dtype=torch.int32), speed: 2259.124
31 Overflow !!
31 : update_scale(): _has_overflow, dynamic. _loss_scale =  1.0
[2022-11-26 04:43:05.893099] Finished iteration 417, CKPT_AND_STOP: False, flag: tensor([0], dtype=torch.int32), speed: 2197.654
31 Overflow !!
31 : update_scale(): _has_overflow, dynamic. _loss_scale =  1.0
[2022-11-26 04:43:08.075065] Finished iteration 418, CKPT_AND_STOP: False, flag: tensor([0], dtype=torch.int32), speed: 2181.944
31 Overflow !!
31 : update_scale(): _has_overflow, dynamic. _loss_scale =  1.0
[2022-11-26 04:43:10.230543] Finished iteration 419, CKPT_AND_STOP: False, flag: tensor([0], dtype=torch.int32), speed: 2155.446
31 Overflow !!
31 : update_scale(): _has_overflow, dynamic. _loss_scale =  1.0
[2022-11-26 04:43:12.435581] Finished iteration 420, CKPT_AND_STOP: False, flag: tensor([0], dtype=torch.int32), speed: 2205.008
31 Overflow !!
31 : update_scale(): _has_overflow, dynamic. _loss_scale =  1.0
[2022-11-26 04:43:14.570983] Finished iteration 421, CKPT_AND_STOP: False, flag: tensor([0], dtype=torch.int32), speed: 2135.384
31 Overflow !!
31 : update_scale(): _has_overflow, dynamic. _loss_scale =  1.0
[2022-11-26 04:43:16.792903] Finished iteration 422, CKPT_AND_STOP: False, flag: tensor([0], dtype=torch.int32), speed: 2221.906
31 Overflow !!
31 : update_scale(): _has_overflow, dynamic. _loss_scale =  1.0
[2022-11-26 04:43:19.001023] Finished iteration 423, CKPT_AND_STOP: False, flag: tensor([0], dtype=torch.int32), speed: 2208.100
31 Overflow !!
31 : update_scale(): _has_overflow, dynamic. _loss_scale =  1.0
[2022-11-26 04:43:21.190629] Finished iteration 424, CKPT_AND_STOP: False, flag: tensor([0], dtype=torch.int32), speed: 2189.558
31 Overflow !!
31 : update_scale(): _has_overflow, dynamic. _loss_scale =  1.0
[2022-11-26 04:43:23.374198] Finished iteration 425, CKPT_AND_STOP: False, flag: tensor([0], dtype=torch.int32), speed: 2183.568
31 Overflow !!
31 : update_scale(): _has_overflow, dynamic. _loss_scale =  1.0
[2022-11-26 04:43:25.546382] Finished iteration 426, CKPT_AND_STOP: False, flag: tensor([0], dtype=torch.int32), speed: 2172.135
31 Overflow !!
31 : update_scale(): _has_overflow, dynamic. _loss_scale =  1.0
[2022-11-26 04:43:27.733594] Finished iteration 427, CKPT_AND_STOP: False, flag: tensor([1], dtype=torch.int32), speed: 2187.188
2022-11-26 04:43:27.738074 Begin to save checkpont to s3://spot-checkpoints/bert and exit
Opt ckpt time 3.613105535507202
Process done with return code 0
